[2023-02-12 11:30:56,403] {processor.py:163} INFO - Started process (PID=1393) to work on /usr/local/conda/lib/python3.7/site-packages/airflow/example_dags/example_xcom.py
[2023-02-12 11:30:56,406] {processor.py:642} INFO - Processing file /usr/local/conda/lib/python3.7/site-packages/airflow/example_dags/example_xcom.py for tasks to queue
[2023-02-12 11:30:56,408] {logging_mixin.py:109} INFO - [2023-02-12 11:30:56,407] {dagbag.py:500} INFO - Filling up the DagBag from /usr/local/conda/lib/python3.7/site-packages/airflow/example_dags/example_xcom.py
[2023-02-12 11:30:56,517] {processor.py:652} INFO - DAG(s) dict_keys(['example_xcom']) retrieved from /usr/local/conda/lib/python3.7/site-packages/airflow/example_dags/example_xcom.py
[2023-02-12 11:30:57,441] {logging_mixin.py:109} INFO - [2023-02-12 11:30:57,441] {dag.py:2398} INFO - Sync 1 DAGs
[2023-02-12 11:30:57,462] {logging_mixin.py:109} INFO - [2023-02-12 11:30:57,462] {dag.py:2937} INFO - Setting next_dagrun for example_xcom to 2021-01-01T00:00:00+00:00
[2023-02-12 11:30:57,502] {processor.py:171} INFO - Processing /usr/local/conda/lib/python3.7/site-packages/airflow/example_dags/example_xcom.py took 1.105 seconds
[2023-02-12 11:31:57,597] {processor.py:163} INFO - Started process (PID=1438) to work on /usr/local/conda/lib/python3.7/site-packages/airflow/example_dags/example_xcom.py
[2023-02-12 11:31:57,601] {processor.py:642} INFO - Processing file /usr/local/conda/lib/python3.7/site-packages/airflow/example_dags/example_xcom.py for tasks to queue
[2023-02-12 11:31:57,603] {logging_mixin.py:109} INFO - [2023-02-12 11:31:57,603] {dagbag.py:500} INFO - Filling up the DagBag from /usr/local/conda/lib/python3.7/site-packages/airflow/example_dags/example_xcom.py
[2023-02-12 11:31:57,654] {processor.py:652} INFO - DAG(s) dict_keys(['example_xcom']) retrieved from /usr/local/conda/lib/python3.7/site-packages/airflow/example_dags/example_xcom.py
[2023-02-12 11:31:58,029] {logging_mixin.py:109} INFO - [2023-02-12 11:31:58,029] {dag.py:2398} INFO - Sync 1 DAGs
[2023-02-12 11:31:58,059] {logging_mixin.py:109} INFO - [2023-02-12 11:31:58,059] {dag.py:2937} INFO - Setting next_dagrun for example_xcom to 2021-01-01T00:00:00+00:00
[2023-02-12 11:31:58,093] {processor.py:171} INFO - Processing /usr/local/conda/lib/python3.7/site-packages/airflow/example_dags/example_xcom.py took 0.502 seconds
[2023-02-12 11:33:19,494] {processor.py:163} INFO - Started process (PID=1585) to work on /usr/local/conda/lib/python3.7/site-packages/airflow/example_dags/example_xcom.py
[2023-02-12 11:33:19,521] {processor.py:642} INFO - Processing file /usr/local/conda/lib/python3.7/site-packages/airflow/example_dags/example_xcom.py for tasks to queue
[2023-02-12 11:33:19,525] {logging_mixin.py:109} INFO - [2023-02-12 11:33:19,524] {dagbag.py:500} INFO - Filling up the DagBag from /usr/local/conda/lib/python3.7/site-packages/airflow/example_dags/example_xcom.py
[2023-02-12 11:33:19,696] {processor.py:652} INFO - DAG(s) dict_keys(['example_xcom']) retrieved from /usr/local/conda/lib/python3.7/site-packages/airflow/example_dags/example_xcom.py
[2023-02-12 11:33:20,249] {logging_mixin.py:109} INFO - [2023-02-12 11:33:20,249] {dag.py:2398} INFO - Sync 1 DAGs
[2023-02-12 11:33:20,275] {logging_mixin.py:109} INFO - [2023-02-12 11:33:20,275] {dag.py:2937} INFO - Setting next_dagrun for example_xcom to 2021-01-01T00:00:00+00:00
[2023-02-12 11:33:20,574] {processor.py:171} INFO - Processing /usr/local/conda/lib/python3.7/site-packages/airflow/example_dags/example_xcom.py took 1.094 seconds
[2023-02-12 11:34:13,415] {processor.py:163} INFO - Started process (PID=1619) to work on /usr/local/conda/lib/python3.7/site-packages/airflow/example_dags/example_xcom.py
[2023-02-12 11:34:13,421] {processor.py:642} INFO - Processing file /usr/local/conda/lib/python3.7/site-packages/airflow/example_dags/example_xcom.py for tasks to queue
[2023-02-12 11:34:13,423] {logging_mixin.py:109} INFO - [2023-02-12 11:34:13,422] {dagbag.py:500} INFO - Filling up the DagBag from /usr/local/conda/lib/python3.7/site-packages/airflow/example_dags/example_xcom.py
[2023-02-12 11:34:13,488] {processor.py:652} INFO - DAG(s) dict_keys(['example_xcom']) retrieved from /usr/local/conda/lib/python3.7/site-packages/airflow/example_dags/example_xcom.py
[2023-02-12 11:34:13,985] {logging_mixin.py:109} INFO - [2023-02-12 11:34:13,985] {dag.py:2398} INFO - Sync 1 DAGs
[2023-02-12 11:34:14,025] {logging_mixin.py:109} INFO - [2023-02-12 11:34:14,024] {dag.py:2937} INFO - Setting next_dagrun for example_xcom to 2021-01-01T00:00:00+00:00
[2023-02-12 11:34:14,081] {processor.py:171} INFO - Processing /usr/local/conda/lib/python3.7/site-packages/airflow/example_dags/example_xcom.py took 0.675 seconds
[2023-02-12 11:36:34,661] {processor.py:163} INFO - Started process (PID=1681) to work on /usr/local/conda/lib/python3.7/site-packages/airflow/example_dags/example_xcom.py
[2023-02-12 11:36:34,686] {processor.py:642} INFO - Processing file /usr/local/conda/lib/python3.7/site-packages/airflow/example_dags/example_xcom.py for tasks to queue
[2023-02-12 11:36:34,705] {logging_mixin.py:109} INFO - [2023-02-12 11:36:34,704] {dagbag.py:500} INFO - Filling up the DagBag from /usr/local/conda/lib/python3.7/site-packages/airflow/example_dags/example_xcom.py
[2023-02-12 11:36:34,837] {processor.py:652} INFO - DAG(s) dict_keys(['example_xcom']) retrieved from /usr/local/conda/lib/python3.7/site-packages/airflow/example_dags/example_xcom.py
[2023-02-12 11:36:35,222] {logging_mixin.py:109} INFO - [2023-02-12 11:36:35,222] {dag.py:2398} INFO - Sync 1 DAGs
[2023-02-12 11:36:35,249] {logging_mixin.py:109} INFO - [2023-02-12 11:36:35,249] {dag.py:2937} INFO - Setting next_dagrun for example_xcom to 2021-01-01T00:00:00+00:00
[2023-02-12 11:36:35,522] {processor.py:171} INFO - Processing /usr/local/conda/lib/python3.7/site-packages/airflow/example_dags/example_xcom.py took 0.922 seconds
[2023-02-12 11:37:34,721] {processor.py:163} INFO - Started process (PID=1715) to work on /usr/local/conda/lib/python3.7/site-packages/airflow/example_dags/example_xcom.py
[2023-02-12 11:37:34,764] {processor.py:642} INFO - Processing file /usr/local/conda/lib/python3.7/site-packages/airflow/example_dags/example_xcom.py for tasks to queue
[2023-02-12 11:37:34,769] {logging_mixin.py:109} INFO - [2023-02-12 11:37:34,768] {dagbag.py:500} INFO - Filling up the DagBag from /usr/local/conda/lib/python3.7/site-packages/airflow/example_dags/example_xcom.py
[2023-02-12 11:37:34,896] {processor.py:652} INFO - DAG(s) dict_keys(['example_xcom']) retrieved from /usr/local/conda/lib/python3.7/site-packages/airflow/example_dags/example_xcom.py
[2023-02-12 11:37:35,370] {logging_mixin.py:109} INFO - [2023-02-12 11:37:35,370] {dag.py:2398} INFO - Sync 1 DAGs
[2023-02-12 11:37:35,392] {logging_mixin.py:109} INFO - [2023-02-12 11:37:35,392] {dag.py:2937} INFO - Setting next_dagrun for example_xcom to 2021-01-01T00:00:00+00:00
[2023-02-12 11:37:35,502] {processor.py:171} INFO - Processing /usr/local/conda/lib/python3.7/site-packages/airflow/example_dags/example_xcom.py took 0.796 seconds
[2023-02-12 11:38:35,484] {processor.py:163} INFO - Started process (PID=1750) to work on /usr/local/conda/lib/python3.7/site-packages/airflow/example_dags/example_xcom.py
[2023-02-12 11:38:35,499] {processor.py:642} INFO - Processing file /usr/local/conda/lib/python3.7/site-packages/airflow/example_dags/example_xcom.py for tasks to queue
[2023-02-12 11:38:35,506] {logging_mixin.py:109} INFO - [2023-02-12 11:38:35,505] {dagbag.py:500} INFO - Filling up the DagBag from /usr/local/conda/lib/python3.7/site-packages/airflow/example_dags/example_xcom.py
[2023-02-12 11:38:35,587] {processor.py:652} INFO - DAG(s) dict_keys(['example_xcom']) retrieved from /usr/local/conda/lib/python3.7/site-packages/airflow/example_dags/example_xcom.py
[2023-02-12 11:38:35,917] {logging_mixin.py:109} INFO - [2023-02-12 11:38:35,917] {dag.py:2398} INFO - Sync 1 DAGs
[2023-02-12 11:38:35,937] {logging_mixin.py:109} INFO - [2023-02-12 11:38:35,937] {dag.py:2937} INFO - Setting next_dagrun for example_xcom to 2021-01-01T00:00:00+00:00
[2023-02-12 11:38:36,380] {processor.py:171} INFO - Processing /usr/local/conda/lib/python3.7/site-packages/airflow/example_dags/example_xcom.py took 0.912 seconds
[2023-02-12 11:39:37,074] {processor.py:163} INFO - Started process (PID=1784) to work on /usr/local/conda/lib/python3.7/site-packages/airflow/example_dags/example_xcom.py
[2023-02-12 11:39:37,087] {processor.py:642} INFO - Processing file /usr/local/conda/lib/python3.7/site-packages/airflow/example_dags/example_xcom.py for tasks to queue
[2023-02-12 11:39:37,096] {logging_mixin.py:109} INFO - [2023-02-12 11:39:37,095] {dagbag.py:500} INFO - Filling up the DagBag from /usr/local/conda/lib/python3.7/site-packages/airflow/example_dags/example_xcom.py
[2023-02-12 11:39:37,175] {processor.py:652} INFO - DAG(s) dict_keys(['example_xcom']) retrieved from /usr/local/conda/lib/python3.7/site-packages/airflow/example_dags/example_xcom.py
[2023-02-12 11:39:37,487] {logging_mixin.py:109} INFO - [2023-02-12 11:39:37,487] {dag.py:2398} INFO - Sync 1 DAGs
[2023-02-12 11:39:37,507] {logging_mixin.py:109} INFO - [2023-02-12 11:39:37,507] {dag.py:2937} INFO - Setting next_dagrun for example_xcom to 2021-01-01T00:00:00+00:00
[2023-02-12 11:39:38,250] {processor.py:171} INFO - Processing /usr/local/conda/lib/python3.7/site-packages/airflow/example_dags/example_xcom.py took 1.191 seconds
[2023-02-12 11:40:29,973] {processor.py:163} INFO - Started process (PID=1821) to work on /usr/local/conda/lib/python3.7/site-packages/airflow/example_dags/example_xcom.py
[2023-02-12 11:40:29,980] {processor.py:642} INFO - Processing file /usr/local/conda/lib/python3.7/site-packages/airflow/example_dags/example_xcom.py for tasks to queue
[2023-02-12 11:40:29,982] {logging_mixin.py:109} INFO - [2023-02-12 11:40:29,982] {dagbag.py:500} INFO - Filling up the DagBag from /usr/local/conda/lib/python3.7/site-packages/airflow/example_dags/example_xcom.py
[2023-02-12 11:40:30,027] {processor.py:652} INFO - DAG(s) dict_keys(['example_xcom']) retrieved from /usr/local/conda/lib/python3.7/site-packages/airflow/example_dags/example_xcom.py
[2023-02-12 11:40:30,690] {logging_mixin.py:109} INFO - [2023-02-12 11:40:30,689] {dag.py:2398} INFO - Sync 1 DAGs
[2023-02-12 11:40:30,710] {logging_mixin.py:109} INFO - [2023-02-12 11:40:30,710] {dag.py:2937} INFO - Setting next_dagrun for example_xcom to 2021-01-01T00:00:00+00:00
[2023-02-12 11:40:30,866] {processor.py:171} INFO - Processing /usr/local/conda/lib/python3.7/site-packages/airflow/example_dags/example_xcom.py took 0.899 seconds
[2023-02-12 11:41:33,342] {processor.py:163} INFO - Started process (PID=1864) to work on /usr/local/conda/lib/python3.7/site-packages/airflow/example_dags/example_xcom.py
[2023-02-12 11:41:33,372] {processor.py:642} INFO - Processing file /usr/local/conda/lib/python3.7/site-packages/airflow/example_dags/example_xcom.py for tasks to queue
[2023-02-12 11:41:33,388] {logging_mixin.py:109} INFO - [2023-02-12 11:41:33,387] {dagbag.py:500} INFO - Filling up the DagBag from /usr/local/conda/lib/python3.7/site-packages/airflow/example_dags/example_xcom.py
[2023-02-12 11:41:33,527] {processor.py:652} INFO - DAG(s) dict_keys(['example_xcom']) retrieved from /usr/local/conda/lib/python3.7/site-packages/airflow/example_dags/example_xcom.py
[2023-02-12 11:41:34,124] {logging_mixin.py:109} INFO - [2023-02-12 11:41:34,124] {dag.py:2398} INFO - Sync 1 DAGs
[2023-02-12 11:41:34,147] {logging_mixin.py:109} INFO - [2023-02-12 11:41:34,147] {dag.py:2937} INFO - Setting next_dagrun for example_xcom to 2021-01-01T00:00:00+00:00
[2023-02-12 11:41:34,197] {processor.py:171} INFO - Processing /usr/local/conda/lib/python3.7/site-packages/airflow/example_dags/example_xcom.py took 0.865 seconds
[2023-02-12 11:42:21,112] {processor.py:163} INFO - Started process (PID=1901) to work on /usr/local/conda/lib/python3.7/site-packages/airflow/example_dags/example_xcom.py
[2023-02-12 11:42:21,117] {processor.py:642} INFO - Processing file /usr/local/conda/lib/python3.7/site-packages/airflow/example_dags/example_xcom.py for tasks to queue
[2023-02-12 11:42:21,119] {logging_mixin.py:109} INFO - [2023-02-12 11:42:21,119] {dagbag.py:500} INFO - Filling up the DagBag from /usr/local/conda/lib/python3.7/site-packages/airflow/example_dags/example_xcom.py
[2023-02-12 11:42:21,158] {processor.py:652} INFO - DAG(s) dict_keys(['example_xcom']) retrieved from /usr/local/conda/lib/python3.7/site-packages/airflow/example_dags/example_xcom.py
[2023-02-12 11:42:21,498] {logging_mixin.py:109} INFO - [2023-02-12 11:42:21,497] {dag.py:2398} INFO - Sync 1 DAGs
[2023-02-12 11:42:21,519] {logging_mixin.py:109} INFO - [2023-02-12 11:42:21,519] {dag.py:2937} INFO - Setting next_dagrun for example_xcom to 2021-01-01T00:00:00+00:00
[2023-02-12 11:42:21,561] {processor.py:171} INFO - Processing /usr/local/conda/lib/python3.7/site-packages/airflow/example_dags/example_xcom.py took 0.457 seconds
[2023-02-12 11:43:09,555] {processor.py:163} INFO - Started process (PID=1936) to work on /usr/local/conda/lib/python3.7/site-packages/airflow/example_dags/example_xcom.py
[2023-02-12 11:43:09,585] {processor.py:642} INFO - Processing file /usr/local/conda/lib/python3.7/site-packages/airflow/example_dags/example_xcom.py for tasks to queue
[2023-02-12 11:43:09,587] {logging_mixin.py:109} INFO - [2023-02-12 11:43:09,586] {dagbag.py:500} INFO - Filling up the DagBag from /usr/local/conda/lib/python3.7/site-packages/airflow/example_dags/example_xcom.py
[2023-02-12 11:43:09,615] {processor.py:652} INFO - DAG(s) dict_keys(['example_xcom']) retrieved from /usr/local/conda/lib/python3.7/site-packages/airflow/example_dags/example_xcom.py
[2023-02-12 11:43:09,922] {logging_mixin.py:109} INFO - [2023-02-12 11:43:09,921] {dag.py:2398} INFO - Sync 1 DAGs
[2023-02-12 11:43:09,956] {logging_mixin.py:109} INFO - [2023-02-12 11:43:09,956] {dag.py:2937} INFO - Setting next_dagrun for example_xcom to 2021-01-01T00:00:00+00:00
[2023-02-12 11:43:10,052] {processor.py:171} INFO - Processing /usr/local/conda/lib/python3.7/site-packages/airflow/example_dags/example_xcom.py took 0.500 seconds
[2023-02-12 11:44:02,376] {processor.py:163} INFO - Started process (PID=1974) to work on /usr/local/conda/lib/python3.7/site-packages/airflow/example_dags/example_xcom.py
[2023-02-12 11:44:02,386] {processor.py:642} INFO - Processing file /usr/local/conda/lib/python3.7/site-packages/airflow/example_dags/example_xcom.py for tasks to queue
[2023-02-12 11:44:02,395] {logging_mixin.py:109} INFO - [2023-02-12 11:44:02,395] {dagbag.py:500} INFO - Filling up the DagBag from /usr/local/conda/lib/python3.7/site-packages/airflow/example_dags/example_xcom.py
[2023-02-12 11:44:02,512] {processor.py:652} INFO - DAG(s) dict_keys(['example_xcom']) retrieved from /usr/local/conda/lib/python3.7/site-packages/airflow/example_dags/example_xcom.py
[2023-02-12 11:44:03,118] {logging_mixin.py:109} INFO - [2023-02-12 11:44:03,118] {dag.py:2398} INFO - Sync 1 DAGs
[2023-02-12 11:44:03,178] {logging_mixin.py:109} INFO - [2023-02-12 11:44:03,178] {dag.py:2937} INFO - Setting next_dagrun for example_xcom to 2021-01-01T00:00:00+00:00
[2023-02-12 11:44:03,286] {processor.py:171} INFO - Processing /usr/local/conda/lib/python3.7/site-packages/airflow/example_dags/example_xcom.py took 0.928 seconds
[2023-02-12 11:44:54,070] {processor.py:163} INFO - Started process (PID=2011) to work on /usr/local/conda/lib/python3.7/site-packages/airflow/example_dags/example_xcom.py
[2023-02-12 11:44:54,078] {processor.py:642} INFO - Processing file /usr/local/conda/lib/python3.7/site-packages/airflow/example_dags/example_xcom.py for tasks to queue
[2023-02-12 11:44:54,080] {logging_mixin.py:109} INFO - [2023-02-12 11:44:54,080] {dagbag.py:500} INFO - Filling up the DagBag from /usr/local/conda/lib/python3.7/site-packages/airflow/example_dags/example_xcom.py
[2023-02-12 11:44:54,161] {processor.py:652} INFO - DAG(s) dict_keys(['example_xcom']) retrieved from /usr/local/conda/lib/python3.7/site-packages/airflow/example_dags/example_xcom.py
[2023-02-12 11:44:54,738] {logging_mixin.py:109} INFO - [2023-02-12 11:44:54,738] {dag.py:2398} INFO - Sync 1 DAGs
[2023-02-12 11:44:54,799] {logging_mixin.py:109} INFO - [2023-02-12 11:44:54,798] {dag.py:2937} INFO - Setting next_dagrun for example_xcom to 2021-01-01T00:00:00+00:00
[2023-02-12 11:44:54,925] {processor.py:171} INFO - Processing /usr/local/conda/lib/python3.7/site-packages/airflow/example_dags/example_xcom.py took 0.872 seconds
[2023-02-12 11:45:53,690] {processor.py:163} INFO - Started process (PID=2051) to work on /usr/local/conda/lib/python3.7/site-packages/airflow/example_dags/example_xcom.py
[2023-02-12 11:45:53,702] {processor.py:642} INFO - Processing file /usr/local/conda/lib/python3.7/site-packages/airflow/example_dags/example_xcom.py for tasks to queue
[2023-02-12 11:45:53,704] {logging_mixin.py:109} INFO - [2023-02-12 11:45:53,704] {dagbag.py:500} INFO - Filling up the DagBag from /usr/local/conda/lib/python3.7/site-packages/airflow/example_dags/example_xcom.py
[2023-02-12 11:45:53,805] {processor.py:652} INFO - DAG(s) dict_keys(['example_xcom']) retrieved from /usr/local/conda/lib/python3.7/site-packages/airflow/example_dags/example_xcom.py
[2023-02-12 11:45:54,425] {logging_mixin.py:109} INFO - [2023-02-12 11:45:54,424] {dag.py:2398} INFO - Sync 1 DAGs
[2023-02-12 11:45:54,479] {logging_mixin.py:109} INFO - [2023-02-12 11:45:54,479] {dag.py:2937} INFO - Setting next_dagrun for example_xcom to 2021-01-01T00:00:00+00:00
[2023-02-12 11:45:54,623] {processor.py:171} INFO - Processing /usr/local/conda/lib/python3.7/site-packages/airflow/example_dags/example_xcom.py took 0.949 seconds
[2023-02-12 11:46:53,433] {processor.py:163} INFO - Started process (PID=2092) to work on /usr/local/conda/lib/python3.7/site-packages/airflow/example_dags/example_xcom.py
[2023-02-12 11:46:53,437] {processor.py:642} INFO - Processing file /usr/local/conda/lib/python3.7/site-packages/airflow/example_dags/example_xcom.py for tasks to queue
[2023-02-12 11:46:53,440] {logging_mixin.py:109} INFO - [2023-02-12 11:46:53,440] {dagbag.py:500} INFO - Filling up the DagBag from /usr/local/conda/lib/python3.7/site-packages/airflow/example_dags/example_xcom.py
[2023-02-12 11:46:53,486] {processor.py:652} INFO - DAG(s) dict_keys(['example_xcom']) retrieved from /usr/local/conda/lib/python3.7/site-packages/airflow/example_dags/example_xcom.py
[2023-02-12 11:46:53,854] {logging_mixin.py:109} INFO - [2023-02-12 11:46:53,852] {dag.py:2398} INFO - Sync 1 DAGs
[2023-02-12 11:46:53,881] {logging_mixin.py:109} INFO - [2023-02-12 11:46:53,880] {dag.py:2937} INFO - Setting next_dagrun for example_xcom to 2021-01-01T00:00:00+00:00
[2023-02-12 11:46:53,934] {processor.py:171} INFO - Processing /usr/local/conda/lib/python3.7/site-packages/airflow/example_dags/example_xcom.py took 0.508 seconds
[2023-02-12 11:47:43,274] {processor.py:163} INFO - Started process (PID=2128) to work on /usr/local/conda/lib/python3.7/site-packages/airflow/example_dags/example_xcom.py
[2023-02-12 11:47:43,287] {processor.py:642} INFO - Processing file /usr/local/conda/lib/python3.7/site-packages/airflow/example_dags/example_xcom.py for tasks to queue
[2023-02-12 11:47:43,318] {logging_mixin.py:109} INFO - [2023-02-12 11:47:43,317] {dagbag.py:500} INFO - Filling up the DagBag from /usr/local/conda/lib/python3.7/site-packages/airflow/example_dags/example_xcom.py
[2023-02-12 11:47:43,392] {processor.py:652} INFO - DAG(s) dict_keys(['example_xcom']) retrieved from /usr/local/conda/lib/python3.7/site-packages/airflow/example_dags/example_xcom.py
[2023-02-12 11:47:43,942] {logging_mixin.py:109} INFO - [2023-02-12 11:47:43,942] {dag.py:2398} INFO - Sync 1 DAGs
[2023-02-12 11:47:44,013] {logging_mixin.py:109} INFO - [2023-02-12 11:47:44,013] {dag.py:2937} INFO - Setting next_dagrun for example_xcom to 2021-01-01T00:00:00+00:00
[2023-02-12 11:47:44,114] {processor.py:171} INFO - Processing /usr/local/conda/lib/python3.7/site-packages/airflow/example_dags/example_xcom.py took 0.858 seconds
[2023-02-12 11:48:35,582] {processor.py:163} INFO - Started process (PID=2170) to work on /usr/local/conda/lib/python3.7/site-packages/airflow/example_dags/example_xcom.py
[2023-02-12 11:48:35,587] {processor.py:642} INFO - Processing file /usr/local/conda/lib/python3.7/site-packages/airflow/example_dags/example_xcom.py for tasks to queue
[2023-02-12 11:48:35,588] {logging_mixin.py:109} INFO - [2023-02-12 11:48:35,588] {dagbag.py:500} INFO - Filling up the DagBag from /usr/local/conda/lib/python3.7/site-packages/airflow/example_dags/example_xcom.py
[2023-02-12 11:48:35,630] {processor.py:652} INFO - DAG(s) dict_keys(['example_xcom']) retrieved from /usr/local/conda/lib/python3.7/site-packages/airflow/example_dags/example_xcom.py
[2023-02-12 11:48:35,962] {logging_mixin.py:109} INFO - [2023-02-12 11:48:35,962] {dag.py:2398} INFO - Sync 1 DAGs
[2023-02-12 11:48:35,984] {logging_mixin.py:109} INFO - [2023-02-12 11:48:35,984] {dag.py:2937} INFO - Setting next_dagrun for example_xcom to 2021-01-01T00:00:00+00:00
[2023-02-12 11:48:36,026] {processor.py:171} INFO - Processing /usr/local/conda/lib/python3.7/site-packages/airflow/example_dags/example_xcom.py took 0.450 seconds
[2023-02-12 11:49:20,340] {processor.py:163} INFO - Started process (PID=2204) to work on /usr/local/conda/lib/python3.7/site-packages/airflow/example_dags/example_xcom.py
[2023-02-12 11:49:20,355] {processor.py:642} INFO - Processing file /usr/local/conda/lib/python3.7/site-packages/airflow/example_dags/example_xcom.py for tasks to queue
[2023-02-12 11:49:20,357] {logging_mixin.py:109} INFO - [2023-02-12 11:49:20,357] {dagbag.py:500} INFO - Filling up the DagBag from /usr/local/conda/lib/python3.7/site-packages/airflow/example_dags/example_xcom.py
[2023-02-12 11:49:20,450] {processor.py:652} INFO - DAG(s) dict_keys(['example_xcom']) retrieved from /usr/local/conda/lib/python3.7/site-packages/airflow/example_dags/example_xcom.py
[2023-02-12 11:49:21,091] {logging_mixin.py:109} INFO - [2023-02-12 11:49:21,091] {dag.py:2398} INFO - Sync 1 DAGs
[2023-02-12 11:49:21,134] {logging_mixin.py:109} INFO - [2023-02-12 11:49:21,134] {dag.py:2937} INFO - Setting next_dagrun for example_xcom to 2021-01-01T00:00:00+00:00
[2023-02-12 11:49:21,201] {processor.py:171} INFO - Processing /usr/local/conda/lib/python3.7/site-packages/airflow/example_dags/example_xcom.py took 0.870 seconds
[2023-02-12 11:50:06,218] {processor.py:163} INFO - Started process (PID=2243) to work on /usr/local/conda/lib/python3.7/site-packages/airflow/example_dags/example_xcom.py
[2023-02-12 11:50:06,225] {processor.py:642} INFO - Processing file /usr/local/conda/lib/python3.7/site-packages/airflow/example_dags/example_xcom.py for tasks to queue
[2023-02-12 11:50:06,229] {logging_mixin.py:109} INFO - [2023-02-12 11:50:06,229] {dagbag.py:500} INFO - Filling up the DagBag from /usr/local/conda/lib/python3.7/site-packages/airflow/example_dags/example_xcom.py
[2023-02-12 11:50:06,274] {processor.py:652} INFO - DAG(s) dict_keys(['example_xcom']) retrieved from /usr/local/conda/lib/python3.7/site-packages/airflow/example_dags/example_xcom.py
[2023-02-12 11:50:06,629] {logging_mixin.py:109} INFO - [2023-02-12 11:50:06,629] {dag.py:2398} INFO - Sync 1 DAGs
[2023-02-12 11:50:06,652] {logging_mixin.py:109} INFO - [2023-02-12 11:50:06,652] {dag.py:2937} INFO - Setting next_dagrun for example_xcom to 2021-01-01T00:00:00+00:00
[2023-02-12 11:50:06,697] {processor.py:171} INFO - Processing /usr/local/conda/lib/python3.7/site-packages/airflow/example_dags/example_xcom.py took 0.486 seconds
[2023-02-12 11:50:52,656] {processor.py:163} INFO - Started process (PID=2281) to work on /usr/local/conda/lib/python3.7/site-packages/airflow/example_dags/example_xcom.py
[2023-02-12 11:50:52,660] {processor.py:642} INFO - Processing file /usr/local/conda/lib/python3.7/site-packages/airflow/example_dags/example_xcom.py for tasks to queue
[2023-02-12 11:50:52,662] {logging_mixin.py:109} INFO - [2023-02-12 11:50:52,662] {dagbag.py:500} INFO - Filling up the DagBag from /usr/local/conda/lib/python3.7/site-packages/airflow/example_dags/example_xcom.py
[2023-02-12 11:50:52,712] {processor.py:652} INFO - DAG(s) dict_keys(['example_xcom']) retrieved from /usr/local/conda/lib/python3.7/site-packages/airflow/example_dags/example_xcom.py
[2023-02-12 11:50:53,131] {logging_mixin.py:109} INFO - [2023-02-12 11:50:53,131] {dag.py:2398} INFO - Sync 1 DAGs
[2023-02-12 11:50:53,158] {logging_mixin.py:109} INFO - [2023-02-12 11:50:53,158] {dag.py:2937} INFO - Setting next_dagrun for example_xcom to 2021-01-01T00:00:00+00:00
[2023-02-12 11:50:53,195] {processor.py:171} INFO - Processing /usr/local/conda/lib/python3.7/site-packages/airflow/example_dags/example_xcom.py took 0.545 seconds
[2023-02-12 11:51:38,703] {processor.py:163} INFO - Started process (PID=2319) to work on /usr/local/conda/lib/python3.7/site-packages/airflow/example_dags/example_xcom.py
[2023-02-12 11:51:38,707] {processor.py:642} INFO - Processing file /usr/local/conda/lib/python3.7/site-packages/airflow/example_dags/example_xcom.py for tasks to queue
[2023-02-12 11:51:38,709] {logging_mixin.py:109} INFO - [2023-02-12 11:51:38,709] {dagbag.py:500} INFO - Filling up the DagBag from /usr/local/conda/lib/python3.7/site-packages/airflow/example_dags/example_xcom.py
[2023-02-12 11:51:38,752] {processor.py:652} INFO - DAG(s) dict_keys(['example_xcom']) retrieved from /usr/local/conda/lib/python3.7/site-packages/airflow/example_dags/example_xcom.py
[2023-02-12 11:51:39,127] {logging_mixin.py:109} INFO - [2023-02-12 11:51:39,127] {dag.py:2398} INFO - Sync 1 DAGs
[2023-02-12 11:51:39,150] {logging_mixin.py:109} INFO - [2023-02-12 11:51:39,150] {dag.py:2937} INFO - Setting next_dagrun for example_xcom to 2021-01-01T00:00:00+00:00
[2023-02-12 11:51:39,184] {processor.py:171} INFO - Processing /usr/local/conda/lib/python3.7/site-packages/airflow/example_dags/example_xcom.py took 0.487 seconds
[2023-02-12 11:52:23,245] {processor.py:163} INFO - Started process (PID=2356) to work on /usr/local/conda/lib/python3.7/site-packages/airflow/example_dags/example_xcom.py
[2023-02-12 11:52:23,249] {processor.py:642} INFO - Processing file /usr/local/conda/lib/python3.7/site-packages/airflow/example_dags/example_xcom.py for tasks to queue
[2023-02-12 11:52:23,250] {logging_mixin.py:109} INFO - [2023-02-12 11:52:23,250] {dagbag.py:500} INFO - Filling up the DagBag from /usr/local/conda/lib/python3.7/site-packages/airflow/example_dags/example_xcom.py
[2023-02-12 11:52:23,291] {processor.py:652} INFO - DAG(s) dict_keys(['example_xcom']) retrieved from /usr/local/conda/lib/python3.7/site-packages/airflow/example_dags/example_xcom.py
[2023-02-12 11:52:23,629] {logging_mixin.py:109} INFO - [2023-02-12 11:52:23,629] {dag.py:2398} INFO - Sync 1 DAGs
[2023-02-12 11:52:23,650] {logging_mixin.py:109} INFO - [2023-02-12 11:52:23,650] {dag.py:2937} INFO - Setting next_dagrun for example_xcom to 2021-01-01T00:00:00+00:00
[2023-02-12 11:52:23,687] {processor.py:171} INFO - Processing /usr/local/conda/lib/python3.7/site-packages/airflow/example_dags/example_xcom.py took 0.448 seconds
[2023-02-12 11:53:05,857] {processor.py:163} INFO - Started process (PID=2395) to work on /usr/local/conda/lib/python3.7/site-packages/airflow/example_dags/example_xcom.py
[2023-02-12 11:53:05,859] {processor.py:642} INFO - Processing file /usr/local/conda/lib/python3.7/site-packages/airflow/example_dags/example_xcom.py for tasks to queue
[2023-02-12 11:53:05,860] {logging_mixin.py:109} INFO - [2023-02-12 11:53:05,860] {dagbag.py:500} INFO - Filling up the DagBag from /usr/local/conda/lib/python3.7/site-packages/airflow/example_dags/example_xcom.py
[2023-02-12 11:53:05,889] {processor.py:652} INFO - DAG(s) dict_keys(['example_xcom']) retrieved from /usr/local/conda/lib/python3.7/site-packages/airflow/example_dags/example_xcom.py
[2023-02-12 11:53:06,127] {logging_mixin.py:109} INFO - [2023-02-12 11:53:06,126] {dag.py:2398} INFO - Sync 1 DAGs
[2023-02-12 11:53:06,141] {logging_mixin.py:109} INFO - [2023-02-12 11:53:06,141] {dag.py:2937} INFO - Setting next_dagrun for example_xcom to 2021-01-01T00:00:00+00:00
[2023-02-12 11:53:06,178] {processor.py:171} INFO - Processing /usr/local/conda/lib/python3.7/site-packages/airflow/example_dags/example_xcom.py took 0.325 seconds
[2023-02-12 11:53:50,583] {processor.py:163} INFO - Started process (PID=2434) to work on /usr/local/conda/lib/python3.7/site-packages/airflow/example_dags/example_xcom.py
[2023-02-12 11:53:50,585] {processor.py:642} INFO - Processing file /usr/local/conda/lib/python3.7/site-packages/airflow/example_dags/example_xcom.py for tasks to queue
[2023-02-12 11:53:50,588] {logging_mixin.py:109} INFO - [2023-02-12 11:53:50,587] {dagbag.py:500} INFO - Filling up the DagBag from /usr/local/conda/lib/python3.7/site-packages/airflow/example_dags/example_xcom.py
[2023-02-12 11:53:50,612] {processor.py:652} INFO - DAG(s) dict_keys(['example_xcom']) retrieved from /usr/local/conda/lib/python3.7/site-packages/airflow/example_dags/example_xcom.py
[2023-02-12 11:53:50,829] {logging_mixin.py:109} INFO - [2023-02-12 11:53:50,829] {dag.py:2398} INFO - Sync 1 DAGs
[2023-02-12 11:53:50,843] {logging_mixin.py:109} INFO - [2023-02-12 11:53:50,843] {dag.py:2937} INFO - Setting next_dagrun for example_xcom to 2021-01-01T00:00:00+00:00
[2023-02-12 11:53:50,865] {processor.py:171} INFO - Processing /usr/local/conda/lib/python3.7/site-packages/airflow/example_dags/example_xcom.py took 0.286 seconds
[2023-02-12 11:54:28,857] {processor.py:163} INFO - Started process (PID=2468) to work on /usr/local/conda/lib/python3.7/site-packages/airflow/example_dags/example_xcom.py
[2023-02-12 11:54:28,860] {processor.py:642} INFO - Processing file /usr/local/conda/lib/python3.7/site-packages/airflow/example_dags/example_xcom.py for tasks to queue
[2023-02-12 11:54:28,862] {logging_mixin.py:109} INFO - [2023-02-12 11:54:28,862] {dagbag.py:500} INFO - Filling up the DagBag from /usr/local/conda/lib/python3.7/site-packages/airflow/example_dags/example_xcom.py
[2023-02-12 11:54:28,887] {processor.py:652} INFO - DAG(s) dict_keys(['example_xcom']) retrieved from /usr/local/conda/lib/python3.7/site-packages/airflow/example_dags/example_xcom.py
[2023-02-12 11:54:29,105] {logging_mixin.py:109} INFO - [2023-02-12 11:54:29,105] {dag.py:2398} INFO - Sync 1 DAGs
[2023-02-12 11:54:29,120] {logging_mixin.py:109} INFO - [2023-02-12 11:54:29,120] {dag.py:2937} INFO - Setting next_dagrun for example_xcom to 2021-01-01T00:00:00+00:00
[2023-02-12 11:54:29,148] {processor.py:171} INFO - Processing /usr/local/conda/lib/python3.7/site-packages/airflow/example_dags/example_xcom.py took 0.294 seconds
[2023-02-12 11:55:08,446] {processor.py:163} INFO - Started process (PID=2501) to work on /usr/local/conda/lib/python3.7/site-packages/airflow/example_dags/example_xcom.py
[2023-02-12 11:55:08,449] {processor.py:642} INFO - Processing file /usr/local/conda/lib/python3.7/site-packages/airflow/example_dags/example_xcom.py for tasks to queue
[2023-02-12 11:55:08,451] {logging_mixin.py:109} INFO - [2023-02-12 11:55:08,451] {dagbag.py:500} INFO - Filling up the DagBag from /usr/local/conda/lib/python3.7/site-packages/airflow/example_dags/example_xcom.py
[2023-02-12 11:55:08,493] {processor.py:652} INFO - DAG(s) dict_keys(['example_xcom']) retrieved from /usr/local/conda/lib/python3.7/site-packages/airflow/example_dags/example_xcom.py
[2023-02-12 11:55:08,832] {logging_mixin.py:109} INFO - [2023-02-12 11:55:08,831] {dag.py:2398} INFO - Sync 1 DAGs
[2023-02-12 11:55:08,853] {logging_mixin.py:109} INFO - [2023-02-12 11:55:08,852] {dag.py:2937} INFO - Setting next_dagrun for example_xcom to 2021-01-01T00:00:00+00:00
[2023-02-12 11:55:08,882] {processor.py:171} INFO - Processing /usr/local/conda/lib/python3.7/site-packages/airflow/example_dags/example_xcom.py took 0.442 seconds
[2023-02-12 11:55:52,352] {processor.py:163} INFO - Started process (PID=2540) to work on /usr/local/conda/lib/python3.7/site-packages/airflow/example_dags/example_xcom.py
[2023-02-12 11:55:52,355] {processor.py:642} INFO - Processing file /usr/local/conda/lib/python3.7/site-packages/airflow/example_dags/example_xcom.py for tasks to queue
[2023-02-12 11:55:52,357] {logging_mixin.py:109} INFO - [2023-02-12 11:55:52,357] {dagbag.py:500} INFO - Filling up the DagBag from /usr/local/conda/lib/python3.7/site-packages/airflow/example_dags/example_xcom.py
[2023-02-12 11:55:52,402] {processor.py:652} INFO - DAG(s) dict_keys(['example_xcom']) retrieved from /usr/local/conda/lib/python3.7/site-packages/airflow/example_dags/example_xcom.py
[2023-02-12 11:55:52,792] {logging_mixin.py:109} INFO - [2023-02-12 11:55:52,792] {dag.py:2398} INFO - Sync 1 DAGs
[2023-02-12 11:55:52,815] {logging_mixin.py:109} INFO - [2023-02-12 11:55:52,815] {dag.py:2937} INFO - Setting next_dagrun for example_xcom to 2021-01-01T00:00:00+00:00
[2023-02-12 11:55:52,862] {processor.py:171} INFO - Processing /usr/local/conda/lib/python3.7/site-packages/airflow/example_dags/example_xcom.py took 0.517 seconds
[2023-02-12 11:56:42,292] {processor.py:163} INFO - Started process (PID=2579) to work on /usr/local/conda/lib/python3.7/site-packages/airflow/example_dags/example_xcom.py
[2023-02-12 11:56:42,298] {processor.py:642} INFO - Processing file /usr/local/conda/lib/python3.7/site-packages/airflow/example_dags/example_xcom.py for tasks to queue
[2023-02-12 11:56:42,300] {logging_mixin.py:109} INFO - [2023-02-12 11:56:42,300] {dagbag.py:500} INFO - Filling up the DagBag from /usr/local/conda/lib/python3.7/site-packages/airflow/example_dags/example_xcom.py
[2023-02-12 11:56:42,352] {processor.py:652} INFO - DAG(s) dict_keys(['example_xcom']) retrieved from /usr/local/conda/lib/python3.7/site-packages/airflow/example_dags/example_xcom.py
[2023-02-12 11:56:42,724] {logging_mixin.py:109} INFO - [2023-02-12 11:56:42,724] {dag.py:2398} INFO - Sync 1 DAGs
[2023-02-12 11:56:42,756] {logging_mixin.py:109} INFO - [2023-02-12 11:56:42,756] {dag.py:2937} INFO - Setting next_dagrun for example_xcom to 2021-01-01T00:00:00+00:00
[2023-02-12 11:56:43,006] {processor.py:171} INFO - Processing /usr/local/conda/lib/python3.7/site-packages/airflow/example_dags/example_xcom.py took 0.720 seconds
[2023-02-12 11:57:21,606] {processor.py:163} INFO - Started process (PID=2611) to work on /usr/local/conda/lib/python3.7/site-packages/airflow/example_dags/example_xcom.py
[2023-02-12 11:57:21,609] {processor.py:642} INFO - Processing file /usr/local/conda/lib/python3.7/site-packages/airflow/example_dags/example_xcom.py for tasks to queue
[2023-02-12 11:57:21,612] {logging_mixin.py:109} INFO - [2023-02-12 11:57:21,611] {dagbag.py:500} INFO - Filling up the DagBag from /usr/local/conda/lib/python3.7/site-packages/airflow/example_dags/example_xcom.py
[2023-02-12 11:57:21,664] {processor.py:652} INFO - DAG(s) dict_keys(['example_xcom']) retrieved from /usr/local/conda/lib/python3.7/site-packages/airflow/example_dags/example_xcom.py
[2023-02-12 11:57:22,024] {logging_mixin.py:109} INFO - [2023-02-12 11:57:22,024] {dag.py:2398} INFO - Sync 1 DAGs
[2023-02-12 11:57:22,225] {logging_mixin.py:109} INFO - [2023-02-12 11:57:22,225] {dag.py:2937} INFO - Setting next_dagrun for example_xcom to 2021-01-01T00:00:00+00:00
[2023-02-12 11:57:22,288] {processor.py:171} INFO - Processing /usr/local/conda/lib/python3.7/site-packages/airflow/example_dags/example_xcom.py took 0.689 seconds
[2023-02-12 11:58:03,789] {processor.py:163} INFO - Started process (PID=2646) to work on /usr/local/conda/lib/python3.7/site-packages/airflow/example_dags/example_xcom.py
[2023-02-12 11:58:03,797] {processor.py:642} INFO - Processing file /usr/local/conda/lib/python3.7/site-packages/airflow/example_dags/example_xcom.py for tasks to queue
[2023-02-12 11:58:03,809] {logging_mixin.py:109} INFO - [2023-02-12 11:58:03,806] {dagbag.py:500} INFO - Filling up the DagBag from /usr/local/conda/lib/python3.7/site-packages/airflow/example_dags/example_xcom.py
[2023-02-12 11:58:03,901] {processor.py:652} INFO - DAG(s) dict_keys(['example_xcom']) retrieved from /usr/local/conda/lib/python3.7/site-packages/airflow/example_dags/example_xcom.py
[2023-02-12 11:58:04,615] {logging_mixin.py:109} INFO - [2023-02-12 11:58:04,615] {dag.py:2398} INFO - Sync 1 DAGs
[2023-02-12 11:58:05,011] {logging_mixin.py:109} INFO - [2023-02-12 11:58:05,011] {dag.py:2937} INFO - Setting next_dagrun for example_xcom to 2021-01-01T00:00:00+00:00
[2023-02-12 11:58:05,164] {processor.py:171} INFO - Processing /usr/local/conda/lib/python3.7/site-packages/airflow/example_dags/example_xcom.py took 1.399 seconds
[2023-02-12 11:58:58,506] {processor.py:163} INFO - Started process (PID=2682) to work on /usr/local/conda/lib/python3.7/site-packages/airflow/example_dags/example_xcom.py
[2023-02-12 11:58:58,509] {processor.py:642} INFO - Processing file /usr/local/conda/lib/python3.7/site-packages/airflow/example_dags/example_xcom.py for tasks to queue
[2023-02-12 11:58:58,510] {logging_mixin.py:109} INFO - [2023-02-12 11:58:58,510] {dagbag.py:500} INFO - Filling up the DagBag from /usr/local/conda/lib/python3.7/site-packages/airflow/example_dags/example_xcom.py
[2023-02-12 11:58:58,557] {processor.py:652} INFO - DAG(s) dict_keys(['example_xcom']) retrieved from /usr/local/conda/lib/python3.7/site-packages/airflow/example_dags/example_xcom.py
[2023-02-12 11:58:58,860] {logging_mixin.py:109} INFO - [2023-02-12 11:58:58,860] {dag.py:2398} INFO - Sync 1 DAGs
[2023-02-12 11:58:59,265] {logging_mixin.py:109} INFO - [2023-02-12 11:58:59,265] {dag.py:2937} INFO - Setting next_dagrun for example_xcom to 2021-01-01T00:00:00+00:00
[2023-02-12 11:58:59,338] {processor.py:171} INFO - Processing /usr/local/conda/lib/python3.7/site-packages/airflow/example_dags/example_xcom.py took 0.840 seconds
