[2023-02-12 11:30:33,787] {processor.py:163} INFO - Started process (PID=786) to work on /usr/local/conda/lib/python3.7/site-packages/airflow/example_dags/example_nested_branch_dag.py
[2023-02-12 11:30:33,789] {processor.py:642} INFO - Processing file /usr/local/conda/lib/python3.7/site-packages/airflow/example_dags/example_nested_branch_dag.py for tasks to queue
[2023-02-12 11:30:33,791] {logging_mixin.py:109} INFO - [2023-02-12 11:30:33,791] {dagbag.py:500} INFO - Filling up the DagBag from /usr/local/conda/lib/python3.7/site-packages/airflow/example_dags/example_nested_branch_dag.py
[2023-02-12 11:30:33,866] {processor.py:652} INFO - DAG(s) dict_keys(['example_nested_branch_dag']) retrieved from /usr/local/conda/lib/python3.7/site-packages/airflow/example_dags/example_nested_branch_dag.py
[2023-02-12 11:30:33,904] {logging_mixin.py:109} INFO - [2023-02-12 11:30:33,904] {dag.py:2398} INFO - Sync 1 DAGs
[2023-02-12 11:30:33,940] {logging_mixin.py:109} INFO - [2023-02-12 11:30:33,940] {dag.py:2937} INFO - Setting next_dagrun for example_nested_branch_dag to 2023-02-11 00:00:00+00:00
[2023-02-12 11:30:33,998] {processor.py:171} INFO - Processing /usr/local/conda/lib/python3.7/site-packages/airflow/example_dags/example_nested_branch_dag.py took 0.218 seconds
[2023-02-12 11:31:24,484] {processor.py:163} INFO - Started process (PID=1412) to work on /usr/local/conda/lib/python3.7/site-packages/airflow/example_dags/example_nested_branch_dag.py
[2023-02-12 11:31:24,487] {processor.py:642} INFO - Processing file /usr/local/conda/lib/python3.7/site-packages/airflow/example_dags/example_nested_branch_dag.py for tasks to queue
[2023-02-12 11:31:24,489] {logging_mixin.py:109} INFO - [2023-02-12 11:31:24,489] {dagbag.py:500} INFO - Filling up the DagBag from /usr/local/conda/lib/python3.7/site-packages/airflow/example_dags/example_nested_branch_dag.py
[2023-02-12 11:31:24,525] {processor.py:652} INFO - DAG(s) dict_keys(['example_nested_branch_dag']) retrieved from /usr/local/conda/lib/python3.7/site-packages/airflow/example_dags/example_nested_branch_dag.py
[2023-02-12 11:31:24,556] {logging_mixin.py:109} INFO - [2023-02-12 11:31:24,556] {dag.py:2398} INFO - Sync 1 DAGs
[2023-02-12 11:31:24,603] {logging_mixin.py:109} INFO - [2023-02-12 11:31:24,603] {dag.py:2937} INFO - Setting next_dagrun for example_nested_branch_dag to 2023-02-11 00:00:00+00:00
[2023-02-12 11:31:24,652] {processor.py:171} INFO - Processing /usr/local/conda/lib/python3.7/site-packages/airflow/example_dags/example_nested_branch_dag.py took 0.174 seconds
[2023-02-12 11:32:14,910] {processor.py:163} INFO - Started process (PID=1451) to work on /usr/local/conda/lib/python3.7/site-packages/airflow/example_dags/example_nested_branch_dag.py
[2023-02-12 11:32:14,914] {processor.py:642} INFO - Processing file /usr/local/conda/lib/python3.7/site-packages/airflow/example_dags/example_nested_branch_dag.py for tasks to queue
[2023-02-12 11:32:14,922] {logging_mixin.py:109} INFO - [2023-02-12 11:32:14,921] {dagbag.py:500} INFO - Filling up the DagBag from /usr/local/conda/lib/python3.7/site-packages/airflow/example_dags/example_nested_branch_dag.py
[2023-02-12 11:32:14,981] {processor.py:652} INFO - DAG(s) dict_keys(['example_nested_branch_dag']) retrieved from /usr/local/conda/lib/python3.7/site-packages/airflow/example_dags/example_nested_branch_dag.py
[2023-02-12 11:32:15,016] {logging_mixin.py:109} INFO - [2023-02-12 11:32:15,016] {dag.py:2398} INFO - Sync 1 DAGs
[2023-02-12 11:32:15,054] {logging_mixin.py:109} INFO - [2023-02-12 11:32:15,054] {dag.py:2937} INFO - Setting next_dagrun for example_nested_branch_dag to 2023-02-11 00:00:00+00:00
[2023-02-12 11:32:16,085] {processor.py:171} INFO - Processing /usr/local/conda/lib/python3.7/site-packages/airflow/example_dags/example_nested_branch_dag.py took 1.184 seconds
[2023-02-12 11:33:10,412] {processor.py:163} INFO - Started process (PID=1581) to work on /usr/local/conda/lib/python3.7/site-packages/airflow/example_dags/example_nested_branch_dag.py
[2023-02-12 11:33:10,418] {processor.py:642} INFO - Processing file /usr/local/conda/lib/python3.7/site-packages/airflow/example_dags/example_nested_branch_dag.py for tasks to queue
[2023-02-12 11:33:10,424] {logging_mixin.py:109} INFO - [2023-02-12 11:33:10,422] {dagbag.py:500} INFO - Filling up the DagBag from /usr/local/conda/lib/python3.7/site-packages/airflow/example_dags/example_nested_branch_dag.py
[2023-02-12 11:33:10,556] {processor.py:652} INFO - DAG(s) dict_keys(['example_nested_branch_dag']) retrieved from /usr/local/conda/lib/python3.7/site-packages/airflow/example_dags/example_nested_branch_dag.py
[2023-02-12 11:33:10,622] {logging_mixin.py:109} INFO - [2023-02-12 11:33:10,621] {dag.py:2398} INFO - Sync 1 DAGs
[2023-02-12 11:33:10,683] {logging_mixin.py:109} INFO - [2023-02-12 11:33:10,683] {dag.py:2937} INFO - Setting next_dagrun for example_nested_branch_dag to 2023-02-11 00:00:00+00:00
[2023-02-12 11:33:11,279] {processor.py:171} INFO - Processing /usr/local/conda/lib/python3.7/site-packages/airflow/example_dags/example_nested_branch_dag.py took 0.880 seconds
[2023-02-12 11:34:06,598] {processor.py:163} INFO - Started process (PID=1615) to work on /usr/local/conda/lib/python3.7/site-packages/airflow/example_dags/example_nested_branch_dag.py
[2023-02-12 11:34:06,608] {processor.py:642} INFO - Processing file /usr/local/conda/lib/python3.7/site-packages/airflow/example_dags/example_nested_branch_dag.py for tasks to queue
[2023-02-12 11:34:06,614] {logging_mixin.py:109} INFO - [2023-02-12 11:34:06,613] {dagbag.py:500} INFO - Filling up the DagBag from /usr/local/conda/lib/python3.7/site-packages/airflow/example_dags/example_nested_branch_dag.py
[2023-02-12 11:34:06,740] {processor.py:652} INFO - DAG(s) dict_keys(['example_nested_branch_dag']) retrieved from /usr/local/conda/lib/python3.7/site-packages/airflow/example_dags/example_nested_branch_dag.py
[2023-02-12 11:34:06,825] {logging_mixin.py:109} INFO - [2023-02-12 11:34:06,824] {dag.py:2398} INFO - Sync 1 DAGs
[2023-02-12 11:34:06,909] {logging_mixin.py:109} INFO - [2023-02-12 11:34:06,908] {dag.py:2937} INFO - Setting next_dagrun for example_nested_branch_dag to 2023-02-11 00:00:00+00:00
[2023-02-12 11:34:07,313] {processor.py:171} INFO - Processing /usr/local/conda/lib/python3.7/site-packages/airflow/example_dags/example_nested_branch_dag.py took 0.734 seconds
[2023-02-12 11:34:52,584] {processor.py:163} INFO - Started process (PID=1644) to work on /usr/local/conda/lib/python3.7/site-packages/airflow/example_dags/example_nested_branch_dag.py
[2023-02-12 11:34:52,637] {processor.py:642} INFO - Processing file /usr/local/conda/lib/python3.7/site-packages/airflow/example_dags/example_nested_branch_dag.py for tasks to queue
[2023-02-12 11:34:52,644] {logging_mixin.py:109} INFO - [2023-02-12 11:34:52,643] {dagbag.py:500} INFO - Filling up the DagBag from /usr/local/conda/lib/python3.7/site-packages/airflow/example_dags/example_nested_branch_dag.py
[2023-02-12 11:34:52,765] {processor.py:652} INFO - DAG(s) dict_keys(['example_nested_branch_dag']) retrieved from /usr/local/conda/lib/python3.7/site-packages/airflow/example_dags/example_nested_branch_dag.py
[2023-02-12 11:34:52,806] {logging_mixin.py:109} INFO - [2023-02-12 11:34:52,806] {dag.py:2398} INFO - Sync 1 DAGs
[2023-02-12 11:34:52,836] {logging_mixin.py:109} INFO - [2023-02-12 11:34:52,836] {dag.py:2937} INFO - Setting next_dagrun for example_nested_branch_dag to 2023-02-11 00:00:00+00:00
[2023-02-12 11:34:53,068] {processor.py:171} INFO - Processing /usr/local/conda/lib/python3.7/site-packages/airflow/example_dags/example_nested_branch_dag.py took 0.498 seconds
[2023-02-12 11:36:15,773] {processor.py:163} INFO - Started process (PID=1670) to work on /usr/local/conda/lib/python3.7/site-packages/airflow/example_dags/example_nested_branch_dag.py
[2023-02-12 11:36:15,780] {processor.py:642} INFO - Processing file /usr/local/conda/lib/python3.7/site-packages/airflow/example_dags/example_nested_branch_dag.py for tasks to queue
[2023-02-12 11:36:15,786] {logging_mixin.py:109} INFO - [2023-02-12 11:36:15,784] {dagbag.py:500} INFO - Filling up the DagBag from /usr/local/conda/lib/python3.7/site-packages/airflow/example_dags/example_nested_branch_dag.py
[2023-02-12 11:36:15,897] {processor.py:652} INFO - DAG(s) dict_keys(['example_nested_branch_dag']) retrieved from /usr/local/conda/lib/python3.7/site-packages/airflow/example_dags/example_nested_branch_dag.py
[2023-02-12 11:36:15,980] {logging_mixin.py:109} INFO - [2023-02-12 11:36:15,980] {dag.py:2398} INFO - Sync 1 DAGs
[2023-02-12 11:36:16,063] {logging_mixin.py:109} INFO - [2023-02-12 11:36:16,063] {dag.py:2937} INFO - Setting next_dagrun for example_nested_branch_dag to 2023-02-11 00:00:00+00:00
[2023-02-12 11:36:16,507] {processor.py:171} INFO - Processing /usr/local/conda/lib/python3.7/site-packages/airflow/example_dags/example_nested_branch_dag.py took 0.749 seconds
[2023-02-12 11:37:17,019] {processor.py:163} INFO - Started process (PID=1704) to work on /usr/local/conda/lib/python3.7/site-packages/airflow/example_dags/example_nested_branch_dag.py
[2023-02-12 11:37:17,097] {processor.py:642} INFO - Processing file /usr/local/conda/lib/python3.7/site-packages/airflow/example_dags/example_nested_branch_dag.py for tasks to queue
[2023-02-12 11:37:17,102] {logging_mixin.py:109} INFO - [2023-02-12 11:37:17,101] {dagbag.py:500} INFO - Filling up the DagBag from /usr/local/conda/lib/python3.7/site-packages/airflow/example_dags/example_nested_branch_dag.py
[2023-02-12 11:37:17,187] {processor.py:652} INFO - DAG(s) dict_keys(['example_nested_branch_dag']) retrieved from /usr/local/conda/lib/python3.7/site-packages/airflow/example_dags/example_nested_branch_dag.py
[2023-02-12 11:37:17,225] {logging_mixin.py:109} INFO - [2023-02-12 11:37:17,225] {dag.py:2398} INFO - Sync 1 DAGs
[2023-02-12 11:37:17,253] {logging_mixin.py:109} INFO - [2023-02-12 11:37:17,253] {dag.py:2937} INFO - Setting next_dagrun for example_nested_branch_dag to 2023-02-11 00:00:00+00:00
[2023-02-12 11:37:17,620] {processor.py:171} INFO - Processing /usr/local/conda/lib/python3.7/site-packages/airflow/example_dags/example_nested_branch_dag.py took 0.617 seconds
[2023-02-12 11:38:19,461] {processor.py:163} INFO - Started process (PID=1738) to work on /usr/local/conda/lib/python3.7/site-packages/airflow/example_dags/example_nested_branch_dag.py
[2023-02-12 11:38:19,465] {processor.py:642} INFO - Processing file /usr/local/conda/lib/python3.7/site-packages/airflow/example_dags/example_nested_branch_dag.py for tasks to queue
[2023-02-12 11:38:19,468] {logging_mixin.py:109} INFO - [2023-02-12 11:38:19,467] {dagbag.py:500} INFO - Filling up the DagBag from /usr/local/conda/lib/python3.7/site-packages/airflow/example_dags/example_nested_branch_dag.py
[2023-02-12 11:38:19,503] {processor.py:652} INFO - DAG(s) dict_keys(['example_nested_branch_dag']) retrieved from /usr/local/conda/lib/python3.7/site-packages/airflow/example_dags/example_nested_branch_dag.py
[2023-02-12 11:38:19,542] {logging_mixin.py:109} INFO - [2023-02-12 11:38:19,542] {dag.py:2398} INFO - Sync 1 DAGs
[2023-02-12 11:38:19,570] {logging_mixin.py:109} INFO - [2023-02-12 11:38:19,570] {dag.py:2937} INFO - Setting next_dagrun for example_nested_branch_dag to 2023-02-11 00:00:00+00:00
[2023-02-12 11:38:19,614] {processor.py:171} INFO - Processing /usr/local/conda/lib/python3.7/site-packages/airflow/example_dags/example_nested_branch_dag.py took 0.159 seconds
[2023-02-12 11:39:18,064] {processor.py:163} INFO - Started process (PID=1772) to work on /usr/local/conda/lib/python3.7/site-packages/airflow/example_dags/example_nested_branch_dag.py
[2023-02-12 11:39:18,100] {processor.py:642} INFO - Processing file /usr/local/conda/lib/python3.7/site-packages/airflow/example_dags/example_nested_branch_dag.py for tasks to queue
[2023-02-12 11:39:18,107] {logging_mixin.py:109} INFO - [2023-02-12 11:39:18,106] {dagbag.py:500} INFO - Filling up the DagBag from /usr/local/conda/lib/python3.7/site-packages/airflow/example_dags/example_nested_branch_dag.py
[2023-02-12 11:39:18,200] {processor.py:652} INFO - DAG(s) dict_keys(['example_nested_branch_dag']) retrieved from /usr/local/conda/lib/python3.7/site-packages/airflow/example_dags/example_nested_branch_dag.py
[2023-02-12 11:39:18,289] {logging_mixin.py:109} INFO - [2023-02-12 11:39:18,289] {dag.py:2398} INFO - Sync 1 DAGs
[2023-02-12 11:39:18,376] {logging_mixin.py:109} INFO - [2023-02-12 11:39:18,376] {dag.py:2937} INFO - Setting next_dagrun for example_nested_branch_dag to 2023-02-11 00:00:00+00:00
[2023-02-12 11:39:18,782] {processor.py:171} INFO - Processing /usr/local/conda/lib/python3.7/site-packages/airflow/example_dags/example_nested_branch_dag.py took 0.733 seconds
[2023-02-12 11:40:12,781] {processor.py:163} INFO - Started process (PID=1809) to work on /usr/local/conda/lib/python3.7/site-packages/airflow/example_dags/example_nested_branch_dag.py
[2023-02-12 11:40:12,797] {processor.py:642} INFO - Processing file /usr/local/conda/lib/python3.7/site-packages/airflow/example_dags/example_nested_branch_dag.py for tasks to queue
[2023-02-12 11:40:12,801] {logging_mixin.py:109} INFO - [2023-02-12 11:40:12,800] {dagbag.py:500} INFO - Filling up the DagBag from /usr/local/conda/lib/python3.7/site-packages/airflow/example_dags/example_nested_branch_dag.py
[2023-02-12 11:40:12,849] {processor.py:652} INFO - DAG(s) dict_keys(['example_nested_branch_dag']) retrieved from /usr/local/conda/lib/python3.7/site-packages/airflow/example_dags/example_nested_branch_dag.py
[2023-02-12 11:40:12,886] {logging_mixin.py:109} INFO - [2023-02-12 11:40:12,886] {dag.py:2398} INFO - Sync 1 DAGs
[2023-02-12 11:40:12,916] {logging_mixin.py:109} INFO - [2023-02-12 11:40:12,916] {dag.py:2937} INFO - Setting next_dagrun for example_nested_branch_dag to 2023-02-11 00:00:00+00:00
[2023-02-12 11:40:13,202] {processor.py:171} INFO - Processing /usr/local/conda/lib/python3.7/site-packages/airflow/example_dags/example_nested_branch_dag.py took 0.429 seconds
[2023-02-12 11:41:02,434] {processor.py:163} INFO - Started process (PID=1840) to work on /usr/local/conda/lib/python3.7/site-packages/airflow/example_dags/example_nested_branch_dag.py
[2023-02-12 11:41:02,444] {processor.py:642} INFO - Processing file /usr/local/conda/lib/python3.7/site-packages/airflow/example_dags/example_nested_branch_dag.py for tasks to queue
[2023-02-12 11:41:02,446] {logging_mixin.py:109} INFO - [2023-02-12 11:41:02,446] {dagbag.py:500} INFO - Filling up the DagBag from /usr/local/conda/lib/python3.7/site-packages/airflow/example_dags/example_nested_branch_dag.py
[2023-02-12 11:41:02,469] {processor.py:652} INFO - DAG(s) dict_keys(['example_nested_branch_dag']) retrieved from /usr/local/conda/lib/python3.7/site-packages/airflow/example_dags/example_nested_branch_dag.py
[2023-02-12 11:41:02,490] {logging_mixin.py:109} INFO - [2023-02-12 11:41:02,490] {dag.py:2398} INFO - Sync 1 DAGs
[2023-02-12 11:41:02,514] {logging_mixin.py:109} INFO - [2023-02-12 11:41:02,514] {dag.py:2937} INFO - Setting next_dagrun for example_nested_branch_dag to 2023-02-11 00:00:00+00:00
[2023-02-12 11:41:02,702] {processor.py:171} INFO - Processing /usr/local/conda/lib/python3.7/site-packages/airflow/example_dags/example_nested_branch_dag.py took 0.272 seconds
[2023-02-12 11:41:41,713] {processor.py:163} INFO - Started process (PID=1871) to work on /usr/local/conda/lib/python3.7/site-packages/airflow/example_dags/example_nested_branch_dag.py
[2023-02-12 11:41:41,718] {processor.py:642} INFO - Processing file /usr/local/conda/lib/python3.7/site-packages/airflow/example_dags/example_nested_branch_dag.py for tasks to queue
[2023-02-12 11:41:41,720] {logging_mixin.py:109} INFO - [2023-02-12 11:41:41,720] {dagbag.py:500} INFO - Filling up the DagBag from /usr/local/conda/lib/python3.7/site-packages/airflow/example_dags/example_nested_branch_dag.py
[2023-02-12 11:41:41,744] {processor.py:652} INFO - DAG(s) dict_keys(['example_nested_branch_dag']) retrieved from /usr/local/conda/lib/python3.7/site-packages/airflow/example_dags/example_nested_branch_dag.py
[2023-02-12 11:41:41,767] {logging_mixin.py:109} INFO - [2023-02-12 11:41:41,767] {dag.py:2398} INFO - Sync 1 DAGs
[2023-02-12 11:41:41,789] {logging_mixin.py:109} INFO - [2023-02-12 11:41:41,789] {dag.py:2937} INFO - Setting next_dagrun for example_nested_branch_dag to 2023-02-11 00:00:00+00:00
[2023-02-12 11:41:41,888] {processor.py:171} INFO - Processing /usr/local/conda/lib/python3.7/site-packages/airflow/example_dags/example_nested_branch_dag.py took 0.179 seconds
[2023-02-12 11:42:23,955] {processor.py:163} INFO - Started process (PID=1903) to work on /usr/local/conda/lib/python3.7/site-packages/airflow/example_dags/example_nested_branch_dag.py
[2023-02-12 11:42:23,960] {processor.py:642} INFO - Processing file /usr/local/conda/lib/python3.7/site-packages/airflow/example_dags/example_nested_branch_dag.py for tasks to queue
[2023-02-12 11:42:23,963] {logging_mixin.py:109} INFO - [2023-02-12 11:42:23,962] {dagbag.py:500} INFO - Filling up the DagBag from /usr/local/conda/lib/python3.7/site-packages/airflow/example_dags/example_nested_branch_dag.py
[2023-02-12 11:42:23,997] {processor.py:652} INFO - DAG(s) dict_keys(['example_nested_branch_dag']) retrieved from /usr/local/conda/lib/python3.7/site-packages/airflow/example_dags/example_nested_branch_dag.py
[2023-02-12 11:42:24,026] {logging_mixin.py:109} INFO - [2023-02-12 11:42:24,026] {dag.py:2398} INFO - Sync 1 DAGs
[2023-02-12 11:42:24,057] {logging_mixin.py:109} INFO - [2023-02-12 11:42:24,057] {dag.py:2937} INFO - Setting next_dagrun for example_nested_branch_dag to 2023-02-11 00:00:00+00:00
[2023-02-12 11:42:24,088] {processor.py:171} INFO - Processing /usr/local/conda/lib/python3.7/site-packages/airflow/example_dags/example_nested_branch_dag.py took 0.139 seconds
[2023-02-12 11:43:15,399] {processor.py:163} INFO - Started process (PID=1940) to work on /usr/local/conda/lib/python3.7/site-packages/airflow/example_dags/example_nested_branch_dag.py
[2023-02-12 11:43:15,454] {processor.py:642} INFO - Processing file /usr/local/conda/lib/python3.7/site-packages/airflow/example_dags/example_nested_branch_dag.py for tasks to queue
[2023-02-12 11:43:15,483] {logging_mixin.py:109} INFO - [2023-02-12 11:43:15,482] {dagbag.py:500} INFO - Filling up the DagBag from /usr/local/conda/lib/python3.7/site-packages/airflow/example_dags/example_nested_branch_dag.py
[2023-02-12 11:43:15,524] {processor.py:652} INFO - DAG(s) dict_keys(['example_nested_branch_dag']) retrieved from /usr/local/conda/lib/python3.7/site-packages/airflow/example_dags/example_nested_branch_dag.py
[2023-02-12 11:43:15,555] {logging_mixin.py:109} INFO - [2023-02-12 11:43:15,555] {dag.py:2398} INFO - Sync 1 DAGs
[2023-02-12 11:43:15,652] {logging_mixin.py:109} INFO - [2023-02-12 11:43:15,652] {dag.py:2937} INFO - Setting next_dagrun for example_nested_branch_dag to 2023-02-11 00:00:00+00:00
[2023-02-12 11:43:16,109] {processor.py:171} INFO - Processing /usr/local/conda/lib/python3.7/site-packages/airflow/example_dags/example_nested_branch_dag.py took 0.718 seconds
[2023-02-12 11:43:57,334] {processor.py:163} INFO - Started process (PID=1970) to work on /usr/local/conda/lib/python3.7/site-packages/airflow/example_dags/example_nested_branch_dag.py
[2023-02-12 11:43:57,348] {processor.py:642} INFO - Processing file /usr/local/conda/lib/python3.7/site-packages/airflow/example_dags/example_nested_branch_dag.py for tasks to queue
[2023-02-12 11:43:57,350] {logging_mixin.py:109} INFO - [2023-02-12 11:43:57,350] {dagbag.py:500} INFO - Filling up the DagBag from /usr/local/conda/lib/python3.7/site-packages/airflow/example_dags/example_nested_branch_dag.py
[2023-02-12 11:43:57,418] {processor.py:652} INFO - DAG(s) dict_keys(['example_nested_branch_dag']) retrieved from /usr/local/conda/lib/python3.7/site-packages/airflow/example_dags/example_nested_branch_dag.py
[2023-02-12 11:43:57,494] {logging_mixin.py:109} INFO - [2023-02-12 11:43:57,494] {dag.py:2398} INFO - Sync 1 DAGs
[2023-02-12 11:43:57,559] {logging_mixin.py:109} INFO - [2023-02-12 11:43:57,559] {dag.py:2937} INFO - Setting next_dagrun for example_nested_branch_dag to 2023-02-11 00:00:00+00:00
[2023-02-12 11:43:57,633] {processor.py:171} INFO - Processing /usr/local/conda/lib/python3.7/site-packages/airflow/example_dags/example_nested_branch_dag.py took 0.306 seconds
[2023-02-12 11:44:48,135] {processor.py:163} INFO - Started process (PID=2007) to work on /usr/local/conda/lib/python3.7/site-packages/airflow/example_dags/example_nested_branch_dag.py
[2023-02-12 11:44:48,149] {processor.py:642} INFO - Processing file /usr/local/conda/lib/python3.7/site-packages/airflow/example_dags/example_nested_branch_dag.py for tasks to queue
[2023-02-12 11:44:48,151] {logging_mixin.py:109} INFO - [2023-02-12 11:44:48,151] {dagbag.py:500} INFO - Filling up the DagBag from /usr/local/conda/lib/python3.7/site-packages/airflow/example_dags/example_nested_branch_dag.py
[2023-02-12 11:44:48,245] {processor.py:652} INFO - DAG(s) dict_keys(['example_nested_branch_dag']) retrieved from /usr/local/conda/lib/python3.7/site-packages/airflow/example_dags/example_nested_branch_dag.py
[2023-02-12 11:44:48,300] {logging_mixin.py:109} INFO - [2023-02-12 11:44:48,300] {dag.py:2398} INFO - Sync 1 DAGs
[2023-02-12 11:44:48,346] {logging_mixin.py:109} INFO - [2023-02-12 11:44:48,345] {dag.py:2937} INFO - Setting next_dagrun for example_nested_branch_dag to 2023-02-11 00:00:00+00:00
[2023-02-12 11:44:48,466] {processor.py:171} INFO - Processing /usr/local/conda/lib/python3.7/site-packages/airflow/example_dags/example_nested_branch_dag.py took 0.338 seconds
[2023-02-12 11:45:44,737] {processor.py:163} INFO - Started process (PID=2045) to work on /usr/local/conda/lib/python3.7/site-packages/airflow/example_dags/example_nested_branch_dag.py
[2023-02-12 11:45:44,769] {processor.py:642} INFO - Processing file /usr/local/conda/lib/python3.7/site-packages/airflow/example_dags/example_nested_branch_dag.py for tasks to queue
[2023-02-12 11:45:44,770] {logging_mixin.py:109} INFO - [2023-02-12 11:45:44,770] {dagbag.py:500} INFO - Filling up the DagBag from /usr/local/conda/lib/python3.7/site-packages/airflow/example_dags/example_nested_branch_dag.py
[2023-02-12 11:45:44,863] {processor.py:652} INFO - DAG(s) dict_keys(['example_nested_branch_dag']) retrieved from /usr/local/conda/lib/python3.7/site-packages/airflow/example_dags/example_nested_branch_dag.py
[2023-02-12 11:45:44,918] {logging_mixin.py:109} INFO - [2023-02-12 11:45:44,917] {dag.py:2398} INFO - Sync 1 DAGs
[2023-02-12 11:45:44,995] {logging_mixin.py:109} INFO - [2023-02-12 11:45:44,995] {dag.py:2937} INFO - Setting next_dagrun for example_nested_branch_dag to 2023-02-11 00:00:00+00:00
[2023-02-12 11:45:45,119] {processor.py:171} INFO - Processing /usr/local/conda/lib/python3.7/site-packages/airflow/example_dags/example_nested_branch_dag.py took 0.393 seconds
[2023-02-12 11:46:29,067] {processor.py:163} INFO - Started process (PID=2075) to work on /usr/local/conda/lib/python3.7/site-packages/airflow/example_dags/example_nested_branch_dag.py
[2023-02-12 11:46:29,073] {processor.py:642} INFO - Processing file /usr/local/conda/lib/python3.7/site-packages/airflow/example_dags/example_nested_branch_dag.py for tasks to queue
[2023-02-12 11:46:29,077] {logging_mixin.py:109} INFO - [2023-02-12 11:46:29,077] {dagbag.py:500} INFO - Filling up the DagBag from /usr/local/conda/lib/python3.7/site-packages/airflow/example_dags/example_nested_branch_dag.py
[2023-02-12 11:46:29,156] {processor.py:652} INFO - DAG(s) dict_keys(['example_nested_branch_dag']) retrieved from /usr/local/conda/lib/python3.7/site-packages/airflow/example_dags/example_nested_branch_dag.py
[2023-02-12 11:46:29,246] {logging_mixin.py:109} INFO - [2023-02-12 11:46:29,246] {dag.py:2398} INFO - Sync 1 DAGs
[2023-02-12 11:46:29,340] {logging_mixin.py:109} INFO - [2023-02-12 11:46:29,340] {dag.py:2937} INFO - Setting next_dagrun for example_nested_branch_dag to 2023-02-11 00:00:00+00:00
[2023-02-12 11:46:29,432] {processor.py:171} INFO - Processing /usr/local/conda/lib/python3.7/site-packages/airflow/example_dags/example_nested_branch_dag.py took 0.374 seconds
[2023-02-12 11:47:21,344] {processor.py:163} INFO - Started process (PID=2111) to work on /usr/local/conda/lib/python3.7/site-packages/airflow/example_dags/example_nested_branch_dag.py
[2023-02-12 11:47:21,348] {processor.py:642} INFO - Processing file /usr/local/conda/lib/python3.7/site-packages/airflow/example_dags/example_nested_branch_dag.py for tasks to queue
[2023-02-12 11:47:21,352] {logging_mixin.py:109} INFO - [2023-02-12 11:47:21,352] {dagbag.py:500} INFO - Filling up the DagBag from /usr/local/conda/lib/python3.7/site-packages/airflow/example_dags/example_nested_branch_dag.py
[2023-02-12 11:47:21,398] {processor.py:652} INFO - DAG(s) dict_keys(['example_nested_branch_dag']) retrieved from /usr/local/conda/lib/python3.7/site-packages/airflow/example_dags/example_nested_branch_dag.py
[2023-02-12 11:47:21,428] {logging_mixin.py:109} INFO - [2023-02-12 11:47:21,428] {dag.py:2398} INFO - Sync 1 DAGs
[2023-02-12 11:47:21,459] {logging_mixin.py:109} INFO - [2023-02-12 11:47:21,459] {dag.py:2937} INFO - Setting next_dagrun for example_nested_branch_dag to 2023-02-11 00:00:00+00:00
[2023-02-12 11:47:21,501] {processor.py:171} INFO - Processing /usr/local/conda/lib/python3.7/site-packages/airflow/example_dags/example_nested_branch_dag.py took 0.163 seconds
[2023-02-12 11:48:06,306] {processor.py:163} INFO - Started process (PID=2146) to work on /usr/local/conda/lib/python3.7/site-packages/airflow/example_dags/example_nested_branch_dag.py
[2023-02-12 11:48:06,325] {processor.py:642} INFO - Processing file /usr/local/conda/lib/python3.7/site-packages/airflow/example_dags/example_nested_branch_dag.py for tasks to queue
[2023-02-12 11:48:06,336] {logging_mixin.py:109} INFO - [2023-02-12 11:48:06,335] {dagbag.py:500} INFO - Filling up the DagBag from /usr/local/conda/lib/python3.7/site-packages/airflow/example_dags/example_nested_branch_dag.py
[2023-02-12 11:48:06,433] {processor.py:652} INFO - DAG(s) dict_keys(['example_nested_branch_dag']) retrieved from /usr/local/conda/lib/python3.7/site-packages/airflow/example_dags/example_nested_branch_dag.py
[2023-02-12 11:48:06,514] {logging_mixin.py:109} INFO - [2023-02-12 11:48:06,513] {dag.py:2398} INFO - Sync 1 DAGs
[2023-02-12 11:48:06,593] {logging_mixin.py:109} INFO - [2023-02-12 11:48:06,592] {dag.py:2937} INFO - Setting next_dagrun for example_nested_branch_dag to 2023-02-11 00:00:00+00:00
[2023-02-12 11:48:06,677] {processor.py:171} INFO - Processing /usr/local/conda/lib/python3.7/site-packages/airflow/example_dags/example_nested_branch_dag.py took 0.378 seconds
[2023-02-12 11:48:49,866] {processor.py:163} INFO - Started process (PID=2183) to work on /usr/local/conda/lib/python3.7/site-packages/airflow/example_dags/example_nested_branch_dag.py
[2023-02-12 11:48:49,869] {processor.py:642} INFO - Processing file /usr/local/conda/lib/python3.7/site-packages/airflow/example_dags/example_nested_branch_dag.py for tasks to queue
[2023-02-12 11:48:49,871] {logging_mixin.py:109} INFO - [2023-02-12 11:48:49,870] {dagbag.py:500} INFO - Filling up the DagBag from /usr/local/conda/lib/python3.7/site-packages/airflow/example_dags/example_nested_branch_dag.py
[2023-02-12 11:48:49,919] {processor.py:652} INFO - DAG(s) dict_keys(['example_nested_branch_dag']) retrieved from /usr/local/conda/lib/python3.7/site-packages/airflow/example_dags/example_nested_branch_dag.py
[2023-02-12 11:48:49,955] {logging_mixin.py:109} INFO - [2023-02-12 11:48:49,955] {dag.py:2398} INFO - Sync 1 DAGs
[2023-02-12 11:48:49,995] {logging_mixin.py:109} INFO - [2023-02-12 11:48:49,995] {dag.py:2937} INFO - Setting next_dagrun for example_nested_branch_dag to 2023-02-11 00:00:00+00:00
[2023-02-12 11:48:50,037] {processor.py:171} INFO - Processing /usr/local/conda/lib/python3.7/site-packages/airflow/example_dags/example_nested_branch_dag.py took 0.179 seconds
[2023-02-12 11:49:30,936] {processor.py:163} INFO - Started process (PID=2213) to work on /usr/local/conda/lib/python3.7/site-packages/airflow/example_dags/example_nested_branch_dag.py
[2023-02-12 11:49:30,952] {processor.py:642} INFO - Processing file /usr/local/conda/lib/python3.7/site-packages/airflow/example_dags/example_nested_branch_dag.py for tasks to queue
[2023-02-12 11:49:30,959] {logging_mixin.py:109} INFO - [2023-02-12 11:49:30,958] {dagbag.py:500} INFO - Filling up the DagBag from /usr/local/conda/lib/python3.7/site-packages/airflow/example_dags/example_nested_branch_dag.py
[2023-02-12 11:49:31,015] {processor.py:652} INFO - DAG(s) dict_keys(['example_nested_branch_dag']) retrieved from /usr/local/conda/lib/python3.7/site-packages/airflow/example_dags/example_nested_branch_dag.py
[2023-02-12 11:49:31,051] {logging_mixin.py:109} INFO - [2023-02-12 11:49:31,051] {dag.py:2398} INFO - Sync 1 DAGs
[2023-02-12 11:49:31,090] {logging_mixin.py:109} INFO - [2023-02-12 11:49:31,090] {dag.py:2937} INFO - Setting next_dagrun for example_nested_branch_dag to 2023-02-11 00:00:00+00:00
[2023-02-12 11:49:31,139] {processor.py:171} INFO - Processing /usr/local/conda/lib/python3.7/site-packages/airflow/example_dags/example_nested_branch_dag.py took 0.213 seconds
[2023-02-12 11:50:12,806] {processor.py:163} INFO - Started process (PID=2248) to work on /usr/local/conda/lib/python3.7/site-packages/airflow/example_dags/example_nested_branch_dag.py
[2023-02-12 11:50:12,810] {processor.py:642} INFO - Processing file /usr/local/conda/lib/python3.7/site-packages/airflow/example_dags/example_nested_branch_dag.py for tasks to queue
[2023-02-12 11:50:12,813] {logging_mixin.py:109} INFO - [2023-02-12 11:50:12,812] {dagbag.py:500} INFO - Filling up the DagBag from /usr/local/conda/lib/python3.7/site-packages/airflow/example_dags/example_nested_branch_dag.py
[2023-02-12 11:50:12,847] {processor.py:652} INFO - DAG(s) dict_keys(['example_nested_branch_dag']) retrieved from /usr/local/conda/lib/python3.7/site-packages/airflow/example_dags/example_nested_branch_dag.py
[2023-02-12 11:50:12,878] {logging_mixin.py:109} INFO - [2023-02-12 11:50:12,878] {dag.py:2398} INFO - Sync 1 DAGs
[2023-02-12 11:50:12,909] {logging_mixin.py:109} INFO - [2023-02-12 11:50:12,909] {dag.py:2937} INFO - Setting next_dagrun for example_nested_branch_dag to 2023-02-11 00:00:00+00:00
[2023-02-12 11:50:12,946] {processor.py:171} INFO - Processing /usr/local/conda/lib/python3.7/site-packages/airflow/example_dags/example_nested_branch_dag.py took 0.146 seconds
[2023-02-12 11:51:00,115] {processor.py:163} INFO - Started process (PID=2286) to work on /usr/local/conda/lib/python3.7/site-packages/airflow/example_dags/example_nested_branch_dag.py
[2023-02-12 11:51:00,118] {processor.py:642} INFO - Processing file /usr/local/conda/lib/python3.7/site-packages/airflow/example_dags/example_nested_branch_dag.py for tasks to queue
[2023-02-12 11:51:00,121] {logging_mixin.py:109} INFO - [2023-02-12 11:51:00,121] {dagbag.py:500} INFO - Filling up the DagBag from /usr/local/conda/lib/python3.7/site-packages/airflow/example_dags/example_nested_branch_dag.py
[2023-02-12 11:51:00,159] {processor.py:652} INFO - DAG(s) dict_keys(['example_nested_branch_dag']) retrieved from /usr/local/conda/lib/python3.7/site-packages/airflow/example_dags/example_nested_branch_dag.py
[2023-02-12 11:51:00,190] {logging_mixin.py:109} INFO - [2023-02-12 11:51:00,190] {dag.py:2398} INFO - Sync 1 DAGs
[2023-02-12 11:51:00,224] {logging_mixin.py:109} INFO - [2023-02-12 11:51:00,224] {dag.py:2937} INFO - Setting next_dagrun for example_nested_branch_dag to 2023-02-11 00:00:00+00:00
[2023-02-12 11:51:00,255] {processor.py:171} INFO - Processing /usr/local/conda/lib/python3.7/site-packages/airflow/example_dags/example_nested_branch_dag.py took 0.147 seconds
[2023-02-12 11:51:43,114] {processor.py:163} INFO - Started process (PID=2323) to work on /usr/local/conda/lib/python3.7/site-packages/airflow/example_dags/example_nested_branch_dag.py
[2023-02-12 11:51:43,118] {processor.py:642} INFO - Processing file /usr/local/conda/lib/python3.7/site-packages/airflow/example_dags/example_nested_branch_dag.py for tasks to queue
[2023-02-12 11:51:43,121] {logging_mixin.py:109} INFO - [2023-02-12 11:51:43,121] {dagbag.py:500} INFO - Filling up the DagBag from /usr/local/conda/lib/python3.7/site-packages/airflow/example_dags/example_nested_branch_dag.py
[2023-02-12 11:51:43,160] {processor.py:652} INFO - DAG(s) dict_keys(['example_nested_branch_dag']) retrieved from /usr/local/conda/lib/python3.7/site-packages/airflow/example_dags/example_nested_branch_dag.py
[2023-02-12 11:51:43,193] {logging_mixin.py:109} INFO - [2023-02-12 11:51:43,193] {dag.py:2398} INFO - Sync 1 DAGs
[2023-02-12 11:51:43,232] {logging_mixin.py:109} INFO - [2023-02-12 11:51:43,232] {dag.py:2937} INFO - Setting next_dagrun for example_nested_branch_dag to 2023-02-11 00:00:00+00:00
[2023-02-12 11:51:43,265] {processor.py:171} INFO - Processing /usr/local/conda/lib/python3.7/site-packages/airflow/example_dags/example_nested_branch_dag.py took 0.157 seconds
[2023-02-12 11:52:19,245] {processor.py:163} INFO - Started process (PID=2353) to work on /usr/local/conda/lib/python3.7/site-packages/airflow/example_dags/example_nested_branch_dag.py
[2023-02-12 11:52:19,250] {processor.py:642} INFO - Processing file /usr/local/conda/lib/python3.7/site-packages/airflow/example_dags/example_nested_branch_dag.py for tasks to queue
[2023-02-12 11:52:19,252] {logging_mixin.py:109} INFO - [2023-02-12 11:52:19,252] {dagbag.py:500} INFO - Filling up the DagBag from /usr/local/conda/lib/python3.7/site-packages/airflow/example_dags/example_nested_branch_dag.py
[2023-02-12 11:52:19,287] {processor.py:652} INFO - DAG(s) dict_keys(['example_nested_branch_dag']) retrieved from /usr/local/conda/lib/python3.7/site-packages/airflow/example_dags/example_nested_branch_dag.py
[2023-02-12 11:52:19,316] {logging_mixin.py:109} INFO - [2023-02-12 11:52:19,316] {dag.py:2398} INFO - Sync 1 DAGs
[2023-02-12 11:52:19,346] {logging_mixin.py:109} INFO - [2023-02-12 11:52:19,346] {dag.py:2937} INFO - Setting next_dagrun for example_nested_branch_dag to 2023-02-11 00:00:00+00:00
[2023-02-12 11:52:19,385] {processor.py:171} INFO - Processing /usr/local/conda/lib/python3.7/site-packages/airflow/example_dags/example_nested_branch_dag.py took 0.147 seconds
[2023-02-12 11:52:55,384] {processor.py:163} INFO - Started process (PID=2386) to work on /usr/local/conda/lib/python3.7/site-packages/airflow/example_dags/example_nested_branch_dag.py
[2023-02-12 11:52:55,386] {processor.py:642} INFO - Processing file /usr/local/conda/lib/python3.7/site-packages/airflow/example_dags/example_nested_branch_dag.py for tasks to queue
[2023-02-12 11:52:55,387] {logging_mixin.py:109} INFO - [2023-02-12 11:52:55,387] {dagbag.py:500} INFO - Filling up the DagBag from /usr/local/conda/lib/python3.7/site-packages/airflow/example_dags/example_nested_branch_dag.py
[2023-02-12 11:52:55,410] {processor.py:652} INFO - DAG(s) dict_keys(['example_nested_branch_dag']) retrieved from /usr/local/conda/lib/python3.7/site-packages/airflow/example_dags/example_nested_branch_dag.py
[2023-02-12 11:52:55,429] {logging_mixin.py:109} INFO - [2023-02-12 11:52:55,428] {dag.py:2398} INFO - Sync 1 DAGs
[2023-02-12 11:52:55,448] {logging_mixin.py:109} INFO - [2023-02-12 11:52:55,448] {dag.py:2937} INFO - Setting next_dagrun for example_nested_branch_dag to 2023-02-11 00:00:00+00:00
[2023-02-12 11:52:55,468] {processor.py:171} INFO - Processing /usr/local/conda/lib/python3.7/site-packages/airflow/example_dags/example_nested_branch_dag.py took 0.088 seconds
[2023-02-12 11:53:31,229] {processor.py:163} INFO - Started process (PID=2418) to work on /usr/local/conda/lib/python3.7/site-packages/airflow/example_dags/example_nested_branch_dag.py
[2023-02-12 11:53:31,234] {processor.py:642} INFO - Processing file /usr/local/conda/lib/python3.7/site-packages/airflow/example_dags/example_nested_branch_dag.py for tasks to queue
[2023-02-12 11:53:31,237] {logging_mixin.py:109} INFO - [2023-02-12 11:53:31,236] {dagbag.py:500} INFO - Filling up the DagBag from /usr/local/conda/lib/python3.7/site-packages/airflow/example_dags/example_nested_branch_dag.py
[2023-02-12 11:53:31,273] {processor.py:652} INFO - DAG(s) dict_keys(['example_nested_branch_dag']) retrieved from /usr/local/conda/lib/python3.7/site-packages/airflow/example_dags/example_nested_branch_dag.py
[2023-02-12 11:53:31,304] {logging_mixin.py:109} INFO - [2023-02-12 11:53:31,303] {dag.py:2398} INFO - Sync 1 DAGs
[2023-02-12 11:53:31,336] {logging_mixin.py:109} INFO - [2023-02-12 11:53:31,336] {dag.py:2937} INFO - Setting next_dagrun for example_nested_branch_dag to 2023-02-11 00:00:00+00:00
[2023-02-12 11:53:31,376] {processor.py:171} INFO - Processing /usr/local/conda/lib/python3.7/site-packages/airflow/example_dags/example_nested_branch_dag.py took 0.154 seconds
[2023-02-12 11:54:09,410] {processor.py:163} INFO - Started process (PID=2449) to work on /usr/local/conda/lib/python3.7/site-packages/airflow/example_dags/example_nested_branch_dag.py
[2023-02-12 11:54:09,412] {processor.py:642} INFO - Processing file /usr/local/conda/lib/python3.7/site-packages/airflow/example_dags/example_nested_branch_dag.py for tasks to queue
[2023-02-12 11:54:09,414] {logging_mixin.py:109} INFO - [2023-02-12 11:54:09,414] {dagbag.py:500} INFO - Filling up the DagBag from /usr/local/conda/lib/python3.7/site-packages/airflow/example_dags/example_nested_branch_dag.py
[2023-02-12 11:54:09,439] {processor.py:652} INFO - DAG(s) dict_keys(['example_nested_branch_dag']) retrieved from /usr/local/conda/lib/python3.7/site-packages/airflow/example_dags/example_nested_branch_dag.py
[2023-02-12 11:54:09,460] {logging_mixin.py:109} INFO - [2023-02-12 11:54:09,460] {dag.py:2398} INFO - Sync 1 DAGs
[2023-02-12 11:54:09,481] {logging_mixin.py:109} INFO - [2023-02-12 11:54:09,481] {dag.py:2937} INFO - Setting next_dagrun for example_nested_branch_dag to 2023-02-11 00:00:00+00:00
[2023-02-12 11:54:09,504] {processor.py:171} INFO - Processing /usr/local/conda/lib/python3.7/site-packages/airflow/example_dags/example_nested_branch_dag.py took 0.098 seconds
[2023-02-12 11:54:49,903] {processor.py:163} INFO - Started process (PID=2486) to work on /usr/local/conda/lib/python3.7/site-packages/airflow/example_dags/example_nested_branch_dag.py
[2023-02-12 11:54:49,909] {processor.py:642} INFO - Processing file /usr/local/conda/lib/python3.7/site-packages/airflow/example_dags/example_nested_branch_dag.py for tasks to queue
[2023-02-12 11:54:49,911] {logging_mixin.py:109} INFO - [2023-02-12 11:54:49,911] {dagbag.py:500} INFO - Filling up the DagBag from /usr/local/conda/lib/python3.7/site-packages/airflow/example_dags/example_nested_branch_dag.py
[2023-02-12 11:54:49,950] {processor.py:652} INFO - DAG(s) dict_keys(['example_nested_branch_dag']) retrieved from /usr/local/conda/lib/python3.7/site-packages/airflow/example_dags/example_nested_branch_dag.py
[2023-02-12 11:54:49,980] {logging_mixin.py:109} INFO - [2023-02-12 11:54:49,980] {dag.py:2398} INFO - Sync 1 DAGs
[2023-02-12 11:54:50,017] {logging_mixin.py:109} INFO - [2023-02-12 11:54:50,016] {dag.py:2937} INFO - Setting next_dagrun for example_nested_branch_dag to 2023-02-11 00:00:00+00:00
[2023-02-12 11:54:50,048] {processor.py:171} INFO - Processing /usr/local/conda/lib/python3.7/site-packages/airflow/example_dags/example_nested_branch_dag.py took 0.152 seconds
[2023-02-12 11:55:27,146] {processor.py:163} INFO - Started process (PID=2517) to work on /usr/local/conda/lib/python3.7/site-packages/airflow/example_dags/example_nested_branch_dag.py
[2023-02-12 11:55:27,150] {processor.py:642} INFO - Processing file /usr/local/conda/lib/python3.7/site-packages/airflow/example_dags/example_nested_branch_dag.py for tasks to queue
[2023-02-12 11:55:27,154] {logging_mixin.py:109} INFO - [2023-02-12 11:55:27,154] {dagbag.py:500} INFO - Filling up the DagBag from /usr/local/conda/lib/python3.7/site-packages/airflow/example_dags/example_nested_branch_dag.py
[2023-02-12 11:55:27,192] {processor.py:652} INFO - DAG(s) dict_keys(['example_nested_branch_dag']) retrieved from /usr/local/conda/lib/python3.7/site-packages/airflow/example_dags/example_nested_branch_dag.py
[2023-02-12 11:55:27,225] {logging_mixin.py:109} INFO - [2023-02-12 11:55:27,225] {dag.py:2398} INFO - Sync 1 DAGs
[2023-02-12 11:55:27,262] {logging_mixin.py:109} INFO - [2023-02-12 11:55:27,262] {dag.py:2937} INFO - Setting next_dagrun for example_nested_branch_dag to 2023-02-11 00:00:00+00:00
[2023-02-12 11:55:27,288] {processor.py:171} INFO - Processing /usr/local/conda/lib/python3.7/site-packages/airflow/example_dags/example_nested_branch_dag.py took 0.148 seconds
[2023-02-12 11:56:10,761] {processor.py:163} INFO - Started process (PID=2553) to work on /usr/local/conda/lib/python3.7/site-packages/airflow/example_dags/example_nested_branch_dag.py
[2023-02-12 11:56:10,780] {processor.py:642} INFO - Processing file /usr/local/conda/lib/python3.7/site-packages/airflow/example_dags/example_nested_branch_dag.py for tasks to queue
[2023-02-12 11:56:10,795] {logging_mixin.py:109} INFO - [2023-02-12 11:56:10,795] {dagbag.py:500} INFO - Filling up the DagBag from /usr/local/conda/lib/python3.7/site-packages/airflow/example_dags/example_nested_branch_dag.py
[2023-02-12 11:56:11,059] {processor.py:652} INFO - DAG(s) dict_keys(['example_nested_branch_dag']) retrieved from /usr/local/conda/lib/python3.7/site-packages/airflow/example_dags/example_nested_branch_dag.py
[2023-02-12 11:56:11,365] {logging_mixin.py:109} INFO - [2023-02-12 11:56:11,364] {dag.py:2398} INFO - Sync 1 DAGs
[2023-02-12 11:56:11,663] {logging_mixin.py:109} INFO - [2023-02-12 11:56:11,662] {dag.py:2937} INFO - Setting next_dagrun for example_nested_branch_dag to 2023-02-11 00:00:00+00:00
[2023-02-12 11:56:11,849] {processor.py:171} INFO - Processing /usr/local/conda/lib/python3.7/site-packages/airflow/example_dags/example_nested_branch_dag.py took 1.114 seconds
[2023-02-12 11:56:49,842] {processor.py:163} INFO - Started process (PID=2585) to work on /usr/local/conda/lib/python3.7/site-packages/airflow/example_dags/example_nested_branch_dag.py
[2023-02-12 11:56:49,850] {processor.py:642} INFO - Processing file /usr/local/conda/lib/python3.7/site-packages/airflow/example_dags/example_nested_branch_dag.py for tasks to queue
[2023-02-12 11:56:49,853] {logging_mixin.py:109} INFO - [2023-02-12 11:56:49,852] {dagbag.py:500} INFO - Filling up the DagBag from /usr/local/conda/lib/python3.7/site-packages/airflow/example_dags/example_nested_branch_dag.py
[2023-02-12 11:56:49,890] {processor.py:652} INFO - DAG(s) dict_keys(['example_nested_branch_dag']) retrieved from /usr/local/conda/lib/python3.7/site-packages/airflow/example_dags/example_nested_branch_dag.py
[2023-02-12 11:56:49,922] {logging_mixin.py:109} INFO - [2023-02-12 11:56:49,922] {dag.py:2398} INFO - Sync 1 DAGs
[2023-02-12 11:56:49,959] {logging_mixin.py:109} INFO - [2023-02-12 11:56:49,959] {dag.py:2937} INFO - Setting next_dagrun for example_nested_branch_dag to 2023-02-11 00:00:00+00:00
[2023-02-12 11:56:49,986] {processor.py:171} INFO - Processing /usr/local/conda/lib/python3.7/site-packages/airflow/example_dags/example_nested_branch_dag.py took 0.151 seconds
[2023-02-12 11:57:29,833] {processor.py:163} INFO - Started process (PID=2619) to work on /usr/local/conda/lib/python3.7/site-packages/airflow/example_dags/example_nested_branch_dag.py
[2023-02-12 11:57:29,836] {processor.py:642} INFO - Processing file /usr/local/conda/lib/python3.7/site-packages/airflow/example_dags/example_nested_branch_dag.py for tasks to queue
[2023-02-12 11:57:29,839] {logging_mixin.py:109} INFO - [2023-02-12 11:57:29,838] {dagbag.py:500} INFO - Filling up the DagBag from /usr/local/conda/lib/python3.7/site-packages/airflow/example_dags/example_nested_branch_dag.py
[2023-02-12 11:57:29,872] {processor.py:652} INFO - DAG(s) dict_keys(['example_nested_branch_dag']) retrieved from /usr/local/conda/lib/python3.7/site-packages/airflow/example_dags/example_nested_branch_dag.py
[2023-02-12 11:57:29,902] {logging_mixin.py:109} INFO - [2023-02-12 11:57:29,902] {dag.py:2398} INFO - Sync 1 DAGs
[2023-02-12 11:57:29,934] {logging_mixin.py:109} INFO - [2023-02-12 11:57:29,934] {dag.py:2937} INFO - Setting next_dagrun for example_nested_branch_dag to 2023-02-11 00:00:00+00:00
[2023-02-12 11:57:29,962] {processor.py:171} INFO - Processing /usr/local/conda/lib/python3.7/site-packages/airflow/example_dags/example_nested_branch_dag.py took 0.135 seconds
[2023-02-12 11:58:18,852] {processor.py:163} INFO - Started process (PID=2654) to work on /usr/local/conda/lib/python3.7/site-packages/airflow/example_dags/example_nested_branch_dag.py
[2023-02-12 11:58:18,872] {processor.py:642} INFO - Processing file /usr/local/conda/lib/python3.7/site-packages/airflow/example_dags/example_nested_branch_dag.py for tasks to queue
[2023-02-12 11:58:18,875] {logging_mixin.py:109} INFO - [2023-02-12 11:58:18,874] {dagbag.py:500} INFO - Filling up the DagBag from /usr/local/conda/lib/python3.7/site-packages/airflow/example_dags/example_nested_branch_dag.py
[2023-02-12 11:58:18,934] {processor.py:652} INFO - DAG(s) dict_keys(['example_nested_branch_dag']) retrieved from /usr/local/conda/lib/python3.7/site-packages/airflow/example_dags/example_nested_branch_dag.py
[2023-02-12 11:58:19,003] {logging_mixin.py:109} INFO - [2023-02-12 11:58:19,003] {dag.py:2398} INFO - Sync 1 DAGs
[2023-02-12 11:58:19,060] {logging_mixin.py:109} INFO - [2023-02-12 11:58:19,060] {dag.py:2937} INFO - Setting next_dagrun for example_nested_branch_dag to 2023-02-11 00:00:00+00:00
[2023-02-12 11:58:19,148] {processor.py:171} INFO - Processing /usr/local/conda/lib/python3.7/site-packages/airflow/example_dags/example_nested_branch_dag.py took 0.311 seconds
