[2023-02-12 11:30:35,258] {processor.py:163} INFO - Started process (PID=839) to work on /usr/local/conda/lib/python3.7/site-packages/airflow/example_dags/example_branch_datetime_operator.py
[2023-02-12 11:30:35,264] {processor.py:642} INFO - Processing file /usr/local/conda/lib/python3.7/site-packages/airflow/example_dags/example_branch_datetime_operator.py for tasks to queue
[2023-02-12 11:30:35,272] {logging_mixin.py:109} INFO - [2023-02-12 11:30:35,271] {dagbag.py:500} INFO - Filling up the DagBag from /usr/local/conda/lib/python3.7/site-packages/airflow/example_dags/example_branch_datetime_operator.py
[2023-02-12 11:30:35,331] {processor.py:652} INFO - DAG(s) dict_keys(['example_branch_datetime_operator_2']) retrieved from /usr/local/conda/lib/python3.7/site-packages/airflow/example_dags/example_branch_datetime_operator.py
[2023-02-12 11:30:35,362] {logging_mixin.py:109} INFO - [2023-02-12 11:30:35,362] {dag.py:2398} INFO - Sync 1 DAGs
[2023-02-12 11:30:35,397] {logging_mixin.py:109} INFO - [2023-02-12 11:30:35,396] {dag.py:2937} INFO - Setting next_dagrun for example_branch_datetime_operator_2 to 2023-02-11 00:00:00+00:00
[2023-02-12 11:30:35,478] {processor.py:171} INFO - Processing /usr/local/conda/lib/python3.7/site-packages/airflow/example_dags/example_branch_datetime_operator.py took 0.236 seconds
[2023-02-12 11:31:25,806] {processor.py:163} INFO - Started process (PID=1413) to work on /usr/local/conda/lib/python3.7/site-packages/airflow/example_dags/example_branch_datetime_operator.py
[2023-02-12 11:31:25,814] {processor.py:642} INFO - Processing file /usr/local/conda/lib/python3.7/site-packages/airflow/example_dags/example_branch_datetime_operator.py for tasks to queue
[2023-02-12 11:31:25,820] {logging_mixin.py:109} INFO - [2023-02-12 11:31:25,819] {dagbag.py:500} INFO - Filling up the DagBag from /usr/local/conda/lib/python3.7/site-packages/airflow/example_dags/example_branch_datetime_operator.py
[2023-02-12 11:31:25,917] {processor.py:652} INFO - DAG(s) dict_keys(['example_branch_datetime_operator_2']) retrieved from /usr/local/conda/lib/python3.7/site-packages/airflow/example_dags/example_branch_datetime_operator.py
[2023-02-12 11:31:25,993] {logging_mixin.py:109} INFO - [2023-02-12 11:31:25,992] {dag.py:2398} INFO - Sync 1 DAGs
[2023-02-12 11:31:26,090] {logging_mixin.py:109} INFO - [2023-02-12 11:31:26,089] {dag.py:2937} INFO - Setting next_dagrun for example_branch_datetime_operator_2 to 2023-02-11 00:00:00+00:00
[2023-02-12 11:31:26,171] {processor.py:171} INFO - Processing /usr/local/conda/lib/python3.7/site-packages/airflow/example_dags/example_branch_datetime_operator.py took 0.384 seconds
[2023-02-12 11:32:17,299] {processor.py:163} INFO - Started process (PID=1453) to work on /usr/local/conda/lib/python3.7/site-packages/airflow/example_dags/example_branch_datetime_operator.py
[2023-02-12 11:32:17,315] {processor.py:642} INFO - Processing file /usr/local/conda/lib/python3.7/site-packages/airflow/example_dags/example_branch_datetime_operator.py for tasks to queue
[2023-02-12 11:32:17,318] {logging_mixin.py:109} INFO - [2023-02-12 11:32:17,318] {dagbag.py:500} INFO - Filling up the DagBag from /usr/local/conda/lib/python3.7/site-packages/airflow/example_dags/example_branch_datetime_operator.py
[2023-02-12 11:32:17,380] {processor.py:652} INFO - DAG(s) dict_keys(['example_branch_datetime_operator_2']) retrieved from /usr/local/conda/lib/python3.7/site-packages/airflow/example_dags/example_branch_datetime_operator.py
[2023-02-12 11:32:17,442] {logging_mixin.py:109} INFO - [2023-02-12 11:32:17,441] {dag.py:2398} INFO - Sync 1 DAGs
[2023-02-12 11:32:17,496] {logging_mixin.py:109} INFO - [2023-02-12 11:32:17,496] {dag.py:2937} INFO - Setting next_dagrun for example_branch_datetime_operator_2 to 2023-02-11 00:00:00+00:00
[2023-02-12 11:32:17,538] {processor.py:171} INFO - Processing /usr/local/conda/lib/python3.7/site-packages/airflow/example_dags/example_branch_datetime_operator.py took 0.251 seconds
[2023-02-12 11:33:12,555] {processor.py:163} INFO - Started process (PID=1582) to work on /usr/local/conda/lib/python3.7/site-packages/airflow/example_dags/example_branch_datetime_operator.py
[2023-02-12 11:33:12,571] {processor.py:642} INFO - Processing file /usr/local/conda/lib/python3.7/site-packages/airflow/example_dags/example_branch_datetime_operator.py for tasks to queue
[2023-02-12 11:33:12,585] {logging_mixin.py:109} INFO - [2023-02-12 11:33:12,584] {dagbag.py:500} INFO - Filling up the DagBag from /usr/local/conda/lib/python3.7/site-packages/airflow/example_dags/example_branch_datetime_operator.py
[2023-02-12 11:33:12,712] {processor.py:652} INFO - DAG(s) dict_keys(['example_branch_datetime_operator_2']) retrieved from /usr/local/conda/lib/python3.7/site-packages/airflow/example_dags/example_branch_datetime_operator.py
[2023-02-12 11:33:12,769] {logging_mixin.py:109} INFO - [2023-02-12 11:33:12,768] {dag.py:2398} INFO - Sync 1 DAGs
[2023-02-12 11:33:12,819] {logging_mixin.py:109} INFO - [2023-02-12 11:33:12,819] {dag.py:2937} INFO - Setting next_dagrun for example_branch_datetime_operator_2 to 2023-02-11 00:00:00+00:00
[2023-02-12 11:33:13,228] {processor.py:171} INFO - Processing /usr/local/conda/lib/python3.7/site-packages/airflow/example_dags/example_branch_datetime_operator.py took 0.694 seconds
[2023-02-12 11:34:08,546] {processor.py:163} INFO - Started process (PID=1616) to work on /usr/local/conda/lib/python3.7/site-packages/airflow/example_dags/example_branch_datetime_operator.py
[2023-02-12 11:34:08,550] {processor.py:642} INFO - Processing file /usr/local/conda/lib/python3.7/site-packages/airflow/example_dags/example_branch_datetime_operator.py for tasks to queue
[2023-02-12 11:34:08,553] {logging_mixin.py:109} INFO - [2023-02-12 11:34:08,552] {dagbag.py:500} INFO - Filling up the DagBag from /usr/local/conda/lib/python3.7/site-packages/airflow/example_dags/example_branch_datetime_operator.py
[2023-02-12 11:34:08,607] {processor.py:652} INFO - DAG(s) dict_keys(['example_branch_datetime_operator_2']) retrieved from /usr/local/conda/lib/python3.7/site-packages/airflow/example_dags/example_branch_datetime_operator.py
[2023-02-12 11:34:08,642] {logging_mixin.py:109} INFO - [2023-02-12 11:34:08,642] {dag.py:2398} INFO - Sync 1 DAGs
[2023-02-12 11:34:08,701] {logging_mixin.py:109} INFO - [2023-02-12 11:34:08,700] {dag.py:2937} INFO - Setting next_dagrun for example_branch_datetime_operator_2 to 2023-02-11 00:00:00+00:00
[2023-02-12 11:34:08,799] {processor.py:171} INFO - Processing /usr/local/conda/lib/python3.7/site-packages/airflow/example_dags/example_branch_datetime_operator.py took 0.262 seconds
[2023-02-12 11:34:53,642] {processor.py:163} INFO - Started process (PID=1645) to work on /usr/local/conda/lib/python3.7/site-packages/airflow/example_dags/example_branch_datetime_operator.py
[2023-02-12 11:34:53,696] {processor.py:642} INFO - Processing file /usr/local/conda/lib/python3.7/site-packages/airflow/example_dags/example_branch_datetime_operator.py for tasks to queue
[2023-02-12 11:34:53,702] {logging_mixin.py:109} INFO - [2023-02-12 11:34:53,702] {dagbag.py:500} INFO - Filling up the DagBag from /usr/local/conda/lib/python3.7/site-packages/airflow/example_dags/example_branch_datetime_operator.py
[2023-02-12 11:34:53,788] {processor.py:652} INFO - DAG(s) dict_keys(['example_branch_datetime_operator_2']) retrieved from /usr/local/conda/lib/python3.7/site-packages/airflow/example_dags/example_branch_datetime_operator.py
[2023-02-12 11:34:53,950] {logging_mixin.py:109} INFO - [2023-02-12 11:34:53,949] {dag.py:2398} INFO - Sync 1 DAGs
[2023-02-12 11:34:54,069] {logging_mixin.py:109} INFO - [2023-02-12 11:34:54,069] {dag.py:2937} INFO - Setting next_dagrun for example_branch_datetime_operator_2 to 2023-02-11 00:00:00+00:00
[2023-02-12 11:34:54,428] {processor.py:171} INFO - Processing /usr/local/conda/lib/python3.7/site-packages/airflow/example_dags/example_branch_datetime_operator.py took 0.799 seconds
[2023-02-12 11:36:17,707] {processor.py:163} INFO - Started process (PID=1671) to work on /usr/local/conda/lib/python3.7/site-packages/airflow/example_dags/example_branch_datetime_operator.py
[2023-02-12 11:36:17,716] {processor.py:642} INFO - Processing file /usr/local/conda/lib/python3.7/site-packages/airflow/example_dags/example_branch_datetime_operator.py for tasks to queue
[2023-02-12 11:36:17,722] {logging_mixin.py:109} INFO - [2023-02-12 11:36:17,721] {dagbag.py:500} INFO - Filling up the DagBag from /usr/local/conda/lib/python3.7/site-packages/airflow/example_dags/example_branch_datetime_operator.py
[2023-02-12 11:36:17,818] {processor.py:652} INFO - DAG(s) dict_keys(['example_branch_datetime_operator_2']) retrieved from /usr/local/conda/lib/python3.7/site-packages/airflow/example_dags/example_branch_datetime_operator.py
[2023-02-12 11:36:17,887] {logging_mixin.py:109} INFO - [2023-02-12 11:36:17,887] {dag.py:2398} INFO - Sync 1 DAGs
[2023-02-12 11:36:17,917] {logging_mixin.py:109} INFO - [2023-02-12 11:36:17,917] {dag.py:2937} INFO - Setting next_dagrun for example_branch_datetime_operator_2 to 2023-02-11 00:00:00+00:00
[2023-02-12 11:36:18,422] {processor.py:171} INFO - Processing /usr/local/conda/lib/python3.7/site-packages/airflow/example_dags/example_branch_datetime_operator.py took 0.731 seconds
[2023-02-12 11:37:18,761] {processor.py:163} INFO - Started process (PID=1705) to work on /usr/local/conda/lib/python3.7/site-packages/airflow/example_dags/example_branch_datetime_operator.py
[2023-02-12 11:37:18,766] {processor.py:642} INFO - Processing file /usr/local/conda/lib/python3.7/site-packages/airflow/example_dags/example_branch_datetime_operator.py for tasks to queue
[2023-02-12 11:37:18,768] {logging_mixin.py:109} INFO - [2023-02-12 11:37:18,768] {dagbag.py:500} INFO - Filling up the DagBag from /usr/local/conda/lib/python3.7/site-packages/airflow/example_dags/example_branch_datetime_operator.py
[2023-02-12 11:37:18,802] {processor.py:652} INFO - DAG(s) dict_keys(['example_branch_datetime_operator_2']) retrieved from /usr/local/conda/lib/python3.7/site-packages/airflow/example_dags/example_branch_datetime_operator.py
[2023-02-12 11:37:18,830] {logging_mixin.py:109} INFO - [2023-02-12 11:37:18,830] {dag.py:2398} INFO - Sync 1 DAGs
[2023-02-12 11:37:18,861] {logging_mixin.py:109} INFO - [2023-02-12 11:37:18,861] {dag.py:2937} INFO - Setting next_dagrun for example_branch_datetime_operator_2 to 2023-02-11 00:00:00+00:00
[2023-02-12 11:37:18,899] {processor.py:171} INFO - Processing /usr/local/conda/lib/python3.7/site-packages/airflow/example_dags/example_branch_datetime_operator.py took 0.144 seconds
[2023-02-12 11:38:20,231] {processor.py:163} INFO - Started process (PID=1739) to work on /usr/local/conda/lib/python3.7/site-packages/airflow/example_dags/example_branch_datetime_operator.py
[2023-02-12 11:38:20,234] {processor.py:642} INFO - Processing file /usr/local/conda/lib/python3.7/site-packages/airflow/example_dags/example_branch_datetime_operator.py for tasks to queue
[2023-02-12 11:38:20,236] {logging_mixin.py:109} INFO - [2023-02-12 11:38:20,236] {dagbag.py:500} INFO - Filling up the DagBag from /usr/local/conda/lib/python3.7/site-packages/airflow/example_dags/example_branch_datetime_operator.py
[2023-02-12 11:38:20,269] {processor.py:652} INFO - DAG(s) dict_keys(['example_branch_datetime_operator_2']) retrieved from /usr/local/conda/lib/python3.7/site-packages/airflow/example_dags/example_branch_datetime_operator.py
[2023-02-12 11:38:20,302] {logging_mixin.py:109} INFO - [2023-02-12 11:38:20,302] {dag.py:2398} INFO - Sync 1 DAGs
[2023-02-12 11:38:20,337] {logging_mixin.py:109} INFO - [2023-02-12 11:38:20,337] {dag.py:2937} INFO - Setting next_dagrun for example_branch_datetime_operator_2 to 2023-02-11 00:00:00+00:00
[2023-02-12 11:38:20,370] {processor.py:171} INFO - Processing /usr/local/conda/lib/python3.7/site-packages/airflow/example_dags/example_branch_datetime_operator.py took 0.146 seconds
[2023-02-12 11:39:19,989] {processor.py:163} INFO - Started process (PID=1773) to work on /usr/local/conda/lib/python3.7/site-packages/airflow/example_dags/example_branch_datetime_operator.py
[2023-02-12 11:39:20,023] {processor.py:642} INFO - Processing file /usr/local/conda/lib/python3.7/site-packages/airflow/example_dags/example_branch_datetime_operator.py for tasks to queue
[2023-02-12 11:39:20,032] {logging_mixin.py:109} INFO - [2023-02-12 11:39:20,031] {dagbag.py:500} INFO - Filling up the DagBag from /usr/local/conda/lib/python3.7/site-packages/airflow/example_dags/example_branch_datetime_operator.py
[2023-02-12 11:39:20,117] {processor.py:652} INFO - DAG(s) dict_keys(['example_branch_datetime_operator_2']) retrieved from /usr/local/conda/lib/python3.7/site-packages/airflow/example_dags/example_branch_datetime_operator.py
[2023-02-12 11:39:20,165] {logging_mixin.py:109} INFO - [2023-02-12 11:39:20,165] {dag.py:2398} INFO - Sync 1 DAGs
[2023-02-12 11:39:20,208] {logging_mixin.py:109} INFO - [2023-02-12 11:39:20,208] {dag.py:2937} INFO - Setting next_dagrun for example_branch_datetime_operator_2 to 2023-02-11 00:00:00+00:00
[2023-02-12 11:39:20,751] {processor.py:171} INFO - Processing /usr/local/conda/lib/python3.7/site-packages/airflow/example_dags/example_branch_datetime_operator.py took 0.768 seconds
[2023-02-12 11:40:14,240] {processor.py:163} INFO - Started process (PID=1810) to work on /usr/local/conda/lib/python3.7/site-packages/airflow/example_dags/example_branch_datetime_operator.py
[2023-02-12 11:40:14,274] {processor.py:642} INFO - Processing file /usr/local/conda/lib/python3.7/site-packages/airflow/example_dags/example_branch_datetime_operator.py for tasks to queue
[2023-02-12 11:40:14,284] {logging_mixin.py:109} INFO - [2023-02-12 11:40:14,283] {dagbag.py:500} INFO - Filling up the DagBag from /usr/local/conda/lib/python3.7/site-packages/airflow/example_dags/example_branch_datetime_operator.py
[2023-02-12 11:40:14,379] {processor.py:652} INFO - DAG(s) dict_keys(['example_branch_datetime_operator_2']) retrieved from /usr/local/conda/lib/python3.7/site-packages/airflow/example_dags/example_branch_datetime_operator.py
[2023-02-12 11:40:14,430] {logging_mixin.py:109} INFO - [2023-02-12 11:40:14,430] {dag.py:2398} INFO - Sync 1 DAGs
[2023-02-12 11:40:14,460] {logging_mixin.py:109} INFO - [2023-02-12 11:40:14,459] {dag.py:2937} INFO - Setting next_dagrun for example_branch_datetime_operator_2 to 2023-02-11 00:00:00+00:00
[2023-02-12 11:40:14,555] {processor.py:171} INFO - Processing /usr/local/conda/lib/python3.7/site-packages/airflow/example_dags/example_branch_datetime_operator.py took 0.330 seconds
[2023-02-12 11:41:04,096] {processor.py:163} INFO - Started process (PID=1841) to work on /usr/local/conda/lib/python3.7/site-packages/airflow/example_dags/example_branch_datetime_operator.py
[2023-02-12 11:41:04,101] {processor.py:642} INFO - Processing file /usr/local/conda/lib/python3.7/site-packages/airflow/example_dags/example_branch_datetime_operator.py for tasks to queue
[2023-02-12 11:41:04,103] {logging_mixin.py:109} INFO - [2023-02-12 11:41:04,102] {dagbag.py:500} INFO - Filling up the DagBag from /usr/local/conda/lib/python3.7/site-packages/airflow/example_dags/example_branch_datetime_operator.py
[2023-02-12 11:41:04,124] {processor.py:652} INFO - DAG(s) dict_keys(['example_branch_datetime_operator_2']) retrieved from /usr/local/conda/lib/python3.7/site-packages/airflow/example_dags/example_branch_datetime_operator.py
[2023-02-12 11:41:04,142] {logging_mixin.py:109} INFO - [2023-02-12 11:41:04,142] {dag.py:2398} INFO - Sync 1 DAGs
[2023-02-12 11:41:04,163] {logging_mixin.py:109} INFO - [2023-02-12 11:41:04,163] {dag.py:2937} INFO - Setting next_dagrun for example_branch_datetime_operator_2 to 2023-02-11 00:00:00+00:00
[2023-02-12 11:41:04,230] {processor.py:171} INFO - Processing /usr/local/conda/lib/python3.7/site-packages/airflow/example_dags/example_branch_datetime_operator.py took 0.138 seconds
[2023-02-12 11:41:43,465] {processor.py:163} INFO - Started process (PID=1872) to work on /usr/local/conda/lib/python3.7/site-packages/airflow/example_dags/example_branch_datetime_operator.py
[2023-02-12 11:41:43,473] {processor.py:642} INFO - Processing file /usr/local/conda/lib/python3.7/site-packages/airflow/example_dags/example_branch_datetime_operator.py for tasks to queue
[2023-02-12 11:41:43,475] {logging_mixin.py:109} INFO - [2023-02-12 11:41:43,475] {dagbag.py:500} INFO - Filling up the DagBag from /usr/local/conda/lib/python3.7/site-packages/airflow/example_dags/example_branch_datetime_operator.py
[2023-02-12 11:41:43,526] {processor.py:652} INFO - DAG(s) dict_keys(['example_branch_datetime_operator_2']) retrieved from /usr/local/conda/lib/python3.7/site-packages/airflow/example_dags/example_branch_datetime_operator.py
[2023-02-12 11:41:43,565] {logging_mixin.py:109} INFO - [2023-02-12 11:41:43,565] {dag.py:2398} INFO - Sync 1 DAGs
[2023-02-12 11:41:43,606] {logging_mixin.py:109} INFO - [2023-02-12 11:41:43,606] {dag.py:2937} INFO - Setting next_dagrun for example_branch_datetime_operator_2 to 2023-02-11 00:00:00+00:00
[2023-02-12 11:41:43,642] {processor.py:171} INFO - Processing /usr/local/conda/lib/python3.7/site-packages/airflow/example_dags/example_branch_datetime_operator.py took 0.183 seconds
[2023-02-12 11:42:25,134] {processor.py:163} INFO - Started process (PID=1904) to work on /usr/local/conda/lib/python3.7/site-packages/airflow/example_dags/example_branch_datetime_operator.py
[2023-02-12 11:42:25,143] {processor.py:642} INFO - Processing file /usr/local/conda/lib/python3.7/site-packages/airflow/example_dags/example_branch_datetime_operator.py for tasks to queue
[2023-02-12 11:42:25,146] {logging_mixin.py:109} INFO - [2023-02-12 11:42:25,146] {dagbag.py:500} INFO - Filling up the DagBag from /usr/local/conda/lib/python3.7/site-packages/airflow/example_dags/example_branch_datetime_operator.py
[2023-02-12 11:42:25,178] {processor.py:652} INFO - DAG(s) dict_keys(['example_branch_datetime_operator_2']) retrieved from /usr/local/conda/lib/python3.7/site-packages/airflow/example_dags/example_branch_datetime_operator.py
[2023-02-12 11:42:25,204] {logging_mixin.py:109} INFO - [2023-02-12 11:42:25,204] {dag.py:2398} INFO - Sync 1 DAGs
[2023-02-12 11:42:25,233] {logging_mixin.py:109} INFO - [2023-02-12 11:42:25,233] {dag.py:2937} INFO - Setting next_dagrun for example_branch_datetime_operator_2 to 2023-02-11 00:00:00+00:00
[2023-02-12 11:42:25,279] {processor.py:171} INFO - Processing /usr/local/conda/lib/python3.7/site-packages/airflow/example_dags/example_branch_datetime_operator.py took 0.161 seconds
[2023-02-12 11:43:17,377] {processor.py:163} INFO - Started process (PID=1941) to work on /usr/local/conda/lib/python3.7/site-packages/airflow/example_dags/example_branch_datetime_operator.py
[2023-02-12 11:43:17,384] {processor.py:642} INFO - Processing file /usr/local/conda/lib/python3.7/site-packages/airflow/example_dags/example_branch_datetime_operator.py for tasks to queue
[2023-02-12 11:43:17,396] {logging_mixin.py:109} INFO - [2023-02-12 11:43:17,395] {dagbag.py:500} INFO - Filling up the DagBag from /usr/local/conda/lib/python3.7/site-packages/airflow/example_dags/example_branch_datetime_operator.py
[2023-02-12 11:43:17,435] {processor.py:652} INFO - DAG(s) dict_keys(['example_branch_datetime_operator_2']) retrieved from /usr/local/conda/lib/python3.7/site-packages/airflow/example_dags/example_branch_datetime_operator.py
[2023-02-12 11:43:17,491] {logging_mixin.py:109} INFO - [2023-02-12 11:43:17,490] {dag.py:2398} INFO - Sync 1 DAGs
[2023-02-12 11:43:17,535] {logging_mixin.py:109} INFO - [2023-02-12 11:43:17,535] {dag.py:2937} INFO - Setting next_dagrun for example_branch_datetime_operator_2 to 2023-02-11 00:00:00+00:00
[2023-02-12 11:43:17,614] {processor.py:171} INFO - Processing /usr/local/conda/lib/python3.7/site-packages/airflow/example_dags/example_branch_datetime_operator.py took 0.244 seconds
[2023-02-12 11:44:10,364] {processor.py:163} INFO - Started process (PID=1979) to work on /usr/local/conda/lib/python3.7/site-packages/airflow/example_dags/example_branch_datetime_operator.py
[2023-02-12 11:44:10,376] {processor.py:642} INFO - Processing file /usr/local/conda/lib/python3.7/site-packages/airflow/example_dags/example_branch_datetime_operator.py for tasks to queue
[2023-02-12 11:44:10,406] {logging_mixin.py:109} INFO - [2023-02-12 11:44:10,405] {dagbag.py:500} INFO - Filling up the DagBag from /usr/local/conda/lib/python3.7/site-packages/airflow/example_dags/example_branch_datetime_operator.py
[2023-02-12 11:44:10,462] {processor.py:652} INFO - DAG(s) dict_keys(['example_branch_datetime_operator_2']) retrieved from /usr/local/conda/lib/python3.7/site-packages/airflow/example_dags/example_branch_datetime_operator.py
[2023-02-12 11:44:10,494] {logging_mixin.py:109} INFO - [2023-02-12 11:44:10,494] {dag.py:2398} INFO - Sync 1 DAGs
[2023-02-12 11:44:10,536] {logging_mixin.py:109} INFO - [2023-02-12 11:44:10,536] {dag.py:2937} INFO - Setting next_dagrun for example_branch_datetime_operator_2 to 2023-02-11 00:00:00+00:00
[2023-02-12 11:44:10,606] {processor.py:171} INFO - Processing /usr/local/conda/lib/python3.7/site-packages/airflow/example_dags/example_branch_datetime_operator.py took 0.249 seconds
[2023-02-12 11:45:02,358] {processor.py:163} INFO - Started process (PID=2016) to work on /usr/local/conda/lib/python3.7/site-packages/airflow/example_dags/example_branch_datetime_operator.py
[2023-02-12 11:45:02,380] {processor.py:642} INFO - Processing file /usr/local/conda/lib/python3.7/site-packages/airflow/example_dags/example_branch_datetime_operator.py for tasks to queue
[2023-02-12 11:45:02,382] {logging_mixin.py:109} INFO - [2023-02-12 11:45:02,381] {dagbag.py:500} INFO - Filling up the DagBag from /usr/local/conda/lib/python3.7/site-packages/airflow/example_dags/example_branch_datetime_operator.py
[2023-02-12 11:45:02,460] {processor.py:652} INFO - DAG(s) dict_keys(['example_branch_datetime_operator_2']) retrieved from /usr/local/conda/lib/python3.7/site-packages/airflow/example_dags/example_branch_datetime_operator.py
[2023-02-12 11:45:02,500] {logging_mixin.py:109} INFO - [2023-02-12 11:45:02,500] {dag.py:2398} INFO - Sync 1 DAGs
[2023-02-12 11:45:02,563] {logging_mixin.py:109} INFO - [2023-02-12 11:45:02,562] {dag.py:2937} INFO - Setting next_dagrun for example_branch_datetime_operator_2 to 2023-02-11 00:00:00+00:00
[2023-02-12 11:45:02,616] {processor.py:171} INFO - Processing /usr/local/conda/lib/python3.7/site-packages/airflow/example_dags/example_branch_datetime_operator.py took 0.265 seconds
[2023-02-12 11:45:46,395] {processor.py:163} INFO - Started process (PID=2046) to work on /usr/local/conda/lib/python3.7/site-packages/airflow/example_dags/example_branch_datetime_operator.py
[2023-02-12 11:45:46,406] {processor.py:642} INFO - Processing file /usr/local/conda/lib/python3.7/site-packages/airflow/example_dags/example_branch_datetime_operator.py for tasks to queue
[2023-02-12 11:45:46,426] {logging_mixin.py:109} INFO - [2023-02-12 11:45:46,416] {dagbag.py:500} INFO - Filling up the DagBag from /usr/local/conda/lib/python3.7/site-packages/airflow/example_dags/example_branch_datetime_operator.py
[2023-02-12 11:45:46,521] {processor.py:652} INFO - DAG(s) dict_keys(['example_branch_datetime_operator_2']) retrieved from /usr/local/conda/lib/python3.7/site-packages/airflow/example_dags/example_branch_datetime_operator.py
[2023-02-12 11:45:46,591] {logging_mixin.py:109} INFO - [2023-02-12 11:45:46,590] {dag.py:2398} INFO - Sync 1 DAGs
[2023-02-12 11:45:46,663] {logging_mixin.py:109} INFO - [2023-02-12 11:45:46,663] {dag.py:2937} INFO - Setting next_dagrun for example_branch_datetime_operator_2 to 2023-02-11 00:00:00+00:00
[2023-02-12 11:45:46,806] {processor.py:171} INFO - Processing /usr/local/conda/lib/python3.7/site-packages/airflow/example_dags/example_branch_datetime_operator.py took 0.428 seconds
[2023-02-12 11:46:46,722] {processor.py:163} INFO - Started process (PID=2087) to work on /usr/local/conda/lib/python3.7/site-packages/airflow/example_dags/example_branch_datetime_operator.py
[2023-02-12 11:46:46,727] {processor.py:642} INFO - Processing file /usr/local/conda/lib/python3.7/site-packages/airflow/example_dags/example_branch_datetime_operator.py for tasks to queue
[2023-02-12 11:46:46,731] {logging_mixin.py:109} INFO - [2023-02-12 11:46:46,731] {dagbag.py:500} INFO - Filling up the DagBag from /usr/local/conda/lib/python3.7/site-packages/airflow/example_dags/example_branch_datetime_operator.py
[2023-02-12 11:46:46,809] {processor.py:652} INFO - DAG(s) dict_keys(['example_branch_datetime_operator_2']) retrieved from /usr/local/conda/lib/python3.7/site-packages/airflow/example_dags/example_branch_datetime_operator.py
[2023-02-12 11:46:46,903] {logging_mixin.py:109} INFO - [2023-02-12 11:46:46,902] {dag.py:2398} INFO - Sync 1 DAGs
[2023-02-12 11:46:46,961] {logging_mixin.py:109} INFO - [2023-02-12 11:46:46,961] {dag.py:2937} INFO - Setting next_dagrun for example_branch_datetime_operator_2 to 2023-02-11 00:00:00+00:00
[2023-02-12 11:46:47,064] {processor.py:171} INFO - Processing /usr/local/conda/lib/python3.7/site-packages/airflow/example_dags/example_branch_datetime_operator.py took 0.351 seconds
[2023-02-12 11:47:36,345] {processor.py:163} INFO - Started process (PID=2123) to work on /usr/local/conda/lib/python3.7/site-packages/airflow/example_dags/example_branch_datetime_operator.py
[2023-02-12 11:47:36,349] {processor.py:642} INFO - Processing file /usr/local/conda/lib/python3.7/site-packages/airflow/example_dags/example_branch_datetime_operator.py for tasks to queue
[2023-02-12 11:47:36,356] {logging_mixin.py:109} INFO - [2023-02-12 11:47:36,356] {dagbag.py:500} INFO - Filling up the DagBag from /usr/local/conda/lib/python3.7/site-packages/airflow/example_dags/example_branch_datetime_operator.py
[2023-02-12 11:47:36,398] {processor.py:652} INFO - DAG(s) dict_keys(['example_branch_datetime_operator_2']) retrieved from /usr/local/conda/lib/python3.7/site-packages/airflow/example_dags/example_branch_datetime_operator.py
[2023-02-12 11:47:36,430] {logging_mixin.py:109} INFO - [2023-02-12 11:47:36,430] {dag.py:2398} INFO - Sync 1 DAGs
[2023-02-12 11:47:36,463] {logging_mixin.py:109} INFO - [2023-02-12 11:47:36,463] {dag.py:2937} INFO - Setting next_dagrun for example_branch_datetime_operator_2 to 2023-02-11 00:00:00+00:00
[2023-02-12 11:47:36,502] {processor.py:171} INFO - Processing /usr/local/conda/lib/python3.7/site-packages/airflow/example_dags/example_branch_datetime_operator.py took 0.162 seconds
[2023-02-12 11:48:18,990] {processor.py:163} INFO - Started process (PID=2155) to work on /usr/local/conda/lib/python3.7/site-packages/airflow/example_dags/example_branch_datetime_operator.py
[2023-02-12 11:48:18,994] {processor.py:642} INFO - Processing file /usr/local/conda/lib/python3.7/site-packages/airflow/example_dags/example_branch_datetime_operator.py for tasks to queue
[2023-02-12 11:48:18,995] {logging_mixin.py:109} INFO - [2023-02-12 11:48:18,995] {dagbag.py:500} INFO - Filling up the DagBag from /usr/local/conda/lib/python3.7/site-packages/airflow/example_dags/example_branch_datetime_operator.py
[2023-02-12 11:48:19,031] {processor.py:652} INFO - DAG(s) dict_keys(['example_branch_datetime_operator_2']) retrieved from /usr/local/conda/lib/python3.7/site-packages/airflow/example_dags/example_branch_datetime_operator.py
[2023-02-12 11:48:19,061] {logging_mixin.py:109} INFO - [2023-02-12 11:48:19,061] {dag.py:2398} INFO - Sync 1 DAGs
[2023-02-12 11:48:19,094] {logging_mixin.py:109} INFO - [2023-02-12 11:48:19,093] {dag.py:2937} INFO - Setting next_dagrun for example_branch_datetime_operator_2 to 2023-02-11 00:00:00+00:00
[2023-02-12 11:48:19,135] {processor.py:171} INFO - Processing /usr/local/conda/lib/python3.7/site-packages/airflow/example_dags/example_branch_datetime_operator.py took 0.152 seconds
[2023-02-12 11:49:01,237] {processor.py:163} INFO - Started process (PID=2191) to work on /usr/local/conda/lib/python3.7/site-packages/airflow/example_dags/example_branch_datetime_operator.py
[2023-02-12 11:49:01,241] {processor.py:642} INFO - Processing file /usr/local/conda/lib/python3.7/site-packages/airflow/example_dags/example_branch_datetime_operator.py for tasks to queue
[2023-02-12 11:49:01,243] {logging_mixin.py:109} INFO - [2023-02-12 11:49:01,242] {dagbag.py:500} INFO - Filling up the DagBag from /usr/local/conda/lib/python3.7/site-packages/airflow/example_dags/example_branch_datetime_operator.py
[2023-02-12 11:49:01,282] {processor.py:652} INFO - DAG(s) dict_keys(['example_branch_datetime_operator_2']) retrieved from /usr/local/conda/lib/python3.7/site-packages/airflow/example_dags/example_branch_datetime_operator.py
[2023-02-12 11:49:01,312] {logging_mixin.py:109} INFO - [2023-02-12 11:49:01,311] {dag.py:2398} INFO - Sync 1 DAGs
[2023-02-12 11:49:01,345] {logging_mixin.py:109} INFO - [2023-02-12 11:49:01,344] {dag.py:2937} INFO - Setting next_dagrun for example_branch_datetime_operator_2 to 2023-02-11 00:00:00+00:00
[2023-02-12 11:49:01,372] {processor.py:171} INFO - Processing /usr/local/conda/lib/python3.7/site-packages/airflow/example_dags/example_branch_datetime_operator.py took 0.142 seconds
[2023-02-12 11:49:44,802] {processor.py:163} INFO - Started process (PID=2223) to work on /usr/local/conda/lib/python3.7/site-packages/airflow/example_dags/example_branch_datetime_operator.py
[2023-02-12 11:49:44,806] {processor.py:642} INFO - Processing file /usr/local/conda/lib/python3.7/site-packages/airflow/example_dags/example_branch_datetime_operator.py for tasks to queue
[2023-02-12 11:49:44,810] {logging_mixin.py:109} INFO - [2023-02-12 11:49:44,809] {dagbag.py:500} INFO - Filling up the DagBag from /usr/local/conda/lib/python3.7/site-packages/airflow/example_dags/example_branch_datetime_operator.py
[2023-02-12 11:49:44,849] {processor.py:652} INFO - DAG(s) dict_keys(['example_branch_datetime_operator_2']) retrieved from /usr/local/conda/lib/python3.7/site-packages/airflow/example_dags/example_branch_datetime_operator.py
[2023-02-12 11:49:44,885] {logging_mixin.py:109} INFO - [2023-02-12 11:49:44,885] {dag.py:2398} INFO - Sync 1 DAGs
[2023-02-12 11:49:44,965] {logging_mixin.py:109} INFO - [2023-02-12 11:49:44,965] {dag.py:2937} INFO - Setting next_dagrun for example_branch_datetime_operator_2 to 2023-02-11 00:00:00+00:00
[2023-02-12 11:49:45,031] {processor.py:171} INFO - Processing /usr/local/conda/lib/python3.7/site-packages/airflow/example_dags/example_branch_datetime_operator.py took 0.236 seconds
[2023-02-12 11:50:25,118] {processor.py:163} INFO - Started process (PID=2257) to work on /usr/local/conda/lib/python3.7/site-packages/airflow/example_dags/example_branch_datetime_operator.py
[2023-02-12 11:50:25,121] {processor.py:642} INFO - Processing file /usr/local/conda/lib/python3.7/site-packages/airflow/example_dags/example_branch_datetime_operator.py for tasks to queue
[2023-02-12 11:50:25,122] {logging_mixin.py:109} INFO - [2023-02-12 11:50:25,122] {dagbag.py:500} INFO - Filling up the DagBag from /usr/local/conda/lib/python3.7/site-packages/airflow/example_dags/example_branch_datetime_operator.py
[2023-02-12 11:50:25,147] {processor.py:652} INFO - DAG(s) dict_keys(['example_branch_datetime_operator_2']) retrieved from /usr/local/conda/lib/python3.7/site-packages/airflow/example_dags/example_branch_datetime_operator.py
[2023-02-12 11:50:25,168] {logging_mixin.py:109} INFO - [2023-02-12 11:50:25,168] {dag.py:2398} INFO - Sync 1 DAGs
[2023-02-12 11:50:25,192] {logging_mixin.py:109} INFO - [2023-02-12 11:50:25,192] {dag.py:2937} INFO - Setting next_dagrun for example_branch_datetime_operator_2 to 2023-02-11 00:00:00+00:00
[2023-02-12 11:50:25,216] {processor.py:171} INFO - Processing /usr/local/conda/lib/python3.7/site-packages/airflow/example_dags/example_branch_datetime_operator.py took 0.102 seconds
[2023-02-12 11:51:12,542] {processor.py:163} INFO - Started process (PID=2296) to work on /usr/local/conda/lib/python3.7/site-packages/airflow/example_dags/example_branch_datetime_operator.py
[2023-02-12 11:51:12,547] {processor.py:642} INFO - Processing file /usr/local/conda/lib/python3.7/site-packages/airflow/example_dags/example_branch_datetime_operator.py for tasks to queue
[2023-02-12 11:51:12,550] {logging_mixin.py:109} INFO - [2023-02-12 11:51:12,549] {dagbag.py:500} INFO - Filling up the DagBag from /usr/local/conda/lib/python3.7/site-packages/airflow/example_dags/example_branch_datetime_operator.py
[2023-02-12 11:51:12,580] {processor.py:652} INFO - DAG(s) dict_keys(['example_branch_datetime_operator_2']) retrieved from /usr/local/conda/lib/python3.7/site-packages/airflow/example_dags/example_branch_datetime_operator.py
[2023-02-12 11:51:12,609] {logging_mixin.py:109} INFO - [2023-02-12 11:51:12,609] {dag.py:2398} INFO - Sync 1 DAGs
[2023-02-12 11:51:12,638] {logging_mixin.py:109} INFO - [2023-02-12 11:51:12,637] {dag.py:2937} INFO - Setting next_dagrun for example_branch_datetime_operator_2 to 2023-02-11 00:00:00+00:00
[2023-02-12 11:51:12,670] {processor.py:171} INFO - Processing /usr/local/conda/lib/python3.7/site-packages/airflow/example_dags/example_branch_datetime_operator.py took 0.134 seconds
[2023-02-12 11:51:52,799] {processor.py:163} INFO - Started process (PID=2331) to work on /usr/local/conda/lib/python3.7/site-packages/airflow/example_dags/example_branch_datetime_operator.py
[2023-02-12 11:51:52,803] {processor.py:642} INFO - Processing file /usr/local/conda/lib/python3.7/site-packages/airflow/example_dags/example_branch_datetime_operator.py for tasks to queue
[2023-02-12 11:51:52,807] {logging_mixin.py:109} INFO - [2023-02-12 11:51:52,806] {dagbag.py:500} INFO - Filling up the DagBag from /usr/local/conda/lib/python3.7/site-packages/airflow/example_dags/example_branch_datetime_operator.py
[2023-02-12 11:51:52,844] {processor.py:652} INFO - DAG(s) dict_keys(['example_branch_datetime_operator_2']) retrieved from /usr/local/conda/lib/python3.7/site-packages/airflow/example_dags/example_branch_datetime_operator.py
[2023-02-12 11:51:52,875] {logging_mixin.py:109} INFO - [2023-02-12 11:51:52,874] {dag.py:2398} INFO - Sync 1 DAGs
[2023-02-12 11:51:52,910] {logging_mixin.py:109} INFO - [2023-02-12 11:51:52,910] {dag.py:2937} INFO - Setting next_dagrun for example_branch_datetime_operator_2 to 2023-02-11 00:00:00+00:00
[2023-02-12 11:51:52,943] {processor.py:171} INFO - Processing /usr/local/conda/lib/python3.7/site-packages/airflow/example_dags/example_branch_datetime_operator.py took 0.150 seconds
[2023-02-12 11:52:28,713] {processor.py:163} INFO - Started process (PID=2362) to work on /usr/local/conda/lib/python3.7/site-packages/airflow/example_dags/example_branch_datetime_operator.py
[2023-02-12 11:52:28,717] {processor.py:642} INFO - Processing file /usr/local/conda/lib/python3.7/site-packages/airflow/example_dags/example_branch_datetime_operator.py for tasks to queue
[2023-02-12 11:52:28,719] {logging_mixin.py:109} INFO - [2023-02-12 11:52:28,718] {dagbag.py:500} INFO - Filling up the DagBag from /usr/local/conda/lib/python3.7/site-packages/airflow/example_dags/example_branch_datetime_operator.py
[2023-02-12 11:52:28,760] {processor.py:652} INFO - DAG(s) dict_keys(['example_branch_datetime_operator_2']) retrieved from /usr/local/conda/lib/python3.7/site-packages/airflow/example_dags/example_branch_datetime_operator.py
[2023-02-12 11:52:28,793] {logging_mixin.py:109} INFO - [2023-02-12 11:52:28,793] {dag.py:2398} INFO - Sync 1 DAGs
[2023-02-12 11:52:28,828] {logging_mixin.py:109} INFO - [2023-02-12 11:52:28,828] {dag.py:2937} INFO - Setting next_dagrun for example_branch_datetime_operator_2 to 2023-02-11 00:00:00+00:00
[2023-02-12 11:52:28,862] {processor.py:171} INFO - Processing /usr/local/conda/lib/python3.7/site-packages/airflow/example_dags/example_branch_datetime_operator.py took 0.156 seconds
[2023-02-12 11:53:04,257] {processor.py:163} INFO - Started process (PID=2393) to work on /usr/local/conda/lib/python3.7/site-packages/airflow/example_dags/example_branch_datetime_operator.py
[2023-02-12 11:53:04,259] {processor.py:642} INFO - Processing file /usr/local/conda/lib/python3.7/site-packages/airflow/example_dags/example_branch_datetime_operator.py for tasks to queue
[2023-02-12 11:53:04,261] {logging_mixin.py:109} INFO - [2023-02-12 11:53:04,261] {dagbag.py:500} INFO - Filling up the DagBag from /usr/local/conda/lib/python3.7/site-packages/airflow/example_dags/example_branch_datetime_operator.py
[2023-02-12 11:53:04,282] {processor.py:652} INFO - DAG(s) dict_keys(['example_branch_datetime_operator_2']) retrieved from /usr/local/conda/lib/python3.7/site-packages/airflow/example_dags/example_branch_datetime_operator.py
[2023-02-12 11:53:04,302] {logging_mixin.py:109} INFO - [2023-02-12 11:53:04,302] {dag.py:2398} INFO - Sync 1 DAGs
[2023-02-12 11:53:04,321] {logging_mixin.py:109} INFO - [2023-02-12 11:53:04,321] {dag.py:2937} INFO - Setting next_dagrun for example_branch_datetime_operator_2 to 2023-02-11 00:00:00+00:00
[2023-02-12 11:53:04,354] {processor.py:171} INFO - Processing /usr/local/conda/lib/python3.7/site-packages/airflow/example_dags/example_branch_datetime_operator.py took 0.101 seconds
[2023-02-12 11:53:39,958] {processor.py:163} INFO - Started process (PID=2425) to work on /usr/local/conda/lib/python3.7/site-packages/airflow/example_dags/example_branch_datetime_operator.py
[2023-02-12 11:53:39,960] {processor.py:642} INFO - Processing file /usr/local/conda/lib/python3.7/site-packages/airflow/example_dags/example_branch_datetime_operator.py for tasks to queue
[2023-02-12 11:53:39,962] {logging_mixin.py:109} INFO - [2023-02-12 11:53:39,962] {dagbag.py:500} INFO - Filling up the DagBag from /usr/local/conda/lib/python3.7/site-packages/airflow/example_dags/example_branch_datetime_operator.py
[2023-02-12 11:53:39,983] {processor.py:652} INFO - DAG(s) dict_keys(['example_branch_datetime_operator_2']) retrieved from /usr/local/conda/lib/python3.7/site-packages/airflow/example_dags/example_branch_datetime_operator.py
[2023-02-12 11:53:40,002] {logging_mixin.py:109} INFO - [2023-02-12 11:53:40,002] {dag.py:2398} INFO - Sync 1 DAGs
[2023-02-12 11:53:40,023] {logging_mixin.py:109} INFO - [2023-02-12 11:53:40,022] {dag.py:2937} INFO - Setting next_dagrun for example_branch_datetime_operator_2 to 2023-02-11 00:00:00+00:00
[2023-02-12 11:53:40,053] {processor.py:171} INFO - Processing /usr/local/conda/lib/python3.7/site-packages/airflow/example_dags/example_branch_datetime_operator.py took 0.098 seconds
[2023-02-12 11:54:16,765] {processor.py:163} INFO - Started process (PID=2455) to work on /usr/local/conda/lib/python3.7/site-packages/airflow/example_dags/example_branch_datetime_operator.py
[2023-02-12 11:54:16,768] {processor.py:642} INFO - Processing file /usr/local/conda/lib/python3.7/site-packages/airflow/example_dags/example_branch_datetime_operator.py for tasks to queue
[2023-02-12 11:54:16,770] {logging_mixin.py:109} INFO - [2023-02-12 11:54:16,769] {dagbag.py:500} INFO - Filling up the DagBag from /usr/local/conda/lib/python3.7/site-packages/airflow/example_dags/example_branch_datetime_operator.py
[2023-02-12 11:54:16,790] {processor.py:652} INFO - DAG(s) dict_keys(['example_branch_datetime_operator_2']) retrieved from /usr/local/conda/lib/python3.7/site-packages/airflow/example_dags/example_branch_datetime_operator.py
[2023-02-12 11:54:16,810] {logging_mixin.py:109} INFO - [2023-02-12 11:54:16,809] {dag.py:2398} INFO - Sync 1 DAGs
[2023-02-12 11:54:16,828] {logging_mixin.py:109} INFO - [2023-02-12 11:54:16,828] {dag.py:2937} INFO - Setting next_dagrun for example_branch_datetime_operator_2 to 2023-02-11 00:00:00+00:00
[2023-02-12 11:54:16,848] {processor.py:171} INFO - Processing /usr/local/conda/lib/python3.7/site-packages/airflow/example_dags/example_branch_datetime_operator.py took 0.087 seconds
[2023-02-12 11:54:56,526] {processor.py:163} INFO - Started process (PID=2491) to work on /usr/local/conda/lib/python3.7/site-packages/airflow/example_dags/example_branch_datetime_operator.py
[2023-02-12 11:54:56,530] {processor.py:642} INFO - Processing file /usr/local/conda/lib/python3.7/site-packages/airflow/example_dags/example_branch_datetime_operator.py for tasks to queue
[2023-02-12 11:54:56,532] {logging_mixin.py:109} INFO - [2023-02-12 11:54:56,532] {dagbag.py:500} INFO - Filling up the DagBag from /usr/local/conda/lib/python3.7/site-packages/airflow/example_dags/example_branch_datetime_operator.py
[2023-02-12 11:54:56,570] {processor.py:652} INFO - DAG(s) dict_keys(['example_branch_datetime_operator_2']) retrieved from /usr/local/conda/lib/python3.7/site-packages/airflow/example_dags/example_branch_datetime_operator.py
[2023-02-12 11:54:56,604] {logging_mixin.py:109} INFO - [2023-02-12 11:54:56,604] {dag.py:2398} INFO - Sync 1 DAGs
[2023-02-12 11:54:56,640] {logging_mixin.py:109} INFO - [2023-02-12 11:54:56,639] {dag.py:2937} INFO - Setting next_dagrun for example_branch_datetime_operator_2 to 2023-02-11 00:00:00+00:00
[2023-02-12 11:54:56,673] {processor.py:171} INFO - Processing /usr/local/conda/lib/python3.7/site-packages/airflow/example_dags/example_branch_datetime_operator.py took 0.158 seconds
[2023-02-12 11:55:32,274] {processor.py:163} INFO - Started process (PID=2523) to work on /usr/local/conda/lib/python3.7/site-packages/airflow/example_dags/example_branch_datetime_operator.py
[2023-02-12 11:55:32,278] {processor.py:642} INFO - Processing file /usr/local/conda/lib/python3.7/site-packages/airflow/example_dags/example_branch_datetime_operator.py for tasks to queue
[2023-02-12 11:55:32,280] {logging_mixin.py:109} INFO - [2023-02-12 11:55:32,280] {dagbag.py:500} INFO - Filling up the DagBag from /usr/local/conda/lib/python3.7/site-packages/airflow/example_dags/example_branch_datetime_operator.py
[2023-02-12 11:55:32,317] {processor.py:652} INFO - DAG(s) dict_keys(['example_branch_datetime_operator_2']) retrieved from /usr/local/conda/lib/python3.7/site-packages/airflow/example_dags/example_branch_datetime_operator.py
[2023-02-12 11:55:32,347] {logging_mixin.py:109} INFO - [2023-02-12 11:55:32,346] {dag.py:2398} INFO - Sync 1 DAGs
[2023-02-12 11:55:32,380] {logging_mixin.py:109} INFO - [2023-02-12 11:55:32,380] {dag.py:2937} INFO - Setting next_dagrun for example_branch_datetime_operator_2 to 2023-02-11 00:00:00+00:00
[2023-02-12 11:55:32,409] {processor.py:171} INFO - Processing /usr/local/conda/lib/python3.7/site-packages/airflow/example_dags/example_branch_datetime_operator.py took 0.141 seconds
[2023-02-12 11:56:13,722] {processor.py:163} INFO - Started process (PID=2554) to work on /usr/local/conda/lib/python3.7/site-packages/airflow/example_dags/example_branch_datetime_operator.py
[2023-02-12 11:56:13,729] {processor.py:642} INFO - Processing file /usr/local/conda/lib/python3.7/site-packages/airflow/example_dags/example_branch_datetime_operator.py for tasks to queue
[2023-02-12 11:56:13,735] {logging_mixin.py:109} INFO - [2023-02-12 11:56:13,734] {dagbag.py:500} INFO - Filling up the DagBag from /usr/local/conda/lib/python3.7/site-packages/airflow/example_dags/example_branch_datetime_operator.py
[2023-02-12 11:56:13,790] {processor.py:652} INFO - DAG(s) dict_keys(['example_branch_datetime_operator_2']) retrieved from /usr/local/conda/lib/python3.7/site-packages/airflow/example_dags/example_branch_datetime_operator.py
[2023-02-12 11:56:13,838] {logging_mixin.py:109} INFO - [2023-02-12 11:56:13,838] {dag.py:2398} INFO - Sync 1 DAGs
[2023-02-12 11:56:13,887] {logging_mixin.py:109} INFO - [2023-02-12 11:56:13,887] {dag.py:2937} INFO - Setting next_dagrun for example_branch_datetime_operator_2 to 2023-02-11 00:00:00+00:00
[2023-02-12 11:56:13,931] {processor.py:171} INFO - Processing /usr/local/conda/lib/python3.7/site-packages/airflow/example_dags/example_branch_datetime_operator.py took 0.225 seconds
[2023-02-12 11:56:51,112] {processor.py:163} INFO - Started process (PID=2586) to work on /usr/local/conda/lib/python3.7/site-packages/airflow/example_dags/example_branch_datetime_operator.py
[2023-02-12 11:56:51,115] {processor.py:642} INFO - Processing file /usr/local/conda/lib/python3.7/site-packages/airflow/example_dags/example_branch_datetime_operator.py for tasks to queue
[2023-02-12 11:56:51,118] {logging_mixin.py:109} INFO - [2023-02-12 11:56:51,117] {dagbag.py:500} INFO - Filling up the DagBag from /usr/local/conda/lib/python3.7/site-packages/airflow/example_dags/example_branch_datetime_operator.py
[2023-02-12 11:56:51,151] {processor.py:652} INFO - DAG(s) dict_keys(['example_branch_datetime_operator_2']) retrieved from /usr/local/conda/lib/python3.7/site-packages/airflow/example_dags/example_branch_datetime_operator.py
[2023-02-12 11:56:51,182] {logging_mixin.py:109} INFO - [2023-02-12 11:56:51,182] {dag.py:2398} INFO - Sync 1 DAGs
[2023-02-12 11:56:51,214] {logging_mixin.py:109} INFO - [2023-02-12 11:56:51,214] {dag.py:2937} INFO - Setting next_dagrun for example_branch_datetime_operator_2 to 2023-02-11 00:00:00+00:00
[2023-02-12 11:56:51,246] {processor.py:171} INFO - Processing /usr/local/conda/lib/python3.7/site-packages/airflow/example_dags/example_branch_datetime_operator.py took 0.141 seconds
[2023-02-12 11:57:31,102] {processor.py:163} INFO - Started process (PID=2620) to work on /usr/local/conda/lib/python3.7/site-packages/airflow/example_dags/example_branch_datetime_operator.py
[2023-02-12 11:57:31,106] {processor.py:642} INFO - Processing file /usr/local/conda/lib/python3.7/site-packages/airflow/example_dags/example_branch_datetime_operator.py for tasks to queue
[2023-02-12 11:57:31,108] {logging_mixin.py:109} INFO - [2023-02-12 11:57:31,108] {dagbag.py:500} INFO - Filling up the DagBag from /usr/local/conda/lib/python3.7/site-packages/airflow/example_dags/example_branch_datetime_operator.py
[2023-02-12 11:57:31,144] {processor.py:652} INFO - DAG(s) dict_keys(['example_branch_datetime_operator_2']) retrieved from /usr/local/conda/lib/python3.7/site-packages/airflow/example_dags/example_branch_datetime_operator.py
[2023-02-12 11:57:31,175] {logging_mixin.py:109} INFO - [2023-02-12 11:57:31,174] {dag.py:2398} INFO - Sync 1 DAGs
[2023-02-12 11:57:31,211] {logging_mixin.py:109} INFO - [2023-02-12 11:57:31,211] {dag.py:2937} INFO - Setting next_dagrun for example_branch_datetime_operator_2 to 2023-02-11 00:00:00+00:00
[2023-02-12 11:57:31,244] {processor.py:171} INFO - Processing /usr/local/conda/lib/python3.7/site-packages/airflow/example_dags/example_branch_datetime_operator.py took 0.148 seconds
[2023-02-12 11:58:20,478] {processor.py:163} INFO - Started process (PID=2655) to work on /usr/local/conda/lib/python3.7/site-packages/airflow/example_dags/example_branch_datetime_operator.py
[2023-02-12 11:58:20,500] {processor.py:642} INFO - Processing file /usr/local/conda/lib/python3.7/site-packages/airflow/example_dags/example_branch_datetime_operator.py for tasks to queue
[2023-02-12 11:58:20,503] {logging_mixin.py:109} INFO - [2023-02-12 11:58:20,503] {dagbag.py:500} INFO - Filling up the DagBag from /usr/local/conda/lib/python3.7/site-packages/airflow/example_dags/example_branch_datetime_operator.py
[2023-02-12 11:58:20,582] {processor.py:652} INFO - DAG(s) dict_keys(['example_branch_datetime_operator_2']) retrieved from /usr/local/conda/lib/python3.7/site-packages/airflow/example_dags/example_branch_datetime_operator.py
[2023-02-12 11:58:20,668] {logging_mixin.py:109} INFO - [2023-02-12 11:58:20,668] {dag.py:2398} INFO - Sync 1 DAGs
[2023-02-12 11:58:20,739] {logging_mixin.py:109} INFO - [2023-02-12 11:58:20,739] {dag.py:2937} INFO - Setting next_dagrun for example_branch_datetime_operator_2 to 2023-02-11 00:00:00+00:00
[2023-02-12 11:58:20,841] {processor.py:171} INFO - Processing /usr/local/conda/lib/python3.7/site-packages/airflow/example_dags/example_branch_datetime_operator.py took 0.379 seconds
