[2023-02-12 11:30:28,676] {processor.py:163} INFO - Started process (PID=652) to work on /usr/local/conda/lib/python3.7/site-packages/airflow/example_dags/example_time_delta_sensor_async.py
[2023-02-12 11:30:28,692] {processor.py:642} INFO - Processing file /usr/local/conda/lib/python3.7/site-packages/airflow/example_dags/example_time_delta_sensor_async.py for tasks to queue
[2023-02-12 11:30:28,699] {logging_mixin.py:109} INFO - [2023-02-12 11:30:28,698] {dagbag.py:500} INFO - Filling up the DagBag from /usr/local/conda/lib/python3.7/site-packages/airflow/example_dags/example_time_delta_sensor_async.py
[2023-02-12 11:30:28,762] {processor.py:652} INFO - DAG(s) dict_keys(['example_time_delta_sensor_async']) retrieved from /usr/local/conda/lib/python3.7/site-packages/airflow/example_dags/example_time_delta_sensor_async.py
[2023-02-12 11:30:28,873] {logging_mixin.py:109} INFO - [2023-02-12 11:30:28,872] {dag.py:2398} INFO - Sync 1 DAGs
[2023-02-12 11:30:28,955] {logging_mixin.py:109} INFO - [2023-02-12 11:30:28,955] {dag.py:2937} INFO - Setting next_dagrun for example_time_delta_sensor_async to None
[2023-02-12 11:30:28,999] {processor.py:171} INFO - Processing /usr/local/conda/lib/python3.7/site-packages/airflow/example_dags/example_time_delta_sensor_async.py took 0.344 seconds
[2023-02-12 11:31:19,754] {processor.py:163} INFO - Started process (PID=1409) to work on /usr/local/conda/lib/python3.7/site-packages/airflow/example_dags/example_time_delta_sensor_async.py
[2023-02-12 11:31:19,758] {processor.py:642} INFO - Processing file /usr/local/conda/lib/python3.7/site-packages/airflow/example_dags/example_time_delta_sensor_async.py for tasks to queue
[2023-02-12 11:31:19,760] {logging_mixin.py:109} INFO - [2023-02-12 11:31:19,760] {dagbag.py:500} INFO - Filling up the DagBag from /usr/local/conda/lib/python3.7/site-packages/airflow/example_dags/example_time_delta_sensor_async.py
[2023-02-12 11:31:19,793] {processor.py:652} INFO - DAG(s) dict_keys(['example_time_delta_sensor_async']) retrieved from /usr/local/conda/lib/python3.7/site-packages/airflow/example_dags/example_time_delta_sensor_async.py
[2023-02-12 11:31:19,824] {logging_mixin.py:109} INFO - [2023-02-12 11:31:19,824] {dag.py:2398} INFO - Sync 1 DAGs
[2023-02-12 11:31:19,853] {logging_mixin.py:109} INFO - [2023-02-12 11:31:19,853] {dag.py:2937} INFO - Setting next_dagrun for example_time_delta_sensor_async to None
[2023-02-12 11:31:19,880] {processor.py:171} INFO - Processing /usr/local/conda/lib/python3.7/site-packages/airflow/example_dags/example_time_delta_sensor_async.py took 0.132 seconds
[2023-02-12 11:32:11,490] {processor.py:163} INFO - Started process (PID=1448) to work on /usr/local/conda/lib/python3.7/site-packages/airflow/example_dags/example_time_delta_sensor_async.py
[2023-02-12 11:32:11,495] {processor.py:642} INFO - Processing file /usr/local/conda/lib/python3.7/site-packages/airflow/example_dags/example_time_delta_sensor_async.py for tasks to queue
[2023-02-12 11:32:11,497] {logging_mixin.py:109} INFO - [2023-02-12 11:32:11,497] {dagbag.py:500} INFO - Filling up the DagBag from /usr/local/conda/lib/python3.7/site-packages/airflow/example_dags/example_time_delta_sensor_async.py
[2023-02-12 11:32:11,555] {processor.py:652} INFO - DAG(s) dict_keys(['example_time_delta_sensor_async']) retrieved from /usr/local/conda/lib/python3.7/site-packages/airflow/example_dags/example_time_delta_sensor_async.py
[2023-02-12 11:32:11,600] {logging_mixin.py:109} INFO - [2023-02-12 11:32:11,599] {dag.py:2398} INFO - Sync 1 DAGs
[2023-02-12 11:32:11,632] {logging_mixin.py:109} INFO - [2023-02-12 11:32:11,632] {dag.py:2937} INFO - Setting next_dagrun for example_time_delta_sensor_async to None
[2023-02-12 11:32:11,678] {processor.py:171} INFO - Processing /usr/local/conda/lib/python3.7/site-packages/airflow/example_dags/example_time_delta_sensor_async.py took 0.196 seconds
[2023-02-12 11:33:05,858] {processor.py:163} INFO - Started process (PID=1575) to work on /usr/local/conda/lib/python3.7/site-packages/airflow/example_dags/example_time_delta_sensor_async.py
[2023-02-12 11:33:05,863] {processor.py:642} INFO - Processing file /usr/local/conda/lib/python3.7/site-packages/airflow/example_dags/example_time_delta_sensor_async.py for tasks to queue
[2023-02-12 11:33:05,867] {logging_mixin.py:109} INFO - [2023-02-12 11:33:05,867] {dagbag.py:500} INFO - Filling up the DagBag from /usr/local/conda/lib/python3.7/site-packages/airflow/example_dags/example_time_delta_sensor_async.py
[2023-02-12 11:33:05,925] {processor.py:652} INFO - DAG(s) dict_keys(['example_time_delta_sensor_async']) retrieved from /usr/local/conda/lib/python3.7/site-packages/airflow/example_dags/example_time_delta_sensor_async.py
[2023-02-12 11:33:05,975] {logging_mixin.py:109} INFO - [2023-02-12 11:33:05,975] {dag.py:2398} INFO - Sync 1 DAGs
[2023-02-12 11:33:05,999] {logging_mixin.py:109} INFO - [2023-02-12 11:33:05,999] {dag.py:2937} INFO - Setting next_dagrun for example_time_delta_sensor_async to None
[2023-02-12 11:33:06,041] {processor.py:171} INFO - Processing /usr/local/conda/lib/python3.7/site-packages/airflow/example_dags/example_time_delta_sensor_async.py took 0.194 seconds
[2023-02-12 11:34:00,349] {processor.py:163} INFO - Started process (PID=1612) to work on /usr/local/conda/lib/python3.7/site-packages/airflow/example_dags/example_time_delta_sensor_async.py
[2023-02-12 11:34:00,362] {processor.py:642} INFO - Processing file /usr/local/conda/lib/python3.7/site-packages/airflow/example_dags/example_time_delta_sensor_async.py for tasks to queue
[2023-02-12 11:34:00,369] {logging_mixin.py:109} INFO - [2023-02-12 11:34:00,369] {dagbag.py:500} INFO - Filling up the DagBag from /usr/local/conda/lib/python3.7/site-packages/airflow/example_dags/example_time_delta_sensor_async.py
[2023-02-12 11:34:00,468] {processor.py:652} INFO - DAG(s) dict_keys(['example_time_delta_sensor_async']) retrieved from /usr/local/conda/lib/python3.7/site-packages/airflow/example_dags/example_time_delta_sensor_async.py
[2023-02-12 11:34:00,541] {logging_mixin.py:109} INFO - [2023-02-12 11:34:00,540] {dag.py:2398} INFO - Sync 1 DAGs
[2023-02-12 11:34:00,639] {logging_mixin.py:109} INFO - [2023-02-12 11:34:00,638] {dag.py:2937} INFO - Setting next_dagrun for example_time_delta_sensor_async to None
[2023-02-12 11:34:01,206] {processor.py:171} INFO - Processing /usr/local/conda/lib/python3.7/site-packages/airflow/example_dags/example_time_delta_sensor_async.py took 0.873 seconds
[2023-02-12 11:34:48,781] {processor.py:163} INFO - Started process (PID=1641) to work on /usr/local/conda/lib/python3.7/site-packages/airflow/example_dags/example_time_delta_sensor_async.py
[2023-02-12 11:34:48,788] {processor.py:642} INFO - Processing file /usr/local/conda/lib/python3.7/site-packages/airflow/example_dags/example_time_delta_sensor_async.py for tasks to queue
[2023-02-12 11:34:48,793] {logging_mixin.py:109} INFO - [2023-02-12 11:34:48,792] {dagbag.py:500} INFO - Filling up the DagBag from /usr/local/conda/lib/python3.7/site-packages/airflow/example_dags/example_time_delta_sensor_async.py
[2023-02-12 11:34:48,844] {processor.py:652} INFO - DAG(s) dict_keys(['example_time_delta_sensor_async']) retrieved from /usr/local/conda/lib/python3.7/site-packages/airflow/example_dags/example_time_delta_sensor_async.py
[2023-02-12 11:34:48,881] {logging_mixin.py:109} INFO - [2023-02-12 11:34:48,881] {dag.py:2398} INFO - Sync 1 DAGs
[2023-02-12 11:34:48,921] {logging_mixin.py:109} INFO - [2023-02-12 11:34:48,921] {dag.py:2937} INFO - Setting next_dagrun for example_time_delta_sensor_async to None
[2023-02-12 11:34:48,965] {processor.py:171} INFO - Processing /usr/local/conda/lib/python3.7/site-packages/airflow/example_dags/example_time_delta_sensor_async.py took 0.193 seconds
[2023-02-12 11:36:09,642] {processor.py:163} INFO - Started process (PID=1667) to work on /usr/local/conda/lib/python3.7/site-packages/airflow/example_dags/example_time_delta_sensor_async.py
[2023-02-12 11:36:09,655] {processor.py:642} INFO - Processing file /usr/local/conda/lib/python3.7/site-packages/airflow/example_dags/example_time_delta_sensor_async.py for tasks to queue
[2023-02-12 11:36:09,661] {logging_mixin.py:109} INFO - [2023-02-12 11:36:09,661] {dagbag.py:500} INFO - Filling up the DagBag from /usr/local/conda/lib/python3.7/site-packages/airflow/example_dags/example_time_delta_sensor_async.py
[2023-02-12 11:36:09,753] {processor.py:652} INFO - DAG(s) dict_keys(['example_time_delta_sensor_async']) retrieved from /usr/local/conda/lib/python3.7/site-packages/airflow/example_dags/example_time_delta_sensor_async.py
[2023-02-12 11:36:09,797] {logging_mixin.py:109} INFO - [2023-02-12 11:36:09,797] {dag.py:2398} INFO - Sync 1 DAGs
[2023-02-12 11:36:09,826] {logging_mixin.py:109} INFO - [2023-02-12 11:36:09,825] {dag.py:2937} INFO - Setting next_dagrun for example_time_delta_sensor_async to None
[2023-02-12 11:36:10,550] {processor.py:171} INFO - Processing /usr/local/conda/lib/python3.7/site-packages/airflow/example_dags/example_time_delta_sensor_async.py took 0.914 seconds
[2023-02-12 11:37:03,019] {processor.py:163} INFO - Started process (PID=1697) to work on /usr/local/conda/lib/python3.7/site-packages/airflow/example_dags/example_time_delta_sensor_async.py
[2023-02-12 11:37:03,022] {processor.py:642} INFO - Processing file /usr/local/conda/lib/python3.7/site-packages/airflow/example_dags/example_time_delta_sensor_async.py for tasks to queue
[2023-02-12 11:37:03,025] {logging_mixin.py:109} INFO - [2023-02-12 11:37:03,024] {dagbag.py:500} INFO - Filling up the DagBag from /usr/local/conda/lib/python3.7/site-packages/airflow/example_dags/example_time_delta_sensor_async.py
[2023-02-12 11:37:03,061] {processor.py:652} INFO - DAG(s) dict_keys(['example_time_delta_sensor_async']) retrieved from /usr/local/conda/lib/python3.7/site-packages/airflow/example_dags/example_time_delta_sensor_async.py
[2023-02-12 11:37:03,086] {logging_mixin.py:109} INFO - [2023-02-12 11:37:03,086] {dag.py:2398} INFO - Sync 1 DAGs
[2023-02-12 11:37:03,113] {logging_mixin.py:109} INFO - [2023-02-12 11:37:03,112] {dag.py:2937} INFO - Setting next_dagrun for example_time_delta_sensor_async to None
[2023-02-12 11:37:03,159] {processor.py:171} INFO - Processing /usr/local/conda/lib/python3.7/site-packages/airflow/example_dags/example_time_delta_sensor_async.py took 0.146 seconds
[2023-02-12 11:38:05,581] {processor.py:163} INFO - Started process (PID=1731) to work on /usr/local/conda/lib/python3.7/site-packages/airflow/example_dags/example_time_delta_sensor_async.py
[2023-02-12 11:38:05,614] {processor.py:642} INFO - Processing file /usr/local/conda/lib/python3.7/site-packages/airflow/example_dags/example_time_delta_sensor_async.py for tasks to queue
[2023-02-12 11:38:05,619] {logging_mixin.py:109} INFO - [2023-02-12 11:38:05,618] {dagbag.py:500} INFO - Filling up the DagBag from /usr/local/conda/lib/python3.7/site-packages/airflow/example_dags/example_time_delta_sensor_async.py
[2023-02-12 11:38:05,683] {processor.py:652} INFO - DAG(s) dict_keys(['example_time_delta_sensor_async']) retrieved from /usr/local/conda/lib/python3.7/site-packages/airflow/example_dags/example_time_delta_sensor_async.py
[2023-02-12 11:38:05,746] {logging_mixin.py:109} INFO - [2023-02-12 11:38:05,745] {dag.py:2398} INFO - Sync 1 DAGs
[2023-02-12 11:38:05,800] {logging_mixin.py:109} INFO - [2023-02-12 11:38:05,800] {dag.py:2937} INFO - Setting next_dagrun for example_time_delta_sensor_async to None
[2023-02-12 11:38:06,057] {processor.py:171} INFO - Processing /usr/local/conda/lib/python3.7/site-packages/airflow/example_dags/example_time_delta_sensor_async.py took 0.483 seconds
[2023-02-12 11:39:04,139] {processor.py:163} INFO - Started process (PID=1765) to work on /usr/local/conda/lib/python3.7/site-packages/airflow/example_dags/example_time_delta_sensor_async.py
[2023-02-12 11:39:04,358] {processor.py:642} INFO - Processing file /usr/local/conda/lib/python3.7/site-packages/airflow/example_dags/example_time_delta_sensor_async.py for tasks to queue
[2023-02-12 11:39:04,364] {logging_mixin.py:109} INFO - [2023-02-12 11:39:04,363] {dagbag.py:500} INFO - Filling up the DagBag from /usr/local/conda/lib/python3.7/site-packages/airflow/example_dags/example_time_delta_sensor_async.py
[2023-02-12 11:39:04,438] {processor.py:652} INFO - DAG(s) dict_keys(['example_time_delta_sensor_async']) retrieved from /usr/local/conda/lib/python3.7/site-packages/airflow/example_dags/example_time_delta_sensor_async.py
[2023-02-12 11:39:04,510] {logging_mixin.py:109} INFO - [2023-02-12 11:39:04,509] {dag.py:2398} INFO - Sync 1 DAGs
[2023-02-12 11:39:04,699] {logging_mixin.py:109} INFO - [2023-02-12 11:39:04,698] {dag.py:2937} INFO - Setting next_dagrun for example_time_delta_sensor_async to None
[2023-02-12 11:39:05,394] {processor.py:171} INFO - Processing /usr/local/conda/lib/python3.7/site-packages/airflow/example_dags/example_time_delta_sensor_async.py took 1.269 seconds
[2023-02-12 11:40:04,874] {processor.py:163} INFO - Started process (PID=1803) to work on /usr/local/conda/lib/python3.7/site-packages/airflow/example_dags/example_time_delta_sensor_async.py
[2023-02-12 11:40:04,882] {processor.py:642} INFO - Processing file /usr/local/conda/lib/python3.7/site-packages/airflow/example_dags/example_time_delta_sensor_async.py for tasks to queue
[2023-02-12 11:40:04,887] {logging_mixin.py:109} INFO - [2023-02-12 11:40:04,886] {dagbag.py:500} INFO - Filling up the DagBag from /usr/local/conda/lib/python3.7/site-packages/airflow/example_dags/example_time_delta_sensor_async.py
[2023-02-12 11:40:04,966] {processor.py:652} INFO - DAG(s) dict_keys(['example_time_delta_sensor_async']) retrieved from /usr/local/conda/lib/python3.7/site-packages/airflow/example_dags/example_time_delta_sensor_async.py
[2023-02-12 11:40:04,997] {logging_mixin.py:109} INFO - [2023-02-12 11:40:04,997] {dag.py:2398} INFO - Sync 1 DAGs
[2023-02-12 11:40:05,026] {logging_mixin.py:109} INFO - [2023-02-12 11:40:05,026] {dag.py:2937} INFO - Setting next_dagrun for example_time_delta_sensor_async to None
[2023-02-12 11:40:05,346] {processor.py:171} INFO - Processing /usr/local/conda/lib/python3.7/site-packages/airflow/example_dags/example_time_delta_sensor_async.py took 0.486 seconds
[2023-02-12 11:40:58,444] {processor.py:163} INFO - Started process (PID=1837) to work on /usr/local/conda/lib/python3.7/site-packages/airflow/example_dags/example_time_delta_sensor_async.py
[2023-02-12 11:40:58,449] {processor.py:642} INFO - Processing file /usr/local/conda/lib/python3.7/site-packages/airflow/example_dags/example_time_delta_sensor_async.py for tasks to queue
[2023-02-12 11:40:58,450] {logging_mixin.py:109} INFO - [2023-02-12 11:40:58,450] {dagbag.py:500} INFO - Filling up the DagBag from /usr/local/conda/lib/python3.7/site-packages/airflow/example_dags/example_time_delta_sensor_async.py
[2023-02-12 11:40:58,489] {processor.py:652} INFO - DAG(s) dict_keys(['example_time_delta_sensor_async']) retrieved from /usr/local/conda/lib/python3.7/site-packages/airflow/example_dags/example_time_delta_sensor_async.py
[2023-02-12 11:40:58,525] {logging_mixin.py:109} INFO - [2023-02-12 11:40:58,525] {dag.py:2398} INFO - Sync 1 DAGs
[2023-02-12 11:40:58,560] {logging_mixin.py:109} INFO - [2023-02-12 11:40:58,560] {dag.py:2937} INFO - Setting next_dagrun for example_time_delta_sensor_async to None
[2023-02-12 11:40:58,598] {processor.py:171} INFO - Processing /usr/local/conda/lib/python3.7/site-packages/airflow/example_dags/example_time_delta_sensor_async.py took 0.162 seconds
[2023-02-12 11:41:39,079] {processor.py:163} INFO - Started process (PID=1868) to work on /usr/local/conda/lib/python3.7/site-packages/airflow/example_dags/example_time_delta_sensor_async.py
[2023-02-12 11:41:39,085] {processor.py:642} INFO - Processing file /usr/local/conda/lib/python3.7/site-packages/airflow/example_dags/example_time_delta_sensor_async.py for tasks to queue
[2023-02-12 11:41:39,087] {logging_mixin.py:109} INFO - [2023-02-12 11:41:39,087] {dagbag.py:500} INFO - Filling up the DagBag from /usr/local/conda/lib/python3.7/site-packages/airflow/example_dags/example_time_delta_sensor_async.py
[2023-02-12 11:41:39,113] {processor.py:652} INFO - DAG(s) dict_keys(['example_time_delta_sensor_async']) retrieved from /usr/local/conda/lib/python3.7/site-packages/airflow/example_dags/example_time_delta_sensor_async.py
[2023-02-12 11:41:39,138] {logging_mixin.py:109} INFO - [2023-02-12 11:41:39,137] {dag.py:2398} INFO - Sync 1 DAGs
[2023-02-12 11:41:39,172] {logging_mixin.py:109} INFO - [2023-02-12 11:41:39,172] {dag.py:2937} INFO - Setting next_dagrun for example_time_delta_sensor_async to None
[2023-02-12 11:41:39,212] {processor.py:171} INFO - Processing /usr/local/conda/lib/python3.7/site-packages/airflow/example_dags/example_time_delta_sensor_async.py took 0.137 seconds
[2023-02-12 11:42:15,801] {processor.py:163} INFO - Started process (PID=1897) to work on /usr/local/conda/lib/python3.7/site-packages/airflow/example_dags/example_time_delta_sensor_async.py
[2023-02-12 11:42:15,808] {processor.py:642} INFO - Processing file /usr/local/conda/lib/python3.7/site-packages/airflow/example_dags/example_time_delta_sensor_async.py for tasks to queue
[2023-02-12 11:42:15,811] {logging_mixin.py:109} INFO - [2023-02-12 11:42:15,810] {dagbag.py:500} INFO - Filling up the DagBag from /usr/local/conda/lib/python3.7/site-packages/airflow/example_dags/example_time_delta_sensor_async.py
[2023-02-12 11:42:15,877] {processor.py:652} INFO - DAG(s) dict_keys(['example_time_delta_sensor_async']) retrieved from /usr/local/conda/lib/python3.7/site-packages/airflow/example_dags/example_time_delta_sensor_async.py
[2023-02-12 11:42:15,974] {logging_mixin.py:109} INFO - [2023-02-12 11:42:15,974] {dag.py:2398} INFO - Sync 1 DAGs
[2023-02-12 11:42:16,057] {logging_mixin.py:109} INFO - [2023-02-12 11:42:16,057] {dag.py:2937} INFO - Setting next_dagrun for example_time_delta_sensor_async to None
[2023-02-12 11:42:16,226] {processor.py:171} INFO - Processing /usr/local/conda/lib/python3.7/site-packages/airflow/example_dags/example_time_delta_sensor_async.py took 0.432 seconds
[2023-02-12 11:43:01,636] {processor.py:163} INFO - Started process (PID=1930) to work on /usr/local/conda/lib/python3.7/site-packages/airflow/example_dags/example_time_delta_sensor_async.py
[2023-02-12 11:43:01,650] {processor.py:642} INFO - Processing file /usr/local/conda/lib/python3.7/site-packages/airflow/example_dags/example_time_delta_sensor_async.py for tasks to queue
[2023-02-12 11:43:01,652] {logging_mixin.py:109} INFO - [2023-02-12 11:43:01,652] {dagbag.py:500} INFO - Filling up the DagBag from /usr/local/conda/lib/python3.7/site-packages/airflow/example_dags/example_time_delta_sensor_async.py
[2023-02-12 11:43:01,691] {processor.py:652} INFO - DAG(s) dict_keys(['example_time_delta_sensor_async']) retrieved from /usr/local/conda/lib/python3.7/site-packages/airflow/example_dags/example_time_delta_sensor_async.py
[2023-02-12 11:43:01,723] {logging_mixin.py:109} INFO - [2023-02-12 11:43:01,723] {dag.py:2398} INFO - Sync 1 DAGs
[2023-02-12 11:43:01,749] {logging_mixin.py:109} INFO - [2023-02-12 11:43:01,749] {dag.py:2937} INFO - Setting next_dagrun for example_time_delta_sensor_async to None
[2023-02-12 11:43:01,781] {processor.py:171} INFO - Processing /usr/local/conda/lib/python3.7/site-packages/airflow/example_dags/example_time_delta_sensor_async.py took 0.156 seconds
[2023-02-12 11:43:53,180] {processor.py:163} INFO - Started process (PID=1967) to work on /usr/local/conda/lib/python3.7/site-packages/airflow/example_dags/example_time_delta_sensor_async.py
[2023-02-12 11:43:53,204] {processor.py:642} INFO - Processing file /usr/local/conda/lib/python3.7/site-packages/airflow/example_dags/example_time_delta_sensor_async.py for tasks to queue
[2023-02-12 11:43:53,207] {logging_mixin.py:109} INFO - [2023-02-12 11:43:53,207] {dagbag.py:500} INFO - Filling up the DagBag from /usr/local/conda/lib/python3.7/site-packages/airflow/example_dags/example_time_delta_sensor_async.py
[2023-02-12 11:43:53,308] {processor.py:652} INFO - DAG(s) dict_keys(['example_time_delta_sensor_async']) retrieved from /usr/local/conda/lib/python3.7/site-packages/airflow/example_dags/example_time_delta_sensor_async.py
[2023-02-12 11:43:53,362] {logging_mixin.py:109} INFO - [2023-02-12 11:43:53,360] {dag.py:2398} INFO - Sync 1 DAGs
[2023-02-12 11:43:53,432] {logging_mixin.py:109} INFO - [2023-02-12 11:43:53,432] {dag.py:2937} INFO - Setting next_dagrun for example_time_delta_sensor_async to None
[2023-02-12 11:43:53,565] {processor.py:171} INFO - Processing /usr/local/conda/lib/python3.7/site-packages/airflow/example_dags/example_time_delta_sensor_async.py took 0.394 seconds
[2023-02-12 11:44:44,480] {processor.py:163} INFO - Started process (PID=2004) to work on /usr/local/conda/lib/python3.7/site-packages/airflow/example_dags/example_time_delta_sensor_async.py
[2023-02-12 11:44:44,495] {processor.py:642} INFO - Processing file /usr/local/conda/lib/python3.7/site-packages/airflow/example_dags/example_time_delta_sensor_async.py for tasks to queue
[2023-02-12 11:44:44,497] {logging_mixin.py:109} INFO - [2023-02-12 11:44:44,496] {dagbag.py:500} INFO - Filling up the DagBag from /usr/local/conda/lib/python3.7/site-packages/airflow/example_dags/example_time_delta_sensor_async.py
[2023-02-12 11:44:44,574] {processor.py:652} INFO - DAG(s) dict_keys(['example_time_delta_sensor_async']) retrieved from /usr/local/conda/lib/python3.7/site-packages/airflow/example_dags/example_time_delta_sensor_async.py
[2023-02-12 11:44:44,637] {logging_mixin.py:109} INFO - [2023-02-12 11:44:44,637] {dag.py:2398} INFO - Sync 1 DAGs
[2023-02-12 11:44:44,704] {logging_mixin.py:109} INFO - [2023-02-12 11:44:44,704] {dag.py:2937} INFO - Setting next_dagrun for example_time_delta_sensor_async to None
[2023-02-12 11:44:44,770] {processor.py:171} INFO - Processing /usr/local/conda/lib/python3.7/site-packages/airflow/example_dags/example_time_delta_sensor_async.py took 0.302 seconds
[2023-02-12 11:45:27,477] {processor.py:163} INFO - Started process (PID=2032) to work on /usr/local/conda/lib/python3.7/site-packages/airflow/example_dags/example_time_delta_sensor_async.py
[2023-02-12 11:45:27,513] {processor.py:642} INFO - Processing file /usr/local/conda/lib/python3.7/site-packages/airflow/example_dags/example_time_delta_sensor_async.py for tasks to queue
[2023-02-12 11:45:27,520] {logging_mixin.py:109} INFO - [2023-02-12 11:45:27,520] {dagbag.py:500} INFO - Filling up the DagBag from /usr/local/conda/lib/python3.7/site-packages/airflow/example_dags/example_time_delta_sensor_async.py
[2023-02-12 11:45:27,572] {processor.py:652} INFO - DAG(s) dict_keys(['example_time_delta_sensor_async']) retrieved from /usr/local/conda/lib/python3.7/site-packages/airflow/example_dags/example_time_delta_sensor_async.py
[2023-02-12 11:45:27,634] {logging_mixin.py:109} INFO - [2023-02-12 11:45:27,634] {dag.py:2398} INFO - Sync 1 DAGs
[2023-02-12 11:45:27,690] {logging_mixin.py:109} INFO - [2023-02-12 11:45:27,689] {dag.py:2937} INFO - Setting next_dagrun for example_time_delta_sensor_async to None
[2023-02-12 11:45:27,773] {processor.py:171} INFO - Processing /usr/local/conda/lib/python3.7/site-packages/airflow/example_dags/example_time_delta_sensor_async.py took 0.305 seconds
[2023-02-12 11:46:24,869] {processor.py:163} INFO - Started process (PID=2070) to work on /usr/local/conda/lib/python3.7/site-packages/airflow/example_dags/example_time_delta_sensor_async.py
[2023-02-12 11:46:24,886] {processor.py:642} INFO - Processing file /usr/local/conda/lib/python3.7/site-packages/airflow/example_dags/example_time_delta_sensor_async.py for tasks to queue
[2023-02-12 11:46:24,888] {logging_mixin.py:109} INFO - [2023-02-12 11:46:24,888] {dagbag.py:500} INFO - Filling up the DagBag from /usr/local/conda/lib/python3.7/site-packages/airflow/example_dags/example_time_delta_sensor_async.py
[2023-02-12 11:46:24,959] {processor.py:652} INFO - DAG(s) dict_keys(['example_time_delta_sensor_async']) retrieved from /usr/local/conda/lib/python3.7/site-packages/airflow/example_dags/example_time_delta_sensor_async.py
[2023-02-12 11:46:24,997] {logging_mixin.py:109} INFO - [2023-02-12 11:46:24,997] {dag.py:2398} INFO - Sync 1 DAGs
[2023-02-12 11:46:25,076] {logging_mixin.py:109} INFO - [2023-02-12 11:46:25,076] {dag.py:2937} INFO - Setting next_dagrun for example_time_delta_sensor_async to None
[2023-02-12 11:46:25,168] {processor.py:171} INFO - Processing /usr/local/conda/lib/python3.7/site-packages/airflow/example_dags/example_time_delta_sensor_async.py took 0.307 seconds
[2023-02-12 11:47:18,038] {processor.py:163} INFO - Started process (PID=2108) to work on /usr/local/conda/lib/python3.7/site-packages/airflow/example_dags/example_time_delta_sensor_async.py
[2023-02-12 11:47:18,053] {processor.py:642} INFO - Processing file /usr/local/conda/lib/python3.7/site-packages/airflow/example_dags/example_time_delta_sensor_async.py for tasks to queue
[2023-02-12 11:47:18,056] {logging_mixin.py:109} INFO - [2023-02-12 11:47:18,055] {dagbag.py:500} INFO - Filling up the DagBag from /usr/local/conda/lib/python3.7/site-packages/airflow/example_dags/example_time_delta_sensor_async.py
[2023-02-12 11:47:18,092] {processor.py:652} INFO - DAG(s) dict_keys(['example_time_delta_sensor_async']) retrieved from /usr/local/conda/lib/python3.7/site-packages/airflow/example_dags/example_time_delta_sensor_async.py
[2023-02-12 11:47:18,126] {logging_mixin.py:109} INFO - [2023-02-12 11:47:18,125] {dag.py:2398} INFO - Sync 1 DAGs
[2023-02-12 11:47:18,160] {logging_mixin.py:109} INFO - [2023-02-12 11:47:18,160] {dag.py:2937} INFO - Setting next_dagrun for example_time_delta_sensor_async to None
[2023-02-12 11:47:18,196] {processor.py:171} INFO - Processing /usr/local/conda/lib/python3.7/site-packages/airflow/example_dags/example_time_delta_sensor_async.py took 0.165 seconds
[2023-02-12 11:48:02,543] {processor.py:163} INFO - Started process (PID=2143) to work on /usr/local/conda/lib/python3.7/site-packages/airflow/example_dags/example_time_delta_sensor_async.py
[2023-02-12 11:48:02,550] {processor.py:642} INFO - Processing file /usr/local/conda/lib/python3.7/site-packages/airflow/example_dags/example_time_delta_sensor_async.py for tasks to queue
[2023-02-12 11:48:02,559] {logging_mixin.py:109} INFO - [2023-02-12 11:48:02,559] {dagbag.py:500} INFO - Filling up the DagBag from /usr/local/conda/lib/python3.7/site-packages/airflow/example_dags/example_time_delta_sensor_async.py
[2023-02-12 11:48:02,589] {processor.py:652} INFO - DAG(s) dict_keys(['example_time_delta_sensor_async']) retrieved from /usr/local/conda/lib/python3.7/site-packages/airflow/example_dags/example_time_delta_sensor_async.py
[2023-02-12 11:48:02,617] {logging_mixin.py:109} INFO - [2023-02-12 11:48:02,617] {dag.py:2398} INFO - Sync 1 DAGs
[2023-02-12 11:48:02,646] {logging_mixin.py:109} INFO - [2023-02-12 11:48:02,645] {dag.py:2937} INFO - Setting next_dagrun for example_time_delta_sensor_async to None
[2023-02-12 11:48:02,672] {processor.py:171} INFO - Processing /usr/local/conda/lib/python3.7/site-packages/airflow/example_dags/example_time_delta_sensor_async.py took 0.135 seconds
[2023-02-12 11:48:38,336] {processor.py:163} INFO - Started process (PID=2173) to work on /usr/local/conda/lib/python3.7/site-packages/airflow/example_dags/example_time_delta_sensor_async.py
[2023-02-12 11:48:38,340] {processor.py:642} INFO - Processing file /usr/local/conda/lib/python3.7/site-packages/airflow/example_dags/example_time_delta_sensor_async.py for tasks to queue
[2023-02-12 11:48:38,344] {logging_mixin.py:109} INFO - [2023-02-12 11:48:38,343] {dagbag.py:500} INFO - Filling up the DagBag from /usr/local/conda/lib/python3.7/site-packages/airflow/example_dags/example_time_delta_sensor_async.py
[2023-02-12 11:48:38,416] {processor.py:652} INFO - DAG(s) dict_keys(['example_time_delta_sensor_async']) retrieved from /usr/local/conda/lib/python3.7/site-packages/airflow/example_dags/example_time_delta_sensor_async.py
[2023-02-12 11:48:38,466] {logging_mixin.py:109} INFO - [2023-02-12 11:48:38,466] {dag.py:2398} INFO - Sync 1 DAGs
[2023-02-12 11:48:38,561] {logging_mixin.py:109} INFO - [2023-02-12 11:48:38,561] {dag.py:2937} INFO - Setting next_dagrun for example_time_delta_sensor_async to None
[2023-02-12 11:48:38,641] {processor.py:171} INFO - Processing /usr/local/conda/lib/python3.7/site-packages/airflow/example_dags/example_time_delta_sensor_async.py took 0.313 seconds
[2023-02-12 11:49:26,700] {processor.py:163} INFO - Started process (PID=2208) to work on /usr/local/conda/lib/python3.7/site-packages/airflow/example_dags/example_time_delta_sensor_async.py
[2023-02-12 11:49:26,724] {processor.py:642} INFO - Processing file /usr/local/conda/lib/python3.7/site-packages/airflow/example_dags/example_time_delta_sensor_async.py for tasks to queue
[2023-02-12 11:49:26,730] {logging_mixin.py:109} INFO - [2023-02-12 11:49:26,730] {dagbag.py:500} INFO - Filling up the DagBag from /usr/local/conda/lib/python3.7/site-packages/airflow/example_dags/example_time_delta_sensor_async.py
[2023-02-12 11:49:26,789] {processor.py:652} INFO - DAG(s) dict_keys(['example_time_delta_sensor_async']) retrieved from /usr/local/conda/lib/python3.7/site-packages/airflow/example_dags/example_time_delta_sensor_async.py
[2023-02-12 11:49:26,854] {logging_mixin.py:109} INFO - [2023-02-12 11:49:26,854] {dag.py:2398} INFO - Sync 1 DAGs
[2023-02-12 11:49:26,928] {logging_mixin.py:109} INFO - [2023-02-12 11:49:26,927] {dag.py:2937} INFO - Setting next_dagrun for example_time_delta_sensor_async to None
[2023-02-12 11:49:27,012] {processor.py:171} INFO - Processing /usr/local/conda/lib/python3.7/site-packages/airflow/example_dags/example_time_delta_sensor_async.py took 0.321 seconds
[2023-02-12 11:50:09,121] {processor.py:163} INFO - Started process (PID=2245) to work on /usr/local/conda/lib/python3.7/site-packages/airflow/example_dags/example_time_delta_sensor_async.py
[2023-02-12 11:50:09,124] {processor.py:642} INFO - Processing file /usr/local/conda/lib/python3.7/site-packages/airflow/example_dags/example_time_delta_sensor_async.py for tasks to queue
[2023-02-12 11:50:09,126] {logging_mixin.py:109} INFO - [2023-02-12 11:50:09,126] {dagbag.py:500} INFO - Filling up the DagBag from /usr/local/conda/lib/python3.7/site-packages/airflow/example_dags/example_time_delta_sensor_async.py
[2023-02-12 11:50:09,159] {processor.py:652} INFO - DAG(s) dict_keys(['example_time_delta_sensor_async']) retrieved from /usr/local/conda/lib/python3.7/site-packages/airflow/example_dags/example_time_delta_sensor_async.py
[2023-02-12 11:50:09,187] {logging_mixin.py:109} INFO - [2023-02-12 11:50:09,187] {dag.py:2398} INFO - Sync 1 DAGs
[2023-02-12 11:50:09,216] {logging_mixin.py:109} INFO - [2023-02-12 11:50:09,216] {dag.py:2937} INFO - Setting next_dagrun for example_time_delta_sensor_async to None
[2023-02-12 11:50:09,246] {processor.py:171} INFO - Processing /usr/local/conda/lib/python3.7/site-packages/airflow/example_dags/example_time_delta_sensor_async.py took 0.132 seconds
[2023-02-12 11:50:46,075] {processor.py:163} INFO - Started process (PID=2276) to work on /usr/local/conda/lib/python3.7/site-packages/airflow/example_dags/example_time_delta_sensor_async.py
[2023-02-12 11:50:46,080] {processor.py:642} INFO - Processing file /usr/local/conda/lib/python3.7/site-packages/airflow/example_dags/example_time_delta_sensor_async.py for tasks to queue
[2023-02-12 11:50:46,083] {logging_mixin.py:109} INFO - [2023-02-12 11:50:46,082] {dagbag.py:500} INFO - Filling up the DagBag from /usr/local/conda/lib/python3.7/site-packages/airflow/example_dags/example_time_delta_sensor_async.py
[2023-02-12 11:50:46,116] {processor.py:652} INFO - DAG(s) dict_keys(['example_time_delta_sensor_async']) retrieved from /usr/local/conda/lib/python3.7/site-packages/airflow/example_dags/example_time_delta_sensor_async.py
[2023-02-12 11:50:46,145] {logging_mixin.py:109} INFO - [2023-02-12 11:50:46,145] {dag.py:2398} INFO - Sync 1 DAGs
[2023-02-12 11:50:46,174] {logging_mixin.py:109} INFO - [2023-02-12 11:50:46,174] {dag.py:2937} INFO - Setting next_dagrun for example_time_delta_sensor_async to None
[2023-02-12 11:50:46,205] {processor.py:171} INFO - Processing /usr/local/conda/lib/python3.7/site-packages/airflow/example_dags/example_time_delta_sensor_async.py took 0.137 seconds
[2023-02-12 11:51:22,359] {processor.py:163} INFO - Started process (PID=2304) to work on /usr/local/conda/lib/python3.7/site-packages/airflow/example_dags/example_time_delta_sensor_async.py
[2023-02-12 11:51:22,364] {processor.py:642} INFO - Processing file /usr/local/conda/lib/python3.7/site-packages/airflow/example_dags/example_time_delta_sensor_async.py for tasks to queue
[2023-02-12 11:51:22,369] {logging_mixin.py:109} INFO - [2023-02-12 11:51:22,368] {dagbag.py:500} INFO - Filling up the DagBag from /usr/local/conda/lib/python3.7/site-packages/airflow/example_dags/example_time_delta_sensor_async.py
[2023-02-12 11:51:22,400] {processor.py:652} INFO - DAG(s) dict_keys(['example_time_delta_sensor_async']) retrieved from /usr/local/conda/lib/python3.7/site-packages/airflow/example_dags/example_time_delta_sensor_async.py
[2023-02-12 11:51:22,428] {logging_mixin.py:109} INFO - [2023-02-12 11:51:22,428] {dag.py:2398} INFO - Sync 1 DAGs
[2023-02-12 11:51:22,456] {logging_mixin.py:109} INFO - [2023-02-12 11:51:22,456] {dag.py:2937} INFO - Setting next_dagrun for example_time_delta_sensor_async to None
[2023-02-12 11:51:22,483] {processor.py:171} INFO - Processing /usr/local/conda/lib/python3.7/site-packages/airflow/example_dags/example_time_delta_sensor_async.py took 0.132 seconds
[2023-02-12 11:52:00,832] {processor.py:163} INFO - Started process (PID=2338) to work on /usr/local/conda/lib/python3.7/site-packages/airflow/example_dags/example_time_delta_sensor_async.py
[2023-02-12 11:52:00,836] {processor.py:642} INFO - Processing file /usr/local/conda/lib/python3.7/site-packages/airflow/example_dags/example_time_delta_sensor_async.py for tasks to queue
[2023-02-12 11:52:00,838] {logging_mixin.py:109} INFO - [2023-02-12 11:52:00,838] {dagbag.py:500} INFO - Filling up the DagBag from /usr/local/conda/lib/python3.7/site-packages/airflow/example_dags/example_time_delta_sensor_async.py
[2023-02-12 11:52:00,869] {processor.py:652} INFO - DAG(s) dict_keys(['example_time_delta_sensor_async']) retrieved from /usr/local/conda/lib/python3.7/site-packages/airflow/example_dags/example_time_delta_sensor_async.py
[2023-02-12 11:52:00,909] {logging_mixin.py:109} INFO - [2023-02-12 11:52:00,909] {dag.py:2398} INFO - Sync 1 DAGs
[2023-02-12 11:52:00,966] {logging_mixin.py:109} INFO - [2023-02-12 11:52:00,965] {dag.py:2937} INFO - Setting next_dagrun for example_time_delta_sensor_async to None
[2023-02-12 11:52:01,003] {processor.py:171} INFO - Processing /usr/local/conda/lib/python3.7/site-packages/airflow/example_dags/example_time_delta_sensor_async.py took 0.177 seconds
[2023-02-12 11:52:37,432] {processor.py:163} INFO - Started process (PID=2369) to work on /usr/local/conda/lib/python3.7/site-packages/airflow/example_dags/example_time_delta_sensor_async.py
[2023-02-12 11:52:37,434] {processor.py:642} INFO - Processing file /usr/local/conda/lib/python3.7/site-packages/airflow/example_dags/example_time_delta_sensor_async.py for tasks to queue
[2023-02-12 11:52:37,436] {logging_mixin.py:109} INFO - [2023-02-12 11:52:37,436] {dagbag.py:500} INFO - Filling up the DagBag from /usr/local/conda/lib/python3.7/site-packages/airflow/example_dags/example_time_delta_sensor_async.py
[2023-02-12 11:52:37,455] {processor.py:652} INFO - DAG(s) dict_keys(['example_time_delta_sensor_async']) retrieved from /usr/local/conda/lib/python3.7/site-packages/airflow/example_dags/example_time_delta_sensor_async.py
[2023-02-12 11:52:37,476] {logging_mixin.py:109} INFO - [2023-02-12 11:52:37,476] {dag.py:2398} INFO - Sync 1 DAGs
[2023-02-12 11:52:37,496] {logging_mixin.py:109} INFO - [2023-02-12 11:52:37,496] {dag.py:2937} INFO - Setting next_dagrun for example_time_delta_sensor_async to None
[2023-02-12 11:52:37,521] {processor.py:171} INFO - Processing /usr/local/conda/lib/python3.7/site-packages/airflow/example_dags/example_time_delta_sensor_async.py took 0.092 seconds
[2023-02-12 11:53:13,509] {processor.py:163} INFO - Started process (PID=2401) to work on /usr/local/conda/lib/python3.7/site-packages/airflow/example_dags/example_time_delta_sensor_async.py
[2023-02-12 11:53:13,511] {processor.py:642} INFO - Processing file /usr/local/conda/lib/python3.7/site-packages/airflow/example_dags/example_time_delta_sensor_async.py for tasks to queue
[2023-02-12 11:53:13,512] {logging_mixin.py:109} INFO - [2023-02-12 11:53:13,512] {dagbag.py:500} INFO - Filling up the DagBag from /usr/local/conda/lib/python3.7/site-packages/airflow/example_dags/example_time_delta_sensor_async.py
[2023-02-12 11:53:13,531] {processor.py:652} INFO - DAG(s) dict_keys(['example_time_delta_sensor_async']) retrieved from /usr/local/conda/lib/python3.7/site-packages/airflow/example_dags/example_time_delta_sensor_async.py
[2023-02-12 11:53:13,550] {logging_mixin.py:109} INFO - [2023-02-12 11:53:13,550] {dag.py:2398} INFO - Sync 1 DAGs
[2023-02-12 11:53:13,567] {logging_mixin.py:109} INFO - [2023-02-12 11:53:13,567] {dag.py:2937} INFO - Setting next_dagrun for example_time_delta_sensor_async to None
[2023-02-12 11:53:13,593] {processor.py:171} INFO - Processing /usr/local/conda/lib/python3.7/site-packages/airflow/example_dags/example_time_delta_sensor_async.py took 0.088 seconds
[2023-02-12 11:53:47,507] {processor.py:163} INFO - Started process (PID=2431) to work on /usr/local/conda/lib/python3.7/site-packages/airflow/example_dags/example_time_delta_sensor_async.py
[2023-02-12 11:53:47,509] {processor.py:642} INFO - Processing file /usr/local/conda/lib/python3.7/site-packages/airflow/example_dags/example_time_delta_sensor_async.py for tasks to queue
[2023-02-12 11:53:47,510] {logging_mixin.py:109} INFO - [2023-02-12 11:53:47,510] {dagbag.py:500} INFO - Filling up the DagBag from /usr/local/conda/lib/python3.7/site-packages/airflow/example_dags/example_time_delta_sensor_async.py
[2023-02-12 11:53:47,528] {processor.py:652} INFO - DAG(s) dict_keys(['example_time_delta_sensor_async']) retrieved from /usr/local/conda/lib/python3.7/site-packages/airflow/example_dags/example_time_delta_sensor_async.py
[2023-02-12 11:53:47,546] {logging_mixin.py:109} INFO - [2023-02-12 11:53:47,546] {dag.py:2398} INFO - Sync 1 DAGs
[2023-02-12 11:53:47,563] {logging_mixin.py:109} INFO - [2023-02-12 11:53:47,563] {dag.py:2937} INFO - Setting next_dagrun for example_time_delta_sensor_async to None
[2023-02-12 11:53:47,590] {processor.py:171} INFO - Processing /usr/local/conda/lib/python3.7/site-packages/airflow/example_dags/example_time_delta_sensor_async.py took 0.087 seconds
[2023-02-12 11:54:23,922] {processor.py:163} INFO - Started process (PID=2462) to work on /usr/local/conda/lib/python3.7/site-packages/airflow/example_dags/example_time_delta_sensor_async.py
[2023-02-12 11:54:23,924] {processor.py:642} INFO - Processing file /usr/local/conda/lib/python3.7/site-packages/airflow/example_dags/example_time_delta_sensor_async.py for tasks to queue
[2023-02-12 11:54:23,925] {logging_mixin.py:109} INFO - [2023-02-12 11:54:23,925] {dagbag.py:500} INFO - Filling up the DagBag from /usr/local/conda/lib/python3.7/site-packages/airflow/example_dags/example_time_delta_sensor_async.py
[2023-02-12 11:54:23,943] {processor.py:652} INFO - DAG(s) dict_keys(['example_time_delta_sensor_async']) retrieved from /usr/local/conda/lib/python3.7/site-packages/airflow/example_dags/example_time_delta_sensor_async.py
[2023-02-12 11:54:23,961] {logging_mixin.py:109} INFO - [2023-02-12 11:54:23,961] {dag.py:2398} INFO - Sync 1 DAGs
[2023-02-12 11:54:23,978] {logging_mixin.py:109} INFO - [2023-02-12 11:54:23,978] {dag.py:2937} INFO - Setting next_dagrun for example_time_delta_sensor_async to None
[2023-02-12 11:54:24,000] {processor.py:171} INFO - Processing /usr/local/conda/lib/python3.7/site-packages/airflow/example_dags/example_time_delta_sensor_async.py took 0.082 seconds
[2023-02-12 11:55:03,069] {processor.py:163} INFO - Started process (PID=2497) to work on /usr/local/conda/lib/python3.7/site-packages/airflow/example_dags/example_time_delta_sensor_async.py
[2023-02-12 11:55:03,072] {processor.py:642} INFO - Processing file /usr/local/conda/lib/python3.7/site-packages/airflow/example_dags/example_time_delta_sensor_async.py for tasks to queue
[2023-02-12 11:55:03,073] {logging_mixin.py:109} INFO - [2023-02-12 11:55:03,073] {dagbag.py:500} INFO - Filling up the DagBag from /usr/local/conda/lib/python3.7/site-packages/airflow/example_dags/example_time_delta_sensor_async.py
[2023-02-12 11:55:03,095] {processor.py:652} INFO - DAG(s) dict_keys(['example_time_delta_sensor_async']) retrieved from /usr/local/conda/lib/python3.7/site-packages/airflow/example_dags/example_time_delta_sensor_async.py
[2023-02-12 11:55:03,116] {logging_mixin.py:109} INFO - [2023-02-12 11:55:03,116] {dag.py:2398} INFO - Sync 1 DAGs
[2023-02-12 11:55:03,138] {logging_mixin.py:109} INFO - [2023-02-12 11:55:03,138] {dag.py:2937} INFO - Setting next_dagrun for example_time_delta_sensor_async to None
[2023-02-12 11:55:03,163] {processor.py:171} INFO - Processing /usr/local/conda/lib/python3.7/site-packages/airflow/example_dags/example_time_delta_sensor_async.py took 0.097 seconds
[2023-02-12 11:55:40,193] {processor.py:163} INFO - Started process (PID=2529) to work on /usr/local/conda/lib/python3.7/site-packages/airflow/example_dags/example_time_delta_sensor_async.py
[2023-02-12 11:55:40,195] {processor.py:642} INFO - Processing file /usr/local/conda/lib/python3.7/site-packages/airflow/example_dags/example_time_delta_sensor_async.py for tasks to queue
[2023-02-12 11:55:40,197] {logging_mixin.py:109} INFO - [2023-02-12 11:55:40,196] {dagbag.py:500} INFO - Filling up the DagBag from /usr/local/conda/lib/python3.7/site-packages/airflow/example_dags/example_time_delta_sensor_async.py
[2023-02-12 11:55:40,217] {processor.py:652} INFO - DAG(s) dict_keys(['example_time_delta_sensor_async']) retrieved from /usr/local/conda/lib/python3.7/site-packages/airflow/example_dags/example_time_delta_sensor_async.py
[2023-02-12 11:55:40,238] {logging_mixin.py:109} INFO - [2023-02-12 11:55:40,237] {dag.py:2398} INFO - Sync 1 DAGs
[2023-02-12 11:55:40,260] {logging_mixin.py:109} INFO - [2023-02-12 11:55:40,260] {dag.py:2937} INFO - Setting next_dagrun for example_time_delta_sensor_async to None
[2023-02-12 11:55:40,286] {processor.py:171} INFO - Processing /usr/local/conda/lib/python3.7/site-packages/airflow/example_dags/example_time_delta_sensor_async.py took 0.097 seconds
[2023-02-12 11:56:19,370] {processor.py:163} INFO - Started process (PID=2559) to work on /usr/local/conda/lib/python3.7/site-packages/airflow/example_dags/example_time_delta_sensor_async.py
[2023-02-12 11:56:19,373] {processor.py:642} INFO - Processing file /usr/local/conda/lib/python3.7/site-packages/airflow/example_dags/example_time_delta_sensor_async.py for tasks to queue
[2023-02-12 11:56:19,375] {logging_mixin.py:109} INFO - [2023-02-12 11:56:19,375] {dagbag.py:500} INFO - Filling up the DagBag from /usr/local/conda/lib/python3.7/site-packages/airflow/example_dags/example_time_delta_sensor_async.py
[2023-02-12 11:56:19,403] {processor.py:652} INFO - DAG(s) dict_keys(['example_time_delta_sensor_async']) retrieved from /usr/local/conda/lib/python3.7/site-packages/airflow/example_dags/example_time_delta_sensor_async.py
[2023-02-12 11:56:19,423] {logging_mixin.py:109} INFO - [2023-02-12 11:56:19,423] {dag.py:2398} INFO - Sync 1 DAGs
[2023-02-12 11:56:19,445] {logging_mixin.py:109} INFO - [2023-02-12 11:56:19,445] {dag.py:2937} INFO - Setting next_dagrun for example_time_delta_sensor_async to None
[2023-02-12 11:56:19,467] {processor.py:171} INFO - Processing /usr/local/conda/lib/python3.7/site-packages/airflow/example_dags/example_time_delta_sensor_async.py took 0.102 seconds
[2023-02-12 11:56:57,330] {processor.py:163} INFO - Started process (PID=2592) to work on /usr/local/conda/lib/python3.7/site-packages/airflow/example_dags/example_time_delta_sensor_async.py
[2023-02-12 11:56:57,333] {processor.py:642} INFO - Processing file /usr/local/conda/lib/python3.7/site-packages/airflow/example_dags/example_time_delta_sensor_async.py for tasks to queue
[2023-02-12 11:56:57,335] {logging_mixin.py:109} INFO - [2023-02-12 11:56:57,335] {dagbag.py:500} INFO - Filling up the DagBag from /usr/local/conda/lib/python3.7/site-packages/airflow/example_dags/example_time_delta_sensor_async.py
[2023-02-12 11:56:57,353] {processor.py:652} INFO - DAG(s) dict_keys(['example_time_delta_sensor_async']) retrieved from /usr/local/conda/lib/python3.7/site-packages/airflow/example_dags/example_time_delta_sensor_async.py
[2023-02-12 11:56:57,370] {logging_mixin.py:109} INFO - [2023-02-12 11:56:57,369] {dag.py:2398} INFO - Sync 1 DAGs
[2023-02-12 11:56:57,388] {logging_mixin.py:109} INFO - [2023-02-12 11:56:57,388] {dag.py:2937} INFO - Setting next_dagrun for example_time_delta_sensor_async to None
[2023-02-12 11:56:57,409] {processor.py:171} INFO - Processing /usr/local/conda/lib/python3.7/site-packages/airflow/example_dags/example_time_delta_sensor_async.py took 0.083 seconds
[2023-02-12 11:57:36,801] {processor.py:163} INFO - Started process (PID=2625) to work on /usr/local/conda/lib/python3.7/site-packages/airflow/example_dags/example_time_delta_sensor_async.py
[2023-02-12 11:57:36,803] {processor.py:642} INFO - Processing file /usr/local/conda/lib/python3.7/site-packages/airflow/example_dags/example_time_delta_sensor_async.py for tasks to queue
[2023-02-12 11:57:36,804] {logging_mixin.py:109} INFO - [2023-02-12 11:57:36,804] {dagbag.py:500} INFO - Filling up the DagBag from /usr/local/conda/lib/python3.7/site-packages/airflow/example_dags/example_time_delta_sensor_async.py
[2023-02-12 11:57:36,824] {processor.py:652} INFO - DAG(s) dict_keys(['example_time_delta_sensor_async']) retrieved from /usr/local/conda/lib/python3.7/site-packages/airflow/example_dags/example_time_delta_sensor_async.py
[2023-02-12 11:57:36,842] {logging_mixin.py:109} INFO - [2023-02-12 11:57:36,842] {dag.py:2398} INFO - Sync 1 DAGs
[2023-02-12 11:57:36,862] {logging_mixin.py:109} INFO - [2023-02-12 11:57:36,862] {dag.py:2937} INFO - Setting next_dagrun for example_time_delta_sensor_async to None
[2023-02-12 11:57:36,886] {processor.py:171} INFO - Processing /usr/local/conda/lib/python3.7/site-packages/airflow/example_dags/example_time_delta_sensor_async.py took 0.090 seconds
[2023-02-12 11:58:16,402] {processor.py:163} INFO - Started process (PID=2652) to work on /usr/local/conda/lib/python3.7/site-packages/airflow/example_dags/example_time_delta_sensor_async.py
[2023-02-12 11:58:16,411] {processor.py:642} INFO - Processing file /usr/local/conda/lib/python3.7/site-packages/airflow/example_dags/example_time_delta_sensor_async.py for tasks to queue
[2023-02-12 11:58:16,414] {logging_mixin.py:109} INFO - [2023-02-12 11:58:16,413] {dagbag.py:500} INFO - Filling up the DagBag from /usr/local/conda/lib/python3.7/site-packages/airflow/example_dags/example_time_delta_sensor_async.py
[2023-02-12 11:58:16,492] {processor.py:652} INFO - DAG(s) dict_keys(['example_time_delta_sensor_async']) retrieved from /usr/local/conda/lib/python3.7/site-packages/airflow/example_dags/example_time_delta_sensor_async.py
[2023-02-12 11:58:16,582] {logging_mixin.py:109} INFO - [2023-02-12 11:58:16,582] {dag.py:2398} INFO - Sync 1 DAGs
[2023-02-12 11:58:16,667] {logging_mixin.py:109} INFO - [2023-02-12 11:58:16,667] {dag.py:2937} INFO - Setting next_dagrun for example_time_delta_sensor_async to None
[2023-02-12 11:58:16,749] {processor.py:171} INFO - Processing /usr/local/conda/lib/python3.7/site-packages/airflow/example_dags/example_time_delta_sensor_async.py took 0.360 seconds
