[2023-02-12 11:30:12,692] {processor.py:163} INFO - Started process (PID=295) to work on /usr/local/conda/lib/python3.7/site-packages/airflow/example_dags/example_sla_dag.py
[2023-02-12 11:30:12,695] {processor.py:642} INFO - Processing file /usr/local/conda/lib/python3.7/site-packages/airflow/example_dags/example_sla_dag.py for tasks to queue
[2023-02-12 11:30:12,698] {logging_mixin.py:109} INFO - [2023-02-12 11:30:12,698] {dagbag.py:500} INFO - Filling up the DagBag from /usr/local/conda/lib/python3.7/site-packages/airflow/example_dags/example_sla_dag.py
[2023-02-12 11:30:12,743] {processor.py:652} INFO - DAG(s) dict_keys(['example_sla_dag']) retrieved from /usr/local/conda/lib/python3.7/site-packages/airflow/example_dags/example_sla_dag.py
[2023-02-12 11:30:12,777] {logging_mixin.py:109} INFO - [2023-02-12 11:30:12,777] {dag.py:2398} INFO - Sync 1 DAGs
[2023-02-12 11:30:12,819] {logging_mixin.py:109} INFO - [2023-02-12 11:30:12,819] {dag.py:2937} INFO - Setting next_dagrun for example_sla_dag to 2023-02-12T05:58:00+00:00
[2023-02-12 11:30:13,045] {processor.py:171} INFO - Processing /usr/local/conda/lib/python3.7/site-packages/airflow/example_dags/example_sla_dag.py took 0.361 seconds
[2023-02-12 11:31:09,160] {processor.py:163} INFO - Started process (PID=1401) to work on /usr/local/conda/lib/python3.7/site-packages/airflow/example_dags/example_sla_dag.py
[2023-02-12 11:31:09,163] {processor.py:642} INFO - Processing file /usr/local/conda/lib/python3.7/site-packages/airflow/example_dags/example_sla_dag.py for tasks to queue
[2023-02-12 11:31:09,165] {logging_mixin.py:109} INFO - [2023-02-12 11:31:09,165] {dagbag.py:500} INFO - Filling up the DagBag from /usr/local/conda/lib/python3.7/site-packages/airflow/example_dags/example_sla_dag.py
[2023-02-12 11:31:09,209] {processor.py:652} INFO - DAG(s) dict_keys(['example_sla_dag']) retrieved from /usr/local/conda/lib/python3.7/site-packages/airflow/example_dags/example_sla_dag.py
[2023-02-12 11:31:09,244] {logging_mixin.py:109} INFO - [2023-02-12 11:31:09,244] {dag.py:2398} INFO - Sync 1 DAGs
[2023-02-12 11:31:09,292] {logging_mixin.py:109} INFO - [2023-02-12 11:31:09,292] {dag.py:2937} INFO - Setting next_dagrun for example_sla_dag to 2023-02-12T05:58:00+00:00
[2023-02-12 11:31:09,486] {processor.py:171} INFO - Processing /usr/local/conda/lib/python3.7/site-packages/airflow/example_dags/example_sla_dag.py took 0.334 seconds
[2023-02-12 11:31:49,686] {processor.py:163} INFO - Started process (PID=1429) to work on /usr/local/conda/lib/python3.7/site-packages/airflow/example_dags/example_sla_dag.py
[2023-02-12 11:31:49,689] {processor.py:642} INFO - Processing file /usr/local/conda/lib/python3.7/site-packages/airflow/example_dags/example_sla_dag.py for tasks to queue
[2023-02-12 11:31:49,692] {logging_mixin.py:109} INFO - [2023-02-12 11:31:49,691] {dagbag.py:500} INFO - Filling up the DagBag from /usr/local/conda/lib/python3.7/site-packages/airflow/example_dags/example_sla_dag.py
[2023-02-12 11:31:49,737] {processor.py:652} INFO - DAG(s) dict_keys(['example_sla_dag']) retrieved from /usr/local/conda/lib/python3.7/site-packages/airflow/example_dags/example_sla_dag.py
[2023-02-12 11:31:49,764] {logging_mixin.py:109} INFO - [2023-02-12 11:31:49,764] {dag.py:2398} INFO - Sync 1 DAGs
[2023-02-12 11:31:49,798] {logging_mixin.py:109} INFO - [2023-02-12 11:31:49,798] {dag.py:2937} INFO - Setting next_dagrun for example_sla_dag to 2023-02-12T05:58:00+00:00
[2023-02-12 11:31:49,826] {processor.py:171} INFO - Processing /usr/local/conda/lib/python3.7/site-packages/airflow/example_dags/example_sla_dag.py took 0.148 seconds
[2023-02-12 11:32:37,138] {processor.py:163} INFO - Started process (PID=1480) to work on /usr/local/conda/lib/python3.7/site-packages/airflow/example_dags/example_sla_dag.py
[2023-02-12 11:32:37,151] {processor.py:642} INFO - Processing file /usr/local/conda/lib/python3.7/site-packages/airflow/example_dags/example_sla_dag.py for tasks to queue
[2023-02-12 11:32:37,162] {logging_mixin.py:109} INFO - [2023-02-12 11:32:37,161] {dagbag.py:500} INFO - Filling up the DagBag from /usr/local/conda/lib/python3.7/site-packages/airflow/example_dags/example_sla_dag.py
[2023-02-12 11:32:37,321] {processor.py:652} INFO - DAG(s) dict_keys(['example_sla_dag']) retrieved from /usr/local/conda/lib/python3.7/site-packages/airflow/example_dags/example_sla_dag.py
[2023-02-12 11:32:37,350] {logging_mixin.py:109} INFO - [2023-02-12 11:32:37,350] {dag.py:2398} INFO - Sync 1 DAGs
[2023-02-12 11:32:37,390] {logging_mixin.py:109} INFO - [2023-02-12 11:32:37,390] {dag.py:2937} INFO - Setting next_dagrun for example_sla_dag to 2023-02-12T06:00:00+00:00
[2023-02-12 11:32:37,451] {processor.py:171} INFO - Processing /usr/local/conda/lib/python3.7/site-packages/airflow/example_dags/example_sla_dag.py took 0.327 seconds
[2023-02-12 11:33:35,810] {processor.py:163} INFO - Started process (PID=1595) to work on /usr/local/conda/lib/python3.7/site-packages/airflow/example_dags/example_sla_dag.py
[2023-02-12 11:33:35,813] {processor.py:642} INFO - Processing file /usr/local/conda/lib/python3.7/site-packages/airflow/example_dags/example_sla_dag.py for tasks to queue
[2023-02-12 11:33:35,816] {logging_mixin.py:109} INFO - [2023-02-12 11:33:35,816] {dagbag.py:500} INFO - Filling up the DagBag from /usr/local/conda/lib/python3.7/site-packages/airflow/example_dags/example_sla_dag.py
[2023-02-12 11:33:35,873] {processor.py:652} INFO - DAG(s) dict_keys(['example_sla_dag']) retrieved from /usr/local/conda/lib/python3.7/site-packages/airflow/example_dags/example_sla_dag.py
[2023-02-12 11:33:35,908] {logging_mixin.py:109} INFO - [2023-02-12 11:33:35,908] {dag.py:2398} INFO - Sync 1 DAGs
[2023-02-12 11:33:35,958] {logging_mixin.py:109} INFO - [2023-02-12 11:33:35,958] {dag.py:2937} INFO - Setting next_dagrun for example_sla_dag to 2023-02-12T06:00:00+00:00
[2023-02-12 11:33:36,012] {processor.py:171} INFO - Processing /usr/local/conda/lib/python3.7/site-packages/airflow/example_dags/example_sla_dag.py took 0.209 seconds
[2023-02-12 11:34:25,356] {processor.py:163} INFO - Started process (PID=1626) to work on /usr/local/conda/lib/python3.7/site-packages/airflow/example_dags/example_sla_dag.py
[2023-02-12 11:34:25,367] {processor.py:642} INFO - Processing file /usr/local/conda/lib/python3.7/site-packages/airflow/example_dags/example_sla_dag.py for tasks to queue
[2023-02-12 11:34:25,369] {logging_mixin.py:109} INFO - [2023-02-12 11:34:25,368] {dagbag.py:500} INFO - Filling up the DagBag from /usr/local/conda/lib/python3.7/site-packages/airflow/example_dags/example_sla_dag.py
[2023-02-12 11:34:25,424] {processor.py:652} INFO - DAG(s) dict_keys(['example_sla_dag']) retrieved from /usr/local/conda/lib/python3.7/site-packages/airflow/example_dags/example_sla_dag.py
[2023-02-12 11:34:25,465] {logging_mixin.py:109} INFO - [2023-02-12 11:34:25,464] {dag.py:2398} INFO - Sync 1 DAGs
[2023-02-12 11:34:25,507] {logging_mixin.py:109} INFO - [2023-02-12 11:34:25,506] {dag.py:2937} INFO - Setting next_dagrun for example_sla_dag to 2023-02-12T06:02:00+00:00
[2023-02-12 11:34:25,570] {processor.py:171} INFO - Processing /usr/local/conda/lib/python3.7/site-packages/airflow/example_dags/example_sla_dag.py took 0.236 seconds
[2023-02-12 11:35:56,220] {processor.py:163} INFO - Started process (PID=1659) to work on /usr/local/conda/lib/python3.7/site-packages/airflow/example_dags/example_sla_dag.py
[2023-02-12 11:35:56,236] {processor.py:642} INFO - Processing file /usr/local/conda/lib/python3.7/site-packages/airflow/example_dags/example_sla_dag.py for tasks to queue
[2023-02-12 11:35:56,239] {logging_mixin.py:109} INFO - [2023-02-12 11:35:56,239] {dagbag.py:500} INFO - Filling up the DagBag from /usr/local/conda/lib/python3.7/site-packages/airflow/example_dags/example_sla_dag.py
[2023-02-12 11:35:56,332] {processor.py:652} INFO - DAG(s) dict_keys(['example_sla_dag']) retrieved from /usr/local/conda/lib/python3.7/site-packages/airflow/example_dags/example_sla_dag.py
[2023-02-12 11:35:56,388] {logging_mixin.py:109} INFO - [2023-02-12 11:35:56,388] {dag.py:2398} INFO - Sync 1 DAGs
[2023-02-12 11:35:56,471] {logging_mixin.py:109} INFO - [2023-02-12 11:35:56,471] {dag.py:2937} INFO - Setting next_dagrun for example_sla_dag to 2023-02-12T06:02:00+00:00
[2023-02-12 11:35:56,547] {processor.py:171} INFO - Processing /usr/local/conda/lib/python3.7/site-packages/airflow/example_dags/example_sla_dag.py took 0.353 seconds
[2023-02-12 11:36:48,698] {processor.py:163} INFO - Started process (PID=1689) to work on /usr/local/conda/lib/python3.7/site-packages/airflow/example_dags/example_sla_dag.py
[2023-02-12 11:36:48,701] {processor.py:642} INFO - Processing file /usr/local/conda/lib/python3.7/site-packages/airflow/example_dags/example_sla_dag.py for tasks to queue
[2023-02-12 11:36:48,703] {logging_mixin.py:109} INFO - [2023-02-12 11:36:48,703] {dagbag.py:500} INFO - Filling up the DagBag from /usr/local/conda/lib/python3.7/site-packages/airflow/example_dags/example_sla_dag.py
[2023-02-12 11:36:48,739] {processor.py:652} INFO - DAG(s) dict_keys(['example_sla_dag']) retrieved from /usr/local/conda/lib/python3.7/site-packages/airflow/example_dags/example_sla_dag.py
[2023-02-12 11:36:48,765] {logging_mixin.py:109} INFO - [2023-02-12 11:36:48,765] {dag.py:2398} INFO - Sync 1 DAGs
[2023-02-12 11:36:48,798] {logging_mixin.py:109} INFO - [2023-02-12 11:36:48,798] {dag.py:2937} INFO - Setting next_dagrun for example_sla_dag to 2023-02-12T06:04:00+00:00
[2023-02-12 11:36:49,017] {processor.py:171} INFO - Processing /usr/local/conda/lib/python3.7/site-packages/airflow/example_dags/example_sla_dag.py took 0.325 seconds
[2023-02-12 11:37:49,726] {processor.py:163} INFO - Started process (PID=1723) to work on /usr/local/conda/lib/python3.7/site-packages/airflow/example_dags/example_sla_dag.py
[2023-02-12 11:37:49,747] {processor.py:642} INFO - Processing file /usr/local/conda/lib/python3.7/site-packages/airflow/example_dags/example_sla_dag.py for tasks to queue
[2023-02-12 11:37:49,754] {logging_mixin.py:109} INFO - [2023-02-12 11:37:49,753] {dagbag.py:500} INFO - Filling up the DagBag from /usr/local/conda/lib/python3.7/site-packages/airflow/example_dags/example_sla_dag.py
[2023-02-12 11:37:49,867] {processor.py:652} INFO - DAG(s) dict_keys(['example_sla_dag']) retrieved from /usr/local/conda/lib/python3.7/site-packages/airflow/example_dags/example_sla_dag.py
[2023-02-12 11:37:49,902] {logging_mixin.py:109} INFO - [2023-02-12 11:37:49,902] {dag.py:2398} INFO - Sync 1 DAGs
[2023-02-12 11:37:49,936] {logging_mixin.py:109} INFO - [2023-02-12 11:37:49,935] {dag.py:2937} INFO - Setting next_dagrun for example_sla_dag to 2023-02-12T06:04:00+00:00
[2023-02-12 11:37:50,369] {processor.py:171} INFO - Processing /usr/local/conda/lib/python3.7/site-packages/airflow/example_dags/example_sla_dag.py took 0.658 seconds
[2023-02-12 11:38:47,092] {processor.py:163} INFO - Started process (PID=1757) to work on /usr/local/conda/lib/python3.7/site-packages/airflow/example_dags/example_sla_dag.py
[2023-02-12 11:38:47,118] {processor.py:642} INFO - Processing file /usr/local/conda/lib/python3.7/site-packages/airflow/example_dags/example_sla_dag.py for tasks to queue
[2023-02-12 11:38:47,122] {logging_mixin.py:109} INFO - [2023-02-12 11:38:47,121] {dagbag.py:500} INFO - Filling up the DagBag from /usr/local/conda/lib/python3.7/site-packages/airflow/example_dags/example_sla_dag.py
[2023-02-12 11:38:47,215] {processor.py:652} INFO - DAG(s) dict_keys(['example_sla_dag']) retrieved from /usr/local/conda/lib/python3.7/site-packages/airflow/example_dags/example_sla_dag.py
[2023-02-12 11:38:47,255] {logging_mixin.py:109} INFO - [2023-02-12 11:38:47,255] {dag.py:2398} INFO - Sync 1 DAGs
[2023-02-12 11:38:47,287] {logging_mixin.py:109} INFO - [2023-02-12 11:38:47,286] {dag.py:2937} INFO - Setting next_dagrun for example_sla_dag to 2023-02-12T06:06:00+00:00
[2023-02-12 11:38:47,743] {processor.py:171} INFO - Processing /usr/local/conda/lib/python3.7/site-packages/airflow/example_dags/example_sla_dag.py took 0.666 seconds
[2023-02-12 11:39:50,885] {processor.py:163} INFO - Started process (PID=1795) to work on /usr/local/conda/lib/python3.7/site-packages/airflow/example_dags/example_sla_dag.py
[2023-02-12 11:39:50,889] {processor.py:642} INFO - Processing file /usr/local/conda/lib/python3.7/site-packages/airflow/example_dags/example_sla_dag.py for tasks to queue
[2023-02-12 11:39:50,893] {logging_mixin.py:109} INFO - [2023-02-12 11:39:50,893] {dagbag.py:500} INFO - Filling up the DagBag from /usr/local/conda/lib/python3.7/site-packages/airflow/example_dags/example_sla_dag.py
[2023-02-12 11:39:50,936] {processor.py:652} INFO - DAG(s) dict_keys(['example_sla_dag']) retrieved from /usr/local/conda/lib/python3.7/site-packages/airflow/example_dags/example_sla_dag.py
[2023-02-12 11:39:50,969] {logging_mixin.py:109} INFO - [2023-02-12 11:39:50,969] {dag.py:2398} INFO - Sync 1 DAGs
[2023-02-12 11:39:51,003] {logging_mixin.py:109} INFO - [2023-02-12 11:39:51,003] {dag.py:2937} INFO - Setting next_dagrun for example_sla_dag to 2023-02-12T06:06:00+00:00
[2023-02-12 11:39:51,040] {processor.py:171} INFO - Processing /usr/local/conda/lib/python3.7/site-packages/airflow/example_dags/example_sla_dag.py took 0.162 seconds
[2023-02-12 11:40:40,327] {processor.py:163} INFO - Started process (PID=1826) to work on /usr/local/conda/lib/python3.7/site-packages/airflow/example_dags/example_sla_dag.py
[2023-02-12 11:40:40,352] {processor.py:642} INFO - Processing file /usr/local/conda/lib/python3.7/site-packages/airflow/example_dags/example_sla_dag.py for tasks to queue
[2023-02-12 11:40:40,365] {logging_mixin.py:109} INFO - [2023-02-12 11:40:40,364] {dagbag.py:500} INFO - Filling up the DagBag from /usr/local/conda/lib/python3.7/site-packages/airflow/example_dags/example_sla_dag.py
[2023-02-12 11:40:40,431] {processor.py:652} INFO - DAG(s) dict_keys(['example_sla_dag']) retrieved from /usr/local/conda/lib/python3.7/site-packages/airflow/example_dags/example_sla_dag.py
[2023-02-12 11:40:40,459] {logging_mixin.py:109} INFO - [2023-02-12 11:40:40,459] {dag.py:2398} INFO - Sync 1 DAGs
[2023-02-12 11:40:40,496] {logging_mixin.py:109} INFO - [2023-02-12 11:40:40,496] {dag.py:2937} INFO - Setting next_dagrun for example_sla_dag to 2023-02-12T06:08:00+00:00
[2023-02-12 11:40:41,434] {processor.py:171} INFO - Processing /usr/local/conda/lib/python3.7/site-packages/airflow/example_dags/example_sla_dag.py took 1.116 seconds
[2023-02-12 11:41:23,495] {processor.py:163} INFO - Started process (PID=1855) to work on /usr/local/conda/lib/python3.7/site-packages/airflow/example_dags/example_sla_dag.py
[2023-02-12 11:41:23,503] {processor.py:642} INFO - Processing file /usr/local/conda/lib/python3.7/site-packages/airflow/example_dags/example_sla_dag.py for tasks to queue
[2023-02-12 11:41:23,504] {logging_mixin.py:109} INFO - [2023-02-12 11:41:23,504] {dagbag.py:500} INFO - Filling up the DagBag from /usr/local/conda/lib/python3.7/site-packages/airflow/example_dags/example_sla_dag.py
[2023-02-12 11:41:23,548] {processor.py:652} INFO - DAG(s) dict_keys(['example_sla_dag']) retrieved from /usr/local/conda/lib/python3.7/site-packages/airflow/example_dags/example_sla_dag.py
[2023-02-12 11:41:23,584] {logging_mixin.py:109} INFO - [2023-02-12 11:41:23,584] {dag.py:2398} INFO - Sync 1 DAGs
[2023-02-12 11:41:23,620] {logging_mixin.py:109} INFO - [2023-02-12 11:41:23,620] {dag.py:2937} INFO - Setting next_dagrun for example_sla_dag to 2023-02-12T06:08:00+00:00
[2023-02-12 11:41:23,691] {processor.py:171} INFO - Processing /usr/local/conda/lib/python3.7/site-packages/airflow/example_dags/example_sla_dag.py took 0.208 seconds
[2023-02-12 11:42:03,985] {processor.py:163} INFO - Started process (PID=1888) to work on /usr/local/conda/lib/python3.7/site-packages/airflow/example_dags/example_sla_dag.py
[2023-02-12 11:42:03,989] {processor.py:642} INFO - Processing file /usr/local/conda/lib/python3.7/site-packages/airflow/example_dags/example_sla_dag.py for tasks to queue
[2023-02-12 11:42:03,991] {logging_mixin.py:109} INFO - [2023-02-12 11:42:03,991] {dagbag.py:500} INFO - Filling up the DagBag from /usr/local/conda/lib/python3.7/site-packages/airflow/example_dags/example_sla_dag.py
[2023-02-12 11:42:04,036] {processor.py:652} INFO - DAG(s) dict_keys(['example_sla_dag']) retrieved from /usr/local/conda/lib/python3.7/site-packages/airflow/example_dags/example_sla_dag.py
[2023-02-12 11:42:04,064] {logging_mixin.py:109} INFO - [2023-02-12 11:42:04,064] {dag.py:2398} INFO - Sync 1 DAGs
[2023-02-12 11:42:04,103] {logging_mixin.py:109} INFO - [2023-02-12 11:42:04,102] {dag.py:2937} INFO - Setting next_dagrun for example_sla_dag to 2023-02-12T06:10:00+00:00
[2023-02-12 11:42:04,141] {processor.py:171} INFO - Processing /usr/local/conda/lib/python3.7/site-packages/airflow/example_dags/example_sla_dag.py took 0.164 seconds
[2023-02-12 11:42:43,824] {processor.py:163} INFO - Started process (PID=1918) to work on /usr/local/conda/lib/python3.7/site-packages/airflow/example_dags/example_sla_dag.py
[2023-02-12 11:42:43,843] {processor.py:642} INFO - Processing file /usr/local/conda/lib/python3.7/site-packages/airflow/example_dags/example_sla_dag.py for tasks to queue
[2023-02-12 11:42:43,846] {logging_mixin.py:109} INFO - [2023-02-12 11:42:43,845] {dagbag.py:500} INFO - Filling up the DagBag from /usr/local/conda/lib/python3.7/site-packages/airflow/example_dags/example_sla_dag.py
[2023-02-12 11:42:43,894] {processor.py:652} INFO - DAG(s) dict_keys(['example_sla_dag']) retrieved from /usr/local/conda/lib/python3.7/site-packages/airflow/example_dags/example_sla_dag.py
[2023-02-12 11:42:43,924] {logging_mixin.py:109} INFO - [2023-02-12 11:42:43,924] {dag.py:2398} INFO - Sync 1 DAGs
[2023-02-12 11:42:43,966] {logging_mixin.py:109} INFO - [2023-02-12 11:42:43,966] {dag.py:2937} INFO - Setting next_dagrun for example_sla_dag to 2023-02-12T06:10:00+00:00
[2023-02-12 11:42:44,334] {processor.py:171} INFO - Processing /usr/local/conda/lib/python3.7/site-packages/airflow/example_dags/example_sla_dag.py took 0.516 seconds
[2023-02-12 11:43:31,404] {processor.py:163} INFO - Started process (PID=1952) to work on /usr/local/conda/lib/python3.7/site-packages/airflow/example_dags/example_sla_dag.py
[2023-02-12 11:43:31,408] {processor.py:642} INFO - Processing file /usr/local/conda/lib/python3.7/site-packages/airflow/example_dags/example_sla_dag.py for tasks to queue
[2023-02-12 11:43:31,411] {logging_mixin.py:109} INFO - [2023-02-12 11:43:31,410] {dagbag.py:500} INFO - Filling up the DagBag from /usr/local/conda/lib/python3.7/site-packages/airflow/example_dags/example_sla_dag.py
[2023-02-12 11:43:31,476] {processor.py:652} INFO - DAG(s) dict_keys(['example_sla_dag']) retrieved from /usr/local/conda/lib/python3.7/site-packages/airflow/example_dags/example_sla_dag.py
[2023-02-12 11:43:31,513] {logging_mixin.py:109} INFO - [2023-02-12 11:43:31,512] {dag.py:2398} INFO - Sync 1 DAGs
[2023-02-12 11:43:31,562] {logging_mixin.py:109} INFO - [2023-02-12 11:43:31,561] {dag.py:2937} INFO - Setting next_dagrun for example_sla_dag to 2023-02-12T06:10:00+00:00
[2023-02-12 11:43:31,610] {processor.py:171} INFO - Processing /usr/local/conda/lib/python3.7/site-packages/airflow/example_dags/example_sla_dag.py took 0.212 seconds
[2023-02-12 11:44:05,534] {processor.py:163} INFO - Started process (PID=1976) to work on /usr/local/conda/lib/python3.7/site-packages/airflow/example_dags/example_sla_dag.py
[2023-02-12 11:44:05,550] {processor.py:642} INFO - Processing file /usr/local/conda/lib/python3.7/site-packages/airflow/example_dags/example_sla_dag.py for tasks to queue
[2023-02-12 11:44:05,556] {logging_mixin.py:109} INFO - [2023-02-12 11:44:05,555] {dagbag.py:500} INFO - Filling up the DagBag from /usr/local/conda/lib/python3.7/site-packages/airflow/example_dags/example_sla_dag.py
[2023-02-12 11:44:05,656] {processor.py:652} INFO - DAG(s) dict_keys(['example_sla_dag']) retrieved from /usr/local/conda/lib/python3.7/site-packages/airflow/example_dags/example_sla_dag.py
[2023-02-12 11:44:05,715] {logging_mixin.py:109} INFO - [2023-02-12 11:44:05,715] {dag.py:2398} INFO - Sync 1 DAGs
[2023-02-12 11:44:05,798] {logging_mixin.py:109} INFO - [2023-02-12 11:44:05,798] {dag.py:2937} INFO - Setting next_dagrun for example_sla_dag to 2023-02-12T06:12:00+00:00
[2023-02-12 11:44:05,893] {processor.py:171} INFO - Processing /usr/local/conda/lib/python3.7/site-packages/airflow/example_dags/example_sla_dag.py took 0.370 seconds
[2023-02-12 11:44:39,688] {processor.py:163} INFO - Started process (PID=2001) to work on /usr/local/conda/lib/python3.7/site-packages/airflow/example_dags/example_sla_dag.py
[2023-02-12 11:44:39,706] {processor.py:642} INFO - Processing file /usr/local/conda/lib/python3.7/site-packages/airflow/example_dags/example_sla_dag.py for tasks to queue
[2023-02-12 11:44:39,708] {logging_mixin.py:109} INFO - [2023-02-12 11:44:39,708] {dagbag.py:500} INFO - Filling up the DagBag from /usr/local/conda/lib/python3.7/site-packages/airflow/example_dags/example_sla_dag.py
[2023-02-12 11:44:39,796] {processor.py:652} INFO - DAG(s) dict_keys(['example_sla_dag']) retrieved from /usr/local/conda/lib/python3.7/site-packages/airflow/example_dags/example_sla_dag.py
[2023-02-12 11:44:39,891] {logging_mixin.py:109} INFO - [2023-02-12 11:44:39,890] {dag.py:2398} INFO - Sync 1 DAGs
[2023-02-12 11:44:39,942] {logging_mixin.py:109} INFO - [2023-02-12 11:44:39,942] {dag.py:2937} INFO - Setting next_dagrun for example_sla_dag to 2023-02-12T06:12:00+00:00
[2023-02-12 11:44:40,016] {processor.py:171} INFO - Processing /usr/local/conda/lib/python3.7/site-packages/airflow/example_dags/example_sla_dag.py took 0.335 seconds
[2023-02-12 11:45:16,586] {processor.py:163} INFO - Started process (PID=2025) to work on /usr/local/conda/lib/python3.7/site-packages/airflow/example_dags/example_sla_dag.py
[2023-02-12 11:45:16,594] {processor.py:642} INFO - Processing file /usr/local/conda/lib/python3.7/site-packages/airflow/example_dags/example_sla_dag.py for tasks to queue
[2023-02-12 11:45:16,602] {logging_mixin.py:109} INFO - [2023-02-12 11:45:16,602] {dagbag.py:500} INFO - Filling up the DagBag from /usr/local/conda/lib/python3.7/site-packages/airflow/example_dags/example_sla_dag.py
[2023-02-12 11:45:16,691] {processor.py:652} INFO - DAG(s) dict_keys(['example_sla_dag']) retrieved from /usr/local/conda/lib/python3.7/site-packages/airflow/example_dags/example_sla_dag.py
[2023-02-12 11:45:16,768] {logging_mixin.py:109} INFO - [2023-02-12 11:45:16,768] {dag.py:2398} INFO - Sync 1 DAGs
[2023-02-12 11:45:16,816] {logging_mixin.py:109} INFO - [2023-02-12 11:45:16,816] {dag.py:2937} INFO - Setting next_dagrun for example_sla_dag to 2023-02-12T06:12:00+00:00
[2023-02-12 11:45:16,936] {processor.py:171} INFO - Processing /usr/local/conda/lib/python3.7/site-packages/airflow/example_dags/example_sla_dag.py took 0.357 seconds
[2023-02-12 11:45:57,397] {processor.py:163} INFO - Started process (PID=2053) to work on /usr/local/conda/lib/python3.7/site-packages/airflow/example_dags/example_sla_dag.py
[2023-02-12 11:45:57,410] {processor.py:642} INFO - Processing file /usr/local/conda/lib/python3.7/site-packages/airflow/example_dags/example_sla_dag.py for tasks to queue
[2023-02-12 11:45:57,412] {logging_mixin.py:109} INFO - [2023-02-12 11:45:57,412] {dagbag.py:500} INFO - Filling up the DagBag from /usr/local/conda/lib/python3.7/site-packages/airflow/example_dags/example_sla_dag.py
[2023-02-12 11:45:57,456] {processor.py:652} INFO - DAG(s) dict_keys(['example_sla_dag']) retrieved from /usr/local/conda/lib/python3.7/site-packages/airflow/example_dags/example_sla_dag.py
[2023-02-12 11:45:57,500] {logging_mixin.py:109} INFO - [2023-02-12 11:45:57,500] {dag.py:2398} INFO - Sync 1 DAGs
[2023-02-12 11:45:57,574] {logging_mixin.py:109} INFO - [2023-02-12 11:45:57,574] {dag.py:2937} INFO - Setting next_dagrun for example_sla_dag to 2023-02-12T06:12:00+00:00
[2023-02-12 11:45:57,680] {processor.py:171} INFO - Processing /usr/local/conda/lib/python3.7/site-packages/airflow/example_dags/example_sla_dag.py took 0.289 seconds
[2023-02-12 11:46:38,318] {processor.py:163} INFO - Started process (PID=2081) to work on /usr/local/conda/lib/python3.7/site-packages/airflow/example_dags/example_sla_dag.py
[2023-02-12 11:46:38,343] {processor.py:642} INFO - Processing file /usr/local/conda/lib/python3.7/site-packages/airflow/example_dags/example_sla_dag.py for tasks to queue
[2023-02-12 11:46:38,344] {logging_mixin.py:109} INFO - [2023-02-12 11:46:38,344] {dagbag.py:500} INFO - Filling up the DagBag from /usr/local/conda/lib/python3.7/site-packages/airflow/example_dags/example_sla_dag.py
[2023-02-12 11:46:38,427] {processor.py:652} INFO - DAG(s) dict_keys(['example_sla_dag']) retrieved from /usr/local/conda/lib/python3.7/site-packages/airflow/example_dags/example_sla_dag.py
[2023-02-12 11:46:38,480] {logging_mixin.py:109} INFO - [2023-02-12 11:46:38,480] {dag.py:2398} INFO - Sync 1 DAGs
[2023-02-12 11:46:38,552] {logging_mixin.py:109} INFO - [2023-02-12 11:46:38,552] {dag.py:2937} INFO - Setting next_dagrun for example_sla_dag to 2023-02-12T06:14:00+00:00
[2023-02-12 11:46:38,645] {processor.py:171} INFO - Processing /usr/local/conda/lib/python3.7/site-packages/airflow/example_dags/example_sla_dag.py took 0.334 seconds
[2023-02-12 11:47:13,358] {processor.py:163} INFO - Started process (PID=2105) to work on /usr/local/conda/lib/python3.7/site-packages/airflow/example_dags/example_sla_dag.py
[2023-02-12 11:47:13,362] {processor.py:642} INFO - Processing file /usr/local/conda/lib/python3.7/site-packages/airflow/example_dags/example_sla_dag.py for tasks to queue
[2023-02-12 11:47:13,363] {logging_mixin.py:109} INFO - [2023-02-12 11:47:13,363] {dagbag.py:500} INFO - Filling up the DagBag from /usr/local/conda/lib/python3.7/site-packages/airflow/example_dags/example_sla_dag.py
[2023-02-12 11:47:13,429] {processor.py:652} INFO - DAG(s) dict_keys(['example_sla_dag']) retrieved from /usr/local/conda/lib/python3.7/site-packages/airflow/example_dags/example_sla_dag.py
[2023-02-12 11:47:13,461] {logging_mixin.py:109} INFO - [2023-02-12 11:47:13,461] {dag.py:2398} INFO - Sync 1 DAGs
[2023-02-12 11:47:13,500] {logging_mixin.py:109} INFO - [2023-02-12 11:47:13,500] {dag.py:2937} INFO - Setting next_dagrun for example_sla_dag to 2023-02-12T06:14:00+00:00
[2023-02-12 11:47:13,547] {processor.py:171} INFO - Processing /usr/local/conda/lib/python3.7/site-packages/airflow/example_dags/example_sla_dag.py took 0.197 seconds
[2023-02-12 11:47:47,254] {processor.py:163} INFO - Started process (PID=2131) to work on /usr/local/conda/lib/python3.7/site-packages/airflow/example_dags/example_sla_dag.py
[2023-02-12 11:47:47,257] {processor.py:642} INFO - Processing file /usr/local/conda/lib/python3.7/site-packages/airflow/example_dags/example_sla_dag.py for tasks to queue
[2023-02-12 11:47:47,261] {logging_mixin.py:109} INFO - [2023-02-12 11:47:47,261] {dagbag.py:500} INFO - Filling up the DagBag from /usr/local/conda/lib/python3.7/site-packages/airflow/example_dags/example_sla_dag.py
[2023-02-12 11:47:47,310] {processor.py:652} INFO - DAG(s) dict_keys(['example_sla_dag']) retrieved from /usr/local/conda/lib/python3.7/site-packages/airflow/example_dags/example_sla_dag.py
[2023-02-12 11:47:47,343] {logging_mixin.py:109} INFO - [2023-02-12 11:47:47,343] {dag.py:2398} INFO - Sync 1 DAGs
[2023-02-12 11:47:47,383] {logging_mixin.py:109} INFO - [2023-02-12 11:47:47,383] {dag.py:2937} INFO - Setting next_dagrun for example_sla_dag to 2023-02-12T06:14:00+00:00
[2023-02-12 11:47:47,433] {processor.py:171} INFO - Processing /usr/local/conda/lib/python3.7/site-packages/airflow/example_dags/example_sla_dag.py took 0.186 seconds
[2023-02-12 11:48:26,642] {processor.py:163} INFO - Started process (PID=2162) to work on /usr/local/conda/lib/python3.7/site-packages/airflow/example_dags/example_sla_dag.py
[2023-02-12 11:48:26,647] {processor.py:642} INFO - Processing file /usr/local/conda/lib/python3.7/site-packages/airflow/example_dags/example_sla_dag.py for tasks to queue
[2023-02-12 11:48:26,650] {logging_mixin.py:109} INFO - [2023-02-12 11:48:26,650] {dagbag.py:500} INFO - Filling up the DagBag from /usr/local/conda/lib/python3.7/site-packages/airflow/example_dags/example_sla_dag.py
[2023-02-12 11:48:26,692] {processor.py:652} INFO - DAG(s) dict_keys(['example_sla_dag']) retrieved from /usr/local/conda/lib/python3.7/site-packages/airflow/example_dags/example_sla_dag.py
[2023-02-12 11:48:26,721] {logging_mixin.py:109} INFO - [2023-02-12 11:48:26,721] {dag.py:2398} INFO - Sync 1 DAGs
[2023-02-12 11:48:26,758] {logging_mixin.py:109} INFO - [2023-02-12 11:48:26,758] {dag.py:2937} INFO - Setting next_dagrun for example_sla_dag to 2023-02-12T06:16:00+00:00
[2023-02-12 11:48:26,824] {processor.py:171} INFO - Processing /usr/local/conda/lib/python3.7/site-packages/airflow/example_dags/example_sla_dag.py took 0.189 seconds
[2023-02-12 11:49:09,355] {processor.py:163} INFO - Started process (PID=2197) to work on /usr/local/conda/lib/python3.7/site-packages/airflow/example_dags/example_sla_dag.py
[2023-02-12 11:49:09,358] {processor.py:642} INFO - Processing file /usr/local/conda/lib/python3.7/site-packages/airflow/example_dags/example_sla_dag.py for tasks to queue
[2023-02-12 11:49:09,365] {logging_mixin.py:109} INFO - [2023-02-12 11:49:09,364] {dagbag.py:500} INFO - Filling up the DagBag from /usr/local/conda/lib/python3.7/site-packages/airflow/example_dags/example_sla_dag.py
[2023-02-12 11:49:09,408] {processor.py:652} INFO - DAG(s) dict_keys(['example_sla_dag']) retrieved from /usr/local/conda/lib/python3.7/site-packages/airflow/example_dags/example_sla_dag.py
[2023-02-12 11:49:09,442] {logging_mixin.py:109} INFO - [2023-02-12 11:49:09,442] {dag.py:2398} INFO - Sync 1 DAGs
[2023-02-12 11:49:09,486] {logging_mixin.py:109} INFO - [2023-02-12 11:49:09,486] {dag.py:2937} INFO - Setting next_dagrun for example_sla_dag to 2023-02-12T06:16:00+00:00
[2023-02-12 11:49:09,582] {processor.py:171} INFO - Processing /usr/local/conda/lib/python3.7/site-packages/airflow/example_dags/example_sla_dag.py took 0.234 seconds
[2023-02-12 11:49:56,345] {processor.py:163} INFO - Started process (PID=2232) to work on /usr/local/conda/lib/python3.7/site-packages/airflow/example_dags/example_sla_dag.py
[2023-02-12 11:49:56,350] {processor.py:642} INFO - Processing file /usr/local/conda/lib/python3.7/site-packages/airflow/example_dags/example_sla_dag.py for tasks to queue
[2023-02-12 11:49:56,353] {logging_mixin.py:109} INFO - [2023-02-12 11:49:56,352] {dagbag.py:500} INFO - Filling up the DagBag from /usr/local/conda/lib/python3.7/site-packages/airflow/example_dags/example_sla_dag.py
[2023-02-12 11:49:56,387] {processor.py:652} INFO - DAG(s) dict_keys(['example_sla_dag']) retrieved from /usr/local/conda/lib/python3.7/site-packages/airflow/example_dags/example_sla_dag.py
[2023-02-12 11:49:56,419] {logging_mixin.py:109} INFO - [2023-02-12 11:49:56,419] {dag.py:2398} INFO - Sync 1 DAGs
[2023-02-12 11:49:56,459] {logging_mixin.py:109} INFO - [2023-02-12 11:49:56,459] {dag.py:2937} INFO - Setting next_dagrun for example_sla_dag to 2023-02-12T06:16:00+00:00
[2023-02-12 11:49:56,488] {processor.py:171} INFO - Processing /usr/local/conda/lib/python3.7/site-packages/airflow/example_dags/example_sla_dag.py took 0.148 seconds
[2023-02-12 11:50:31,446] {processor.py:163} INFO - Started process (PID=2265) to work on /usr/local/conda/lib/python3.7/site-packages/airflow/example_dags/example_sla_dag.py
[2023-02-12 11:50:31,450] {processor.py:642} INFO - Processing file /usr/local/conda/lib/python3.7/site-packages/airflow/example_dags/example_sla_dag.py for tasks to queue
[2023-02-12 11:50:31,453] {logging_mixin.py:109} INFO - [2023-02-12 11:50:31,453] {dagbag.py:500} INFO - Filling up the DagBag from /usr/local/conda/lib/python3.7/site-packages/airflow/example_dags/example_sla_dag.py
[2023-02-12 11:50:31,501] {processor.py:652} INFO - DAG(s) dict_keys(['example_sla_dag']) retrieved from /usr/local/conda/lib/python3.7/site-packages/airflow/example_dags/example_sla_dag.py
[2023-02-12 11:50:31,534] {logging_mixin.py:109} INFO - [2023-02-12 11:50:31,533] {dag.py:2398} INFO - Sync 1 DAGs
[2023-02-12 11:50:31,578] {logging_mixin.py:109} INFO - [2023-02-12 11:50:31,577] {dag.py:2937} INFO - Setting next_dagrun for example_sla_dag to 2023-02-12T06:18:00+00:00
[2023-02-12 11:50:31,614] {processor.py:171} INFO - Processing /usr/local/conda/lib/python3.7/site-packages/airflow/example_dags/example_sla_dag.py took 0.180 seconds
[2023-02-12 11:51:07,854] {processor.py:163} INFO - Started process (PID=2292) to work on /usr/local/conda/lib/python3.7/site-packages/airflow/example_dags/example_sla_dag.py
[2023-02-12 11:51:07,860] {processor.py:642} INFO - Processing file /usr/local/conda/lib/python3.7/site-packages/airflow/example_dags/example_sla_dag.py for tasks to queue
[2023-02-12 11:51:07,863] {logging_mixin.py:109} INFO - [2023-02-12 11:51:07,863] {dagbag.py:500} INFO - Filling up the DagBag from /usr/local/conda/lib/python3.7/site-packages/airflow/example_dags/example_sla_dag.py
[2023-02-12 11:51:07,907] {processor.py:652} INFO - DAG(s) dict_keys(['example_sla_dag']) retrieved from /usr/local/conda/lib/python3.7/site-packages/airflow/example_dags/example_sla_dag.py
[2023-02-12 11:51:07,935] {logging_mixin.py:109} INFO - [2023-02-12 11:51:07,935] {dag.py:2398} INFO - Sync 1 DAGs
[2023-02-12 11:51:07,975] {logging_mixin.py:109} INFO - [2023-02-12 11:51:07,975] {dag.py:2937} INFO - Setting next_dagrun for example_sla_dag to 2023-02-12T06:18:00+00:00
[2023-02-12 11:51:08,012] {processor.py:171} INFO - Processing /usr/local/conda/lib/python3.7/site-packages/airflow/example_dags/example_sla_dag.py took 0.164 seconds
[2023-02-12 11:51:41,116] {processor.py:163} INFO - Started process (PID=2321) to work on /usr/local/conda/lib/python3.7/site-packages/airflow/example_dags/example_sla_dag.py
[2023-02-12 11:51:41,119] {processor.py:642} INFO - Processing file /usr/local/conda/lib/python3.7/site-packages/airflow/example_dags/example_sla_dag.py for tasks to queue
[2023-02-12 11:51:41,122] {logging_mixin.py:109} INFO - [2023-02-12 11:51:41,121] {dagbag.py:500} INFO - Filling up the DagBag from /usr/local/conda/lib/python3.7/site-packages/airflow/example_dags/example_sla_dag.py
[2023-02-12 11:51:41,168] {processor.py:652} INFO - DAG(s) dict_keys(['example_sla_dag']) retrieved from /usr/local/conda/lib/python3.7/site-packages/airflow/example_dags/example_sla_dag.py
[2023-02-12 11:51:41,200] {logging_mixin.py:109} INFO - [2023-02-12 11:51:41,200] {dag.py:2398} INFO - Sync 1 DAGs
[2023-02-12 11:51:41,234] {logging_mixin.py:109} INFO - [2023-02-12 11:51:41,233] {dag.py:2937} INFO - Setting next_dagrun for example_sla_dag to 2023-02-12T06:18:00+00:00
[2023-02-12 11:51:41,264] {processor.py:171} INFO - Processing /usr/local/conda/lib/python3.7/site-packages/airflow/example_dags/example_sla_dag.py took 0.156 seconds
[2023-02-12 11:52:16,790] {processor.py:163} INFO - Started process (PID=2351) to work on /usr/local/conda/lib/python3.7/site-packages/airflow/example_dags/example_sla_dag.py
[2023-02-12 11:52:16,793] {processor.py:642} INFO - Processing file /usr/local/conda/lib/python3.7/site-packages/airflow/example_dags/example_sla_dag.py for tasks to queue
[2023-02-12 11:52:16,795] {logging_mixin.py:109} INFO - [2023-02-12 11:52:16,795] {dagbag.py:500} INFO - Filling up the DagBag from /usr/local/conda/lib/python3.7/site-packages/airflow/example_dags/example_sla_dag.py
[2023-02-12 11:52:16,836] {processor.py:652} INFO - DAG(s) dict_keys(['example_sla_dag']) retrieved from /usr/local/conda/lib/python3.7/site-packages/airflow/example_dags/example_sla_dag.py
[2023-02-12 11:52:16,863] {logging_mixin.py:109} INFO - [2023-02-12 11:52:16,863] {dag.py:2398} INFO - Sync 1 DAGs
[2023-02-12 11:52:16,899] {logging_mixin.py:109} INFO - [2023-02-12 11:52:16,899] {dag.py:2937} INFO - Setting next_dagrun for example_sla_dag to 2023-02-12T06:20:00+00:00
[2023-02-12 11:52:16,927] {processor.py:171} INFO - Processing /usr/local/conda/lib/python3.7/site-packages/airflow/example_dags/example_sla_dag.py took 0.144 seconds
[2023-02-12 11:52:53,800] {processor.py:163} INFO - Started process (PID=2384) to work on /usr/local/conda/lib/python3.7/site-packages/airflow/example_dags/example_sla_dag.py
[2023-02-12 11:52:53,802] {processor.py:642} INFO - Processing file /usr/local/conda/lib/python3.7/site-packages/airflow/example_dags/example_sla_dag.py for tasks to queue
[2023-02-12 11:52:53,803] {logging_mixin.py:109} INFO - [2023-02-12 11:52:53,803] {dagbag.py:500} INFO - Filling up the DagBag from /usr/local/conda/lib/python3.7/site-packages/airflow/example_dags/example_sla_dag.py
[2023-02-12 11:52:53,829] {processor.py:652} INFO - DAG(s) dict_keys(['example_sla_dag']) retrieved from /usr/local/conda/lib/python3.7/site-packages/airflow/example_dags/example_sla_dag.py
[2023-02-12 11:52:53,849] {logging_mixin.py:109} INFO - [2023-02-12 11:52:53,849] {dag.py:2398} INFO - Sync 1 DAGs
[2023-02-12 11:52:53,880] {logging_mixin.py:109} INFO - [2023-02-12 11:52:53,880] {dag.py:2937} INFO - Setting next_dagrun for example_sla_dag to 2023-02-12T06:20:00+00:00
[2023-02-12 11:52:53,903] {processor.py:171} INFO - Processing /usr/local/conda/lib/python3.7/site-packages/airflow/example_dags/example_sla_dag.py took 0.107 seconds
[2023-02-12 11:53:28,674] {processor.py:163} INFO - Started process (PID=2416) to work on /usr/local/conda/lib/python3.7/site-packages/airflow/example_dags/example_sla_dag.py
[2023-02-12 11:53:28,681] {processor.py:642} INFO - Processing file /usr/local/conda/lib/python3.7/site-packages/airflow/example_dags/example_sla_dag.py for tasks to queue
[2023-02-12 11:53:28,683] {logging_mixin.py:109} INFO - [2023-02-12 11:53:28,683] {dagbag.py:500} INFO - Filling up the DagBag from /usr/local/conda/lib/python3.7/site-packages/airflow/example_dags/example_sla_dag.py
[2023-02-12 11:53:28,720] {processor.py:652} INFO - DAG(s) dict_keys(['example_sla_dag']) retrieved from /usr/local/conda/lib/python3.7/site-packages/airflow/example_dags/example_sla_dag.py
[2023-02-12 11:53:28,748] {logging_mixin.py:109} INFO - [2023-02-12 11:53:28,748] {dag.py:2398} INFO - Sync 1 DAGs
[2023-02-12 11:53:28,782] {logging_mixin.py:109} INFO - [2023-02-12 11:53:28,782] {dag.py:2937} INFO - Setting next_dagrun for example_sla_dag to 2023-02-12T06:20:00+00:00
[2023-02-12 11:53:28,811] {processor.py:171} INFO - Processing /usr/local/conda/lib/python3.7/site-packages/airflow/example_dags/example_sla_dag.py took 0.142 seconds
[2023-02-12 11:54:04,369] {processor.py:163} INFO - Started process (PID=2445) to work on /usr/local/conda/lib/python3.7/site-packages/airflow/example_dags/example_sla_dag.py
[2023-02-12 11:54:04,371] {processor.py:642} INFO - Processing file /usr/local/conda/lib/python3.7/site-packages/airflow/example_dags/example_sla_dag.py for tasks to queue
[2023-02-12 11:54:04,373] {logging_mixin.py:109} INFO - [2023-02-12 11:54:04,373] {dagbag.py:500} INFO - Filling up the DagBag from /usr/local/conda/lib/python3.7/site-packages/airflow/example_dags/example_sla_dag.py
[2023-02-12 11:54:04,396] {processor.py:652} INFO - DAG(s) dict_keys(['example_sla_dag']) retrieved from /usr/local/conda/lib/python3.7/site-packages/airflow/example_dags/example_sla_dag.py
[2023-02-12 11:54:04,415] {logging_mixin.py:109} INFO - [2023-02-12 11:54:04,414] {dag.py:2398} INFO - Sync 1 DAGs
[2023-02-12 11:54:04,437] {logging_mixin.py:109} INFO - [2023-02-12 11:54:04,437] {dag.py:2937} INFO - Setting next_dagrun for example_sla_dag to 2023-02-12T06:22:00+00:00
[2023-02-12 11:54:04,460] {processor.py:171} INFO - Processing /usr/local/conda/lib/python3.7/site-packages/airflow/example_dags/example_sla_dag.py took 0.095 seconds
[2023-02-12 11:54:39,565] {processor.py:163} INFO - Started process (PID=2478) to work on /usr/local/conda/lib/python3.7/site-packages/airflow/example_dags/example_sla_dag.py
[2023-02-12 11:54:39,567] {processor.py:642} INFO - Processing file /usr/local/conda/lib/python3.7/site-packages/airflow/example_dags/example_sla_dag.py for tasks to queue
[2023-02-12 11:54:39,568] {logging_mixin.py:109} INFO - [2023-02-12 11:54:39,568] {dagbag.py:500} INFO - Filling up the DagBag from /usr/local/conda/lib/python3.7/site-packages/airflow/example_dags/example_sla_dag.py
[2023-02-12 11:54:39,595] {processor.py:652} INFO - DAG(s) dict_keys(['example_sla_dag']) retrieved from /usr/local/conda/lib/python3.7/site-packages/airflow/example_dags/example_sla_dag.py
[2023-02-12 11:54:39,615] {logging_mixin.py:109} INFO - [2023-02-12 11:54:39,615] {dag.py:2398} INFO - Sync 1 DAGs
[2023-02-12 11:54:39,638] {logging_mixin.py:109} INFO - [2023-02-12 11:54:39,638] {dag.py:2937} INFO - Setting next_dagrun for example_sla_dag to 2023-02-12T06:22:00+00:00
[2023-02-12 11:54:39,664] {processor.py:171} INFO - Processing /usr/local/conda/lib/python3.7/site-packages/airflow/example_dags/example_sla_dag.py took 0.103 seconds
[2023-02-12 11:55:14,565] {processor.py:163} INFO - Started process (PID=2506) to work on /usr/local/conda/lib/python3.7/site-packages/airflow/example_dags/example_sla_dag.py
[2023-02-12 11:55:14,568] {processor.py:642} INFO - Processing file /usr/local/conda/lib/python3.7/site-packages/airflow/example_dags/example_sla_dag.py for tasks to queue
[2023-02-12 11:55:14,569] {logging_mixin.py:109} INFO - [2023-02-12 11:55:14,569] {dagbag.py:500} INFO - Filling up the DagBag from /usr/local/conda/lib/python3.7/site-packages/airflow/example_dags/example_sla_dag.py
[2023-02-12 11:55:14,593] {processor.py:652} INFO - DAG(s) dict_keys(['example_sla_dag']) retrieved from /usr/local/conda/lib/python3.7/site-packages/airflow/example_dags/example_sla_dag.py
[2023-02-12 11:55:14,610] {logging_mixin.py:109} INFO - [2023-02-12 11:55:14,610] {dag.py:2398} INFO - Sync 1 DAGs
[2023-02-12 11:55:14,635] {logging_mixin.py:109} INFO - [2023-02-12 11:55:14,635] {dag.py:2937} INFO - Setting next_dagrun for example_sla_dag to 2023-02-12T06:22:00+00:00
[2023-02-12 11:55:14,656] {processor.py:171} INFO - Processing /usr/local/conda/lib/python3.7/site-packages/airflow/example_dags/example_sla_dag.py took 0.094 seconds
[2023-02-12 11:55:49,691] {processor.py:163} INFO - Started process (PID=2538) to work on /usr/local/conda/lib/python3.7/site-packages/airflow/example_dags/example_sla_dag.py
[2023-02-12 11:55:49,695] {processor.py:642} INFO - Processing file /usr/local/conda/lib/python3.7/site-packages/airflow/example_dags/example_sla_dag.py for tasks to queue
[2023-02-12 11:55:49,697] {logging_mixin.py:109} INFO - [2023-02-12 11:55:49,696] {dagbag.py:500} INFO - Filling up the DagBag from /usr/local/conda/lib/python3.7/site-packages/airflow/example_dags/example_sla_dag.py
[2023-02-12 11:55:49,743] {processor.py:652} INFO - DAG(s) dict_keys(['example_sla_dag']) retrieved from /usr/local/conda/lib/python3.7/site-packages/airflow/example_dags/example_sla_dag.py
[2023-02-12 11:55:49,771] {logging_mixin.py:109} INFO - [2023-02-12 11:55:49,771] {dag.py:2398} INFO - Sync 1 DAGs
[2023-02-12 11:55:49,814] {logging_mixin.py:109} INFO - [2023-02-12 11:55:49,813] {dag.py:2937} INFO - Setting next_dagrun for example_sla_dag to 2023-02-12T06:22:00+00:00
[2023-02-12 11:55:49,850] {processor.py:171} INFO - Processing /usr/local/conda/lib/python3.7/site-packages/airflow/example_dags/example_sla_dag.py took 0.166 seconds
[2023-02-12 11:56:33,304] {processor.py:163} INFO - Started process (PID=2572) to work on /usr/local/conda/lib/python3.7/site-packages/airflow/example_dags/example_sla_dag.py
[2023-02-12 11:56:33,308] {processor.py:642} INFO - Processing file /usr/local/conda/lib/python3.7/site-packages/airflow/example_dags/example_sla_dag.py for tasks to queue
[2023-02-12 11:56:33,318] {logging_mixin.py:109} INFO - [2023-02-12 11:56:33,317] {dagbag.py:500} INFO - Filling up the DagBag from /usr/local/conda/lib/python3.7/site-packages/airflow/example_dags/example_sla_dag.py
[2023-02-12 11:56:33,356] {processor.py:652} INFO - DAG(s) dict_keys(['example_sla_dag']) retrieved from /usr/local/conda/lib/python3.7/site-packages/airflow/example_dags/example_sla_dag.py
[2023-02-12 11:56:33,386] {logging_mixin.py:109} INFO - [2023-02-12 11:56:33,386] {dag.py:2398} INFO - Sync 1 DAGs
[2023-02-12 11:56:33,421] {logging_mixin.py:109} INFO - [2023-02-12 11:56:33,421] {dag.py:2937} INFO - Setting next_dagrun for example_sla_dag to 2023-02-12T06:24:00+00:00
[2023-02-12 11:56:33,453] {processor.py:171} INFO - Processing /usr/local/conda/lib/python3.7/site-packages/airflow/example_dags/example_sla_dag.py took 0.156 seconds
[2023-02-12 11:57:07,549] {processor.py:163} INFO - Started process (PID=2600) to work on /usr/local/conda/lib/python3.7/site-packages/airflow/example_dags/example_sla_dag.py
[2023-02-12 11:57:07,551] {processor.py:642} INFO - Processing file /usr/local/conda/lib/python3.7/site-packages/airflow/example_dags/example_sla_dag.py for tasks to queue
[2023-02-12 11:57:07,553] {logging_mixin.py:109} INFO - [2023-02-12 11:57:07,552] {dagbag.py:500} INFO - Filling up the DagBag from /usr/local/conda/lib/python3.7/site-packages/airflow/example_dags/example_sla_dag.py
[2023-02-12 11:57:07,578] {processor.py:652} INFO - DAG(s) dict_keys(['example_sla_dag']) retrieved from /usr/local/conda/lib/python3.7/site-packages/airflow/example_dags/example_sla_dag.py
[2023-02-12 11:57:07,596] {logging_mixin.py:109} INFO - [2023-02-12 11:57:07,596] {dag.py:2398} INFO - Sync 1 DAGs
[2023-02-12 11:57:07,620] {logging_mixin.py:109} INFO - [2023-02-12 11:57:07,620] {dag.py:2937} INFO - Setting next_dagrun for example_sla_dag to 2023-02-12T06:24:00+00:00
[2023-02-12 11:57:07,643] {processor.py:171} INFO - Processing /usr/local/conda/lib/python3.7/site-packages/airflow/example_dags/example_sla_dag.py took 0.098 seconds
[2023-02-12 11:57:48,071] {processor.py:163} INFO - Started process (PID=2633) to work on /usr/local/conda/lib/python3.7/site-packages/airflow/example_dags/example_sla_dag.py
[2023-02-12 11:57:48,075] {processor.py:642} INFO - Processing file /usr/local/conda/lib/python3.7/site-packages/airflow/example_dags/example_sla_dag.py for tasks to queue
[2023-02-12 11:57:48,077] {logging_mixin.py:109} INFO - [2023-02-12 11:57:48,076] {dagbag.py:500} INFO - Filling up the DagBag from /usr/local/conda/lib/python3.7/site-packages/airflow/example_dags/example_sla_dag.py
[2023-02-12 11:57:48,112] {processor.py:652} INFO - DAG(s) dict_keys(['example_sla_dag']) retrieved from /usr/local/conda/lib/python3.7/site-packages/airflow/example_dags/example_sla_dag.py
[2023-02-12 11:57:48,139] {logging_mixin.py:109} INFO - [2023-02-12 11:57:48,139] {dag.py:2398} INFO - Sync 1 DAGs
[2023-02-12 11:57:48,172] {logging_mixin.py:109} INFO - [2023-02-12 11:57:48,172] {dag.py:2937} INFO - Setting next_dagrun for example_sla_dag to 2023-02-12T06:24:00+00:00
[2023-02-12 11:57:48,201] {processor.py:171} INFO - Processing /usr/local/conda/lib/python3.7/site-packages/airflow/example_dags/example_sla_dag.py took 0.136 seconds
[2023-02-12 11:58:27,454] {processor.py:163} INFO - Started process (PID=2660) to work on /usr/local/conda/lib/python3.7/site-packages/airflow/example_dags/example_sla_dag.py
[2023-02-12 11:58:27,461] {processor.py:642} INFO - Processing file /usr/local/conda/lib/python3.7/site-packages/airflow/example_dags/example_sla_dag.py for tasks to queue
[2023-02-12 11:58:27,463] {logging_mixin.py:109} INFO - [2023-02-12 11:58:27,463] {dagbag.py:500} INFO - Filling up the DagBag from /usr/local/conda/lib/python3.7/site-packages/airflow/example_dags/example_sla_dag.py
[2023-02-12 11:58:27,529] {processor.py:652} INFO - DAG(s) dict_keys(['example_sla_dag']) retrieved from /usr/local/conda/lib/python3.7/site-packages/airflow/example_dags/example_sla_dag.py
[2023-02-12 11:58:27,588] {logging_mixin.py:109} INFO - [2023-02-12 11:58:27,587] {dag.py:2398} INFO - Sync 1 DAGs
[2023-02-12 11:58:27,647] {logging_mixin.py:109} INFO - [2023-02-12 11:58:27,647] {dag.py:2937} INFO - Setting next_dagrun for example_sla_dag to 2023-02-12T06:26:00+00:00
[2023-02-12 11:58:27,744] {processor.py:171} INFO - Processing /usr/local/conda/lib/python3.7/site-packages/airflow/example_dags/example_sla_dag.py took 0.309 seconds
