[2023-02-12 11:30:12,060] {processor.py:163} INFO - Started process (PID=293) to work on /usr/local/conda/lib/python3.7/site-packages/airflow/example_dags/example_branch_labels.py
[2023-02-12 11:30:12,071] {processor.py:642} INFO - Processing file /usr/local/conda/lib/python3.7/site-packages/airflow/example_dags/example_branch_labels.py for tasks to queue
[2023-02-12 11:30:12,078] {logging_mixin.py:109} INFO - [2023-02-12 11:30:12,078] {dagbag.py:500} INFO - Filling up the DagBag from /usr/local/conda/lib/python3.7/site-packages/airflow/example_dags/example_branch_labels.py
[2023-02-12 11:30:12,167] {processor.py:652} INFO - DAG(s) dict_keys(['example_branch_labels']) retrieved from /usr/local/conda/lib/python3.7/site-packages/airflow/example_dags/example_branch_labels.py
[2023-02-12 11:30:12,241] {logging_mixin.py:109} INFO - [2023-02-12 11:30:12,241] {dag.py:2398} INFO - Sync 1 DAGs
[2023-02-12 11:30:12,300] {logging_mixin.py:109} INFO - [2023-02-12 11:30:12,300] {dag.py:2937} INFO - Setting next_dagrun for example_branch_labels to 2023-02-11 00:00:00+00:00
[2023-02-12 11:30:12,354] {processor.py:171} INFO - Processing /usr/local/conda/lib/python3.7/site-packages/airflow/example_dags/example_branch_labels.py took 0.302 seconds
[2023-02-12 11:31:07,391] {processor.py:163} INFO - Started process (PID=1400) to work on /usr/local/conda/lib/python3.7/site-packages/airflow/example_dags/example_branch_labels.py
[2023-02-12 11:31:07,403] {processor.py:642} INFO - Processing file /usr/local/conda/lib/python3.7/site-packages/airflow/example_dags/example_branch_labels.py for tasks to queue
[2023-02-12 11:31:07,420] {logging_mixin.py:109} INFO - [2023-02-12 11:31:07,420] {dagbag.py:500} INFO - Filling up the DagBag from /usr/local/conda/lib/python3.7/site-packages/airflow/example_dags/example_branch_labels.py
[2023-02-12 11:31:07,509] {processor.py:652} INFO - DAG(s) dict_keys(['example_branch_labels']) retrieved from /usr/local/conda/lib/python3.7/site-packages/airflow/example_dags/example_branch_labels.py
[2023-02-12 11:31:07,592] {logging_mixin.py:109} INFO - [2023-02-12 11:31:07,591] {dag.py:2398} INFO - Sync 1 DAGs
[2023-02-12 11:31:07,684] {logging_mixin.py:109} INFO - [2023-02-12 11:31:07,684] {dag.py:2937} INFO - Setting next_dagrun for example_branch_labels to 2023-02-11 00:00:00+00:00
[2023-02-12 11:31:08,004] {processor.py:171} INFO - Processing /usr/local/conda/lib/python3.7/site-packages/airflow/example_dags/example_branch_labels.py took 0.630 seconds
[2023-02-12 11:31:48,658] {processor.py:163} INFO - Started process (PID=1428) to work on /usr/local/conda/lib/python3.7/site-packages/airflow/example_dags/example_branch_labels.py
[2023-02-12 11:31:48,661] {processor.py:642} INFO - Processing file /usr/local/conda/lib/python3.7/site-packages/airflow/example_dags/example_branch_labels.py for tasks to queue
[2023-02-12 11:31:48,664] {logging_mixin.py:109} INFO - [2023-02-12 11:31:48,664] {dagbag.py:500} INFO - Filling up the DagBag from /usr/local/conda/lib/python3.7/site-packages/airflow/example_dags/example_branch_labels.py
[2023-02-12 11:31:48,700] {processor.py:652} INFO - DAG(s) dict_keys(['example_branch_labels']) retrieved from /usr/local/conda/lib/python3.7/site-packages/airflow/example_dags/example_branch_labels.py
[2023-02-12 11:31:48,737] {logging_mixin.py:109} INFO - [2023-02-12 11:31:48,736] {dag.py:2398} INFO - Sync 1 DAGs
[2023-02-12 11:31:48,778] {logging_mixin.py:109} INFO - [2023-02-12 11:31:48,778] {dag.py:2937} INFO - Setting next_dagrun for example_branch_labels to 2023-02-11 00:00:00+00:00
[2023-02-12 11:31:48,805] {processor.py:171} INFO - Processing /usr/local/conda/lib/python3.7/site-packages/airflow/example_dags/example_branch_labels.py took 0.154 seconds
[2023-02-12 11:32:34,785] {processor.py:163} INFO - Started process (PID=1478) to work on /usr/local/conda/lib/python3.7/site-packages/airflow/example_dags/example_branch_labels.py
[2023-02-12 11:32:34,789] {processor.py:642} INFO - Processing file /usr/local/conda/lib/python3.7/site-packages/airflow/example_dags/example_branch_labels.py for tasks to queue
[2023-02-12 11:32:34,793] {logging_mixin.py:109} INFO - [2023-02-12 11:32:34,793] {dagbag.py:500} INFO - Filling up the DagBag from /usr/local/conda/lib/python3.7/site-packages/airflow/example_dags/example_branch_labels.py
[2023-02-12 11:32:34,853] {processor.py:652} INFO - DAG(s) dict_keys(['example_branch_labels']) retrieved from /usr/local/conda/lib/python3.7/site-packages/airflow/example_dags/example_branch_labels.py
[2023-02-12 11:32:35,105] {logging_mixin.py:109} INFO - [2023-02-12 11:32:35,105] {dag.py:2398} INFO - Sync 1 DAGs
[2023-02-12 11:32:35,144] {logging_mixin.py:109} INFO - [2023-02-12 11:32:35,143] {dag.py:2937} INFO - Setting next_dagrun for example_branch_labels to 2023-02-11 00:00:00+00:00
[2023-02-12 11:32:35,266] {processor.py:171} INFO - Processing /usr/local/conda/lib/python3.7/site-packages/airflow/example_dags/example_branch_labels.py took 0.488 seconds
[2023-02-12 11:33:33,419] {processor.py:163} INFO - Started process (PID=1594) to work on /usr/local/conda/lib/python3.7/site-packages/airflow/example_dags/example_branch_labels.py
[2023-02-12 11:33:33,430] {processor.py:642} INFO - Processing file /usr/local/conda/lib/python3.7/site-packages/airflow/example_dags/example_branch_labels.py for tasks to queue
[2023-02-12 11:33:33,435] {logging_mixin.py:109} INFO - [2023-02-12 11:33:33,434] {dagbag.py:500} INFO - Filling up the DagBag from /usr/local/conda/lib/python3.7/site-packages/airflow/example_dags/example_branch_labels.py
[2023-02-12 11:33:33,555] {processor.py:652} INFO - DAG(s) dict_keys(['example_branch_labels']) retrieved from /usr/local/conda/lib/python3.7/site-packages/airflow/example_dags/example_branch_labels.py
[2023-02-12 11:33:33,665] {logging_mixin.py:109} INFO - [2023-02-12 11:33:33,664] {dag.py:2398} INFO - Sync 1 DAGs
[2023-02-12 11:33:33,798] {logging_mixin.py:109} INFO - [2023-02-12 11:33:33,798] {dag.py:2937} INFO - Setting next_dagrun for example_branch_labels to 2023-02-11 00:00:00+00:00
[2023-02-12 11:33:34,475] {processor.py:171} INFO - Processing /usr/local/conda/lib/python3.7/site-packages/airflow/example_dags/example_branch_labels.py took 1.074 seconds
[2023-02-12 11:34:24,766] {processor.py:163} INFO - Started process (PID=1625) to work on /usr/local/conda/lib/python3.7/site-packages/airflow/example_dags/example_branch_labels.py
[2023-02-12 11:34:24,832] {processor.py:642} INFO - Processing file /usr/local/conda/lib/python3.7/site-packages/airflow/example_dags/example_branch_labels.py for tasks to queue
[2023-02-12 11:34:24,839] {logging_mixin.py:109} INFO - [2023-02-12 11:34:24,838] {dagbag.py:500} INFO - Filling up the DagBag from /usr/local/conda/lib/python3.7/site-packages/airflow/example_dags/example_branch_labels.py
[2023-02-12 11:34:24,911] {processor.py:652} INFO - DAG(s) dict_keys(['example_branch_labels']) retrieved from /usr/local/conda/lib/python3.7/site-packages/airflow/example_dags/example_branch_labels.py
[2023-02-12 11:34:24,939] {logging_mixin.py:109} INFO - [2023-02-12 11:34:24,939] {dag.py:2398} INFO - Sync 1 DAGs
[2023-02-12 11:34:24,979] {logging_mixin.py:109} INFO - [2023-02-12 11:34:24,979] {dag.py:2937} INFO - Setting next_dagrun for example_branch_labels to 2023-02-11 00:00:00+00:00
[2023-02-12 11:34:25,051] {processor.py:171} INFO - Processing /usr/local/conda/lib/python3.7/site-packages/airflow/example_dags/example_branch_labels.py took 0.303 seconds
[2023-02-12 11:35:54,644] {processor.py:163} INFO - Started process (PID=1658) to work on /usr/local/conda/lib/python3.7/site-packages/airflow/example_dags/example_branch_labels.py
[2023-02-12 11:35:54,664] {processor.py:642} INFO - Processing file /usr/local/conda/lib/python3.7/site-packages/airflow/example_dags/example_branch_labels.py for tasks to queue
[2023-02-12 11:35:54,666] {logging_mixin.py:109} INFO - [2023-02-12 11:35:54,665] {dagbag.py:500} INFO - Filling up the DagBag from /usr/local/conda/lib/python3.7/site-packages/airflow/example_dags/example_branch_labels.py
[2023-02-12 11:35:54,726] {processor.py:652} INFO - DAG(s) dict_keys(['example_branch_labels']) retrieved from /usr/local/conda/lib/python3.7/site-packages/airflow/example_dags/example_branch_labels.py
[2023-02-12 11:35:54,805] {logging_mixin.py:109} INFO - [2023-02-12 11:35:54,805] {dag.py:2398} INFO - Sync 1 DAGs
[2023-02-12 11:35:54,835] {logging_mixin.py:109} INFO - [2023-02-12 11:35:54,835] {dag.py:2937} INFO - Setting next_dagrun for example_branch_labels to 2023-02-11 00:00:00+00:00
[2023-02-12 11:35:55,281] {processor.py:171} INFO - Processing /usr/local/conda/lib/python3.7/site-packages/airflow/example_dags/example_branch_labels.py took 0.645 seconds
[2023-02-12 11:36:47,332] {processor.py:163} INFO - Started process (PID=1688) to work on /usr/local/conda/lib/python3.7/site-packages/airflow/example_dags/example_branch_labels.py
[2023-02-12 11:36:47,335] {processor.py:642} INFO - Processing file /usr/local/conda/lib/python3.7/site-packages/airflow/example_dags/example_branch_labels.py for tasks to queue
[2023-02-12 11:36:47,337] {logging_mixin.py:109} INFO - [2023-02-12 11:36:47,337] {dagbag.py:500} INFO - Filling up the DagBag from /usr/local/conda/lib/python3.7/site-packages/airflow/example_dags/example_branch_labels.py
[2023-02-12 11:36:47,370] {processor.py:652} INFO - DAG(s) dict_keys(['example_branch_labels']) retrieved from /usr/local/conda/lib/python3.7/site-packages/airflow/example_dags/example_branch_labels.py
[2023-02-12 11:36:47,397] {logging_mixin.py:109} INFO - [2023-02-12 11:36:47,396] {dag.py:2398} INFO - Sync 1 DAGs
[2023-02-12 11:36:47,425] {logging_mixin.py:109} INFO - [2023-02-12 11:36:47,424] {dag.py:2937} INFO - Setting next_dagrun for example_branch_labels to 2023-02-11 00:00:00+00:00
[2023-02-12 11:36:47,541] {processor.py:171} INFO - Processing /usr/local/conda/lib/python3.7/site-packages/airflow/example_dags/example_branch_labels.py took 0.216 seconds
[2023-02-12 11:37:47,906] {processor.py:163} INFO - Started process (PID=1722) to work on /usr/local/conda/lib/python3.7/site-packages/airflow/example_dags/example_branch_labels.py
[2023-02-12 11:37:47,926] {processor.py:642} INFO - Processing file /usr/local/conda/lib/python3.7/site-packages/airflow/example_dags/example_branch_labels.py for tasks to queue
[2023-02-12 11:37:47,930] {logging_mixin.py:109} INFO - [2023-02-12 11:37:47,929] {dagbag.py:500} INFO - Filling up the DagBag from /usr/local/conda/lib/python3.7/site-packages/airflow/example_dags/example_branch_labels.py
[2023-02-12 11:37:48,007] {processor.py:652} INFO - DAG(s) dict_keys(['example_branch_labels']) retrieved from /usr/local/conda/lib/python3.7/site-packages/airflow/example_dags/example_branch_labels.py
[2023-02-12 11:37:48,039] {logging_mixin.py:109} INFO - [2023-02-12 11:37:48,039] {dag.py:2398} INFO - Sync 1 DAGs
[2023-02-12 11:37:48,066] {logging_mixin.py:109} INFO - [2023-02-12 11:37:48,066] {dag.py:2937} INFO - Setting next_dagrun for example_branch_labels to 2023-02-11 00:00:00+00:00
[2023-02-12 11:37:48,426] {processor.py:171} INFO - Processing /usr/local/conda/lib/python3.7/site-packages/airflow/example_dags/example_branch_labels.py took 0.534 seconds
[2023-02-12 11:38:45,302] {processor.py:163} INFO - Started process (PID=1756) to work on /usr/local/conda/lib/python3.7/site-packages/airflow/example_dags/example_branch_labels.py
[2023-02-12 11:38:45,342] {processor.py:642} INFO - Processing file /usr/local/conda/lib/python3.7/site-packages/airflow/example_dags/example_branch_labels.py for tasks to queue
[2023-02-12 11:38:45,350] {logging_mixin.py:109} INFO - [2023-02-12 11:38:45,349] {dagbag.py:500} INFO - Filling up the DagBag from /usr/local/conda/lib/python3.7/site-packages/airflow/example_dags/example_branch_labels.py
[2023-02-12 11:38:45,427] {processor.py:652} INFO - DAG(s) dict_keys(['example_branch_labels']) retrieved from /usr/local/conda/lib/python3.7/site-packages/airflow/example_dags/example_branch_labels.py
[2023-02-12 11:38:45,454] {logging_mixin.py:109} INFO - [2023-02-12 11:38:45,454] {dag.py:2398} INFO - Sync 1 DAGs
[2023-02-12 11:38:45,484] {logging_mixin.py:109} INFO - [2023-02-12 11:38:45,484] {dag.py:2937} INFO - Setting next_dagrun for example_branch_labels to 2023-02-11 00:00:00+00:00
[2023-02-12 11:38:45,927] {processor.py:171} INFO - Processing /usr/local/conda/lib/python3.7/site-packages/airflow/example_dags/example_branch_labels.py took 0.641 seconds
[2023-02-12 11:39:49,638] {processor.py:163} INFO - Started process (PID=1794) to work on /usr/local/conda/lib/python3.7/site-packages/airflow/example_dags/example_branch_labels.py
[2023-02-12 11:39:49,641] {processor.py:642} INFO - Processing file /usr/local/conda/lib/python3.7/site-packages/airflow/example_dags/example_branch_labels.py for tasks to queue
[2023-02-12 11:39:49,643] {logging_mixin.py:109} INFO - [2023-02-12 11:39:49,642] {dagbag.py:500} INFO - Filling up the DagBag from /usr/local/conda/lib/python3.7/site-packages/airflow/example_dags/example_branch_labels.py
[2023-02-12 11:39:49,675] {processor.py:652} INFO - DAG(s) dict_keys(['example_branch_labels']) retrieved from /usr/local/conda/lib/python3.7/site-packages/airflow/example_dags/example_branch_labels.py
[2023-02-12 11:39:49,715] {logging_mixin.py:109} INFO - [2023-02-12 11:39:49,715] {dag.py:2398} INFO - Sync 1 DAGs
[2023-02-12 11:39:49,762] {logging_mixin.py:109} INFO - [2023-02-12 11:39:49,762] {dag.py:2937} INFO - Setting next_dagrun for example_branch_labels to 2023-02-11 00:00:00+00:00
[2023-02-12 11:39:49,791] {processor.py:171} INFO - Processing /usr/local/conda/lib/python3.7/site-packages/airflow/example_dags/example_branch_labels.py took 0.159 seconds
[2023-02-12 11:40:37,462] {processor.py:163} INFO - Started process (PID=1825) to work on /usr/local/conda/lib/python3.7/site-packages/airflow/example_dags/example_branch_labels.py
[2023-02-12 11:40:37,471] {processor.py:642} INFO - Processing file /usr/local/conda/lib/python3.7/site-packages/airflow/example_dags/example_branch_labels.py for tasks to queue
[2023-02-12 11:40:37,473] {logging_mixin.py:109} INFO - [2023-02-12 11:40:37,472] {dagbag.py:500} INFO - Filling up the DagBag from /usr/local/conda/lib/python3.7/site-packages/airflow/example_dags/example_branch_labels.py
[2023-02-12 11:40:37,492] {processor.py:652} INFO - DAG(s) dict_keys(['example_branch_labels']) retrieved from /usr/local/conda/lib/python3.7/site-packages/airflow/example_dags/example_branch_labels.py
[2023-02-12 11:40:37,512] {logging_mixin.py:109} INFO - [2023-02-12 11:40:37,512] {dag.py:2398} INFO - Sync 1 DAGs
[2023-02-12 11:40:37,533] {logging_mixin.py:109} INFO - [2023-02-12 11:40:37,533] {dag.py:2937} INFO - Setting next_dagrun for example_branch_labels to 2023-02-11 00:00:00+00:00
[2023-02-12 11:40:38,641] {processor.py:171} INFO - Processing /usr/local/conda/lib/python3.7/site-packages/airflow/example_dags/example_branch_labels.py took 1.186 seconds
[2023-02-12 11:41:22,221] {processor.py:163} INFO - Started process (PID=1854) to work on /usr/local/conda/lib/python3.7/site-packages/airflow/example_dags/example_branch_labels.py
[2023-02-12 11:41:22,228] {processor.py:642} INFO - Processing file /usr/local/conda/lib/python3.7/site-packages/airflow/example_dags/example_branch_labels.py for tasks to queue
[2023-02-12 11:41:22,233] {logging_mixin.py:109} INFO - [2023-02-12 11:41:22,232] {dagbag.py:500} INFO - Filling up the DagBag from /usr/local/conda/lib/python3.7/site-packages/airflow/example_dags/example_branch_labels.py
[2023-02-12 11:41:22,276] {processor.py:652} INFO - DAG(s) dict_keys(['example_branch_labels']) retrieved from /usr/local/conda/lib/python3.7/site-packages/airflow/example_dags/example_branch_labels.py
[2023-02-12 11:41:22,304] {logging_mixin.py:109} INFO - [2023-02-12 11:41:22,304] {dag.py:2398} INFO - Sync 1 DAGs
[2023-02-12 11:41:22,338] {logging_mixin.py:109} INFO - [2023-02-12 11:41:22,337] {dag.py:2937} INFO - Setting next_dagrun for example_branch_labels to 2023-02-11 00:00:00+00:00
[2023-02-12 11:41:22,379] {processor.py:171} INFO - Processing /usr/local/conda/lib/python3.7/site-packages/airflow/example_dags/example_branch_labels.py took 0.169 seconds
[2023-02-12 11:42:03,057] {processor.py:163} INFO - Started process (PID=1887) to work on /usr/local/conda/lib/python3.7/site-packages/airflow/example_dags/example_branch_labels.py
[2023-02-12 11:42:03,063] {processor.py:642} INFO - Processing file /usr/local/conda/lib/python3.7/site-packages/airflow/example_dags/example_branch_labels.py for tasks to queue
[2023-02-12 11:42:03,066] {logging_mixin.py:109} INFO - [2023-02-12 11:42:03,065] {dagbag.py:500} INFO - Filling up the DagBag from /usr/local/conda/lib/python3.7/site-packages/airflow/example_dags/example_branch_labels.py
[2023-02-12 11:42:03,100] {processor.py:652} INFO - DAG(s) dict_keys(['example_branch_labels']) retrieved from /usr/local/conda/lib/python3.7/site-packages/airflow/example_dags/example_branch_labels.py
[2023-02-12 11:42:03,131] {logging_mixin.py:109} INFO - [2023-02-12 11:42:03,131] {dag.py:2398} INFO - Sync 1 DAGs
[2023-02-12 11:42:03,164] {logging_mixin.py:109} INFO - [2023-02-12 11:42:03,164] {dag.py:2937} INFO - Setting next_dagrun for example_branch_labels to 2023-02-11 00:00:00+00:00
[2023-02-12 11:42:03,217] {processor.py:171} INFO - Processing /usr/local/conda/lib/python3.7/site-packages/airflow/example_dags/example_branch_labels.py took 0.166 seconds
[2023-02-12 11:42:41,451] {processor.py:163} INFO - Started process (PID=1917) to work on /usr/local/conda/lib/python3.7/site-packages/airflow/example_dags/example_branch_labels.py
[2023-02-12 11:42:41,517] {processor.py:642} INFO - Processing file /usr/local/conda/lib/python3.7/site-packages/airflow/example_dags/example_branch_labels.py for tasks to queue
[2023-02-12 11:42:41,522] {logging_mixin.py:109} INFO - [2023-02-12 11:42:41,522] {dagbag.py:500} INFO - Filling up the DagBag from /usr/local/conda/lib/python3.7/site-packages/airflow/example_dags/example_branch_labels.py
[2023-02-12 11:42:41,572] {processor.py:652} INFO - DAG(s) dict_keys(['example_branch_labels']) retrieved from /usr/local/conda/lib/python3.7/site-packages/airflow/example_dags/example_branch_labels.py
[2023-02-12 11:42:41,613] {logging_mixin.py:109} INFO - [2023-02-12 11:42:41,612] {dag.py:2398} INFO - Sync 1 DAGs
[2023-02-12 11:42:41,659] {logging_mixin.py:109} INFO - [2023-02-12 11:42:41,659] {dag.py:2937} INFO - Setting next_dagrun for example_branch_labels to 2023-02-11 00:00:00+00:00
[2023-02-12 11:42:42,198] {processor.py:171} INFO - Processing /usr/local/conda/lib/python3.7/site-packages/airflow/example_dags/example_branch_labels.py took 0.759 seconds
[2023-02-12 11:43:29,604] {processor.py:163} INFO - Started process (PID=1951) to work on /usr/local/conda/lib/python3.7/site-packages/airflow/example_dags/example_branch_labels.py
[2023-02-12 11:43:29,631] {processor.py:642} INFO - Processing file /usr/local/conda/lib/python3.7/site-packages/airflow/example_dags/example_branch_labels.py for tasks to queue
[2023-02-12 11:43:29,633] {logging_mixin.py:109} INFO - [2023-02-12 11:43:29,633] {dagbag.py:500} INFO - Filling up the DagBag from /usr/local/conda/lib/python3.7/site-packages/airflow/example_dags/example_branch_labels.py
[2023-02-12 11:43:29,669] {processor.py:652} INFO - DAG(s) dict_keys(['example_branch_labels']) retrieved from /usr/local/conda/lib/python3.7/site-packages/airflow/example_dags/example_branch_labels.py
[2023-02-12 11:43:29,720] {logging_mixin.py:109} INFO - [2023-02-12 11:43:29,719] {dag.py:2398} INFO - Sync 1 DAGs
[2023-02-12 11:43:29,765] {logging_mixin.py:109} INFO - [2023-02-12 11:43:29,765] {dag.py:2937} INFO - Setting next_dagrun for example_branch_labels to 2023-02-11 00:00:00+00:00
[2023-02-12 11:43:30,243] {processor.py:171} INFO - Processing /usr/local/conda/lib/python3.7/site-packages/airflow/example_dags/example_branch_labels.py took 0.646 seconds
[2023-02-12 11:44:04,558] {processor.py:163} INFO - Started process (PID=1975) to work on /usr/local/conda/lib/python3.7/site-packages/airflow/example_dags/example_branch_labels.py
[2023-02-12 11:44:04,573] {processor.py:642} INFO - Processing file /usr/local/conda/lib/python3.7/site-packages/airflow/example_dags/example_branch_labels.py for tasks to queue
[2023-02-12 11:44:04,586] {logging_mixin.py:109} INFO - [2023-02-12 11:44:04,586] {dagbag.py:500} INFO - Filling up the DagBag from /usr/local/conda/lib/python3.7/site-packages/airflow/example_dags/example_branch_labels.py
[2023-02-12 11:44:04,656] {processor.py:652} INFO - DAG(s) dict_keys(['example_branch_labels']) retrieved from /usr/local/conda/lib/python3.7/site-packages/airflow/example_dags/example_branch_labels.py
[2023-02-12 11:44:04,721] {logging_mixin.py:109} INFO - [2023-02-12 11:44:04,721] {dag.py:2398} INFO - Sync 1 DAGs
[2023-02-12 11:44:04,755] {logging_mixin.py:109} INFO - [2023-02-12 11:44:04,755] {dag.py:2937} INFO - Setting next_dagrun for example_branch_labels to 2023-02-11 00:00:00+00:00
[2023-02-12 11:44:04,864] {processor.py:171} INFO - Processing /usr/local/conda/lib/python3.7/site-packages/airflow/example_dags/example_branch_labels.py took 0.313 seconds
[2023-02-12 11:44:38,788] {processor.py:163} INFO - Started process (PID=2000) to work on /usr/local/conda/lib/python3.7/site-packages/airflow/example_dags/example_branch_labels.py
[2023-02-12 11:44:38,793] {processor.py:642} INFO - Processing file /usr/local/conda/lib/python3.7/site-packages/airflow/example_dags/example_branch_labels.py for tasks to queue
[2023-02-12 11:44:38,811] {logging_mixin.py:109} INFO - [2023-02-12 11:44:38,811] {dagbag.py:500} INFO - Filling up the DagBag from /usr/local/conda/lib/python3.7/site-packages/airflow/example_dags/example_branch_labels.py
[2023-02-12 11:44:38,877] {processor.py:652} INFO - DAG(s) dict_keys(['example_branch_labels']) retrieved from /usr/local/conda/lib/python3.7/site-packages/airflow/example_dags/example_branch_labels.py
[2023-02-12 11:44:38,925] {logging_mixin.py:109} INFO - [2023-02-12 11:44:38,925] {dag.py:2398} INFO - Sync 1 DAGs
[2023-02-12 11:44:38,998] {logging_mixin.py:109} INFO - [2023-02-12 11:44:38,998] {dag.py:2937} INFO - Setting next_dagrun for example_branch_labels to 2023-02-11 00:00:00+00:00
[2023-02-12 11:44:39,118] {processor.py:171} INFO - Processing /usr/local/conda/lib/python3.7/site-packages/airflow/example_dags/example_branch_labels.py took 0.337 seconds
[2023-02-12 11:45:15,081] {processor.py:163} INFO - Started process (PID=2024) to work on /usr/local/conda/lib/python3.7/site-packages/airflow/example_dags/example_branch_labels.py
[2023-02-12 11:45:15,090] {processor.py:642} INFO - Processing file /usr/local/conda/lib/python3.7/site-packages/airflow/example_dags/example_branch_labels.py for tasks to queue
[2023-02-12 11:45:15,104] {logging_mixin.py:109} INFO - [2023-02-12 11:45:15,104] {dagbag.py:500} INFO - Filling up the DagBag from /usr/local/conda/lib/python3.7/site-packages/airflow/example_dags/example_branch_labels.py
[2023-02-12 11:45:15,165] {processor.py:652} INFO - DAG(s) dict_keys(['example_branch_labels']) retrieved from /usr/local/conda/lib/python3.7/site-packages/airflow/example_dags/example_branch_labels.py
[2023-02-12 11:45:15,233] {logging_mixin.py:109} INFO - [2023-02-12 11:45:15,233] {dag.py:2398} INFO - Sync 1 DAGs
[2023-02-12 11:45:15,297] {logging_mixin.py:109} INFO - [2023-02-12 11:45:15,297] {dag.py:2937} INFO - Setting next_dagrun for example_branch_labels to 2023-02-11 00:00:00+00:00
[2023-02-12 11:45:15,369] {processor.py:171} INFO - Processing /usr/local/conda/lib/python3.7/site-packages/airflow/example_dags/example_branch_labels.py took 0.295 seconds
[2023-02-12 11:45:55,861] {processor.py:163} INFO - Started process (PID=2052) to work on /usr/local/conda/lib/python3.7/site-packages/airflow/example_dags/example_branch_labels.py
[2023-02-12 11:45:55,873] {processor.py:642} INFO - Processing file /usr/local/conda/lib/python3.7/site-packages/airflow/example_dags/example_branch_labels.py for tasks to queue
[2023-02-12 11:45:55,876] {logging_mixin.py:109} INFO - [2023-02-12 11:45:55,876] {dagbag.py:500} INFO - Filling up the DagBag from /usr/local/conda/lib/python3.7/site-packages/airflow/example_dags/example_branch_labels.py
[2023-02-12 11:45:55,950] {processor.py:652} INFO - DAG(s) dict_keys(['example_branch_labels']) retrieved from /usr/local/conda/lib/python3.7/site-packages/airflow/example_dags/example_branch_labels.py
[2023-02-12 11:45:56,024] {logging_mixin.py:109} INFO - [2023-02-12 11:45:56,024] {dag.py:2398} INFO - Sync 1 DAGs
[2023-02-12 11:45:56,080] {logging_mixin.py:109} INFO - [2023-02-12 11:45:56,080] {dag.py:2937} INFO - Setting next_dagrun for example_branch_labels to 2023-02-11 00:00:00+00:00
[2023-02-12 11:45:56,150] {processor.py:171} INFO - Processing /usr/local/conda/lib/python3.7/site-packages/airflow/example_dags/example_branch_labels.py took 0.300 seconds
[2023-02-12 11:46:36,782] {processor.py:163} INFO - Started process (PID=2080) to work on /usr/local/conda/lib/python3.7/site-packages/airflow/example_dags/example_branch_labels.py
[2023-02-12 11:46:36,786] {processor.py:642} INFO - Processing file /usr/local/conda/lib/python3.7/site-packages/airflow/example_dags/example_branch_labels.py for tasks to queue
[2023-02-12 11:46:36,790] {logging_mixin.py:109} INFO - [2023-02-12 11:46:36,789] {dagbag.py:500} INFO - Filling up the DagBag from /usr/local/conda/lib/python3.7/site-packages/airflow/example_dags/example_branch_labels.py
[2023-02-12 11:46:36,862] {processor.py:652} INFO - DAG(s) dict_keys(['example_branch_labels']) retrieved from /usr/local/conda/lib/python3.7/site-packages/airflow/example_dags/example_branch_labels.py
[2023-02-12 11:46:36,915] {logging_mixin.py:109} INFO - [2023-02-12 11:46:36,915] {dag.py:2398} INFO - Sync 1 DAGs
[2023-02-12 11:46:36,968] {logging_mixin.py:109} INFO - [2023-02-12 11:46:36,968] {dag.py:2937} INFO - Setting next_dagrun for example_branch_labels to 2023-02-11 00:00:00+00:00
[2023-02-12 11:46:37,049] {processor.py:171} INFO - Processing /usr/local/conda/lib/python3.7/site-packages/airflow/example_dags/example_branch_labels.py took 0.279 seconds
[2023-02-12 11:47:12,063] {processor.py:163} INFO - Started process (PID=2104) to work on /usr/local/conda/lib/python3.7/site-packages/airflow/example_dags/example_branch_labels.py
[2023-02-12 11:47:12,072] {processor.py:642} INFO - Processing file /usr/local/conda/lib/python3.7/site-packages/airflow/example_dags/example_branch_labels.py for tasks to queue
[2023-02-12 11:47:12,077] {logging_mixin.py:109} INFO - [2023-02-12 11:47:12,076] {dagbag.py:500} INFO - Filling up the DagBag from /usr/local/conda/lib/python3.7/site-packages/airflow/example_dags/example_branch_labels.py
[2023-02-12 11:47:12,120] {processor.py:652} INFO - DAG(s) dict_keys(['example_branch_labels']) retrieved from /usr/local/conda/lib/python3.7/site-packages/airflow/example_dags/example_branch_labels.py
[2023-02-12 11:47:12,155] {logging_mixin.py:109} INFO - [2023-02-12 11:47:12,155] {dag.py:2398} INFO - Sync 1 DAGs
[2023-02-12 11:47:12,200] {logging_mixin.py:109} INFO - [2023-02-12 11:47:12,200] {dag.py:2937} INFO - Setting next_dagrun for example_branch_labels to 2023-02-11 00:00:00+00:00
[2023-02-12 11:47:12,243] {processor.py:171} INFO - Processing /usr/local/conda/lib/python3.7/site-packages/airflow/example_dags/example_branch_labels.py took 0.189 seconds
[2023-02-12 11:47:46,749] {processor.py:163} INFO - Started process (PID=2130) to work on /usr/local/conda/lib/python3.7/site-packages/airflow/example_dags/example_branch_labels.py
[2023-02-12 11:47:46,752] {processor.py:642} INFO - Processing file /usr/local/conda/lib/python3.7/site-packages/airflow/example_dags/example_branch_labels.py for tasks to queue
[2023-02-12 11:47:46,759] {logging_mixin.py:109} INFO - [2023-02-12 11:47:46,758] {dagbag.py:500} INFO - Filling up the DagBag from /usr/local/conda/lib/python3.7/site-packages/airflow/example_dags/example_branch_labels.py
[2023-02-12 11:47:46,793] {processor.py:652} INFO - DAG(s) dict_keys(['example_branch_labels']) retrieved from /usr/local/conda/lib/python3.7/site-packages/airflow/example_dags/example_branch_labels.py
[2023-02-12 11:47:46,827] {logging_mixin.py:109} INFO - [2023-02-12 11:47:46,827] {dag.py:2398} INFO - Sync 1 DAGs
[2023-02-12 11:47:46,864] {logging_mixin.py:109} INFO - [2023-02-12 11:47:46,864] {dag.py:2937} INFO - Setting next_dagrun for example_branch_labels to 2023-02-11 00:00:00+00:00
[2023-02-12 11:47:46,905] {processor.py:171} INFO - Processing /usr/local/conda/lib/python3.7/site-packages/airflow/example_dags/example_branch_labels.py took 0.165 seconds
[2023-02-12 11:48:25,335] {processor.py:163} INFO - Started process (PID=2161) to work on /usr/local/conda/lib/python3.7/site-packages/airflow/example_dags/example_branch_labels.py
[2023-02-12 11:48:25,338] {processor.py:642} INFO - Processing file /usr/local/conda/lib/python3.7/site-packages/airflow/example_dags/example_branch_labels.py for tasks to queue
[2023-02-12 11:48:25,342] {logging_mixin.py:109} INFO - [2023-02-12 11:48:25,342] {dagbag.py:500} INFO - Filling up the DagBag from /usr/local/conda/lib/python3.7/site-packages/airflow/example_dags/example_branch_labels.py
[2023-02-12 11:48:25,379] {processor.py:652} INFO - DAG(s) dict_keys(['example_branch_labels']) retrieved from /usr/local/conda/lib/python3.7/site-packages/airflow/example_dags/example_branch_labels.py
[2023-02-12 11:48:25,409] {logging_mixin.py:109} INFO - [2023-02-12 11:48:25,409] {dag.py:2398} INFO - Sync 1 DAGs
[2023-02-12 11:48:25,444] {logging_mixin.py:109} INFO - [2023-02-12 11:48:25,443] {dag.py:2937} INFO - Setting next_dagrun for example_branch_labels to 2023-02-11 00:00:00+00:00
[2023-02-12 11:48:25,480] {processor.py:171} INFO - Processing /usr/local/conda/lib/python3.7/site-packages/airflow/example_dags/example_branch_labels.py took 0.152 seconds
[2023-02-12 11:48:58,134] {processor.py:163} INFO - Started process (PID=2189) to work on /usr/local/conda/lib/python3.7/site-packages/airflow/example_dags/example_branch_labels.py
[2023-02-12 11:48:58,137] {processor.py:642} INFO - Processing file /usr/local/conda/lib/python3.7/site-packages/airflow/example_dags/example_branch_labels.py for tasks to queue
[2023-02-12 11:48:58,140] {logging_mixin.py:109} INFO - [2023-02-12 11:48:58,139] {dagbag.py:500} INFO - Filling up the DagBag from /usr/local/conda/lib/python3.7/site-packages/airflow/example_dags/example_branch_labels.py
[2023-02-12 11:48:58,185] {processor.py:652} INFO - DAG(s) dict_keys(['example_branch_labels']) retrieved from /usr/local/conda/lib/python3.7/site-packages/airflow/example_dags/example_branch_labels.py
[2023-02-12 11:48:58,234] {logging_mixin.py:109} INFO - [2023-02-12 11:48:58,234] {dag.py:2398} INFO - Sync 1 DAGs
[2023-02-12 11:48:58,304] {logging_mixin.py:109} INFO - [2023-02-12 11:48:58,304] {dag.py:2937} INFO - Setting next_dagrun for example_branch_labels to 2023-02-11 00:00:00+00:00
[2023-02-12 11:48:58,345] {processor.py:171} INFO - Processing /usr/local/conda/lib/python3.7/site-packages/airflow/example_dags/example_branch_labels.py took 0.218 seconds
[2023-02-12 11:49:42,762] {processor.py:163} INFO - Started process (PID=2221) to work on /usr/local/conda/lib/python3.7/site-packages/airflow/example_dags/example_branch_labels.py
[2023-02-12 11:49:42,766] {processor.py:642} INFO - Processing file /usr/local/conda/lib/python3.7/site-packages/airflow/example_dags/example_branch_labels.py for tasks to queue
[2023-02-12 11:49:42,769] {logging_mixin.py:109} INFO - [2023-02-12 11:49:42,769] {dagbag.py:500} INFO - Filling up the DagBag from /usr/local/conda/lib/python3.7/site-packages/airflow/example_dags/example_branch_labels.py
[2023-02-12 11:49:42,800] {processor.py:652} INFO - DAG(s) dict_keys(['example_branch_labels']) retrieved from /usr/local/conda/lib/python3.7/site-packages/airflow/example_dags/example_branch_labels.py
[2023-02-12 11:49:42,827] {logging_mixin.py:109} INFO - [2023-02-12 11:49:42,827] {dag.py:2398} INFO - Sync 1 DAGs
[2023-02-12 11:49:42,858] {logging_mixin.py:109} INFO - [2023-02-12 11:49:42,858] {dag.py:2937} INFO - Setting next_dagrun for example_branch_labels to 2023-02-11 00:00:00+00:00
[2023-02-12 11:49:42,890] {processor.py:171} INFO - Processing /usr/local/conda/lib/python3.7/site-packages/airflow/example_dags/example_branch_labels.py took 0.133 seconds
[2023-02-12 11:50:22,398] {processor.py:163} INFO - Started process (PID=2255) to work on /usr/local/conda/lib/python3.7/site-packages/airflow/example_dags/example_branch_labels.py
[2023-02-12 11:50:22,402] {processor.py:642} INFO - Processing file /usr/local/conda/lib/python3.7/site-packages/airflow/example_dags/example_branch_labels.py for tasks to queue
[2023-02-12 11:50:22,405] {logging_mixin.py:109} INFO - [2023-02-12 11:50:22,405] {dagbag.py:500} INFO - Filling up the DagBag from /usr/local/conda/lib/python3.7/site-packages/airflow/example_dags/example_branch_labels.py
[2023-02-12 11:50:22,452] {processor.py:652} INFO - DAG(s) dict_keys(['example_branch_labels']) retrieved from /usr/local/conda/lib/python3.7/site-packages/airflow/example_dags/example_branch_labels.py
[2023-02-12 11:50:22,489] {logging_mixin.py:109} INFO - [2023-02-12 11:50:22,489] {dag.py:2398} INFO - Sync 1 DAGs
[2023-02-12 11:50:22,526] {logging_mixin.py:109} INFO - [2023-02-12 11:50:22,526] {dag.py:2937} INFO - Setting next_dagrun for example_branch_labels to 2023-02-11 00:00:00+00:00
[2023-02-12 11:50:22,561] {processor.py:171} INFO - Processing /usr/local/conda/lib/python3.7/site-packages/airflow/example_dags/example_branch_labels.py took 0.169 seconds
[2023-02-12 11:50:57,269] {processor.py:163} INFO - Started process (PID=2284) to work on /usr/local/conda/lib/python3.7/site-packages/airflow/example_dags/example_branch_labels.py
[2023-02-12 11:50:57,273] {processor.py:642} INFO - Processing file /usr/local/conda/lib/python3.7/site-packages/airflow/example_dags/example_branch_labels.py for tasks to queue
[2023-02-12 11:50:57,275] {logging_mixin.py:109} INFO - [2023-02-12 11:50:57,275] {dagbag.py:500} INFO - Filling up the DagBag from /usr/local/conda/lib/python3.7/site-packages/airflow/example_dags/example_branch_labels.py
[2023-02-12 11:50:57,314] {processor.py:652} INFO - DAG(s) dict_keys(['example_branch_labels']) retrieved from /usr/local/conda/lib/python3.7/site-packages/airflow/example_dags/example_branch_labels.py
[2023-02-12 11:50:57,345] {logging_mixin.py:109} INFO - [2023-02-12 11:50:57,344] {dag.py:2398} INFO - Sync 1 DAGs
[2023-02-12 11:50:57,388] {logging_mixin.py:109} INFO - [2023-02-12 11:50:57,388] {dag.py:2937} INFO - Setting next_dagrun for example_branch_labels to 2023-02-11 00:00:00+00:00
[2023-02-12 11:50:57,429] {processor.py:171} INFO - Processing /usr/local/conda/lib/python3.7/site-packages/airflow/example_dags/example_branch_labels.py took 0.168 seconds
[2023-02-12 11:51:31,529] {processor.py:163} INFO - Started process (PID=2314) to work on /usr/local/conda/lib/python3.7/site-packages/airflow/example_dags/example_branch_labels.py
[2023-02-12 11:51:31,533] {processor.py:642} INFO - Processing file /usr/local/conda/lib/python3.7/site-packages/airflow/example_dags/example_branch_labels.py for tasks to queue
[2023-02-12 11:51:31,536] {logging_mixin.py:109} INFO - [2023-02-12 11:51:31,536] {dagbag.py:500} INFO - Filling up the DagBag from /usr/local/conda/lib/python3.7/site-packages/airflow/example_dags/example_branch_labels.py
[2023-02-12 11:51:31,570] {processor.py:652} INFO - DAG(s) dict_keys(['example_branch_labels']) retrieved from /usr/local/conda/lib/python3.7/site-packages/airflow/example_dags/example_branch_labels.py
[2023-02-12 11:51:31,600] {logging_mixin.py:109} INFO - [2023-02-12 11:51:31,600] {dag.py:2398} INFO - Sync 1 DAGs
[2023-02-12 11:51:31,634] {logging_mixin.py:109} INFO - [2023-02-12 11:51:31,634] {dag.py:2937} INFO - Setting next_dagrun for example_branch_labels to 2023-02-11 00:00:00+00:00
[2023-02-12 11:51:31,665] {processor.py:171} INFO - Processing /usr/local/conda/lib/python3.7/site-packages/airflow/example_dags/example_branch_labels.py took 0.141 seconds
[2023-02-12 11:52:09,939] {processor.py:163} INFO - Started process (PID=2346) to work on /usr/local/conda/lib/python3.7/site-packages/airflow/example_dags/example_branch_labels.py
[2023-02-12 11:52:09,993] {processor.py:642} INFO - Processing file /usr/local/conda/lib/python3.7/site-packages/airflow/example_dags/example_branch_labels.py for tasks to queue
[2023-02-12 11:52:10,010] {logging_mixin.py:109} INFO - [2023-02-12 11:52:09,999] {dagbag.py:500} INFO - Filling up the DagBag from /usr/local/conda/lib/python3.7/site-packages/airflow/example_dags/example_branch_labels.py
[2023-02-12 11:52:10,150] {processor.py:652} INFO - DAG(s) dict_keys(['example_branch_labels']) retrieved from /usr/local/conda/lib/python3.7/site-packages/airflow/example_dags/example_branch_labels.py
[2023-02-12 11:52:10,321] {logging_mixin.py:109} INFO - [2023-02-12 11:52:10,321] {dag.py:2398} INFO - Sync 1 DAGs
[2023-02-12 11:52:10,431] {logging_mixin.py:109} INFO - [2023-02-12 11:52:10,431] {dag.py:2937} INFO - Setting next_dagrun for example_branch_labels to 2023-02-11 00:00:00+00:00
[2023-02-12 11:52:10,625] {processor.py:171} INFO - Processing /usr/local/conda/lib/python3.7/site-packages/airflow/example_dags/example_branch_labels.py took 0.701 seconds
[2023-02-12 11:52:47,029] {processor.py:163} INFO - Started process (PID=2378) to work on /usr/local/conda/lib/python3.7/site-packages/airflow/example_dags/example_branch_labels.py
[2023-02-12 11:52:47,031] {processor.py:642} INFO - Processing file /usr/local/conda/lib/python3.7/site-packages/airflow/example_dags/example_branch_labels.py for tasks to queue
[2023-02-12 11:52:47,033] {logging_mixin.py:109} INFO - [2023-02-12 11:52:47,033] {dagbag.py:500} INFO - Filling up the DagBag from /usr/local/conda/lib/python3.7/site-packages/airflow/example_dags/example_branch_labels.py
[2023-02-12 11:52:47,052] {processor.py:652} INFO - DAG(s) dict_keys(['example_branch_labels']) retrieved from /usr/local/conda/lib/python3.7/site-packages/airflow/example_dags/example_branch_labels.py
[2023-02-12 11:52:47,071] {logging_mixin.py:109} INFO - [2023-02-12 11:52:47,071] {dag.py:2398} INFO - Sync 1 DAGs
[2023-02-12 11:52:47,093] {logging_mixin.py:109} INFO - [2023-02-12 11:52:47,093] {dag.py:2937} INFO - Setting next_dagrun for example_branch_labels to 2023-02-11 00:00:00+00:00
[2023-02-12 11:52:47,121] {processor.py:171} INFO - Processing /usr/local/conda/lib/python3.7/site-packages/airflow/example_dags/example_branch_labels.py took 0.096 seconds
[2023-02-12 11:53:22,797] {processor.py:163} INFO - Started process (PID=2409) to work on /usr/local/conda/lib/python3.7/site-packages/airflow/example_dags/example_branch_labels.py
[2023-02-12 11:53:22,800] {processor.py:642} INFO - Processing file /usr/local/conda/lib/python3.7/site-packages/airflow/example_dags/example_branch_labels.py for tasks to queue
[2023-02-12 11:53:22,803] {logging_mixin.py:109} INFO - [2023-02-12 11:53:22,803] {dagbag.py:500} INFO - Filling up the DagBag from /usr/local/conda/lib/python3.7/site-packages/airflow/example_dags/example_branch_labels.py
[2023-02-12 11:53:22,835] {processor.py:652} INFO - DAG(s) dict_keys(['example_branch_labels']) retrieved from /usr/local/conda/lib/python3.7/site-packages/airflow/example_dags/example_branch_labels.py
[2023-02-12 11:53:22,865] {logging_mixin.py:109} INFO - [2023-02-12 11:53:22,865] {dag.py:2398} INFO - Sync 1 DAGs
[2023-02-12 11:53:22,894] {logging_mixin.py:109} INFO - [2023-02-12 11:53:22,894] {dag.py:2937} INFO - Setting next_dagrun for example_branch_labels to 2023-02-11 00:00:00+00:00
[2023-02-12 11:53:22,920] {processor.py:171} INFO - Processing /usr/local/conda/lib/python3.7/site-packages/airflow/example_dags/example_branch_labels.py took 0.130 seconds
[2023-02-12 11:53:56,854] {processor.py:163} INFO - Started process (PID=2439) to work on /usr/local/conda/lib/python3.7/site-packages/airflow/example_dags/example_branch_labels.py
[2023-02-12 11:53:56,856] {processor.py:642} INFO - Processing file /usr/local/conda/lib/python3.7/site-packages/airflow/example_dags/example_branch_labels.py for tasks to queue
[2023-02-12 11:53:56,858] {logging_mixin.py:109} INFO - [2023-02-12 11:53:56,858] {dagbag.py:500} INFO - Filling up the DagBag from /usr/local/conda/lib/python3.7/site-packages/airflow/example_dags/example_branch_labels.py
[2023-02-12 11:53:56,876] {processor.py:652} INFO - DAG(s) dict_keys(['example_branch_labels']) retrieved from /usr/local/conda/lib/python3.7/site-packages/airflow/example_dags/example_branch_labels.py
[2023-02-12 11:53:56,895] {logging_mixin.py:109} INFO - [2023-02-12 11:53:56,895] {dag.py:2398} INFO - Sync 1 DAGs
[2023-02-12 11:53:56,915] {logging_mixin.py:109} INFO - [2023-02-12 11:53:56,915] {dag.py:2937} INFO - Setting next_dagrun for example_branch_labels to 2023-02-11 00:00:00+00:00
[2023-02-12 11:53:56,937] {processor.py:171} INFO - Processing /usr/local/conda/lib/python3.7/site-packages/airflow/example_dags/example_branch_labels.py took 0.086 seconds
[2023-02-12 11:54:33,401] {processor.py:163} INFO - Started process (PID=2472) to work on /usr/local/conda/lib/python3.7/site-packages/airflow/example_dags/example_branch_labels.py
[2023-02-12 11:54:33,404] {processor.py:642} INFO - Processing file /usr/local/conda/lib/python3.7/site-packages/airflow/example_dags/example_branch_labels.py for tasks to queue
[2023-02-12 11:54:33,409] {logging_mixin.py:109} INFO - [2023-02-12 11:54:33,409] {dagbag.py:500} INFO - Filling up the DagBag from /usr/local/conda/lib/python3.7/site-packages/airflow/example_dags/example_branch_labels.py
[2023-02-12 11:54:33,445] {processor.py:652} INFO - DAG(s) dict_keys(['example_branch_labels']) retrieved from /usr/local/conda/lib/python3.7/site-packages/airflow/example_dags/example_branch_labels.py
[2023-02-12 11:54:33,474] {logging_mixin.py:109} INFO - [2023-02-12 11:54:33,474] {dag.py:2398} INFO - Sync 1 DAGs
[2023-02-12 11:54:33,505] {logging_mixin.py:109} INFO - [2023-02-12 11:54:33,505] {dag.py:2937} INFO - Setting next_dagrun for example_branch_labels to 2023-02-11 00:00:00+00:00
[2023-02-12 11:54:33,537] {processor.py:171} INFO - Processing /usr/local/conda/lib/python3.7/site-packages/airflow/example_dags/example_branch_labels.py took 0.142 seconds
[2023-02-12 11:55:13,417] {processor.py:163} INFO - Started process (PID=2505) to work on /usr/local/conda/lib/python3.7/site-packages/airflow/example_dags/example_branch_labels.py
[2023-02-12 11:55:13,419] {processor.py:642} INFO - Processing file /usr/local/conda/lib/python3.7/site-packages/airflow/example_dags/example_branch_labels.py for tasks to queue
[2023-02-12 11:55:13,421] {logging_mixin.py:109} INFO - [2023-02-12 11:55:13,420] {dagbag.py:500} INFO - Filling up the DagBag from /usr/local/conda/lib/python3.7/site-packages/airflow/example_dags/example_branch_labels.py
[2023-02-12 11:55:13,442] {processor.py:652} INFO - DAG(s) dict_keys(['example_branch_labels']) retrieved from /usr/local/conda/lib/python3.7/site-packages/airflow/example_dags/example_branch_labels.py
[2023-02-12 11:55:13,461] {logging_mixin.py:109} INFO - [2023-02-12 11:55:13,461] {dag.py:2398} INFO - Sync 1 DAGs
[2023-02-12 11:55:13,482] {logging_mixin.py:109} INFO - [2023-02-12 11:55:13,482] {dag.py:2937} INFO - Setting next_dagrun for example_branch_labels to 2023-02-11 00:00:00+00:00
[2023-02-12 11:55:13,502] {processor.py:171} INFO - Processing /usr/local/conda/lib/python3.7/site-packages/airflow/example_dags/example_branch_labels.py took 0.089 seconds
[2023-02-12 11:55:48,373] {processor.py:163} INFO - Started process (PID=2537) to work on /usr/local/conda/lib/python3.7/site-packages/airflow/example_dags/example_branch_labels.py
[2023-02-12 11:55:48,377] {processor.py:642} INFO - Processing file /usr/local/conda/lib/python3.7/site-packages/airflow/example_dags/example_branch_labels.py for tasks to queue
[2023-02-12 11:55:48,381] {logging_mixin.py:109} INFO - [2023-02-12 11:55:48,380] {dagbag.py:500} INFO - Filling up the DagBag from /usr/local/conda/lib/python3.7/site-packages/airflow/example_dags/example_branch_labels.py
[2023-02-12 11:55:48,414] {processor.py:652} INFO - DAG(s) dict_keys(['example_branch_labels']) retrieved from /usr/local/conda/lib/python3.7/site-packages/airflow/example_dags/example_branch_labels.py
[2023-02-12 11:55:48,446] {logging_mixin.py:109} INFO - [2023-02-12 11:55:48,446] {dag.py:2398} INFO - Sync 1 DAGs
[2023-02-12 11:55:48,488] {logging_mixin.py:109} INFO - [2023-02-12 11:55:48,488] {dag.py:2937} INFO - Setting next_dagrun for example_branch_labels to 2023-02-11 00:00:00+00:00
[2023-02-12 11:55:48,524] {processor.py:171} INFO - Processing /usr/local/conda/lib/python3.7/site-packages/airflow/example_dags/example_branch_labels.py took 0.158 seconds
[2023-02-12 11:56:32,028] {processor.py:163} INFO - Started process (PID=2571) to work on /usr/local/conda/lib/python3.7/site-packages/airflow/example_dags/example_branch_labels.py
[2023-02-12 11:56:32,035] {processor.py:642} INFO - Processing file /usr/local/conda/lib/python3.7/site-packages/airflow/example_dags/example_branch_labels.py for tasks to queue
[2023-02-12 11:56:32,038] {logging_mixin.py:109} INFO - [2023-02-12 11:56:32,038] {dagbag.py:500} INFO - Filling up the DagBag from /usr/local/conda/lib/python3.7/site-packages/airflow/example_dags/example_branch_labels.py
[2023-02-12 11:56:32,073] {processor.py:652} INFO - DAG(s) dict_keys(['example_branch_labels']) retrieved from /usr/local/conda/lib/python3.7/site-packages/airflow/example_dags/example_branch_labels.py
[2023-02-12 11:56:32,103] {logging_mixin.py:109} INFO - [2023-02-12 11:56:32,103] {dag.py:2398} INFO - Sync 1 DAGs
[2023-02-12 11:56:32,135] {logging_mixin.py:109} INFO - [2023-02-12 11:56:32,135] {dag.py:2937} INFO - Setting next_dagrun for example_branch_labels to 2023-02-11 00:00:00+00:00
[2023-02-12 11:56:32,167] {processor.py:171} INFO - Processing /usr/local/conda/lib/python3.7/site-packages/airflow/example_dags/example_branch_labels.py took 0.146 seconds
[2023-02-12 11:57:06,387] {processor.py:163} INFO - Started process (PID=2599) to work on /usr/local/conda/lib/python3.7/site-packages/airflow/example_dags/example_branch_labels.py
[2023-02-12 11:57:06,391] {processor.py:642} INFO - Processing file /usr/local/conda/lib/python3.7/site-packages/airflow/example_dags/example_branch_labels.py for tasks to queue
[2023-02-12 11:57:06,392] {logging_mixin.py:109} INFO - [2023-02-12 11:57:06,392] {dagbag.py:500} INFO - Filling up the DagBag from /usr/local/conda/lib/python3.7/site-packages/airflow/example_dags/example_branch_labels.py
[2023-02-12 11:57:06,426] {processor.py:652} INFO - DAG(s) dict_keys(['example_branch_labels']) retrieved from /usr/local/conda/lib/python3.7/site-packages/airflow/example_dags/example_branch_labels.py
[2023-02-12 11:57:06,456] {logging_mixin.py:109} INFO - [2023-02-12 11:57:06,455] {dag.py:2398} INFO - Sync 1 DAGs
[2023-02-12 11:57:06,485] {logging_mixin.py:109} INFO - [2023-02-12 11:57:06,485] {dag.py:2937} INFO - Setting next_dagrun for example_branch_labels to 2023-02-11 00:00:00+00:00
[2023-02-12 11:57:06,519] {processor.py:171} INFO - Processing /usr/local/conda/lib/python3.7/site-packages/airflow/example_dags/example_branch_labels.py took 0.137 seconds
[2023-02-12 11:57:46,443] {processor.py:163} INFO - Started process (PID=2632) to work on /usr/local/conda/lib/python3.7/site-packages/airflow/example_dags/example_branch_labels.py
[2023-02-12 11:57:46,448] {processor.py:642} INFO - Processing file /usr/local/conda/lib/python3.7/site-packages/airflow/example_dags/example_branch_labels.py for tasks to queue
[2023-02-12 11:57:46,453] {logging_mixin.py:109} INFO - [2023-02-12 11:57:46,452] {dagbag.py:500} INFO - Filling up the DagBag from /usr/local/conda/lib/python3.7/site-packages/airflow/example_dags/example_branch_labels.py
[2023-02-12 11:57:46,527] {processor.py:652} INFO - DAG(s) dict_keys(['example_branch_labels']) retrieved from /usr/local/conda/lib/python3.7/site-packages/airflow/example_dags/example_branch_labels.py
[2023-02-12 11:57:46,614] {logging_mixin.py:109} INFO - [2023-02-12 11:57:46,614] {dag.py:2398} INFO - Sync 1 DAGs
[2023-02-12 11:57:46,723] {logging_mixin.py:109} INFO - [2023-02-12 11:57:46,723] {dag.py:2937} INFO - Setting next_dagrun for example_branch_labels to 2023-02-11 00:00:00+00:00
[2023-02-12 11:57:46,847] {processor.py:171} INFO - Processing /usr/local/conda/lib/python3.7/site-packages/airflow/example_dags/example_branch_labels.py took 0.429 seconds
[2023-02-12 11:58:26,007] {processor.py:163} INFO - Started process (PID=2659) to work on /usr/local/conda/lib/python3.7/site-packages/airflow/example_dags/example_branch_labels.py
[2023-02-12 11:58:26,017] {processor.py:642} INFO - Processing file /usr/local/conda/lib/python3.7/site-packages/airflow/example_dags/example_branch_labels.py for tasks to queue
[2023-02-12 11:58:26,020] {logging_mixin.py:109} INFO - [2023-02-12 11:58:26,019] {dagbag.py:500} INFO - Filling up the DagBag from /usr/local/conda/lib/python3.7/site-packages/airflow/example_dags/example_branch_labels.py
[2023-02-12 11:58:26,076] {processor.py:652} INFO - DAG(s) dict_keys(['example_branch_labels']) retrieved from /usr/local/conda/lib/python3.7/site-packages/airflow/example_dags/example_branch_labels.py
[2023-02-12 11:58:26,141] {logging_mixin.py:109} INFO - [2023-02-12 11:58:26,140] {dag.py:2398} INFO - Sync 1 DAGs
[2023-02-12 11:58:26,196] {logging_mixin.py:109} INFO - [2023-02-12 11:58:26,196] {dag.py:2937} INFO - Setting next_dagrun for example_branch_labels to 2023-02-11 00:00:00+00:00
[2023-02-12 11:58:26,247] {processor.py:171} INFO - Processing /usr/local/conda/lib/python3.7/site-packages/airflow/example_dags/example_branch_labels.py took 0.254 seconds
