[2023-02-12 11:30:52,829] {processor.py:163} INFO - Started process (PID=1376) to work on /usr/local/conda/lib/python3.7/site-packages/airflow/example_dags/example_trigger_controller_dag.py
[2023-02-12 11:30:52,833] {processor.py:642} INFO - Processing file /usr/local/conda/lib/python3.7/site-packages/airflow/example_dags/example_trigger_controller_dag.py for tasks to queue
[2023-02-12 11:30:52,839] {logging_mixin.py:109} INFO - [2023-02-12 11:30:52,838] {dagbag.py:500} INFO - Filling up the DagBag from /usr/local/conda/lib/python3.7/site-packages/airflow/example_dags/example_trigger_controller_dag.py
[2023-02-12 11:30:52,934] {processor.py:652} INFO - DAG(s) dict_keys(['example_trigger_controller_dag']) retrieved from /usr/local/conda/lib/python3.7/site-packages/airflow/example_dags/example_trigger_controller_dag.py
[2023-02-12 11:30:53,044] {logging_mixin.py:109} INFO - [2023-02-12 11:30:53,043] {dag.py:2398} INFO - Sync 1 DAGs
[2023-02-12 11:30:53,153] {logging_mixin.py:109} INFO - [2023-02-12 11:30:53,153] {dag.py:2937} INFO - Setting next_dagrun for example_trigger_controller_dag to 2021-01-01T00:00:00+00:00
[2023-02-12 11:30:53,202] {processor.py:171} INFO - Processing /usr/local/conda/lib/python3.7/site-packages/airflow/example_dags/example_trigger_controller_dag.py took 0.390 seconds
[2023-02-12 11:31:54,960] {processor.py:163} INFO - Started process (PID=1436) to work on /usr/local/conda/lib/python3.7/site-packages/airflow/example_dags/example_trigger_controller_dag.py
[2023-02-12 11:31:54,964] {processor.py:642} INFO - Processing file /usr/local/conda/lib/python3.7/site-packages/airflow/example_dags/example_trigger_controller_dag.py for tasks to queue
[2023-02-12 11:31:54,967] {logging_mixin.py:109} INFO - [2023-02-12 11:31:54,966] {dagbag.py:500} INFO - Filling up the DagBag from /usr/local/conda/lib/python3.7/site-packages/airflow/example_dags/example_trigger_controller_dag.py
[2023-02-12 11:31:54,997] {processor.py:652} INFO - DAG(s) dict_keys(['example_trigger_controller_dag']) retrieved from /usr/local/conda/lib/python3.7/site-packages/airflow/example_dags/example_trigger_controller_dag.py
[2023-02-12 11:31:55,030] {logging_mixin.py:109} INFO - [2023-02-12 11:31:55,030] {dag.py:2398} INFO - Sync 1 DAGs
[2023-02-12 11:31:55,060] {logging_mixin.py:109} INFO - [2023-02-12 11:31:55,059] {dag.py:2937} INFO - Setting next_dagrun for example_trigger_controller_dag to 2021-01-01T00:00:00+00:00
[2023-02-12 11:31:55,122] {processor.py:171} INFO - Processing /usr/local/conda/lib/python3.7/site-packages/airflow/example_dags/example_trigger_controller_dag.py took 0.168 seconds
[2023-02-12 11:32:49,919] {processor.py:163} INFO - Started process (PID=1526) to work on /usr/local/conda/lib/python3.7/site-packages/airflow/example_dags/example_trigger_controller_dag.py
[2023-02-12 11:32:49,923] {processor.py:642} INFO - Processing file /usr/local/conda/lib/python3.7/site-packages/airflow/example_dags/example_trigger_controller_dag.py for tasks to queue
[2023-02-12 11:32:49,927] {logging_mixin.py:109} INFO - [2023-02-12 11:32:49,926] {dagbag.py:500} INFO - Filling up the DagBag from /usr/local/conda/lib/python3.7/site-packages/airflow/example_dags/example_trigger_controller_dag.py
[2023-02-12 11:32:49,972] {processor.py:652} INFO - DAG(s) dict_keys(['example_trigger_controller_dag']) retrieved from /usr/local/conda/lib/python3.7/site-packages/airflow/example_dags/example_trigger_controller_dag.py
[2023-02-12 11:32:50,020] {logging_mixin.py:109} INFO - [2023-02-12 11:32:50,020] {dag.py:2398} INFO - Sync 1 DAGs
[2023-02-12 11:32:50,060] {logging_mixin.py:109} INFO - [2023-02-12 11:32:50,059] {dag.py:2937} INFO - Setting next_dagrun for example_trigger_controller_dag to 2021-01-01T00:00:00+00:00
[2023-02-12 11:32:50,101] {processor.py:171} INFO - Processing /usr/local/conda/lib/python3.7/site-packages/airflow/example_dags/example_trigger_controller_dag.py took 0.189 seconds
[2023-02-12 11:33:52,389] {processor.py:163} INFO - Started process (PID=1607) to work on /usr/local/conda/lib/python3.7/site-packages/airflow/example_dags/example_trigger_controller_dag.py
[2023-02-12 11:33:52,395] {processor.py:642} INFO - Processing file /usr/local/conda/lib/python3.7/site-packages/airflow/example_dags/example_trigger_controller_dag.py for tasks to queue
[2023-02-12 11:33:52,400] {logging_mixin.py:109} INFO - [2023-02-12 11:33:52,398] {dagbag.py:500} INFO - Filling up the DagBag from /usr/local/conda/lib/python3.7/site-packages/airflow/example_dags/example_trigger_controller_dag.py
[2023-02-12 11:33:52,441] {processor.py:652} INFO - DAG(s) dict_keys(['example_trigger_controller_dag']) retrieved from /usr/local/conda/lib/python3.7/site-packages/airflow/example_dags/example_trigger_controller_dag.py
[2023-02-12 11:33:52,483] {logging_mixin.py:109} INFO - [2023-02-12 11:33:52,482] {dag.py:2398} INFO - Sync 1 DAGs
[2023-02-12 11:33:52,523] {logging_mixin.py:109} INFO - [2023-02-12 11:33:52,523] {dag.py:2937} INFO - Setting next_dagrun for example_trigger_controller_dag to 2021-01-01T00:00:00+00:00
[2023-02-12 11:33:52,568] {processor.py:171} INFO - Processing /usr/local/conda/lib/python3.7/site-packages/airflow/example_dags/example_trigger_controller_dag.py took 0.186 seconds
[2023-02-12 11:35:45,107] {processor.py:163} INFO - Started process (PID=1653) to work on /usr/local/conda/lib/python3.7/site-packages/airflow/example_dags/example_trigger_controller_dag.py
[2023-02-12 11:35:45,128] {processor.py:642} INFO - Processing file /usr/local/conda/lib/python3.7/site-packages/airflow/example_dags/example_trigger_controller_dag.py for tasks to queue
[2023-02-12 11:35:45,131] {logging_mixin.py:109} INFO - [2023-02-12 11:35:45,130] {dagbag.py:500} INFO - Filling up the DagBag from /usr/local/conda/lib/python3.7/site-packages/airflow/example_dags/example_trigger_controller_dag.py
[2023-02-12 11:35:45,181] {processor.py:652} INFO - DAG(s) dict_keys(['example_trigger_controller_dag']) retrieved from /usr/local/conda/lib/python3.7/site-packages/airflow/example_dags/example_trigger_controller_dag.py
[2023-02-12 11:35:45,214] {logging_mixin.py:109} INFO - [2023-02-12 11:35:45,214] {dag.py:2398} INFO - Sync 1 DAGs
[2023-02-12 11:35:45,251] {logging_mixin.py:109} INFO - [2023-02-12 11:35:45,250] {dag.py:2937} INFO - Setting next_dagrun for example_trigger_controller_dag to 2021-01-01T00:00:00+00:00
[2023-02-12 11:35:45,735] {processor.py:171} INFO - Processing /usr/local/conda/lib/python3.7/site-packages/airflow/example_dags/example_trigger_controller_dag.py took 0.646 seconds
[2023-02-12 11:37:08,860] {processor.py:163} INFO - Started process (PID=1700) to work on /usr/local/conda/lib/python3.7/site-packages/airflow/example_dags/example_trigger_controller_dag.py
[2023-02-12 11:37:08,887] {processor.py:642} INFO - Processing file /usr/local/conda/lib/python3.7/site-packages/airflow/example_dags/example_trigger_controller_dag.py for tasks to queue
[2023-02-12 11:37:08,893] {logging_mixin.py:109} INFO - [2023-02-12 11:37:08,893] {dagbag.py:500} INFO - Filling up the DagBag from /usr/local/conda/lib/python3.7/site-packages/airflow/example_dags/example_trigger_controller_dag.py
[2023-02-12 11:37:08,974] {processor.py:652} INFO - DAG(s) dict_keys(['example_trigger_controller_dag']) retrieved from /usr/local/conda/lib/python3.7/site-packages/airflow/example_dags/example_trigger_controller_dag.py
[2023-02-12 11:37:09,090] {logging_mixin.py:109} INFO - [2023-02-12 11:37:09,089] {dag.py:2398} INFO - Sync 1 DAGs
[2023-02-12 11:37:09,172] {logging_mixin.py:109} INFO - [2023-02-12 11:37:09,171] {dag.py:2937} INFO - Setting next_dagrun for example_trigger_controller_dag to 2021-01-01T00:00:00+00:00
[2023-02-12 11:37:09,604] {processor.py:171} INFO - Processing /usr/local/conda/lib/python3.7/site-packages/airflow/example_dags/example_trigger_controller_dag.py took 0.760 seconds
[2023-02-12 11:38:10,695] {processor.py:163} INFO - Started process (PID=1734) to work on /usr/local/conda/lib/python3.7/site-packages/airflow/example_dags/example_trigger_controller_dag.py
[2023-02-12 11:38:10,703] {processor.py:642} INFO - Processing file /usr/local/conda/lib/python3.7/site-packages/airflow/example_dags/example_trigger_controller_dag.py for tasks to queue
[2023-02-12 11:38:10,711] {logging_mixin.py:109} INFO - [2023-02-12 11:38:10,710] {dagbag.py:500} INFO - Filling up the DagBag from /usr/local/conda/lib/python3.7/site-packages/airflow/example_dags/example_trigger_controller_dag.py
[2023-02-12 11:38:10,791] {processor.py:652} INFO - DAG(s) dict_keys(['example_trigger_controller_dag']) retrieved from /usr/local/conda/lib/python3.7/site-packages/airflow/example_dags/example_trigger_controller_dag.py
[2023-02-12 11:38:10,866] {logging_mixin.py:109} INFO - [2023-02-12 11:38:10,866] {dag.py:2398} INFO - Sync 1 DAGs
[2023-02-12 11:38:10,937] {logging_mixin.py:109} INFO - [2023-02-12 11:38:10,936] {dag.py:2937} INFO - Setting next_dagrun for example_trigger_controller_dag to 2021-01-01T00:00:00+00:00
[2023-02-12 11:38:11,475] {processor.py:171} INFO - Processing /usr/local/conda/lib/python3.7/site-packages/airflow/example_dags/example_trigger_controller_dag.py took 0.794 seconds
[2023-02-12 11:39:09,764] {processor.py:163} INFO - Started process (PID=1768) to work on /usr/local/conda/lib/python3.7/site-packages/airflow/example_dags/example_trigger_controller_dag.py
[2023-02-12 11:39:09,802] {processor.py:642} INFO - Processing file /usr/local/conda/lib/python3.7/site-packages/airflow/example_dags/example_trigger_controller_dag.py for tasks to queue
[2023-02-12 11:39:09,809] {logging_mixin.py:109} INFO - [2023-02-12 11:39:09,807] {dagbag.py:500} INFO - Filling up the DagBag from /usr/local/conda/lib/python3.7/site-packages/airflow/example_dags/example_trigger_controller_dag.py
[2023-02-12 11:39:09,884] {processor.py:652} INFO - DAG(s) dict_keys(['example_trigger_controller_dag']) retrieved from /usr/local/conda/lib/python3.7/site-packages/airflow/example_dags/example_trigger_controller_dag.py
[2023-02-12 11:39:09,923] {logging_mixin.py:109} INFO - [2023-02-12 11:39:09,923] {dag.py:2398} INFO - Sync 1 DAGs
[2023-02-12 11:39:09,951] {logging_mixin.py:109} INFO - [2023-02-12 11:39:09,950] {dag.py:2937} INFO - Setting next_dagrun for example_trigger_controller_dag to 2021-01-01T00:00:00+00:00
[2023-02-12 11:39:10,329] {processor.py:171} INFO - Processing /usr/local/conda/lib/python3.7/site-packages/airflow/example_dags/example_trigger_controller_dag.py took 0.571 seconds
[2023-02-12 11:40:08,863] {processor.py:163} INFO - Started process (PID=1806) to work on /usr/local/conda/lib/python3.7/site-packages/airflow/example_dags/example_trigger_controller_dag.py
[2023-02-12 11:40:08,867] {processor.py:642} INFO - Processing file /usr/local/conda/lib/python3.7/site-packages/airflow/example_dags/example_trigger_controller_dag.py for tasks to queue
[2023-02-12 11:40:08,869] {logging_mixin.py:109} INFO - [2023-02-12 11:40:08,869] {dagbag.py:500} INFO - Filling up the DagBag from /usr/local/conda/lib/python3.7/site-packages/airflow/example_dags/example_trigger_controller_dag.py
[2023-02-12 11:40:08,897] {processor.py:652} INFO - DAG(s) dict_keys(['example_trigger_controller_dag']) retrieved from /usr/local/conda/lib/python3.7/site-packages/airflow/example_dags/example_trigger_controller_dag.py
[2023-02-12 11:40:08,926] {logging_mixin.py:109} INFO - [2023-02-12 11:40:08,926] {dag.py:2398} INFO - Sync 1 DAGs
[2023-02-12 11:40:08,954] {logging_mixin.py:109} INFO - [2023-02-12 11:40:08,954] {dag.py:2937} INFO - Setting next_dagrun for example_trigger_controller_dag to 2021-01-01T00:00:00+00:00
[2023-02-12 11:40:09,025] {processor.py:171} INFO - Processing /usr/local/conda/lib/python3.7/site-packages/airflow/example_dags/example_trigger_controller_dag.py took 0.169 seconds
[2023-02-12 11:41:17,295] {processor.py:163} INFO - Started process (PID=1850) to work on /usr/local/conda/lib/python3.7/site-packages/airflow/example_dags/example_trigger_controller_dag.py
[2023-02-12 11:41:17,301] {processor.py:642} INFO - Processing file /usr/local/conda/lib/python3.7/site-packages/airflow/example_dags/example_trigger_controller_dag.py for tasks to queue
[2023-02-12 11:41:17,304] {logging_mixin.py:109} INFO - [2023-02-12 11:41:17,304] {dagbag.py:500} INFO - Filling up the DagBag from /usr/local/conda/lib/python3.7/site-packages/airflow/example_dags/example_trigger_controller_dag.py
[2023-02-12 11:41:17,349] {processor.py:652} INFO - DAG(s) dict_keys(['example_trigger_controller_dag']) retrieved from /usr/local/conda/lib/python3.7/site-packages/airflow/example_dags/example_trigger_controller_dag.py
[2023-02-12 11:41:17,382] {logging_mixin.py:109} INFO - [2023-02-12 11:41:17,382] {dag.py:2398} INFO - Sync 1 DAGs
[2023-02-12 11:41:17,412] {logging_mixin.py:109} INFO - [2023-02-12 11:41:17,412] {dag.py:2937} INFO - Setting next_dagrun for example_trigger_controller_dag to 2021-01-01T00:00:00+00:00
[2023-02-12 11:41:17,467] {processor.py:171} INFO - Processing /usr/local/conda/lib/python3.7/site-packages/airflow/example_dags/example_trigger_controller_dag.py took 0.180 seconds
[2023-02-12 11:42:09,269] {processor.py:163} INFO - Started process (PID=1892) to work on /usr/local/conda/lib/python3.7/site-packages/airflow/example_dags/example_trigger_controller_dag.py
[2023-02-12 11:42:09,277] {processor.py:642} INFO - Processing file /usr/local/conda/lib/python3.7/site-packages/airflow/example_dags/example_trigger_controller_dag.py for tasks to queue
[2023-02-12 11:42:09,280] {logging_mixin.py:109} INFO - [2023-02-12 11:42:09,279] {dagbag.py:500} INFO - Filling up the DagBag from /usr/local/conda/lib/python3.7/site-packages/airflow/example_dags/example_trigger_controller_dag.py
[2023-02-12 11:42:09,327] {processor.py:652} INFO - DAG(s) dict_keys(['example_trigger_controller_dag']) retrieved from /usr/local/conda/lib/python3.7/site-packages/airflow/example_dags/example_trigger_controller_dag.py
[2023-02-12 11:42:09,374] {logging_mixin.py:109} INFO - [2023-02-12 11:42:09,373] {dag.py:2398} INFO - Sync 1 DAGs
[2023-02-12 11:42:09,405] {logging_mixin.py:109} INFO - [2023-02-12 11:42:09,405] {dag.py:2937} INFO - Setting next_dagrun for example_trigger_controller_dag to 2021-01-01T00:00:00+00:00
[2023-02-12 11:42:09,470] {processor.py:171} INFO - Processing /usr/local/conda/lib/python3.7/site-packages/airflow/example_dags/example_trigger_controller_dag.py took 0.207 seconds
[2023-02-12 11:43:07,007] {processor.py:163} INFO - Started process (PID=1934) to work on /usr/local/conda/lib/python3.7/site-packages/airflow/example_dags/example_trigger_controller_dag.py
[2023-02-12 11:43:07,013] {processor.py:642} INFO - Processing file /usr/local/conda/lib/python3.7/site-packages/airflow/example_dags/example_trigger_controller_dag.py for tasks to queue
[2023-02-12 11:43:07,018] {logging_mixin.py:109} INFO - [2023-02-12 11:43:07,017] {dagbag.py:500} INFO - Filling up the DagBag from /usr/local/conda/lib/python3.7/site-packages/airflow/example_dags/example_trigger_controller_dag.py
[2023-02-12 11:43:07,065] {processor.py:652} INFO - DAG(s) dict_keys(['example_trigger_controller_dag']) retrieved from /usr/local/conda/lib/python3.7/site-packages/airflow/example_dags/example_trigger_controller_dag.py
[2023-02-12 11:43:07,140] {logging_mixin.py:109} INFO - [2023-02-12 11:43:07,140] {dag.py:2398} INFO - Sync 1 DAGs
[2023-02-12 11:43:07,196] {logging_mixin.py:109} INFO - [2023-02-12 11:43:07,196] {dag.py:2937} INFO - Setting next_dagrun for example_trigger_controller_dag to 2021-01-01T00:00:00+00:00
[2023-02-12 11:43:07,273] {processor.py:171} INFO - Processing /usr/local/conda/lib/python3.7/site-packages/airflow/example_dags/example_trigger_controller_dag.py took 0.274 seconds
[2023-02-12 11:43:59,931] {processor.py:163} INFO - Started process (PID=1972) to work on /usr/local/conda/lib/python3.7/site-packages/airflow/example_dags/example_trigger_controller_dag.py
[2023-02-12 11:43:59,935] {processor.py:642} INFO - Processing file /usr/local/conda/lib/python3.7/site-packages/airflow/example_dags/example_trigger_controller_dag.py for tasks to queue
[2023-02-12 11:43:59,938] {logging_mixin.py:109} INFO - [2023-02-12 11:43:59,937] {dagbag.py:500} INFO - Filling up the DagBag from /usr/local/conda/lib/python3.7/site-packages/airflow/example_dags/example_trigger_controller_dag.py
[2023-02-12 11:44:00,041] {processor.py:652} INFO - DAG(s) dict_keys(['example_trigger_controller_dag']) retrieved from /usr/local/conda/lib/python3.7/site-packages/airflow/example_dags/example_trigger_controller_dag.py
[2023-02-12 11:44:00,120] {logging_mixin.py:109} INFO - [2023-02-12 11:44:00,119] {dag.py:2398} INFO - Sync 1 DAGs
[2023-02-12 11:44:00,190] {logging_mixin.py:109} INFO - [2023-02-12 11:44:00,189] {dag.py:2937} INFO - Setting next_dagrun for example_trigger_controller_dag to 2021-01-01T00:00:00+00:00
[2023-02-12 11:44:00,261] {processor.py:171} INFO - Processing /usr/local/conda/lib/python3.7/site-packages/airflow/example_dags/example_trigger_controller_dag.py took 0.338 seconds
[2023-02-12 11:44:51,009] {processor.py:163} INFO - Started process (PID=2009) to work on /usr/local/conda/lib/python3.7/site-packages/airflow/example_dags/example_trigger_controller_dag.py
[2023-02-12 11:44:51,018] {processor.py:642} INFO - Processing file /usr/local/conda/lib/python3.7/site-packages/airflow/example_dags/example_trigger_controller_dag.py for tasks to queue
[2023-02-12 11:44:51,019] {logging_mixin.py:109} INFO - [2023-02-12 11:44:51,019] {dagbag.py:500} INFO - Filling up the DagBag from /usr/local/conda/lib/python3.7/site-packages/airflow/example_dags/example_trigger_controller_dag.py
[2023-02-12 11:44:51,057] {processor.py:652} INFO - DAG(s) dict_keys(['example_trigger_controller_dag']) retrieved from /usr/local/conda/lib/python3.7/site-packages/airflow/example_dags/example_trigger_controller_dag.py
[2023-02-12 11:44:51,123] {logging_mixin.py:109} INFO - [2023-02-12 11:44:51,123] {dag.py:2398} INFO - Sync 1 DAGs
[2023-02-12 11:44:51,178] {logging_mixin.py:109} INFO - [2023-02-12 11:44:51,178] {dag.py:2937} INFO - Setting next_dagrun for example_trigger_controller_dag to 2021-01-01T00:00:00+00:00
[2023-02-12 11:44:51,241] {processor.py:171} INFO - Processing /usr/local/conda/lib/python3.7/site-packages/airflow/example_dags/example_trigger_controller_dag.py took 0.245 seconds
[2023-02-12 11:45:51,262] {processor.py:163} INFO - Started process (PID=2049) to work on /usr/local/conda/lib/python3.7/site-packages/airflow/example_dags/example_trigger_controller_dag.py
[2023-02-12 11:45:51,278] {processor.py:642} INFO - Processing file /usr/local/conda/lib/python3.7/site-packages/airflow/example_dags/example_trigger_controller_dag.py for tasks to queue
[2023-02-12 11:45:51,282] {logging_mixin.py:109} INFO - [2023-02-12 11:45:51,282] {dagbag.py:500} INFO - Filling up the DagBag from /usr/local/conda/lib/python3.7/site-packages/airflow/example_dags/example_trigger_controller_dag.py
[2023-02-12 11:45:51,331] {processor.py:652} INFO - DAG(s) dict_keys(['example_trigger_controller_dag']) retrieved from /usr/local/conda/lib/python3.7/site-packages/airflow/example_dags/example_trigger_controller_dag.py
[2023-02-12 11:45:51,394] {logging_mixin.py:109} INFO - [2023-02-12 11:45:51,393] {dag.py:2398} INFO - Sync 1 DAGs
[2023-02-12 11:45:51,456] {logging_mixin.py:109} INFO - [2023-02-12 11:45:51,456] {dag.py:2937} INFO - Setting next_dagrun for example_trigger_controller_dag to 2021-01-01T00:00:00+00:00
[2023-02-12 11:45:51,522] {processor.py:171} INFO - Processing /usr/local/conda/lib/python3.7/site-packages/airflow/example_dags/example_trigger_controller_dag.py took 0.267 seconds
[2023-02-12 11:46:50,871] {processor.py:163} INFO - Started process (PID=2090) to work on /usr/local/conda/lib/python3.7/site-packages/airflow/example_dags/example_trigger_controller_dag.py
[2023-02-12 11:46:50,889] {processor.py:642} INFO - Processing file /usr/local/conda/lib/python3.7/site-packages/airflow/example_dags/example_trigger_controller_dag.py for tasks to queue
[2023-02-12 11:46:50,895] {logging_mixin.py:109} INFO - [2023-02-12 11:46:50,895] {dagbag.py:500} INFO - Filling up the DagBag from /usr/local/conda/lib/python3.7/site-packages/airflow/example_dags/example_trigger_controller_dag.py
[2023-02-12 11:46:50,931] {processor.py:652} INFO - DAG(s) dict_keys(['example_trigger_controller_dag']) retrieved from /usr/local/conda/lib/python3.7/site-packages/airflow/example_dags/example_trigger_controller_dag.py
[2023-02-12 11:46:50,982] {logging_mixin.py:109} INFO - [2023-02-12 11:46:50,982] {dag.py:2398} INFO - Sync 1 DAGs
[2023-02-12 11:46:51,039] {logging_mixin.py:109} INFO - [2023-02-12 11:46:51,039] {dag.py:2937} INFO - Setting next_dagrun for example_trigger_controller_dag to 2021-01-01T00:00:00+00:00
[2023-02-12 11:46:51,109] {processor.py:171} INFO - Processing /usr/local/conda/lib/python3.7/site-packages/airflow/example_dags/example_trigger_controller_dag.py took 0.247 seconds
[2023-02-12 11:47:40,506] {processor.py:163} INFO - Started process (PID=2126) to work on /usr/local/conda/lib/python3.7/site-packages/airflow/example_dags/example_trigger_controller_dag.py
[2023-02-12 11:47:40,509] {processor.py:642} INFO - Processing file /usr/local/conda/lib/python3.7/site-packages/airflow/example_dags/example_trigger_controller_dag.py for tasks to queue
[2023-02-12 11:47:40,511] {logging_mixin.py:109} INFO - [2023-02-12 11:47:40,511] {dagbag.py:500} INFO - Filling up the DagBag from /usr/local/conda/lib/python3.7/site-packages/airflow/example_dags/example_trigger_controller_dag.py
[2023-02-12 11:47:40,582] {processor.py:652} INFO - DAG(s) dict_keys(['example_trigger_controller_dag']) retrieved from /usr/local/conda/lib/python3.7/site-packages/airflow/example_dags/example_trigger_controller_dag.py
[2023-02-12 11:47:40,656] {logging_mixin.py:109} INFO - [2023-02-12 11:47:40,656] {dag.py:2398} INFO - Sync 1 DAGs
[2023-02-12 11:47:40,712] {logging_mixin.py:109} INFO - [2023-02-12 11:47:40,712] {dag.py:2937} INFO - Setting next_dagrun for example_trigger_controller_dag to 2021-01-01T00:00:00+00:00
[2023-02-12 11:47:40,781] {processor.py:171} INFO - Processing /usr/local/conda/lib/python3.7/site-packages/airflow/example_dags/example_trigger_controller_dag.py took 0.282 seconds
[2023-02-12 11:48:22,625] {processor.py:163} INFO - Started process (PID=2158) to work on /usr/local/conda/lib/python3.7/site-packages/airflow/example_dags/example_trigger_controller_dag.py
[2023-02-12 11:48:22,630] {processor.py:642} INFO - Processing file /usr/local/conda/lib/python3.7/site-packages/airflow/example_dags/example_trigger_controller_dag.py for tasks to queue
[2023-02-12 11:48:22,632] {logging_mixin.py:109} INFO - [2023-02-12 11:48:22,632] {dagbag.py:500} INFO - Filling up the DagBag from /usr/local/conda/lib/python3.7/site-packages/airflow/example_dags/example_trigger_controller_dag.py
[2023-02-12 11:48:22,661] {processor.py:652} INFO - DAG(s) dict_keys(['example_trigger_controller_dag']) retrieved from /usr/local/conda/lib/python3.7/site-packages/airflow/example_dags/example_trigger_controller_dag.py
[2023-02-12 11:48:22,691] {logging_mixin.py:109} INFO - [2023-02-12 11:48:22,691] {dag.py:2398} INFO - Sync 1 DAGs
[2023-02-12 11:48:22,720] {logging_mixin.py:109} INFO - [2023-02-12 11:48:22,720] {dag.py:2937} INFO - Setting next_dagrun for example_trigger_controller_dag to 2021-01-01T00:00:00+00:00
[2023-02-12 11:48:22,745] {processor.py:171} INFO - Processing /usr/local/conda/lib/python3.7/site-packages/airflow/example_dags/example_trigger_controller_dag.py took 0.127 seconds
[2023-02-12 11:49:05,427] {processor.py:163} INFO - Started process (PID=2194) to work on /usr/local/conda/lib/python3.7/site-packages/airflow/example_dags/example_trigger_controller_dag.py
[2023-02-12 11:49:05,433] {processor.py:642} INFO - Processing file /usr/local/conda/lib/python3.7/site-packages/airflow/example_dags/example_trigger_controller_dag.py for tasks to queue
[2023-02-12 11:49:05,438] {logging_mixin.py:109} INFO - [2023-02-12 11:49:05,438] {dagbag.py:500} INFO - Filling up the DagBag from /usr/local/conda/lib/python3.7/site-packages/airflow/example_dags/example_trigger_controller_dag.py
[2023-02-12 11:49:05,518] {processor.py:652} INFO - DAG(s) dict_keys(['example_trigger_controller_dag']) retrieved from /usr/local/conda/lib/python3.7/site-packages/airflow/example_dags/example_trigger_controller_dag.py
[2023-02-12 11:49:05,587] {logging_mixin.py:109} INFO - [2023-02-12 11:49:05,587] {dag.py:2398} INFO - Sync 1 DAGs
[2023-02-12 11:49:05,638] {logging_mixin.py:109} INFO - [2023-02-12 11:49:05,638] {dag.py:2937} INFO - Setting next_dagrun for example_trigger_controller_dag to 2021-01-01T00:00:00+00:00
[2023-02-12 11:49:05,754] {processor.py:171} INFO - Processing /usr/local/conda/lib/python3.7/site-packages/airflow/example_dags/example_trigger_controller_dag.py took 0.335 seconds
[2023-02-12 11:49:52,631] {processor.py:163} INFO - Started process (PID=2229) to work on /usr/local/conda/lib/python3.7/site-packages/airflow/example_dags/example_trigger_controller_dag.py
[2023-02-12 11:49:52,634] {processor.py:642} INFO - Processing file /usr/local/conda/lib/python3.7/site-packages/airflow/example_dags/example_trigger_controller_dag.py for tasks to queue
[2023-02-12 11:49:52,637] {logging_mixin.py:109} INFO - [2023-02-12 11:49:52,636] {dagbag.py:500} INFO - Filling up the DagBag from /usr/local/conda/lib/python3.7/site-packages/airflow/example_dags/example_trigger_controller_dag.py
[2023-02-12 11:49:52,666] {processor.py:652} INFO - DAG(s) dict_keys(['example_trigger_controller_dag']) retrieved from /usr/local/conda/lib/python3.7/site-packages/airflow/example_dags/example_trigger_controller_dag.py
[2023-02-12 11:49:52,695] {logging_mixin.py:109} INFO - [2023-02-12 11:49:52,695] {dag.py:2398} INFO - Sync 1 DAGs
[2023-02-12 11:49:52,722] {logging_mixin.py:109} INFO - [2023-02-12 11:49:52,722] {dag.py:2937} INFO - Setting next_dagrun for example_trigger_controller_dag to 2021-01-01T00:00:00+00:00
[2023-02-12 11:49:52,753] {processor.py:171} INFO - Processing /usr/local/conda/lib/python3.7/site-packages/airflow/example_dags/example_trigger_controller_dag.py took 0.128 seconds
[2023-02-12 11:50:39,406] {processor.py:163} INFO - Started process (PID=2271) to work on /usr/local/conda/lib/python3.7/site-packages/airflow/example_dags/example_trigger_controller_dag.py
[2023-02-12 11:50:39,413] {processor.py:642} INFO - Processing file /usr/local/conda/lib/python3.7/site-packages/airflow/example_dags/example_trigger_controller_dag.py for tasks to queue
[2023-02-12 11:50:39,416] {logging_mixin.py:109} INFO - [2023-02-12 11:50:39,416] {dagbag.py:500} INFO - Filling up the DagBag from /usr/local/conda/lib/python3.7/site-packages/airflow/example_dags/example_trigger_controller_dag.py
[2023-02-12 11:50:39,449] {processor.py:652} INFO - DAG(s) dict_keys(['example_trigger_controller_dag']) retrieved from /usr/local/conda/lib/python3.7/site-packages/airflow/example_dags/example_trigger_controller_dag.py
[2023-02-12 11:50:39,478] {logging_mixin.py:109} INFO - [2023-02-12 11:50:39,478] {dag.py:2398} INFO - Sync 1 DAGs
[2023-02-12 11:50:39,510] {logging_mixin.py:109} INFO - [2023-02-12 11:50:39,510] {dag.py:2937} INFO - Setting next_dagrun for example_trigger_controller_dag to 2021-01-01T00:00:00+00:00
[2023-02-12 11:50:39,541] {processor.py:171} INFO - Processing /usr/local/conda/lib/python3.7/site-packages/airflow/example_dags/example_trigger_controller_dag.py took 0.141 seconds
[2023-02-12 11:51:26,541] {processor.py:163} INFO - Started process (PID=2308) to work on /usr/local/conda/lib/python3.7/site-packages/airflow/example_dags/example_trigger_controller_dag.py
[2023-02-12 11:51:26,544] {processor.py:642} INFO - Processing file /usr/local/conda/lib/python3.7/site-packages/airflow/example_dags/example_trigger_controller_dag.py for tasks to queue
[2023-02-12 11:51:26,548] {logging_mixin.py:109} INFO - [2023-02-12 11:51:26,547] {dagbag.py:500} INFO - Filling up the DagBag from /usr/local/conda/lib/python3.7/site-packages/airflow/example_dags/example_trigger_controller_dag.py
[2023-02-12 11:51:26,585] {processor.py:652} INFO - DAG(s) dict_keys(['example_trigger_controller_dag']) retrieved from /usr/local/conda/lib/python3.7/site-packages/airflow/example_dags/example_trigger_controller_dag.py
[2023-02-12 11:51:26,622] {logging_mixin.py:109} INFO - [2023-02-12 11:51:26,621] {dag.py:2398} INFO - Sync 1 DAGs
[2023-02-12 11:51:26,651] {logging_mixin.py:109} INFO - [2023-02-12 11:51:26,651] {dag.py:2937} INFO - Setting next_dagrun for example_trigger_controller_dag to 2021-01-01T00:00:00+00:00
[2023-02-12 11:51:26,682] {processor.py:171} INFO - Processing /usr/local/conda/lib/python3.7/site-packages/airflow/example_dags/example_trigger_controller_dag.py took 0.147 seconds
[2023-02-12 11:52:05,772] {processor.py:163} INFO - Started process (PID=2342) to work on /usr/local/conda/lib/python3.7/site-packages/airflow/example_dags/example_trigger_controller_dag.py
[2023-02-12 11:52:05,774] {processor.py:642} INFO - Processing file /usr/local/conda/lib/python3.7/site-packages/airflow/example_dags/example_trigger_controller_dag.py for tasks to queue
[2023-02-12 11:52:05,776] {logging_mixin.py:109} INFO - [2023-02-12 11:52:05,776] {dagbag.py:500} INFO - Filling up the DagBag from /usr/local/conda/lib/python3.7/site-packages/airflow/example_dags/example_trigger_controller_dag.py
[2023-02-12 11:52:05,795] {processor.py:652} INFO - DAG(s) dict_keys(['example_trigger_controller_dag']) retrieved from /usr/local/conda/lib/python3.7/site-packages/airflow/example_dags/example_trigger_controller_dag.py
[2023-02-12 11:52:05,815] {logging_mixin.py:109} INFO - [2023-02-12 11:52:05,814] {dag.py:2398} INFO - Sync 1 DAGs
[2023-02-12 11:52:05,835] {logging_mixin.py:109} INFO - [2023-02-12 11:52:05,835] {dag.py:2937} INFO - Setting next_dagrun for example_trigger_controller_dag to 2021-01-01T00:00:00+00:00
[2023-02-12 11:52:05,856] {processor.py:171} INFO - Processing /usr/local/conda/lib/python3.7/site-packages/airflow/example_dags/example_trigger_controller_dag.py took 0.088 seconds
[2023-02-12 11:52:49,867] {processor.py:163} INFO - Started process (PID=2381) to work on /usr/local/conda/lib/python3.7/site-packages/airflow/example_dags/example_trigger_controller_dag.py
[2023-02-12 11:52:49,870] {processor.py:642} INFO - Processing file /usr/local/conda/lib/python3.7/site-packages/airflow/example_dags/example_trigger_controller_dag.py for tasks to queue
[2023-02-12 11:52:49,873] {logging_mixin.py:109} INFO - [2023-02-12 11:52:49,872] {dagbag.py:500} INFO - Filling up the DagBag from /usr/local/conda/lib/python3.7/site-packages/airflow/example_dags/example_trigger_controller_dag.py
[2023-02-12 11:52:49,904] {processor.py:652} INFO - DAG(s) dict_keys(['example_trigger_controller_dag']) retrieved from /usr/local/conda/lib/python3.7/site-packages/airflow/example_dags/example_trigger_controller_dag.py
[2023-02-12 11:52:49,932] {logging_mixin.py:109} INFO - [2023-02-12 11:52:49,932] {dag.py:2398} INFO - Sync 1 DAGs
[2023-02-12 11:52:49,966] {logging_mixin.py:109} INFO - [2023-02-12 11:52:49,966] {dag.py:2937} INFO - Setting next_dagrun for example_trigger_controller_dag to 2021-01-01T00:00:00+00:00
[2023-02-12 11:52:50,065] {processor.py:171} INFO - Processing /usr/local/conda/lib/python3.7/site-packages/airflow/example_dags/example_trigger_controller_dag.py took 0.204 seconds
[2023-02-12 11:53:33,710] {processor.py:163} INFO - Started process (PID=2420) to work on /usr/local/conda/lib/python3.7/site-packages/airflow/example_dags/example_trigger_controller_dag.py
[2023-02-12 11:53:33,712] {processor.py:642} INFO - Processing file /usr/local/conda/lib/python3.7/site-packages/airflow/example_dags/example_trigger_controller_dag.py for tasks to queue
[2023-02-12 11:53:33,714] {logging_mixin.py:109} INFO - [2023-02-12 11:53:33,714] {dagbag.py:500} INFO - Filling up the DagBag from /usr/local/conda/lib/python3.7/site-packages/airflow/example_dags/example_trigger_controller_dag.py
[2023-02-12 11:53:33,732] {processor.py:652} INFO - DAG(s) dict_keys(['example_trigger_controller_dag']) retrieved from /usr/local/conda/lib/python3.7/site-packages/airflow/example_dags/example_trigger_controller_dag.py
[2023-02-12 11:53:33,751] {logging_mixin.py:109} INFO - [2023-02-12 11:53:33,751] {dag.py:2398} INFO - Sync 1 DAGs
[2023-02-12 11:53:33,769] {logging_mixin.py:109} INFO - [2023-02-12 11:53:33,769] {dag.py:2937} INFO - Setting next_dagrun for example_trigger_controller_dag to 2021-01-01T00:00:00+00:00
[2023-02-12 11:53:33,787] {processor.py:171} INFO - Processing /usr/local/conda/lib/python3.7/site-packages/airflow/example_dags/example_trigger_controller_dag.py took 0.081 seconds
[2023-02-12 11:54:19,937] {processor.py:163} INFO - Started process (PID=2458) to work on /usr/local/conda/lib/python3.7/site-packages/airflow/example_dags/example_trigger_controller_dag.py
[2023-02-12 11:54:19,939] {processor.py:642} INFO - Processing file /usr/local/conda/lib/python3.7/site-packages/airflow/example_dags/example_trigger_controller_dag.py for tasks to queue
[2023-02-12 11:54:19,940] {logging_mixin.py:109} INFO - [2023-02-12 11:54:19,940] {dagbag.py:500} INFO - Filling up the DagBag from /usr/local/conda/lib/python3.7/site-packages/airflow/example_dags/example_trigger_controller_dag.py
[2023-02-12 11:54:19,965] {processor.py:652} INFO - DAG(s) dict_keys(['example_trigger_controller_dag']) retrieved from /usr/local/conda/lib/python3.7/site-packages/airflow/example_dags/example_trigger_controller_dag.py
[2023-02-12 11:54:19,983] {logging_mixin.py:109} INFO - [2023-02-12 11:54:19,983] {dag.py:2398} INFO - Sync 1 DAGs
[2023-02-12 11:54:20,002] {logging_mixin.py:109} INFO - [2023-02-12 11:54:20,002] {dag.py:2937} INFO - Setting next_dagrun for example_trigger_controller_dag to 2021-01-01T00:00:00+00:00
[2023-02-12 11:54:20,022] {processor.py:171} INFO - Processing /usr/local/conda/lib/python3.7/site-packages/airflow/example_dags/example_trigger_controller_dag.py took 0.089 seconds
[2023-02-12 11:55:00,072] {processor.py:163} INFO - Started process (PID=2494) to work on /usr/local/conda/lib/python3.7/site-packages/airflow/example_dags/example_trigger_controller_dag.py
[2023-02-12 11:55:00,075] {processor.py:642} INFO - Processing file /usr/local/conda/lib/python3.7/site-packages/airflow/example_dags/example_trigger_controller_dag.py for tasks to queue
[2023-02-12 11:55:00,077] {logging_mixin.py:109} INFO - [2023-02-12 11:55:00,076] {dagbag.py:500} INFO - Filling up the DagBag from /usr/local/conda/lib/python3.7/site-packages/airflow/example_dags/example_trigger_controller_dag.py
[2023-02-12 11:55:00,095] {processor.py:652} INFO - DAG(s) dict_keys(['example_trigger_controller_dag']) retrieved from /usr/local/conda/lib/python3.7/site-packages/airflow/example_dags/example_trigger_controller_dag.py
[2023-02-12 11:55:00,118] {logging_mixin.py:109} INFO - [2023-02-12 11:55:00,117] {dag.py:2398} INFO - Sync 1 DAGs
[2023-02-12 11:55:00,138] {logging_mixin.py:109} INFO - [2023-02-12 11:55:00,137] {dag.py:2937} INFO - Setting next_dagrun for example_trigger_controller_dag to 2021-01-01T00:00:00+00:00
[2023-02-12 11:55:00,156] {processor.py:171} INFO - Processing /usr/local/conda/lib/python3.7/site-packages/airflow/example_dags/example_trigger_controller_dag.py took 0.088 seconds
[2023-02-12 11:55:44,444] {processor.py:163} INFO - Started process (PID=2533) to work on /usr/local/conda/lib/python3.7/site-packages/airflow/example_dags/example_trigger_controller_dag.py
[2023-02-12 11:55:44,447] {processor.py:642} INFO - Processing file /usr/local/conda/lib/python3.7/site-packages/airflow/example_dags/example_trigger_controller_dag.py for tasks to queue
[2023-02-12 11:55:44,450] {logging_mixin.py:109} INFO - [2023-02-12 11:55:44,450] {dagbag.py:500} INFO - Filling up the DagBag from /usr/local/conda/lib/python3.7/site-packages/airflow/example_dags/example_trigger_controller_dag.py
[2023-02-12 11:55:44,480] {processor.py:652} INFO - DAG(s) dict_keys(['example_trigger_controller_dag']) retrieved from /usr/local/conda/lib/python3.7/site-packages/airflow/example_dags/example_trigger_controller_dag.py
[2023-02-12 11:55:44,510] {logging_mixin.py:109} INFO - [2023-02-12 11:55:44,509] {dag.py:2398} INFO - Sync 1 DAGs
[2023-02-12 11:55:44,539] {logging_mixin.py:109} INFO - [2023-02-12 11:55:44,539] {dag.py:2937} INFO - Setting next_dagrun for example_trigger_controller_dag to 2021-01-01T00:00:00+00:00
[2023-02-12 11:55:44,569] {processor.py:171} INFO - Processing /usr/local/conda/lib/python3.7/site-packages/airflow/example_dags/example_trigger_controller_dag.py took 0.132 seconds
[2023-02-12 11:56:26,967] {processor.py:163} INFO - Started process (PID=2565) to work on /usr/local/conda/lib/python3.7/site-packages/airflow/example_dags/example_trigger_controller_dag.py
[2023-02-12 11:56:26,973] {processor.py:642} INFO - Processing file /usr/local/conda/lib/python3.7/site-packages/airflow/example_dags/example_trigger_controller_dag.py for tasks to queue
[2023-02-12 11:56:26,976] {logging_mixin.py:109} INFO - [2023-02-12 11:56:26,976] {dagbag.py:500} INFO - Filling up the DagBag from /usr/local/conda/lib/python3.7/site-packages/airflow/example_dags/example_trigger_controller_dag.py
[2023-02-12 11:56:27,007] {processor.py:652} INFO - DAG(s) dict_keys(['example_trigger_controller_dag']) retrieved from /usr/local/conda/lib/python3.7/site-packages/airflow/example_dags/example_trigger_controller_dag.py
[2023-02-12 11:56:27,036] {logging_mixin.py:109} INFO - [2023-02-12 11:56:27,036] {dag.py:2398} INFO - Sync 1 DAGs
[2023-02-12 11:56:27,070] {logging_mixin.py:109} INFO - [2023-02-12 11:56:27,070] {dag.py:2937} INFO - Setting next_dagrun for example_trigger_controller_dag to 2021-01-01T00:00:00+00:00
[2023-02-12 11:56:27,103] {processor.py:171} INFO - Processing /usr/local/conda/lib/python3.7/site-packages/airflow/example_dags/example_trigger_controller_dag.py took 0.143 seconds
[2023-02-12 11:57:11,854] {processor.py:163} INFO - Started process (PID=2603) to work on /usr/local/conda/lib/python3.7/site-packages/airflow/example_dags/example_trigger_controller_dag.py
[2023-02-12 11:57:11,857] {processor.py:642} INFO - Processing file /usr/local/conda/lib/python3.7/site-packages/airflow/example_dags/example_trigger_controller_dag.py for tasks to queue
[2023-02-12 11:57:11,859] {logging_mixin.py:109} INFO - [2023-02-12 11:57:11,859] {dagbag.py:500} INFO - Filling up the DagBag from /usr/local/conda/lib/python3.7/site-packages/airflow/example_dags/example_trigger_controller_dag.py
[2023-02-12 11:57:11,886] {processor.py:652} INFO - DAG(s) dict_keys(['example_trigger_controller_dag']) retrieved from /usr/local/conda/lib/python3.7/site-packages/airflow/example_dags/example_trigger_controller_dag.py
[2023-02-12 11:57:11,916] {logging_mixin.py:109} INFO - [2023-02-12 11:57:11,916] {dag.py:2398} INFO - Sync 1 DAGs
[2023-02-12 11:57:11,946] {logging_mixin.py:109} INFO - [2023-02-12 11:57:11,945] {dag.py:2937} INFO - Setting next_dagrun for example_trigger_controller_dag to 2021-01-01T00:00:00+00:00
[2023-02-12 11:57:11,975] {processor.py:171} INFO - Processing /usr/local/conda/lib/python3.7/site-packages/airflow/example_dags/example_trigger_controller_dag.py took 0.126 seconds
[2023-02-12 11:57:52,931] {processor.py:163} INFO - Started process (PID=2637) to work on /usr/local/conda/lib/python3.7/site-packages/airflow/example_dags/example_trigger_controller_dag.py
[2023-02-12 11:57:52,934] {processor.py:642} INFO - Processing file /usr/local/conda/lib/python3.7/site-packages/airflow/example_dags/example_trigger_controller_dag.py for tasks to queue
[2023-02-12 11:57:52,936] {logging_mixin.py:109} INFO - [2023-02-12 11:57:52,936] {dagbag.py:500} INFO - Filling up the DagBag from /usr/local/conda/lib/python3.7/site-packages/airflow/example_dags/example_trigger_controller_dag.py
[2023-02-12 11:57:52,963] {processor.py:652} INFO - DAG(s) dict_keys(['example_trigger_controller_dag']) retrieved from /usr/local/conda/lib/python3.7/site-packages/airflow/example_dags/example_trigger_controller_dag.py
[2023-02-12 11:57:52,991] {logging_mixin.py:109} INFO - [2023-02-12 11:57:52,991] {dag.py:2398} INFO - Sync 1 DAGs
[2023-02-12 11:57:53,017] {logging_mixin.py:109} INFO - [2023-02-12 11:57:53,017] {dag.py:2937} INFO - Setting next_dagrun for example_trigger_controller_dag to 2021-01-01T00:00:00+00:00
[2023-02-12 11:57:53,048] {processor.py:171} INFO - Processing /usr/local/conda/lib/python3.7/site-packages/airflow/example_dags/example_trigger_controller_dag.py took 0.123 seconds
[2023-02-12 11:58:40,980] {processor.py:163} INFO - Started process (PID=2670) to work on /usr/local/conda/lib/python3.7/site-packages/airflow/example_dags/example_trigger_controller_dag.py
[2023-02-12 11:58:40,986] {processor.py:642} INFO - Processing file /usr/local/conda/lib/python3.7/site-packages/airflow/example_dags/example_trigger_controller_dag.py for tasks to queue
[2023-02-12 11:58:40,993] {logging_mixin.py:109} INFO - [2023-02-12 11:58:40,992] {dagbag.py:500} INFO - Filling up the DagBag from /usr/local/conda/lib/python3.7/site-packages/airflow/example_dags/example_trigger_controller_dag.py
[2023-02-12 11:58:41,043] {processor.py:652} INFO - DAG(s) dict_keys(['example_trigger_controller_dag']) retrieved from /usr/local/conda/lib/python3.7/site-packages/airflow/example_dags/example_trigger_controller_dag.py
[2023-02-12 11:58:41,111] {logging_mixin.py:109} INFO - [2023-02-12 11:58:41,111] {dag.py:2398} INFO - Sync 1 DAGs
[2023-02-12 11:58:41,234] {logging_mixin.py:109} INFO - [2023-02-12 11:58:41,233] {dag.py:2937} INFO - Setting next_dagrun for example_trigger_controller_dag to 2021-01-01T00:00:00+00:00
[2023-02-12 11:58:41,298] {processor.py:171} INFO - Processing /usr/local/conda/lib/python3.7/site-packages/airflow/example_dags/example_trigger_controller_dag.py took 0.330 seconds
