[2023-02-12 11:30:16,033] {processor.py:163} INFO - Started process (PID=365) to work on /usr/local/conda/lib/python3.7/site-packages/airflow/example_dags/example_skip_dag.py
[2023-02-12 11:30:16,041] {processor.py:642} INFO - Processing file /usr/local/conda/lib/python3.7/site-packages/airflow/example_dags/example_skip_dag.py for tasks to queue
[2023-02-12 11:30:16,044] {logging_mixin.py:109} INFO - [2023-02-12 11:30:16,044] {dagbag.py:500} INFO - Filling up the DagBag from /usr/local/conda/lib/python3.7/site-packages/airflow/example_dags/example_skip_dag.py
[2023-02-12 11:30:16,116] {processor.py:652} INFO - DAG(s) dict_keys(['example_skip_dag']) retrieved from /usr/local/conda/lib/python3.7/site-packages/airflow/example_dags/example_skip_dag.py
[2023-02-12 11:30:16,166] {logging_mixin.py:109} INFO - [2023-02-12 11:30:16,166] {dag.py:2398} INFO - Sync 1 DAGs
[2023-02-12 11:30:16,233] {logging_mixin.py:109} INFO - [2023-02-12 11:30:16,233] {dag.py:2937} INFO - Setting next_dagrun for example_skip_dag to 2023-02-11T06:00:16.232594+00:00
[2023-02-12 11:30:16,458] {processor.py:171} INFO - Processing /usr/local/conda/lib/python3.7/site-packages/airflow/example_dags/example_skip_dag.py took 0.442 seconds
[2023-02-12 11:31:11,168] {processor.py:163} INFO - Started process (PID=1403) to work on /usr/local/conda/lib/python3.7/site-packages/airflow/example_dags/example_skip_dag.py
[2023-02-12 11:31:11,171] {processor.py:642} INFO - Processing file /usr/local/conda/lib/python3.7/site-packages/airflow/example_dags/example_skip_dag.py for tasks to queue
[2023-02-12 11:31:11,173] {logging_mixin.py:109} INFO - [2023-02-12 11:31:11,173] {dagbag.py:500} INFO - Filling up the DagBag from /usr/local/conda/lib/python3.7/site-packages/airflow/example_dags/example_skip_dag.py
[2023-02-12 11:31:11,203] {processor.py:652} INFO - DAG(s) dict_keys(['example_skip_dag']) retrieved from /usr/local/conda/lib/python3.7/site-packages/airflow/example_dags/example_skip_dag.py
[2023-02-12 11:31:11,231] {logging_mixin.py:109} INFO - [2023-02-12 11:31:11,231] {dag.py:2398} INFO - Sync 1 DAGs
[2023-02-12 11:31:11,261] {logging_mixin.py:109} INFO - [2023-02-12 11:31:11,261] {dag.py:2937} INFO - Setting next_dagrun for example_skip_dag to 2023-02-11T06:01:11.260524+00:00
[2023-02-12 11:31:11,299] {processor.py:171} INFO - Processing /usr/local/conda/lib/python3.7/site-packages/airflow/example_dags/example_skip_dag.py took 0.137 seconds
[2023-02-12 11:31:53,570] {processor.py:163} INFO - Started process (PID=1432) to work on /usr/local/conda/lib/python3.7/site-packages/airflow/example_dags/example_skip_dag.py
[2023-02-12 11:31:53,580] {processor.py:642} INFO - Processing file /usr/local/conda/lib/python3.7/site-packages/airflow/example_dags/example_skip_dag.py for tasks to queue
[2023-02-12 11:31:53,586] {logging_mixin.py:109} INFO - [2023-02-12 11:31:53,586] {dagbag.py:500} INFO - Filling up the DagBag from /usr/local/conda/lib/python3.7/site-packages/airflow/example_dags/example_skip_dag.py
[2023-02-12 11:31:53,675] {processor.py:652} INFO - DAG(s) dict_keys(['example_skip_dag']) retrieved from /usr/local/conda/lib/python3.7/site-packages/airflow/example_dags/example_skip_dag.py
[2023-02-12 11:31:53,728] {logging_mixin.py:109} INFO - [2023-02-12 11:31:53,727] {dag.py:2398} INFO - Sync 1 DAGs
[2023-02-12 11:31:53,765] {logging_mixin.py:109} INFO - [2023-02-12 11:31:53,765] {dag.py:2937} INFO - Setting next_dagrun for example_skip_dag to 2023-02-11T06:01:53.764468+00:00
[2023-02-12 11:31:53,801] {processor.py:171} INFO - Processing /usr/local/conda/lib/python3.7/site-packages/airflow/example_dags/example_skip_dag.py took 0.252 seconds
[2023-02-12 11:32:40,057] {processor.py:163} INFO - Started process (PID=1513) to work on /usr/local/conda/lib/python3.7/site-packages/airflow/example_dags/example_skip_dag.py
[2023-02-12 11:32:40,061] {processor.py:642} INFO - Processing file /usr/local/conda/lib/python3.7/site-packages/airflow/example_dags/example_skip_dag.py for tasks to queue
[2023-02-12 11:32:40,063] {logging_mixin.py:109} INFO - [2023-02-12 11:32:40,063] {dagbag.py:500} INFO - Filling up the DagBag from /usr/local/conda/lib/python3.7/site-packages/airflow/example_dags/example_skip_dag.py
[2023-02-12 11:32:40,126] {processor.py:652} INFO - DAG(s) dict_keys(['example_skip_dag']) retrieved from /usr/local/conda/lib/python3.7/site-packages/airflow/example_dags/example_skip_dag.py
[2023-02-12 11:32:40,184] {logging_mixin.py:109} INFO - [2023-02-12 11:32:40,184] {dag.py:2398} INFO - Sync 1 DAGs
[2023-02-12 11:32:40,235] {logging_mixin.py:109} INFO - [2023-02-12 11:32:40,235] {dag.py:2937} INFO - Setting next_dagrun for example_skip_dag to 2023-02-11T06:02:40.233908+00:00
[2023-02-12 11:32:40,296] {processor.py:171} INFO - Processing /usr/local/conda/lib/python3.7/site-packages/airflow/example_dags/example_skip_dag.py took 0.247 seconds
[2023-02-12 11:33:38,485] {processor.py:163} INFO - Started process (PID=1597) to work on /usr/local/conda/lib/python3.7/site-packages/airflow/example_dags/example_skip_dag.py
[2023-02-12 11:33:38,489] {processor.py:642} INFO - Processing file /usr/local/conda/lib/python3.7/site-packages/airflow/example_dags/example_skip_dag.py for tasks to queue
[2023-02-12 11:33:38,491] {logging_mixin.py:109} INFO - [2023-02-12 11:33:38,491] {dagbag.py:500} INFO - Filling up the DagBag from /usr/local/conda/lib/python3.7/site-packages/airflow/example_dags/example_skip_dag.py
[2023-02-12 11:33:38,546] {processor.py:652} INFO - DAG(s) dict_keys(['example_skip_dag']) retrieved from /usr/local/conda/lib/python3.7/site-packages/airflow/example_dags/example_skip_dag.py
[2023-02-12 11:33:38,589] {logging_mixin.py:109} INFO - [2023-02-12 11:33:38,589] {dag.py:2398} INFO - Sync 1 DAGs
[2023-02-12 11:33:38,627] {logging_mixin.py:109} INFO - [2023-02-12 11:33:38,627] {dag.py:2937} INFO - Setting next_dagrun for example_skip_dag to 2023-02-11T06:03:38.626561+00:00
[2023-02-12 11:33:38,670] {processor.py:171} INFO - Processing /usr/local/conda/lib/python3.7/site-packages/airflow/example_dags/example_skip_dag.py took 0.198 seconds
[2023-02-12 11:34:28,596] {processor.py:163} INFO - Started process (PID=1630) to work on /usr/local/conda/lib/python3.7/site-packages/airflow/example_dags/example_skip_dag.py
[2023-02-12 11:34:28,600] {processor.py:642} INFO - Processing file /usr/local/conda/lib/python3.7/site-packages/airflow/example_dags/example_skip_dag.py for tasks to queue
[2023-02-12 11:34:28,602] {logging_mixin.py:109} INFO - [2023-02-12 11:34:28,602] {dagbag.py:500} INFO - Filling up the DagBag from /usr/local/conda/lib/python3.7/site-packages/airflow/example_dags/example_skip_dag.py
[2023-02-12 11:34:28,650] {processor.py:652} INFO - DAG(s) dict_keys(['example_skip_dag']) retrieved from /usr/local/conda/lib/python3.7/site-packages/airflow/example_dags/example_skip_dag.py
[2023-02-12 11:34:28,697] {logging_mixin.py:109} INFO - [2023-02-12 11:34:28,696] {dag.py:2398} INFO - Sync 1 DAGs
[2023-02-12 11:34:28,728] {logging_mixin.py:109} INFO - [2023-02-12 11:34:28,728] {dag.py:2937} INFO - Setting next_dagrun for example_skip_dag to 2023-02-11T06:04:28.727689+00:00
[2023-02-12 11:34:28,773] {processor.py:171} INFO - Processing /usr/local/conda/lib/python3.7/site-packages/airflow/example_dags/example_skip_dag.py took 0.185 seconds
[2023-02-12 11:35:58,643] {processor.py:163} INFO - Started process (PID=1661) to work on /usr/local/conda/lib/python3.7/site-packages/airflow/example_dags/example_skip_dag.py
[2023-02-12 11:35:58,843] {processor.py:642} INFO - Processing file /usr/local/conda/lib/python3.7/site-packages/airflow/example_dags/example_skip_dag.py for tasks to queue
[2023-02-12 11:35:58,851] {logging_mixin.py:109} INFO - [2023-02-12 11:35:58,849] {dagbag.py:500} INFO - Filling up the DagBag from /usr/local/conda/lib/python3.7/site-packages/airflow/example_dags/example_skip_dag.py
[2023-02-12 11:35:58,928] {processor.py:652} INFO - DAG(s) dict_keys(['example_skip_dag']) retrieved from /usr/local/conda/lib/python3.7/site-packages/airflow/example_dags/example_skip_dag.py
[2023-02-12 11:35:58,980] {logging_mixin.py:109} INFO - [2023-02-12 11:35:58,980] {dag.py:2398} INFO - Sync 1 DAGs
[2023-02-12 11:35:59,012] {logging_mixin.py:109} INFO - [2023-02-12 11:35:59,012] {dag.py:2937} INFO - Setting next_dagrun for example_skip_dag to 2023-02-11T06:05:59.011705+00:00
[2023-02-12 11:35:59,244] {processor.py:171} INFO - Processing /usr/local/conda/lib/python3.7/site-packages/airflow/example_dags/example_skip_dag.py took 0.613 seconds
[2023-02-12 11:36:51,362] {processor.py:163} INFO - Started process (PID=1691) to work on /usr/local/conda/lib/python3.7/site-packages/airflow/example_dags/example_skip_dag.py
[2023-02-12 11:36:51,366] {processor.py:642} INFO - Processing file /usr/local/conda/lib/python3.7/site-packages/airflow/example_dags/example_skip_dag.py for tasks to queue
[2023-02-12 11:36:51,368] {logging_mixin.py:109} INFO - [2023-02-12 11:36:51,368] {dagbag.py:500} INFO - Filling up the DagBag from /usr/local/conda/lib/python3.7/site-packages/airflow/example_dags/example_skip_dag.py
[2023-02-12 11:36:51,406] {processor.py:652} INFO - DAG(s) dict_keys(['example_skip_dag']) retrieved from /usr/local/conda/lib/python3.7/site-packages/airflow/example_dags/example_skip_dag.py
[2023-02-12 11:36:51,435] {logging_mixin.py:109} INFO - [2023-02-12 11:36:51,435] {dag.py:2398} INFO - Sync 1 DAGs
[2023-02-12 11:36:51,473] {logging_mixin.py:109} INFO - [2023-02-12 11:36:51,473] {dag.py:2937} INFO - Setting next_dagrun for example_skip_dag to 2023-02-11T06:06:51.472263+00:00
[2023-02-12 11:36:51,516] {processor.py:171} INFO - Processing /usr/local/conda/lib/python3.7/site-packages/airflow/example_dags/example_skip_dag.py took 0.161 seconds
[2023-02-12 11:37:53,565] {processor.py:163} INFO - Started process (PID=1725) to work on /usr/local/conda/lib/python3.7/site-packages/airflow/example_dags/example_skip_dag.py
[2023-02-12 11:37:53,579] {processor.py:642} INFO - Processing file /usr/local/conda/lib/python3.7/site-packages/airflow/example_dags/example_skip_dag.py for tasks to queue
[2023-02-12 11:37:53,583] {logging_mixin.py:109} INFO - [2023-02-12 11:37:53,582] {dagbag.py:500} INFO - Filling up the DagBag from /usr/local/conda/lib/python3.7/site-packages/airflow/example_dags/example_skip_dag.py
[2023-02-12 11:37:53,616] {processor.py:652} INFO - DAG(s) dict_keys(['example_skip_dag']) retrieved from /usr/local/conda/lib/python3.7/site-packages/airflow/example_dags/example_skip_dag.py
[2023-02-12 11:37:53,644] {logging_mixin.py:109} INFO - [2023-02-12 11:37:53,644] {dag.py:2398} INFO - Sync 1 DAGs
[2023-02-12 11:37:53,672] {logging_mixin.py:109} INFO - [2023-02-12 11:37:53,672] {dag.py:2937} INFO - Setting next_dagrun for example_skip_dag to 2023-02-11T06:07:53.671723+00:00
[2023-02-12 11:37:54,331] {processor.py:171} INFO - Processing /usr/local/conda/lib/python3.7/site-packages/airflow/example_dags/example_skip_dag.py took 0.781 seconds
[2023-02-12 11:38:51,810] {processor.py:163} INFO - Started process (PID=1759) to work on /usr/local/conda/lib/python3.7/site-packages/airflow/example_dags/example_skip_dag.py
[2023-02-12 11:38:51,839] {processor.py:642} INFO - Processing file /usr/local/conda/lib/python3.7/site-packages/airflow/example_dags/example_skip_dag.py for tasks to queue
[2023-02-12 11:38:51,844] {logging_mixin.py:109} INFO - [2023-02-12 11:38:51,843] {dagbag.py:500} INFO - Filling up the DagBag from /usr/local/conda/lib/python3.7/site-packages/airflow/example_dags/example_skip_dag.py
[2023-02-12 11:38:51,933] {processor.py:652} INFO - DAG(s) dict_keys(['example_skip_dag']) retrieved from /usr/local/conda/lib/python3.7/site-packages/airflow/example_dags/example_skip_dag.py
[2023-02-12 11:38:51,972] {logging_mixin.py:109} INFO - [2023-02-12 11:38:51,972] {dag.py:2398} INFO - Sync 1 DAGs
[2023-02-12 11:38:52,004] {logging_mixin.py:109} INFO - [2023-02-12 11:38:52,004] {dag.py:2937} INFO - Setting next_dagrun for example_skip_dag to 2023-02-11T06:08:52.003453+00:00
[2023-02-12 11:38:52,256] {processor.py:171} INFO - Processing /usr/local/conda/lib/python3.7/site-packages/airflow/example_dags/example_skip_dag.py took 0.463 seconds
[2023-02-12 11:39:53,806] {processor.py:163} INFO - Started process (PID=1797) to work on /usr/local/conda/lib/python3.7/site-packages/airflow/example_dags/example_skip_dag.py
[2023-02-12 11:39:53,810] {processor.py:642} INFO - Processing file /usr/local/conda/lib/python3.7/site-packages/airflow/example_dags/example_skip_dag.py for tasks to queue
[2023-02-12 11:39:53,812] {logging_mixin.py:109} INFO - [2023-02-12 11:39:53,812] {dagbag.py:500} INFO - Filling up the DagBag from /usr/local/conda/lib/python3.7/site-packages/airflow/example_dags/example_skip_dag.py
[2023-02-12 11:39:53,850] {processor.py:652} INFO - DAG(s) dict_keys(['example_skip_dag']) retrieved from /usr/local/conda/lib/python3.7/site-packages/airflow/example_dags/example_skip_dag.py
[2023-02-12 11:39:53,895] {logging_mixin.py:109} INFO - [2023-02-12 11:39:53,895] {dag.py:2398} INFO - Sync 1 DAGs
[2023-02-12 11:39:53,926] {logging_mixin.py:109} INFO - [2023-02-12 11:39:53,926] {dag.py:2937} INFO - Setting next_dagrun for example_skip_dag to 2023-02-11T06:09:53.925709+00:00
[2023-02-12 11:39:53,966] {processor.py:171} INFO - Processing /usr/local/conda/lib/python3.7/site-packages/airflow/example_dags/example_skip_dag.py took 0.169 seconds
[2023-02-12 11:40:43,922] {processor.py:163} INFO - Started process (PID=1828) to work on /usr/local/conda/lib/python3.7/site-packages/airflow/example_dags/example_skip_dag.py
[2023-02-12 11:40:43,927] {processor.py:642} INFO - Processing file /usr/local/conda/lib/python3.7/site-packages/airflow/example_dags/example_skip_dag.py for tasks to queue
[2023-02-12 11:40:43,930] {logging_mixin.py:109} INFO - [2023-02-12 11:40:43,930] {dagbag.py:500} INFO - Filling up the DagBag from /usr/local/conda/lib/python3.7/site-packages/airflow/example_dags/example_skip_dag.py
[2023-02-12 11:40:43,955] {processor.py:652} INFO - DAG(s) dict_keys(['example_skip_dag']) retrieved from /usr/local/conda/lib/python3.7/site-packages/airflow/example_dags/example_skip_dag.py
[2023-02-12 11:40:43,983] {logging_mixin.py:109} INFO - [2023-02-12 11:40:43,983] {dag.py:2398} INFO - Sync 1 DAGs
[2023-02-12 11:40:44,002] {logging_mixin.py:109} INFO - [2023-02-12 11:40:44,002] {dag.py:2937} INFO - Setting next_dagrun for example_skip_dag to 2023-02-11T06:10:44.002077+00:00
[2023-02-12 11:40:44,518] {processor.py:171} INFO - Processing /usr/local/conda/lib/python3.7/site-packages/airflow/example_dags/example_skip_dag.py took 0.602 seconds
[2023-02-12 11:41:26,914] {processor.py:163} INFO - Started process (PID=1857) to work on /usr/local/conda/lib/python3.7/site-packages/airflow/example_dags/example_skip_dag.py
[2023-02-12 11:41:26,920] {processor.py:642} INFO - Processing file /usr/local/conda/lib/python3.7/site-packages/airflow/example_dags/example_skip_dag.py for tasks to queue
[2023-02-12 11:41:26,923] {logging_mixin.py:109} INFO - [2023-02-12 11:41:26,923] {dagbag.py:500} INFO - Filling up the DagBag from /usr/local/conda/lib/python3.7/site-packages/airflow/example_dags/example_skip_dag.py
[2023-02-12 11:41:26,952] {processor.py:652} INFO - DAG(s) dict_keys(['example_skip_dag']) retrieved from /usr/local/conda/lib/python3.7/site-packages/airflow/example_dags/example_skip_dag.py
[2023-02-12 11:41:26,983] {logging_mixin.py:109} INFO - [2023-02-12 11:41:26,983] {dag.py:2398} INFO - Sync 1 DAGs
[2023-02-12 11:41:27,012] {logging_mixin.py:109} INFO - [2023-02-12 11:41:27,012] {dag.py:2937} INFO - Setting next_dagrun for example_skip_dag to 2023-02-11T06:11:27.011975+00:00
[2023-02-12 11:41:27,064] {processor.py:171} INFO - Processing /usr/local/conda/lib/python3.7/site-packages/airflow/example_dags/example_skip_dag.py took 0.159 seconds
[2023-02-12 11:42:06,703] {processor.py:163} INFO - Started process (PID=1890) to work on /usr/local/conda/lib/python3.7/site-packages/airflow/example_dags/example_skip_dag.py
[2023-02-12 11:42:06,707] {processor.py:642} INFO - Processing file /usr/local/conda/lib/python3.7/site-packages/airflow/example_dags/example_skip_dag.py for tasks to queue
[2023-02-12 11:42:06,709] {logging_mixin.py:109} INFO - [2023-02-12 11:42:06,709] {dagbag.py:500} INFO - Filling up the DagBag from /usr/local/conda/lib/python3.7/site-packages/airflow/example_dags/example_skip_dag.py
[2023-02-12 11:42:06,743] {processor.py:652} INFO - DAG(s) dict_keys(['example_skip_dag']) retrieved from /usr/local/conda/lib/python3.7/site-packages/airflow/example_dags/example_skip_dag.py
[2023-02-12 11:42:06,778] {logging_mixin.py:109} INFO - [2023-02-12 11:42:06,777] {dag.py:2398} INFO - Sync 1 DAGs
[2023-02-12 11:42:06,809] {logging_mixin.py:109} INFO - [2023-02-12 11:42:06,809] {dag.py:2937} INFO - Setting next_dagrun for example_skip_dag to 2023-02-11T06:12:06.808551+00:00
[2023-02-12 11:42:06,858] {processor.py:171} INFO - Processing /usr/local/conda/lib/python3.7/site-packages/airflow/example_dags/example_skip_dag.py took 0.162 seconds
[2023-02-12 11:42:53,019] {processor.py:163} INFO - Started process (PID=1924) to work on /usr/local/conda/lib/python3.7/site-packages/airflow/example_dags/example_skip_dag.py
[2023-02-12 11:42:53,027] {processor.py:642} INFO - Processing file /usr/local/conda/lib/python3.7/site-packages/airflow/example_dags/example_skip_dag.py for tasks to queue
[2023-02-12 11:42:53,034] {logging_mixin.py:109} INFO - [2023-02-12 11:42:53,034] {dagbag.py:500} INFO - Filling up the DagBag from /usr/local/conda/lib/python3.7/site-packages/airflow/example_dags/example_skip_dag.py
[2023-02-12 11:42:53,076] {processor.py:652} INFO - DAG(s) dict_keys(['example_skip_dag']) retrieved from /usr/local/conda/lib/python3.7/site-packages/airflow/example_dags/example_skip_dag.py
[2023-02-12 11:42:53,130] {logging_mixin.py:109} INFO - [2023-02-12 11:42:53,130] {dag.py:2398} INFO - Sync 1 DAGs
[2023-02-12 11:42:53,164] {logging_mixin.py:109} INFO - [2023-02-12 11:42:53,164] {dag.py:2937} INFO - Setting next_dagrun for example_skip_dag to 2023-02-11T06:12:53.163467+00:00
[2023-02-12 11:42:53,199] {processor.py:171} INFO - Processing /usr/local/conda/lib/python3.7/site-packages/airflow/example_dags/example_skip_dag.py took 0.188 seconds
[2023-02-12 11:43:33,315] {processor.py:163} INFO - Started process (PID=1954) to work on /usr/local/conda/lib/python3.7/site-packages/airflow/example_dags/example_skip_dag.py
[2023-02-12 11:43:33,319] {processor.py:642} INFO - Processing file /usr/local/conda/lib/python3.7/site-packages/airflow/example_dags/example_skip_dag.py for tasks to queue
[2023-02-12 11:43:33,322] {logging_mixin.py:109} INFO - [2023-02-12 11:43:33,322] {dagbag.py:500} INFO - Filling up the DagBag from /usr/local/conda/lib/python3.7/site-packages/airflow/example_dags/example_skip_dag.py
[2023-02-12 11:43:33,419] {processor.py:652} INFO - DAG(s) dict_keys(['example_skip_dag']) retrieved from /usr/local/conda/lib/python3.7/site-packages/airflow/example_dags/example_skip_dag.py
[2023-02-12 11:43:33,493] {logging_mixin.py:109} INFO - [2023-02-12 11:43:33,493] {dag.py:2398} INFO - Sync 1 DAGs
[2023-02-12 11:43:33,587] {logging_mixin.py:109} INFO - [2023-02-12 11:43:33,587] {dag.py:2937} INFO - Setting next_dagrun for example_skip_dag to 2023-02-11T06:13:33.585383+00:00
[2023-02-12 11:43:33,681] {processor.py:171} INFO - Processing /usr/local/conda/lib/python3.7/site-packages/airflow/example_dags/example_skip_dag.py took 0.374 seconds
[2023-02-12 11:44:08,793] {processor.py:163} INFO - Started process (PID=1978) to work on /usr/local/conda/lib/python3.7/site-packages/airflow/example_dags/example_skip_dag.py
[2023-02-12 11:44:08,800] {processor.py:642} INFO - Processing file /usr/local/conda/lib/python3.7/site-packages/airflow/example_dags/example_skip_dag.py for tasks to queue
[2023-02-12 11:44:08,804] {logging_mixin.py:109} INFO - [2023-02-12 11:44:08,804] {dagbag.py:500} INFO - Filling up the DagBag from /usr/local/conda/lib/python3.7/site-packages/airflow/example_dags/example_skip_dag.py
[2023-02-12 11:44:08,877] {processor.py:652} INFO - DAG(s) dict_keys(['example_skip_dag']) retrieved from /usr/local/conda/lib/python3.7/site-packages/airflow/example_dags/example_skip_dag.py
[2023-02-12 11:44:08,941] {logging_mixin.py:109} INFO - [2023-02-12 11:44:08,941] {dag.py:2398} INFO - Sync 1 DAGs
[2023-02-12 11:44:09,019] {logging_mixin.py:109} INFO - [2023-02-12 11:44:09,019] {dag.py:2937} INFO - Setting next_dagrun for example_skip_dag to 2023-02-11T06:14:09.018910+00:00
[2023-02-12 11:44:09,132] {processor.py:171} INFO - Processing /usr/local/conda/lib/python3.7/site-packages/airflow/example_dags/example_skip_dag.py took 0.346 seconds
[2023-02-12 11:45:01,583] {processor.py:163} INFO - Started process (PID=2015) to work on /usr/local/conda/lib/python3.7/site-packages/airflow/example_dags/example_skip_dag.py
[2023-02-12 11:45:01,591] {processor.py:642} INFO - Processing file /usr/local/conda/lib/python3.7/site-packages/airflow/example_dags/example_skip_dag.py for tasks to queue
[2023-02-12 11:45:01,595] {logging_mixin.py:109} INFO - [2023-02-12 11:45:01,594] {dagbag.py:500} INFO - Filling up the DagBag from /usr/local/conda/lib/python3.7/site-packages/airflow/example_dags/example_skip_dag.py
[2023-02-12 11:45:01,646] {processor.py:652} INFO - DAG(s) dict_keys(['example_skip_dag']) retrieved from /usr/local/conda/lib/python3.7/site-packages/airflow/example_dags/example_skip_dag.py
[2023-02-12 11:45:01,724] {logging_mixin.py:109} INFO - [2023-02-12 11:45:01,724] {dag.py:2398} INFO - Sync 1 DAGs
[2023-02-12 11:45:01,797] {logging_mixin.py:109} INFO - [2023-02-12 11:45:01,797] {dag.py:2937} INFO - Setting next_dagrun for example_skip_dag to 2023-02-11T06:15:01.796235+00:00
[2023-02-12 11:45:01,935] {processor.py:171} INFO - Processing /usr/local/conda/lib/python3.7/site-packages/airflow/example_dags/example_skip_dag.py took 0.358 seconds
[2023-02-12 11:45:40,664] {processor.py:163} INFO - Started process (PID=2042) to work on /usr/local/conda/lib/python3.7/site-packages/airflow/example_dags/example_skip_dag.py
[2023-02-12 11:45:40,669] {processor.py:642} INFO - Processing file /usr/local/conda/lib/python3.7/site-packages/airflow/example_dags/example_skip_dag.py for tasks to queue
[2023-02-12 11:45:40,681] {logging_mixin.py:109} INFO - [2023-02-12 11:45:40,681] {dagbag.py:500} INFO - Filling up the DagBag from /usr/local/conda/lib/python3.7/site-packages/airflow/example_dags/example_skip_dag.py
[2023-02-12 11:45:40,770] {processor.py:652} INFO - DAG(s) dict_keys(['example_skip_dag']) retrieved from /usr/local/conda/lib/python3.7/site-packages/airflow/example_dags/example_skip_dag.py
[2023-02-12 11:45:40,825] {logging_mixin.py:109} INFO - [2023-02-12 11:45:40,824] {dag.py:2398} INFO - Sync 1 DAGs
[2023-02-12 11:45:40,901] {logging_mixin.py:109} INFO - [2023-02-12 11:45:40,900] {dag.py:2937} INFO - Setting next_dagrun for example_skip_dag to 2023-02-11T06:15:40.900052+00:00
[2023-02-12 11:45:41,029] {processor.py:171} INFO - Processing /usr/local/conda/lib/python3.7/site-packages/airflow/example_dags/example_skip_dag.py took 0.372 seconds
[2023-02-12 11:46:21,696] {processor.py:163} INFO - Started process (PID=2068) to work on /usr/local/conda/lib/python3.7/site-packages/airflow/example_dags/example_skip_dag.py
[2023-02-12 11:46:21,712] {processor.py:642} INFO - Processing file /usr/local/conda/lib/python3.7/site-packages/airflow/example_dags/example_skip_dag.py for tasks to queue
[2023-02-12 11:46:21,714] {logging_mixin.py:109} INFO - [2023-02-12 11:46:21,714] {dagbag.py:500} INFO - Filling up the DagBag from /usr/local/conda/lib/python3.7/site-packages/airflow/example_dags/example_skip_dag.py
[2023-02-12 11:46:21,761] {processor.py:652} INFO - DAG(s) dict_keys(['example_skip_dag']) retrieved from /usr/local/conda/lib/python3.7/site-packages/airflow/example_dags/example_skip_dag.py
[2023-02-12 11:46:21,835] {logging_mixin.py:109} INFO - [2023-02-12 11:46:21,835] {dag.py:2398} INFO - Sync 1 DAGs
[2023-02-12 11:46:21,904] {logging_mixin.py:109} INFO - [2023-02-12 11:46:21,903] {dag.py:2937} INFO - Setting next_dagrun for example_skip_dag to 2023-02-11T06:16:21.903133+00:00
[2023-02-12 11:46:22,007] {processor.py:171} INFO - Processing /usr/local/conda/lib/python3.7/site-packages/airflow/example_dags/example_skip_dag.py took 0.318 seconds
[2023-02-12 11:47:00,501] {processor.py:163} INFO - Started process (PID=2096) to work on /usr/local/conda/lib/python3.7/site-packages/airflow/example_dags/example_skip_dag.py
[2023-02-12 11:47:00,527] {processor.py:642} INFO - Processing file /usr/local/conda/lib/python3.7/site-packages/airflow/example_dags/example_skip_dag.py for tasks to queue
[2023-02-12 11:47:00,530] {logging_mixin.py:109} INFO - [2023-02-12 11:47:00,530] {dagbag.py:500} INFO - Filling up the DagBag from /usr/local/conda/lib/python3.7/site-packages/airflow/example_dags/example_skip_dag.py
[2023-02-12 11:47:00,563] {processor.py:652} INFO - DAG(s) dict_keys(['example_skip_dag']) retrieved from /usr/local/conda/lib/python3.7/site-packages/airflow/example_dags/example_skip_dag.py
[2023-02-12 11:47:00,643] {logging_mixin.py:109} INFO - [2023-02-12 11:47:00,643] {dag.py:2398} INFO - Sync 1 DAGs
[2023-02-12 11:47:00,706] {logging_mixin.py:109} INFO - [2023-02-12 11:47:00,706] {dag.py:2937} INFO - Setting next_dagrun for example_skip_dag to 2023-02-11T06:17:00.705675+00:00
[2023-02-12 11:47:00,744] {processor.py:171} INFO - Processing /usr/local/conda/lib/python3.7/site-packages/airflow/example_dags/example_skip_dag.py took 0.250 seconds
[2023-02-12 11:47:49,884] {processor.py:163} INFO - Started process (PID=2133) to work on /usr/local/conda/lib/python3.7/site-packages/airflow/example_dags/example_skip_dag.py
[2023-02-12 11:47:49,888] {processor.py:642} INFO - Processing file /usr/local/conda/lib/python3.7/site-packages/airflow/example_dags/example_skip_dag.py for tasks to queue
[2023-02-12 11:47:49,892] {logging_mixin.py:109} INFO - [2023-02-12 11:47:49,891] {dagbag.py:500} INFO - Filling up the DagBag from /usr/local/conda/lib/python3.7/site-packages/airflow/example_dags/example_skip_dag.py
[2023-02-12 11:47:49,924] {processor.py:652} INFO - DAG(s) dict_keys(['example_skip_dag']) retrieved from /usr/local/conda/lib/python3.7/site-packages/airflow/example_dags/example_skip_dag.py
[2023-02-12 11:47:49,956] {logging_mixin.py:109} INFO - [2023-02-12 11:47:49,956] {dag.py:2398} INFO - Sync 1 DAGs
[2023-02-12 11:47:49,987] {logging_mixin.py:109} INFO - [2023-02-12 11:47:49,987] {dag.py:2937} INFO - Setting next_dagrun for example_skip_dag to 2023-02-11T06:17:49.986554+00:00
[2023-02-12 11:47:50,027] {processor.py:171} INFO - Processing /usr/local/conda/lib/python3.7/site-packages/airflow/example_dags/example_skip_dag.py took 0.149 seconds
[2023-02-12 11:48:29,186] {processor.py:163} INFO - Started process (PID=2166) to work on /usr/local/conda/lib/python3.7/site-packages/airflow/example_dags/example_skip_dag.py
[2023-02-12 11:48:29,193] {processor.py:642} INFO - Processing file /usr/local/conda/lib/python3.7/site-packages/airflow/example_dags/example_skip_dag.py for tasks to queue
[2023-02-12 11:48:29,195] {logging_mixin.py:109} INFO - [2023-02-12 11:48:29,194] {dagbag.py:500} INFO - Filling up the DagBag from /usr/local/conda/lib/python3.7/site-packages/airflow/example_dags/example_skip_dag.py
[2023-02-12 11:48:29,259] {processor.py:652} INFO - DAG(s) dict_keys(['example_skip_dag']) retrieved from /usr/local/conda/lib/python3.7/site-packages/airflow/example_dags/example_skip_dag.py
[2023-02-12 11:48:29,355] {logging_mixin.py:109} INFO - [2023-02-12 11:48:29,355] {dag.py:2398} INFO - Sync 1 DAGs
[2023-02-12 11:48:29,430] {logging_mixin.py:109} INFO - [2023-02-12 11:48:29,429] {dag.py:2937} INFO - Setting next_dagrun for example_skip_dag to 2023-02-11T06:18:29.429113+00:00
[2023-02-12 11:48:29,509] {processor.py:171} INFO - Processing /usr/local/conda/lib/python3.7/site-packages/airflow/example_dags/example_skip_dag.py took 0.339 seconds
[2023-02-12 11:49:12,388] {processor.py:163} INFO - Started process (PID=2199) to work on /usr/local/conda/lib/python3.7/site-packages/airflow/example_dags/example_skip_dag.py
[2023-02-12 11:49:12,408] {processor.py:642} INFO - Processing file /usr/local/conda/lib/python3.7/site-packages/airflow/example_dags/example_skip_dag.py for tasks to queue
[2023-02-12 11:49:12,416] {logging_mixin.py:109} INFO - [2023-02-12 11:49:12,415] {dagbag.py:500} INFO - Filling up the DagBag from /usr/local/conda/lib/python3.7/site-packages/airflow/example_dags/example_skip_dag.py
[2023-02-12 11:49:12,498] {processor.py:652} INFO - DAG(s) dict_keys(['example_skip_dag']) retrieved from /usr/local/conda/lib/python3.7/site-packages/airflow/example_dags/example_skip_dag.py
[2023-02-12 11:49:12,602] {logging_mixin.py:109} INFO - [2023-02-12 11:49:12,602] {dag.py:2398} INFO - Sync 1 DAGs
[2023-02-12 11:49:12,677] {logging_mixin.py:109} INFO - [2023-02-12 11:49:12,677] {dag.py:2937} INFO - Setting next_dagrun for example_skip_dag to 2023-02-11T06:19:12.676383+00:00
[2023-02-12 11:49:12,809] {processor.py:171} INFO - Processing /usr/local/conda/lib/python3.7/site-packages/airflow/example_dags/example_skip_dag.py took 0.434 seconds
[2023-02-12 11:49:58,902] {processor.py:163} INFO - Started process (PID=2234) to work on /usr/local/conda/lib/python3.7/site-packages/airflow/example_dags/example_skip_dag.py
[2023-02-12 11:49:58,906] {processor.py:642} INFO - Processing file /usr/local/conda/lib/python3.7/site-packages/airflow/example_dags/example_skip_dag.py for tasks to queue
[2023-02-12 11:49:58,908] {logging_mixin.py:109} INFO - [2023-02-12 11:49:58,908] {dagbag.py:500} INFO - Filling up the DagBag from /usr/local/conda/lib/python3.7/site-packages/airflow/example_dags/example_skip_dag.py
[2023-02-12 11:49:58,940] {processor.py:652} INFO - DAG(s) dict_keys(['example_skip_dag']) retrieved from /usr/local/conda/lib/python3.7/site-packages/airflow/example_dags/example_skip_dag.py
[2023-02-12 11:49:58,974] {logging_mixin.py:109} INFO - [2023-02-12 11:49:58,973] {dag.py:2398} INFO - Sync 1 DAGs
[2023-02-12 11:49:59,005] {logging_mixin.py:109} INFO - [2023-02-12 11:49:59,004] {dag.py:2937} INFO - Setting next_dagrun for example_skip_dag to 2023-02-11T06:19:59.004206+00:00
[2023-02-12 11:49:59,035] {processor.py:171} INFO - Processing /usr/local/conda/lib/python3.7/site-packages/airflow/example_dags/example_skip_dag.py took 0.139 seconds
[2023-02-12 11:50:34,069] {processor.py:163} INFO - Started process (PID=2267) to work on /usr/local/conda/lib/python3.7/site-packages/airflow/example_dags/example_skip_dag.py
[2023-02-12 11:50:34,075] {processor.py:642} INFO - Processing file /usr/local/conda/lib/python3.7/site-packages/airflow/example_dags/example_skip_dag.py for tasks to queue
[2023-02-12 11:50:34,079] {logging_mixin.py:109} INFO - [2023-02-12 11:50:34,079] {dagbag.py:500} INFO - Filling up the DagBag from /usr/local/conda/lib/python3.7/site-packages/airflow/example_dags/example_skip_dag.py
[2023-02-12 11:50:34,176] {processor.py:652} INFO - DAG(s) dict_keys(['example_skip_dag']) retrieved from /usr/local/conda/lib/python3.7/site-packages/airflow/example_dags/example_skip_dag.py
[2023-02-12 11:50:34,286] {logging_mixin.py:109} INFO - [2023-02-12 11:50:34,286] {dag.py:2398} INFO - Sync 1 DAGs
[2023-02-12 11:50:34,367] {logging_mixin.py:109} INFO - [2023-02-12 11:50:34,367] {dag.py:2937} INFO - Setting next_dagrun for example_skip_dag to 2023-02-11T06:20:34.366399+00:00
[2023-02-12 11:50:34,603] {processor.py:171} INFO - Processing /usr/local/conda/lib/python3.7/site-packages/airflow/example_dags/example_skip_dag.py took 0.548 seconds
[2023-02-12 11:51:10,511] {processor.py:163} INFO - Started process (PID=2294) to work on /usr/local/conda/lib/python3.7/site-packages/airflow/example_dags/example_skip_dag.py
[2023-02-12 11:51:10,515] {processor.py:642} INFO - Processing file /usr/local/conda/lib/python3.7/site-packages/airflow/example_dags/example_skip_dag.py for tasks to queue
[2023-02-12 11:51:10,517] {logging_mixin.py:109} INFO - [2023-02-12 11:51:10,517] {dagbag.py:500} INFO - Filling up the DagBag from /usr/local/conda/lib/python3.7/site-packages/airflow/example_dags/example_skip_dag.py
[2023-02-12 11:51:10,546] {processor.py:652} INFO - DAG(s) dict_keys(['example_skip_dag']) retrieved from /usr/local/conda/lib/python3.7/site-packages/airflow/example_dags/example_skip_dag.py
[2023-02-12 11:51:10,576] {logging_mixin.py:109} INFO - [2023-02-12 11:51:10,576] {dag.py:2398} INFO - Sync 1 DAGs
[2023-02-12 11:51:10,606] {logging_mixin.py:109} INFO - [2023-02-12 11:51:10,606] {dag.py:2937} INFO - Setting next_dagrun for example_skip_dag to 2023-02-11T06:21:10.605837+00:00
[2023-02-12 11:51:10,640] {processor.py:171} INFO - Processing /usr/local/conda/lib/python3.7/site-packages/airflow/example_dags/example_skip_dag.py took 0.136 seconds
[2023-02-12 11:51:48,919] {processor.py:163} INFO - Started process (PID=2328) to work on /usr/local/conda/lib/python3.7/site-packages/airflow/example_dags/example_skip_dag.py
[2023-02-12 11:51:48,924] {processor.py:642} INFO - Processing file /usr/local/conda/lib/python3.7/site-packages/airflow/example_dags/example_skip_dag.py for tasks to queue
[2023-02-12 11:51:48,927] {logging_mixin.py:109} INFO - [2023-02-12 11:51:48,927] {dagbag.py:500} INFO - Filling up the DagBag from /usr/local/conda/lib/python3.7/site-packages/airflow/example_dags/example_skip_dag.py
[2023-02-12 11:51:48,957] {processor.py:652} INFO - DAG(s) dict_keys(['example_skip_dag']) retrieved from /usr/local/conda/lib/python3.7/site-packages/airflow/example_dags/example_skip_dag.py
[2023-02-12 11:51:48,987] {logging_mixin.py:109} INFO - [2023-02-12 11:51:48,987] {dag.py:2398} INFO - Sync 1 DAGs
[2023-02-12 11:51:49,015] {logging_mixin.py:109} INFO - [2023-02-12 11:51:49,015] {dag.py:2937} INFO - Setting next_dagrun for example_skip_dag to 2023-02-11T06:21:49.014782+00:00
[2023-02-12 11:51:49,048] {processor.py:171} INFO - Processing /usr/local/conda/lib/python3.7/site-packages/airflow/example_dags/example_skip_dag.py took 0.135 seconds
[2023-02-12 11:52:24,883] {processor.py:163} INFO - Started process (PID=2357) to work on /usr/local/conda/lib/python3.7/site-packages/airflow/example_dags/example_skip_dag.py
[2023-02-12 11:52:24,887] {processor.py:642} INFO - Processing file /usr/local/conda/lib/python3.7/site-packages/airflow/example_dags/example_skip_dag.py for tasks to queue
[2023-02-12 11:52:24,889] {logging_mixin.py:109} INFO - [2023-02-12 11:52:24,889] {dagbag.py:500} INFO - Filling up the DagBag from /usr/local/conda/lib/python3.7/site-packages/airflow/example_dags/example_skip_dag.py
[2023-02-12 11:52:24,928] {processor.py:652} INFO - DAG(s) dict_keys(['example_skip_dag']) retrieved from /usr/local/conda/lib/python3.7/site-packages/airflow/example_dags/example_skip_dag.py
[2023-02-12 11:52:24,965] {logging_mixin.py:109} INFO - [2023-02-12 11:52:24,965] {dag.py:2398} INFO - Sync 1 DAGs
[2023-02-12 11:52:25,005] {logging_mixin.py:109} INFO - [2023-02-12 11:52:25,004] {dag.py:2937} INFO - Setting next_dagrun for example_skip_dag to 2023-02-11T06:22:25.003991+00:00
[2023-02-12 11:52:25,041] {processor.py:171} INFO - Processing /usr/local/conda/lib/python3.7/site-packages/airflow/example_dags/example_skip_dag.py took 0.164 seconds
[2023-02-12 11:53:00,565] {processor.py:163} INFO - Started process (PID=2390) to work on /usr/local/conda/lib/python3.7/site-packages/airflow/example_dags/example_skip_dag.py
[2023-02-12 11:53:00,569] {processor.py:642} INFO - Processing file /usr/local/conda/lib/python3.7/site-packages/airflow/example_dags/example_skip_dag.py for tasks to queue
[2023-02-12 11:53:00,571] {logging_mixin.py:109} INFO - [2023-02-12 11:53:00,571] {dagbag.py:500} INFO - Filling up the DagBag from /usr/local/conda/lib/python3.7/site-packages/airflow/example_dags/example_skip_dag.py
[2023-02-12 11:53:00,601] {processor.py:652} INFO - DAG(s) dict_keys(['example_skip_dag']) retrieved from /usr/local/conda/lib/python3.7/site-packages/airflow/example_dags/example_skip_dag.py
[2023-02-12 11:53:00,629] {logging_mixin.py:109} INFO - [2023-02-12 11:53:00,629] {dag.py:2398} INFO - Sync 1 DAGs
[2023-02-12 11:53:00,656] {logging_mixin.py:109} INFO - [2023-02-12 11:53:00,656] {dag.py:2937} INFO - Setting next_dagrun for example_skip_dag to 2023-02-11T06:23:00.655977+00:00
[2023-02-12 11:53:00,691] {processor.py:171} INFO - Processing /usr/local/conda/lib/python3.7/site-packages/airflow/example_dags/example_skip_dag.py took 0.132 seconds
[2023-02-12 11:53:36,008] {processor.py:163} INFO - Started process (PID=2422) to work on /usr/local/conda/lib/python3.7/site-packages/airflow/example_dags/example_skip_dag.py
[2023-02-12 11:53:36,013] {processor.py:642} INFO - Processing file /usr/local/conda/lib/python3.7/site-packages/airflow/example_dags/example_skip_dag.py for tasks to queue
[2023-02-12 11:53:36,015] {logging_mixin.py:109} INFO - [2023-02-12 11:53:36,014] {dagbag.py:500} INFO - Filling up the DagBag from /usr/local/conda/lib/python3.7/site-packages/airflow/example_dags/example_skip_dag.py
[2023-02-12 11:53:36,034] {processor.py:652} INFO - DAG(s) dict_keys(['example_skip_dag']) retrieved from /usr/local/conda/lib/python3.7/site-packages/airflow/example_dags/example_skip_dag.py
[2023-02-12 11:53:36,054] {logging_mixin.py:109} INFO - [2023-02-12 11:53:36,054] {dag.py:2398} INFO - Sync 1 DAGs
[2023-02-12 11:53:36,074] {logging_mixin.py:109} INFO - [2023-02-12 11:53:36,074] {dag.py:2937} INFO - Setting next_dagrun for example_skip_dag to 2023-02-11T06:23:36.073632+00:00
[2023-02-12 11:53:36,096] {processor.py:171} INFO - Processing /usr/local/conda/lib/python3.7/site-packages/airflow/example_dags/example_skip_dag.py took 0.092 seconds
[2023-02-12 11:54:13,250] {processor.py:163} INFO - Started process (PID=2452) to work on /usr/local/conda/lib/python3.7/site-packages/airflow/example_dags/example_skip_dag.py
[2023-02-12 11:54:13,253] {processor.py:642} INFO - Processing file /usr/local/conda/lib/python3.7/site-packages/airflow/example_dags/example_skip_dag.py for tasks to queue
[2023-02-12 11:54:13,254] {logging_mixin.py:109} INFO - [2023-02-12 11:54:13,254] {dagbag.py:500} INFO - Filling up the DagBag from /usr/local/conda/lib/python3.7/site-packages/airflow/example_dags/example_skip_dag.py
[2023-02-12 11:54:13,273] {processor.py:652} INFO - DAG(s) dict_keys(['example_skip_dag']) retrieved from /usr/local/conda/lib/python3.7/site-packages/airflow/example_dags/example_skip_dag.py
[2023-02-12 11:54:13,294] {logging_mixin.py:109} INFO - [2023-02-12 11:54:13,293] {dag.py:2398} INFO - Sync 1 DAGs
[2023-02-12 11:54:13,313] {logging_mixin.py:109} INFO - [2023-02-12 11:54:13,313] {dag.py:2937} INFO - Setting next_dagrun for example_skip_dag to 2023-02-11T06:24:13.313337+00:00
[2023-02-12 11:54:13,334] {processor.py:171} INFO - Processing /usr/local/conda/lib/python3.7/site-packages/airflow/example_dags/example_skip_dag.py took 0.088 seconds
[2023-02-12 11:54:46,086] {processor.py:163} INFO - Started process (PID=2483) to work on /usr/local/conda/lib/python3.7/site-packages/airflow/example_dags/example_skip_dag.py
[2023-02-12 11:54:46,090] {processor.py:642} INFO - Processing file /usr/local/conda/lib/python3.7/site-packages/airflow/example_dags/example_skip_dag.py for tasks to queue
[2023-02-12 11:54:46,093] {logging_mixin.py:109} INFO - [2023-02-12 11:54:46,093] {dagbag.py:500} INFO - Filling up the DagBag from /usr/local/conda/lib/python3.7/site-packages/airflow/example_dags/example_skip_dag.py
[2023-02-12 11:54:46,123] {processor.py:652} INFO - DAG(s) dict_keys(['example_skip_dag']) retrieved from /usr/local/conda/lib/python3.7/site-packages/airflow/example_dags/example_skip_dag.py
[2023-02-12 11:54:46,154] {logging_mixin.py:109} INFO - [2023-02-12 11:54:46,154] {dag.py:2398} INFO - Sync 1 DAGs
[2023-02-12 11:54:46,185] {logging_mixin.py:109} INFO - [2023-02-12 11:54:46,185] {dag.py:2937} INFO - Setting next_dagrun for example_skip_dag to 2023-02-11T06:24:46.184437+00:00
[2023-02-12 11:54:46,221] {processor.py:171} INFO - Processing /usr/local/conda/lib/python3.7/site-packages/airflow/example_dags/example_skip_dag.py took 0.141 seconds
[2023-02-12 11:55:21,539] {processor.py:163} INFO - Started process (PID=2512) to work on /usr/local/conda/lib/python3.7/site-packages/airflow/example_dags/example_skip_dag.py
[2023-02-12 11:55:21,544] {processor.py:642} INFO - Processing file /usr/local/conda/lib/python3.7/site-packages/airflow/example_dags/example_skip_dag.py for tasks to queue
[2023-02-12 11:55:21,546] {logging_mixin.py:109} INFO - [2023-02-12 11:55:21,546] {dagbag.py:500} INFO - Filling up the DagBag from /usr/local/conda/lib/python3.7/site-packages/airflow/example_dags/example_skip_dag.py
[2023-02-12 11:55:21,579] {processor.py:652} INFO - DAG(s) dict_keys(['example_skip_dag']) retrieved from /usr/local/conda/lib/python3.7/site-packages/airflow/example_dags/example_skip_dag.py
[2023-02-12 11:55:21,611] {logging_mixin.py:109} INFO - [2023-02-12 11:55:21,611] {dag.py:2398} INFO - Sync 1 DAGs
[2023-02-12 11:55:21,644] {logging_mixin.py:109} INFO - [2023-02-12 11:55:21,644] {dag.py:2937} INFO - Setting next_dagrun for example_skip_dag to 2023-02-11T06:25:21.643472+00:00
[2023-02-12 11:55:21,682] {processor.py:171} INFO - Processing /usr/local/conda/lib/python3.7/site-packages/airflow/example_dags/example_skip_dag.py took 0.150 seconds
[2023-02-12 11:55:56,299] {processor.py:163} INFO - Started process (PID=2543) to work on /usr/local/conda/lib/python3.7/site-packages/airflow/example_dags/example_skip_dag.py
[2023-02-12 11:55:56,302] {processor.py:642} INFO - Processing file /usr/local/conda/lib/python3.7/site-packages/airflow/example_dags/example_skip_dag.py for tasks to queue
[2023-02-12 11:55:56,304] {logging_mixin.py:109} INFO - [2023-02-12 11:55:56,304] {dagbag.py:500} INFO - Filling up the DagBag from /usr/local/conda/lib/python3.7/site-packages/airflow/example_dags/example_skip_dag.py
[2023-02-12 11:55:56,342] {processor.py:652} INFO - DAG(s) dict_keys(['example_skip_dag']) retrieved from /usr/local/conda/lib/python3.7/site-packages/airflow/example_dags/example_skip_dag.py
[2023-02-12 11:55:56,380] {logging_mixin.py:109} INFO - [2023-02-12 11:55:56,379] {dag.py:2398} INFO - Sync 1 DAGs
[2023-02-12 11:55:56,414] {logging_mixin.py:109} INFO - [2023-02-12 11:55:56,414] {dag.py:2937} INFO - Setting next_dagrun for example_skip_dag to 2023-02-11T06:25:56.413396+00:00
[2023-02-12 11:55:56,445] {processor.py:171} INFO - Processing /usr/local/conda/lib/python3.7/site-packages/airflow/example_dags/example_skip_dag.py took 0.154 seconds
[2023-02-12 11:56:35,836] {processor.py:163} INFO - Started process (PID=2574) to work on /usr/local/conda/lib/python3.7/site-packages/airflow/example_dags/example_skip_dag.py
[2023-02-12 11:56:35,842] {processor.py:642} INFO - Processing file /usr/local/conda/lib/python3.7/site-packages/airflow/example_dags/example_skip_dag.py for tasks to queue
[2023-02-12 11:56:35,845] {logging_mixin.py:109} INFO - [2023-02-12 11:56:35,844] {dagbag.py:500} INFO - Filling up the DagBag from /usr/local/conda/lib/python3.7/site-packages/airflow/example_dags/example_skip_dag.py
[2023-02-12 11:56:35,873] {processor.py:652} INFO - DAG(s) dict_keys(['example_skip_dag']) retrieved from /usr/local/conda/lib/python3.7/site-packages/airflow/example_dags/example_skip_dag.py
[2023-02-12 11:56:35,901] {logging_mixin.py:109} INFO - [2023-02-12 11:56:35,901] {dag.py:2398} INFO - Sync 1 DAGs
[2023-02-12 11:56:35,929] {logging_mixin.py:109} INFO - [2023-02-12 11:56:35,929] {dag.py:2937} INFO - Setting next_dagrun for example_skip_dag to 2023-02-11T06:26:35.928956+00:00
[2023-02-12 11:56:35,959] {processor.py:171} INFO - Processing /usr/local/conda/lib/python3.7/site-packages/airflow/example_dags/example_skip_dag.py took 0.129 seconds
[2023-02-12 11:57:15,284] {processor.py:163} INFO - Started process (PID=2606) to work on /usr/local/conda/lib/python3.7/site-packages/airflow/example_dags/example_skip_dag.py
[2023-02-12 11:57:15,288] {processor.py:642} INFO - Processing file /usr/local/conda/lib/python3.7/site-packages/airflow/example_dags/example_skip_dag.py for tasks to queue
[2023-02-12 11:57:15,292] {logging_mixin.py:109} INFO - [2023-02-12 11:57:15,292] {dagbag.py:500} INFO - Filling up the DagBag from /usr/local/conda/lib/python3.7/site-packages/airflow/example_dags/example_skip_dag.py
[2023-02-12 11:57:15,343] {processor.py:652} INFO - DAG(s) dict_keys(['example_skip_dag']) retrieved from /usr/local/conda/lib/python3.7/site-packages/airflow/example_dags/example_skip_dag.py
[2023-02-12 11:57:15,401] {logging_mixin.py:109} INFO - [2023-02-12 11:57:15,401] {dag.py:2398} INFO - Sync 1 DAGs
[2023-02-12 11:57:15,438] {logging_mixin.py:109} INFO - [2023-02-12 11:57:15,438] {dag.py:2937} INFO - Setting next_dagrun for example_skip_dag to 2023-02-11T06:27:15.438045+00:00
[2023-02-12 11:57:15,471] {processor.py:171} INFO - Processing /usr/local/conda/lib/python3.7/site-packages/airflow/example_dags/example_skip_dag.py took 0.194 seconds
[2023-02-12 11:57:55,661] {processor.py:163} INFO - Started process (PID=2640) to work on /usr/local/conda/lib/python3.7/site-packages/airflow/example_dags/example_skip_dag.py
[2023-02-12 11:57:55,666] {processor.py:642} INFO - Processing file /usr/local/conda/lib/python3.7/site-packages/airflow/example_dags/example_skip_dag.py for tasks to queue
[2023-02-12 11:57:55,671] {logging_mixin.py:109} INFO - [2023-02-12 11:57:55,670] {dagbag.py:500} INFO - Filling up the DagBag from /usr/local/conda/lib/python3.7/site-packages/airflow/example_dags/example_skip_dag.py
[2023-02-12 11:57:55,707] {processor.py:652} INFO - DAG(s) dict_keys(['example_skip_dag']) retrieved from /usr/local/conda/lib/python3.7/site-packages/airflow/example_dags/example_skip_dag.py
[2023-02-12 11:57:55,740] {logging_mixin.py:109} INFO - [2023-02-12 11:57:55,740] {dag.py:2398} INFO - Sync 1 DAGs
[2023-02-12 11:57:55,767] {logging_mixin.py:109} INFO - [2023-02-12 11:57:55,767] {dag.py:2937} INFO - Setting next_dagrun for example_skip_dag to 2023-02-11T06:27:55.766761+00:00
[2023-02-12 11:57:55,800] {processor.py:171} INFO - Processing /usr/local/conda/lib/python3.7/site-packages/airflow/example_dags/example_skip_dag.py took 0.146 seconds
[2023-02-12 11:58:48,024] {processor.py:163} INFO - Started process (PID=2674) to work on /usr/local/conda/lib/python3.7/site-packages/airflow/example_dags/example_skip_dag.py
[2023-02-12 11:58:48,037] {processor.py:642} INFO - Processing file /usr/local/conda/lib/python3.7/site-packages/airflow/example_dags/example_skip_dag.py for tasks to queue
[2023-02-12 11:58:48,040] {logging_mixin.py:109} INFO - [2023-02-12 11:58:48,039] {dagbag.py:500} INFO - Filling up the DagBag from /usr/local/conda/lib/python3.7/site-packages/airflow/example_dags/example_skip_dag.py
[2023-02-12 11:58:48,098] {processor.py:652} INFO - DAG(s) dict_keys(['example_skip_dag']) retrieved from /usr/local/conda/lib/python3.7/site-packages/airflow/example_dags/example_skip_dag.py
[2023-02-12 11:58:48,199] {logging_mixin.py:109} INFO - [2023-02-12 11:58:48,198] {dag.py:2398} INFO - Sync 1 DAGs
[2023-02-12 11:58:48,241] {logging_mixin.py:109} INFO - [2023-02-12 11:58:48,241] {dag.py:2937} INFO - Setting next_dagrun for example_skip_dag to 2023-02-11T06:28:48.240104+00:00
[2023-02-12 11:58:48,299] {processor.py:171} INFO - Processing /usr/local/conda/lib/python3.7/site-packages/airflow/example_dags/example_skip_dag.py took 0.293 seconds
