[2023-02-12 11:30:22,799] {processor.py:163} INFO - Started process (PID=562) to work on /usr/local/conda/lib/python3.7/site-packages/airflow/example_dags/example_task_group_decorator.py
[2023-02-12 11:30:22,804] {processor.py:642} INFO - Processing file /usr/local/conda/lib/python3.7/site-packages/airflow/example_dags/example_task_group_decorator.py for tasks to queue
[2023-02-12 11:30:22,812] {logging_mixin.py:109} INFO - [2023-02-12 11:30:22,810] {dagbag.py:500} INFO - Filling up the DagBag from /usr/local/conda/lib/python3.7/site-packages/airflow/example_dags/example_task_group_decorator.py
[2023-02-12 11:30:23,172] {processor.py:652} INFO - DAG(s) dict_keys(['example_task_group_decorator']) retrieved from /usr/local/conda/lib/python3.7/site-packages/airflow/example_dags/example_task_group_decorator.py
[2023-02-12 11:30:24,784] {logging_mixin.py:109} INFO - [2023-02-12 11:30:24,784] {dag.py:2398} INFO - Sync 1 DAGs
[2023-02-12 11:30:24,937] {logging_mixin.py:109} INFO - [2023-02-12 11:30:24,936] {dag.py:2937} INFO - Setting next_dagrun for example_task_group_decorator to 2023-02-11T06:00:24.936518+00:00
[2023-02-12 11:30:25,100] {processor.py:171} INFO - Processing /usr/local/conda/lib/python3.7/site-packages/airflow/example_dags/example_task_group_decorator.py took 2.308 seconds
[2023-02-12 11:31:16,592] {processor.py:163} INFO - Started process (PID=1407) to work on /usr/local/conda/lib/python3.7/site-packages/airflow/example_dags/example_task_group_decorator.py
[2023-02-12 11:31:16,595] {processor.py:642} INFO - Processing file /usr/local/conda/lib/python3.7/site-packages/airflow/example_dags/example_task_group_decorator.py for tasks to queue
[2023-02-12 11:31:16,597] {logging_mixin.py:109} INFO - [2023-02-12 11:31:16,597] {dagbag.py:500} INFO - Filling up the DagBag from /usr/local/conda/lib/python3.7/site-packages/airflow/example_dags/example_task_group_decorator.py
[2023-02-12 11:31:16,709] {processor.py:652} INFO - DAG(s) dict_keys(['example_task_group_decorator']) retrieved from /usr/local/conda/lib/python3.7/site-packages/airflow/example_dags/example_task_group_decorator.py
[2023-02-12 11:31:17,184] {logging_mixin.py:109} INFO - [2023-02-12 11:31:17,184] {dag.py:2398} INFO - Sync 1 DAGs
[2023-02-12 11:31:17,220] {logging_mixin.py:109} INFO - [2023-02-12 11:31:17,220] {dag.py:2937} INFO - Setting next_dagrun for example_task_group_decorator to 2023-02-11T06:01:17.219863+00:00
[2023-02-12 11:31:17,273] {processor.py:171} INFO - Processing /usr/local/conda/lib/python3.7/site-packages/airflow/example_dags/example_task_group_decorator.py took 0.687 seconds
[2023-02-12 11:32:08,155] {processor.py:163} INFO - Started process (PID=1446) to work on /usr/local/conda/lib/python3.7/site-packages/airflow/example_dags/example_task_group_decorator.py
[2023-02-12 11:32:08,158] {processor.py:642} INFO - Processing file /usr/local/conda/lib/python3.7/site-packages/airflow/example_dags/example_task_group_decorator.py for tasks to queue
[2023-02-12 11:32:08,161] {logging_mixin.py:109} INFO - [2023-02-12 11:32:08,160] {dagbag.py:500} INFO - Filling up the DagBag from /usr/local/conda/lib/python3.7/site-packages/airflow/example_dags/example_task_group_decorator.py
[2023-02-12 11:32:08,239] {processor.py:652} INFO - DAG(s) dict_keys(['example_task_group_decorator']) retrieved from /usr/local/conda/lib/python3.7/site-packages/airflow/example_dags/example_task_group_decorator.py
[2023-02-12 11:32:08,738] {logging_mixin.py:109} INFO - [2023-02-12 11:32:08,738] {dag.py:2398} INFO - Sync 1 DAGs
[2023-02-12 11:32:08,781] {logging_mixin.py:109} INFO - [2023-02-12 11:32:08,781] {dag.py:2937} INFO - Setting next_dagrun for example_task_group_decorator to 2023-02-11T06:02:08.780671+00:00
[2023-02-12 11:32:08,854] {processor.py:171} INFO - Processing /usr/local/conda/lib/python3.7/site-packages/airflow/example_dags/example_task_group_decorator.py took 0.707 seconds
[2023-02-12 11:32:59,281] {processor.py:163} INFO - Started process (PID=1571) to work on /usr/local/conda/lib/python3.7/site-packages/airflow/example_dags/example_task_group_decorator.py
[2023-02-12 11:32:59,286] {processor.py:642} INFO - Processing file /usr/local/conda/lib/python3.7/site-packages/airflow/example_dags/example_task_group_decorator.py for tasks to queue
[2023-02-12 11:32:59,289] {logging_mixin.py:109} INFO - [2023-02-12 11:32:59,289] {dagbag.py:500} INFO - Filling up the DagBag from /usr/local/conda/lib/python3.7/site-packages/airflow/example_dags/example_task_group_decorator.py
[2023-02-12 11:32:59,389] {processor.py:652} INFO - DAG(s) dict_keys(['example_task_group_decorator']) retrieved from /usr/local/conda/lib/python3.7/site-packages/airflow/example_dags/example_task_group_decorator.py
[2023-02-12 11:33:00,682] {logging_mixin.py:109} INFO - [2023-02-12 11:33:00,681] {dag.py:2398} INFO - Sync 1 DAGs
[2023-02-12 11:33:00,722] {logging_mixin.py:109} INFO - [2023-02-12 11:33:00,721] {dag.py:2937} INFO - Setting next_dagrun for example_task_group_decorator to 2023-02-11T06:03:00.721096+00:00
[2023-02-12 11:33:00,817] {processor.py:171} INFO - Processing /usr/local/conda/lib/python3.7/site-packages/airflow/example_dags/example_task_group_decorator.py took 1.545 seconds
[2023-02-12 11:33:56,396] {processor.py:163} INFO - Started process (PID=1610) to work on /usr/local/conda/lib/python3.7/site-packages/airflow/example_dags/example_task_group_decorator.py
[2023-02-12 11:33:56,401] {processor.py:642} INFO - Processing file /usr/local/conda/lib/python3.7/site-packages/airflow/example_dags/example_task_group_decorator.py for tasks to queue
[2023-02-12 11:33:56,404] {logging_mixin.py:109} INFO - [2023-02-12 11:33:56,403] {dagbag.py:500} INFO - Filling up the DagBag from /usr/local/conda/lib/python3.7/site-packages/airflow/example_dags/example_task_group_decorator.py
[2023-02-12 11:33:56,493] {processor.py:652} INFO - DAG(s) dict_keys(['example_task_group_decorator']) retrieved from /usr/local/conda/lib/python3.7/site-packages/airflow/example_dags/example_task_group_decorator.py
[2023-02-12 11:33:57,049] {logging_mixin.py:109} INFO - [2023-02-12 11:33:57,049] {dag.py:2398} INFO - Sync 1 DAGs
[2023-02-12 11:33:57,082] {logging_mixin.py:109} INFO - [2023-02-12 11:33:57,082] {dag.py:2937} INFO - Setting next_dagrun for example_task_group_decorator to 2023-02-11T06:03:57.081949+00:00
[2023-02-12 11:33:57,143] {processor.py:171} INFO - Processing /usr/local/conda/lib/python3.7/site-packages/airflow/example_dags/example_task_group_decorator.py took 0.756 seconds
[2023-02-12 11:34:45,565] {processor.py:163} INFO - Started process (PID=1639) to work on /usr/local/conda/lib/python3.7/site-packages/airflow/example_dags/example_task_group_decorator.py
[2023-02-12 11:34:45,577] {processor.py:642} INFO - Processing file /usr/local/conda/lib/python3.7/site-packages/airflow/example_dags/example_task_group_decorator.py for tasks to queue
[2023-02-12 11:34:45,584] {logging_mixin.py:109} INFO - [2023-02-12 11:34:45,583] {dagbag.py:500} INFO - Filling up the DagBag from /usr/local/conda/lib/python3.7/site-packages/airflow/example_dags/example_task_group_decorator.py
[2023-02-12 11:34:45,675] {processor.py:652} INFO - DAG(s) dict_keys(['example_task_group_decorator']) retrieved from /usr/local/conda/lib/python3.7/site-packages/airflow/example_dags/example_task_group_decorator.py
[2023-02-12 11:34:46,136] {logging_mixin.py:109} INFO - [2023-02-12 11:34:46,136] {dag.py:2398} INFO - Sync 1 DAGs
[2023-02-12 11:34:46,168] {logging_mixin.py:109} INFO - [2023-02-12 11:34:46,167] {dag.py:2937} INFO - Setting next_dagrun for example_task_group_decorator to 2023-02-11T06:04:46.167315+00:00
[2023-02-12 11:34:46,229] {processor.py:171} INFO - Processing /usr/local/conda/lib/python3.7/site-packages/airflow/example_dags/example_task_group_decorator.py took 0.677 seconds
[2023-02-12 11:36:04,507] {processor.py:163} INFO - Started process (PID=1665) to work on /usr/local/conda/lib/python3.7/site-packages/airflow/example_dags/example_task_group_decorator.py
[2023-02-12 11:36:04,512] {processor.py:642} INFO - Processing file /usr/local/conda/lib/python3.7/site-packages/airflow/example_dags/example_task_group_decorator.py for tasks to queue
[2023-02-12 11:36:04,515] {logging_mixin.py:109} INFO - [2023-02-12 11:36:04,514] {dagbag.py:500} INFO - Filling up the DagBag from /usr/local/conda/lib/python3.7/site-packages/airflow/example_dags/example_task_group_decorator.py
[2023-02-12 11:36:04,665] {processor.py:652} INFO - DAG(s) dict_keys(['example_task_group_decorator']) retrieved from /usr/local/conda/lib/python3.7/site-packages/airflow/example_dags/example_task_group_decorator.py
[2023-02-12 11:36:05,895] {logging_mixin.py:109} INFO - [2023-02-12 11:36:05,895] {dag.py:2398} INFO - Sync 1 DAGs
[2023-02-12 11:36:05,967] {logging_mixin.py:109} INFO - [2023-02-12 11:36:05,967] {dag.py:2937} INFO - Setting next_dagrun for example_task_group_decorator to 2023-02-11T06:06:05.966797+00:00
[2023-02-12 11:36:06,045] {processor.py:171} INFO - Processing /usr/local/conda/lib/python3.7/site-packages/airflow/example_dags/example_task_group_decorator.py took 1.547 seconds
[2023-02-12 11:36:59,078] {processor.py:163} INFO - Started process (PID=1695) to work on /usr/local/conda/lib/python3.7/site-packages/airflow/example_dags/example_task_group_decorator.py
[2023-02-12 11:36:59,086] {processor.py:642} INFO - Processing file /usr/local/conda/lib/python3.7/site-packages/airflow/example_dags/example_task_group_decorator.py for tasks to queue
[2023-02-12 11:36:59,092] {logging_mixin.py:109} INFO - [2023-02-12 11:36:59,092] {dagbag.py:500} INFO - Filling up the DagBag from /usr/local/conda/lib/python3.7/site-packages/airflow/example_dags/example_task_group_decorator.py
[2023-02-12 11:36:59,196] {processor.py:652} INFO - DAG(s) dict_keys(['example_task_group_decorator']) retrieved from /usr/local/conda/lib/python3.7/site-packages/airflow/example_dags/example_task_group_decorator.py
[2023-02-12 11:36:59,530] {logging_mixin.py:109} INFO - [2023-02-12 11:36:59,530] {dag.py:2398} INFO - Sync 1 DAGs
[2023-02-12 11:36:59,551] {logging_mixin.py:109} INFO - [2023-02-12 11:36:59,551] {dag.py:2937} INFO - Setting next_dagrun for example_task_group_decorator to 2023-02-11T06:06:59.550756+00:00
[2023-02-12 11:36:59,779] {processor.py:171} INFO - Processing /usr/local/conda/lib/python3.7/site-packages/airflow/example_dags/example_task_group_decorator.py took 0.715 seconds
[2023-02-12 11:38:01,870] {processor.py:163} INFO - Started process (PID=1729) to work on /usr/local/conda/lib/python3.7/site-packages/airflow/example_dags/example_task_group_decorator.py
[2023-02-12 11:38:01,888] {processor.py:642} INFO - Processing file /usr/local/conda/lib/python3.7/site-packages/airflow/example_dags/example_task_group_decorator.py for tasks to queue
[2023-02-12 11:38:01,891] {logging_mixin.py:109} INFO - [2023-02-12 11:38:01,890] {dagbag.py:500} INFO - Filling up the DagBag from /usr/local/conda/lib/python3.7/site-packages/airflow/example_dags/example_task_group_decorator.py
[2023-02-12 11:38:01,943] {processor.py:652} INFO - DAG(s) dict_keys(['example_task_group_decorator']) retrieved from /usr/local/conda/lib/python3.7/site-packages/airflow/example_dags/example_task_group_decorator.py
[2023-02-12 11:38:02,277] {logging_mixin.py:109} INFO - [2023-02-12 11:38:02,276] {dag.py:2398} INFO - Sync 1 DAGs
[2023-02-12 11:38:02,298] {logging_mixin.py:109} INFO - [2023-02-12 11:38:02,298] {dag.py:2937} INFO - Setting next_dagrun for example_task_group_decorator to 2023-02-11T06:08:02.297536+00:00
[2023-02-12 11:38:02,817] {processor.py:171} INFO - Processing /usr/local/conda/lib/python3.7/site-packages/airflow/example_dags/example_task_group_decorator.py took 0.967 seconds
[2023-02-12 11:38:59,041] {processor.py:163} INFO - Started process (PID=1763) to work on /usr/local/conda/lib/python3.7/site-packages/airflow/example_dags/example_task_group_decorator.py
[2023-02-12 11:38:59,068] {processor.py:642} INFO - Processing file /usr/local/conda/lib/python3.7/site-packages/airflow/example_dags/example_task_group_decorator.py for tasks to queue
[2023-02-12 11:38:59,073] {logging_mixin.py:109} INFO - [2023-02-12 11:38:59,073] {dagbag.py:500} INFO - Filling up the DagBag from /usr/local/conda/lib/python3.7/site-packages/airflow/example_dags/example_task_group_decorator.py
[2023-02-12 11:38:59,181] {processor.py:652} INFO - DAG(s) dict_keys(['example_task_group_decorator']) retrieved from /usr/local/conda/lib/python3.7/site-packages/airflow/example_dags/example_task_group_decorator.py
[2023-02-12 11:38:59,503] {logging_mixin.py:109} INFO - [2023-02-12 11:38:59,503] {dag.py:2398} INFO - Sync 1 DAGs
[2023-02-12 11:38:59,525] {logging_mixin.py:109} INFO - [2023-02-12 11:38:59,525] {dag.py:2937} INFO - Setting next_dagrun for example_task_group_decorator to 2023-02-11T06:08:59.524640+00:00
[2023-02-12 11:39:00,055] {processor.py:171} INFO - Processing /usr/local/conda/lib/python3.7/site-packages/airflow/example_dags/example_task_group_decorator.py took 1.029 seconds
[2023-02-12 11:40:00,228] {processor.py:163} INFO - Started process (PID=1801) to work on /usr/local/conda/lib/python3.7/site-packages/airflow/example_dags/example_task_group_decorator.py
[2023-02-12 11:40:00,238] {processor.py:642} INFO - Processing file /usr/local/conda/lib/python3.7/site-packages/airflow/example_dags/example_task_group_decorator.py for tasks to queue
[2023-02-12 11:40:00,242] {logging_mixin.py:109} INFO - [2023-02-12 11:40:00,241] {dagbag.py:500} INFO - Filling up the DagBag from /usr/local/conda/lib/python3.7/site-packages/airflow/example_dags/example_task_group_decorator.py
[2023-02-12 11:40:00,341] {processor.py:652} INFO - DAG(s) dict_keys(['example_task_group_decorator']) retrieved from /usr/local/conda/lib/python3.7/site-packages/airflow/example_dags/example_task_group_decorator.py
[2023-02-12 11:40:00,673] {logging_mixin.py:109} INFO - [2023-02-12 11:40:00,673] {dag.py:2398} INFO - Sync 1 DAGs
[2023-02-12 11:40:00,694] {logging_mixin.py:109} INFO - [2023-02-12 11:40:00,694] {dag.py:2937} INFO - Setting next_dagrun for example_task_group_decorator to 2023-02-11T06:10:00.693590+00:00
[2023-02-12 11:40:01,048] {processor.py:171} INFO - Processing /usr/local/conda/lib/python3.7/site-packages/airflow/example_dags/example_task_group_decorator.py took 0.833 seconds
[2023-02-12 11:40:49,712] {processor.py:163} INFO - Started process (PID=1832) to work on /usr/local/conda/lib/python3.7/site-packages/airflow/example_dags/example_task_group_decorator.py
[2023-02-12 11:40:49,722] {processor.py:642} INFO - Processing file /usr/local/conda/lib/python3.7/site-packages/airflow/example_dags/example_task_group_decorator.py for tasks to queue
[2023-02-12 11:40:49,723] {logging_mixin.py:109} INFO - [2023-02-12 11:40:49,723] {dagbag.py:500} INFO - Filling up the DagBag from /usr/local/conda/lib/python3.7/site-packages/airflow/example_dags/example_task_group_decorator.py
[2023-02-12 11:40:49,754] {processor.py:652} INFO - DAG(s) dict_keys(['example_task_group_decorator']) retrieved from /usr/local/conda/lib/python3.7/site-packages/airflow/example_dags/example_task_group_decorator.py
[2023-02-12 11:40:49,971] {logging_mixin.py:109} INFO - [2023-02-12 11:40:49,971] {dag.py:2398} INFO - Sync 1 DAGs
[2023-02-12 11:40:49,987] {logging_mixin.py:109} INFO - [2023-02-12 11:40:49,987] {dag.py:2937} INFO - Setting next_dagrun for example_task_group_decorator to 2023-02-11T06:10:49.986963+00:00
[2023-02-12 11:40:50,703] {processor.py:171} INFO - Processing /usr/local/conda/lib/python3.7/site-packages/airflow/example_dags/example_task_group_decorator.py took 0.995 seconds
[2023-02-12 11:41:35,981] {processor.py:163} INFO - Started process (PID=1866) to work on /usr/local/conda/lib/python3.7/site-packages/airflow/example_dags/example_task_group_decorator.py
[2023-02-12 11:41:35,989] {processor.py:642} INFO - Processing file /usr/local/conda/lib/python3.7/site-packages/airflow/example_dags/example_task_group_decorator.py for tasks to queue
[2023-02-12 11:41:35,994] {logging_mixin.py:109} INFO - [2023-02-12 11:41:35,993] {dagbag.py:500} INFO - Filling up the DagBag from /usr/local/conda/lib/python3.7/site-packages/airflow/example_dags/example_task_group_decorator.py
[2023-02-12 11:41:36,071] {processor.py:652} INFO - DAG(s) dict_keys(['example_task_group_decorator']) retrieved from /usr/local/conda/lib/python3.7/site-packages/airflow/example_dags/example_task_group_decorator.py
[2023-02-12 11:41:36,483] {logging_mixin.py:109} INFO - [2023-02-12 11:41:36,483] {dag.py:2398} INFO - Sync 1 DAGs
[2023-02-12 11:41:36,510] {logging_mixin.py:109} INFO - [2023-02-12 11:41:36,510] {dag.py:2937} INFO - Setting next_dagrun for example_task_group_decorator to 2023-02-11T06:11:36.510089+00:00
[2023-02-12 11:41:36,559] {processor.py:171} INFO - Processing /usr/local/conda/lib/python3.7/site-packages/airflow/example_dags/example_task_group_decorator.py took 0.586 seconds
[2023-02-12 11:42:12,734] {processor.py:163} INFO - Started process (PID=1895) to work on /usr/local/conda/lib/python3.7/site-packages/airflow/example_dags/example_task_group_decorator.py
[2023-02-12 11:42:12,745] {processor.py:642} INFO - Processing file /usr/local/conda/lib/python3.7/site-packages/airflow/example_dags/example_task_group_decorator.py for tasks to queue
[2023-02-12 11:42:12,749] {logging_mixin.py:109} INFO - [2023-02-12 11:42:12,749] {dagbag.py:500} INFO - Filling up the DagBag from /usr/local/conda/lib/python3.7/site-packages/airflow/example_dags/example_task_group_decorator.py
[2023-02-12 11:42:12,796] {processor.py:652} INFO - DAG(s) dict_keys(['example_task_group_decorator']) retrieved from /usr/local/conda/lib/python3.7/site-packages/airflow/example_dags/example_task_group_decorator.py
[2023-02-12 11:42:13,241] {logging_mixin.py:109} INFO - [2023-02-12 11:42:13,241] {dag.py:2398} INFO - Sync 1 DAGs
[2023-02-12 11:42:13,267] {logging_mixin.py:109} INFO - [2023-02-12 11:42:13,267] {dag.py:2937} INFO - Setting next_dagrun for example_task_group_decorator to 2023-02-11T06:12:13.266754+00:00
[2023-02-12 11:42:13,343] {processor.py:171} INFO - Processing /usr/local/conda/lib/python3.7/site-packages/airflow/example_dags/example_task_group_decorator.py took 0.626 seconds
[2023-02-12 11:42:57,825] {processor.py:163} INFO - Started process (PID=1928) to work on /usr/local/conda/lib/python3.7/site-packages/airflow/example_dags/example_task_group_decorator.py
[2023-02-12 11:42:57,831] {processor.py:642} INFO - Processing file /usr/local/conda/lib/python3.7/site-packages/airflow/example_dags/example_task_group_decorator.py for tasks to queue
[2023-02-12 11:42:57,834] {logging_mixin.py:109} INFO - [2023-02-12 11:42:57,834] {dagbag.py:500} INFO - Filling up the DagBag from /usr/local/conda/lib/python3.7/site-packages/airflow/example_dags/example_task_group_decorator.py
[2023-02-12 11:42:57,896] {processor.py:652} INFO - DAG(s) dict_keys(['example_task_group_decorator']) retrieved from /usr/local/conda/lib/python3.7/site-packages/airflow/example_dags/example_task_group_decorator.py
[2023-02-12 11:42:58,524] {logging_mixin.py:109} INFO - [2023-02-12 11:42:58,523] {dag.py:2398} INFO - Sync 1 DAGs
[2023-02-12 11:42:58,598] {logging_mixin.py:109} INFO - [2023-02-12 11:42:58,597] {dag.py:2937} INFO - Setting next_dagrun for example_task_group_decorator to 2023-02-11T06:12:58.596339+00:00
[2023-02-12 11:42:58,732] {processor.py:171} INFO - Processing /usr/local/conda/lib/python3.7/site-packages/airflow/example_dags/example_task_group_decorator.py took 0.914 seconds
[2023-02-12 11:43:39,041] {processor.py:163} INFO - Started process (PID=1958) to work on /usr/local/conda/lib/python3.7/site-packages/airflow/example_dags/example_task_group_decorator.py
[2023-02-12 11:43:39,061] {processor.py:642} INFO - Processing file /usr/local/conda/lib/python3.7/site-packages/airflow/example_dags/example_task_group_decorator.py for tasks to queue
[2023-02-12 11:43:39,078] {logging_mixin.py:109} INFO - [2023-02-12 11:43:39,077] {dagbag.py:500} INFO - Filling up the DagBag from /usr/local/conda/lib/python3.7/site-packages/airflow/example_dags/example_task_group_decorator.py
[2023-02-12 11:43:39,176] {processor.py:652} INFO - DAG(s) dict_keys(['example_task_group_decorator']) retrieved from /usr/local/conda/lib/python3.7/site-packages/airflow/example_dags/example_task_group_decorator.py
[2023-02-12 11:43:39,656] {logging_mixin.py:109} INFO - [2023-02-12 11:43:39,655] {dag.py:2398} INFO - Sync 1 DAGs
[2023-02-12 11:43:39,698] {logging_mixin.py:109} INFO - [2023-02-12 11:43:39,698] {dag.py:2937} INFO - Setting next_dagrun for example_task_group_decorator to 2023-02-11T06:13:39.697637+00:00
[2023-02-12 11:43:39,795] {processor.py:171} INFO - Processing /usr/local/conda/lib/python3.7/site-packages/airflow/example_dags/example_task_group_decorator.py took 0.763 seconds
[2023-02-12 11:44:29,921] {processor.py:163} INFO - Started process (PID=1995) to work on /usr/local/conda/lib/python3.7/site-packages/airflow/example_dags/example_task_group_decorator.py
[2023-02-12 11:44:29,931] {processor.py:642} INFO - Processing file /usr/local/conda/lib/python3.7/site-packages/airflow/example_dags/example_task_group_decorator.py for tasks to queue
[2023-02-12 11:44:29,940] {logging_mixin.py:109} INFO - [2023-02-12 11:44:29,940] {dagbag.py:500} INFO - Filling up the DagBag from /usr/local/conda/lib/python3.7/site-packages/airflow/example_dags/example_task_group_decorator.py
[2023-02-12 11:44:30,037] {processor.py:652} INFO - DAG(s) dict_keys(['example_task_group_decorator']) retrieved from /usr/local/conda/lib/python3.7/site-packages/airflow/example_dags/example_task_group_decorator.py
[2023-02-12 11:44:30,614] {logging_mixin.py:109} INFO - [2023-02-12 11:44:30,614] {dag.py:2398} INFO - Sync 1 DAGs
[2023-02-12 11:44:30,672] {logging_mixin.py:109} INFO - [2023-02-12 11:44:30,672] {dag.py:2937} INFO - Setting next_dagrun for example_task_group_decorator to 2023-02-11T06:14:30.671401+00:00
[2023-02-12 11:44:30,782] {processor.py:171} INFO - Processing /usr/local/conda/lib/python3.7/site-packages/airflow/example_dags/example_task_group_decorator.py took 0.868 seconds
[2023-02-12 11:45:23,826] {processor.py:163} INFO - Started process (PID=2030) to work on /usr/local/conda/lib/python3.7/site-packages/airflow/example_dags/example_task_group_decorator.py
[2023-02-12 11:45:23,850] {processor.py:642} INFO - Processing file /usr/local/conda/lib/python3.7/site-packages/airflow/example_dags/example_task_group_decorator.py for tasks to queue
[2023-02-12 11:45:23,865] {logging_mixin.py:109} INFO - [2023-02-12 11:45:23,864] {dagbag.py:500} INFO - Filling up the DagBag from /usr/local/conda/lib/python3.7/site-packages/airflow/example_dags/example_task_group_decorator.py
[2023-02-12 11:45:23,960] {processor.py:652} INFO - DAG(s) dict_keys(['example_task_group_decorator']) retrieved from /usr/local/conda/lib/python3.7/site-packages/airflow/example_dags/example_task_group_decorator.py
[2023-02-12 11:45:24,550] {logging_mixin.py:109} INFO - [2023-02-12 11:45:24,549] {dag.py:2398} INFO - Sync 1 DAGs
[2023-02-12 11:45:24,603] {logging_mixin.py:109} INFO - [2023-02-12 11:45:24,603] {dag.py:2937} INFO - Setting next_dagrun for example_task_group_decorator to 2023-02-11T06:15:24.602480+00:00
[2023-02-12 11:45:24,720] {processor.py:171} INFO - Processing /usr/local/conda/lib/python3.7/site-packages/airflow/example_dags/example_task_group_decorator.py took 0.901 seconds
[2023-02-12 11:46:04,456] {processor.py:163} INFO - Started process (PID=2058) to work on /usr/local/conda/lib/python3.7/site-packages/airflow/example_dags/example_task_group_decorator.py
[2023-02-12 11:46:04,472] {processor.py:642} INFO - Processing file /usr/local/conda/lib/python3.7/site-packages/airflow/example_dags/example_task_group_decorator.py for tasks to queue
[2023-02-12 11:46:04,476] {logging_mixin.py:109} INFO - [2023-02-12 11:46:04,476] {dagbag.py:500} INFO - Filling up the DagBag from /usr/local/conda/lib/python3.7/site-packages/airflow/example_dags/example_task_group_decorator.py
[2023-02-12 11:46:04,603] {processor.py:652} INFO - DAG(s) dict_keys(['example_task_group_decorator']) retrieved from /usr/local/conda/lib/python3.7/site-packages/airflow/example_dags/example_task_group_decorator.py
[2023-02-12 11:46:05,207] {logging_mixin.py:109} INFO - [2023-02-12 11:46:05,207] {dag.py:2398} INFO - Sync 1 DAGs
[2023-02-12 11:46:05,268] {logging_mixin.py:109} INFO - [2023-02-12 11:46:05,268] {dag.py:2937} INFO - Setting next_dagrun for example_task_group_decorator to 2023-02-11T06:16:05.267717+00:00
[2023-02-12 11:46:05,339] {processor.py:171} INFO - Processing /usr/local/conda/lib/python3.7/site-packages/airflow/example_dags/example_task_group_decorator.py took 0.892 seconds
[2023-02-12 11:46:45,004] {processor.py:163} INFO - Started process (PID=2086) to work on /usr/local/conda/lib/python3.7/site-packages/airflow/example_dags/example_task_group_decorator.py
[2023-02-12 11:46:45,013] {processor.py:642} INFO - Processing file /usr/local/conda/lib/python3.7/site-packages/airflow/example_dags/example_task_group_decorator.py for tasks to queue
[2023-02-12 11:46:45,018] {logging_mixin.py:109} INFO - [2023-02-12 11:46:45,017] {dagbag.py:500} INFO - Filling up the DagBag from /usr/local/conda/lib/python3.7/site-packages/airflow/example_dags/example_task_group_decorator.py
[2023-02-12 11:46:45,077] {processor.py:652} INFO - DAG(s) dict_keys(['example_task_group_decorator']) retrieved from /usr/local/conda/lib/python3.7/site-packages/airflow/example_dags/example_task_group_decorator.py
[2023-02-12 11:46:45,472] {logging_mixin.py:109} INFO - [2023-02-12 11:46:45,472] {dag.py:2398} INFO - Sync 1 DAGs
[2023-02-12 11:46:45,498] {logging_mixin.py:109} INFO - [2023-02-12 11:46:45,498] {dag.py:2937} INFO - Setting next_dagrun for example_task_group_decorator to 2023-02-11T06:16:45.497528+00:00
[2023-02-12 11:46:45,562] {processor.py:171} INFO - Processing /usr/local/conda/lib/python3.7/site-packages/airflow/example_dags/example_task_group_decorator.py took 0.565 seconds
[2023-02-12 11:47:34,017] {processor.py:163} INFO - Started process (PID=2122) to work on /usr/local/conda/lib/python3.7/site-packages/airflow/example_dags/example_task_group_decorator.py
[2023-02-12 11:47:34,032] {processor.py:642} INFO - Processing file /usr/local/conda/lib/python3.7/site-packages/airflow/example_dags/example_task_group_decorator.py for tasks to queue
[2023-02-12 11:47:34,035] {logging_mixin.py:109} INFO - [2023-02-12 11:47:34,034] {dagbag.py:500} INFO - Filling up the DagBag from /usr/local/conda/lib/python3.7/site-packages/airflow/example_dags/example_task_group_decorator.py
[2023-02-12 11:47:34,204] {processor.py:652} INFO - DAG(s) dict_keys(['example_task_group_decorator']) retrieved from /usr/local/conda/lib/python3.7/site-packages/airflow/example_dags/example_task_group_decorator.py
[2023-02-12 11:47:34,991] {logging_mixin.py:109} INFO - [2023-02-12 11:47:34,990] {dag.py:2398} INFO - Sync 1 DAGs
[2023-02-12 11:47:35,058] {logging_mixin.py:109} INFO - [2023-02-12 11:47:35,058] {dag.py:2937} INFO - Setting next_dagrun for example_task_group_decorator to 2023-02-11T06:17:35.055891+00:00
[2023-02-12 11:47:35,182] {processor.py:171} INFO - Processing /usr/local/conda/lib/python3.7/site-packages/airflow/example_dags/example_task_group_decorator.py took 1.174 seconds
[2023-02-12 11:48:17,317] {processor.py:163} INFO - Started process (PID=2154) to work on /usr/local/conda/lib/python3.7/site-packages/airflow/example_dags/example_task_group_decorator.py
[2023-02-12 11:48:17,323] {processor.py:642} INFO - Processing file /usr/local/conda/lib/python3.7/site-packages/airflow/example_dags/example_task_group_decorator.py for tasks to queue
[2023-02-12 11:48:17,326] {logging_mixin.py:109} INFO - [2023-02-12 11:48:17,325] {dagbag.py:500} INFO - Filling up the DagBag from /usr/local/conda/lib/python3.7/site-packages/airflow/example_dags/example_task_group_decorator.py
[2023-02-12 11:48:17,392] {processor.py:652} INFO - DAG(s) dict_keys(['example_task_group_decorator']) retrieved from /usr/local/conda/lib/python3.7/site-packages/airflow/example_dags/example_task_group_decorator.py
[2023-02-12 11:48:17,806] {logging_mixin.py:109} INFO - [2023-02-12 11:48:17,806] {dag.py:2398} INFO - Sync 1 DAGs
[2023-02-12 11:48:17,833] {logging_mixin.py:109} INFO - [2023-02-12 11:48:17,833] {dag.py:2937} INFO - Setting next_dagrun for example_task_group_decorator to 2023-02-11T06:18:17.832800+00:00
[2023-02-12 11:48:17,876] {processor.py:171} INFO - Processing /usr/local/conda/lib/python3.7/site-packages/airflow/example_dags/example_task_group_decorator.py took 0.566 seconds
[2023-02-12 11:48:59,561] {processor.py:163} INFO - Started process (PID=2190) to work on /usr/local/conda/lib/python3.7/site-packages/airflow/example_dags/example_task_group_decorator.py
[2023-02-12 11:48:59,565] {processor.py:642} INFO - Processing file /usr/local/conda/lib/python3.7/site-packages/airflow/example_dags/example_task_group_decorator.py for tasks to queue
[2023-02-12 11:48:59,568] {logging_mixin.py:109} INFO - [2023-02-12 11:48:59,567] {dagbag.py:500} INFO - Filling up the DagBag from /usr/local/conda/lib/python3.7/site-packages/airflow/example_dags/example_task_group_decorator.py
[2023-02-12 11:48:59,625] {processor.py:652} INFO - DAG(s) dict_keys(['example_task_group_decorator']) retrieved from /usr/local/conda/lib/python3.7/site-packages/airflow/example_dags/example_task_group_decorator.py
[2023-02-12 11:48:59,999] {logging_mixin.py:109} INFO - [2023-02-12 11:48:59,999] {dag.py:2398} INFO - Sync 1 DAGs
[2023-02-12 11:49:00,023] {logging_mixin.py:109} INFO - [2023-02-12 11:49:00,023] {dag.py:2937} INFO - Setting next_dagrun for example_task_group_decorator to 2023-02-11T06:19:00.022638+00:00
[2023-02-12 11:49:00,071] {processor.py:171} INFO - Processing /usr/local/conda/lib/python3.7/site-packages/airflow/example_dags/example_task_group_decorator.py took 0.516 seconds
[2023-02-12 11:49:43,056] {processor.py:163} INFO - Started process (PID=2222) to work on /usr/local/conda/lib/python3.7/site-packages/airflow/example_dags/example_task_group_decorator.py
[2023-02-12 11:49:43,061] {processor.py:642} INFO - Processing file /usr/local/conda/lib/python3.7/site-packages/airflow/example_dags/example_task_group_decorator.py for tasks to queue
[2023-02-12 11:49:43,064] {logging_mixin.py:109} INFO - [2023-02-12 11:49:43,064] {dagbag.py:500} INFO - Filling up the DagBag from /usr/local/conda/lib/python3.7/site-packages/airflow/example_dags/example_task_group_decorator.py
[2023-02-12 11:49:43,120] {processor.py:652} INFO - DAG(s) dict_keys(['example_task_group_decorator']) retrieved from /usr/local/conda/lib/python3.7/site-packages/airflow/example_dags/example_task_group_decorator.py
[2023-02-12 11:49:43,511] {logging_mixin.py:109} INFO - [2023-02-12 11:49:43,510] {dag.py:2398} INFO - Sync 1 DAGs
[2023-02-12 11:49:43,538] {logging_mixin.py:109} INFO - [2023-02-12 11:49:43,538] {dag.py:2937} INFO - Setting next_dagrun for example_task_group_decorator to 2023-02-11T06:19:43.537625+00:00
[2023-02-12 11:49:43,586] {processor.py:171} INFO - Processing /usr/local/conda/lib/python3.7/site-packages/airflow/example_dags/example_task_group_decorator.py took 0.536 seconds
[2023-02-12 11:50:23,665] {processor.py:163} INFO - Started process (PID=2256) to work on /usr/local/conda/lib/python3.7/site-packages/airflow/example_dags/example_task_group_decorator.py
[2023-02-12 11:50:23,667] {processor.py:642} INFO - Processing file /usr/local/conda/lib/python3.7/site-packages/airflow/example_dags/example_task_group_decorator.py for tasks to queue
[2023-02-12 11:50:23,669] {logging_mixin.py:109} INFO - [2023-02-12 11:50:23,668] {dagbag.py:500} INFO - Filling up the DagBag from /usr/local/conda/lib/python3.7/site-packages/airflow/example_dags/example_task_group_decorator.py
[2023-02-12 11:50:23,703] {processor.py:652} INFO - DAG(s) dict_keys(['example_task_group_decorator']) retrieved from /usr/local/conda/lib/python3.7/site-packages/airflow/example_dags/example_task_group_decorator.py
[2023-02-12 11:50:23,949] {logging_mixin.py:109} INFO - [2023-02-12 11:50:23,948] {dag.py:2398} INFO - Sync 1 DAGs
[2023-02-12 11:50:23,965] {logging_mixin.py:109} INFO - [2023-02-12 11:50:23,965] {dag.py:2937} INFO - Setting next_dagrun for example_task_group_decorator to 2023-02-11T06:20:23.964898+00:00
[2023-02-12 11:50:23,993] {processor.py:171} INFO - Processing /usr/local/conda/lib/python3.7/site-packages/airflow/example_dags/example_task_group_decorator.py took 0.331 seconds
[2023-02-12 11:50:58,377] {processor.py:163} INFO - Started process (PID=2285) to work on /usr/local/conda/lib/python3.7/site-packages/airflow/example_dags/example_task_group_decorator.py
[2023-02-12 11:50:58,386] {processor.py:642} INFO - Processing file /usr/local/conda/lib/python3.7/site-packages/airflow/example_dags/example_task_group_decorator.py for tasks to queue
[2023-02-12 11:50:58,391] {logging_mixin.py:109} INFO - [2023-02-12 11:50:58,388] {dagbag.py:500} INFO - Filling up the DagBag from /usr/local/conda/lib/python3.7/site-packages/airflow/example_dags/example_task_group_decorator.py
[2023-02-12 11:50:58,472] {processor.py:652} INFO - DAG(s) dict_keys(['example_task_group_decorator']) retrieved from /usr/local/conda/lib/python3.7/site-packages/airflow/example_dags/example_task_group_decorator.py
[2023-02-12 11:50:58,874] {logging_mixin.py:109} INFO - [2023-02-12 11:50:58,874] {dag.py:2398} INFO - Sync 1 DAGs
[2023-02-12 11:50:58,905] {logging_mixin.py:109} INFO - [2023-02-12 11:50:58,904] {dag.py:2937} INFO - Setting next_dagrun for example_task_group_decorator to 2023-02-11T06:20:58.904027+00:00
[2023-02-12 11:50:58,953] {processor.py:171} INFO - Processing /usr/local/conda/lib/python3.7/site-packages/airflow/example_dags/example_task_group_decorator.py took 0.582 seconds
[2023-02-12 11:51:32,790] {processor.py:163} INFO - Started process (PID=2315) to work on /usr/local/conda/lib/python3.7/site-packages/airflow/example_dags/example_task_group_decorator.py
[2023-02-12 11:51:32,795] {processor.py:642} INFO - Processing file /usr/local/conda/lib/python3.7/site-packages/airflow/example_dags/example_task_group_decorator.py for tasks to queue
[2023-02-12 11:51:32,798] {logging_mixin.py:109} INFO - [2023-02-12 11:51:32,798] {dagbag.py:500} INFO - Filling up the DagBag from /usr/local/conda/lib/python3.7/site-packages/airflow/example_dags/example_task_group_decorator.py
[2023-02-12 11:51:32,857] {processor.py:652} INFO - DAG(s) dict_keys(['example_task_group_decorator']) retrieved from /usr/local/conda/lib/python3.7/site-packages/airflow/example_dags/example_task_group_decorator.py
[2023-02-12 11:51:33,206] {logging_mixin.py:109} INFO - [2023-02-12 11:51:33,206] {dag.py:2398} INFO - Sync 1 DAGs
[2023-02-12 11:51:33,229] {logging_mixin.py:109} INFO - [2023-02-12 11:51:33,229] {dag.py:2937} INFO - Setting next_dagrun for example_task_group_decorator to 2023-02-11T06:21:33.228800+00:00
[2023-02-12 11:51:33,272] {processor.py:171} INFO - Processing /usr/local/conda/lib/python3.7/site-packages/airflow/example_dags/example_task_group_decorator.py took 0.488 seconds
[2023-02-12 11:52:12,000] {processor.py:163} INFO - Started process (PID=2347) to work on /usr/local/conda/lib/python3.7/site-packages/airflow/example_dags/example_task_group_decorator.py
[2023-02-12 11:52:12,004] {processor.py:642} INFO - Processing file /usr/local/conda/lib/python3.7/site-packages/airflow/example_dags/example_task_group_decorator.py for tasks to queue
[2023-02-12 11:52:12,007] {logging_mixin.py:109} INFO - [2023-02-12 11:52:12,006] {dagbag.py:500} INFO - Filling up the DagBag from /usr/local/conda/lib/python3.7/site-packages/airflow/example_dags/example_task_group_decorator.py
[2023-02-12 11:52:12,063] {processor.py:652} INFO - DAG(s) dict_keys(['example_task_group_decorator']) retrieved from /usr/local/conda/lib/python3.7/site-packages/airflow/example_dags/example_task_group_decorator.py
[2023-02-12 11:52:12,418] {logging_mixin.py:109} INFO - [2023-02-12 11:52:12,418] {dag.py:2398} INFO - Sync 1 DAGs
[2023-02-12 11:52:12,442] {logging_mixin.py:109} INFO - [2023-02-12 11:52:12,441] {dag.py:2937} INFO - Setting next_dagrun for example_task_group_decorator to 2023-02-11T06:22:12.441352+00:00
[2023-02-12 11:52:12,481] {processor.py:171} INFO - Processing /usr/local/conda/lib/python3.7/site-packages/airflow/example_dags/example_task_group_decorator.py took 0.487 seconds
[2023-02-12 11:52:48,186] {processor.py:163} INFO - Started process (PID=2379) to work on /usr/local/conda/lib/python3.7/site-packages/airflow/example_dags/example_task_group_decorator.py
[2023-02-12 11:52:48,189] {processor.py:642} INFO - Processing file /usr/local/conda/lib/python3.7/site-packages/airflow/example_dags/example_task_group_decorator.py for tasks to queue
[2023-02-12 11:52:48,191] {logging_mixin.py:109} INFO - [2023-02-12 11:52:48,190] {dagbag.py:500} INFO - Filling up the DagBag from /usr/local/conda/lib/python3.7/site-packages/airflow/example_dags/example_task_group_decorator.py
[2023-02-12 11:52:48,225] {processor.py:652} INFO - DAG(s) dict_keys(['example_task_group_decorator']) retrieved from /usr/local/conda/lib/python3.7/site-packages/airflow/example_dags/example_task_group_decorator.py
[2023-02-12 11:52:48,450] {logging_mixin.py:109} INFO - [2023-02-12 11:52:48,450] {dag.py:2398} INFO - Sync 1 DAGs
[2023-02-12 11:52:48,465] {logging_mixin.py:109} INFO - [2023-02-12 11:52:48,465] {dag.py:2937} INFO - Setting next_dagrun for example_task_group_decorator to 2023-02-11T06:22:48.465144+00:00
[2023-02-12 11:52:48,489] {processor.py:171} INFO - Processing /usr/local/conda/lib/python3.7/site-packages/airflow/example_dags/example_task_group_decorator.py took 0.307 seconds
[2023-02-12 11:53:24,073] {processor.py:163} INFO - Started process (PID=2410) to work on /usr/local/conda/lib/python3.7/site-packages/airflow/example_dags/example_task_group_decorator.py
[2023-02-12 11:53:24,078] {processor.py:642} INFO - Processing file /usr/local/conda/lib/python3.7/site-packages/airflow/example_dags/example_task_group_decorator.py for tasks to queue
[2023-02-12 11:53:24,080] {logging_mixin.py:109} INFO - [2023-02-12 11:53:24,079] {dagbag.py:500} INFO - Filling up the DagBag from /usr/local/conda/lib/python3.7/site-packages/airflow/example_dags/example_task_group_decorator.py
[2023-02-12 11:53:24,145] {processor.py:652} INFO - DAG(s) dict_keys(['example_task_group_decorator']) retrieved from /usr/local/conda/lib/python3.7/site-packages/airflow/example_dags/example_task_group_decorator.py
[2023-02-12 11:53:24,532] {logging_mixin.py:109} INFO - [2023-02-12 11:53:24,532] {dag.py:2398} INFO - Sync 1 DAGs
[2023-02-12 11:53:24,556] {logging_mixin.py:109} INFO - [2023-02-12 11:53:24,555] {dag.py:2937} INFO - Setting next_dagrun for example_task_group_decorator to 2023-02-11T06:23:24.555405+00:00
[2023-02-12 11:53:24,595] {processor.py:171} INFO - Processing /usr/local/conda/lib/python3.7/site-packages/airflow/example_dags/example_task_group_decorator.py took 0.529 seconds
[2023-02-12 11:54:06,676] {processor.py:163} INFO - Started process (PID=2447) to work on /usr/local/conda/lib/python3.7/site-packages/airflow/example_dags/example_task_group_decorator.py
[2023-02-12 11:54:06,679] {processor.py:642} INFO - Processing file /usr/local/conda/lib/python3.7/site-packages/airflow/example_dags/example_task_group_decorator.py for tasks to queue
[2023-02-12 11:54:06,680] {logging_mixin.py:109} INFO - [2023-02-12 11:54:06,680] {dagbag.py:500} INFO - Filling up the DagBag from /usr/local/conda/lib/python3.7/site-packages/airflow/example_dags/example_task_group_decorator.py
[2023-02-12 11:54:06,712] {processor.py:652} INFO - DAG(s) dict_keys(['example_task_group_decorator']) retrieved from /usr/local/conda/lib/python3.7/site-packages/airflow/example_dags/example_task_group_decorator.py
[2023-02-12 11:54:06,935] {logging_mixin.py:109} INFO - [2023-02-12 11:54:06,935] {dag.py:2398} INFO - Sync 1 DAGs
[2023-02-12 11:54:06,951] {logging_mixin.py:109} INFO - [2023-02-12 11:54:06,951] {dag.py:2937} INFO - Setting next_dagrun for example_task_group_decorator to 2023-02-11T06:24:06.951070+00:00
[2023-02-12 11:54:06,977] {processor.py:171} INFO - Processing /usr/local/conda/lib/python3.7/site-packages/airflow/example_dags/example_task_group_decorator.py took 0.304 seconds
[2023-02-12 11:54:42,104] {processor.py:163} INFO - Started process (PID=2480) to work on /usr/local/conda/lib/python3.7/site-packages/airflow/example_dags/example_task_group_decorator.py
[2023-02-12 11:54:42,106] {processor.py:642} INFO - Processing file /usr/local/conda/lib/python3.7/site-packages/airflow/example_dags/example_task_group_decorator.py for tasks to queue
[2023-02-12 11:54:42,108] {logging_mixin.py:109} INFO - [2023-02-12 11:54:42,107] {dagbag.py:500} INFO - Filling up the DagBag from /usr/local/conda/lib/python3.7/site-packages/airflow/example_dags/example_task_group_decorator.py
[2023-02-12 11:54:42,156] {processor.py:652} INFO - DAG(s) dict_keys(['example_task_group_decorator']) retrieved from /usr/local/conda/lib/python3.7/site-packages/airflow/example_dags/example_task_group_decorator.py
[2023-02-12 11:54:42,514] {logging_mixin.py:109} INFO - [2023-02-12 11:54:42,514] {dag.py:2398} INFO - Sync 1 DAGs
[2023-02-12 11:54:42,540] {logging_mixin.py:109} INFO - [2023-02-12 11:54:42,539] {dag.py:2937} INFO - Setting next_dagrun for example_task_group_decorator to 2023-02-11T06:24:42.539395+00:00
[2023-02-12 11:54:42,596] {processor.py:171} INFO - Processing /usr/local/conda/lib/python3.7/site-packages/airflow/example_dags/example_task_group_decorator.py took 0.497 seconds
[2023-02-12 11:55:24,550] {processor.py:163} INFO - Started process (PID=2515) to work on /usr/local/conda/lib/python3.7/site-packages/airflow/example_dags/example_task_group_decorator.py
[2023-02-12 11:55:24,563] {processor.py:642} INFO - Processing file /usr/local/conda/lib/python3.7/site-packages/airflow/example_dags/example_task_group_decorator.py for tasks to queue
[2023-02-12 11:55:24,565] {logging_mixin.py:109} INFO - [2023-02-12 11:55:24,565] {dagbag.py:500} INFO - Filling up the DagBag from /usr/local/conda/lib/python3.7/site-packages/airflow/example_dags/example_task_group_decorator.py
[2023-02-12 11:55:24,630] {processor.py:652} INFO - DAG(s) dict_keys(['example_task_group_decorator']) retrieved from /usr/local/conda/lib/python3.7/site-packages/airflow/example_dags/example_task_group_decorator.py
[2023-02-12 11:55:25,131] {logging_mixin.py:109} INFO - [2023-02-12 11:55:25,131] {dag.py:2398} INFO - Sync 1 DAGs
[2023-02-12 11:55:25,193] {logging_mixin.py:109} INFO - [2023-02-12 11:55:25,192] {dag.py:2937} INFO - Setting next_dagrun for example_task_group_decorator to 2023-02-11T06:25:25.192095+00:00
[2023-02-12 11:55:25,263] {processor.py:171} INFO - Processing /usr/local/conda/lib/python3.7/site-packages/airflow/example_dags/example_task_group_decorator.py took 0.721 seconds
[2023-02-12 11:56:05,520] {processor.py:163} INFO - Started process (PID=2550) to work on /usr/local/conda/lib/python3.7/site-packages/airflow/example_dags/example_task_group_decorator.py
[2023-02-12 11:56:05,525] {processor.py:642} INFO - Processing file /usr/local/conda/lib/python3.7/site-packages/airflow/example_dags/example_task_group_decorator.py for tasks to queue
[2023-02-12 11:56:05,528] {logging_mixin.py:109} INFO - [2023-02-12 11:56:05,527] {dagbag.py:500} INFO - Filling up the DagBag from /usr/local/conda/lib/python3.7/site-packages/airflow/example_dags/example_task_group_decorator.py
[2023-02-12 11:56:05,584] {processor.py:652} INFO - DAG(s) dict_keys(['example_task_group_decorator']) retrieved from /usr/local/conda/lib/python3.7/site-packages/airflow/example_dags/example_task_group_decorator.py
[2023-02-12 11:56:05,993] {logging_mixin.py:109} INFO - [2023-02-12 11:56:05,993] {dag.py:2398} INFO - Sync 1 DAGs
[2023-02-12 11:56:06,028] {logging_mixin.py:109} INFO - [2023-02-12 11:56:06,028] {dag.py:2937} INFO - Setting next_dagrun for example_task_group_decorator to 2023-02-11T06:26:06.027507+00:00
[2023-02-12 11:56:06,497] {processor.py:171} INFO - Processing /usr/local/conda/lib/python3.7/site-packages/airflow/example_dags/example_task_group_decorator.py took 0.983 seconds
[2023-02-12 11:56:46,284] {processor.py:163} INFO - Started process (PID=2582) to work on /usr/local/conda/lib/python3.7/site-packages/airflow/example_dags/example_task_group_decorator.py
[2023-02-12 11:56:46,287] {processor.py:642} INFO - Processing file /usr/local/conda/lib/python3.7/site-packages/airflow/example_dags/example_task_group_decorator.py for tasks to queue
[2023-02-12 11:56:46,289] {logging_mixin.py:109} INFO - [2023-02-12 11:56:46,289] {dagbag.py:500} INFO - Filling up the DagBag from /usr/local/conda/lib/python3.7/site-packages/airflow/example_dags/example_task_group_decorator.py
[2023-02-12 11:56:46,323] {processor.py:652} INFO - DAG(s) dict_keys(['example_task_group_decorator']) retrieved from /usr/local/conda/lib/python3.7/site-packages/airflow/example_dags/example_task_group_decorator.py
[2023-02-12 11:56:46,562] {logging_mixin.py:109} INFO - [2023-02-12 11:56:46,562] {dag.py:2398} INFO - Sync 1 DAGs
[2023-02-12 11:56:46,745] {logging_mixin.py:109} INFO - [2023-02-12 11:56:46,744] {dag.py:2937} INFO - Setting next_dagrun for example_task_group_decorator to 2023-02-11T06:26:46.744481+00:00
[2023-02-12 11:56:46,778] {processor.py:171} INFO - Processing /usr/local/conda/lib/python3.7/site-packages/airflow/example_dags/example_task_group_decorator.py took 0.498 seconds
[2023-02-12 11:57:25,780] {processor.py:163} INFO - Started process (PID=2614) to work on /usr/local/conda/lib/python3.7/site-packages/airflow/example_dags/example_task_group_decorator.py
[2023-02-12 11:57:25,784] {processor.py:642} INFO - Processing file /usr/local/conda/lib/python3.7/site-packages/airflow/example_dags/example_task_group_decorator.py for tasks to queue
[2023-02-12 11:57:25,786] {logging_mixin.py:109} INFO - [2023-02-12 11:57:25,786] {dagbag.py:500} INFO - Filling up the DagBag from /usr/local/conda/lib/python3.7/site-packages/airflow/example_dags/example_task_group_decorator.py
[2023-02-12 11:57:25,839] {processor.py:652} INFO - DAG(s) dict_keys(['example_task_group_decorator']) retrieved from /usr/local/conda/lib/python3.7/site-packages/airflow/example_dags/example_task_group_decorator.py
[2023-02-12 11:57:26,172] {logging_mixin.py:109} INFO - [2023-02-12 11:57:26,172] {dag.py:2398} INFO - Sync 1 DAGs
[2023-02-12 11:57:26,350] {logging_mixin.py:109} INFO - [2023-02-12 11:57:26,350] {dag.py:2937} INFO - Setting next_dagrun for example_task_group_decorator to 2023-02-11T06:27:26.349855+00:00
[2023-02-12 11:57:26,398] {processor.py:171} INFO - Processing /usr/local/conda/lib/python3.7/site-packages/airflow/example_dags/example_task_group_decorator.py took 0.623 seconds
[2023-02-12 11:58:12,297] {processor.py:163} INFO - Started process (PID=2650) to work on /usr/local/conda/lib/python3.7/site-packages/airflow/example_dags/example_task_group_decorator.py
[2023-02-12 11:58:12,310] {processor.py:642} INFO - Processing file /usr/local/conda/lib/python3.7/site-packages/airflow/example_dags/example_task_group_decorator.py for tasks to queue
[2023-02-12 11:58:12,313] {logging_mixin.py:109} INFO - [2023-02-12 11:58:12,312] {dagbag.py:500} INFO - Filling up the DagBag from /usr/local/conda/lib/python3.7/site-packages/airflow/example_dags/example_task_group_decorator.py
[2023-02-12 11:58:12,410] {processor.py:652} INFO - DAG(s) dict_keys(['example_task_group_decorator']) retrieved from /usr/local/conda/lib/python3.7/site-packages/airflow/example_dags/example_task_group_decorator.py
[2023-02-12 11:58:12,978] {logging_mixin.py:109} INFO - [2023-02-12 11:58:12,977] {dag.py:2398} INFO - Sync 1 DAGs
[2023-02-12 11:58:13,414] {logging_mixin.py:109} INFO - [2023-02-12 11:58:13,413] {dag.py:2937} INFO - Setting next_dagrun for example_task_group_decorator to 2023-02-11T06:28:13.413013+00:00
[2023-02-12 11:58:13,529] {processor.py:171} INFO - Processing /usr/local/conda/lib/python3.7/site-packages/airflow/example_dags/example_task_group_decorator.py took 1.244 seconds
[2023-02-12 11:58:53,215] {processor.py:163} INFO - Started process (PID=2678) to work on /usr/local/conda/lib/python3.7/site-packages/airflow/example_dags/example_task_group_decorator.py
[2023-02-12 11:58:53,219] {processor.py:642} INFO - Processing file /usr/local/conda/lib/python3.7/site-packages/airflow/example_dags/example_task_group_decorator.py for tasks to queue
[2023-02-12 11:58:53,221] {logging_mixin.py:109} INFO - [2023-02-12 11:58:53,220] {dagbag.py:500} INFO - Filling up the DagBag from /usr/local/conda/lib/python3.7/site-packages/airflow/example_dags/example_task_group_decorator.py
[2023-02-12 11:58:53,295] {processor.py:652} INFO - DAG(s) dict_keys(['example_task_group_decorator']) retrieved from /usr/local/conda/lib/python3.7/site-packages/airflow/example_dags/example_task_group_decorator.py
[2023-02-12 11:58:53,724] {logging_mixin.py:109} INFO - [2023-02-12 11:58:53,724] {dag.py:2398} INFO - Sync 1 DAGs
[2023-02-12 11:58:53,996] {logging_mixin.py:109} INFO - [2023-02-12 11:58:53,995] {dag.py:2937} INFO - Setting next_dagrun for example_task_group_decorator to 2023-02-11T06:28:53.995476+00:00
[2023-02-12 11:58:54,033] {processor.py:171} INFO - Processing /usr/local/conda/lib/python3.7/site-packages/airflow/example_dags/example_task_group_decorator.py took 0.831 seconds
