[2023-02-12 11:30:17,852] {processor.py:163} INFO - Started process (PID=466) to work on /usr/local/conda/lib/python3.7/site-packages/airflow/example_dags/example_latest_only.py
[2023-02-12 11:30:17,858] {processor.py:642} INFO - Processing file /usr/local/conda/lib/python3.7/site-packages/airflow/example_dags/example_latest_only.py for tasks to queue
[2023-02-12 11:30:17,862] {logging_mixin.py:109} INFO - [2023-02-12 11:30:17,861] {dagbag.py:500} INFO - Filling up the DagBag from /usr/local/conda/lib/python3.7/site-packages/airflow/example_dags/example_latest_only.py
[2023-02-12 11:30:17,925] {processor.py:652} INFO - DAG(s) dict_keys(['latest_only']) retrieved from /usr/local/conda/lib/python3.7/site-packages/airflow/example_dags/example_latest_only.py
[2023-02-12 11:30:17,961] {logging_mixin.py:109} INFO - [2023-02-12 11:30:17,961] {dag.py:2398} INFO - Sync 1 DAGs
[2023-02-12 11:30:18,020] {logging_mixin.py:109} INFO - [2023-02-12 11:30:18,020] {dag.py:2937} INFO - Setting next_dagrun for latest_only to 2023-02-12T02:00:18.019504+00:00
[2023-02-12 11:30:18,080] {processor.py:171} INFO - Processing /usr/local/conda/lib/python3.7/site-packages/airflow/example_dags/example_latest_only.py took 0.239 seconds
[2023-02-12 11:31:12,486] {processor.py:163} INFO - Started process (PID=1404) to work on /usr/local/conda/lib/python3.7/site-packages/airflow/example_dags/example_latest_only.py
[2023-02-12 11:31:12,836] {processor.py:642} INFO - Processing file /usr/local/conda/lib/python3.7/site-packages/airflow/example_dags/example_latest_only.py for tasks to queue
[2023-02-12 11:31:12,840] {logging_mixin.py:109} INFO - [2023-02-12 11:31:12,839] {dagbag.py:500} INFO - Filling up the DagBag from /usr/local/conda/lib/python3.7/site-packages/airflow/example_dags/example_latest_only.py
[2023-02-12 11:31:12,930] {processor.py:652} INFO - DAG(s) dict_keys(['latest_only']) retrieved from /usr/local/conda/lib/python3.7/site-packages/airflow/example_dags/example_latest_only.py
[2023-02-12 11:31:12,994] {logging_mixin.py:109} INFO - [2023-02-12 11:31:12,993] {dag.py:2398} INFO - Sync 1 DAGs
[2023-02-12 11:31:13,044] {logging_mixin.py:109} INFO - [2023-02-12 11:31:13,044] {dag.py:2937} INFO - Setting next_dagrun for latest_only to 2023-02-12T02:01:13.043087+00:00
[2023-02-12 11:31:13,505] {processor.py:171} INFO - Processing /usr/local/conda/lib/python3.7/site-packages/airflow/example_dags/example_latest_only.py took 1.029 seconds
[2023-02-12 11:32:03,140] {processor.py:163} INFO - Started process (PID=1442) to work on /usr/local/conda/lib/python3.7/site-packages/airflow/example_dags/example_latest_only.py
[2023-02-12 11:32:03,145] {processor.py:642} INFO - Processing file /usr/local/conda/lib/python3.7/site-packages/airflow/example_dags/example_latest_only.py for tasks to queue
[2023-02-12 11:32:03,147] {logging_mixin.py:109} INFO - [2023-02-12 11:32:03,147] {dagbag.py:500} INFO - Filling up the DagBag from /usr/local/conda/lib/python3.7/site-packages/airflow/example_dags/example_latest_only.py
[2023-02-12 11:32:03,183] {processor.py:652} INFO - DAG(s) dict_keys(['latest_only']) retrieved from /usr/local/conda/lib/python3.7/site-packages/airflow/example_dags/example_latest_only.py
[2023-02-12 11:32:03,225] {logging_mixin.py:109} INFO - [2023-02-12 11:32:03,225] {dag.py:2398} INFO - Sync 1 DAGs
[2023-02-12 11:32:03,259] {logging_mixin.py:109} INFO - [2023-02-12 11:32:03,259] {dag.py:2937} INFO - Setting next_dagrun for latest_only to 2023-02-12T02:02:03.258555+00:00
[2023-02-12 11:32:03,298] {processor.py:171} INFO - Processing /usr/local/conda/lib/python3.7/site-packages/airflow/example_dags/example_latest_only.py took 0.167 seconds
[2023-02-12 11:32:53,506] {processor.py:163} INFO - Started process (PID=1553) to work on /usr/local/conda/lib/python3.7/site-packages/airflow/example_dags/example_latest_only.py
[2023-02-12 11:32:53,520] {processor.py:642} INFO - Processing file /usr/local/conda/lib/python3.7/site-packages/airflow/example_dags/example_latest_only.py for tasks to queue
[2023-02-12 11:32:53,545] {logging_mixin.py:109} INFO - [2023-02-12 11:32:53,541] {dagbag.py:500} INFO - Filling up the DagBag from /usr/local/conda/lib/python3.7/site-packages/airflow/example_dags/example_latest_only.py
[2023-02-12 11:32:53,666] {processor.py:652} INFO - DAG(s) dict_keys(['latest_only']) retrieved from /usr/local/conda/lib/python3.7/site-packages/airflow/example_dags/example_latest_only.py
[2023-02-12 11:32:53,755] {logging_mixin.py:109} INFO - [2023-02-12 11:32:53,755] {dag.py:2398} INFO - Sync 1 DAGs
[2023-02-12 11:32:53,830] {logging_mixin.py:109} INFO - [2023-02-12 11:32:53,829] {dag.py:2937} INFO - Setting next_dagrun for latest_only to 2023-02-12T02:02:53.827795+00:00
[2023-02-12 11:32:53,915] {processor.py:171} INFO - Processing /usr/local/conda/lib/python3.7/site-packages/airflow/example_dags/example_latest_only.py took 0.435 seconds
[2023-02-12 11:33:39,762] {processor.py:163} INFO - Started process (PID=1598) to work on /usr/local/conda/lib/python3.7/site-packages/airflow/example_dags/example_latest_only.py
[2023-02-12 11:33:39,764] {processor.py:642} INFO - Processing file /usr/local/conda/lib/python3.7/site-packages/airflow/example_dags/example_latest_only.py for tasks to queue
[2023-02-12 11:33:39,766] {logging_mixin.py:109} INFO - [2023-02-12 11:33:39,766] {dagbag.py:500} INFO - Filling up the DagBag from /usr/local/conda/lib/python3.7/site-packages/airflow/example_dags/example_latest_only.py
[2023-02-12 11:33:39,812] {processor.py:652} INFO - DAG(s) dict_keys(['latest_only']) retrieved from /usr/local/conda/lib/python3.7/site-packages/airflow/example_dags/example_latest_only.py
[2023-02-12 11:33:39,850] {logging_mixin.py:109} INFO - [2023-02-12 11:33:39,850] {dag.py:2398} INFO - Sync 1 DAGs
[2023-02-12 11:33:39,892] {logging_mixin.py:109} INFO - [2023-02-12 11:33:39,892] {dag.py:2937} INFO - Setting next_dagrun for latest_only to 2023-02-12T02:03:39.891098+00:00
[2023-02-12 11:33:39,935] {processor.py:171} INFO - Processing /usr/local/conda/lib/python3.7/site-packages/airflow/example_dags/example_latest_only.py took 0.182 seconds
[2023-02-12 11:34:29,995] {processor.py:163} INFO - Started process (PID=1631) to work on /usr/local/conda/lib/python3.7/site-packages/airflow/example_dags/example_latest_only.py
[2023-02-12 11:34:30,001] {processor.py:642} INFO - Processing file /usr/local/conda/lib/python3.7/site-packages/airflow/example_dags/example_latest_only.py for tasks to queue
[2023-02-12 11:34:30,006] {logging_mixin.py:109} INFO - [2023-02-12 11:34:30,005] {dagbag.py:500} INFO - Filling up the DagBag from /usr/local/conda/lib/python3.7/site-packages/airflow/example_dags/example_latest_only.py
[2023-02-12 11:34:30,086] {processor.py:652} INFO - DAG(s) dict_keys(['latest_only']) retrieved from /usr/local/conda/lib/python3.7/site-packages/airflow/example_dags/example_latest_only.py
[2023-02-12 11:34:30,217] {logging_mixin.py:109} INFO - [2023-02-12 11:34:30,217] {dag.py:2398} INFO - Sync 1 DAGs
[2023-02-12 11:34:30,344] {logging_mixin.py:109} INFO - [2023-02-12 11:34:30,342] {dag.py:2937} INFO - Setting next_dagrun for latest_only to 2023-02-12T02:04:30.339416+00:00
[2023-02-12 11:34:30,415] {processor.py:171} INFO - Processing /usr/local/conda/lib/python3.7/site-packages/airflow/example_dags/example_latest_only.py took 0.438 seconds
[2023-02-12 11:36:00,521] {processor.py:163} INFO - Started process (PID=1662) to work on /usr/local/conda/lib/python3.7/site-packages/airflow/example_dags/example_latest_only.py
[2023-02-12 11:36:00,526] {processor.py:642} INFO - Processing file /usr/local/conda/lib/python3.7/site-packages/airflow/example_dags/example_latest_only.py for tasks to queue
[2023-02-12 11:36:00,531] {logging_mixin.py:109} INFO - [2023-02-12 11:36:00,530] {dagbag.py:500} INFO - Filling up the DagBag from /usr/local/conda/lib/python3.7/site-packages/airflow/example_dags/example_latest_only.py
[2023-02-12 11:36:00,582] {processor.py:652} INFO - DAG(s) dict_keys(['latest_only']) retrieved from /usr/local/conda/lib/python3.7/site-packages/airflow/example_dags/example_latest_only.py
[2023-02-12 11:36:00,627] {logging_mixin.py:109} INFO - [2023-02-12 11:36:00,626] {dag.py:2398} INFO - Sync 1 DAGs
[2023-02-12 11:36:00,676] {logging_mixin.py:109} INFO - [2023-02-12 11:36:00,675] {dag.py:2937} INFO - Setting next_dagrun for latest_only to 2023-02-12T02:06:00.674657+00:00
[2023-02-12 11:36:00,721] {processor.py:171} INFO - Processing /usr/local/conda/lib/python3.7/site-packages/airflow/example_dags/example_latest_only.py took 0.211 seconds
[2023-02-12 11:36:52,650] {processor.py:163} INFO - Started process (PID=1692) to work on /usr/local/conda/lib/python3.7/site-packages/airflow/example_dags/example_latest_only.py
[2023-02-12 11:36:52,658] {processor.py:642} INFO - Processing file /usr/local/conda/lib/python3.7/site-packages/airflow/example_dags/example_latest_only.py for tasks to queue
[2023-02-12 11:36:52,662] {logging_mixin.py:109} INFO - [2023-02-12 11:36:52,662] {dagbag.py:500} INFO - Filling up the DagBag from /usr/local/conda/lib/python3.7/site-packages/airflow/example_dags/example_latest_only.py
[2023-02-12 11:36:52,728] {processor.py:652} INFO - DAG(s) dict_keys(['latest_only']) retrieved from /usr/local/conda/lib/python3.7/site-packages/airflow/example_dags/example_latest_only.py
[2023-02-12 11:36:52,772] {logging_mixin.py:109} INFO - [2023-02-12 11:36:52,772] {dag.py:2398} INFO - Sync 1 DAGs
[2023-02-12 11:36:52,799] {logging_mixin.py:109} INFO - [2023-02-12 11:36:52,799] {dag.py:2937} INFO - Setting next_dagrun for latest_only to 2023-02-12T02:06:52.798986+00:00
[2023-02-12 11:36:53,285] {processor.py:171} INFO - Processing /usr/local/conda/lib/python3.7/site-packages/airflow/example_dags/example_latest_only.py took 0.646 seconds
[2023-02-12 11:37:56,443] {processor.py:163} INFO - Started process (PID=1726) to work on /usr/local/conda/lib/python3.7/site-packages/airflow/example_dags/example_latest_only.py
[2023-02-12 11:37:56,499] {processor.py:642} INFO - Processing file /usr/local/conda/lib/python3.7/site-packages/airflow/example_dags/example_latest_only.py for tasks to queue
[2023-02-12 11:37:56,503] {logging_mixin.py:109} INFO - [2023-02-12 11:37:56,502] {dagbag.py:500} INFO - Filling up the DagBag from /usr/local/conda/lib/python3.7/site-packages/airflow/example_dags/example_latest_only.py
[2023-02-12 11:37:56,575] {processor.py:652} INFO - DAG(s) dict_keys(['latest_only']) retrieved from /usr/local/conda/lib/python3.7/site-packages/airflow/example_dags/example_latest_only.py
[2023-02-12 11:37:56,643] {logging_mixin.py:109} INFO - [2023-02-12 11:37:56,642] {dag.py:2398} INFO - Sync 1 DAGs
[2023-02-12 11:37:56,714] {logging_mixin.py:109} INFO - [2023-02-12 11:37:56,713] {dag.py:2937} INFO - Setting next_dagrun for latest_only to 2023-02-12T02:07:56.712023+00:00
[2023-02-12 11:37:57,438] {processor.py:171} INFO - Processing /usr/local/conda/lib/python3.7/site-packages/airflow/example_dags/example_latest_only.py took 1.015 seconds
[2023-02-12 11:38:53,380] {processor.py:163} INFO - Started process (PID=1760) to work on /usr/local/conda/lib/python3.7/site-packages/airflow/example_dags/example_latest_only.py
[2023-02-12 11:38:53,395] {processor.py:642} INFO - Processing file /usr/local/conda/lib/python3.7/site-packages/airflow/example_dags/example_latest_only.py for tasks to queue
[2023-02-12 11:38:53,401] {logging_mixin.py:109} INFO - [2023-02-12 11:38:53,400] {dagbag.py:500} INFO - Filling up the DagBag from /usr/local/conda/lib/python3.7/site-packages/airflow/example_dags/example_latest_only.py
[2023-02-12 11:38:53,482] {processor.py:652} INFO - DAG(s) dict_keys(['latest_only']) retrieved from /usr/local/conda/lib/python3.7/site-packages/airflow/example_dags/example_latest_only.py
[2023-02-12 11:38:53,510] {logging_mixin.py:109} INFO - [2023-02-12 11:38:53,510] {dag.py:2398} INFO - Sync 1 DAGs
[2023-02-12 11:38:53,547] {logging_mixin.py:109} INFO - [2023-02-12 11:38:53,547] {dag.py:2937} INFO - Setting next_dagrun for latest_only to 2023-02-12T02:08:53.546285+00:00
[2023-02-12 11:38:54,276] {processor.py:171} INFO - Processing /usr/local/conda/lib/python3.7/site-packages/airflow/example_dags/example_latest_only.py took 0.913 seconds
[2023-02-12 11:39:55,062] {processor.py:163} INFO - Started process (PID=1798) to work on /usr/local/conda/lib/python3.7/site-packages/airflow/example_dags/example_latest_only.py
[2023-02-12 11:39:55,067] {processor.py:642} INFO - Processing file /usr/local/conda/lib/python3.7/site-packages/airflow/example_dags/example_latest_only.py for tasks to queue
[2023-02-12 11:39:55,070] {logging_mixin.py:109} INFO - [2023-02-12 11:39:55,070] {dagbag.py:500} INFO - Filling up the DagBag from /usr/local/conda/lib/python3.7/site-packages/airflow/example_dags/example_latest_only.py
[2023-02-12 11:39:55,098] {processor.py:652} INFO - DAG(s) dict_keys(['latest_only']) retrieved from /usr/local/conda/lib/python3.7/site-packages/airflow/example_dags/example_latest_only.py
[2023-02-12 11:39:55,124] {logging_mixin.py:109} INFO - [2023-02-12 11:39:55,124] {dag.py:2398} INFO - Sync 1 DAGs
[2023-02-12 11:39:55,153] {logging_mixin.py:109} INFO - [2023-02-12 11:39:55,153] {dag.py:2937} INFO - Setting next_dagrun for latest_only to 2023-02-12T02:09:55.152565+00:00
[2023-02-12 11:39:55,762] {processor.py:171} INFO - Processing /usr/local/conda/lib/python3.7/site-packages/airflow/example_dags/example_latest_only.py took 0.706 seconds
[2023-02-12 11:40:45,726] {processor.py:163} INFO - Started process (PID=1829) to work on /usr/local/conda/lib/python3.7/site-packages/airflow/example_dags/example_latest_only.py
[2023-02-12 11:40:45,736] {processor.py:642} INFO - Processing file /usr/local/conda/lib/python3.7/site-packages/airflow/example_dags/example_latest_only.py for tasks to queue
[2023-02-12 11:40:45,738] {logging_mixin.py:109} INFO - [2023-02-12 11:40:45,738] {dagbag.py:500} INFO - Filling up the DagBag from /usr/local/conda/lib/python3.7/site-packages/airflow/example_dags/example_latest_only.py
[2023-02-12 11:40:45,760] {processor.py:652} INFO - DAG(s) dict_keys(['latest_only']) retrieved from /usr/local/conda/lib/python3.7/site-packages/airflow/example_dags/example_latest_only.py
[2023-02-12 11:40:45,778] {logging_mixin.py:109} INFO - [2023-02-12 11:40:45,778] {dag.py:2398} INFO - Sync 1 DAGs
[2023-02-12 11:40:45,796] {logging_mixin.py:109} INFO - [2023-02-12 11:40:45,796] {dag.py:2937} INFO - Setting next_dagrun for latest_only to 2023-02-12T02:10:45.795931+00:00
[2023-02-12 11:40:45,897] {processor.py:171} INFO - Processing /usr/local/conda/lib/python3.7/site-packages/airflow/example_dags/example_latest_only.py took 0.176 seconds
[2023-02-12 11:41:28,186] {processor.py:163} INFO - Started process (PID=1860) to work on /usr/local/conda/lib/python3.7/site-packages/airflow/example_dags/example_latest_only.py
[2023-02-12 11:41:28,194] {processor.py:642} INFO - Processing file /usr/local/conda/lib/python3.7/site-packages/airflow/example_dags/example_latest_only.py for tasks to queue
[2023-02-12 11:41:28,195] {logging_mixin.py:109} INFO - [2023-02-12 11:41:28,195] {dagbag.py:500} INFO - Filling up the DagBag from /usr/local/conda/lib/python3.7/site-packages/airflow/example_dags/example_latest_only.py
[2023-02-12 11:41:28,226] {processor.py:652} INFO - DAG(s) dict_keys(['latest_only']) retrieved from /usr/local/conda/lib/python3.7/site-packages/airflow/example_dags/example_latest_only.py
[2023-02-12 11:41:28,249] {logging_mixin.py:109} INFO - [2023-02-12 11:41:28,249] {dag.py:2398} INFO - Sync 1 DAGs
[2023-02-12 11:41:28,270] {logging_mixin.py:109} INFO - [2023-02-12 11:41:28,270] {dag.py:2937} INFO - Setting next_dagrun for latest_only to 2023-02-12T02:11:28.269601+00:00
[2023-02-12 11:41:28,328] {processor.py:171} INFO - Processing /usr/local/conda/lib/python3.7/site-packages/airflow/example_dags/example_latest_only.py took 0.147 seconds
[2023-02-12 11:42:07,991] {processor.py:163} INFO - Started process (PID=1891) to work on /usr/local/conda/lib/python3.7/site-packages/airflow/example_dags/example_latest_only.py
[2023-02-12 11:42:07,995] {processor.py:642} INFO - Processing file /usr/local/conda/lib/python3.7/site-packages/airflow/example_dags/example_latest_only.py for tasks to queue
[2023-02-12 11:42:07,998] {logging_mixin.py:109} INFO - [2023-02-12 11:42:07,998] {dagbag.py:500} INFO - Filling up the DagBag from /usr/local/conda/lib/python3.7/site-packages/airflow/example_dags/example_latest_only.py
[2023-02-12 11:42:08,034] {processor.py:652} INFO - DAG(s) dict_keys(['latest_only']) retrieved from /usr/local/conda/lib/python3.7/site-packages/airflow/example_dags/example_latest_only.py
[2023-02-12 11:42:08,065] {logging_mixin.py:109} INFO - [2023-02-12 11:42:08,065] {dag.py:2398} INFO - Sync 1 DAGs
[2023-02-12 11:42:08,096] {logging_mixin.py:109} INFO - [2023-02-12 11:42:08,096] {dag.py:2937} INFO - Setting next_dagrun for latest_only to 2023-02-12T02:12:08.095779+00:00
[2023-02-12 11:42:08,144] {processor.py:171} INFO - Processing /usr/local/conda/lib/python3.7/site-packages/airflow/example_dags/example_latest_only.py took 0.159 seconds
[2023-02-12 11:42:54,429] {processor.py:163} INFO - Started process (PID=1925) to work on /usr/local/conda/lib/python3.7/site-packages/airflow/example_dags/example_latest_only.py
[2023-02-12 11:42:54,433] {processor.py:642} INFO - Processing file /usr/local/conda/lib/python3.7/site-packages/airflow/example_dags/example_latest_only.py for tasks to queue
[2023-02-12 11:42:54,435] {logging_mixin.py:109} INFO - [2023-02-12 11:42:54,435] {dagbag.py:500} INFO - Filling up the DagBag from /usr/local/conda/lib/python3.7/site-packages/airflow/example_dags/example_latest_only.py
[2023-02-12 11:42:54,468] {processor.py:652} INFO - DAG(s) dict_keys(['latest_only']) retrieved from /usr/local/conda/lib/python3.7/site-packages/airflow/example_dags/example_latest_only.py
[2023-02-12 11:42:54,499] {logging_mixin.py:109} INFO - [2023-02-12 11:42:54,499] {dag.py:2398} INFO - Sync 1 DAGs
[2023-02-12 11:42:54,534] {logging_mixin.py:109} INFO - [2023-02-12 11:42:54,534] {dag.py:2937} INFO - Setting next_dagrun for latest_only to 2023-02-12T02:12:54.533453+00:00
[2023-02-12 11:42:54,572] {processor.py:171} INFO - Processing /usr/local/conda/lib/python3.7/site-packages/airflow/example_dags/example_latest_only.py took 0.157 seconds
[2023-02-12 11:43:34,889] {processor.py:163} INFO - Started process (PID=1955) to work on /usr/local/conda/lib/python3.7/site-packages/airflow/example_dags/example_latest_only.py
[2023-02-12 11:43:34,897] {processor.py:642} INFO - Processing file /usr/local/conda/lib/python3.7/site-packages/airflow/example_dags/example_latest_only.py for tasks to queue
[2023-02-12 11:43:34,904] {logging_mixin.py:109} INFO - [2023-02-12 11:43:34,903] {dagbag.py:500} INFO - Filling up the DagBag from /usr/local/conda/lib/python3.7/site-packages/airflow/example_dags/example_latest_only.py
[2023-02-12 11:43:34,973] {processor.py:652} INFO - DAG(s) dict_keys(['latest_only']) retrieved from /usr/local/conda/lib/python3.7/site-packages/airflow/example_dags/example_latest_only.py
[2023-02-12 11:43:35,021] {logging_mixin.py:109} INFO - [2023-02-12 11:43:35,021] {dag.py:2398} INFO - Sync 1 DAGs
[2023-02-12 11:43:35,072] {logging_mixin.py:109} INFO - [2023-02-12 11:43:35,071] {dag.py:2937} INFO - Setting next_dagrun for latest_only to 2023-02-12T02:13:35.071026+00:00
[2023-02-12 11:43:35,191] {processor.py:171} INFO - Processing /usr/local/conda/lib/python3.7/site-packages/airflow/example_dags/example_latest_only.py took 0.327 seconds
[2023-02-12 11:44:25,862] {processor.py:163} INFO - Started process (PID=1990) to work on /usr/local/conda/lib/python3.7/site-packages/airflow/example_dags/example_latest_only.py
[2023-02-12 11:44:25,868] {processor.py:642} INFO - Processing file /usr/local/conda/lib/python3.7/site-packages/airflow/example_dags/example_latest_only.py for tasks to queue
[2023-02-12 11:44:25,871] {logging_mixin.py:109} INFO - [2023-02-12 11:44:25,871] {dagbag.py:500} INFO - Filling up the DagBag from /usr/local/conda/lib/python3.7/site-packages/airflow/example_dags/example_latest_only.py
[2023-02-12 11:44:25,951] {processor.py:652} INFO - DAG(s) dict_keys(['latest_only']) retrieved from /usr/local/conda/lib/python3.7/site-packages/airflow/example_dags/example_latest_only.py
[2023-02-12 11:44:26,034] {logging_mixin.py:109} INFO - [2023-02-12 11:44:26,034] {dag.py:2398} INFO - Sync 1 DAGs
[2023-02-12 11:44:26,123] {logging_mixin.py:109} INFO - [2023-02-12 11:44:26,123] {dag.py:2937} INFO - Setting next_dagrun for latest_only to 2023-02-12T02:14:26.122919+00:00
[2023-02-12 11:44:26,189] {processor.py:171} INFO - Processing /usr/local/conda/lib/python3.7/site-packages/airflow/example_dags/example_latest_only.py took 0.346 seconds
[2023-02-12 11:45:19,086] {processor.py:163} INFO - Started process (PID=2027) to work on /usr/local/conda/lib/python3.7/site-packages/airflow/example_dags/example_latest_only.py
[2023-02-12 11:45:19,096] {processor.py:642} INFO - Processing file /usr/local/conda/lib/python3.7/site-packages/airflow/example_dags/example_latest_only.py for tasks to queue
[2023-02-12 11:45:19,098] {logging_mixin.py:109} INFO - [2023-02-12 11:45:19,098] {dagbag.py:500} INFO - Filling up the DagBag from /usr/local/conda/lib/python3.7/site-packages/airflow/example_dags/example_latest_only.py
[2023-02-12 11:45:19,160] {processor.py:652} INFO - DAG(s) dict_keys(['latest_only']) retrieved from /usr/local/conda/lib/python3.7/site-packages/airflow/example_dags/example_latest_only.py
[2023-02-12 11:45:19,260] {logging_mixin.py:109} INFO - [2023-02-12 11:45:19,259] {dag.py:2398} INFO - Sync 1 DAGs
[2023-02-12 11:45:19,331] {logging_mixin.py:109} INFO - [2023-02-12 11:45:19,331] {dag.py:2937} INFO - Setting next_dagrun for latest_only to 2023-02-12T02:15:19.330636+00:00
[2023-02-12 11:45:19,418] {processor.py:171} INFO - Processing /usr/local/conda/lib/python3.7/site-packages/airflow/example_dags/example_latest_only.py took 0.338 seconds
[2023-02-12 11:46:00,458] {processor.py:163} INFO - Started process (PID=2055) to work on /usr/local/conda/lib/python3.7/site-packages/airflow/example_dags/example_latest_only.py
[2023-02-12 11:46:00,462] {processor.py:642} INFO - Processing file /usr/local/conda/lib/python3.7/site-packages/airflow/example_dags/example_latest_only.py for tasks to queue
[2023-02-12 11:46:00,465] {logging_mixin.py:109} INFO - [2023-02-12 11:46:00,464] {dagbag.py:500} INFO - Filling up the DagBag from /usr/local/conda/lib/python3.7/site-packages/airflow/example_dags/example_latest_only.py
[2023-02-12 11:46:00,539] {processor.py:652} INFO - DAG(s) dict_keys(['latest_only']) retrieved from /usr/local/conda/lib/python3.7/site-packages/airflow/example_dags/example_latest_only.py
[2023-02-12 11:46:00,581] {logging_mixin.py:109} INFO - [2023-02-12 11:46:00,581] {dag.py:2398} INFO - Sync 1 DAGs
[2023-02-12 11:46:00,619] {logging_mixin.py:109} INFO - [2023-02-12 11:46:00,619] {dag.py:2937} INFO - Setting next_dagrun for latest_only to 2023-02-12T02:16:00.618311+00:00
[2023-02-12 11:46:00,651] {processor.py:171} INFO - Processing /usr/local/conda/lib/python3.7/site-packages/airflow/example_dags/example_latest_only.py took 0.210 seconds
[2023-02-12 11:46:41,310] {processor.py:163} INFO - Started process (PID=2083) to work on /usr/local/conda/lib/python3.7/site-packages/airflow/example_dags/example_latest_only.py
[2023-02-12 11:46:41,323] {processor.py:642} INFO - Processing file /usr/local/conda/lib/python3.7/site-packages/airflow/example_dags/example_latest_only.py for tasks to queue
[2023-02-12 11:46:41,330] {logging_mixin.py:109} INFO - [2023-02-12 11:46:41,329] {dagbag.py:500} INFO - Filling up the DagBag from /usr/local/conda/lib/python3.7/site-packages/airflow/example_dags/example_latest_only.py
[2023-02-12 11:46:41,404] {processor.py:652} INFO - DAG(s) dict_keys(['latest_only']) retrieved from /usr/local/conda/lib/python3.7/site-packages/airflow/example_dags/example_latest_only.py
[2023-02-12 11:46:41,471] {logging_mixin.py:109} INFO - [2023-02-12 11:46:41,470] {dag.py:2398} INFO - Sync 1 DAGs
[2023-02-12 11:46:41,564] {logging_mixin.py:109} INFO - [2023-02-12 11:46:41,563] {dag.py:2937} INFO - Setting next_dagrun for latest_only to 2023-02-12T02:16:41.563105+00:00
[2023-02-12 11:46:41,620] {processor.py:171} INFO - Processing /usr/local/conda/lib/python3.7/site-packages/airflow/example_dags/example_latest_only.py took 0.318 seconds
[2023-02-12 11:47:16,524] {processor.py:163} INFO - Started process (PID=2107) to work on /usr/local/conda/lib/python3.7/site-packages/airflow/example_dags/example_latest_only.py
[2023-02-12 11:47:16,530] {processor.py:642} INFO - Processing file /usr/local/conda/lib/python3.7/site-packages/airflow/example_dags/example_latest_only.py for tasks to queue
[2023-02-12 11:47:16,532] {logging_mixin.py:109} INFO - [2023-02-12 11:47:16,532] {dagbag.py:500} INFO - Filling up the DagBag from /usr/local/conda/lib/python3.7/site-packages/airflow/example_dags/example_latest_only.py
[2023-02-12 11:47:16,587] {processor.py:652} INFO - DAG(s) dict_keys(['latest_only']) retrieved from /usr/local/conda/lib/python3.7/site-packages/airflow/example_dags/example_latest_only.py
[2023-02-12 11:47:16,670] {logging_mixin.py:109} INFO - [2023-02-12 11:47:16,669] {dag.py:2398} INFO - Sync 1 DAGs
[2023-02-12 11:47:16,735] {logging_mixin.py:109} INFO - [2023-02-12 11:47:16,735] {dag.py:2937} INFO - Setting next_dagrun for latest_only to 2023-02-12T02:17:16.734294+00:00
[2023-02-12 11:47:16,816] {processor.py:171} INFO - Processing /usr/local/conda/lib/python3.7/site-packages/airflow/example_dags/example_latest_only.py took 0.299 seconds
[2023-02-12 11:48:01,270] {processor.py:163} INFO - Started process (PID=2142) to work on /usr/local/conda/lib/python3.7/site-packages/airflow/example_dags/example_latest_only.py
[2023-02-12 11:48:01,274] {processor.py:642} INFO - Processing file /usr/local/conda/lib/python3.7/site-packages/airflow/example_dags/example_latest_only.py for tasks to queue
[2023-02-12 11:48:01,276] {logging_mixin.py:109} INFO - [2023-02-12 11:48:01,275] {dagbag.py:500} INFO - Filling up the DagBag from /usr/local/conda/lib/python3.7/site-packages/airflow/example_dags/example_latest_only.py
[2023-02-12 11:48:01,305] {processor.py:652} INFO - DAG(s) dict_keys(['latest_only']) retrieved from /usr/local/conda/lib/python3.7/site-packages/airflow/example_dags/example_latest_only.py
[2023-02-12 11:48:01,330] {logging_mixin.py:109} INFO - [2023-02-12 11:48:01,330] {dag.py:2398} INFO - Sync 1 DAGs
[2023-02-12 11:48:01,366] {logging_mixin.py:109} INFO - [2023-02-12 11:48:01,366] {dag.py:2937} INFO - Setting next_dagrun for latest_only to 2023-02-12T02:18:01.365676+00:00
[2023-02-12 11:48:01,408] {processor.py:171} INFO - Processing /usr/local/conda/lib/python3.7/site-packages/airflow/example_dags/example_latest_only.py took 0.143 seconds
[2023-02-12 11:48:37,922] {processor.py:163} INFO - Started process (PID=2172) to work on /usr/local/conda/lib/python3.7/site-packages/airflow/example_dags/example_latest_only.py
[2023-02-12 11:48:37,925] {processor.py:642} INFO - Processing file /usr/local/conda/lib/python3.7/site-packages/airflow/example_dags/example_latest_only.py for tasks to queue
[2023-02-12 11:48:37,927] {logging_mixin.py:109} INFO - [2023-02-12 11:48:37,926] {dagbag.py:500} INFO - Filling up the DagBag from /usr/local/conda/lib/python3.7/site-packages/airflow/example_dags/example_latest_only.py
[2023-02-12 11:48:37,957] {processor.py:652} INFO - DAG(s) dict_keys(['latest_only']) retrieved from /usr/local/conda/lib/python3.7/site-packages/airflow/example_dags/example_latest_only.py
[2023-02-12 11:48:37,989] {logging_mixin.py:109} INFO - [2023-02-12 11:48:37,989] {dag.py:2398} INFO - Sync 1 DAGs
[2023-02-12 11:48:38,019] {logging_mixin.py:109} INFO - [2023-02-12 11:48:38,019] {dag.py:2937} INFO - Setting next_dagrun for latest_only to 2023-02-12T02:18:38.018502+00:00
[2023-02-12 11:48:38,057] {processor.py:171} INFO - Processing /usr/local/conda/lib/python3.7/site-packages/airflow/example_dags/example_latest_only.py took 0.142 seconds
[2023-02-12 11:49:14,053] {processor.py:163} INFO - Started process (PID=2200) to work on /usr/local/conda/lib/python3.7/site-packages/airflow/example_dags/example_latest_only.py
[2023-02-12 11:49:14,073] {processor.py:642} INFO - Processing file /usr/local/conda/lib/python3.7/site-packages/airflow/example_dags/example_latest_only.py for tasks to queue
[2023-02-12 11:49:14,082] {logging_mixin.py:109} INFO - [2023-02-12 11:49:14,081] {dagbag.py:500} INFO - Filling up the DagBag from /usr/local/conda/lib/python3.7/site-packages/airflow/example_dags/example_latest_only.py
[2023-02-12 11:49:14,137] {processor.py:652} INFO - DAG(s) dict_keys(['latest_only']) retrieved from /usr/local/conda/lib/python3.7/site-packages/airflow/example_dags/example_latest_only.py
[2023-02-12 11:49:14,191] {logging_mixin.py:109} INFO - [2023-02-12 11:49:14,190] {dag.py:2398} INFO - Sync 1 DAGs
[2023-02-12 11:49:14,236] {logging_mixin.py:109} INFO - [2023-02-12 11:49:14,235] {dag.py:2937} INFO - Setting next_dagrun for latest_only to 2023-02-12T02:19:14.234955+00:00
[2023-02-12 11:49:14,308] {processor.py:171} INFO - Processing /usr/local/conda/lib/python3.7/site-packages/airflow/example_dags/example_latest_only.py took 0.268 seconds
[2023-02-12 11:49:59,207] {processor.py:163} INFO - Started process (PID=2235) to work on /usr/local/conda/lib/python3.7/site-packages/airflow/example_dags/example_latest_only.py
[2023-02-12 11:49:59,210] {processor.py:642} INFO - Processing file /usr/local/conda/lib/python3.7/site-packages/airflow/example_dags/example_latest_only.py for tasks to queue
[2023-02-12 11:49:59,212] {logging_mixin.py:109} INFO - [2023-02-12 11:49:59,212] {dagbag.py:500} INFO - Filling up the DagBag from /usr/local/conda/lib/python3.7/site-packages/airflow/example_dags/example_latest_only.py
[2023-02-12 11:49:59,250] {processor.py:652} INFO - DAG(s) dict_keys(['latest_only']) retrieved from /usr/local/conda/lib/python3.7/site-packages/airflow/example_dags/example_latest_only.py
[2023-02-12 11:49:59,284] {logging_mixin.py:109} INFO - [2023-02-12 11:49:59,284] {dag.py:2398} INFO - Sync 1 DAGs
[2023-02-12 11:49:59,320] {logging_mixin.py:109} INFO - [2023-02-12 11:49:59,320] {dag.py:2937} INFO - Setting next_dagrun for latest_only to 2023-02-12T02:19:59.319682+00:00
[2023-02-12 11:49:59,358] {processor.py:171} INFO - Processing /usr/local/conda/lib/python3.7/site-packages/airflow/example_dags/example_latest_only.py took 0.157 seconds
[2023-02-12 11:50:35,962] {processor.py:163} INFO - Started process (PID=2268) to work on /usr/local/conda/lib/python3.7/site-packages/airflow/example_dags/example_latest_only.py
[2023-02-12 11:50:35,968] {processor.py:642} INFO - Processing file /usr/local/conda/lib/python3.7/site-packages/airflow/example_dags/example_latest_only.py for tasks to queue
[2023-02-12 11:50:35,974] {logging_mixin.py:109} INFO - [2023-02-12 11:50:35,974] {dagbag.py:500} INFO - Filling up the DagBag from /usr/local/conda/lib/python3.7/site-packages/airflow/example_dags/example_latest_only.py
[2023-02-12 11:50:36,007] {processor.py:652} INFO - DAG(s) dict_keys(['latest_only']) retrieved from /usr/local/conda/lib/python3.7/site-packages/airflow/example_dags/example_latest_only.py
[2023-02-12 11:50:36,037] {logging_mixin.py:109} INFO - [2023-02-12 11:50:36,037] {dag.py:2398} INFO - Sync 1 DAGs
[2023-02-12 11:50:36,067] {logging_mixin.py:109} INFO - [2023-02-12 11:50:36,067] {dag.py:2937} INFO - Setting next_dagrun for latest_only to 2023-02-12T02:20:36.066362+00:00
[2023-02-12 11:50:36,107] {processor.py:171} INFO - Processing /usr/local/conda/lib/python3.7/site-packages/airflow/example_dags/example_latest_only.py took 0.151 seconds
[2023-02-12 11:51:11,265] {processor.py:163} INFO - Started process (PID=2295) to work on /usr/local/conda/lib/python3.7/site-packages/airflow/example_dags/example_latest_only.py
[2023-02-12 11:51:11,269] {processor.py:642} INFO - Processing file /usr/local/conda/lib/python3.7/site-packages/airflow/example_dags/example_latest_only.py for tasks to queue
[2023-02-12 11:51:11,271] {logging_mixin.py:109} INFO - [2023-02-12 11:51:11,271] {dagbag.py:500} INFO - Filling up the DagBag from /usr/local/conda/lib/python3.7/site-packages/airflow/example_dags/example_latest_only.py
[2023-02-12 11:51:11,302] {processor.py:652} INFO - DAG(s) dict_keys(['latest_only']) retrieved from /usr/local/conda/lib/python3.7/site-packages/airflow/example_dags/example_latest_only.py
[2023-02-12 11:51:11,332] {logging_mixin.py:109} INFO - [2023-02-12 11:51:11,331] {dag.py:2398} INFO - Sync 1 DAGs
[2023-02-12 11:51:11,362] {logging_mixin.py:109} INFO - [2023-02-12 11:51:11,361] {dag.py:2937} INFO - Setting next_dagrun for latest_only to 2023-02-12T02:21:11.361105+00:00
[2023-02-12 11:51:11,393] {processor.py:171} INFO - Processing /usr/local/conda/lib/python3.7/site-packages/airflow/example_dags/example_latest_only.py took 0.136 seconds
[2023-02-12 11:51:50,188] {processor.py:163} INFO - Started process (PID=2329) to work on /usr/local/conda/lib/python3.7/site-packages/airflow/example_dags/example_latest_only.py
[2023-02-12 11:51:50,192] {processor.py:642} INFO - Processing file /usr/local/conda/lib/python3.7/site-packages/airflow/example_dags/example_latest_only.py for tasks to queue
[2023-02-12 11:51:50,195] {logging_mixin.py:109} INFO - [2023-02-12 11:51:50,195] {dagbag.py:500} INFO - Filling up the DagBag from /usr/local/conda/lib/python3.7/site-packages/airflow/example_dags/example_latest_only.py
[2023-02-12 11:51:50,224] {processor.py:652} INFO - DAG(s) dict_keys(['latest_only']) retrieved from /usr/local/conda/lib/python3.7/site-packages/airflow/example_dags/example_latest_only.py
[2023-02-12 11:51:50,252] {logging_mixin.py:109} INFO - [2023-02-12 11:51:50,251] {dag.py:2398} INFO - Sync 1 DAGs
[2023-02-12 11:51:50,280] {logging_mixin.py:109} INFO - [2023-02-12 11:51:50,280] {dag.py:2937} INFO - Setting next_dagrun for latest_only to 2023-02-12T02:21:50.280128+00:00
[2023-02-12 11:51:50,318] {processor.py:171} INFO - Processing /usr/local/conda/lib/python3.7/site-packages/airflow/example_dags/example_latest_only.py took 0.137 seconds
[2023-02-12 11:52:26,163] {processor.py:163} INFO - Started process (PID=2358) to work on /usr/local/conda/lib/python3.7/site-packages/airflow/example_dags/example_latest_only.py
[2023-02-12 11:52:26,167] {processor.py:642} INFO - Processing file /usr/local/conda/lib/python3.7/site-packages/airflow/example_dags/example_latest_only.py for tasks to queue
[2023-02-12 11:52:26,169] {logging_mixin.py:109} INFO - [2023-02-12 11:52:26,169] {dagbag.py:500} INFO - Filling up the DagBag from /usr/local/conda/lib/python3.7/site-packages/airflow/example_dags/example_latest_only.py
[2023-02-12 11:52:26,201] {processor.py:652} INFO - DAG(s) dict_keys(['latest_only']) retrieved from /usr/local/conda/lib/python3.7/site-packages/airflow/example_dags/example_latest_only.py
[2023-02-12 11:52:26,229] {logging_mixin.py:109} INFO - [2023-02-12 11:52:26,229] {dag.py:2398} INFO - Sync 1 DAGs
[2023-02-12 11:52:26,258] {logging_mixin.py:109} INFO - [2023-02-12 11:52:26,258] {dag.py:2937} INFO - Setting next_dagrun for latest_only to 2023-02-12T02:22:26.257598+00:00
[2023-02-12 11:52:26,297] {processor.py:171} INFO - Processing /usr/local/conda/lib/python3.7/site-packages/airflow/example_dags/example_latest_only.py took 0.140 seconds
[2023-02-12 11:53:01,860] {processor.py:163} INFO - Started process (PID=2391) to work on /usr/local/conda/lib/python3.7/site-packages/airflow/example_dags/example_latest_only.py
[2023-02-12 11:53:01,862] {processor.py:642} INFO - Processing file /usr/local/conda/lib/python3.7/site-packages/airflow/example_dags/example_latest_only.py for tasks to queue
[2023-02-12 11:53:01,863] {logging_mixin.py:109} INFO - [2023-02-12 11:53:01,863] {dagbag.py:500} INFO - Filling up the DagBag from /usr/local/conda/lib/python3.7/site-packages/airflow/example_dags/example_latest_only.py
[2023-02-12 11:53:01,881] {processor.py:652} INFO - DAG(s) dict_keys(['latest_only']) retrieved from /usr/local/conda/lib/python3.7/site-packages/airflow/example_dags/example_latest_only.py
[2023-02-12 11:53:01,902] {logging_mixin.py:109} INFO - [2023-02-12 11:53:01,902] {dag.py:2398} INFO - Sync 1 DAGs
[2023-02-12 11:53:01,920] {logging_mixin.py:109} INFO - [2023-02-12 11:53:01,920] {dag.py:2937} INFO - Setting next_dagrun for latest_only to 2023-02-12T02:23:01.919816+00:00
[2023-02-12 11:53:01,940] {processor.py:171} INFO - Processing /usr/local/conda/lib/python3.7/site-packages/airflow/example_dags/example_latest_only.py took 0.085 seconds
[2023-02-12 11:53:37,243] {processor.py:163} INFO - Started process (PID=2423) to work on /usr/local/conda/lib/python3.7/site-packages/airflow/example_dags/example_latest_only.py
[2023-02-12 11:53:37,280] {processor.py:642} INFO - Processing file /usr/local/conda/lib/python3.7/site-packages/airflow/example_dags/example_latest_only.py for tasks to queue
[2023-02-12 11:53:37,306] {logging_mixin.py:109} INFO - [2023-02-12 11:53:37,305] {dagbag.py:500} INFO - Filling up the DagBag from /usr/local/conda/lib/python3.7/site-packages/airflow/example_dags/example_latest_only.py
[2023-02-12 11:53:37,396] {processor.py:652} INFO - DAG(s) dict_keys(['latest_only']) retrieved from /usr/local/conda/lib/python3.7/site-packages/airflow/example_dags/example_latest_only.py
[2023-02-12 11:53:37,481] {logging_mixin.py:109} INFO - [2023-02-12 11:53:37,481] {dag.py:2398} INFO - Sync 1 DAGs
[2023-02-12 11:53:37,560] {logging_mixin.py:109} INFO - [2023-02-12 11:53:37,560] {dag.py:2937} INFO - Setting next_dagrun for latest_only to 2023-02-12T02:23:37.558831+00:00
[2023-02-12 11:53:37,675] {processor.py:171} INFO - Processing /usr/local/conda/lib/python3.7/site-packages/airflow/example_dags/example_latest_only.py took 0.479 seconds
[2023-02-12 11:54:14,364] {processor.py:163} INFO - Started process (PID=2453) to work on /usr/local/conda/lib/python3.7/site-packages/airflow/example_dags/example_latest_only.py
[2023-02-12 11:54:14,365] {processor.py:642} INFO - Processing file /usr/local/conda/lib/python3.7/site-packages/airflow/example_dags/example_latest_only.py for tasks to queue
[2023-02-12 11:54:14,368] {logging_mixin.py:109} INFO - [2023-02-12 11:54:14,367] {dagbag.py:500} INFO - Filling up the DagBag from /usr/local/conda/lib/python3.7/site-packages/airflow/example_dags/example_latest_only.py
[2023-02-12 11:54:14,387] {processor.py:652} INFO - DAG(s) dict_keys(['latest_only']) retrieved from /usr/local/conda/lib/python3.7/site-packages/airflow/example_dags/example_latest_only.py
[2023-02-12 11:54:14,407] {logging_mixin.py:109} INFO - [2023-02-12 11:54:14,407] {dag.py:2398} INFO - Sync 1 DAGs
[2023-02-12 11:54:14,427] {logging_mixin.py:109} INFO - [2023-02-12 11:54:14,427] {dag.py:2937} INFO - Setting next_dagrun for latest_only to 2023-02-12T02:24:14.426524+00:00
[2023-02-12 11:54:14,451] {processor.py:171} INFO - Processing /usr/local/conda/lib/python3.7/site-packages/airflow/example_dags/example_latest_only.py took 0.092 seconds
[2023-02-12 11:54:47,368] {processor.py:163} INFO - Started process (PID=2484) to work on /usr/local/conda/lib/python3.7/site-packages/airflow/example_dags/example_latest_only.py
[2023-02-12 11:54:47,372] {processor.py:642} INFO - Processing file /usr/local/conda/lib/python3.7/site-packages/airflow/example_dags/example_latest_only.py for tasks to queue
[2023-02-12 11:54:47,374] {logging_mixin.py:109} INFO - [2023-02-12 11:54:47,374] {dagbag.py:500} INFO - Filling up the DagBag from /usr/local/conda/lib/python3.7/site-packages/airflow/example_dags/example_latest_only.py
[2023-02-12 11:54:47,406] {processor.py:652} INFO - DAG(s) dict_keys(['latest_only']) retrieved from /usr/local/conda/lib/python3.7/site-packages/airflow/example_dags/example_latest_only.py
[2023-02-12 11:54:47,437] {logging_mixin.py:109} INFO - [2023-02-12 11:54:47,437] {dag.py:2398} INFO - Sync 1 DAGs
[2023-02-12 11:54:47,472] {logging_mixin.py:109} INFO - [2023-02-12 11:54:47,472] {dag.py:2937} INFO - Setting next_dagrun for latest_only to 2023-02-12T02:24:47.471804+00:00
[2023-02-12 11:54:47,507] {processor.py:171} INFO - Processing /usr/local/conda/lib/python3.7/site-packages/airflow/example_dags/example_latest_only.py took 0.146 seconds
[2023-02-12 11:55:21,828] {processor.py:163} INFO - Started process (PID=2513) to work on /usr/local/conda/lib/python3.7/site-packages/airflow/example_dags/example_latest_only.py
[2023-02-12 11:55:21,833] {processor.py:642} INFO - Processing file /usr/local/conda/lib/python3.7/site-packages/airflow/example_dags/example_latest_only.py for tasks to queue
[2023-02-12 11:55:21,838] {logging_mixin.py:109} INFO - [2023-02-12 11:55:21,837] {dagbag.py:500} INFO - Filling up the DagBag from /usr/local/conda/lib/python3.7/site-packages/airflow/example_dags/example_latest_only.py
[2023-02-12 11:55:21,881] {processor.py:652} INFO - DAG(s) dict_keys(['latest_only']) retrieved from /usr/local/conda/lib/python3.7/site-packages/airflow/example_dags/example_latest_only.py
[2023-02-12 11:55:21,912] {logging_mixin.py:109} INFO - [2023-02-12 11:55:21,912] {dag.py:2398} INFO - Sync 1 DAGs
[2023-02-12 11:55:21,941] {logging_mixin.py:109} INFO - [2023-02-12 11:55:21,941] {dag.py:2937} INFO - Setting next_dagrun for latest_only to 2023-02-12T02:25:21.940536+00:00
[2023-02-12 11:55:21,974] {processor.py:171} INFO - Processing /usr/local/conda/lib/python3.7/site-packages/airflow/example_dags/example_latest_only.py took 0.153 seconds
[2023-02-12 11:55:57,567] {processor.py:163} INFO - Started process (PID=2544) to work on /usr/local/conda/lib/python3.7/site-packages/airflow/example_dags/example_latest_only.py
[2023-02-12 11:55:57,570] {processor.py:642} INFO - Processing file /usr/local/conda/lib/python3.7/site-packages/airflow/example_dags/example_latest_only.py for tasks to queue
[2023-02-12 11:55:57,572] {logging_mixin.py:109} INFO - [2023-02-12 11:55:57,572] {dagbag.py:500} INFO - Filling up the DagBag from /usr/local/conda/lib/python3.7/site-packages/airflow/example_dags/example_latest_only.py
[2023-02-12 11:55:57,617] {processor.py:652} INFO - DAG(s) dict_keys(['latest_only']) retrieved from /usr/local/conda/lib/python3.7/site-packages/airflow/example_dags/example_latest_only.py
[2023-02-12 11:55:57,647] {logging_mixin.py:109} INFO - [2023-02-12 11:55:57,647] {dag.py:2398} INFO - Sync 1 DAGs
[2023-02-12 11:55:57,678] {logging_mixin.py:109} INFO - [2023-02-12 11:55:57,678] {dag.py:2937} INFO - Setting next_dagrun for latest_only to 2023-02-12T02:25:57.678146+00:00
[2023-02-12 11:55:57,712] {processor.py:171} INFO - Processing /usr/local/conda/lib/python3.7/site-packages/airflow/example_dags/example_latest_only.py took 0.152 seconds
[2023-02-12 11:56:37,162] {processor.py:163} INFO - Started process (PID=2575) to work on /usr/local/conda/lib/python3.7/site-packages/airflow/example_dags/example_latest_only.py
[2023-02-12 11:56:37,167] {processor.py:642} INFO - Processing file /usr/local/conda/lib/python3.7/site-packages/airflow/example_dags/example_latest_only.py for tasks to queue
[2023-02-12 11:56:37,170] {logging_mixin.py:109} INFO - [2023-02-12 11:56:37,169] {dagbag.py:500} INFO - Filling up the DagBag from /usr/local/conda/lib/python3.7/site-packages/airflow/example_dags/example_latest_only.py
[2023-02-12 11:56:37,199] {processor.py:652} INFO - DAG(s) dict_keys(['latest_only']) retrieved from /usr/local/conda/lib/python3.7/site-packages/airflow/example_dags/example_latest_only.py
[2023-02-12 11:56:37,231] {logging_mixin.py:109} INFO - [2023-02-12 11:56:37,231] {dag.py:2398} INFO - Sync 1 DAGs
[2023-02-12 11:56:37,260] {logging_mixin.py:109} INFO - [2023-02-12 11:56:37,260] {dag.py:2937} INFO - Setting next_dagrun for latest_only to 2023-02-12T02:26:37.259936+00:00
[2023-02-12 11:56:37,301] {processor.py:171} INFO - Processing /usr/local/conda/lib/python3.7/site-packages/airflow/example_dags/example_latest_only.py took 0.146 seconds
[2023-02-12 11:57:16,656] {processor.py:163} INFO - Started process (PID=2607) to work on /usr/local/conda/lib/python3.7/site-packages/airflow/example_dags/example_latest_only.py
[2023-02-12 11:57:16,659] {processor.py:642} INFO - Processing file /usr/local/conda/lib/python3.7/site-packages/airflow/example_dags/example_latest_only.py for tasks to queue
[2023-02-12 11:57:16,661] {logging_mixin.py:109} INFO - [2023-02-12 11:57:16,660] {dagbag.py:500} INFO - Filling up the DagBag from /usr/local/conda/lib/python3.7/site-packages/airflow/example_dags/example_latest_only.py
[2023-02-12 11:57:16,695] {processor.py:652} INFO - DAG(s) dict_keys(['latest_only']) retrieved from /usr/local/conda/lib/python3.7/site-packages/airflow/example_dags/example_latest_only.py
[2023-02-12 11:57:16,727] {logging_mixin.py:109} INFO - [2023-02-12 11:57:16,727] {dag.py:2398} INFO - Sync 1 DAGs
[2023-02-12 11:57:16,761] {logging_mixin.py:109} INFO - [2023-02-12 11:57:16,761] {dag.py:2937} INFO - Setting next_dagrun for latest_only to 2023-02-12T02:27:16.760609+00:00
[2023-02-12 11:57:16,799] {processor.py:171} INFO - Processing /usr/local/conda/lib/python3.7/site-packages/airflow/example_dags/example_latest_only.py took 0.149 seconds
[2023-02-12 11:57:56,970] {processor.py:163} INFO - Started process (PID=2641) to work on /usr/local/conda/lib/python3.7/site-packages/airflow/example_dags/example_latest_only.py
[2023-02-12 11:57:56,975] {processor.py:642} INFO - Processing file /usr/local/conda/lib/python3.7/site-packages/airflow/example_dags/example_latest_only.py for tasks to queue
[2023-02-12 11:57:56,980] {logging_mixin.py:109} INFO - [2023-02-12 11:57:56,980] {dagbag.py:500} INFO - Filling up the DagBag from /usr/local/conda/lib/python3.7/site-packages/airflow/example_dags/example_latest_only.py
[2023-02-12 11:57:57,014] {processor.py:652} INFO - DAG(s) dict_keys(['latest_only']) retrieved from /usr/local/conda/lib/python3.7/site-packages/airflow/example_dags/example_latest_only.py
[2023-02-12 11:57:57,045] {logging_mixin.py:109} INFO - [2023-02-12 11:57:57,045] {dag.py:2398} INFO - Sync 1 DAGs
[2023-02-12 11:57:57,077] {logging_mixin.py:109} INFO - [2023-02-12 11:57:57,077] {dag.py:2937} INFO - Setting next_dagrun for latest_only to 2023-02-12T02:27:57.076333+00:00
[2023-02-12 11:57:57,110] {processor.py:171} INFO - Processing /usr/local/conda/lib/python3.7/site-packages/airflow/example_dags/example_latest_only.py took 0.147 seconds
[2023-02-12 11:58:49,545] {processor.py:163} INFO - Started process (PID=2675) to work on /usr/local/conda/lib/python3.7/site-packages/airflow/example_dags/example_latest_only.py
[2023-02-12 11:58:49,556] {processor.py:642} INFO - Processing file /usr/local/conda/lib/python3.7/site-packages/airflow/example_dags/example_latest_only.py for tasks to queue
[2023-02-12 11:58:49,558] {logging_mixin.py:109} INFO - [2023-02-12 11:58:49,558] {dagbag.py:500} INFO - Filling up the DagBag from /usr/local/conda/lib/python3.7/site-packages/airflow/example_dags/example_latest_only.py
[2023-02-12 11:58:49,615] {processor.py:652} INFO - DAG(s) dict_keys(['latest_only']) retrieved from /usr/local/conda/lib/python3.7/site-packages/airflow/example_dags/example_latest_only.py
[2023-02-12 11:58:49,691] {logging_mixin.py:109} INFO - [2023-02-12 11:58:49,691] {dag.py:2398} INFO - Sync 1 DAGs
[2023-02-12 11:58:49,742] {logging_mixin.py:109} INFO - [2023-02-12 11:58:49,741] {dag.py:2937} INFO - Setting next_dagrun for latest_only to 2023-02-12T02:28:49.740273+00:00
[2023-02-12 11:58:49,814] {processor.py:171} INFO - Processing /usr/local/conda/lib/python3.7/site-packages/airflow/example_dags/example_latest_only.py took 0.286 seconds
