[2023-02-12 11:30:47,602] {processor.py:163} INFO - Started process (PID=1317) to work on /usr/local/conda/lib/python3.7/site-packages/airflow/example_dags/example_latest_only_with_trigger.py
[2023-02-12 11:30:47,611] {processor.py:642} INFO - Processing file /usr/local/conda/lib/python3.7/site-packages/airflow/example_dags/example_latest_only_with_trigger.py for tasks to queue
[2023-02-12 11:30:47,613] {logging_mixin.py:109} INFO - [2023-02-12 11:30:47,613] {dagbag.py:500} INFO - Filling up the DagBag from /usr/local/conda/lib/python3.7/site-packages/airflow/example_dags/example_latest_only_with_trigger.py
[2023-02-12 11:30:47,676] {processor.py:652} INFO - DAG(s) dict_keys(['latest_only_with_trigger']) retrieved from /usr/local/conda/lib/python3.7/site-packages/airflow/example_dags/example_latest_only_with_trigger.py
[2023-02-12 11:30:47,728] {logging_mixin.py:109} INFO - [2023-02-12 11:30:47,727] {dag.py:2398} INFO - Sync 1 DAGs
[2023-02-12 11:30:47,965] {logging_mixin.py:109} INFO - [2023-02-12 11:30:47,965] {dag.py:2937} INFO - Setting next_dagrun for latest_only_with_trigger to 2023-02-12T02:00:47.964102+00:00
[2023-02-12 11:30:48,065] {processor.py:171} INFO - Processing /usr/local/conda/lib/python3.7/site-packages/airflow/example_dags/example_latest_only_with_trigger.py took 0.477 seconds
[2023-02-12 11:31:37,580] {processor.py:163} INFO - Started process (PID=1422) to work on /usr/local/conda/lib/python3.7/site-packages/airflow/example_dags/example_latest_only_with_trigger.py
[2023-02-12 11:31:37,584] {processor.py:642} INFO - Processing file /usr/local/conda/lib/python3.7/site-packages/airflow/example_dags/example_latest_only_with_trigger.py for tasks to queue
[2023-02-12 11:31:37,590] {logging_mixin.py:109} INFO - [2023-02-12 11:31:37,589] {dagbag.py:500} INFO - Filling up the DagBag from /usr/local/conda/lib/python3.7/site-packages/airflow/example_dags/example_latest_only_with_trigger.py
[2023-02-12 11:31:37,629] {processor.py:652} INFO - DAG(s) dict_keys(['latest_only_with_trigger']) retrieved from /usr/local/conda/lib/python3.7/site-packages/airflow/example_dags/example_latest_only_with_trigger.py
[2023-02-12 11:31:37,672] {logging_mixin.py:109} INFO - [2023-02-12 11:31:37,672] {dag.py:2398} INFO - Sync 1 DAGs
[2023-02-12 11:31:37,717] {logging_mixin.py:109} INFO - [2023-02-12 11:31:37,717] {dag.py:2937} INFO - Setting next_dagrun for latest_only_with_trigger to 2023-02-12T02:01:37.716885+00:00
[2023-02-12 11:31:37,754] {processor.py:171} INFO - Processing /usr/local/conda/lib/python3.7/site-packages/airflow/example_dags/example_latest_only_with_trigger.py took 0.182 seconds
[2023-02-12 11:32:45,981] {processor.py:163} INFO - Started process (PID=1519) to work on /usr/local/conda/lib/python3.7/site-packages/airflow/example_dags/example_latest_only_with_trigger.py
[2023-02-12 11:32:46,080] {processor.py:642} INFO - Processing file /usr/local/conda/lib/python3.7/site-packages/airflow/example_dags/example_latest_only_with_trigger.py for tasks to queue
[2023-02-12 11:32:46,092] {logging_mixin.py:109} INFO - [2023-02-12 11:32:46,091] {dagbag.py:500} INFO - Filling up the DagBag from /usr/local/conda/lib/python3.7/site-packages/airflow/example_dags/example_latest_only_with_trigger.py
[2023-02-12 11:32:46,336] {processor.py:652} INFO - DAG(s) dict_keys(['latest_only_with_trigger']) retrieved from /usr/local/conda/lib/python3.7/site-packages/airflow/example_dags/example_latest_only_with_trigger.py
[2023-02-12 11:32:46,450] {logging_mixin.py:109} INFO - [2023-02-12 11:32:46,449] {dag.py:2398} INFO - Sync 1 DAGs
[2023-02-12 11:32:46,508] {logging_mixin.py:109} INFO - [2023-02-12 11:32:46,508] {dag.py:2937} INFO - Setting next_dagrun for latest_only_with_trigger to 2023-02-12T02:02:46.507295+00:00
[2023-02-12 11:32:46,567] {processor.py:171} INFO - Processing /usr/local/conda/lib/python3.7/site-packages/airflow/example_dags/example_latest_only_with_trigger.py took 0.593 seconds
[2023-02-12 11:33:48,390] {processor.py:163} INFO - Started process (PID=1604) to work on /usr/local/conda/lib/python3.7/site-packages/airflow/example_dags/example_latest_only_with_trigger.py
[2023-02-12 11:33:48,394] {processor.py:642} INFO - Processing file /usr/local/conda/lib/python3.7/site-packages/airflow/example_dags/example_latest_only_with_trigger.py for tasks to queue
[2023-02-12 11:33:48,398] {logging_mixin.py:109} INFO - [2023-02-12 11:33:48,398] {dagbag.py:500} INFO - Filling up the DagBag from /usr/local/conda/lib/python3.7/site-packages/airflow/example_dags/example_latest_only_with_trigger.py
[2023-02-12 11:33:48,451] {processor.py:652} INFO - DAG(s) dict_keys(['latest_only_with_trigger']) retrieved from /usr/local/conda/lib/python3.7/site-packages/airflow/example_dags/example_latest_only_with_trigger.py
[2023-02-12 11:33:48,497] {logging_mixin.py:109} INFO - [2023-02-12 11:33:48,497] {dag.py:2398} INFO - Sync 1 DAGs
[2023-02-12 11:33:48,539] {logging_mixin.py:109} INFO - [2023-02-12 11:33:48,539] {dag.py:2937} INFO - Setting next_dagrun for latest_only_with_trigger to 2023-02-12T02:03:48.536917+00:00
[2023-02-12 11:33:48,587] {processor.py:171} INFO - Processing /usr/local/conda/lib/python3.7/site-packages/airflow/example_dags/example_latest_only_with_trigger.py took 0.217 seconds
[2023-02-12 11:34:59,961] {processor.py:163} INFO - Started process (PID=1648) to work on /usr/local/conda/lib/python3.7/site-packages/airflow/example_dags/example_latest_only_with_trigger.py
[2023-02-12 11:34:59,966] {processor.py:642} INFO - Processing file /usr/local/conda/lib/python3.7/site-packages/airflow/example_dags/example_latest_only_with_trigger.py for tasks to queue
[2023-02-12 11:34:59,970] {logging_mixin.py:109} INFO - [2023-02-12 11:34:59,968] {dagbag.py:500} INFO - Filling up the DagBag from /usr/local/conda/lib/python3.7/site-packages/airflow/example_dags/example_latest_only_with_trigger.py
[2023-02-12 11:35:00,023] {processor.py:652} INFO - DAG(s) dict_keys(['latest_only_with_trigger']) retrieved from /usr/local/conda/lib/python3.7/site-packages/airflow/example_dags/example_latest_only_with_trigger.py
[2023-02-12 11:35:00,071] {logging_mixin.py:109} INFO - [2023-02-12 11:35:00,070] {dag.py:2398} INFO - Sync 1 DAGs
[2023-02-12 11:35:00,117] {logging_mixin.py:109} INFO - [2023-02-12 11:35:00,117] {dag.py:2937} INFO - Setting next_dagrun for latest_only_with_trigger to 2023-02-12T02:05:00.116596+00:00
[2023-02-12 11:35:00,190] {processor.py:171} INFO - Processing /usr/local/conda/lib/python3.7/site-packages/airflow/example_dags/example_latest_only_with_trigger.py took 0.238 seconds
[2023-02-12 11:36:32,758] {processor.py:163} INFO - Started process (PID=1680) to work on /usr/local/conda/lib/python3.7/site-packages/airflow/example_dags/example_latest_only_with_trigger.py
[2023-02-12 11:36:32,790] {processor.py:642} INFO - Processing file /usr/local/conda/lib/python3.7/site-packages/airflow/example_dags/example_latest_only_with_trigger.py for tasks to queue
[2023-02-12 11:36:32,811] {logging_mixin.py:109} INFO - [2023-02-12 11:36:32,808] {dagbag.py:500} INFO - Filling up the DagBag from /usr/local/conda/lib/python3.7/site-packages/airflow/example_dags/example_latest_only_with_trigger.py
[2023-02-12 11:36:32,859] {processor.py:652} INFO - DAG(s) dict_keys(['latest_only_with_trigger']) retrieved from /usr/local/conda/lib/python3.7/site-packages/airflow/example_dags/example_latest_only_with_trigger.py
[2023-02-12 11:36:32,898] {logging_mixin.py:109} INFO - [2023-02-12 11:36:32,898] {dag.py:2398} INFO - Sync 1 DAGs
[2023-02-12 11:36:32,931] {logging_mixin.py:109} INFO - [2023-02-12 11:36:32,931] {dag.py:2937} INFO - Setting next_dagrun for latest_only_with_trigger to 2023-02-12T02:06:32.930492+00:00
[2023-02-12 11:36:33,327] {processor.py:171} INFO - Processing /usr/local/conda/lib/python3.7/site-packages/airflow/example_dags/example_latest_only_with_trigger.py took 0.588 seconds
[2023-02-12 11:37:32,753] {processor.py:163} INFO - Started process (PID=1714) to work on /usr/local/conda/lib/python3.7/site-packages/airflow/example_dags/example_latest_only_with_trigger.py
[2023-02-12 11:37:32,793] {processor.py:642} INFO - Processing file /usr/local/conda/lib/python3.7/site-packages/airflow/example_dags/example_latest_only_with_trigger.py for tasks to queue
[2023-02-12 11:37:32,799] {logging_mixin.py:109} INFO - [2023-02-12 11:37:32,798] {dagbag.py:500} INFO - Filling up the DagBag from /usr/local/conda/lib/python3.7/site-packages/airflow/example_dags/example_latest_only_with_trigger.py
[2023-02-12 11:37:32,889] {processor.py:652} INFO - DAG(s) dict_keys(['latest_only_with_trigger']) retrieved from /usr/local/conda/lib/python3.7/site-packages/airflow/example_dags/example_latest_only_with_trigger.py
[2023-02-12 11:37:32,966] {logging_mixin.py:109} INFO - [2023-02-12 11:37:32,966] {dag.py:2398} INFO - Sync 1 DAGs
[2023-02-12 11:37:33,044] {logging_mixin.py:109} INFO - [2023-02-12 11:37:33,044] {dag.py:2937} INFO - Setting next_dagrun for latest_only_with_trigger to 2023-02-12T02:07:33.042717+00:00
[2023-02-12 11:37:33,462] {processor.py:171} INFO - Processing /usr/local/conda/lib/python3.7/site-packages/airflow/example_dags/example_latest_only_with_trigger.py took 0.723 seconds
[2023-02-12 11:38:31,122] {processor.py:163} INFO - Started process (PID=1748) to work on /usr/local/conda/lib/python3.7/site-packages/airflow/example_dags/example_latest_only_with_trigger.py
[2023-02-12 11:38:31,177] {processor.py:642} INFO - Processing file /usr/local/conda/lib/python3.7/site-packages/airflow/example_dags/example_latest_only_with_trigger.py for tasks to queue
[2023-02-12 11:38:31,184] {logging_mixin.py:109} INFO - [2023-02-12 11:38:31,183] {dagbag.py:500} INFO - Filling up the DagBag from /usr/local/conda/lib/python3.7/site-packages/airflow/example_dags/example_latest_only_with_trigger.py
[2023-02-12 11:38:31,267] {processor.py:652} INFO - DAG(s) dict_keys(['latest_only_with_trigger']) retrieved from /usr/local/conda/lib/python3.7/site-packages/airflow/example_dags/example_latest_only_with_trigger.py
[2023-02-12 11:38:31,335] {logging_mixin.py:109} INFO - [2023-02-12 11:38:31,334] {dag.py:2398} INFO - Sync 1 DAGs
[2023-02-12 11:38:31,395] {logging_mixin.py:109} INFO - [2023-02-12 11:38:31,395] {dag.py:2937} INFO - Setting next_dagrun for latest_only_with_trigger to 2023-02-12T02:08:31.394387+00:00
[2023-02-12 11:38:31,596] {processor.py:171} INFO - Processing /usr/local/conda/lib/python3.7/site-packages/airflow/example_dags/example_latest_only_with_trigger.py took 0.495 seconds
[2023-02-12 11:39:33,087] {processor.py:163} INFO - Started process (PID=1782) to work on /usr/local/conda/lib/python3.7/site-packages/airflow/example_dags/example_latest_only_with_trigger.py
[2023-02-12 11:39:33,119] {processor.py:642} INFO - Processing file /usr/local/conda/lib/python3.7/site-packages/airflow/example_dags/example_latest_only_with_trigger.py for tasks to queue
[2023-02-12 11:39:33,123] {logging_mixin.py:109} INFO - [2023-02-12 11:39:33,122] {dagbag.py:500} INFO - Filling up the DagBag from /usr/local/conda/lib/python3.7/site-packages/airflow/example_dags/example_latest_only_with_trigger.py
[2023-02-12 11:39:33,208] {processor.py:652} INFO - DAG(s) dict_keys(['latest_only_with_trigger']) retrieved from /usr/local/conda/lib/python3.7/site-packages/airflow/example_dags/example_latest_only_with_trigger.py
[2023-02-12 11:39:33,281] {logging_mixin.py:109} INFO - [2023-02-12 11:39:33,281] {dag.py:2398} INFO - Sync 1 DAGs
[2023-02-12 11:39:33,335] {logging_mixin.py:109} INFO - [2023-02-12 11:39:33,334] {dag.py:2937} INFO - Setting next_dagrun for latest_only_with_trigger to 2023-02-12T02:09:33.334195+00:00
[2023-02-12 11:39:34,164] {processor.py:171} INFO - Processing /usr/local/conda/lib/python3.7/site-packages/airflow/example_dags/example_latest_only_with_trigger.py took 1.098 seconds
[2023-02-12 11:40:27,316] {processor.py:163} INFO - Started process (PID=1817) to work on /usr/local/conda/lib/python3.7/site-packages/airflow/example_dags/example_latest_only_with_trigger.py
[2023-02-12 11:40:27,329] {processor.py:642} INFO - Processing file /usr/local/conda/lib/python3.7/site-packages/airflow/example_dags/example_latest_only_with_trigger.py for tasks to queue
[2023-02-12 11:40:27,331] {logging_mixin.py:109} INFO - [2023-02-12 11:40:27,331] {dagbag.py:500} INFO - Filling up the DagBag from /usr/local/conda/lib/python3.7/site-packages/airflow/example_dags/example_latest_only_with_trigger.py
[2023-02-12 11:40:27,415] {processor.py:652} INFO - DAG(s) dict_keys(['latest_only_with_trigger']) retrieved from /usr/local/conda/lib/python3.7/site-packages/airflow/example_dags/example_latest_only_with_trigger.py
[2023-02-12 11:40:27,452] {logging_mixin.py:109} INFO - [2023-02-12 11:40:27,452] {dag.py:2398} INFO - Sync 1 DAGs
[2023-02-12 11:40:27,483] {logging_mixin.py:109} INFO - [2023-02-12 11:40:27,483] {dag.py:2937} INFO - Setting next_dagrun for latest_only_with_trigger to 2023-02-12T02:10:27.482519+00:00
[2023-02-12 11:40:27,570] {processor.py:171} INFO - Processing /usr/local/conda/lib/python3.7/site-packages/airflow/example_dags/example_latest_only_with_trigger.py took 0.260 seconds
[2023-02-12 11:41:30,685] {processor.py:163} INFO - Started process (PID=1862) to work on /usr/local/conda/lib/python3.7/site-packages/airflow/example_dags/example_latest_only_with_trigger.py
[2023-02-12 11:41:30,690] {processor.py:642} INFO - Processing file /usr/local/conda/lib/python3.7/site-packages/airflow/example_dags/example_latest_only_with_trigger.py for tasks to queue
[2023-02-12 11:41:30,692] {logging_mixin.py:109} INFO - [2023-02-12 11:41:30,691] {dagbag.py:500} INFO - Filling up the DagBag from /usr/local/conda/lib/python3.7/site-packages/airflow/example_dags/example_latest_only_with_trigger.py
[2023-02-12 11:41:30,714] {processor.py:652} INFO - DAG(s) dict_keys(['latest_only_with_trigger']) retrieved from /usr/local/conda/lib/python3.7/site-packages/airflow/example_dags/example_latest_only_with_trigger.py
[2023-02-12 11:41:30,741] {logging_mixin.py:109} INFO - [2023-02-12 11:41:30,741] {dag.py:2398} INFO - Sync 1 DAGs
[2023-02-12 11:41:30,763] {logging_mixin.py:109} INFO - [2023-02-12 11:41:30,763] {dag.py:2937} INFO - Setting next_dagrun for latest_only_with_trigger to 2023-02-12T02:11:30.763010+00:00
[2023-02-12 11:41:30,804] {processor.py:171} INFO - Processing /usr/local/conda/lib/python3.7/site-packages/airflow/example_dags/example_latest_only_with_trigger.py took 0.122 seconds
[2023-02-12 11:42:18,869] {processor.py:163} INFO - Started process (PID=1899) to work on /usr/local/conda/lib/python3.7/site-packages/airflow/example_dags/example_latest_only_with_trigger.py
[2023-02-12 11:42:18,872] {processor.py:642} INFO - Processing file /usr/local/conda/lib/python3.7/site-packages/airflow/example_dags/example_latest_only_with_trigger.py for tasks to queue
[2023-02-12 11:42:18,874] {logging_mixin.py:109} INFO - [2023-02-12 11:42:18,874] {dagbag.py:500} INFO - Filling up the DagBag from /usr/local/conda/lib/python3.7/site-packages/airflow/example_dags/example_latest_only_with_trigger.py
[2023-02-12 11:42:18,912] {processor.py:652} INFO - DAG(s) dict_keys(['latest_only_with_trigger']) retrieved from /usr/local/conda/lib/python3.7/site-packages/airflow/example_dags/example_latest_only_with_trigger.py
[2023-02-12 11:42:18,951] {logging_mixin.py:109} INFO - [2023-02-12 11:42:18,951] {dag.py:2398} INFO - Sync 1 DAGs
[2023-02-12 11:42:18,982] {logging_mixin.py:109} INFO - [2023-02-12 11:42:18,982] {dag.py:2937} INFO - Setting next_dagrun for latest_only_with_trigger to 2023-02-12T02:12:18.981833+00:00
[2023-02-12 11:42:19,029] {processor.py:171} INFO - Processing /usr/local/conda/lib/python3.7/site-packages/airflow/example_dags/example_latest_only_with_trigger.py took 0.167 seconds
[2023-02-12 11:43:05,576] {processor.py:163} INFO - Started process (PID=1933) to work on /usr/local/conda/lib/python3.7/site-packages/airflow/example_dags/example_latest_only_with_trigger.py
[2023-02-12 11:43:05,586] {processor.py:642} INFO - Processing file /usr/local/conda/lib/python3.7/site-packages/airflow/example_dags/example_latest_only_with_trigger.py for tasks to queue
[2023-02-12 11:43:05,591] {logging_mixin.py:109} INFO - [2023-02-12 11:43:05,591] {dagbag.py:500} INFO - Filling up the DagBag from /usr/local/conda/lib/python3.7/site-packages/airflow/example_dags/example_latest_only_with_trigger.py
[2023-02-12 11:43:05,660] {processor.py:652} INFO - DAG(s) dict_keys(['latest_only_with_trigger']) retrieved from /usr/local/conda/lib/python3.7/site-packages/airflow/example_dags/example_latest_only_with_trigger.py
[2023-02-12 11:43:05,708] {logging_mixin.py:109} INFO - [2023-02-12 11:43:05,708] {dag.py:2398} INFO - Sync 1 DAGs
[2023-02-12 11:43:05,746] {logging_mixin.py:109} INFO - [2023-02-12 11:43:05,746] {dag.py:2937} INFO - Setting next_dagrun for latest_only_with_trigger to 2023-02-12T02:13:05.745798+00:00
[2023-02-12 11:43:05,801] {processor.py:171} INFO - Processing /usr/local/conda/lib/python3.7/site-packages/airflow/example_dags/example_latest_only_with_trigger.py took 0.236 seconds
[2023-02-12 11:43:58,911] {processor.py:163} INFO - Started process (PID=1971) to work on /usr/local/conda/lib/python3.7/site-packages/airflow/example_dags/example_latest_only_with_trigger.py
[2023-02-12 11:43:58,918] {processor.py:642} INFO - Processing file /usr/local/conda/lib/python3.7/site-packages/airflow/example_dags/example_latest_only_with_trigger.py for tasks to queue
[2023-02-12 11:43:58,920] {logging_mixin.py:109} INFO - [2023-02-12 11:43:58,919] {dagbag.py:500} INFO - Filling up the DagBag from /usr/local/conda/lib/python3.7/site-packages/airflow/example_dags/example_latest_only_with_trigger.py
[2023-02-12 11:43:58,992] {processor.py:652} INFO - DAG(s) dict_keys(['latest_only_with_trigger']) retrieved from /usr/local/conda/lib/python3.7/site-packages/airflow/example_dags/example_latest_only_with_trigger.py
[2023-02-12 11:43:59,068] {logging_mixin.py:109} INFO - [2023-02-12 11:43:59,068] {dag.py:2398} INFO - Sync 1 DAGs
[2023-02-12 11:43:59,133] {logging_mixin.py:109} INFO - [2023-02-12 11:43:59,133] {dag.py:2937} INFO - Setting next_dagrun for latest_only_with_trigger to 2023-02-12T02:13:59.132184+00:00
[2023-02-12 11:43:59,207] {processor.py:171} INFO - Processing /usr/local/conda/lib/python3.7/site-packages/airflow/example_dags/example_latest_only_with_trigger.py took 0.304 seconds
[2023-02-12 11:44:49,666] {processor.py:163} INFO - Started process (PID=2008) to work on /usr/local/conda/lib/python3.7/site-packages/airflow/example_dags/example_latest_only_with_trigger.py
[2023-02-12 11:44:49,688] {processor.py:642} INFO - Processing file /usr/local/conda/lib/python3.7/site-packages/airflow/example_dags/example_latest_only_with_trigger.py for tasks to queue
[2023-02-12 11:44:49,691] {logging_mixin.py:109} INFO - [2023-02-12 11:44:49,691] {dagbag.py:500} INFO - Filling up the DagBag from /usr/local/conda/lib/python3.7/site-packages/airflow/example_dags/example_latest_only_with_trigger.py
[2023-02-12 11:44:49,756] {processor.py:652} INFO - DAG(s) dict_keys(['latest_only_with_trigger']) retrieved from /usr/local/conda/lib/python3.7/site-packages/airflow/example_dags/example_latest_only_with_trigger.py
[2023-02-12 11:44:49,823] {logging_mixin.py:109} INFO - [2023-02-12 11:44:49,823] {dag.py:2398} INFO - Sync 1 DAGs
[2023-02-12 11:44:49,888] {logging_mixin.py:109} INFO - [2023-02-12 11:44:49,887] {dag.py:2937} INFO - Setting next_dagrun for latest_only_with_trigger to 2023-02-12T02:14:49.887141+00:00
[2023-02-12 11:44:49,937] {processor.py:171} INFO - Processing /usr/local/conda/lib/python3.7/site-packages/airflow/example_dags/example_latest_only_with_trigger.py took 0.278 seconds
[2023-02-12 11:45:49,650] {processor.py:163} INFO - Started process (PID=2048) to work on /usr/local/conda/lib/python3.7/site-packages/airflow/example_dags/example_latest_only_with_trigger.py
[2023-02-12 11:45:49,654] {processor.py:642} INFO - Processing file /usr/local/conda/lib/python3.7/site-packages/airflow/example_dags/example_latest_only_with_trigger.py for tasks to queue
[2023-02-12 11:45:49,672] {logging_mixin.py:109} INFO - [2023-02-12 11:45:49,671] {dagbag.py:500} INFO - Filling up the DagBag from /usr/local/conda/lib/python3.7/site-packages/airflow/example_dags/example_latest_only_with_trigger.py
[2023-02-12 11:45:49,727] {processor.py:652} INFO - DAG(s) dict_keys(['latest_only_with_trigger']) retrieved from /usr/local/conda/lib/python3.7/site-packages/airflow/example_dags/example_latest_only_with_trigger.py
[2023-02-12 11:45:49,789] {logging_mixin.py:109} INFO - [2023-02-12 11:45:49,788] {dag.py:2398} INFO - Sync 1 DAGs
[2023-02-12 11:45:49,849] {logging_mixin.py:109} INFO - [2023-02-12 11:45:49,849] {dag.py:2937} INFO - Setting next_dagrun for latest_only_with_trigger to 2023-02-12T02:15:49.848442+00:00
[2023-02-12 11:45:49,932] {processor.py:171} INFO - Processing /usr/local/conda/lib/python3.7/site-packages/airflow/example_dags/example_latest_only_with_trigger.py took 0.289 seconds
[2023-02-12 11:46:49,436] {processor.py:163} INFO - Started process (PID=2089) to work on /usr/local/conda/lib/python3.7/site-packages/airflow/example_dags/example_latest_only_with_trigger.py
[2023-02-12 11:46:49,439] {processor.py:642} INFO - Processing file /usr/local/conda/lib/python3.7/site-packages/airflow/example_dags/example_latest_only_with_trigger.py for tasks to queue
[2023-02-12 11:46:49,455] {logging_mixin.py:109} INFO - [2023-02-12 11:46:49,455] {dagbag.py:500} INFO - Filling up the DagBag from /usr/local/conda/lib/python3.7/site-packages/airflow/example_dags/example_latest_only_with_trigger.py
[2023-02-12 11:46:49,511] {processor.py:652} INFO - DAG(s) dict_keys(['latest_only_with_trigger']) retrieved from /usr/local/conda/lib/python3.7/site-packages/airflow/example_dags/example_latest_only_with_trigger.py
[2023-02-12 11:46:49,560] {logging_mixin.py:109} INFO - [2023-02-12 11:46:49,560] {dag.py:2398} INFO - Sync 1 DAGs
[2023-02-12 11:46:49,618] {logging_mixin.py:109} INFO - [2023-02-12 11:46:49,617] {dag.py:2937} INFO - Setting next_dagrun for latest_only_with_trigger to 2023-02-12T02:16:49.617107+00:00
[2023-02-12 11:46:49,710] {processor.py:171} INFO - Processing /usr/local/conda/lib/python3.7/site-packages/airflow/example_dags/example_latest_only_with_trigger.py took 0.279 seconds
[2023-02-12 11:47:39,067] {processor.py:163} INFO - Started process (PID=2125) to work on /usr/local/conda/lib/python3.7/site-packages/airflow/example_dags/example_latest_only_with_trigger.py
[2023-02-12 11:47:39,075] {processor.py:642} INFO - Processing file /usr/local/conda/lib/python3.7/site-packages/airflow/example_dags/example_latest_only_with_trigger.py for tasks to queue
[2023-02-12 11:47:39,080] {logging_mixin.py:109} INFO - [2023-02-12 11:47:39,080] {dagbag.py:500} INFO - Filling up the DagBag from /usr/local/conda/lib/python3.7/site-packages/airflow/example_dags/example_latest_only_with_trigger.py
[2023-02-12 11:47:39,150] {processor.py:652} INFO - DAG(s) dict_keys(['latest_only_with_trigger']) retrieved from /usr/local/conda/lib/python3.7/site-packages/airflow/example_dags/example_latest_only_with_trigger.py
[2023-02-12 11:47:39,208] {logging_mixin.py:109} INFO - [2023-02-12 11:47:39,208] {dag.py:2398} INFO - Sync 1 DAGs
[2023-02-12 11:47:39,281] {logging_mixin.py:109} INFO - [2023-02-12 11:47:39,281] {dag.py:2937} INFO - Setting next_dagrun for latest_only_with_trigger to 2023-02-12T02:17:39.280381+00:00
[2023-02-12 11:47:39,325] {processor.py:171} INFO - Processing /usr/local/conda/lib/python3.7/site-packages/airflow/example_dags/example_latest_only_with_trigger.py took 0.265 seconds
[2023-02-12 11:48:21,358] {processor.py:163} INFO - Started process (PID=2157) to work on /usr/local/conda/lib/python3.7/site-packages/airflow/example_dags/example_latest_only_with_trigger.py
[2023-02-12 11:48:21,364] {processor.py:642} INFO - Processing file /usr/local/conda/lib/python3.7/site-packages/airflow/example_dags/example_latest_only_with_trigger.py for tasks to queue
[2023-02-12 11:48:21,368] {logging_mixin.py:109} INFO - [2023-02-12 11:48:21,367] {dagbag.py:500} INFO - Filling up the DagBag from /usr/local/conda/lib/python3.7/site-packages/airflow/example_dags/example_latest_only_with_trigger.py
[2023-02-12 11:48:21,400] {processor.py:652} INFO - DAG(s) dict_keys(['latest_only_with_trigger']) retrieved from /usr/local/conda/lib/python3.7/site-packages/airflow/example_dags/example_latest_only_with_trigger.py
[2023-02-12 11:48:21,433] {logging_mixin.py:109} INFO - [2023-02-12 11:48:21,433] {dag.py:2398} INFO - Sync 1 DAGs
[2023-02-12 11:48:21,470] {logging_mixin.py:109} INFO - [2023-02-12 11:48:21,469] {dag.py:2937} INFO - Setting next_dagrun for latest_only_with_trigger to 2023-02-12T02:18:21.469184+00:00
[2023-02-12 11:48:21,512] {processor.py:171} INFO - Processing /usr/local/conda/lib/python3.7/site-packages/airflow/example_dags/example_latest_only_with_trigger.py took 0.160 seconds
[2023-02-12 11:49:03,597] {processor.py:163} INFO - Started process (PID=2193) to work on /usr/local/conda/lib/python3.7/site-packages/airflow/example_dags/example_latest_only_with_trigger.py
[2023-02-12 11:49:03,617] {processor.py:642} INFO - Processing file /usr/local/conda/lib/python3.7/site-packages/airflow/example_dags/example_latest_only_with_trigger.py for tasks to queue
[2023-02-12 11:49:03,651] {logging_mixin.py:109} INFO - [2023-02-12 11:49:03,651] {dagbag.py:500} INFO - Filling up the DagBag from /usr/local/conda/lib/python3.7/site-packages/airflow/example_dags/example_latest_only_with_trigger.py
[2023-02-12 11:49:03,761] {processor.py:652} INFO - DAG(s) dict_keys(['latest_only_with_trigger']) retrieved from /usr/local/conda/lib/python3.7/site-packages/airflow/example_dags/example_latest_only_with_trigger.py
[2023-02-12 11:49:03,829] {logging_mixin.py:109} INFO - [2023-02-12 11:49:03,829] {dag.py:2398} INFO - Sync 1 DAGs
[2023-02-12 11:49:03,930] {logging_mixin.py:109} INFO - [2023-02-12 11:49:03,930] {dag.py:2937} INFO - Setting next_dagrun for latest_only_with_trigger to 2023-02-12T02:19:03.929778+00:00
[2023-02-12 11:49:04,014] {processor.py:171} INFO - Processing /usr/local/conda/lib/python3.7/site-packages/airflow/example_dags/example_latest_only_with_trigger.py took 0.449 seconds
[2023-02-12 11:49:48,699] {processor.py:163} INFO - Started process (PID=2226) to work on /usr/local/conda/lib/python3.7/site-packages/airflow/example_dags/example_latest_only_with_trigger.py
[2023-02-12 11:49:48,704] {processor.py:642} INFO - Processing file /usr/local/conda/lib/python3.7/site-packages/airflow/example_dags/example_latest_only_with_trigger.py for tasks to queue
[2023-02-12 11:49:48,707] {logging_mixin.py:109} INFO - [2023-02-12 11:49:48,706] {dagbag.py:500} INFO - Filling up the DagBag from /usr/local/conda/lib/python3.7/site-packages/airflow/example_dags/example_latest_only_with_trigger.py
[2023-02-12 11:49:48,739] {processor.py:652} INFO - DAG(s) dict_keys(['latest_only_with_trigger']) retrieved from /usr/local/conda/lib/python3.7/site-packages/airflow/example_dags/example_latest_only_with_trigger.py
[2023-02-12 11:49:48,781] {logging_mixin.py:109} INFO - [2023-02-12 11:49:48,781] {dag.py:2398} INFO - Sync 1 DAGs
[2023-02-12 11:49:48,813] {logging_mixin.py:109} INFO - [2023-02-12 11:49:48,813] {dag.py:2937} INFO - Setting next_dagrun for latest_only_with_trigger to 2023-02-12T02:19:48.813019+00:00
[2023-02-12 11:49:48,847] {processor.py:171} INFO - Processing /usr/local/conda/lib/python3.7/site-packages/airflow/example_dags/example_latest_only_with_trigger.py took 0.155 seconds
[2023-02-12 11:50:27,700] {processor.py:163} INFO - Started process (PID=2260) to work on /usr/local/conda/lib/python3.7/site-packages/airflow/example_dags/example_latest_only_with_trigger.py
[2023-02-12 11:50:27,704] {processor.py:642} INFO - Processing file /usr/local/conda/lib/python3.7/site-packages/airflow/example_dags/example_latest_only_with_trigger.py for tasks to queue
[2023-02-12 11:50:27,706] {logging_mixin.py:109} INFO - [2023-02-12 11:50:27,706] {dagbag.py:500} INFO - Filling up the DagBag from /usr/local/conda/lib/python3.7/site-packages/airflow/example_dags/example_latest_only_with_trigger.py
[2023-02-12 11:50:27,748] {processor.py:652} INFO - DAG(s) dict_keys(['latest_only_with_trigger']) retrieved from /usr/local/conda/lib/python3.7/site-packages/airflow/example_dags/example_latest_only_with_trigger.py
[2023-02-12 11:50:27,779] {logging_mixin.py:109} INFO - [2023-02-12 11:50:27,778] {dag.py:2398} INFO - Sync 1 DAGs
[2023-02-12 11:50:27,816] {logging_mixin.py:109} INFO - [2023-02-12 11:50:27,816] {dag.py:2937} INFO - Setting next_dagrun for latest_only_with_trigger to 2023-02-12T02:20:27.815366+00:00
[2023-02-12 11:50:27,867] {processor.py:171} INFO - Processing /usr/local/conda/lib/python3.7/site-packages/airflow/example_dags/example_latest_only_with_trigger.py took 0.174 seconds
[2023-02-12 11:51:15,803] {processor.py:163} INFO - Started process (PID=2299) to work on /usr/local/conda/lib/python3.7/site-packages/airflow/example_dags/example_latest_only_with_trigger.py
[2023-02-12 11:51:15,808] {processor.py:642} INFO - Processing file /usr/local/conda/lib/python3.7/site-packages/airflow/example_dags/example_latest_only_with_trigger.py for tasks to queue
[2023-02-12 11:51:15,811] {logging_mixin.py:109} INFO - [2023-02-12 11:51:15,810] {dagbag.py:500} INFO - Filling up the DagBag from /usr/local/conda/lib/python3.7/site-packages/airflow/example_dags/example_latest_only_with_trigger.py
[2023-02-12 11:51:15,844] {processor.py:652} INFO - DAG(s) dict_keys(['latest_only_with_trigger']) retrieved from /usr/local/conda/lib/python3.7/site-packages/airflow/example_dags/example_latest_only_with_trigger.py
[2023-02-12 11:51:15,876] {logging_mixin.py:109} INFO - [2023-02-12 11:51:15,876] {dag.py:2398} INFO - Sync 1 DAGs
[2023-02-12 11:51:15,910] {logging_mixin.py:109} INFO - [2023-02-12 11:51:15,909] {dag.py:2937} INFO - Setting next_dagrun for latest_only_with_trigger to 2023-02-12T02:21:15.909052+00:00
[2023-02-12 11:51:15,942] {processor.py:171} INFO - Processing /usr/local/conda/lib/python3.7/site-packages/airflow/example_dags/example_latest_only_with_trigger.py took 0.147 seconds
[2023-02-12 11:51:56,612] {processor.py:163} INFO - Started process (PID=2334) to work on /usr/local/conda/lib/python3.7/site-packages/airflow/example_dags/example_latest_only_with_trigger.py
[2023-02-12 11:51:56,616] {processor.py:642} INFO - Processing file /usr/local/conda/lib/python3.7/site-packages/airflow/example_dags/example_latest_only_with_trigger.py for tasks to queue
[2023-02-12 11:51:56,619] {logging_mixin.py:109} INFO - [2023-02-12 11:51:56,618] {dagbag.py:500} INFO - Filling up the DagBag from /usr/local/conda/lib/python3.7/site-packages/airflow/example_dags/example_latest_only_with_trigger.py
[2023-02-12 11:51:56,647] {processor.py:652} INFO - DAG(s) dict_keys(['latest_only_with_trigger']) retrieved from /usr/local/conda/lib/python3.7/site-packages/airflow/example_dags/example_latest_only_with_trigger.py
[2023-02-12 11:51:56,676] {logging_mixin.py:109} INFO - [2023-02-12 11:51:56,675] {dag.py:2398} INFO - Sync 1 DAGs
[2023-02-12 11:51:56,704] {logging_mixin.py:109} INFO - [2023-02-12 11:51:56,704] {dag.py:2937} INFO - Setting next_dagrun for latest_only_with_trigger to 2023-02-12T02:21:56.703815+00:00
[2023-02-12 11:51:56,740] {processor.py:171} INFO - Processing /usr/local/conda/lib/python3.7/site-packages/airflow/example_dags/example_latest_only_with_trigger.py took 0.134 seconds
[2023-02-12 11:52:40,379] {processor.py:163} INFO - Started process (PID=2372) to work on /usr/local/conda/lib/python3.7/site-packages/airflow/example_dags/example_latest_only_with_trigger.py
[2023-02-12 11:52:40,382] {processor.py:642} INFO - Processing file /usr/local/conda/lib/python3.7/site-packages/airflow/example_dags/example_latest_only_with_trigger.py for tasks to queue
[2023-02-12 11:52:40,383] {logging_mixin.py:109} INFO - [2023-02-12 11:52:40,383] {dagbag.py:500} INFO - Filling up the DagBag from /usr/local/conda/lib/python3.7/site-packages/airflow/example_dags/example_latest_only_with_trigger.py
[2023-02-12 11:52:40,404] {processor.py:652} INFO - DAG(s) dict_keys(['latest_only_with_trigger']) retrieved from /usr/local/conda/lib/python3.7/site-packages/airflow/example_dags/example_latest_only_with_trigger.py
[2023-02-12 11:52:40,422] {logging_mixin.py:109} INFO - [2023-02-12 11:52:40,422] {dag.py:2398} INFO - Sync 1 DAGs
[2023-02-12 11:52:40,440] {logging_mixin.py:109} INFO - [2023-02-12 11:52:40,440] {dag.py:2937} INFO - Setting next_dagrun for latest_only_with_trigger to 2023-02-12T02:22:40.440167+00:00
[2023-02-12 11:52:40,460] {processor.py:171} INFO - Processing /usr/local/conda/lib/python3.7/site-packages/airflow/example_dags/example_latest_only_with_trigger.py took 0.085 seconds
[2023-02-12 11:53:16,419] {processor.py:163} INFO - Started process (PID=2404) to work on /usr/local/conda/lib/python3.7/site-packages/airflow/example_dags/example_latest_only_with_trigger.py
[2023-02-12 11:53:16,422] {processor.py:642} INFO - Processing file /usr/local/conda/lib/python3.7/site-packages/airflow/example_dags/example_latest_only_with_trigger.py for tasks to queue
[2023-02-12 11:53:16,423] {logging_mixin.py:109} INFO - [2023-02-12 11:53:16,423] {dagbag.py:500} INFO - Filling up the DagBag from /usr/local/conda/lib/python3.7/site-packages/airflow/example_dags/example_latest_only_with_trigger.py
[2023-02-12 11:53:16,442] {processor.py:652} INFO - DAG(s) dict_keys(['latest_only_with_trigger']) retrieved from /usr/local/conda/lib/python3.7/site-packages/airflow/example_dags/example_latest_only_with_trigger.py
[2023-02-12 11:53:16,461] {logging_mixin.py:109} INFO - [2023-02-12 11:53:16,461] {dag.py:2398} INFO - Sync 1 DAGs
[2023-02-12 11:53:16,481] {logging_mixin.py:109} INFO - [2023-02-12 11:53:16,480] {dag.py:2937} INFO - Setting next_dagrun for latest_only_with_trigger to 2023-02-12T02:23:16.480554+00:00
[2023-02-12 11:53:16,502] {processor.py:171} INFO - Processing /usr/local/conda/lib/python3.7/site-packages/airflow/example_dags/example_latest_only_with_trigger.py took 0.086 seconds
[2023-02-12 11:53:59,211] {processor.py:163} INFO - Started process (PID=2441) to work on /usr/local/conda/lib/python3.7/site-packages/airflow/example_dags/example_latest_only_with_trigger.py
[2023-02-12 11:53:59,213] {processor.py:642} INFO - Processing file /usr/local/conda/lib/python3.7/site-packages/airflow/example_dags/example_latest_only_with_trigger.py for tasks to queue
[2023-02-12 11:53:59,215] {logging_mixin.py:109} INFO - [2023-02-12 11:53:59,214] {dagbag.py:500} INFO - Filling up the DagBag from /usr/local/conda/lib/python3.7/site-packages/airflow/example_dags/example_latest_only_with_trigger.py
[2023-02-12 11:53:59,235] {processor.py:652} INFO - DAG(s) dict_keys(['latest_only_with_trigger']) retrieved from /usr/local/conda/lib/python3.7/site-packages/airflow/example_dags/example_latest_only_with_trigger.py
[2023-02-12 11:53:59,254] {logging_mixin.py:109} INFO - [2023-02-12 11:53:59,254] {dag.py:2398} INFO - Sync 1 DAGs
[2023-02-12 11:53:59,273] {logging_mixin.py:109} INFO - [2023-02-12 11:53:59,272] {dag.py:2937} INFO - Setting next_dagrun for latest_only_with_trigger to 2023-02-12T02:23:59.272511+00:00
[2023-02-12 11:53:59,296] {processor.py:171} INFO - Processing /usr/local/conda/lib/python3.7/site-packages/airflow/example_dags/example_latest_only_with_trigger.py took 0.090 seconds
[2023-02-12 11:54:35,572] {processor.py:163} INFO - Started process (PID=2474) to work on /usr/local/conda/lib/python3.7/site-packages/airflow/example_dags/example_latest_only_with_trigger.py
[2023-02-12 11:54:35,576] {processor.py:642} INFO - Processing file /usr/local/conda/lib/python3.7/site-packages/airflow/example_dags/example_latest_only_with_trigger.py for tasks to queue
[2023-02-12 11:54:35,579] {logging_mixin.py:109} INFO - [2023-02-12 11:54:35,578] {dagbag.py:500} INFO - Filling up the DagBag from /usr/local/conda/lib/python3.7/site-packages/airflow/example_dags/example_latest_only_with_trigger.py
[2023-02-12 11:54:35,610] {processor.py:652} INFO - DAG(s) dict_keys(['latest_only_with_trigger']) retrieved from /usr/local/conda/lib/python3.7/site-packages/airflow/example_dags/example_latest_only_with_trigger.py
[2023-02-12 11:54:35,640] {logging_mixin.py:109} INFO - [2023-02-12 11:54:35,640] {dag.py:2398} INFO - Sync 1 DAGs
[2023-02-12 11:54:35,668] {logging_mixin.py:109} INFO - [2023-02-12 11:54:35,668] {dag.py:2937} INFO - Setting next_dagrun for latest_only_with_trigger to 2023-02-12T02:24:35.667747+00:00
[2023-02-12 11:54:35,716] {processor.py:171} INFO - Processing /usr/local/conda/lib/python3.7/site-packages/airflow/example_dags/example_latest_only_with_trigger.py took 0.150 seconds
[2023-02-12 11:55:16,185] {processor.py:163} INFO - Started process (PID=2508) to work on /usr/local/conda/lib/python3.7/site-packages/airflow/example_dags/example_latest_only_with_trigger.py
[2023-02-12 11:55:16,201] {processor.py:642} INFO - Processing file /usr/local/conda/lib/python3.7/site-packages/airflow/example_dags/example_latest_only_with_trigger.py for tasks to queue
[2023-02-12 11:55:16,205] {logging_mixin.py:109} INFO - [2023-02-12 11:55:16,203] {dagbag.py:500} INFO - Filling up the DagBag from /usr/local/conda/lib/python3.7/site-packages/airflow/example_dags/example_latest_only_with_trigger.py
[2023-02-12 11:55:16,319] {processor.py:652} INFO - DAG(s) dict_keys(['latest_only_with_trigger']) retrieved from /usr/local/conda/lib/python3.7/site-packages/airflow/example_dags/example_latest_only_with_trigger.py
[2023-02-12 11:55:16,421] {logging_mixin.py:109} INFO - [2023-02-12 11:55:16,421] {dag.py:2398} INFO - Sync 1 DAGs
[2023-02-12 11:55:16,497] {logging_mixin.py:109} INFO - [2023-02-12 11:55:16,497] {dag.py:2937} INFO - Setting next_dagrun for latest_only_with_trigger to 2023-02-12T02:25:16.496444+00:00
[2023-02-12 11:55:16,599] {processor.py:171} INFO - Processing /usr/local/conda/lib/python3.7/site-packages/airflow/example_dags/example_latest_only_with_trigger.py took 0.428 seconds
[2023-02-12 11:56:00,317] {processor.py:163} INFO - Started process (PID=2546) to work on /usr/local/conda/lib/python3.7/site-packages/airflow/example_dags/example_latest_only_with_trigger.py
[2023-02-12 11:56:00,322] {processor.py:642} INFO - Processing file /usr/local/conda/lib/python3.7/site-packages/airflow/example_dags/example_latest_only_with_trigger.py for tasks to queue
[2023-02-12 11:56:00,324] {logging_mixin.py:109} INFO - [2023-02-12 11:56:00,323] {dagbag.py:500} INFO - Filling up the DagBag from /usr/local/conda/lib/python3.7/site-packages/airflow/example_dags/example_latest_only_with_trigger.py
[2023-02-12 11:56:00,367] {processor.py:652} INFO - DAG(s) dict_keys(['latest_only_with_trigger']) retrieved from /usr/local/conda/lib/python3.7/site-packages/airflow/example_dags/example_latest_only_with_trigger.py
[2023-02-12 11:56:00,423] {logging_mixin.py:109} INFO - [2023-02-12 11:56:00,423] {dag.py:2398} INFO - Sync 1 DAGs
[2023-02-12 11:56:00,479] {logging_mixin.py:109} INFO - [2023-02-12 11:56:00,479] {dag.py:2937} INFO - Setting next_dagrun for latest_only_with_trigger to 2023-02-12T02:26:00.478704+00:00
[2023-02-12 11:56:00,583] {processor.py:171} INFO - Processing /usr/local/conda/lib/python3.7/site-packages/airflow/example_dags/example_latest_only_with_trigger.py took 0.274 seconds
[2023-02-12 11:56:40,976] {processor.py:163} INFO - Started process (PID=2578) to work on /usr/local/conda/lib/python3.7/site-packages/airflow/example_dags/example_latest_only_with_trigger.py
[2023-02-12 11:56:40,983] {processor.py:642} INFO - Processing file /usr/local/conda/lib/python3.7/site-packages/airflow/example_dags/example_latest_only_with_trigger.py for tasks to queue
[2023-02-12 11:56:40,986] {logging_mixin.py:109} INFO - [2023-02-12 11:56:40,985] {dagbag.py:500} INFO - Filling up the DagBag from /usr/local/conda/lib/python3.7/site-packages/airflow/example_dags/example_latest_only_with_trigger.py
[2023-02-12 11:56:41,019] {processor.py:652} INFO - DAG(s) dict_keys(['latest_only_with_trigger']) retrieved from /usr/local/conda/lib/python3.7/site-packages/airflow/example_dags/example_latest_only_with_trigger.py
[2023-02-12 11:56:41,050] {logging_mixin.py:109} INFO - [2023-02-12 11:56:41,049] {dag.py:2398} INFO - Sync 1 DAGs
[2023-02-12 11:56:41,081] {logging_mixin.py:109} INFO - [2023-02-12 11:56:41,081] {dag.py:2937} INFO - Setting next_dagrun for latest_only_with_trigger to 2023-02-12T02:26:41.081004+00:00
[2023-02-12 11:56:41,115] {processor.py:171} INFO - Processing /usr/local/conda/lib/python3.7/site-packages/airflow/example_dags/example_latest_only_with_trigger.py took 0.145 seconds
[2023-02-12 11:57:20,451] {processor.py:163} INFO - Started process (PID=2610) to work on /usr/local/conda/lib/python3.7/site-packages/airflow/example_dags/example_latest_only_with_trigger.py
[2023-02-12 11:57:20,454] {processor.py:642} INFO - Processing file /usr/local/conda/lib/python3.7/site-packages/airflow/example_dags/example_latest_only_with_trigger.py for tasks to queue
[2023-02-12 11:57:20,455] {logging_mixin.py:109} INFO - [2023-02-12 11:57:20,455] {dagbag.py:500} INFO - Filling up the DagBag from /usr/local/conda/lib/python3.7/site-packages/airflow/example_dags/example_latest_only_with_trigger.py
[2023-02-12 11:57:20,474] {processor.py:652} INFO - DAG(s) dict_keys(['latest_only_with_trigger']) retrieved from /usr/local/conda/lib/python3.7/site-packages/airflow/example_dags/example_latest_only_with_trigger.py
[2023-02-12 11:57:20,492] {logging_mixin.py:109} INFO - [2023-02-12 11:57:20,492] {dag.py:2398} INFO - Sync 1 DAGs
[2023-02-12 11:57:20,511] {logging_mixin.py:109} INFO - [2023-02-12 11:57:20,511] {dag.py:2937} INFO - Setting next_dagrun for latest_only_with_trigger to 2023-02-12T02:27:20.511096+00:00
[2023-02-12 11:57:20,534] {processor.py:171} INFO - Processing /usr/local/conda/lib/python3.7/site-packages/airflow/example_dags/example_latest_only_with_trigger.py took 0.087 seconds
[2023-02-12 11:58:02,658] {processor.py:163} INFO - Started process (PID=2645) to work on /usr/local/conda/lib/python3.7/site-packages/airflow/example_dags/example_latest_only_with_trigger.py
[2023-02-12 11:58:02,687] {processor.py:642} INFO - Processing file /usr/local/conda/lib/python3.7/site-packages/airflow/example_dags/example_latest_only_with_trigger.py for tasks to queue
[2023-02-12 11:58:02,693] {logging_mixin.py:109} INFO - [2023-02-12 11:58:02,692] {dagbag.py:500} INFO - Filling up the DagBag from /usr/local/conda/lib/python3.7/site-packages/airflow/example_dags/example_latest_only_with_trigger.py
[2023-02-12 11:58:02,814] {processor.py:652} INFO - DAG(s) dict_keys(['latest_only_with_trigger']) retrieved from /usr/local/conda/lib/python3.7/site-packages/airflow/example_dags/example_latest_only_with_trigger.py
[2023-02-12 11:58:02,868] {logging_mixin.py:109} INFO - [2023-02-12 11:58:02,868] {dag.py:2398} INFO - Sync 1 DAGs
[2023-02-12 11:58:02,935] {logging_mixin.py:109} INFO - [2023-02-12 11:58:02,934] {dag.py:2937} INFO - Setting next_dagrun for latest_only_with_trigger to 2023-02-12T02:28:02.933773+00:00
[2023-02-12 11:58:03,016] {processor.py:171} INFO - Processing /usr/local/conda/lib/python3.7/site-packages/airflow/example_dags/example_latest_only_with_trigger.py took 0.407 seconds
[2023-02-12 11:58:56,485] {processor.py:163} INFO - Started process (PID=2680) to work on /usr/local/conda/lib/python3.7/site-packages/airflow/example_dags/example_latest_only_with_trigger.py
[2023-02-12 11:58:56,490] {processor.py:642} INFO - Processing file /usr/local/conda/lib/python3.7/site-packages/airflow/example_dags/example_latest_only_with_trigger.py for tasks to queue
[2023-02-12 11:58:56,492] {logging_mixin.py:109} INFO - [2023-02-12 11:58:56,492] {dagbag.py:500} INFO - Filling up the DagBag from /usr/local/conda/lib/python3.7/site-packages/airflow/example_dags/example_latest_only_with_trigger.py
[2023-02-12 11:58:56,526] {processor.py:652} INFO - DAG(s) dict_keys(['latest_only_with_trigger']) retrieved from /usr/local/conda/lib/python3.7/site-packages/airflow/example_dags/example_latest_only_with_trigger.py
[2023-02-12 11:58:56,555] {logging_mixin.py:109} INFO - [2023-02-12 11:58:56,555] {dag.py:2398} INFO - Sync 1 DAGs
[2023-02-12 11:58:56,589] {logging_mixin.py:109} INFO - [2023-02-12 11:58:56,589] {dag.py:2937} INFO - Setting next_dagrun for latest_only_with_trigger to 2023-02-12T02:28:56.588601+00:00
[2023-02-12 11:58:56,625] {processor.py:171} INFO - Processing /usr/local/conda/lib/python3.7/site-packages/airflow/example_dags/example_latest_only_with_trigger.py took 0.148 seconds
