[2023-02-12 11:30:49,421] {processor.py:163} INFO - Started process (PID=1345) to work on /usr/local/conda/lib/python3.7/site-packages/airflow/example_dags/example_kubernetes_executor.py
[2023-02-12 11:30:49,432] {processor.py:642} INFO - Processing file /usr/local/conda/lib/python3.7/site-packages/airflow/example_dags/example_kubernetes_executor.py for tasks to queue
[2023-02-12 11:30:49,444] {logging_mixin.py:109} INFO - [2023-02-12 11:30:49,443] {dagbag.py:500} INFO - Filling up the DagBag from /usr/local/conda/lib/python3.7/site-packages/airflow/example_dags/example_kubernetes_executor.py
[2023-02-12 11:30:49,631] {processor.py:652} INFO - DAG(s) dict_keys(['example_kubernetes_executor']) retrieved from /usr/local/conda/lib/python3.7/site-packages/airflow/example_dags/example_kubernetes_executor.py
[2023-02-12 11:30:49,711] {logging_mixin.py:109} INFO - [2023-02-12 11:30:49,711] {dag.py:2398} INFO - Sync 1 DAGs
[2023-02-12 11:30:49,749] {logging_mixin.py:109} INFO - [2023-02-12 11:30:49,748] {dag.py:2937} INFO - Setting next_dagrun for example_kubernetes_executor to None
[2023-02-12 11:30:49,804] {processor.py:171} INFO - Processing /usr/local/conda/lib/python3.7/site-packages/airflow/example_dags/example_kubernetes_executor.py took 0.399 seconds
[2023-02-12 11:31:38,891] {processor.py:163} INFO - Started process (PID=1423) to work on /usr/local/conda/lib/python3.7/site-packages/airflow/example_dags/example_kubernetes_executor.py
[2023-02-12 11:31:38,894] {processor.py:642} INFO - Processing file /usr/local/conda/lib/python3.7/site-packages/airflow/example_dags/example_kubernetes_executor.py for tasks to queue
[2023-02-12 11:31:38,899] {logging_mixin.py:109} INFO - [2023-02-12 11:31:38,898] {dagbag.py:500} INFO - Filling up the DagBag from /usr/local/conda/lib/python3.7/site-packages/airflow/example_dags/example_kubernetes_executor.py
[2023-02-12 11:31:39,024] {processor.py:652} INFO - DAG(s) dict_keys(['example_kubernetes_executor']) retrieved from /usr/local/conda/lib/python3.7/site-packages/airflow/example_dags/example_kubernetes_executor.py
[2023-02-12 11:31:39,067] {logging_mixin.py:109} INFO - [2023-02-12 11:31:39,067] {dag.py:2398} INFO - Sync 1 DAGs
[2023-02-12 11:31:39,101] {logging_mixin.py:109} INFO - [2023-02-12 11:31:39,101] {dag.py:2937} INFO - Setting next_dagrun for example_kubernetes_executor to None
[2023-02-12 11:31:39,130] {processor.py:171} INFO - Processing /usr/local/conda/lib/python3.7/site-packages/airflow/example_dags/example_kubernetes_executor.py took 0.247 seconds
[2023-02-12 11:32:46,974] {processor.py:163} INFO - Started process (PID=1523) to work on /usr/local/conda/lib/python3.7/site-packages/airflow/example_dags/example_kubernetes_executor.py
[2023-02-12 11:32:46,994] {processor.py:642} INFO - Processing file /usr/local/conda/lib/python3.7/site-packages/airflow/example_dags/example_kubernetes_executor.py for tasks to queue
[2023-02-12 11:32:46,996] {logging_mixin.py:109} INFO - [2023-02-12 11:32:46,996] {dagbag.py:500} INFO - Filling up the DagBag from /usr/local/conda/lib/python3.7/site-packages/airflow/example_dags/example_kubernetes_executor.py
[2023-02-12 11:32:47,099] {processor.py:652} INFO - DAG(s) dict_keys(['example_kubernetes_executor']) retrieved from /usr/local/conda/lib/python3.7/site-packages/airflow/example_dags/example_kubernetes_executor.py
[2023-02-12 11:32:47,174] {logging_mixin.py:109} INFO - [2023-02-12 11:32:47,174] {dag.py:2398} INFO - Sync 1 DAGs
[2023-02-12 11:32:47,237] {logging_mixin.py:109} INFO - [2023-02-12 11:32:47,237] {dag.py:2937} INFO - Setting next_dagrun for example_kubernetes_executor to None
[2023-02-12 11:32:47,327] {processor.py:171} INFO - Processing /usr/local/conda/lib/python3.7/site-packages/airflow/example_dags/example_kubernetes_executor.py took 0.370 seconds
[2023-02-12 11:33:49,750] {processor.py:163} INFO - Started process (PID=1605) to work on /usr/local/conda/lib/python3.7/site-packages/airflow/example_dags/example_kubernetes_executor.py
[2023-02-12 11:33:49,753] {processor.py:642} INFO - Processing file /usr/local/conda/lib/python3.7/site-packages/airflow/example_dags/example_kubernetes_executor.py for tasks to queue
[2023-02-12 11:33:49,755] {logging_mixin.py:109} INFO - [2023-02-12 11:33:49,755] {dagbag.py:500} INFO - Filling up the DagBag from /usr/local/conda/lib/python3.7/site-packages/airflow/example_dags/example_kubernetes_executor.py
[2023-02-12 11:33:49,846] {processor.py:652} INFO - DAG(s) dict_keys(['example_kubernetes_executor']) retrieved from /usr/local/conda/lib/python3.7/site-packages/airflow/example_dags/example_kubernetes_executor.py
[2023-02-12 11:33:49,896] {logging_mixin.py:109} INFO - [2023-02-12 11:33:49,895] {dag.py:2398} INFO - Sync 1 DAGs
[2023-02-12 11:33:49,947] {logging_mixin.py:109} INFO - [2023-02-12 11:33:49,946] {dag.py:2937} INFO - Setting next_dagrun for example_kubernetes_executor to None
[2023-02-12 11:33:49,989] {processor.py:171} INFO - Processing /usr/local/conda/lib/python3.7/site-packages/airflow/example_dags/example_kubernetes_executor.py took 0.248 seconds
[2023-02-12 11:35:42,325] {processor.py:163} INFO - Started process (PID=1651) to work on /usr/local/conda/lib/python3.7/site-packages/airflow/example_dags/example_kubernetes_executor.py
[2023-02-12 11:35:42,328] {processor.py:642} INFO - Processing file /usr/local/conda/lib/python3.7/site-packages/airflow/example_dags/example_kubernetes_executor.py for tasks to queue
[2023-02-12 11:35:42,331] {logging_mixin.py:109} INFO - [2023-02-12 11:35:42,330] {dagbag.py:500} INFO - Filling up the DagBag from /usr/local/conda/lib/python3.7/site-packages/airflow/example_dags/example_kubernetes_executor.py
[2023-02-12 11:35:42,388] {processor.py:652} INFO - DAG(s) dict_keys(['example_kubernetes_executor']) retrieved from /usr/local/conda/lib/python3.7/site-packages/airflow/example_dags/example_kubernetes_executor.py
[2023-02-12 11:35:42,426] {logging_mixin.py:109} INFO - [2023-02-12 11:35:42,425] {dag.py:2398} INFO - Sync 1 DAGs
[2023-02-12 11:35:42,459] {logging_mixin.py:109} INFO - [2023-02-12 11:35:42,458] {dag.py:2937} INFO - Setting next_dagrun for example_kubernetes_executor to None
[2023-02-12 11:35:42,496] {processor.py:171} INFO - Processing /usr/local/conda/lib/python3.7/site-packages/airflow/example_dags/example_kubernetes_executor.py took 0.180 seconds
[2023-02-12 11:37:04,317] {processor.py:163} INFO - Started process (PID=1698) to work on /usr/local/conda/lib/python3.7/site-packages/airflow/example_dags/example_kubernetes_executor.py
[2023-02-12 11:37:04,426] {processor.py:642} INFO - Processing file /usr/local/conda/lib/python3.7/site-packages/airflow/example_dags/example_kubernetes_executor.py for tasks to queue
[2023-02-12 11:37:04,434] {logging_mixin.py:109} INFO - [2023-02-12 11:37:04,433] {dagbag.py:500} INFO - Filling up the DagBag from /usr/local/conda/lib/python3.7/site-packages/airflow/example_dags/example_kubernetes_executor.py
[2023-02-12 11:37:04,535] {processor.py:652} INFO - DAG(s) dict_keys(['example_kubernetes_executor']) retrieved from /usr/local/conda/lib/python3.7/site-packages/airflow/example_dags/example_kubernetes_executor.py
[2023-02-12 11:37:04,586] {logging_mixin.py:109} INFO - [2023-02-12 11:37:04,586] {dag.py:2398} INFO - Sync 1 DAGs
[2023-02-12 11:37:04,610] {logging_mixin.py:109} INFO - [2023-02-12 11:37:04,610] {dag.py:2937} INFO - Setting next_dagrun for example_kubernetes_executor to None
[2023-02-12 11:37:05,591] {processor.py:171} INFO - Processing /usr/local/conda/lib/python3.7/site-packages/airflow/example_dags/example_kubernetes_executor.py took 1.288 seconds
[2023-02-12 11:38:06,856] {processor.py:163} INFO - Started process (PID=1732) to work on /usr/local/conda/lib/python3.7/site-packages/airflow/example_dags/example_kubernetes_executor.py
[2023-02-12 11:38:06,866] {processor.py:642} INFO - Processing file /usr/local/conda/lib/python3.7/site-packages/airflow/example_dags/example_kubernetes_executor.py for tasks to queue
[2023-02-12 11:38:06,902] {logging_mixin.py:109} INFO - [2023-02-12 11:38:06,901] {dagbag.py:500} INFO - Filling up the DagBag from /usr/local/conda/lib/python3.7/site-packages/airflow/example_dags/example_kubernetes_executor.py
[2023-02-12 11:38:07,011] {processor.py:652} INFO - DAG(s) dict_keys(['example_kubernetes_executor']) retrieved from /usr/local/conda/lib/python3.7/site-packages/airflow/example_dags/example_kubernetes_executor.py
[2023-02-12 11:38:07,054] {logging_mixin.py:109} INFO - [2023-02-12 11:38:07,054] {dag.py:2398} INFO - Sync 1 DAGs
[2023-02-12 11:38:07,078] {logging_mixin.py:109} INFO - [2023-02-12 11:38:07,078] {dag.py:2937} INFO - Setting next_dagrun for example_kubernetes_executor to None
[2023-02-12 11:38:07,324] {processor.py:171} INFO - Processing /usr/local/conda/lib/python3.7/site-packages/airflow/example_dags/example_kubernetes_executor.py took 0.485 seconds
[2023-02-12 11:39:05,798] {processor.py:163} INFO - Started process (PID=1766) to work on /usr/local/conda/lib/python3.7/site-packages/airflow/example_dags/example_kubernetes_executor.py
[2023-02-12 11:39:05,807] {processor.py:642} INFO - Processing file /usr/local/conda/lib/python3.7/site-packages/airflow/example_dags/example_kubernetes_executor.py for tasks to queue
[2023-02-12 11:39:05,809] {logging_mixin.py:109} INFO - [2023-02-12 11:39:05,808] {dagbag.py:500} INFO - Filling up the DagBag from /usr/local/conda/lib/python3.7/site-packages/airflow/example_dags/example_kubernetes_executor.py
[2023-02-12 11:39:05,846] {processor.py:652} INFO - DAG(s) dict_keys(['example_kubernetes_executor']) retrieved from /usr/local/conda/lib/python3.7/site-packages/airflow/example_dags/example_kubernetes_executor.py
[2023-02-12 11:39:05,878] {logging_mixin.py:109} INFO - [2023-02-12 11:39:05,878] {dag.py:2398} INFO - Sync 1 DAGs
[2023-02-12 11:39:05,903] {logging_mixin.py:109} INFO - [2023-02-12 11:39:05,903] {dag.py:2937} INFO - Setting next_dagrun for example_kubernetes_executor to None
[2023-02-12 11:39:06,370] {processor.py:171} INFO - Processing /usr/local/conda/lib/python3.7/site-packages/airflow/example_dags/example_kubernetes_executor.py took 0.578 seconds
[2023-02-12 11:40:06,430] {processor.py:163} INFO - Started process (PID=1804) to work on /usr/local/conda/lib/python3.7/site-packages/airflow/example_dags/example_kubernetes_executor.py
[2023-02-12 11:40:06,433] {processor.py:642} INFO - Processing file /usr/local/conda/lib/python3.7/site-packages/airflow/example_dags/example_kubernetes_executor.py for tasks to queue
[2023-02-12 11:40:06,435] {logging_mixin.py:109} INFO - [2023-02-12 11:40:06,435] {dagbag.py:500} INFO - Filling up the DagBag from /usr/local/conda/lib/python3.7/site-packages/airflow/example_dags/example_kubernetes_executor.py
[2023-02-12 11:40:06,485] {processor.py:652} INFO - DAG(s) dict_keys(['example_kubernetes_executor']) retrieved from /usr/local/conda/lib/python3.7/site-packages/airflow/example_dags/example_kubernetes_executor.py
[2023-02-12 11:40:06,522] {logging_mixin.py:109} INFO - [2023-02-12 11:40:06,522] {dag.py:2398} INFO - Sync 1 DAGs
[2023-02-12 11:40:06,551] {logging_mixin.py:109} INFO - [2023-02-12 11:40:06,551] {dag.py:2937} INFO - Setting next_dagrun for example_kubernetes_executor to None
[2023-02-12 11:40:06,594] {processor.py:171} INFO - Processing /usr/local/conda/lib/python3.7/site-packages/airflow/example_dags/example_kubernetes_executor.py took 0.171 seconds
[2023-02-12 11:41:13,725] {processor.py:163} INFO - Started process (PID=1848) to work on /usr/local/conda/lib/python3.7/site-packages/airflow/example_dags/example_kubernetes_executor.py
[2023-02-12 11:41:13,737] {processor.py:642} INFO - Processing file /usr/local/conda/lib/python3.7/site-packages/airflow/example_dags/example_kubernetes_executor.py for tasks to queue
[2023-02-12 11:41:13,743] {logging_mixin.py:109} INFO - [2023-02-12 11:41:13,742] {dagbag.py:500} INFO - Filling up the DagBag from /usr/local/conda/lib/python3.7/site-packages/airflow/example_dags/example_kubernetes_executor.py
[2023-02-12 11:41:13,879] {processor.py:652} INFO - DAG(s) dict_keys(['example_kubernetes_executor']) retrieved from /usr/local/conda/lib/python3.7/site-packages/airflow/example_dags/example_kubernetes_executor.py
[2023-02-12 11:41:14,030] {logging_mixin.py:109} INFO - [2023-02-12 11:41:14,029] {dag.py:2398} INFO - Sync 1 DAGs
[2023-02-12 11:41:14,145] {logging_mixin.py:109} INFO - [2023-02-12 11:41:14,145] {dag.py:2937} INFO - Setting next_dagrun for example_kubernetes_executor to None
[2023-02-12 11:41:14,222] {processor.py:171} INFO - Processing /usr/local/conda/lib/python3.7/site-packages/airflow/example_dags/example_kubernetes_executor.py took 0.515 seconds
[2023-02-12 11:41:55,861] {processor.py:163} INFO - Started process (PID=1882) to work on /usr/local/conda/lib/python3.7/site-packages/airflow/example_dags/example_kubernetes_executor.py
[2023-02-12 11:41:55,873] {processor.py:642} INFO - Processing file /usr/local/conda/lib/python3.7/site-packages/airflow/example_dags/example_kubernetes_executor.py for tasks to queue
[2023-02-12 11:41:55,874] {logging_mixin.py:109} INFO - [2023-02-12 11:41:55,874] {dagbag.py:500} INFO - Filling up the DagBag from /usr/local/conda/lib/python3.7/site-packages/airflow/example_dags/example_kubernetes_executor.py
[2023-02-12 11:41:55,905] {processor.py:652} INFO - DAG(s) dict_keys(['example_kubernetes_executor']) retrieved from /usr/local/conda/lib/python3.7/site-packages/airflow/example_dags/example_kubernetes_executor.py
[2023-02-12 11:41:55,930] {logging_mixin.py:109} INFO - [2023-02-12 11:41:55,930] {dag.py:2398} INFO - Sync 1 DAGs
[2023-02-12 11:41:55,951] {logging_mixin.py:109} INFO - [2023-02-12 11:41:55,951] {dag.py:2937} INFO - Setting next_dagrun for example_kubernetes_executor to None
[2023-02-12 11:41:56,096] {processor.py:171} INFO - Processing /usr/local/conda/lib/python3.7/site-packages/airflow/example_dags/example_kubernetes_executor.py took 0.238 seconds
[2023-02-12 11:42:50,615] {processor.py:163} INFO - Started process (PID=1922) to work on /usr/local/conda/lib/python3.7/site-packages/airflow/example_dags/example_kubernetes_executor.py
[2023-02-12 11:42:50,622] {processor.py:642} INFO - Processing file /usr/local/conda/lib/python3.7/site-packages/airflow/example_dags/example_kubernetes_executor.py for tasks to queue
[2023-02-12 11:42:50,624] {logging_mixin.py:109} INFO - [2023-02-12 11:42:50,624] {dagbag.py:500} INFO - Filling up the DagBag from /usr/local/conda/lib/python3.7/site-packages/airflow/example_dags/example_kubernetes_executor.py
[2023-02-12 11:42:50,678] {processor.py:652} INFO - DAG(s) dict_keys(['example_kubernetes_executor']) retrieved from /usr/local/conda/lib/python3.7/site-packages/airflow/example_dags/example_kubernetes_executor.py
[2023-02-12 11:42:50,717] {logging_mixin.py:109} INFO - [2023-02-12 11:42:50,717] {dag.py:2398} INFO - Sync 1 DAGs
[2023-02-12 11:42:50,752] {logging_mixin.py:109} INFO - [2023-02-12 11:42:50,752] {dag.py:2937} INFO - Setting next_dagrun for example_kubernetes_executor to None
[2023-02-12 11:42:50,800] {processor.py:171} INFO - Processing /usr/local/conda/lib/python3.7/site-packages/airflow/example_dags/example_kubernetes_executor.py took 0.193 seconds
[2023-02-12 11:43:44,587] {processor.py:163} INFO - Started process (PID=1961) to work on /usr/local/conda/lib/python3.7/site-packages/airflow/example_dags/example_kubernetes_executor.py
[2023-02-12 11:43:44,592] {processor.py:642} INFO - Processing file /usr/local/conda/lib/python3.7/site-packages/airflow/example_dags/example_kubernetes_executor.py for tasks to queue
[2023-02-12 11:43:44,594] {logging_mixin.py:109} INFO - [2023-02-12 11:43:44,594] {dagbag.py:500} INFO - Filling up the DagBag from /usr/local/conda/lib/python3.7/site-packages/airflow/example_dags/example_kubernetes_executor.py
[2023-02-12 11:43:44,672] {processor.py:652} INFO - DAG(s) dict_keys(['example_kubernetes_executor']) retrieved from /usr/local/conda/lib/python3.7/site-packages/airflow/example_dags/example_kubernetes_executor.py
[2023-02-12 11:43:44,730] {logging_mixin.py:109} INFO - [2023-02-12 11:43:44,730] {dag.py:2398} INFO - Sync 1 DAGs
[2023-02-12 11:43:44,792] {logging_mixin.py:109} INFO - [2023-02-12 11:43:44,792] {dag.py:2937} INFO - Setting next_dagrun for example_kubernetes_executor to None
[2023-02-12 11:43:44,862] {processor.py:171} INFO - Processing /usr/local/conda/lib/python3.7/site-packages/airflow/example_dags/example_kubernetes_executor.py took 0.283 seconds
[2023-02-12 11:44:35,688] {processor.py:163} INFO - Started process (PID=1998) to work on /usr/local/conda/lib/python3.7/site-packages/airflow/example_dags/example_kubernetes_executor.py
[2023-02-12 11:44:35,702] {processor.py:642} INFO - Processing file /usr/local/conda/lib/python3.7/site-packages/airflow/example_dags/example_kubernetes_executor.py for tasks to queue
[2023-02-12 11:44:35,706] {logging_mixin.py:109} INFO - [2023-02-12 11:44:35,706] {dagbag.py:500} INFO - Filling up the DagBag from /usr/local/conda/lib/python3.7/site-packages/airflow/example_dags/example_kubernetes_executor.py
[2023-02-12 11:44:35,797] {processor.py:652} INFO - DAG(s) dict_keys(['example_kubernetes_executor']) retrieved from /usr/local/conda/lib/python3.7/site-packages/airflow/example_dags/example_kubernetes_executor.py
[2023-02-12 11:44:35,873] {logging_mixin.py:109} INFO - [2023-02-12 11:44:35,873] {dag.py:2398} INFO - Sync 1 DAGs
[2023-02-12 11:44:35,935] {logging_mixin.py:109} INFO - [2023-02-12 11:44:35,935] {dag.py:2937} INFO - Setting next_dagrun for example_kubernetes_executor to None
[2023-02-12 11:44:36,025] {processor.py:171} INFO - Processing /usr/local/conda/lib/python3.7/site-packages/airflow/example_dags/example_kubernetes_executor.py took 0.343 seconds
[2023-02-12 11:45:32,931] {processor.py:163} INFO - Started process (PID=2037) to work on /usr/local/conda/lib/python3.7/site-packages/airflow/example_dags/example_kubernetes_executor.py
[2023-02-12 11:45:32,941] {processor.py:642} INFO - Processing file /usr/local/conda/lib/python3.7/site-packages/airflow/example_dags/example_kubernetes_executor.py for tasks to queue
[2023-02-12 11:45:32,952] {logging_mixin.py:109} INFO - [2023-02-12 11:45:32,951] {dagbag.py:500} INFO - Filling up the DagBag from /usr/local/conda/lib/python3.7/site-packages/airflow/example_dags/example_kubernetes_executor.py
[2023-02-12 11:45:33,062] {processor.py:652} INFO - DAG(s) dict_keys(['example_kubernetes_executor']) retrieved from /usr/local/conda/lib/python3.7/site-packages/airflow/example_dags/example_kubernetes_executor.py
[2023-02-12 11:45:33,154] {logging_mixin.py:109} INFO - [2023-02-12 11:45:33,154] {dag.py:2398} INFO - Sync 1 DAGs
[2023-02-12 11:45:33,238] {logging_mixin.py:109} INFO - [2023-02-12 11:45:33,238] {dag.py:2937} INFO - Setting next_dagrun for example_kubernetes_executor to None
[2023-02-12 11:45:33,297] {processor.py:171} INFO - Processing /usr/local/conda/lib/python3.7/site-packages/airflow/example_dags/example_kubernetes_executor.py took 0.375 seconds
[2023-02-12 11:46:34,299] {processor.py:163} INFO - Started process (PID=2078) to work on /usr/local/conda/lib/python3.7/site-packages/airflow/example_dags/example_kubernetes_executor.py
[2023-02-12 11:46:34,303] {processor.py:642} INFO - Processing file /usr/local/conda/lib/python3.7/site-packages/airflow/example_dags/example_kubernetes_executor.py for tasks to queue
[2023-02-12 11:46:34,306] {logging_mixin.py:109} INFO - [2023-02-12 11:46:34,306] {dagbag.py:500} INFO - Filling up the DagBag from /usr/local/conda/lib/python3.7/site-packages/airflow/example_dags/example_kubernetes_executor.py
[2023-02-12 11:46:34,407] {processor.py:652} INFO - DAG(s) dict_keys(['example_kubernetes_executor']) retrieved from /usr/local/conda/lib/python3.7/site-packages/airflow/example_dags/example_kubernetes_executor.py
[2023-02-12 11:46:34,465] {logging_mixin.py:109} INFO - [2023-02-12 11:46:34,465] {dag.py:2398} INFO - Sync 1 DAGs
[2023-02-12 11:46:34,506] {logging_mixin.py:109} INFO - [2023-02-12 11:46:34,505] {dag.py:2937} INFO - Setting next_dagrun for example_kubernetes_executor to None
[2023-02-12 11:46:34,599] {processor.py:171} INFO - Processing /usr/local/conda/lib/python3.7/site-packages/airflow/example_dags/example_kubernetes_executor.py took 0.306 seconds
[2023-02-12 11:47:25,636] {processor.py:163} INFO - Started process (PID=2114) to work on /usr/local/conda/lib/python3.7/site-packages/airflow/example_dags/example_kubernetes_executor.py
[2023-02-12 11:47:25,641] {processor.py:642} INFO - Processing file /usr/local/conda/lib/python3.7/site-packages/airflow/example_dags/example_kubernetes_executor.py for tasks to queue
[2023-02-12 11:47:25,644] {logging_mixin.py:109} INFO - [2023-02-12 11:47:25,643] {dagbag.py:500} INFO - Filling up the DagBag from /usr/local/conda/lib/python3.7/site-packages/airflow/example_dags/example_kubernetes_executor.py
[2023-02-12 11:47:25,737] {processor.py:652} INFO - DAG(s) dict_keys(['example_kubernetes_executor']) retrieved from /usr/local/conda/lib/python3.7/site-packages/airflow/example_dags/example_kubernetes_executor.py
[2023-02-12 11:47:25,842] {logging_mixin.py:109} INFO - [2023-02-12 11:47:25,842] {dag.py:2398} INFO - Sync 1 DAGs
[2023-02-12 11:47:25,896] {logging_mixin.py:109} INFO - [2023-02-12 11:47:25,896] {dag.py:2937} INFO - Setting next_dagrun for example_kubernetes_executor to None
[2023-02-12 11:47:25,966] {processor.py:171} INFO - Processing /usr/local/conda/lib/python3.7/site-packages/airflow/example_dags/example_kubernetes_executor.py took 0.350 seconds
[2023-02-12 11:48:10,374] {processor.py:163} INFO - Started process (PID=2149) to work on /usr/local/conda/lib/python3.7/site-packages/airflow/example_dags/example_kubernetes_executor.py
[2023-02-12 11:48:10,378] {processor.py:642} INFO - Processing file /usr/local/conda/lib/python3.7/site-packages/airflow/example_dags/example_kubernetes_executor.py for tasks to queue
[2023-02-12 11:48:10,380] {logging_mixin.py:109} INFO - [2023-02-12 11:48:10,380] {dagbag.py:500} INFO - Filling up the DagBag from /usr/local/conda/lib/python3.7/site-packages/airflow/example_dags/example_kubernetes_executor.py
[2023-02-12 11:48:10,426] {processor.py:652} INFO - DAG(s) dict_keys(['example_kubernetes_executor']) retrieved from /usr/local/conda/lib/python3.7/site-packages/airflow/example_dags/example_kubernetes_executor.py
[2023-02-12 11:48:10,460] {logging_mixin.py:109} INFO - [2023-02-12 11:48:10,460] {dag.py:2398} INFO - Sync 1 DAGs
[2023-02-12 11:48:10,489] {logging_mixin.py:109} INFO - [2023-02-12 11:48:10,489] {dag.py:2937} INFO - Setting next_dagrun for example_kubernetes_executor to None
[2023-02-12 11:48:10,513] {processor.py:171} INFO - Processing /usr/local/conda/lib/python3.7/site-packages/airflow/example_dags/example_kubernetes_executor.py took 0.146 seconds
[2023-02-12 11:48:53,996] {processor.py:163} INFO - Started process (PID=2186) to work on /usr/local/conda/lib/python3.7/site-packages/airflow/example_dags/example_kubernetes_executor.py
[2023-02-12 11:48:54,013] {processor.py:642} INFO - Processing file /usr/local/conda/lib/python3.7/site-packages/airflow/example_dags/example_kubernetes_executor.py for tasks to queue
[2023-02-12 11:48:54,017] {logging_mixin.py:109} INFO - [2023-02-12 11:48:54,016] {dagbag.py:500} INFO - Filling up the DagBag from /usr/local/conda/lib/python3.7/site-packages/airflow/example_dags/example_kubernetes_executor.py
[2023-02-12 11:48:54,075] {processor.py:652} INFO - DAG(s) dict_keys(['example_kubernetes_executor']) retrieved from /usr/local/conda/lib/python3.7/site-packages/airflow/example_dags/example_kubernetes_executor.py
[2023-02-12 11:48:54,132] {logging_mixin.py:109} INFO - [2023-02-12 11:48:54,132] {dag.py:2398} INFO - Sync 1 DAGs
[2023-02-12 11:48:54,184] {logging_mixin.py:109} INFO - [2023-02-12 11:48:54,184] {dag.py:2937} INFO - Setting next_dagrun for example_kubernetes_executor to None
[2023-02-12 11:48:54,269] {processor.py:171} INFO - Processing /usr/local/conda/lib/python3.7/site-packages/airflow/example_dags/example_kubernetes_executor.py took 0.280 seconds
[2023-02-12 11:49:50,006] {processor.py:163} INFO - Started process (PID=2227) to work on /usr/local/conda/lib/python3.7/site-packages/airflow/example_dags/example_kubernetes_executor.py
[2023-02-12 11:49:50,013] {processor.py:642} INFO - Processing file /usr/local/conda/lib/python3.7/site-packages/airflow/example_dags/example_kubernetes_executor.py for tasks to queue
[2023-02-12 11:49:50,020] {logging_mixin.py:109} INFO - [2023-02-12 11:49:50,019] {dagbag.py:500} INFO - Filling up the DagBag from /usr/local/conda/lib/python3.7/site-packages/airflow/example_dags/example_kubernetes_executor.py
[2023-02-12 11:49:50,090] {processor.py:652} INFO - DAG(s) dict_keys(['example_kubernetes_executor']) retrieved from /usr/local/conda/lib/python3.7/site-packages/airflow/example_dags/example_kubernetes_executor.py
[2023-02-12 11:49:50,149] {logging_mixin.py:109} INFO - [2023-02-12 11:49:50,149] {dag.py:2398} INFO - Sync 1 DAGs
[2023-02-12 11:49:50,183] {logging_mixin.py:109} INFO - [2023-02-12 11:49:50,183] {dag.py:2937} INFO - Setting next_dagrun for example_kubernetes_executor to None
[2023-02-12 11:49:50,218] {processor.py:171} INFO - Processing /usr/local/conda/lib/python3.7/site-packages/airflow/example_dags/example_kubernetes_executor.py took 0.220 seconds
[2023-02-12 11:50:36,745] {processor.py:163} INFO - Started process (PID=2269) to work on /usr/local/conda/lib/python3.7/site-packages/airflow/example_dags/example_kubernetes_executor.py
[2023-02-12 11:50:36,757] {processor.py:642} INFO - Processing file /usr/local/conda/lib/python3.7/site-packages/airflow/example_dags/example_kubernetes_executor.py for tasks to queue
[2023-02-12 11:50:36,759] {logging_mixin.py:109} INFO - [2023-02-12 11:50:36,759] {dagbag.py:500} INFO - Filling up the DagBag from /usr/local/conda/lib/python3.7/site-packages/airflow/example_dags/example_kubernetes_executor.py
[2023-02-12 11:50:36,805] {processor.py:652} INFO - DAG(s) dict_keys(['example_kubernetes_executor']) retrieved from /usr/local/conda/lib/python3.7/site-packages/airflow/example_dags/example_kubernetes_executor.py
[2023-02-12 11:50:36,843] {logging_mixin.py:109} INFO - [2023-02-12 11:50:36,843] {dag.py:2398} INFO - Sync 1 DAGs
[2023-02-12 11:50:36,874] {logging_mixin.py:109} INFO - [2023-02-12 11:50:36,874] {dag.py:2937} INFO - Setting next_dagrun for example_kubernetes_executor to None
[2023-02-12 11:50:36,904] {processor.py:171} INFO - Processing /usr/local/conda/lib/python3.7/site-packages/airflow/example_dags/example_kubernetes_executor.py took 0.165 seconds
[2023-02-12 11:51:24,886] {processor.py:163} INFO - Started process (PID=2306) to work on /usr/local/conda/lib/python3.7/site-packages/airflow/example_dags/example_kubernetes_executor.py
[2023-02-12 11:51:24,890] {processor.py:642} INFO - Processing file /usr/local/conda/lib/python3.7/site-packages/airflow/example_dags/example_kubernetes_executor.py for tasks to queue
[2023-02-12 11:51:24,892] {logging_mixin.py:109} INFO - [2023-02-12 11:51:24,891] {dagbag.py:500} INFO - Filling up the DagBag from /usr/local/conda/lib/python3.7/site-packages/airflow/example_dags/example_kubernetes_executor.py
[2023-02-12 11:51:24,943] {processor.py:652} INFO - DAG(s) dict_keys(['example_kubernetes_executor']) retrieved from /usr/local/conda/lib/python3.7/site-packages/airflow/example_dags/example_kubernetes_executor.py
[2023-02-12 11:51:24,982] {logging_mixin.py:109} INFO - [2023-02-12 11:51:24,982] {dag.py:2398} INFO - Sync 1 DAGs
[2023-02-12 11:51:25,015] {logging_mixin.py:109} INFO - [2023-02-12 11:51:25,015] {dag.py:2937} INFO - Setting next_dagrun for example_kubernetes_executor to None
[2023-02-12 11:51:25,046] {processor.py:171} INFO - Processing /usr/local/conda/lib/python3.7/site-packages/airflow/example_dags/example_kubernetes_executor.py took 0.166 seconds
[2023-02-12 11:52:03,244] {processor.py:163} INFO - Started process (PID=2340) to work on /usr/local/conda/lib/python3.7/site-packages/airflow/example_dags/example_kubernetes_executor.py
[2023-02-12 11:52:03,247] {processor.py:642} INFO - Processing file /usr/local/conda/lib/python3.7/site-packages/airflow/example_dags/example_kubernetes_executor.py for tasks to queue
[2023-02-12 11:52:03,250] {logging_mixin.py:109} INFO - [2023-02-12 11:52:03,249] {dagbag.py:500} INFO - Filling up the DagBag from /usr/local/conda/lib/python3.7/site-packages/airflow/example_dags/example_kubernetes_executor.py
[2023-02-12 11:52:03,291] {processor.py:652} INFO - DAG(s) dict_keys(['example_kubernetes_executor']) retrieved from /usr/local/conda/lib/python3.7/site-packages/airflow/example_dags/example_kubernetes_executor.py
[2023-02-12 11:52:03,323] {logging_mixin.py:109} INFO - [2023-02-12 11:52:03,323] {dag.py:2398} INFO - Sync 1 DAGs
[2023-02-12 11:52:03,349] {logging_mixin.py:109} INFO - [2023-02-12 11:52:03,349] {dag.py:2937} INFO - Setting next_dagrun for example_kubernetes_executor to None
[2023-02-12 11:52:03,374] {processor.py:171} INFO - Processing /usr/local/conda/lib/python3.7/site-packages/airflow/example_dags/example_kubernetes_executor.py took 0.136 seconds
[2023-02-12 11:52:41,533] {processor.py:163} INFO - Started process (PID=2373) to work on /usr/local/conda/lib/python3.7/site-packages/airflow/example_dags/example_kubernetes_executor.py
[2023-02-12 11:52:41,535] {processor.py:642} INFO - Processing file /usr/local/conda/lib/python3.7/site-packages/airflow/example_dags/example_kubernetes_executor.py for tasks to queue
[2023-02-12 11:52:41,537] {logging_mixin.py:109} INFO - [2023-02-12 11:52:41,537] {dagbag.py:500} INFO - Filling up the DagBag from /usr/local/conda/lib/python3.7/site-packages/airflow/example_dags/example_kubernetes_executor.py
[2023-02-12 11:52:41,564] {processor.py:652} INFO - DAG(s) dict_keys(['example_kubernetes_executor']) retrieved from /usr/local/conda/lib/python3.7/site-packages/airflow/example_dags/example_kubernetes_executor.py
[2023-02-12 11:52:41,587] {logging_mixin.py:109} INFO - [2023-02-12 11:52:41,587] {dag.py:2398} INFO - Sync 1 DAGs
[2023-02-12 11:52:41,605] {logging_mixin.py:109} INFO - [2023-02-12 11:52:41,605] {dag.py:2937} INFO - Setting next_dagrun for example_kubernetes_executor to None
[2023-02-12 11:52:41,624] {processor.py:171} INFO - Processing /usr/local/conda/lib/python3.7/site-packages/airflow/example_dags/example_kubernetes_executor.py took 0.095 seconds
[2023-02-12 11:53:17,611] {processor.py:163} INFO - Started process (PID=2405) to work on /usr/local/conda/lib/python3.7/site-packages/airflow/example_dags/example_kubernetes_executor.py
[2023-02-12 11:53:17,614] {processor.py:642} INFO - Processing file /usr/local/conda/lib/python3.7/site-packages/airflow/example_dags/example_kubernetes_executor.py for tasks to queue
[2023-02-12 11:53:17,615] {logging_mixin.py:109} INFO - [2023-02-12 11:53:17,615] {dagbag.py:500} INFO - Filling up the DagBag from /usr/local/conda/lib/python3.7/site-packages/airflow/example_dags/example_kubernetes_executor.py
[2023-02-12 11:53:17,641] {processor.py:652} INFO - DAG(s) dict_keys(['example_kubernetes_executor']) retrieved from /usr/local/conda/lib/python3.7/site-packages/airflow/example_dags/example_kubernetes_executor.py
[2023-02-12 11:53:17,664] {logging_mixin.py:109} INFO - [2023-02-12 11:53:17,664] {dag.py:2398} INFO - Sync 1 DAGs
[2023-02-12 11:53:17,682] {logging_mixin.py:109} INFO - [2023-02-12 11:53:17,682] {dag.py:2937} INFO - Setting next_dagrun for example_kubernetes_executor to None
[2023-02-12 11:53:17,715] {processor.py:171} INFO - Processing /usr/local/conda/lib/python3.7/site-packages/airflow/example_dags/example_kubernetes_executor.py took 0.107 seconds
[2023-02-12 11:54:00,363] {processor.py:163} INFO - Started process (PID=2442) to work on /usr/local/conda/lib/python3.7/site-packages/airflow/example_dags/example_kubernetes_executor.py
[2023-02-12 11:54:00,365] {processor.py:642} INFO - Processing file /usr/local/conda/lib/python3.7/site-packages/airflow/example_dags/example_kubernetes_executor.py for tasks to queue
[2023-02-12 11:54:00,366] {logging_mixin.py:109} INFO - [2023-02-12 11:54:00,366] {dagbag.py:500} INFO - Filling up the DagBag from /usr/local/conda/lib/python3.7/site-packages/airflow/example_dags/example_kubernetes_executor.py
[2023-02-12 11:54:00,394] {processor.py:652} INFO - DAG(s) dict_keys(['example_kubernetes_executor']) retrieved from /usr/local/conda/lib/python3.7/site-packages/airflow/example_dags/example_kubernetes_executor.py
[2023-02-12 11:54:00,416] {logging_mixin.py:109} INFO - [2023-02-12 11:54:00,416] {dag.py:2398} INFO - Sync 1 DAGs
[2023-02-12 11:54:00,434] {logging_mixin.py:109} INFO - [2023-02-12 11:54:00,434] {dag.py:2937} INFO - Setting next_dagrun for example_kubernetes_executor to None
[2023-02-12 11:54:00,458] {processor.py:171} INFO - Processing /usr/local/conda/lib/python3.7/site-packages/airflow/example_dags/example_kubernetes_executor.py took 0.099 seconds
[2023-02-12 11:54:36,833] {processor.py:163} INFO - Started process (PID=2475) to work on /usr/local/conda/lib/python3.7/site-packages/airflow/example_dags/example_kubernetes_executor.py
[2023-02-12 11:54:36,835] {processor.py:642} INFO - Processing file /usr/local/conda/lib/python3.7/site-packages/airflow/example_dags/example_kubernetes_executor.py for tasks to queue
[2023-02-12 11:54:36,837] {logging_mixin.py:109} INFO - [2023-02-12 11:54:36,837] {dagbag.py:500} INFO - Filling up the DagBag from /usr/local/conda/lib/python3.7/site-packages/airflow/example_dags/example_kubernetes_executor.py
[2023-02-12 11:54:36,862] {processor.py:652} INFO - DAG(s) dict_keys(['example_kubernetes_executor']) retrieved from /usr/local/conda/lib/python3.7/site-packages/airflow/example_dags/example_kubernetes_executor.py
[2023-02-12 11:54:36,884] {logging_mixin.py:109} INFO - [2023-02-12 11:54:36,884] {dag.py:2398} INFO - Sync 1 DAGs
[2023-02-12 11:54:36,904] {logging_mixin.py:109} INFO - [2023-02-12 11:54:36,904] {dag.py:2937} INFO - Setting next_dagrun for example_kubernetes_executor to None
[2023-02-12 11:54:36,924] {processor.py:171} INFO - Processing /usr/local/conda/lib/python3.7/site-packages/airflow/example_dags/example_kubernetes_executor.py took 0.095 seconds
[2023-02-12 11:55:17,830] {processor.py:163} INFO - Started process (PID=2509) to work on /usr/local/conda/lib/python3.7/site-packages/airflow/example_dags/example_kubernetes_executor.py
[2023-02-12 11:55:17,833] {processor.py:642} INFO - Processing file /usr/local/conda/lib/python3.7/site-packages/airflow/example_dags/example_kubernetes_executor.py for tasks to queue
[2023-02-12 11:55:17,835] {logging_mixin.py:109} INFO - [2023-02-12 11:55:17,835] {dagbag.py:500} INFO - Filling up the DagBag from /usr/local/conda/lib/python3.7/site-packages/airflow/example_dags/example_kubernetes_executor.py
[2023-02-12 11:55:17,882] {processor.py:652} INFO - DAG(s) dict_keys(['example_kubernetes_executor']) retrieved from /usr/local/conda/lib/python3.7/site-packages/airflow/example_dags/example_kubernetes_executor.py
[2023-02-12 11:55:17,920] {logging_mixin.py:109} INFO - [2023-02-12 11:55:17,920] {dag.py:2398} INFO - Sync 1 DAGs
[2023-02-12 11:55:17,949] {logging_mixin.py:109} INFO - [2023-02-12 11:55:17,949] {dag.py:2937} INFO - Setting next_dagrun for example_kubernetes_executor to None
[2023-02-12 11:55:17,979] {processor.py:171} INFO - Processing /usr/local/conda/lib/python3.7/site-packages/airflow/example_dags/example_kubernetes_executor.py took 0.156 seconds
[2023-02-12 11:56:01,560] {processor.py:163} INFO - Started process (PID=2547) to work on /usr/local/conda/lib/python3.7/site-packages/airflow/example_dags/example_kubernetes_executor.py
[2023-02-12 11:56:01,568] {processor.py:642} INFO - Processing file /usr/local/conda/lib/python3.7/site-packages/airflow/example_dags/example_kubernetes_executor.py for tasks to queue
[2023-02-12 11:56:01,573] {logging_mixin.py:109} INFO - [2023-02-12 11:56:01,572] {dagbag.py:500} INFO - Filling up the DagBag from /usr/local/conda/lib/python3.7/site-packages/airflow/example_dags/example_kubernetes_executor.py
[2023-02-12 11:56:01,626] {processor.py:652} INFO - DAG(s) dict_keys(['example_kubernetes_executor']) retrieved from /usr/local/conda/lib/python3.7/site-packages/airflow/example_dags/example_kubernetes_executor.py
[2023-02-12 11:56:01,676] {logging_mixin.py:109} INFO - [2023-02-12 11:56:01,675] {dag.py:2398} INFO - Sync 1 DAGs
[2023-02-12 11:56:01,705] {logging_mixin.py:109} INFO - [2023-02-12 11:56:01,705] {dag.py:2937} INFO - Setting next_dagrun for example_kubernetes_executor to None
[2023-02-12 11:56:01,738] {processor.py:171} INFO - Processing /usr/local/conda/lib/python3.7/site-packages/airflow/example_dags/example_kubernetes_executor.py took 0.186 seconds
[2023-02-12 11:56:53,320] {processor.py:163} INFO - Started process (PID=2588) to work on /usr/local/conda/lib/python3.7/site-packages/airflow/example_dags/example_kubernetes_executor.py
[2023-02-12 11:56:53,327] {processor.py:642} INFO - Processing file /usr/local/conda/lib/python3.7/site-packages/airflow/example_dags/example_kubernetes_executor.py for tasks to queue
[2023-02-12 11:56:53,333] {logging_mixin.py:109} INFO - [2023-02-12 11:56:53,332] {dagbag.py:500} INFO - Filling up the DagBag from /usr/local/conda/lib/python3.7/site-packages/airflow/example_dags/example_kubernetes_executor.py
[2023-02-12 11:56:53,376] {processor.py:652} INFO - DAG(s) dict_keys(['example_kubernetes_executor']) retrieved from /usr/local/conda/lib/python3.7/site-packages/airflow/example_dags/example_kubernetes_executor.py
[2023-02-12 11:56:53,412] {logging_mixin.py:109} INFO - [2023-02-12 11:56:53,412] {dag.py:2398} INFO - Sync 1 DAGs
[2023-02-12 11:56:53,440] {logging_mixin.py:109} INFO - [2023-02-12 11:56:53,440] {dag.py:2937} INFO - Setting next_dagrun for example_kubernetes_executor to None
[2023-02-12 11:56:53,471] {processor.py:171} INFO - Processing /usr/local/conda/lib/python3.7/site-packages/airflow/example_dags/example_kubernetes_executor.py took 0.157 seconds
[2023-02-12 11:57:33,185] {processor.py:163} INFO - Started process (PID=2622) to work on /usr/local/conda/lib/python3.7/site-packages/airflow/example_dags/example_kubernetes_executor.py
[2023-02-12 11:57:33,189] {processor.py:642} INFO - Processing file /usr/local/conda/lib/python3.7/site-packages/airflow/example_dags/example_kubernetes_executor.py for tasks to queue
[2023-02-12 11:57:33,192] {logging_mixin.py:109} INFO - [2023-02-12 11:57:33,192] {dagbag.py:500} INFO - Filling up the DagBag from /usr/local/conda/lib/python3.7/site-packages/airflow/example_dags/example_kubernetes_executor.py
[2023-02-12 11:57:33,237] {processor.py:652} INFO - DAG(s) dict_keys(['example_kubernetes_executor']) retrieved from /usr/local/conda/lib/python3.7/site-packages/airflow/example_dags/example_kubernetes_executor.py
[2023-02-12 11:57:33,276] {logging_mixin.py:109} INFO - [2023-02-12 11:57:33,276] {dag.py:2398} INFO - Sync 1 DAGs
[2023-02-12 11:57:33,306] {logging_mixin.py:109} INFO - [2023-02-12 11:57:33,306] {dag.py:2937} INFO - Setting next_dagrun for example_kubernetes_executor to None
[2023-02-12 11:57:33,342] {processor.py:171} INFO - Processing /usr/local/conda/lib/python3.7/site-packages/airflow/example_dags/example_kubernetes_executor.py took 0.164 seconds
[2023-02-12 11:58:23,842] {processor.py:163} INFO - Started process (PID=2657) to work on /usr/local/conda/lib/python3.7/site-packages/airflow/example_dags/example_kubernetes_executor.py
[2023-02-12 11:58:23,852] {processor.py:642} INFO - Processing file /usr/local/conda/lib/python3.7/site-packages/airflow/example_dags/example_kubernetes_executor.py for tasks to queue
[2023-02-12 11:58:23,854] {logging_mixin.py:109} INFO - [2023-02-12 11:58:23,854] {dagbag.py:500} INFO - Filling up the DagBag from /usr/local/conda/lib/python3.7/site-packages/airflow/example_dags/example_kubernetes_executor.py
[2023-02-12 11:58:23,945] {processor.py:652} INFO - DAG(s) dict_keys(['example_kubernetes_executor']) retrieved from /usr/local/conda/lib/python3.7/site-packages/airflow/example_dags/example_kubernetes_executor.py
[2023-02-12 11:58:24,021] {logging_mixin.py:109} INFO - [2023-02-12 11:58:24,021] {dag.py:2398} INFO - Sync 1 DAGs
[2023-02-12 11:58:24,063] {logging_mixin.py:109} INFO - [2023-02-12 11:58:24,063] {dag.py:2937} INFO - Setting next_dagrun for example_kubernetes_executor to None
[2023-02-12 11:58:24,132] {processor.py:171} INFO - Processing /usr/local/conda/lib/python3.7/site-packages/airflow/example_dags/example_kubernetes_executor.py took 0.305 seconds
