[2023-02-12 11:30:30,289] {processor.py:163} INFO - Started process (PID=682) to work on /usr/local/conda/lib/python3.7/site-packages/airflow/example_dags/example_branch_day_of_week_operator.py
[2023-02-12 11:30:30,295] {processor.py:642} INFO - Processing file /usr/local/conda/lib/python3.7/site-packages/airflow/example_dags/example_branch_day_of_week_operator.py for tasks to queue
[2023-02-12 11:30:30,298] {logging_mixin.py:109} INFO - [2023-02-12 11:30:30,298] {dagbag.py:500} INFO - Filling up the DagBag from /usr/local/conda/lib/python3.7/site-packages/airflow/example_dags/example_branch_day_of_week_operator.py
[2023-02-12 11:30:30,378] {processor.py:652} INFO - DAG(s) dict_keys(['example_weekday_branch_operator']) retrieved from /usr/local/conda/lib/python3.7/site-packages/airflow/example_dags/example_branch_day_of_week_operator.py
[2023-02-12 11:30:30,461] {logging_mixin.py:109} INFO - [2023-02-12 11:30:30,459] {dag.py:2398} INFO - Sync 1 DAGs
[2023-02-12 11:30:30,674] {logging_mixin.py:109} INFO - [2023-02-12 11:30:30,673] {dag.py:2937} INFO - Setting next_dagrun for example_weekday_branch_operator to 2023-02-11 00:00:00+00:00
[2023-02-12 11:30:30,750] {processor.py:171} INFO - Processing /usr/local/conda/lib/python3.7/site-packages/airflow/example_dags/example_branch_day_of_week_operator.py took 0.474 seconds
[2023-02-12 11:31:20,606] {processor.py:163} INFO - Started process (PID=1410) to work on /usr/local/conda/lib/python3.7/site-packages/airflow/example_dags/example_branch_day_of_week_operator.py
[2023-02-12 11:31:20,613] {processor.py:642} INFO - Processing file /usr/local/conda/lib/python3.7/site-packages/airflow/example_dags/example_branch_day_of_week_operator.py for tasks to queue
[2023-02-12 11:31:20,621] {logging_mixin.py:109} INFO - [2023-02-12 11:31:20,620] {dagbag.py:500} INFO - Filling up the DagBag from /usr/local/conda/lib/python3.7/site-packages/airflow/example_dags/example_branch_day_of_week_operator.py
[2023-02-12 11:31:20,701] {processor.py:652} INFO - DAG(s) dict_keys(['example_weekday_branch_operator']) retrieved from /usr/local/conda/lib/python3.7/site-packages/airflow/example_dags/example_branch_day_of_week_operator.py
[2023-02-12 11:31:20,764] {logging_mixin.py:109} INFO - [2023-02-12 11:31:20,764] {dag.py:2398} INFO - Sync 1 DAGs
[2023-02-12 11:31:20,852] {logging_mixin.py:109} INFO - [2023-02-12 11:31:20,852] {dag.py:2937} INFO - Setting next_dagrun for example_weekday_branch_operator to 2023-02-11 00:00:00+00:00
[2023-02-12 11:31:21,188] {processor.py:171} INFO - Processing /usr/local/conda/lib/python3.7/site-packages/airflow/example_dags/example_branch_day_of_week_operator.py took 0.595 seconds
[2023-02-12 11:32:12,125] {processor.py:163} INFO - Started process (PID=1449) to work on /usr/local/conda/lib/python3.7/site-packages/airflow/example_dags/example_branch_day_of_week_operator.py
[2023-02-12 11:32:12,127] {processor.py:642} INFO - Processing file /usr/local/conda/lib/python3.7/site-packages/airflow/example_dags/example_branch_day_of_week_operator.py for tasks to queue
[2023-02-12 11:32:12,132] {logging_mixin.py:109} INFO - [2023-02-12 11:32:12,132] {dagbag.py:500} INFO - Filling up the DagBag from /usr/local/conda/lib/python3.7/site-packages/airflow/example_dags/example_branch_day_of_week_operator.py
[2023-02-12 11:32:12,186] {processor.py:652} INFO - DAG(s) dict_keys(['example_weekday_branch_operator']) retrieved from /usr/local/conda/lib/python3.7/site-packages/airflow/example_dags/example_branch_day_of_week_operator.py
[2023-02-12 11:32:12,241] {logging_mixin.py:109} INFO - [2023-02-12 11:32:12,241] {dag.py:2398} INFO - Sync 1 DAGs
[2023-02-12 11:32:12,294] {logging_mixin.py:109} INFO - [2023-02-12 11:32:12,294] {dag.py:2937} INFO - Setting next_dagrun for example_weekday_branch_operator to 2023-02-11 00:00:00+00:00
[2023-02-12 11:32:12,349] {processor.py:171} INFO - Processing /usr/local/conda/lib/python3.7/site-packages/airflow/example_dags/example_branch_day_of_week_operator.py took 0.233 seconds
[2023-02-12 11:33:07,394] {processor.py:163} INFO - Started process (PID=1579) to work on /usr/local/conda/lib/python3.7/site-packages/airflow/example_dags/example_branch_day_of_week_operator.py
[2023-02-12 11:33:07,398] {processor.py:642} INFO - Processing file /usr/local/conda/lib/python3.7/site-packages/airflow/example_dags/example_branch_day_of_week_operator.py for tasks to queue
[2023-02-12 11:33:07,401] {logging_mixin.py:109} INFO - [2023-02-12 11:33:07,401] {dagbag.py:500} INFO - Filling up the DagBag from /usr/local/conda/lib/python3.7/site-packages/airflow/example_dags/example_branch_day_of_week_operator.py
[2023-02-12 11:33:07,468] {processor.py:652} INFO - DAG(s) dict_keys(['example_weekday_branch_operator']) retrieved from /usr/local/conda/lib/python3.7/site-packages/airflow/example_dags/example_branch_day_of_week_operator.py
[2023-02-12 11:33:07,500] {logging_mixin.py:109} INFO - [2023-02-12 11:33:07,499] {dag.py:2398} INFO - Sync 1 DAGs
[2023-02-12 11:33:07,550] {logging_mixin.py:109} INFO - [2023-02-12 11:33:07,550] {dag.py:2937} INFO - Setting next_dagrun for example_weekday_branch_operator to 2023-02-11 00:00:00+00:00
[2023-02-12 11:33:07,689] {processor.py:171} INFO - Processing /usr/local/conda/lib/python3.7/site-packages/airflow/example_dags/example_branch_day_of_week_operator.py took 0.312 seconds
[2023-02-12 11:34:02,404] {processor.py:163} INFO - Started process (PID=1613) to work on /usr/local/conda/lib/python3.7/site-packages/airflow/example_dags/example_branch_day_of_week_operator.py
[2023-02-12 11:34:02,413] {processor.py:642} INFO - Processing file /usr/local/conda/lib/python3.7/site-packages/airflow/example_dags/example_branch_day_of_week_operator.py for tasks to queue
[2023-02-12 11:34:02,420] {logging_mixin.py:109} INFO - [2023-02-12 11:34:02,419] {dagbag.py:500} INFO - Filling up the DagBag from /usr/local/conda/lib/python3.7/site-packages/airflow/example_dags/example_branch_day_of_week_operator.py
[2023-02-12 11:34:02,545] {processor.py:652} INFO - DAG(s) dict_keys(['example_weekday_branch_operator']) retrieved from /usr/local/conda/lib/python3.7/site-packages/airflow/example_dags/example_branch_day_of_week_operator.py
[2023-02-12 11:34:02,591] {logging_mixin.py:109} INFO - [2023-02-12 11:34:02,590] {dag.py:2398} INFO - Sync 1 DAGs
[2023-02-12 11:34:02,626] {logging_mixin.py:109} INFO - [2023-02-12 11:34:02,626] {dag.py:2937} INFO - Setting next_dagrun for example_weekday_branch_operator to 2023-02-11 00:00:00+00:00
[2023-02-12 11:34:03,043] {processor.py:171} INFO - Processing /usr/local/conda/lib/python3.7/site-packages/airflow/example_dags/example_branch_day_of_week_operator.py took 0.664 seconds
[2023-02-12 11:34:49,561] {processor.py:163} INFO - Started process (PID=1642) to work on /usr/local/conda/lib/python3.7/site-packages/airflow/example_dags/example_branch_day_of_week_operator.py
[2023-02-12 11:34:49,566] {processor.py:642} INFO - Processing file /usr/local/conda/lib/python3.7/site-packages/airflow/example_dags/example_branch_day_of_week_operator.py for tasks to queue
[2023-02-12 11:34:49,569] {logging_mixin.py:109} INFO - [2023-02-12 11:34:49,568] {dagbag.py:500} INFO - Filling up the DagBag from /usr/local/conda/lib/python3.7/site-packages/airflow/example_dags/example_branch_day_of_week_operator.py
[2023-02-12 11:34:49,628] {processor.py:652} INFO - DAG(s) dict_keys(['example_weekday_branch_operator']) retrieved from /usr/local/conda/lib/python3.7/site-packages/airflow/example_dags/example_branch_day_of_week_operator.py
[2023-02-12 11:34:49,672] {logging_mixin.py:109} INFO - [2023-02-12 11:34:49,671] {dag.py:2398} INFO - Sync 1 DAGs
[2023-02-12 11:34:49,719] {logging_mixin.py:109} INFO - [2023-02-12 11:34:49,719] {dag.py:2937} INFO - Setting next_dagrun for example_weekday_branch_operator to 2023-02-11 00:00:00+00:00
[2023-02-12 11:34:49,766] {processor.py:171} INFO - Processing /usr/local/conda/lib/python3.7/site-packages/airflow/example_dags/example_branch_day_of_week_operator.py took 0.214 seconds
[2023-02-12 11:36:11,361] {processor.py:163} INFO - Started process (PID=1668) to work on /usr/local/conda/lib/python3.7/site-packages/airflow/example_dags/example_branch_day_of_week_operator.py
[2023-02-12 11:36:11,373] {processor.py:642} INFO - Processing file /usr/local/conda/lib/python3.7/site-packages/airflow/example_dags/example_branch_day_of_week_operator.py for tasks to queue
[2023-02-12 11:36:11,376] {logging_mixin.py:109} INFO - [2023-02-12 11:36:11,376] {dagbag.py:500} INFO - Filling up the DagBag from /usr/local/conda/lib/python3.7/site-packages/airflow/example_dags/example_branch_day_of_week_operator.py
[2023-02-12 11:36:11,421] {processor.py:652} INFO - DAG(s) dict_keys(['example_weekday_branch_operator']) retrieved from /usr/local/conda/lib/python3.7/site-packages/airflow/example_dags/example_branch_day_of_week_operator.py
[2023-02-12 11:36:11,450] {logging_mixin.py:109} INFO - [2023-02-12 11:36:11,450] {dag.py:2398} INFO - Sync 1 DAGs
[2023-02-12 11:36:11,484] {logging_mixin.py:109} INFO - [2023-02-12 11:36:11,484] {dag.py:2937} INFO - Setting next_dagrun for example_weekday_branch_operator to 2023-02-11 00:00:00+00:00
[2023-02-12 11:36:12,162] {processor.py:171} INFO - Processing /usr/local/conda/lib/python3.7/site-packages/airflow/example_dags/example_branch_day_of_week_operator.py took 0.809 seconds
[2023-02-12 11:37:12,669] {processor.py:163} INFO - Started process (PID=1702) to work on /usr/local/conda/lib/python3.7/site-packages/airflow/example_dags/example_branch_day_of_week_operator.py
[2023-02-12 11:37:12,691] {processor.py:642} INFO - Processing file /usr/local/conda/lib/python3.7/site-packages/airflow/example_dags/example_branch_day_of_week_operator.py for tasks to queue
[2023-02-12 11:37:12,696] {logging_mixin.py:109} INFO - [2023-02-12 11:37:12,696] {dagbag.py:500} INFO - Filling up the DagBag from /usr/local/conda/lib/python3.7/site-packages/airflow/example_dags/example_branch_day_of_week_operator.py
[2023-02-12 11:37:12,777] {processor.py:652} INFO - DAG(s) dict_keys(['example_weekday_branch_operator']) retrieved from /usr/local/conda/lib/python3.7/site-packages/airflow/example_dags/example_branch_day_of_week_operator.py
[2023-02-12 11:37:12,862] {logging_mixin.py:109} INFO - [2023-02-12 11:37:12,861] {dag.py:2398} INFO - Sync 1 DAGs
[2023-02-12 11:37:12,908] {logging_mixin.py:109} INFO - [2023-02-12 11:37:12,907] {dag.py:2937} INFO - Setting next_dagrun for example_weekday_branch_operator to 2023-02-11 00:00:00+00:00
[2023-02-12 11:37:13,377] {processor.py:171} INFO - Processing /usr/local/conda/lib/python3.7/site-packages/airflow/example_dags/example_branch_day_of_week_operator.py took 0.724 seconds
[2023-02-12 11:38:16,257] {processor.py:163} INFO - Started process (PID=1736) to work on /usr/local/conda/lib/python3.7/site-packages/airflow/example_dags/example_branch_day_of_week_operator.py
[2023-02-12 11:38:16,266] {processor.py:642} INFO - Processing file /usr/local/conda/lib/python3.7/site-packages/airflow/example_dags/example_branch_day_of_week_operator.py for tasks to queue
[2023-02-12 11:38:16,270] {logging_mixin.py:109} INFO - [2023-02-12 11:38:16,270] {dagbag.py:500} INFO - Filling up the DagBag from /usr/local/conda/lib/python3.7/site-packages/airflow/example_dags/example_branch_day_of_week_operator.py
[2023-02-12 11:38:16,345] {processor.py:652} INFO - DAG(s) dict_keys(['example_weekday_branch_operator']) retrieved from /usr/local/conda/lib/python3.7/site-packages/airflow/example_dags/example_branch_day_of_week_operator.py
[2023-02-12 11:38:16,374] {logging_mixin.py:109} INFO - [2023-02-12 11:38:16,374] {dag.py:2398} INFO - Sync 1 DAGs
[2023-02-12 11:38:16,404] {logging_mixin.py:109} INFO - [2023-02-12 11:38:16,404] {dag.py:2937} INFO - Setting next_dagrun for example_weekday_branch_operator to 2023-02-11 00:00:00+00:00
[2023-02-12 11:38:16,825] {processor.py:171} INFO - Processing /usr/local/conda/lib/python3.7/site-packages/airflow/example_dags/example_branch_day_of_week_operator.py took 0.584 seconds
[2023-02-12 11:39:13,351] {processor.py:163} INFO - Started process (PID=1770) to work on /usr/local/conda/lib/python3.7/site-packages/airflow/example_dags/example_branch_day_of_week_operator.py
[2023-02-12 11:39:13,364] {processor.py:642} INFO - Processing file /usr/local/conda/lib/python3.7/site-packages/airflow/example_dags/example_branch_day_of_week_operator.py for tasks to queue
[2023-02-12 11:39:13,370] {logging_mixin.py:109} INFO - [2023-02-12 11:39:13,368] {dagbag.py:500} INFO - Filling up the DagBag from /usr/local/conda/lib/python3.7/site-packages/airflow/example_dags/example_branch_day_of_week_operator.py
[2023-02-12 11:39:13,407] {processor.py:652} INFO - DAG(s) dict_keys(['example_weekday_branch_operator']) retrieved from /usr/local/conda/lib/python3.7/site-packages/airflow/example_dags/example_branch_day_of_week_operator.py
[2023-02-12 11:39:13,443] {logging_mixin.py:109} INFO - [2023-02-12 11:39:13,443] {dag.py:2398} INFO - Sync 1 DAGs
[2023-02-12 11:39:13,590] {logging_mixin.py:109} INFO - [2023-02-12 11:39:13,590] {dag.py:2937} INFO - Setting next_dagrun for example_weekday_branch_operator to 2023-02-11 00:00:00+00:00
[2023-02-12 11:39:14,171] {processor.py:171} INFO - Processing /usr/local/conda/lib/python3.7/site-packages/airflow/example_dags/example_branch_day_of_week_operator.py took 0.826 seconds
[2023-02-12 11:40:10,220] {processor.py:163} INFO - Started process (PID=1807) to work on /usr/local/conda/lib/python3.7/site-packages/airflow/example_dags/example_branch_day_of_week_operator.py
[2023-02-12 11:40:10,225] {processor.py:642} INFO - Processing file /usr/local/conda/lib/python3.7/site-packages/airflow/example_dags/example_branch_day_of_week_operator.py for tasks to queue
[2023-02-12 11:40:10,228] {logging_mixin.py:109} INFO - [2023-02-12 11:40:10,227] {dagbag.py:500} INFO - Filling up the DagBag from /usr/local/conda/lib/python3.7/site-packages/airflow/example_dags/example_branch_day_of_week_operator.py
[2023-02-12 11:40:10,262] {processor.py:652} INFO - DAG(s) dict_keys(['example_weekday_branch_operator']) retrieved from /usr/local/conda/lib/python3.7/site-packages/airflow/example_dags/example_branch_day_of_week_operator.py
[2023-02-12 11:40:10,293] {logging_mixin.py:109} INFO - [2023-02-12 11:40:10,293] {dag.py:2398} INFO - Sync 1 DAGs
[2023-02-12 11:40:10,334] {logging_mixin.py:109} INFO - [2023-02-12 11:40:10,334] {dag.py:2937} INFO - Setting next_dagrun for example_weekday_branch_operator to 2023-02-11 00:00:00+00:00
[2023-02-12 11:40:10,374] {processor.py:171} INFO - Processing /usr/local/conda/lib/python3.7/site-packages/airflow/example_dags/example_branch_day_of_week_operator.py took 0.161 seconds
[2023-02-12 11:40:59,720] {processor.py:163} INFO - Started process (PID=1838) to work on /usr/local/conda/lib/python3.7/site-packages/airflow/example_dags/example_branch_day_of_week_operator.py
[2023-02-12 11:41:00,019] {processor.py:642} INFO - Processing file /usr/local/conda/lib/python3.7/site-packages/airflow/example_dags/example_branch_day_of_week_operator.py for tasks to queue
[2023-02-12 11:41:00,021] {logging_mixin.py:109} INFO - [2023-02-12 11:41:00,021] {dagbag.py:500} INFO - Filling up the DagBag from /usr/local/conda/lib/python3.7/site-packages/airflow/example_dags/example_branch_day_of_week_operator.py
[2023-02-12 11:41:00,042] {processor.py:652} INFO - DAG(s) dict_keys(['example_weekday_branch_operator']) retrieved from /usr/local/conda/lib/python3.7/site-packages/airflow/example_dags/example_branch_day_of_week_operator.py
[2023-02-12 11:41:00,063] {logging_mixin.py:109} INFO - [2023-02-12 11:41:00,063] {dag.py:2398} INFO - Sync 1 DAGs
[2023-02-12 11:41:00,085] {logging_mixin.py:109} INFO - [2023-02-12 11:41:00,085] {dag.py:2937} INFO - Setting next_dagrun for example_weekday_branch_operator to 2023-02-11 00:00:00+00:00
[2023-02-12 11:41:00,363] {processor.py:171} INFO - Processing /usr/local/conda/lib/python3.7/site-packages/airflow/example_dags/example_branch_day_of_week_operator.py took 0.649 seconds
[2023-02-12 11:41:40,343] {processor.py:163} INFO - Started process (PID=1869) to work on /usr/local/conda/lib/python3.7/site-packages/airflow/example_dags/example_branch_day_of_week_operator.py
[2023-02-12 11:41:40,347] {processor.py:642} INFO - Processing file /usr/local/conda/lib/python3.7/site-packages/airflow/example_dags/example_branch_day_of_week_operator.py for tasks to queue
[2023-02-12 11:41:40,349] {logging_mixin.py:109} INFO - [2023-02-12 11:41:40,348] {dagbag.py:500} INFO - Filling up the DagBag from /usr/local/conda/lib/python3.7/site-packages/airflow/example_dags/example_branch_day_of_week_operator.py
[2023-02-12 11:41:40,371] {processor.py:652} INFO - DAG(s) dict_keys(['example_weekday_branch_operator']) retrieved from /usr/local/conda/lib/python3.7/site-packages/airflow/example_dags/example_branch_day_of_week_operator.py
[2023-02-12 11:41:40,393] {logging_mixin.py:109} INFO - [2023-02-12 11:41:40,392] {dag.py:2398} INFO - Sync 1 DAGs
[2023-02-12 11:41:40,419] {logging_mixin.py:109} INFO - [2023-02-12 11:41:40,419] {dag.py:2937} INFO - Setting next_dagrun for example_weekday_branch_operator to 2023-02-11 00:00:00+00:00
[2023-02-12 11:41:40,506] {processor.py:171} INFO - Processing /usr/local/conda/lib/python3.7/site-packages/airflow/example_dags/example_branch_day_of_week_operator.py took 0.168 seconds
[2023-02-12 11:42:17,576] {processor.py:163} INFO - Started process (PID=1898) to work on /usr/local/conda/lib/python3.7/site-packages/airflow/example_dags/example_branch_day_of_week_operator.py
[2023-02-12 11:42:17,581] {processor.py:642} INFO - Processing file /usr/local/conda/lib/python3.7/site-packages/airflow/example_dags/example_branch_day_of_week_operator.py for tasks to queue
[2023-02-12 11:42:17,584] {logging_mixin.py:109} INFO - [2023-02-12 11:42:17,584] {dagbag.py:500} INFO - Filling up the DagBag from /usr/local/conda/lib/python3.7/site-packages/airflow/example_dags/example_branch_day_of_week_operator.py
[2023-02-12 11:42:17,625] {processor.py:652} INFO - DAG(s) dict_keys(['example_weekday_branch_operator']) retrieved from /usr/local/conda/lib/python3.7/site-packages/airflow/example_dags/example_branch_day_of_week_operator.py
[2023-02-12 11:42:17,674] {logging_mixin.py:109} INFO - [2023-02-12 11:42:17,674] {dag.py:2398} INFO - Sync 1 DAGs
[2023-02-12 11:42:17,708] {logging_mixin.py:109} INFO - [2023-02-12 11:42:17,708] {dag.py:2937} INFO - Setting next_dagrun for example_weekday_branch_operator to 2023-02-11 00:00:00+00:00
[2023-02-12 11:42:17,757] {processor.py:171} INFO - Processing /usr/local/conda/lib/python3.7/site-packages/airflow/example_dags/example_branch_day_of_week_operator.py took 0.188 seconds
[2023-02-12 11:43:02,914] {processor.py:163} INFO - Started process (PID=1931) to work on /usr/local/conda/lib/python3.7/site-packages/airflow/example_dags/example_branch_day_of_week_operator.py
[2023-02-12 11:43:02,934] {processor.py:642} INFO - Processing file /usr/local/conda/lib/python3.7/site-packages/airflow/example_dags/example_branch_day_of_week_operator.py for tasks to queue
[2023-02-12 11:43:02,937] {logging_mixin.py:109} INFO - [2023-02-12 11:43:02,937] {dagbag.py:500} INFO - Filling up the DagBag from /usr/local/conda/lib/python3.7/site-packages/airflow/example_dags/example_branch_day_of_week_operator.py
[2023-02-12 11:43:02,992] {processor.py:652} INFO - DAG(s) dict_keys(['example_weekday_branch_operator']) retrieved from /usr/local/conda/lib/python3.7/site-packages/airflow/example_dags/example_branch_day_of_week_operator.py
[2023-02-12 11:43:03,058] {logging_mixin.py:109} INFO - [2023-02-12 11:43:03,056] {dag.py:2398} INFO - Sync 1 DAGs
[2023-02-12 11:43:03,129] {logging_mixin.py:109} INFO - [2023-02-12 11:43:03,129] {dag.py:2937} INFO - Setting next_dagrun for example_weekday_branch_operator to 2023-02-11 00:00:00+00:00
[2023-02-12 11:43:03,333] {processor.py:171} INFO - Processing /usr/local/conda/lib/python3.7/site-packages/airflow/example_dags/example_branch_day_of_week_operator.py took 0.428 seconds
[2023-02-12 11:43:54,209] {processor.py:163} INFO - Started process (PID=1968) to work on /usr/local/conda/lib/python3.7/site-packages/airflow/example_dags/example_branch_day_of_week_operator.py
[2023-02-12 11:43:54,215] {processor.py:642} INFO - Processing file /usr/local/conda/lib/python3.7/site-packages/airflow/example_dags/example_branch_day_of_week_operator.py for tasks to queue
[2023-02-12 11:43:54,226] {logging_mixin.py:109} INFO - [2023-02-12 11:43:54,225] {dagbag.py:500} INFO - Filling up the DagBag from /usr/local/conda/lib/python3.7/site-packages/airflow/example_dags/example_branch_day_of_week_operator.py
[2023-02-12 11:43:54,276] {processor.py:652} INFO - DAG(s) dict_keys(['example_weekday_branch_operator']) retrieved from /usr/local/conda/lib/python3.7/site-packages/airflow/example_dags/example_branch_day_of_week_operator.py
[2023-02-12 11:43:54,333] {logging_mixin.py:109} INFO - [2023-02-12 11:43:54,332] {dag.py:2398} INFO - Sync 1 DAGs
[2023-02-12 11:43:54,455] {logging_mixin.py:109} INFO - [2023-02-12 11:43:54,455] {dag.py:2937} INFO - Setting next_dagrun for example_weekday_branch_operator to 2023-02-11 00:00:00+00:00
[2023-02-12 11:43:54,568] {processor.py:171} INFO - Processing /usr/local/conda/lib/python3.7/site-packages/airflow/example_dags/example_branch_day_of_week_operator.py took 0.367 seconds
[2023-02-12 11:44:45,411] {processor.py:163} INFO - Started process (PID=2005) to work on /usr/local/conda/lib/python3.7/site-packages/airflow/example_dags/example_branch_day_of_week_operator.py
[2023-02-12 11:44:45,415] {processor.py:642} INFO - Processing file /usr/local/conda/lib/python3.7/site-packages/airflow/example_dags/example_branch_day_of_week_operator.py for tasks to queue
[2023-02-12 11:44:45,422] {logging_mixin.py:109} INFO - [2023-02-12 11:44:45,422] {dagbag.py:500} INFO - Filling up the DagBag from /usr/local/conda/lib/python3.7/site-packages/airflow/example_dags/example_branch_day_of_week_operator.py
[2023-02-12 11:44:45,497] {processor.py:652} INFO - DAG(s) dict_keys(['example_weekday_branch_operator']) retrieved from /usr/local/conda/lib/python3.7/site-packages/airflow/example_dags/example_branch_day_of_week_operator.py
[2023-02-12 11:44:45,572] {logging_mixin.py:109} INFO - [2023-02-12 11:44:45,572] {dag.py:2398} INFO - Sync 1 DAGs
[2023-02-12 11:44:45,638] {logging_mixin.py:109} INFO - [2023-02-12 11:44:45,638] {dag.py:2937} INFO - Setting next_dagrun for example_weekday_branch_operator to 2023-02-11 00:00:00+00:00
[2023-02-12 11:44:45,699] {processor.py:171} INFO - Processing /usr/local/conda/lib/python3.7/site-packages/airflow/example_dags/example_branch_day_of_week_operator.py took 0.306 seconds
[2023-02-12 11:45:41,382] {processor.py:163} INFO - Started process (PID=2043) to work on /usr/local/conda/lib/python3.7/site-packages/airflow/example_dags/example_branch_day_of_week_operator.py
[2023-02-12 11:45:41,402] {processor.py:642} INFO - Processing file /usr/local/conda/lib/python3.7/site-packages/airflow/example_dags/example_branch_day_of_week_operator.py for tasks to queue
[2023-02-12 11:45:41,413] {logging_mixin.py:109} INFO - [2023-02-12 11:45:41,413] {dagbag.py:500} INFO - Filling up the DagBag from /usr/local/conda/lib/python3.7/site-packages/airflow/example_dags/example_branch_day_of_week_operator.py
[2023-02-12 11:45:41,490] {processor.py:652} INFO - DAG(s) dict_keys(['example_weekday_branch_operator']) retrieved from /usr/local/conda/lib/python3.7/site-packages/airflow/example_dags/example_branch_day_of_week_operator.py
[2023-02-12 11:45:41,529] {logging_mixin.py:109} INFO - [2023-02-12 11:45:41,528] {dag.py:2398} INFO - Sync 1 DAGs
[2023-02-12 11:45:41,607] {logging_mixin.py:109} INFO - [2023-02-12 11:45:41,607] {dag.py:2937} INFO - Setting next_dagrun for example_weekday_branch_operator to 2023-02-11 00:00:00+00:00
[2023-02-12 11:45:41,707] {processor.py:171} INFO - Processing /usr/local/conda/lib/python3.7/site-packages/airflow/example_dags/example_branch_day_of_week_operator.py took 0.332 seconds
[2023-02-12 11:46:25,705] {processor.py:163} INFO - Started process (PID=2071) to work on /usr/local/conda/lib/python3.7/site-packages/airflow/example_dags/example_branch_day_of_week_operator.py
[2023-02-12 11:46:25,713] {processor.py:642} INFO - Processing file /usr/local/conda/lib/python3.7/site-packages/airflow/example_dags/example_branch_day_of_week_operator.py for tasks to queue
[2023-02-12 11:46:25,716] {logging_mixin.py:109} INFO - [2023-02-12 11:46:25,716] {dagbag.py:500} INFO - Filling up the DagBag from /usr/local/conda/lib/python3.7/site-packages/airflow/example_dags/example_branch_day_of_week_operator.py
[2023-02-12 11:46:25,837] {processor.py:652} INFO - DAG(s) dict_keys(['example_weekday_branch_operator']) retrieved from /usr/local/conda/lib/python3.7/site-packages/airflow/example_dags/example_branch_day_of_week_operator.py
[2023-02-12 11:46:25,917] {logging_mixin.py:109} INFO - [2023-02-12 11:46:25,917] {dag.py:2398} INFO - Sync 1 DAGs
[2023-02-12 11:46:25,998] {logging_mixin.py:109} INFO - [2023-02-12 11:46:25,996] {dag.py:2937} INFO - Setting next_dagrun for example_weekday_branch_operator to 2023-02-11 00:00:00+00:00
[2023-02-12 11:46:26,080] {processor.py:171} INFO - Processing /usr/local/conda/lib/python3.7/site-packages/airflow/example_dags/example_branch_day_of_week_operator.py took 0.388 seconds
[2023-02-12 11:47:19,306] {processor.py:163} INFO - Started process (PID=2109) to work on /usr/local/conda/lib/python3.7/site-packages/airflow/example_dags/example_branch_day_of_week_operator.py
[2023-02-12 11:47:19,310] {processor.py:642} INFO - Processing file /usr/local/conda/lib/python3.7/site-packages/airflow/example_dags/example_branch_day_of_week_operator.py for tasks to queue
[2023-02-12 11:47:19,312] {logging_mixin.py:109} INFO - [2023-02-12 11:47:19,312] {dagbag.py:500} INFO - Filling up the DagBag from /usr/local/conda/lib/python3.7/site-packages/airflow/example_dags/example_branch_day_of_week_operator.py
[2023-02-12 11:47:19,355] {processor.py:652} INFO - DAG(s) dict_keys(['example_weekday_branch_operator']) retrieved from /usr/local/conda/lib/python3.7/site-packages/airflow/example_dags/example_branch_day_of_week_operator.py
[2023-02-12 11:47:19,387] {logging_mixin.py:109} INFO - [2023-02-12 11:47:19,387] {dag.py:2398} INFO - Sync 1 DAGs
[2023-02-12 11:47:19,423] {logging_mixin.py:109} INFO - [2023-02-12 11:47:19,423] {dag.py:2937} INFO - Setting next_dagrun for example_weekday_branch_operator to 2023-02-11 00:00:00+00:00
[2023-02-12 11:47:19,454] {processor.py:171} INFO - Processing /usr/local/conda/lib/python3.7/site-packages/airflow/example_dags/example_branch_day_of_week_operator.py took 0.155 seconds
[2023-02-12 11:48:03,576] {processor.py:163} INFO - Started process (PID=2144) to work on /usr/local/conda/lib/python3.7/site-packages/airflow/example_dags/example_branch_day_of_week_operator.py
[2023-02-12 11:48:03,583] {processor.py:642} INFO - Processing file /usr/local/conda/lib/python3.7/site-packages/airflow/example_dags/example_branch_day_of_week_operator.py for tasks to queue
[2023-02-12 11:48:03,586] {logging_mixin.py:109} INFO - [2023-02-12 11:48:03,585] {dagbag.py:500} INFO - Filling up the DagBag from /usr/local/conda/lib/python3.7/site-packages/airflow/example_dags/example_branch_day_of_week_operator.py
[2023-02-12 11:48:03,619] {processor.py:652} INFO - DAG(s) dict_keys(['example_weekday_branch_operator']) retrieved from /usr/local/conda/lib/python3.7/site-packages/airflow/example_dags/example_branch_day_of_week_operator.py
[2023-02-12 11:48:03,647] {logging_mixin.py:109} INFO - [2023-02-12 11:48:03,647] {dag.py:2398} INFO - Sync 1 DAGs
[2023-02-12 11:48:03,688] {logging_mixin.py:109} INFO - [2023-02-12 11:48:03,687] {dag.py:2937} INFO - Setting next_dagrun for example_weekday_branch_operator to 2023-02-11 00:00:00+00:00
[2023-02-12 11:48:03,729] {processor.py:171} INFO - Processing /usr/local/conda/lib/python3.7/site-packages/airflow/example_dags/example_branch_day_of_week_operator.py took 0.159 seconds
[2023-02-12 11:48:39,920] {processor.py:163} INFO - Started process (PID=2174) to work on /usr/local/conda/lib/python3.7/site-packages/airflow/example_dags/example_branch_day_of_week_operator.py
[2023-02-12 11:48:39,934] {processor.py:642} INFO - Processing file /usr/local/conda/lib/python3.7/site-packages/airflow/example_dags/example_branch_day_of_week_operator.py for tasks to queue
[2023-02-12 11:48:39,942] {logging_mixin.py:109} INFO - [2023-02-12 11:48:39,941] {dagbag.py:500} INFO - Filling up the DagBag from /usr/local/conda/lib/python3.7/site-packages/airflow/example_dags/example_branch_day_of_week_operator.py
[2023-02-12 11:48:40,016] {processor.py:652} INFO - DAG(s) dict_keys(['example_weekday_branch_operator']) retrieved from /usr/local/conda/lib/python3.7/site-packages/airflow/example_dags/example_branch_day_of_week_operator.py
[2023-02-12 11:48:40,087] {logging_mixin.py:109} INFO - [2023-02-12 11:48:40,087] {dag.py:2398} INFO - Sync 1 DAGs
[2023-02-12 11:48:40,186] {logging_mixin.py:109} INFO - [2023-02-12 11:48:40,186] {dag.py:2937} INFO - Setting next_dagrun for example_weekday_branch_operator to 2023-02-11 00:00:00+00:00
[2023-02-12 11:48:40,294] {processor.py:171} INFO - Processing /usr/local/conda/lib/python3.7/site-packages/airflow/example_dags/example_branch_day_of_week_operator.py took 0.388 seconds
[2023-02-12 11:49:28,272] {processor.py:163} INFO - Started process (PID=2211) to work on /usr/local/conda/lib/python3.7/site-packages/airflow/example_dags/example_branch_day_of_week_operator.py
[2023-02-12 11:49:28,276] {processor.py:642} INFO - Processing file /usr/local/conda/lib/python3.7/site-packages/airflow/example_dags/example_branch_day_of_week_operator.py for tasks to queue
[2023-02-12 11:49:28,278] {logging_mixin.py:109} INFO - [2023-02-12 11:49:28,278] {dagbag.py:500} INFO - Filling up the DagBag from /usr/local/conda/lib/python3.7/site-packages/airflow/example_dags/example_branch_day_of_week_operator.py
[2023-02-12 11:49:28,326] {processor.py:652} INFO - DAG(s) dict_keys(['example_weekday_branch_operator']) retrieved from /usr/local/conda/lib/python3.7/site-packages/airflow/example_dags/example_branch_day_of_week_operator.py
[2023-02-12 11:49:28,361] {logging_mixin.py:109} INFO - [2023-02-12 11:49:28,361] {dag.py:2398} INFO - Sync 1 DAGs
[2023-02-12 11:49:28,401] {logging_mixin.py:109} INFO - [2023-02-12 11:49:28,401] {dag.py:2937} INFO - Setting next_dagrun for example_weekday_branch_operator to 2023-02-11 00:00:00+00:00
[2023-02-12 11:49:28,473] {processor.py:171} INFO - Processing /usr/local/conda/lib/python3.7/site-packages/airflow/example_dags/example_branch_day_of_week_operator.py took 0.209 seconds
[2023-02-12 11:50:10,218] {processor.py:163} INFO - Started process (PID=2246) to work on /usr/local/conda/lib/python3.7/site-packages/airflow/example_dags/example_branch_day_of_week_operator.py
[2023-02-12 11:50:10,224] {processor.py:642} INFO - Processing file /usr/local/conda/lib/python3.7/site-packages/airflow/example_dags/example_branch_day_of_week_operator.py for tasks to queue
[2023-02-12 11:50:10,227] {logging_mixin.py:109} INFO - [2023-02-12 11:50:10,226] {dagbag.py:500} INFO - Filling up the DagBag from /usr/local/conda/lib/python3.7/site-packages/airflow/example_dags/example_branch_day_of_week_operator.py
[2023-02-12 11:50:10,263] {processor.py:652} INFO - DAG(s) dict_keys(['example_weekday_branch_operator']) retrieved from /usr/local/conda/lib/python3.7/site-packages/airflow/example_dags/example_branch_day_of_week_operator.py
[2023-02-12 11:50:10,290] {logging_mixin.py:109} INFO - [2023-02-12 11:50:10,290] {dag.py:2398} INFO - Sync 1 DAGs
[2023-02-12 11:50:10,323] {logging_mixin.py:109} INFO - [2023-02-12 11:50:10,322] {dag.py:2937} INFO - Setting next_dagrun for example_weekday_branch_operator to 2023-02-11 00:00:00+00:00
[2023-02-12 11:50:10,361] {processor.py:171} INFO - Processing /usr/local/conda/lib/python3.7/site-packages/airflow/example_dags/example_branch_day_of_week_operator.py took 0.152 seconds
[2023-02-12 11:50:47,345] {processor.py:163} INFO - Started process (PID=2277) to work on /usr/local/conda/lib/python3.7/site-packages/airflow/example_dags/example_branch_day_of_week_operator.py
[2023-02-12 11:50:47,349] {processor.py:642} INFO - Processing file /usr/local/conda/lib/python3.7/site-packages/airflow/example_dags/example_branch_day_of_week_operator.py for tasks to queue
[2023-02-12 11:50:47,351] {logging_mixin.py:109} INFO - [2023-02-12 11:50:47,350] {dagbag.py:500} INFO - Filling up the DagBag from /usr/local/conda/lib/python3.7/site-packages/airflow/example_dags/example_branch_day_of_week_operator.py
[2023-02-12 11:50:47,388] {processor.py:652} INFO - DAG(s) dict_keys(['example_weekday_branch_operator']) retrieved from /usr/local/conda/lib/python3.7/site-packages/airflow/example_dags/example_branch_day_of_week_operator.py
[2023-02-12 11:50:47,417] {logging_mixin.py:109} INFO - [2023-02-12 11:50:47,417] {dag.py:2398} INFO - Sync 1 DAGs
[2023-02-12 11:50:47,450] {logging_mixin.py:109} INFO - [2023-02-12 11:50:47,450] {dag.py:2937} INFO - Setting next_dagrun for example_weekday_branch_operator to 2023-02-11 00:00:00+00:00
[2023-02-12 11:50:47,484] {processor.py:171} INFO - Processing /usr/local/conda/lib/python3.7/site-packages/airflow/example_dags/example_branch_day_of_week_operator.py took 0.146 seconds
[2023-02-12 11:51:23,622] {processor.py:163} INFO - Started process (PID=2305) to work on /usr/local/conda/lib/python3.7/site-packages/airflow/example_dags/example_branch_day_of_week_operator.py
[2023-02-12 11:51:23,625] {processor.py:642} INFO - Processing file /usr/local/conda/lib/python3.7/site-packages/airflow/example_dags/example_branch_day_of_week_operator.py for tasks to queue
[2023-02-12 11:51:23,628] {logging_mixin.py:109} INFO - [2023-02-12 11:51:23,628] {dagbag.py:500} INFO - Filling up the DagBag from /usr/local/conda/lib/python3.7/site-packages/airflow/example_dags/example_branch_day_of_week_operator.py
[2023-02-12 11:51:23,662] {processor.py:652} INFO - DAG(s) dict_keys(['example_weekday_branch_operator']) retrieved from /usr/local/conda/lib/python3.7/site-packages/airflow/example_dags/example_branch_day_of_week_operator.py
[2023-02-12 11:51:23,694] {logging_mixin.py:109} INFO - [2023-02-12 11:51:23,694] {dag.py:2398} INFO - Sync 1 DAGs
[2023-02-12 11:51:23,726] {logging_mixin.py:109} INFO - [2023-02-12 11:51:23,726] {dag.py:2937} INFO - Setting next_dagrun for example_weekday_branch_operator to 2023-02-11 00:00:00+00:00
[2023-02-12 11:51:23,756] {processor.py:171} INFO - Processing /usr/local/conda/lib/python3.7/site-packages/airflow/example_dags/example_branch_day_of_week_operator.py took 0.140 seconds
[2023-02-12 11:52:01,911] {processor.py:163} INFO - Started process (PID=2339) to work on /usr/local/conda/lib/python3.7/site-packages/airflow/example_dags/example_branch_day_of_week_operator.py
[2023-02-12 11:52:01,915] {processor.py:642} INFO - Processing file /usr/local/conda/lib/python3.7/site-packages/airflow/example_dags/example_branch_day_of_week_operator.py for tasks to queue
[2023-02-12 11:52:01,918] {logging_mixin.py:109} INFO - [2023-02-12 11:52:01,917] {dagbag.py:500} INFO - Filling up the DagBag from /usr/local/conda/lib/python3.7/site-packages/airflow/example_dags/example_branch_day_of_week_operator.py
[2023-02-12 11:52:01,954] {processor.py:652} INFO - DAG(s) dict_keys(['example_weekday_branch_operator']) retrieved from /usr/local/conda/lib/python3.7/site-packages/airflow/example_dags/example_branch_day_of_week_operator.py
[2023-02-12 11:52:01,981] {logging_mixin.py:109} INFO - [2023-02-12 11:52:01,981] {dag.py:2398} INFO - Sync 1 DAGs
[2023-02-12 11:52:02,013] {logging_mixin.py:109} INFO - [2023-02-12 11:52:02,013] {dag.py:2937} INFO - Setting next_dagrun for example_weekday_branch_operator to 2023-02-11 00:00:00+00:00
[2023-02-12 11:52:02,041] {processor.py:171} INFO - Processing /usr/local/conda/lib/python3.7/site-packages/airflow/example_dags/example_branch_day_of_week_operator.py took 0.137 seconds
[2023-02-12 11:52:38,586] {processor.py:163} INFO - Started process (PID=2370) to work on /usr/local/conda/lib/python3.7/site-packages/airflow/example_dags/example_branch_day_of_week_operator.py
[2023-02-12 11:52:38,588] {processor.py:642} INFO - Processing file /usr/local/conda/lib/python3.7/site-packages/airflow/example_dags/example_branch_day_of_week_operator.py for tasks to queue
[2023-02-12 11:52:38,590] {logging_mixin.py:109} INFO - [2023-02-12 11:52:38,590] {dagbag.py:500} INFO - Filling up the DagBag from /usr/local/conda/lib/python3.7/site-packages/airflow/example_dags/example_branch_day_of_week_operator.py
[2023-02-12 11:52:38,611] {processor.py:652} INFO - DAG(s) dict_keys(['example_weekday_branch_operator']) retrieved from /usr/local/conda/lib/python3.7/site-packages/airflow/example_dags/example_branch_day_of_week_operator.py
[2023-02-12 11:52:38,631] {logging_mixin.py:109} INFO - [2023-02-12 11:52:38,631] {dag.py:2398} INFO - Sync 1 DAGs
[2023-02-12 11:52:38,650] {logging_mixin.py:109} INFO - [2023-02-12 11:52:38,650] {dag.py:2937} INFO - Setting next_dagrun for example_weekday_branch_operator to 2023-02-11 00:00:00+00:00
[2023-02-12 11:52:38,673] {processor.py:171} INFO - Processing /usr/local/conda/lib/python3.7/site-packages/airflow/example_dags/example_branch_day_of_week_operator.py took 0.091 seconds
[2023-02-12 11:53:14,668] {processor.py:163} INFO - Started process (PID=2402) to work on /usr/local/conda/lib/python3.7/site-packages/airflow/example_dags/example_branch_day_of_week_operator.py
[2023-02-12 11:53:14,670] {processor.py:642} INFO - Processing file /usr/local/conda/lib/python3.7/site-packages/airflow/example_dags/example_branch_day_of_week_operator.py for tasks to queue
[2023-02-12 11:53:14,672] {logging_mixin.py:109} INFO - [2023-02-12 11:53:14,672] {dagbag.py:500} INFO - Filling up the DagBag from /usr/local/conda/lib/python3.7/site-packages/airflow/example_dags/example_branch_day_of_week_operator.py
[2023-02-12 11:53:14,695] {processor.py:652} INFO - DAG(s) dict_keys(['example_weekday_branch_operator']) retrieved from /usr/local/conda/lib/python3.7/site-packages/airflow/example_dags/example_branch_day_of_week_operator.py
[2023-02-12 11:53:14,715] {logging_mixin.py:109} INFO - [2023-02-12 11:53:14,715] {dag.py:2398} INFO - Sync 1 DAGs
[2023-02-12 11:53:14,736] {logging_mixin.py:109} INFO - [2023-02-12 11:53:14,736] {dag.py:2937} INFO - Setting next_dagrun for example_weekday_branch_operator to 2023-02-11 00:00:00+00:00
[2023-02-12 11:53:14,758] {processor.py:171} INFO - Processing /usr/local/conda/lib/python3.7/site-packages/airflow/example_dags/example_branch_day_of_week_operator.py took 0.094 seconds
[2023-02-12 11:53:47,944] {processor.py:163} INFO - Started process (PID=2432) to work on /usr/local/conda/lib/python3.7/site-packages/airflow/example_dags/example_branch_day_of_week_operator.py
[2023-02-12 11:53:47,946] {processor.py:642} INFO - Processing file /usr/local/conda/lib/python3.7/site-packages/airflow/example_dags/example_branch_day_of_week_operator.py for tasks to queue
[2023-02-12 11:53:47,948] {logging_mixin.py:109} INFO - [2023-02-12 11:53:47,948] {dagbag.py:500} INFO - Filling up the DagBag from /usr/local/conda/lib/python3.7/site-packages/airflow/example_dags/example_branch_day_of_week_operator.py
[2023-02-12 11:53:47,968] {processor.py:652} INFO - DAG(s) dict_keys(['example_weekday_branch_operator']) retrieved from /usr/local/conda/lib/python3.7/site-packages/airflow/example_dags/example_branch_day_of_week_operator.py
[2023-02-12 11:53:47,987] {logging_mixin.py:109} INFO - [2023-02-12 11:53:47,987] {dag.py:2398} INFO - Sync 1 DAGs
[2023-02-12 11:53:48,009] {logging_mixin.py:109} INFO - [2023-02-12 11:53:48,009] {dag.py:2937} INFO - Setting next_dagrun for example_weekday_branch_operator to 2023-02-11 00:00:00+00:00
[2023-02-12 11:53:48,032] {processor.py:171} INFO - Processing /usr/local/conda/lib/python3.7/site-packages/airflow/example_dags/example_branch_day_of_week_operator.py took 0.092 seconds
[2023-02-12 11:54:25,095] {processor.py:163} INFO - Started process (PID=2463) to work on /usr/local/conda/lib/python3.7/site-packages/airflow/example_dags/example_branch_day_of_week_operator.py
[2023-02-12 11:54:25,098] {processor.py:642} INFO - Processing file /usr/local/conda/lib/python3.7/site-packages/airflow/example_dags/example_branch_day_of_week_operator.py for tasks to queue
[2023-02-12 11:54:25,100] {logging_mixin.py:109} INFO - [2023-02-12 11:54:25,100] {dagbag.py:500} INFO - Filling up the DagBag from /usr/local/conda/lib/python3.7/site-packages/airflow/example_dags/example_branch_day_of_week_operator.py
[2023-02-12 11:54:25,136] {processor.py:652} INFO - DAG(s) dict_keys(['example_weekday_branch_operator']) retrieved from /usr/local/conda/lib/python3.7/site-packages/airflow/example_dags/example_branch_day_of_week_operator.py
[2023-02-12 11:54:25,163] {logging_mixin.py:109} INFO - [2023-02-12 11:54:25,163] {dag.py:2398} INFO - Sync 1 DAGs
[2023-02-12 11:54:25,194] {logging_mixin.py:109} INFO - [2023-02-12 11:54:25,194] {dag.py:2937} INFO - Setting next_dagrun for example_weekday_branch_operator to 2023-02-11 00:00:00+00:00
[2023-02-12 11:54:25,226] {processor.py:171} INFO - Processing /usr/local/conda/lib/python3.7/site-packages/airflow/example_dags/example_branch_day_of_week_operator.py took 0.138 seconds
[2023-02-12 11:55:04,325] {processor.py:163} INFO - Started process (PID=2498) to work on /usr/local/conda/lib/python3.7/site-packages/airflow/example_dags/example_branch_day_of_week_operator.py
[2023-02-12 11:55:04,328] {processor.py:642} INFO - Processing file /usr/local/conda/lib/python3.7/site-packages/airflow/example_dags/example_branch_day_of_week_operator.py for tasks to queue
[2023-02-12 11:55:04,329] {logging_mixin.py:109} INFO - [2023-02-12 11:55:04,329] {dagbag.py:500} INFO - Filling up the DagBag from /usr/local/conda/lib/python3.7/site-packages/airflow/example_dags/example_branch_day_of_week_operator.py
[2023-02-12 11:55:04,353] {processor.py:652} INFO - DAG(s) dict_keys(['example_weekday_branch_operator']) retrieved from /usr/local/conda/lib/python3.7/site-packages/airflow/example_dags/example_branch_day_of_week_operator.py
[2023-02-12 11:55:04,375] {logging_mixin.py:109} INFO - [2023-02-12 11:55:04,375] {dag.py:2398} INFO - Sync 1 DAGs
[2023-02-12 11:55:04,402] {logging_mixin.py:109} INFO - [2023-02-12 11:55:04,402] {dag.py:2937} INFO - Setting next_dagrun for example_weekday_branch_operator to 2023-02-11 00:00:00+00:00
[2023-02-12 11:55:04,422] {processor.py:171} INFO - Processing /usr/local/conda/lib/python3.7/site-packages/airflow/example_dags/example_branch_day_of_week_operator.py took 0.101 seconds
[2023-02-12 11:55:41,450] {processor.py:163} INFO - Started process (PID=2530) to work on /usr/local/conda/lib/python3.7/site-packages/airflow/example_dags/example_branch_day_of_week_operator.py
[2023-02-12 11:55:41,454] {processor.py:642} INFO - Processing file /usr/local/conda/lib/python3.7/site-packages/airflow/example_dags/example_branch_day_of_week_operator.py for tasks to queue
[2023-02-12 11:55:41,456] {logging_mixin.py:109} INFO - [2023-02-12 11:55:41,456] {dagbag.py:500} INFO - Filling up the DagBag from /usr/local/conda/lib/python3.7/site-packages/airflow/example_dags/example_branch_day_of_week_operator.py
[2023-02-12 11:55:41,491] {processor.py:652} INFO - DAG(s) dict_keys(['example_weekday_branch_operator']) retrieved from /usr/local/conda/lib/python3.7/site-packages/airflow/example_dags/example_branch_day_of_week_operator.py
[2023-02-12 11:55:41,522] {logging_mixin.py:109} INFO - [2023-02-12 11:55:41,522] {dag.py:2398} INFO - Sync 1 DAGs
[2023-02-12 11:55:41,560] {logging_mixin.py:109} INFO - [2023-02-12 11:55:41,560] {dag.py:2937} INFO - Setting next_dagrun for example_weekday_branch_operator to 2023-02-11 00:00:00+00:00
[2023-02-12 11:55:41,590] {processor.py:171} INFO - Processing /usr/local/conda/lib/python3.7/site-packages/airflow/example_dags/example_branch_day_of_week_operator.py took 0.146 seconds
[2023-02-12 11:56:20,031] {processor.py:163} INFO - Started process (PID=2560) to work on /usr/local/conda/lib/python3.7/site-packages/airflow/example_dags/example_branch_day_of_week_operator.py
[2023-02-12 11:56:20,035] {processor.py:642} INFO - Processing file /usr/local/conda/lib/python3.7/site-packages/airflow/example_dags/example_branch_day_of_week_operator.py for tasks to queue
[2023-02-12 11:56:20,037] {logging_mixin.py:109} INFO - [2023-02-12 11:56:20,036] {dagbag.py:500} INFO - Filling up the DagBag from /usr/local/conda/lib/python3.7/site-packages/airflow/example_dags/example_branch_day_of_week_operator.py
[2023-02-12 11:56:20,058] {processor.py:652} INFO - DAG(s) dict_keys(['example_weekday_branch_operator']) retrieved from /usr/local/conda/lib/python3.7/site-packages/airflow/example_dags/example_branch_day_of_week_operator.py
[2023-02-12 11:56:20,078] {logging_mixin.py:109} INFO - [2023-02-12 11:56:20,077] {dag.py:2398} INFO - Sync 1 DAGs
[2023-02-12 11:56:20,097] {logging_mixin.py:109} INFO - [2023-02-12 11:56:20,097] {dag.py:2937} INFO - Setting next_dagrun for example_weekday_branch_operator to 2023-02-11 00:00:00+00:00
[2023-02-12 11:56:20,119] {processor.py:171} INFO - Processing /usr/local/conda/lib/python3.7/site-packages/airflow/example_dags/example_branch_day_of_week_operator.py took 0.093 seconds
[2023-02-12 11:56:58,558] {processor.py:163} INFO - Started process (PID=2593) to work on /usr/local/conda/lib/python3.7/site-packages/airflow/example_dags/example_branch_day_of_week_operator.py
[2023-02-12 11:56:58,585] {processor.py:642} INFO - Processing file /usr/local/conda/lib/python3.7/site-packages/airflow/example_dags/example_branch_day_of_week_operator.py for tasks to queue
[2023-02-12 11:56:58,587] {logging_mixin.py:109} INFO - [2023-02-12 11:56:58,587] {dagbag.py:500} INFO - Filling up the DagBag from /usr/local/conda/lib/python3.7/site-packages/airflow/example_dags/example_branch_day_of_week_operator.py
[2023-02-12 11:56:58,754] {processor.py:652} INFO - DAG(s) dict_keys(['example_weekday_branch_operator']) retrieved from /usr/local/conda/lib/python3.7/site-packages/airflow/example_dags/example_branch_day_of_week_operator.py
[2023-02-12 11:56:58,876] {logging_mixin.py:109} INFO - [2023-02-12 11:56:58,875] {dag.py:2398} INFO - Sync 1 DAGs
[2023-02-12 11:56:58,958] {logging_mixin.py:109} INFO - [2023-02-12 11:56:58,957] {dag.py:2937} INFO - Setting next_dagrun for example_weekday_branch_operator to 2023-02-11 00:00:00+00:00
[2023-02-12 11:56:59,059] {processor.py:171} INFO - Processing /usr/local/conda/lib/python3.7/site-packages/airflow/example_dags/example_branch_day_of_week_operator.py took 0.524 seconds
[2023-02-12 11:57:37,989] {processor.py:163} INFO - Started process (PID=2626) to work on /usr/local/conda/lib/python3.7/site-packages/airflow/example_dags/example_branch_day_of_week_operator.py
[2023-02-12 11:57:37,992] {processor.py:642} INFO - Processing file /usr/local/conda/lib/python3.7/site-packages/airflow/example_dags/example_branch_day_of_week_operator.py for tasks to queue
[2023-02-12 11:57:37,995] {logging_mixin.py:109} INFO - [2023-02-12 11:57:37,994] {dagbag.py:500} INFO - Filling up the DagBag from /usr/local/conda/lib/python3.7/site-packages/airflow/example_dags/example_branch_day_of_week_operator.py
[2023-02-12 11:57:38,028] {processor.py:652} INFO - DAG(s) dict_keys(['example_weekday_branch_operator']) retrieved from /usr/local/conda/lib/python3.7/site-packages/airflow/example_dags/example_branch_day_of_week_operator.py
[2023-02-12 11:57:38,057] {logging_mixin.py:109} INFO - [2023-02-12 11:57:38,057] {dag.py:2398} INFO - Sync 1 DAGs
[2023-02-12 11:57:38,088] {logging_mixin.py:109} INFO - [2023-02-12 11:57:38,088] {dag.py:2937} INFO - Setting next_dagrun for example_weekday_branch_operator to 2023-02-11 00:00:00+00:00
[2023-02-12 11:57:38,120] {processor.py:171} INFO - Processing /usr/local/conda/lib/python3.7/site-packages/airflow/example_dags/example_branch_day_of_week_operator.py took 0.138 seconds
[2023-02-12 11:58:29,987] {processor.py:163} INFO - Started process (PID=2664) to work on /usr/local/conda/lib/python3.7/site-packages/airflow/example_dags/example_branch_day_of_week_operator.py
[2023-02-12 11:58:29,994] {processor.py:642} INFO - Processing file /usr/local/conda/lib/python3.7/site-packages/airflow/example_dags/example_branch_day_of_week_operator.py for tasks to queue
[2023-02-12 11:58:29,996] {logging_mixin.py:109} INFO - [2023-02-12 11:58:29,995] {dagbag.py:500} INFO - Filling up the DagBag from /usr/local/conda/lib/python3.7/site-packages/airflow/example_dags/example_branch_day_of_week_operator.py
[2023-02-12 11:58:30,055] {processor.py:652} INFO - DAG(s) dict_keys(['example_weekday_branch_operator']) retrieved from /usr/local/conda/lib/python3.7/site-packages/airflow/example_dags/example_branch_day_of_week_operator.py
[2023-02-12 11:58:30,135] {logging_mixin.py:109} INFO - [2023-02-12 11:58:30,135] {dag.py:2398} INFO - Sync 1 DAGs
[2023-02-12 11:58:30,202] {logging_mixin.py:109} INFO - [2023-02-12 11:58:30,201] {dag.py:2937} INFO - Setting next_dagrun for example_weekday_branch_operator to 2023-02-11 00:00:00+00:00
[2023-02-12 11:58:30,274] {processor.py:171} INFO - Processing /usr/local/conda/lib/python3.7/site-packages/airflow/example_dags/example_branch_day_of_week_operator.py took 0.297 seconds
