[2023-02-12 11:30:19,504] {processor.py:163} INFO - Started process (PID=482) to work on /usr/local/conda/lib/python3.7/site-packages/airflow/example_dags/example_external_task_marker_dag.py
[2023-02-12 11:30:19,517] {processor.py:642} INFO - Processing file /usr/local/conda/lib/python3.7/site-packages/airflow/example_dags/example_external_task_marker_dag.py for tasks to queue
[2023-02-12 11:30:19,520] {logging_mixin.py:109} INFO - [2023-02-12 11:30:19,520] {dagbag.py:500} INFO - Filling up the DagBag from /usr/local/conda/lib/python3.7/site-packages/airflow/example_dags/example_external_task_marker_dag.py
[2023-02-12 11:30:19,594] {processor.py:652} INFO - DAG(s) dict_keys(['example_external_task_marker_parent', 'example_external_task_marker_child']) retrieved from /usr/local/conda/lib/python3.7/site-packages/airflow/example_dags/example_external_task_marker_dag.py
[2023-02-12 11:30:19,635] {logging_mixin.py:109} INFO - [2023-02-12 11:30:19,635] {dag.py:2398} INFO - Sync 2 DAGs
[2023-02-12 11:30:19,725] {logging_mixin.py:109} INFO - [2023-02-12 11:30:19,724] {dag.py:2937} INFO - Setting next_dagrun for example_external_task_marker_child to None
[2023-02-12 11:30:19,728] {logging_mixin.py:109} INFO - [2023-02-12 11:30:19,727] {dag.py:2937} INFO - Setting next_dagrun for example_external_task_marker_parent to None
[2023-02-12 11:30:19,804] {processor.py:171} INFO - Processing /usr/local/conda/lib/python3.7/site-packages/airflow/example_dags/example_external_task_marker_dag.py took 0.315 seconds
[2023-02-12 11:31:14,723] {processor.py:163} INFO - Started process (PID=1405) to work on /usr/local/conda/lib/python3.7/site-packages/airflow/example_dags/example_external_task_marker_dag.py
[2023-02-12 11:31:14,757] {processor.py:642} INFO - Processing file /usr/local/conda/lib/python3.7/site-packages/airflow/example_dags/example_external_task_marker_dag.py for tasks to queue
[2023-02-12 11:31:14,764] {logging_mixin.py:109} INFO - [2023-02-12 11:31:14,763] {dagbag.py:500} INFO - Filling up the DagBag from /usr/local/conda/lib/python3.7/site-packages/airflow/example_dags/example_external_task_marker_dag.py
[2023-02-12 11:31:14,831] {processor.py:652} INFO - DAG(s) dict_keys(['example_external_task_marker_parent', 'example_external_task_marker_child']) retrieved from /usr/local/conda/lib/python3.7/site-packages/airflow/example_dags/example_external_task_marker_dag.py
[2023-02-12 11:31:14,864] {logging_mixin.py:109} INFO - [2023-02-12 11:31:14,864] {dag.py:2398} INFO - Sync 2 DAGs
[2023-02-12 11:31:14,899] {logging_mixin.py:109} INFO - [2023-02-12 11:31:14,899] {dag.py:2937} INFO - Setting next_dagrun for example_external_task_marker_child to None
[2023-02-12 11:31:14,899] {logging_mixin.py:109} INFO - [2023-02-12 11:31:14,899] {dag.py:2937} INFO - Setting next_dagrun for example_external_task_marker_parent to None
[2023-02-12 11:31:14,967] {processor.py:171} INFO - Processing /usr/local/conda/lib/python3.7/site-packages/airflow/example_dags/example_external_task_marker_dag.py took 0.260 seconds
[2023-02-12 11:32:04,424] {processor.py:163} INFO - Started process (PID=1443) to work on /usr/local/conda/lib/python3.7/site-packages/airflow/example_dags/example_external_task_marker_dag.py
[2023-02-12 11:32:04,429] {processor.py:642} INFO - Processing file /usr/local/conda/lib/python3.7/site-packages/airflow/example_dags/example_external_task_marker_dag.py for tasks to queue
[2023-02-12 11:32:04,433] {logging_mixin.py:109} INFO - [2023-02-12 11:32:04,432] {dagbag.py:500} INFO - Filling up the DagBag from /usr/local/conda/lib/python3.7/site-packages/airflow/example_dags/example_external_task_marker_dag.py
[2023-02-12 11:32:04,484] {processor.py:652} INFO - DAG(s) dict_keys(['example_external_task_marker_parent', 'example_external_task_marker_child']) retrieved from /usr/local/conda/lib/python3.7/site-packages/airflow/example_dags/example_external_task_marker_dag.py
[2023-02-12 11:32:04,544] {logging_mixin.py:109} INFO - [2023-02-12 11:32:04,544] {dag.py:2398} INFO - Sync 2 DAGs
[2023-02-12 11:32:04,592] {logging_mixin.py:109} INFO - [2023-02-12 11:32:04,592] {dag.py:2937} INFO - Setting next_dagrun for example_external_task_marker_child to None
[2023-02-12 11:32:04,593] {logging_mixin.py:109} INFO - [2023-02-12 11:32:04,593] {dag.py:2937} INFO - Setting next_dagrun for example_external_task_marker_parent to None
[2023-02-12 11:32:04,658] {processor.py:171} INFO - Processing /usr/local/conda/lib/python3.7/site-packages/airflow/example_dags/example_external_task_marker_dag.py took 0.244 seconds
[2023-02-12 11:32:55,517] {processor.py:163} INFO - Started process (PID=1562) to work on /usr/local/conda/lib/python3.7/site-packages/airflow/example_dags/example_external_task_marker_dag.py
[2023-02-12 11:32:55,521] {processor.py:642} INFO - Processing file /usr/local/conda/lib/python3.7/site-packages/airflow/example_dags/example_external_task_marker_dag.py for tasks to queue
[2023-02-12 11:32:55,524] {logging_mixin.py:109} INFO - [2023-02-12 11:32:55,524] {dagbag.py:500} INFO - Filling up the DagBag from /usr/local/conda/lib/python3.7/site-packages/airflow/example_dags/example_external_task_marker_dag.py
[2023-02-12 11:32:55,581] {processor.py:652} INFO - DAG(s) dict_keys(['example_external_task_marker_parent', 'example_external_task_marker_child']) retrieved from /usr/local/conda/lib/python3.7/site-packages/airflow/example_dags/example_external_task_marker_dag.py
[2023-02-12 11:32:55,640] {logging_mixin.py:109} INFO - [2023-02-12 11:32:55,639] {dag.py:2398} INFO - Sync 2 DAGs
[2023-02-12 11:32:55,685] {logging_mixin.py:109} INFO - [2023-02-12 11:32:55,685] {dag.py:2937} INFO - Setting next_dagrun for example_external_task_marker_child to None
[2023-02-12 11:32:55,686] {logging_mixin.py:109} INFO - [2023-02-12 11:32:55,686] {dag.py:2937} INFO - Setting next_dagrun for example_external_task_marker_parent to None
[2023-02-12 11:32:55,726] {processor.py:171} INFO - Processing /usr/local/conda/lib/python3.7/site-packages/airflow/example_dags/example_external_task_marker_dag.py took 0.223 seconds
[2023-02-12 11:33:41,113] {processor.py:163} INFO - Started process (PID=1599) to work on /usr/local/conda/lib/python3.7/site-packages/airflow/example_dags/example_external_task_marker_dag.py
[2023-02-12 11:33:41,117] {processor.py:642} INFO - Processing file /usr/local/conda/lib/python3.7/site-packages/airflow/example_dags/example_external_task_marker_dag.py for tasks to queue
[2023-02-12 11:33:41,121] {logging_mixin.py:109} INFO - [2023-02-12 11:33:41,120] {dagbag.py:500} INFO - Filling up the DagBag from /usr/local/conda/lib/python3.7/site-packages/airflow/example_dags/example_external_task_marker_dag.py
[2023-02-12 11:33:41,164] {processor.py:652} INFO - DAG(s) dict_keys(['example_external_task_marker_parent', 'example_external_task_marker_child']) retrieved from /usr/local/conda/lib/python3.7/site-packages/airflow/example_dags/example_external_task_marker_dag.py
[2023-02-12 11:33:41,202] {logging_mixin.py:109} INFO - [2023-02-12 11:33:41,201] {dag.py:2398} INFO - Sync 2 DAGs
[2023-02-12 11:33:41,238] {logging_mixin.py:109} INFO - [2023-02-12 11:33:41,237] {dag.py:2937} INFO - Setting next_dagrun for example_external_task_marker_child to None
[2023-02-12 11:33:41,238] {logging_mixin.py:109} INFO - [2023-02-12 11:33:41,238] {dag.py:2937} INFO - Setting next_dagrun for example_external_task_marker_parent to None
[2023-02-12 11:33:41,272] {processor.py:171} INFO - Processing /usr/local/conda/lib/python3.7/site-packages/airflow/example_dags/example_external_task_marker_dag.py took 0.166 seconds
[2023-02-12 11:34:31,314] {processor.py:163} INFO - Started process (PID=1632) to work on /usr/local/conda/lib/python3.7/site-packages/airflow/example_dags/example_external_task_marker_dag.py
[2023-02-12 11:34:31,318] {processor.py:642} INFO - Processing file /usr/local/conda/lib/python3.7/site-packages/airflow/example_dags/example_external_task_marker_dag.py for tasks to queue
[2023-02-12 11:34:31,320] {logging_mixin.py:109} INFO - [2023-02-12 11:34:31,319] {dagbag.py:500} INFO - Filling up the DagBag from /usr/local/conda/lib/python3.7/site-packages/airflow/example_dags/example_external_task_marker_dag.py
[2023-02-12 11:34:31,377] {processor.py:652} INFO - DAG(s) dict_keys(['example_external_task_marker_parent', 'example_external_task_marker_child']) retrieved from /usr/local/conda/lib/python3.7/site-packages/airflow/example_dags/example_external_task_marker_dag.py
[2023-02-12 11:34:31,435] {logging_mixin.py:109} INFO - [2023-02-12 11:34:31,435] {dag.py:2398} INFO - Sync 2 DAGs
[2023-02-12 11:34:31,471] {logging_mixin.py:109} INFO - [2023-02-12 11:34:31,471] {dag.py:2937} INFO - Setting next_dagrun for example_external_task_marker_child to None
[2023-02-12 11:34:31,472] {logging_mixin.py:109} INFO - [2023-02-12 11:34:31,471] {dag.py:2937} INFO - Setting next_dagrun for example_external_task_marker_parent to None
[2023-02-12 11:34:31,524] {processor.py:171} INFO - Processing /usr/local/conda/lib/python3.7/site-packages/airflow/example_dags/example_external_task_marker_dag.py took 0.218 seconds
[2023-02-12 11:36:01,950] {processor.py:163} INFO - Started process (PID=1663) to work on /usr/local/conda/lib/python3.7/site-packages/airflow/example_dags/example_external_task_marker_dag.py
[2023-02-12 11:36:01,954] {processor.py:642} INFO - Processing file /usr/local/conda/lib/python3.7/site-packages/airflow/example_dags/example_external_task_marker_dag.py for tasks to queue
[2023-02-12 11:36:01,958] {logging_mixin.py:109} INFO - [2023-02-12 11:36:01,958] {dagbag.py:500} INFO - Filling up the DagBag from /usr/local/conda/lib/python3.7/site-packages/airflow/example_dags/example_external_task_marker_dag.py
[2023-02-12 11:36:02,009] {processor.py:652} INFO - DAG(s) dict_keys(['example_external_task_marker_parent', 'example_external_task_marker_child']) retrieved from /usr/local/conda/lib/python3.7/site-packages/airflow/example_dags/example_external_task_marker_dag.py
[2023-02-12 11:36:02,066] {logging_mixin.py:109} INFO - [2023-02-12 11:36:02,066] {dag.py:2398} INFO - Sync 2 DAGs
[2023-02-12 11:36:02,102] {logging_mixin.py:109} INFO - [2023-02-12 11:36:02,102] {dag.py:2937} INFO - Setting next_dagrun for example_external_task_marker_child to None
[2023-02-12 11:36:02,104] {logging_mixin.py:109} INFO - [2023-02-12 11:36:02,103] {dag.py:2937} INFO - Setting next_dagrun for example_external_task_marker_parent to None
[2023-02-12 11:36:02,140] {processor.py:171} INFO - Processing /usr/local/conda/lib/python3.7/site-packages/airflow/example_dags/example_external_task_marker_dag.py took 0.199 seconds
[2023-02-12 11:36:54,497] {processor.py:163} INFO - Started process (PID=1693) to work on /usr/local/conda/lib/python3.7/site-packages/airflow/example_dags/example_external_task_marker_dag.py
[2023-02-12 11:36:54,506] {processor.py:642} INFO - Processing file /usr/local/conda/lib/python3.7/site-packages/airflow/example_dags/example_external_task_marker_dag.py for tasks to queue
[2023-02-12 11:36:54,511] {logging_mixin.py:109} INFO - [2023-02-12 11:36:54,510] {dagbag.py:500} INFO - Filling up the DagBag from /usr/local/conda/lib/python3.7/site-packages/airflow/example_dags/example_external_task_marker_dag.py
[2023-02-12 11:36:54,584] {processor.py:652} INFO - DAG(s) dict_keys(['example_external_task_marker_parent', 'example_external_task_marker_child']) retrieved from /usr/local/conda/lib/python3.7/site-packages/airflow/example_dags/example_external_task_marker_dag.py
[2023-02-12 11:36:54,651] {logging_mixin.py:109} INFO - [2023-02-12 11:36:54,651] {dag.py:2398} INFO - Sync 2 DAGs
[2023-02-12 11:36:54,676] {logging_mixin.py:109} INFO - [2023-02-12 11:36:54,676] {dag.py:2937} INFO - Setting next_dagrun for example_external_task_marker_child to None
[2023-02-12 11:36:54,677] {logging_mixin.py:109} INFO - [2023-02-12 11:36:54,677] {dag.py:2937} INFO - Setting next_dagrun for example_external_task_marker_parent to None
[2023-02-12 11:36:55,407] {processor.py:171} INFO - Processing /usr/local/conda/lib/python3.7/site-packages/airflow/example_dags/example_external_task_marker_dag.py took 0.925 seconds
[2023-02-12 11:37:58,727] {processor.py:163} INFO - Started process (PID=1727) to work on /usr/local/conda/lib/python3.7/site-packages/airflow/example_dags/example_external_task_marker_dag.py
[2023-02-12 11:37:58,784] {processor.py:642} INFO - Processing file /usr/local/conda/lib/python3.7/site-packages/airflow/example_dags/example_external_task_marker_dag.py for tasks to queue
[2023-02-12 11:37:58,789] {logging_mixin.py:109} INFO - [2023-02-12 11:37:58,788] {dagbag.py:500} INFO - Filling up the DagBag from /usr/local/conda/lib/python3.7/site-packages/airflow/example_dags/example_external_task_marker_dag.py
[2023-02-12 11:37:58,881] {processor.py:652} INFO - DAG(s) dict_keys(['example_external_task_marker_parent', 'example_external_task_marker_child']) retrieved from /usr/local/conda/lib/python3.7/site-packages/airflow/example_dags/example_external_task_marker_dag.py
[2023-02-12 11:37:58,943] {logging_mixin.py:109} INFO - [2023-02-12 11:37:58,943] {dag.py:2398} INFO - Sync 2 DAGs
[2023-02-12 11:37:58,971] {logging_mixin.py:109} INFO - [2023-02-12 11:37:58,971] {dag.py:2937} INFO - Setting next_dagrun for example_external_task_marker_child to None
[2023-02-12 11:37:58,972] {logging_mixin.py:109} INFO - [2023-02-12 11:37:58,971] {dag.py:2937} INFO - Setting next_dagrun for example_external_task_marker_parent to None
[2023-02-12 11:37:59,671] {processor.py:171} INFO - Processing /usr/local/conda/lib/python3.7/site-packages/airflow/example_dags/example_external_task_marker_dag.py took 0.956 seconds
[2023-02-12 11:38:55,597] {processor.py:163} INFO - Started process (PID=1761) to work on /usr/local/conda/lib/python3.7/site-packages/airflow/example_dags/example_external_task_marker_dag.py
[2023-02-12 11:38:55,613] {processor.py:642} INFO - Processing file /usr/local/conda/lib/python3.7/site-packages/airflow/example_dags/example_external_task_marker_dag.py for tasks to queue
[2023-02-12 11:38:55,618] {logging_mixin.py:109} INFO - [2023-02-12 11:38:55,618] {dagbag.py:500} INFO - Filling up the DagBag from /usr/local/conda/lib/python3.7/site-packages/airflow/example_dags/example_external_task_marker_dag.py
[2023-02-12 11:38:55,664] {processor.py:652} INFO - DAG(s) dict_keys(['example_external_task_marker_parent', 'example_external_task_marker_child']) retrieved from /usr/local/conda/lib/python3.7/site-packages/airflow/example_dags/example_external_task_marker_dag.py
[2023-02-12 11:38:55,701] {logging_mixin.py:109} INFO - [2023-02-12 11:38:55,701] {dag.py:2398} INFO - Sync 2 DAGs
[2023-02-12 11:38:55,729] {logging_mixin.py:109} INFO - [2023-02-12 11:38:55,729] {dag.py:2937} INFO - Setting next_dagrun for example_external_task_marker_child to None
[2023-02-12 11:38:55,730] {logging_mixin.py:109} INFO - [2023-02-12 11:38:55,730] {dag.py:2937} INFO - Setting next_dagrun for example_external_task_marker_parent to None
[2023-02-12 11:38:55,906] {processor.py:171} INFO - Processing /usr/local/conda/lib/python3.7/site-packages/airflow/example_dags/example_external_task_marker_dag.py took 0.330 seconds
[2023-02-12 11:39:56,221] {processor.py:163} INFO - Started process (PID=1799) to work on /usr/local/conda/lib/python3.7/site-packages/airflow/example_dags/example_external_task_marker_dag.py
[2023-02-12 11:39:56,224] {processor.py:642} INFO - Processing file /usr/local/conda/lib/python3.7/site-packages/airflow/example_dags/example_external_task_marker_dag.py for tasks to queue
[2023-02-12 11:39:56,226] {logging_mixin.py:109} INFO - [2023-02-12 11:39:56,226] {dagbag.py:500} INFO - Filling up the DagBag from /usr/local/conda/lib/python3.7/site-packages/airflow/example_dags/example_external_task_marker_dag.py
[2023-02-12 11:39:56,255] {processor.py:652} INFO - DAG(s) dict_keys(['example_external_task_marker_parent', 'example_external_task_marker_child']) retrieved from /usr/local/conda/lib/python3.7/site-packages/airflow/example_dags/example_external_task_marker_dag.py
[2023-02-12 11:39:56,288] {logging_mixin.py:109} INFO - [2023-02-12 11:39:56,288] {dag.py:2398} INFO - Sync 2 DAGs
[2023-02-12 11:39:56,316] {logging_mixin.py:109} INFO - [2023-02-12 11:39:56,316] {dag.py:2937} INFO - Setting next_dagrun for example_external_task_marker_child to None
[2023-02-12 11:39:56,317] {logging_mixin.py:109} INFO - [2023-02-12 11:39:56,317] {dag.py:2937} INFO - Setting next_dagrun for example_external_task_marker_parent to None
[2023-02-12 11:39:56,850] {processor.py:171} INFO - Processing /usr/local/conda/lib/python3.7/site-packages/airflow/example_dags/example_external_task_marker_dag.py took 0.635 seconds
[2023-02-12 11:40:47,012] {processor.py:163} INFO - Started process (PID=1830) to work on /usr/local/conda/lib/python3.7/site-packages/airflow/example_dags/example_external_task_marker_dag.py
[2023-02-12 11:40:47,097] {processor.py:642} INFO - Processing file /usr/local/conda/lib/python3.7/site-packages/airflow/example_dags/example_external_task_marker_dag.py for tasks to queue
[2023-02-12 11:40:47,108] {logging_mixin.py:109} INFO - [2023-02-12 11:40:47,099] {dagbag.py:500} INFO - Filling up the DagBag from /usr/local/conda/lib/python3.7/site-packages/airflow/example_dags/example_external_task_marker_dag.py
[2023-02-12 11:40:47,219] {processor.py:652} INFO - DAG(s) dict_keys(['example_external_task_marker_parent', 'example_external_task_marker_child']) retrieved from /usr/local/conda/lib/python3.7/site-packages/airflow/example_dags/example_external_task_marker_dag.py
[2023-02-12 11:40:47,355] {logging_mixin.py:109} INFO - [2023-02-12 11:40:47,354] {dag.py:2398} INFO - Sync 2 DAGs
[2023-02-12 11:40:47,406] {logging_mixin.py:109} INFO - [2023-02-12 11:40:47,406] {dag.py:2937} INFO - Setting next_dagrun for example_external_task_marker_child to None
[2023-02-12 11:40:47,407] {logging_mixin.py:109} INFO - [2023-02-12 11:40:47,407] {dag.py:2937} INFO - Setting next_dagrun for example_external_task_marker_parent to None
[2023-02-12 11:40:47,687] {processor.py:171} INFO - Processing /usr/local/conda/lib/python3.7/site-packages/airflow/example_dags/example_external_task_marker_dag.py took 0.684 seconds
[2023-02-12 11:41:29,437] {processor.py:163} INFO - Started process (PID=1861) to work on /usr/local/conda/lib/python3.7/site-packages/airflow/example_dags/example_external_task_marker_dag.py
[2023-02-12 11:41:29,447] {processor.py:642} INFO - Processing file /usr/local/conda/lib/python3.7/site-packages/airflow/example_dags/example_external_task_marker_dag.py for tasks to queue
[2023-02-12 11:41:29,450] {logging_mixin.py:109} INFO - [2023-02-12 11:41:29,449] {dagbag.py:500} INFO - Filling up the DagBag from /usr/local/conda/lib/python3.7/site-packages/airflow/example_dags/example_external_task_marker_dag.py
[2023-02-12 11:41:29,476] {processor.py:652} INFO - DAG(s) dict_keys(['example_external_task_marker_parent', 'example_external_task_marker_child']) retrieved from /usr/local/conda/lib/python3.7/site-packages/airflow/example_dags/example_external_task_marker_dag.py
[2023-02-12 11:41:29,500] {logging_mixin.py:109} INFO - [2023-02-12 11:41:29,500] {dag.py:2398} INFO - Sync 2 DAGs
[2023-02-12 11:41:29,521] {logging_mixin.py:109} INFO - [2023-02-12 11:41:29,521] {dag.py:2937} INFO - Setting next_dagrun for example_external_task_marker_child to None
[2023-02-12 11:41:29,522] {logging_mixin.py:109} INFO - [2023-02-12 11:41:29,521] {dag.py:2937} INFO - Setting next_dagrun for example_external_task_marker_parent to None
[2023-02-12 11:41:29,601] {processor.py:171} INFO - Processing /usr/local/conda/lib/python3.7/site-packages/airflow/example_dags/example_external_task_marker_dag.py took 0.169 seconds
[2023-02-12 11:42:10,688] {processor.py:163} INFO - Started process (PID=1893) to work on /usr/local/conda/lib/python3.7/site-packages/airflow/example_dags/example_external_task_marker_dag.py
[2023-02-12 11:42:10,693] {processor.py:642} INFO - Processing file /usr/local/conda/lib/python3.7/site-packages/airflow/example_dags/example_external_task_marker_dag.py for tasks to queue
[2023-02-12 11:42:10,696] {logging_mixin.py:109} INFO - [2023-02-12 11:42:10,696] {dagbag.py:500} INFO - Filling up the DagBag from /usr/local/conda/lib/python3.7/site-packages/airflow/example_dags/example_external_task_marker_dag.py
[2023-02-12 11:42:10,741] {processor.py:652} INFO - DAG(s) dict_keys(['example_external_task_marker_parent', 'example_external_task_marker_child']) retrieved from /usr/local/conda/lib/python3.7/site-packages/airflow/example_dags/example_external_task_marker_dag.py
[2023-02-12 11:42:10,790] {logging_mixin.py:109} INFO - [2023-02-12 11:42:10,789] {dag.py:2398} INFO - Sync 2 DAGs
[2023-02-12 11:42:10,825] {logging_mixin.py:109} INFO - [2023-02-12 11:42:10,825] {dag.py:2937} INFO - Setting next_dagrun for example_external_task_marker_child to None
[2023-02-12 11:42:10,826] {logging_mixin.py:109} INFO - [2023-02-12 11:42:10,826] {dag.py:2937} INFO - Setting next_dagrun for example_external_task_marker_parent to None
[2023-02-12 11:42:10,871] {processor.py:171} INFO - Processing /usr/local/conda/lib/python3.7/site-packages/airflow/example_dags/example_external_task_marker_dag.py took 0.190 seconds
[2023-02-12 11:42:55,764] {processor.py:163} INFO - Started process (PID=1926) to work on /usr/local/conda/lib/python3.7/site-packages/airflow/example_dags/example_external_task_marker_dag.py
[2023-02-12 11:42:55,769] {processor.py:642} INFO - Processing file /usr/local/conda/lib/python3.7/site-packages/airflow/example_dags/example_external_task_marker_dag.py for tasks to queue
[2023-02-12 11:42:55,773] {logging_mixin.py:109} INFO - [2023-02-12 11:42:55,773] {dagbag.py:500} INFO - Filling up the DagBag from /usr/local/conda/lib/python3.7/site-packages/airflow/example_dags/example_external_task_marker_dag.py
[2023-02-12 11:42:55,864] {processor.py:652} INFO - DAG(s) dict_keys(['example_external_task_marker_parent', 'example_external_task_marker_child']) retrieved from /usr/local/conda/lib/python3.7/site-packages/airflow/example_dags/example_external_task_marker_dag.py
[2023-02-12 11:42:55,909] {logging_mixin.py:109} INFO - [2023-02-12 11:42:55,908] {dag.py:2398} INFO - Sync 2 DAGs
[2023-02-12 11:42:55,979] {logging_mixin.py:109} INFO - [2023-02-12 11:42:55,979] {dag.py:2937} INFO - Setting next_dagrun for example_external_task_marker_child to None
[2023-02-12 11:42:55,985] {logging_mixin.py:109} INFO - [2023-02-12 11:42:55,985] {dag.py:2937} INFO - Setting next_dagrun for example_external_task_marker_parent to None
[2023-02-12 11:42:56,096] {processor.py:171} INFO - Processing /usr/local/conda/lib/python3.7/site-packages/airflow/example_dags/example_external_task_marker_dag.py took 0.340 seconds
[2023-02-12 11:43:36,417] {processor.py:163} INFO - Started process (PID=1956) to work on /usr/local/conda/lib/python3.7/site-packages/airflow/example_dags/example_external_task_marker_dag.py
[2023-02-12 11:43:36,421] {processor.py:642} INFO - Processing file /usr/local/conda/lib/python3.7/site-packages/airflow/example_dags/example_external_task_marker_dag.py for tasks to queue
[2023-02-12 11:43:36,423] {logging_mixin.py:109} INFO - [2023-02-12 11:43:36,423] {dagbag.py:500} INFO - Filling up the DagBag from /usr/local/conda/lib/python3.7/site-packages/airflow/example_dags/example_external_task_marker_dag.py
[2023-02-12 11:43:36,469] {processor.py:652} INFO - DAG(s) dict_keys(['example_external_task_marker_parent', 'example_external_task_marker_child']) retrieved from /usr/local/conda/lib/python3.7/site-packages/airflow/example_dags/example_external_task_marker_dag.py
[2023-02-12 11:43:36,537] {logging_mixin.py:109} INFO - [2023-02-12 11:43:36,537] {dag.py:2398} INFO - Sync 2 DAGs
[2023-02-12 11:43:36,608] {logging_mixin.py:109} INFO - [2023-02-12 11:43:36,608] {dag.py:2937} INFO - Setting next_dagrun for example_external_task_marker_child to None
[2023-02-12 11:43:36,614] {logging_mixin.py:109} INFO - [2023-02-12 11:43:36,609] {dag.py:2937} INFO - Setting next_dagrun for example_external_task_marker_parent to None
[2023-02-12 11:43:36,746] {processor.py:171} INFO - Processing /usr/local/conda/lib/python3.7/site-packages/airflow/example_dags/example_external_task_marker_dag.py took 0.337 seconds
[2023-02-12 11:44:27,399] {processor.py:163} INFO - Started process (PID=1991) to work on /usr/local/conda/lib/python3.7/site-packages/airflow/example_dags/example_external_task_marker_dag.py
[2023-02-12 11:44:27,413] {processor.py:642} INFO - Processing file /usr/local/conda/lib/python3.7/site-packages/airflow/example_dags/example_external_task_marker_dag.py for tasks to queue
[2023-02-12 11:44:27,423] {logging_mixin.py:109} INFO - [2023-02-12 11:44:27,422] {dagbag.py:500} INFO - Filling up the DagBag from /usr/local/conda/lib/python3.7/site-packages/airflow/example_dags/example_external_task_marker_dag.py
[2023-02-12 11:44:27,483] {processor.py:652} INFO - DAG(s) dict_keys(['example_external_task_marker_parent', 'example_external_task_marker_child']) retrieved from /usr/local/conda/lib/python3.7/site-packages/airflow/example_dags/example_external_task_marker_dag.py
[2023-02-12 11:44:27,583] {logging_mixin.py:109} INFO - [2023-02-12 11:44:27,583] {dag.py:2398} INFO - Sync 2 DAGs
[2023-02-12 11:44:27,650] {logging_mixin.py:109} INFO - [2023-02-12 11:44:27,650] {dag.py:2937} INFO - Setting next_dagrun for example_external_task_marker_child to None
[2023-02-12 11:44:27,651] {logging_mixin.py:109} INFO - [2023-02-12 11:44:27,650] {dag.py:2937} INFO - Setting next_dagrun for example_external_task_marker_parent to None
[2023-02-12 11:44:27,702] {processor.py:171} INFO - Processing /usr/local/conda/lib/python3.7/site-packages/airflow/example_dags/example_external_task_marker_dag.py took 0.310 seconds
[2023-02-12 11:45:20,738] {processor.py:163} INFO - Started process (PID=2028) to work on /usr/local/conda/lib/python3.7/site-packages/airflow/example_dags/example_external_task_marker_dag.py
[2023-02-12 11:45:20,756] {processor.py:642} INFO - Processing file /usr/local/conda/lib/python3.7/site-packages/airflow/example_dags/example_external_task_marker_dag.py for tasks to queue
[2023-02-12 11:45:20,775] {logging_mixin.py:109} INFO - [2023-02-12 11:45:20,774] {dagbag.py:500} INFO - Filling up the DagBag from /usr/local/conda/lib/python3.7/site-packages/airflow/example_dags/example_external_task_marker_dag.py
[2023-02-12 11:45:20,840] {processor.py:652} INFO - DAG(s) dict_keys(['example_external_task_marker_parent', 'example_external_task_marker_child']) retrieved from /usr/local/conda/lib/python3.7/site-packages/airflow/example_dags/example_external_task_marker_dag.py
[2023-02-12 11:45:20,929] {logging_mixin.py:109} INFO - [2023-02-12 11:45:20,929] {dag.py:2398} INFO - Sync 2 DAGs
[2023-02-12 11:45:20,992] {logging_mixin.py:109} INFO - [2023-02-12 11:45:20,992] {dag.py:2937} INFO - Setting next_dagrun for example_external_task_marker_child to None
[2023-02-12 11:45:20,993] {logging_mixin.py:109} INFO - [2023-02-12 11:45:20,993] {dag.py:2937} INFO - Setting next_dagrun for example_external_task_marker_parent to None
[2023-02-12 11:45:21,052] {processor.py:171} INFO - Processing /usr/local/conda/lib/python3.7/site-packages/airflow/example_dags/example_external_task_marker_dag.py took 0.321 seconds
[2023-02-12 11:46:02,088] {processor.py:163} INFO - Started process (PID=2056) to work on /usr/local/conda/lib/python3.7/site-packages/airflow/example_dags/example_external_task_marker_dag.py
[2023-02-12 11:46:02,100] {processor.py:642} INFO - Processing file /usr/local/conda/lib/python3.7/site-packages/airflow/example_dags/example_external_task_marker_dag.py for tasks to queue
[2023-02-12 11:46:02,103] {logging_mixin.py:109} INFO - [2023-02-12 11:46:02,102] {dagbag.py:500} INFO - Filling up the DagBag from /usr/local/conda/lib/python3.7/site-packages/airflow/example_dags/example_external_task_marker_dag.py
[2023-02-12 11:46:02,163] {processor.py:652} INFO - DAG(s) dict_keys(['example_external_task_marker_parent', 'example_external_task_marker_child']) retrieved from /usr/local/conda/lib/python3.7/site-packages/airflow/example_dags/example_external_task_marker_dag.py
[2023-02-12 11:46:02,238] {logging_mixin.py:109} INFO - [2023-02-12 11:46:02,238] {dag.py:2398} INFO - Sync 2 DAGs
[2023-02-12 11:46:02,321] {logging_mixin.py:109} INFO - [2023-02-12 11:46:02,321] {dag.py:2937} INFO - Setting next_dagrun for example_external_task_marker_child to None
[2023-02-12 11:46:02,325] {logging_mixin.py:109} INFO - [2023-02-12 11:46:02,325] {dag.py:2937} INFO - Setting next_dagrun for example_external_task_marker_parent to None
[2023-02-12 11:46:02,456] {processor.py:171} INFO - Processing /usr/local/conda/lib/python3.7/site-packages/airflow/example_dags/example_external_task_marker_dag.py took 0.375 seconds
[2023-02-12 11:46:42,313] {processor.py:163} INFO - Started process (PID=2084) to work on /usr/local/conda/lib/python3.7/site-packages/airflow/example_dags/example_external_task_marker_dag.py
[2023-02-12 11:46:42,317] {processor.py:642} INFO - Processing file /usr/local/conda/lib/python3.7/site-packages/airflow/example_dags/example_external_task_marker_dag.py for tasks to queue
[2023-02-12 11:46:42,324] {logging_mixin.py:109} INFO - [2023-02-12 11:46:42,324] {dagbag.py:500} INFO - Filling up the DagBag from /usr/local/conda/lib/python3.7/site-packages/airflow/example_dags/example_external_task_marker_dag.py
[2023-02-12 11:46:42,363] {processor.py:652} INFO - DAG(s) dict_keys(['example_external_task_marker_parent', 'example_external_task_marker_child']) retrieved from /usr/local/conda/lib/python3.7/site-packages/airflow/example_dags/example_external_task_marker_dag.py
[2023-02-12 11:46:42,398] {logging_mixin.py:109} INFO - [2023-02-12 11:46:42,398] {dag.py:2398} INFO - Sync 2 DAGs
[2023-02-12 11:46:42,431] {logging_mixin.py:109} INFO - [2023-02-12 11:46:42,431] {dag.py:2937} INFO - Setting next_dagrun for example_external_task_marker_child to None
[2023-02-12 11:46:42,435] {logging_mixin.py:109} INFO - [2023-02-12 11:46:42,435] {dag.py:2937} INFO - Setting next_dagrun for example_external_task_marker_parent to None
[2023-02-12 11:46:42,495] {processor.py:171} INFO - Processing /usr/local/conda/lib/python3.7/site-packages/airflow/example_dags/example_external_task_marker_dag.py took 0.190 seconds
[2023-02-12 11:47:31,250] {processor.py:163} INFO - Started process (PID=2120) to work on /usr/local/conda/lib/python3.7/site-packages/airflow/example_dags/example_external_task_marker_dag.py
[2023-02-12 11:47:31,253] {processor.py:642} INFO - Processing file /usr/local/conda/lib/python3.7/site-packages/airflow/example_dags/example_external_task_marker_dag.py for tasks to queue
[2023-02-12 11:47:31,256] {logging_mixin.py:109} INFO - [2023-02-12 11:47:31,255] {dagbag.py:500} INFO - Filling up the DagBag from /usr/local/conda/lib/python3.7/site-packages/airflow/example_dags/example_external_task_marker_dag.py
[2023-02-12 11:47:31,285] {processor.py:652} INFO - DAG(s) dict_keys(['example_external_task_marker_parent', 'example_external_task_marker_child']) retrieved from /usr/local/conda/lib/python3.7/site-packages/airflow/example_dags/example_external_task_marker_dag.py
[2023-02-12 11:47:31,328] {logging_mixin.py:109} INFO - [2023-02-12 11:47:31,328] {dag.py:2398} INFO - Sync 2 DAGs
[2023-02-12 11:47:31,360] {logging_mixin.py:109} INFO - [2023-02-12 11:47:31,360] {dag.py:2937} INFO - Setting next_dagrun for example_external_task_marker_child to None
[2023-02-12 11:47:31,360] {logging_mixin.py:109} INFO - [2023-02-12 11:47:31,360] {dag.py:2937} INFO - Setting next_dagrun for example_external_task_marker_parent to None
[2023-02-12 11:47:31,403] {processor.py:171} INFO - Processing /usr/local/conda/lib/python3.7/site-packages/airflow/example_dags/example_external_task_marker_dag.py took 0.160 seconds
[2023-02-12 11:48:14,206] {processor.py:163} INFO - Started process (PID=2152) to work on /usr/local/conda/lib/python3.7/site-packages/airflow/example_dags/example_external_task_marker_dag.py
[2023-02-12 11:48:14,217] {processor.py:642} INFO - Processing file /usr/local/conda/lib/python3.7/site-packages/airflow/example_dags/example_external_task_marker_dag.py for tasks to queue
[2023-02-12 11:48:14,220] {logging_mixin.py:109} INFO - [2023-02-12 11:48:14,220] {dagbag.py:500} INFO - Filling up the DagBag from /usr/local/conda/lib/python3.7/site-packages/airflow/example_dags/example_external_task_marker_dag.py
[2023-02-12 11:48:14,291] {processor.py:652} INFO - DAG(s) dict_keys(['example_external_task_marker_parent', 'example_external_task_marker_child']) retrieved from /usr/local/conda/lib/python3.7/site-packages/airflow/example_dags/example_external_task_marker_dag.py
[2023-02-12 11:48:14,385] {logging_mixin.py:109} INFO - [2023-02-12 11:48:14,385] {dag.py:2398} INFO - Sync 2 DAGs
[2023-02-12 11:48:14,437] {logging_mixin.py:109} INFO - [2023-02-12 11:48:14,437] {dag.py:2937} INFO - Setting next_dagrun for example_external_task_marker_child to None
[2023-02-12 11:48:14,443] {logging_mixin.py:109} INFO - [2023-02-12 11:48:14,443] {dag.py:2937} INFO - Setting next_dagrun for example_external_task_marker_parent to None
[2023-02-12 11:48:14,553] {processor.py:171} INFO - Processing /usr/local/conda/lib/python3.7/site-packages/airflow/example_dags/example_external_task_marker_dag.py took 0.356 seconds
[2023-02-12 11:48:47,220] {processor.py:163} INFO - Started process (PID=2181) to work on /usr/local/conda/lib/python3.7/site-packages/airflow/example_dags/example_external_task_marker_dag.py
[2023-02-12 11:48:47,223] {processor.py:642} INFO - Processing file /usr/local/conda/lib/python3.7/site-packages/airflow/example_dags/example_external_task_marker_dag.py for tasks to queue
[2023-02-12 11:48:47,228] {logging_mixin.py:109} INFO - [2023-02-12 11:48:47,227] {dagbag.py:500} INFO - Filling up the DagBag from /usr/local/conda/lib/python3.7/site-packages/airflow/example_dags/example_external_task_marker_dag.py
[2023-02-12 11:48:47,264] {processor.py:652} INFO - DAG(s) dict_keys(['example_external_task_marker_parent', 'example_external_task_marker_child']) retrieved from /usr/local/conda/lib/python3.7/site-packages/airflow/example_dags/example_external_task_marker_dag.py
[2023-02-12 11:48:47,306] {logging_mixin.py:109} INFO - [2023-02-12 11:48:47,306] {dag.py:2398} INFO - Sync 2 DAGs
[2023-02-12 11:48:47,336] {logging_mixin.py:109} INFO - [2023-02-12 11:48:47,336] {dag.py:2937} INFO - Setting next_dagrun for example_external_task_marker_child to None
[2023-02-12 11:48:47,338] {logging_mixin.py:109} INFO - [2023-02-12 11:48:47,337] {dag.py:2937} INFO - Setting next_dagrun for example_external_task_marker_parent to None
[2023-02-12 11:48:47,387] {processor.py:171} INFO - Processing /usr/local/conda/lib/python3.7/site-packages/airflow/example_dags/example_external_task_marker_dag.py took 0.174 seconds
[2023-02-12 11:49:24,501] {processor.py:163} INFO - Started process (PID=2206) to work on /usr/local/conda/lib/python3.7/site-packages/airflow/example_dags/example_external_task_marker_dag.py
[2023-02-12 11:49:24,511] {processor.py:642} INFO - Processing file /usr/local/conda/lib/python3.7/site-packages/airflow/example_dags/example_external_task_marker_dag.py for tasks to queue
[2023-02-12 11:49:24,519] {logging_mixin.py:109} INFO - [2023-02-12 11:49:24,519] {dagbag.py:500} INFO - Filling up the DagBag from /usr/local/conda/lib/python3.7/site-packages/airflow/example_dags/example_external_task_marker_dag.py
[2023-02-12 11:49:24,605] {processor.py:652} INFO - DAG(s) dict_keys(['example_external_task_marker_parent', 'example_external_task_marker_child']) retrieved from /usr/local/conda/lib/python3.7/site-packages/airflow/example_dags/example_external_task_marker_dag.py
[2023-02-12 11:49:24,692] {logging_mixin.py:109} INFO - [2023-02-12 11:49:24,691] {dag.py:2398} INFO - Sync 2 DAGs
[2023-02-12 11:49:24,752] {logging_mixin.py:109} INFO - [2023-02-12 11:49:24,752] {dag.py:2937} INFO - Setting next_dagrun for example_external_task_marker_child to None
[2023-02-12 11:49:24,770] {logging_mixin.py:109} INFO - [2023-02-12 11:49:24,770] {dag.py:2937} INFO - Setting next_dagrun for example_external_task_marker_parent to None
[2023-02-12 11:49:24,847] {processor.py:171} INFO - Processing /usr/local/conda/lib/python3.7/site-packages/airflow/example_dags/example_external_task_marker_dag.py took 0.368 seconds
[2023-02-12 11:50:00,503] {processor.py:163} INFO - Started process (PID=2236) to work on /usr/local/conda/lib/python3.7/site-packages/airflow/example_dags/example_external_task_marker_dag.py
[2023-02-12 11:50:00,508] {processor.py:642} INFO - Processing file /usr/local/conda/lib/python3.7/site-packages/airflow/example_dags/example_external_task_marker_dag.py for tasks to queue
[2023-02-12 11:50:00,511] {logging_mixin.py:109} INFO - [2023-02-12 11:50:00,510] {dagbag.py:500} INFO - Filling up the DagBag from /usr/local/conda/lib/python3.7/site-packages/airflow/example_dags/example_external_task_marker_dag.py
[2023-02-12 11:50:00,547] {processor.py:652} INFO - DAG(s) dict_keys(['example_external_task_marker_parent', 'example_external_task_marker_child']) retrieved from /usr/local/conda/lib/python3.7/site-packages/airflow/example_dags/example_external_task_marker_dag.py
[2023-02-12 11:50:00,588] {logging_mixin.py:109} INFO - [2023-02-12 11:50:00,588] {dag.py:2398} INFO - Sync 2 DAGs
[2023-02-12 11:50:00,624] {logging_mixin.py:109} INFO - [2023-02-12 11:50:00,624] {dag.py:2937} INFO - Setting next_dagrun for example_external_task_marker_child to None
[2023-02-12 11:50:00,626] {logging_mixin.py:109} INFO - [2023-02-12 11:50:00,625] {dag.py:2937} INFO - Setting next_dagrun for example_external_task_marker_parent to None
[2023-02-12 11:50:00,659] {processor.py:171} INFO - Processing /usr/local/conda/lib/python3.7/site-packages/airflow/example_dags/example_external_task_marker_dag.py took 0.162 seconds
[2023-02-12 11:50:41,981] {processor.py:163} INFO - Started process (PID=2273) to work on /usr/local/conda/lib/python3.7/site-packages/airflow/example_dags/example_external_task_marker_dag.py
[2023-02-12 11:50:42,004] {processor.py:642} INFO - Processing file /usr/local/conda/lib/python3.7/site-packages/airflow/example_dags/example_external_task_marker_dag.py for tasks to queue
[2023-02-12 11:50:42,010] {logging_mixin.py:109} INFO - [2023-02-12 11:50:42,009] {dagbag.py:500} INFO - Filling up the DagBag from /usr/local/conda/lib/python3.7/site-packages/airflow/example_dags/example_external_task_marker_dag.py
[2023-02-12 11:50:42,066] {processor.py:652} INFO - DAG(s) dict_keys(['example_external_task_marker_parent', 'example_external_task_marker_child']) retrieved from /usr/local/conda/lib/python3.7/site-packages/airflow/example_dags/example_external_task_marker_dag.py
[2023-02-12 11:50:42,118] {logging_mixin.py:109} INFO - [2023-02-12 11:50:42,118] {dag.py:2398} INFO - Sync 2 DAGs
[2023-02-12 11:50:42,155] {logging_mixin.py:109} INFO - [2023-02-12 11:50:42,155] {dag.py:2937} INFO - Setting next_dagrun for example_external_task_marker_child to None
[2023-02-12 11:50:42,156] {logging_mixin.py:109} INFO - [2023-02-12 11:50:42,156] {dag.py:2937} INFO - Setting next_dagrun for example_external_task_marker_parent to None
[2023-02-12 11:50:42,211] {processor.py:171} INFO - Processing /usr/local/conda/lib/python3.7/site-packages/airflow/example_dags/example_external_task_marker_dag.py took 0.239 seconds
[2023-02-12 11:51:18,259] {processor.py:163} INFO - Started process (PID=2301) to work on /usr/local/conda/lib/python3.7/site-packages/airflow/example_dags/example_external_task_marker_dag.py
[2023-02-12 11:51:18,267] {processor.py:642} INFO - Processing file /usr/local/conda/lib/python3.7/site-packages/airflow/example_dags/example_external_task_marker_dag.py for tasks to queue
[2023-02-12 11:51:18,269] {logging_mixin.py:109} INFO - [2023-02-12 11:51:18,268] {dagbag.py:500} INFO - Filling up the DagBag from /usr/local/conda/lib/python3.7/site-packages/airflow/example_dags/example_external_task_marker_dag.py
[2023-02-12 11:51:18,309] {processor.py:652} INFO - DAG(s) dict_keys(['example_external_task_marker_parent', 'example_external_task_marker_child']) retrieved from /usr/local/conda/lib/python3.7/site-packages/airflow/example_dags/example_external_task_marker_dag.py
[2023-02-12 11:51:18,359] {logging_mixin.py:109} INFO - [2023-02-12 11:51:18,359] {dag.py:2398} INFO - Sync 2 DAGs
[2023-02-12 11:51:18,392] {logging_mixin.py:109} INFO - [2023-02-12 11:51:18,392] {dag.py:2937} INFO - Setting next_dagrun for example_external_task_marker_child to None
[2023-02-12 11:51:18,393] {logging_mixin.py:109} INFO - [2023-02-12 11:51:18,393] {dag.py:2937} INFO - Setting next_dagrun for example_external_task_marker_parent to None
[2023-02-12 11:51:18,455] {processor.py:171} INFO - Processing /usr/local/conda/lib/python3.7/site-packages/airflow/example_dags/example_external_task_marker_dag.py took 0.201 seconds
[2023-02-12 11:51:51,464] {processor.py:163} INFO - Started process (PID=2330) to work on /usr/local/conda/lib/python3.7/site-packages/airflow/example_dags/example_external_task_marker_dag.py
[2023-02-12 11:51:51,467] {processor.py:642} INFO - Processing file /usr/local/conda/lib/python3.7/site-packages/airflow/example_dags/example_external_task_marker_dag.py for tasks to queue
[2023-02-12 11:51:51,470] {logging_mixin.py:109} INFO - [2023-02-12 11:51:51,470] {dagbag.py:500} INFO - Filling up the DagBag from /usr/local/conda/lib/python3.7/site-packages/airflow/example_dags/example_external_task_marker_dag.py
[2023-02-12 11:51:51,501] {processor.py:652} INFO - DAG(s) dict_keys(['example_external_task_marker_parent', 'example_external_task_marker_child']) retrieved from /usr/local/conda/lib/python3.7/site-packages/airflow/example_dags/example_external_task_marker_dag.py
[2023-02-12 11:51:51,535] {logging_mixin.py:109} INFO - [2023-02-12 11:51:51,535] {dag.py:2398} INFO - Sync 2 DAGs
[2023-02-12 11:51:51,570] {logging_mixin.py:109} INFO - [2023-02-12 11:51:51,570] {dag.py:2937} INFO - Setting next_dagrun for example_external_task_marker_child to None
[2023-02-12 11:51:51,570] {logging_mixin.py:109} INFO - [2023-02-12 11:51:51,570] {dag.py:2937} INFO - Setting next_dagrun for example_external_task_marker_parent to None
[2023-02-12 11:51:51,607] {processor.py:171} INFO - Processing /usr/local/conda/lib/python3.7/site-packages/airflow/example_dags/example_external_task_marker_dag.py took 0.149 seconds
[2023-02-12 11:52:27,439] {processor.py:163} INFO - Started process (PID=2359) to work on /usr/local/conda/lib/python3.7/site-packages/airflow/example_dags/example_external_task_marker_dag.py
[2023-02-12 11:52:27,443] {processor.py:642} INFO - Processing file /usr/local/conda/lib/python3.7/site-packages/airflow/example_dags/example_external_task_marker_dag.py for tasks to queue
[2023-02-12 11:52:27,445] {logging_mixin.py:109} INFO - [2023-02-12 11:52:27,445] {dagbag.py:500} INFO - Filling up the DagBag from /usr/local/conda/lib/python3.7/site-packages/airflow/example_dags/example_external_task_marker_dag.py
[2023-02-12 11:52:27,475] {processor.py:652} INFO - DAG(s) dict_keys(['example_external_task_marker_parent', 'example_external_task_marker_child']) retrieved from /usr/local/conda/lib/python3.7/site-packages/airflow/example_dags/example_external_task_marker_dag.py
[2023-02-12 11:52:27,507] {logging_mixin.py:109} INFO - [2023-02-12 11:52:27,507] {dag.py:2398} INFO - Sync 2 DAGs
[2023-02-12 11:52:27,536] {logging_mixin.py:109} INFO - [2023-02-12 11:52:27,536] {dag.py:2937} INFO - Setting next_dagrun for example_external_task_marker_child to None
[2023-02-12 11:52:27,537] {logging_mixin.py:109} INFO - [2023-02-12 11:52:27,537] {dag.py:2937} INFO - Setting next_dagrun for example_external_task_marker_parent to None
[2023-02-12 11:52:27,574] {processor.py:171} INFO - Processing /usr/local/conda/lib/python3.7/site-packages/airflow/example_dags/example_external_task_marker_dag.py took 0.141 seconds
[2023-02-12 11:53:03,009] {processor.py:163} INFO - Started process (PID=2392) to work on /usr/local/conda/lib/python3.7/site-packages/airflow/example_dags/example_external_task_marker_dag.py
[2023-02-12 11:53:03,011] {processor.py:642} INFO - Processing file /usr/local/conda/lib/python3.7/site-packages/airflow/example_dags/example_external_task_marker_dag.py for tasks to queue
[2023-02-12 11:53:03,013] {logging_mixin.py:109} INFO - [2023-02-12 11:53:03,012] {dagbag.py:500} INFO - Filling up the DagBag from /usr/local/conda/lib/python3.7/site-packages/airflow/example_dags/example_external_task_marker_dag.py
[2023-02-12 11:53:03,033] {processor.py:652} INFO - DAG(s) dict_keys(['example_external_task_marker_parent', 'example_external_task_marker_child']) retrieved from /usr/local/conda/lib/python3.7/site-packages/airflow/example_dags/example_external_task_marker_dag.py
[2023-02-12 11:53:03,057] {logging_mixin.py:109} INFO - [2023-02-12 11:53:03,056] {dag.py:2398} INFO - Sync 2 DAGs
[2023-02-12 11:53:03,076] {logging_mixin.py:109} INFO - [2023-02-12 11:53:03,076] {dag.py:2937} INFO - Setting next_dagrun for example_external_task_marker_child to None
[2023-02-12 11:53:03,076] {logging_mixin.py:109} INFO - [2023-02-12 11:53:03,076] {dag.py:2937} INFO - Setting next_dagrun for example_external_task_marker_parent to None
[2023-02-12 11:53:03,102] {processor.py:171} INFO - Processing /usr/local/conda/lib/python3.7/site-packages/airflow/example_dags/example_external_task_marker_dag.py took 0.097 seconds
[2023-02-12 11:53:38,806] {processor.py:163} INFO - Started process (PID=2424) to work on /usr/local/conda/lib/python3.7/site-packages/airflow/example_dags/example_external_task_marker_dag.py
[2023-02-12 11:53:38,808] {processor.py:642} INFO - Processing file /usr/local/conda/lib/python3.7/site-packages/airflow/example_dags/example_external_task_marker_dag.py for tasks to queue
[2023-02-12 11:53:38,810] {logging_mixin.py:109} INFO - [2023-02-12 11:53:38,810] {dagbag.py:500} INFO - Filling up the DagBag from /usr/local/conda/lib/python3.7/site-packages/airflow/example_dags/example_external_task_marker_dag.py
[2023-02-12 11:53:38,828] {processor.py:652} INFO - DAG(s) dict_keys(['example_external_task_marker_parent', 'example_external_task_marker_child']) retrieved from /usr/local/conda/lib/python3.7/site-packages/airflow/example_dags/example_external_task_marker_dag.py
[2023-02-12 11:53:38,849] {logging_mixin.py:109} INFO - [2023-02-12 11:53:38,849] {dag.py:2398} INFO - Sync 2 DAGs
[2023-02-12 11:53:38,866] {logging_mixin.py:109} INFO - [2023-02-12 11:53:38,866] {dag.py:2937} INFO - Setting next_dagrun for example_external_task_marker_child to None
[2023-02-12 11:53:38,866] {logging_mixin.py:109} INFO - [2023-02-12 11:53:38,866] {dag.py:2937} INFO - Setting next_dagrun for example_external_task_marker_parent to None
[2023-02-12 11:53:38,890] {processor.py:171} INFO - Processing /usr/local/conda/lib/python3.7/site-packages/airflow/example_dags/example_external_task_marker_dag.py took 0.089 seconds
[2023-02-12 11:54:15,521] {processor.py:163} INFO - Started process (PID=2454) to work on /usr/local/conda/lib/python3.7/site-packages/airflow/example_dags/example_external_task_marker_dag.py
[2023-02-12 11:54:15,523] {processor.py:642} INFO - Processing file /usr/local/conda/lib/python3.7/site-packages/airflow/example_dags/example_external_task_marker_dag.py for tasks to queue
[2023-02-12 11:54:15,525] {logging_mixin.py:109} INFO - [2023-02-12 11:54:15,525] {dagbag.py:500} INFO - Filling up the DagBag from /usr/local/conda/lib/python3.7/site-packages/airflow/example_dags/example_external_task_marker_dag.py
[2023-02-12 11:54:15,548] {processor.py:652} INFO - DAG(s) dict_keys(['example_external_task_marker_parent', 'example_external_task_marker_child']) retrieved from /usr/local/conda/lib/python3.7/site-packages/airflow/example_dags/example_external_task_marker_dag.py
[2023-02-12 11:54:15,571] {logging_mixin.py:109} INFO - [2023-02-12 11:54:15,570] {dag.py:2398} INFO - Sync 2 DAGs
[2023-02-12 11:54:15,589] {logging_mixin.py:109} INFO - [2023-02-12 11:54:15,588] {dag.py:2937} INFO - Setting next_dagrun for example_external_task_marker_child to None
[2023-02-12 11:54:15,589] {logging_mixin.py:109} INFO - [2023-02-12 11:54:15,589] {dag.py:2937} INFO - Setting next_dagrun for example_external_task_marker_parent to None
[2023-02-12 11:54:15,617] {processor.py:171} INFO - Processing /usr/local/conda/lib/python3.7/site-packages/airflow/example_dags/example_external_task_marker_dag.py took 0.100 seconds
[2023-02-12 11:54:48,630] {processor.py:163} INFO - Started process (PID=2485) to work on /usr/local/conda/lib/python3.7/site-packages/airflow/example_dags/example_external_task_marker_dag.py
[2023-02-12 11:54:48,633] {processor.py:642} INFO - Processing file /usr/local/conda/lib/python3.7/site-packages/airflow/example_dags/example_external_task_marker_dag.py for tasks to queue
[2023-02-12 11:54:48,637] {logging_mixin.py:109} INFO - [2023-02-12 11:54:48,635] {dagbag.py:500} INFO - Filling up the DagBag from /usr/local/conda/lib/python3.7/site-packages/airflow/example_dags/example_external_task_marker_dag.py
[2023-02-12 11:54:48,664] {processor.py:652} INFO - DAG(s) dict_keys(['example_external_task_marker_parent', 'example_external_task_marker_child']) retrieved from /usr/local/conda/lib/python3.7/site-packages/airflow/example_dags/example_external_task_marker_dag.py
[2023-02-12 11:54:48,690] {logging_mixin.py:109} INFO - [2023-02-12 11:54:48,690] {dag.py:2398} INFO - Sync 2 DAGs
[2023-02-12 11:54:48,712] {logging_mixin.py:109} INFO - [2023-02-12 11:54:48,712] {dag.py:2937} INFO - Setting next_dagrun for example_external_task_marker_child to None
[2023-02-12 11:54:48,712] {logging_mixin.py:109} INFO - [2023-02-12 11:54:48,712] {dag.py:2937} INFO - Setting next_dagrun for example_external_task_marker_parent to None
[2023-02-12 11:54:48,734] {processor.py:171} INFO - Processing /usr/local/conda/lib/python3.7/site-packages/airflow/example_dags/example_external_task_marker_dag.py took 0.108 seconds
[2023-02-12 11:55:23,173] {processor.py:163} INFO - Started process (PID=2514) to work on /usr/local/conda/lib/python3.7/site-packages/airflow/example_dags/example_external_task_marker_dag.py
[2023-02-12 11:55:23,176] {processor.py:642} INFO - Processing file /usr/local/conda/lib/python3.7/site-packages/airflow/example_dags/example_external_task_marker_dag.py for tasks to queue
[2023-02-12 11:55:23,180] {logging_mixin.py:109} INFO - [2023-02-12 11:55:23,179] {dagbag.py:500} INFO - Filling up the DagBag from /usr/local/conda/lib/python3.7/site-packages/airflow/example_dags/example_external_task_marker_dag.py
[2023-02-12 11:55:23,219] {processor.py:652} INFO - DAG(s) dict_keys(['example_external_task_marker_parent', 'example_external_task_marker_child']) retrieved from /usr/local/conda/lib/python3.7/site-packages/airflow/example_dags/example_external_task_marker_dag.py
[2023-02-12 11:55:23,255] {logging_mixin.py:109} INFO - [2023-02-12 11:55:23,255] {dag.py:2398} INFO - Sync 2 DAGs
[2023-02-12 11:55:23,311] {logging_mixin.py:109} INFO - [2023-02-12 11:55:23,310] {dag.py:2937} INFO - Setting next_dagrun for example_external_task_marker_child to None
[2023-02-12 11:55:23,311] {logging_mixin.py:109} INFO - [2023-02-12 11:55:23,311] {dag.py:2937} INFO - Setting next_dagrun for example_external_task_marker_parent to None
[2023-02-12 11:55:23,363] {processor.py:171} INFO - Processing /usr/local/conda/lib/python3.7/site-packages/airflow/example_dags/example_external_task_marker_dag.py took 0.198 seconds
[2023-02-12 11:55:58,855] {processor.py:163} INFO - Started process (PID=2545) to work on /usr/local/conda/lib/python3.7/site-packages/airflow/example_dags/example_external_task_marker_dag.py
[2023-02-12 11:55:58,862] {processor.py:642} INFO - Processing file /usr/local/conda/lib/python3.7/site-packages/airflow/example_dags/example_external_task_marker_dag.py for tasks to queue
[2023-02-12 11:55:58,865] {logging_mixin.py:109} INFO - [2023-02-12 11:55:58,864] {dagbag.py:500} INFO - Filling up the DagBag from /usr/local/conda/lib/python3.7/site-packages/airflow/example_dags/example_external_task_marker_dag.py
[2023-02-12 11:55:58,914] {processor.py:652} INFO - DAG(s) dict_keys(['example_external_task_marker_parent', 'example_external_task_marker_child']) retrieved from /usr/local/conda/lib/python3.7/site-packages/airflow/example_dags/example_external_task_marker_dag.py
[2023-02-12 11:55:58,954] {logging_mixin.py:109} INFO - [2023-02-12 11:55:58,954] {dag.py:2398} INFO - Sync 2 DAGs
[2023-02-12 11:55:59,000] {logging_mixin.py:109} INFO - [2023-02-12 11:55:59,000] {dag.py:2937} INFO - Setting next_dagrun for example_external_task_marker_child to None
[2023-02-12 11:55:59,001] {logging_mixin.py:109} INFO - [2023-02-12 11:55:59,001] {dag.py:2937} INFO - Setting next_dagrun for example_external_task_marker_parent to None
[2023-02-12 11:55:59,083] {processor.py:171} INFO - Processing /usr/local/conda/lib/python3.7/site-packages/airflow/example_dags/example_external_task_marker_dag.py took 0.236 seconds
[2023-02-12 11:56:38,446] {processor.py:163} INFO - Started process (PID=2576) to work on /usr/local/conda/lib/python3.7/site-packages/airflow/example_dags/example_external_task_marker_dag.py
[2023-02-12 11:56:38,452] {processor.py:642} INFO - Processing file /usr/local/conda/lib/python3.7/site-packages/airflow/example_dags/example_external_task_marker_dag.py for tasks to queue
[2023-02-12 11:56:38,454] {logging_mixin.py:109} INFO - [2023-02-12 11:56:38,454] {dagbag.py:500} INFO - Filling up the DagBag from /usr/local/conda/lib/python3.7/site-packages/airflow/example_dags/example_external_task_marker_dag.py
[2023-02-12 11:56:38,485] {processor.py:652} INFO - DAG(s) dict_keys(['example_external_task_marker_parent', 'example_external_task_marker_child']) retrieved from /usr/local/conda/lib/python3.7/site-packages/airflow/example_dags/example_external_task_marker_dag.py
[2023-02-12 11:56:38,517] {logging_mixin.py:109} INFO - [2023-02-12 11:56:38,517] {dag.py:2398} INFO - Sync 2 DAGs
[2023-02-12 11:56:38,544] {logging_mixin.py:109} INFO - [2023-02-12 11:56:38,544] {dag.py:2937} INFO - Setting next_dagrun for example_external_task_marker_child to None
[2023-02-12 11:56:38,544] {logging_mixin.py:109} INFO - [2023-02-12 11:56:38,544] {dag.py:2937} INFO - Setting next_dagrun for example_external_task_marker_parent to None
[2023-02-12 11:56:38,579] {processor.py:171} INFO - Processing /usr/local/conda/lib/python3.7/site-packages/airflow/example_dags/example_external_task_marker_dag.py took 0.139 seconds
[2023-02-12 11:57:17,863] {processor.py:163} INFO - Started process (PID=2608) to work on /usr/local/conda/lib/python3.7/site-packages/airflow/example_dags/example_external_task_marker_dag.py
[2023-02-12 11:57:17,868] {processor.py:642} INFO - Processing file /usr/local/conda/lib/python3.7/site-packages/airflow/example_dags/example_external_task_marker_dag.py for tasks to queue
[2023-02-12 11:57:17,874] {logging_mixin.py:109} INFO - [2023-02-12 11:57:17,874] {dagbag.py:500} INFO - Filling up the DagBag from /usr/local/conda/lib/python3.7/site-packages/airflow/example_dags/example_external_task_marker_dag.py
[2023-02-12 11:57:17,908] {processor.py:652} INFO - DAG(s) dict_keys(['example_external_task_marker_parent', 'example_external_task_marker_child']) retrieved from /usr/local/conda/lib/python3.7/site-packages/airflow/example_dags/example_external_task_marker_dag.py
[2023-02-12 11:57:17,941] {logging_mixin.py:109} INFO - [2023-02-12 11:57:17,941] {dag.py:2398} INFO - Sync 2 DAGs
[2023-02-12 11:57:17,969] {logging_mixin.py:109} INFO - [2023-02-12 11:57:17,969] {dag.py:2937} INFO - Setting next_dagrun for example_external_task_marker_child to None
[2023-02-12 11:57:17,970] {logging_mixin.py:109} INFO - [2023-02-12 11:57:17,970] {dag.py:2937} INFO - Setting next_dagrun for example_external_task_marker_parent to None
[2023-02-12 11:57:18,001] {processor.py:171} INFO - Processing /usr/local/conda/lib/python3.7/site-packages/airflow/example_dags/example_external_task_marker_dag.py took 0.144 seconds
[2023-02-12 11:57:58,248] {processor.py:163} INFO - Started process (PID=2642) to work on /usr/local/conda/lib/python3.7/site-packages/airflow/example_dags/example_external_task_marker_dag.py
[2023-02-12 11:57:58,251] {processor.py:642} INFO - Processing file /usr/local/conda/lib/python3.7/site-packages/airflow/example_dags/example_external_task_marker_dag.py for tasks to queue
[2023-02-12 11:57:58,254] {logging_mixin.py:109} INFO - [2023-02-12 11:57:58,254] {dagbag.py:500} INFO - Filling up the DagBag from /usr/local/conda/lib/python3.7/site-packages/airflow/example_dags/example_external_task_marker_dag.py
[2023-02-12 11:57:58,285] {processor.py:652} INFO - DAG(s) dict_keys(['example_external_task_marker_parent', 'example_external_task_marker_child']) retrieved from /usr/local/conda/lib/python3.7/site-packages/airflow/example_dags/example_external_task_marker_dag.py
[2023-02-12 11:57:58,318] {logging_mixin.py:109} INFO - [2023-02-12 11:57:58,318] {dag.py:2398} INFO - Sync 2 DAGs
[2023-02-12 11:57:58,353] {logging_mixin.py:109} INFO - [2023-02-12 11:57:58,353] {dag.py:2937} INFO - Setting next_dagrun for example_external_task_marker_child to None
[2023-02-12 11:57:58,354] {logging_mixin.py:109} INFO - [2023-02-12 11:57:58,354] {dag.py:2937} INFO - Setting next_dagrun for example_external_task_marker_parent to None
[2023-02-12 11:57:58,394] {processor.py:171} INFO - Processing /usr/local/conda/lib/python3.7/site-packages/airflow/example_dags/example_external_task_marker_dag.py took 0.152 seconds
[2023-02-12 11:58:51,115] {processor.py:163} INFO - Started process (PID=2676) to work on /usr/local/conda/lib/python3.7/site-packages/airflow/example_dags/example_external_task_marker_dag.py
[2023-02-12 11:58:51,120] {processor.py:642} INFO - Processing file /usr/local/conda/lib/python3.7/site-packages/airflow/example_dags/example_external_task_marker_dag.py for tasks to queue
[2023-02-12 11:58:51,123] {logging_mixin.py:109} INFO - [2023-02-12 11:58:51,123] {dagbag.py:500} INFO - Filling up the DagBag from /usr/local/conda/lib/python3.7/site-packages/airflow/example_dags/example_external_task_marker_dag.py
[2023-02-12 11:58:51,182] {processor.py:652} INFO - DAG(s) dict_keys(['example_external_task_marker_parent', 'example_external_task_marker_child']) retrieved from /usr/local/conda/lib/python3.7/site-packages/airflow/example_dags/example_external_task_marker_dag.py
[2023-02-12 11:58:51,257] {logging_mixin.py:109} INFO - [2023-02-12 11:58:51,257] {dag.py:2398} INFO - Sync 2 DAGs
[2023-02-12 11:58:51,308] {logging_mixin.py:109} INFO - [2023-02-12 11:58:51,308] {dag.py:2937} INFO - Setting next_dagrun for example_external_task_marker_child to None
[2023-02-12 11:58:51,309] {logging_mixin.py:109} INFO - [2023-02-12 11:58:51,309] {dag.py:2937} INFO - Setting next_dagrun for example_external_task_marker_parent to None
[2023-02-12 11:58:51,388] {processor.py:171} INFO - Processing /usr/local/conda/lib/python3.7/site-packages/airflow/example_dags/example_external_task_marker_dag.py took 0.289 seconds
