[2023-02-12 11:30:51,168] {processor.py:163} INFO - Started process (PID=1363) to work on /usr/local/conda/lib/python3.7/site-packages/airflow/example_dags/example_python_operator.py
[2023-02-12 11:30:51,182] {processor.py:642} INFO - Processing file /usr/local/conda/lib/python3.7/site-packages/airflow/example_dags/example_python_operator.py for tasks to queue
[2023-02-12 11:30:51,186] {logging_mixin.py:109} INFO - [2023-02-12 11:30:51,186] {dagbag.py:500} INFO - Filling up the DagBag from /usr/local/conda/lib/python3.7/site-packages/airflow/example_dags/example_python_operator.py
[2023-02-12 11:30:51,440] {processor.py:652} INFO - DAG(s) dict_keys(['example_python_operator']) retrieved from /usr/local/conda/lib/python3.7/site-packages/airflow/example_dags/example_python_operator.py
[2023-02-12 11:30:51,472] {logging_mixin.py:109} INFO - [2023-02-12 11:30:51,471] {dag.py:2398} INFO - Sync 1 DAGs
[2023-02-12 11:30:51,500] {logging_mixin.py:109} INFO - [2023-02-12 11:30:51,499] {dag.py:2937} INFO - Setting next_dagrun for example_python_operator to None
[2023-02-12 11:30:51,563] {processor.py:171} INFO - Processing /usr/local/conda/lib/python3.7/site-packages/airflow/example_dags/example_python_operator.py took 0.429 seconds
[2023-02-12 11:31:40,271] {processor.py:163} INFO - Started process (PID=1424) to work on /usr/local/conda/lib/python3.7/site-packages/airflow/example_dags/example_python_operator.py
[2023-02-12 11:31:40,278] {processor.py:642} INFO - Processing file /usr/local/conda/lib/python3.7/site-packages/airflow/example_dags/example_python_operator.py for tasks to queue
[2023-02-12 11:31:40,284] {logging_mixin.py:109} INFO - [2023-02-12 11:31:40,283] {dagbag.py:500} INFO - Filling up the DagBag from /usr/local/conda/lib/python3.7/site-packages/airflow/example_dags/example_python_operator.py
[2023-02-12 11:31:40,388] {processor.py:652} INFO - DAG(s) dict_keys(['example_python_operator']) retrieved from /usr/local/conda/lib/python3.7/site-packages/airflow/example_dags/example_python_operator.py
[2023-02-12 11:31:40,461] {logging_mixin.py:109} INFO - [2023-02-12 11:31:40,461] {dag.py:2398} INFO - Sync 1 DAGs
[2023-02-12 11:31:40,522] {logging_mixin.py:109} INFO - [2023-02-12 11:31:40,521] {dag.py:2937} INFO - Setting next_dagrun for example_python_operator to None
[2023-02-12 11:31:41,737] {processor.py:171} INFO - Processing /usr/local/conda/lib/python3.7/site-packages/airflow/example_dags/example_python_operator.py took 1.482 seconds
[2023-02-12 11:32:48,447] {processor.py:163} INFO - Started process (PID=1524) to work on /usr/local/conda/lib/python3.7/site-packages/airflow/example_dags/example_python_operator.py
[2023-02-12 11:32:48,450] {processor.py:642} INFO - Processing file /usr/local/conda/lib/python3.7/site-packages/airflow/example_dags/example_python_operator.py for tasks to queue
[2023-02-12 11:32:48,453] {logging_mixin.py:109} INFO - [2023-02-12 11:32:48,452] {dagbag.py:500} INFO - Filling up the DagBag from /usr/local/conda/lib/python3.7/site-packages/airflow/example_dags/example_python_operator.py
[2023-02-12 11:32:48,566] {processor.py:652} INFO - DAG(s) dict_keys(['example_python_operator']) retrieved from /usr/local/conda/lib/python3.7/site-packages/airflow/example_dags/example_python_operator.py
[2023-02-12 11:32:48,622] {logging_mixin.py:109} INFO - [2023-02-12 11:32:48,622] {dag.py:2398} INFO - Sync 1 DAGs
[2023-02-12 11:32:48,673] {logging_mixin.py:109} INFO - [2023-02-12 11:32:48,673] {dag.py:2937} INFO - Setting next_dagrun for example_python_operator to None
[2023-02-12 11:32:48,717] {processor.py:171} INFO - Processing /usr/local/conda/lib/python3.7/site-packages/airflow/example_dags/example_python_operator.py took 0.278 seconds
[2023-02-12 11:33:50,954] {processor.py:163} INFO - Started process (PID=1606) to work on /usr/local/conda/lib/python3.7/site-packages/airflow/example_dags/example_python_operator.py
[2023-02-12 11:33:50,958] {processor.py:642} INFO - Processing file /usr/local/conda/lib/python3.7/site-packages/airflow/example_dags/example_python_operator.py for tasks to queue
[2023-02-12 11:33:50,961] {logging_mixin.py:109} INFO - [2023-02-12 11:33:50,961] {dagbag.py:500} INFO - Filling up the DagBag from /usr/local/conda/lib/python3.7/site-packages/airflow/example_dags/example_python_operator.py
[2023-02-12 11:33:51,037] {processor.py:652} INFO - DAG(s) dict_keys(['example_python_operator']) retrieved from /usr/local/conda/lib/python3.7/site-packages/airflow/example_dags/example_python_operator.py
[2023-02-12 11:33:51,083] {logging_mixin.py:109} INFO - [2023-02-12 11:33:51,083] {dag.py:2398} INFO - Sync 1 DAGs
[2023-02-12 11:33:51,120] {logging_mixin.py:109} INFO - [2023-02-12 11:33:51,120] {dag.py:2937} INFO - Setting next_dagrun for example_python_operator to None
[2023-02-12 11:33:51,157] {processor.py:171} INFO - Processing /usr/local/conda/lib/python3.7/site-packages/airflow/example_dags/example_python_operator.py took 0.215 seconds
[2023-02-12 11:35:43,680] {processor.py:163} INFO - Started process (PID=1652) to work on /usr/local/conda/lib/python3.7/site-packages/airflow/example_dags/example_python_operator.py
[2023-02-12 11:35:43,686] {processor.py:642} INFO - Processing file /usr/local/conda/lib/python3.7/site-packages/airflow/example_dags/example_python_operator.py for tasks to queue
[2023-02-12 11:35:43,689] {logging_mixin.py:109} INFO - [2023-02-12 11:35:43,689] {dagbag.py:500} INFO - Filling up the DagBag from /usr/local/conda/lib/python3.7/site-packages/airflow/example_dags/example_python_operator.py
[2023-02-12 11:35:43,748] {processor.py:652} INFO - DAG(s) dict_keys(['example_python_operator']) retrieved from /usr/local/conda/lib/python3.7/site-packages/airflow/example_dags/example_python_operator.py
[2023-02-12 11:35:43,793] {logging_mixin.py:109} INFO - [2023-02-12 11:35:43,793] {dag.py:2398} INFO - Sync 1 DAGs
[2023-02-12 11:35:43,831] {logging_mixin.py:109} INFO - [2023-02-12 11:35:43,831] {dag.py:2937} INFO - Setting next_dagrun for example_python_operator to None
[2023-02-12 11:35:43,889] {processor.py:171} INFO - Processing /usr/local/conda/lib/python3.7/site-packages/airflow/example_dags/example_python_operator.py took 0.221 seconds
[2023-02-12 11:37:06,766] {processor.py:163} INFO - Started process (PID=1699) to work on /usr/local/conda/lib/python3.7/site-packages/airflow/example_dags/example_python_operator.py
[2023-02-12 11:37:06,802] {processor.py:642} INFO - Processing file /usr/local/conda/lib/python3.7/site-packages/airflow/example_dags/example_python_operator.py for tasks to queue
[2023-02-12 11:37:06,807] {logging_mixin.py:109} INFO - [2023-02-12 11:37:06,806] {dagbag.py:500} INFO - Filling up the DagBag from /usr/local/conda/lib/python3.7/site-packages/airflow/example_dags/example_python_operator.py
[2023-02-12 11:37:06,898] {processor.py:652} INFO - DAG(s) dict_keys(['example_python_operator']) retrieved from /usr/local/conda/lib/python3.7/site-packages/airflow/example_dags/example_python_operator.py
[2023-02-12 11:37:06,933] {logging_mixin.py:109} INFO - [2023-02-12 11:37:06,933] {dag.py:2398} INFO - Sync 1 DAGs
[2023-02-12 11:37:06,959] {logging_mixin.py:109} INFO - [2023-02-12 11:37:06,959] {dag.py:2937} INFO - Setting next_dagrun for example_python_operator to None
[2023-02-12 11:37:07,415] {processor.py:171} INFO - Processing /usr/local/conda/lib/python3.7/site-packages/airflow/example_dags/example_python_operator.py took 0.660 seconds
[2023-02-12 11:38:08,700] {processor.py:163} INFO - Started process (PID=1733) to work on /usr/local/conda/lib/python3.7/site-packages/airflow/example_dags/example_python_operator.py
[2023-02-12 11:38:08,708] {processor.py:642} INFO - Processing file /usr/local/conda/lib/python3.7/site-packages/airflow/example_dags/example_python_operator.py for tasks to queue
[2023-02-12 11:38:08,716] {logging_mixin.py:109} INFO - [2023-02-12 11:38:08,715] {dagbag.py:500} INFO - Filling up the DagBag from /usr/local/conda/lib/python3.7/site-packages/airflow/example_dags/example_python_operator.py
[2023-02-12 11:38:08,819] {processor.py:652} INFO - DAG(s) dict_keys(['example_python_operator']) retrieved from /usr/local/conda/lib/python3.7/site-packages/airflow/example_dags/example_python_operator.py
[2023-02-12 11:38:08,848] {logging_mixin.py:109} INFO - [2023-02-12 11:38:08,848] {dag.py:2398} INFO - Sync 1 DAGs
[2023-02-12 11:38:08,873] {logging_mixin.py:109} INFO - [2023-02-12 11:38:08,873] {dag.py:2937} INFO - Setting next_dagrun for example_python_operator to None
[2023-02-12 11:38:09,465] {processor.py:171} INFO - Processing /usr/local/conda/lib/python3.7/site-packages/airflow/example_dags/example_python_operator.py took 0.780 seconds
[2023-02-12 11:39:07,546] {processor.py:163} INFO - Started process (PID=1767) to work on /usr/local/conda/lib/python3.7/site-packages/airflow/example_dags/example_python_operator.py
[2023-02-12 11:39:07,574] {processor.py:642} INFO - Processing file /usr/local/conda/lib/python3.7/site-packages/airflow/example_dags/example_python_operator.py for tasks to queue
[2023-02-12 11:39:07,578] {logging_mixin.py:109} INFO - [2023-02-12 11:39:07,577] {dagbag.py:500} INFO - Filling up the DagBag from /usr/local/conda/lib/python3.7/site-packages/airflow/example_dags/example_python_operator.py
[2023-02-12 11:39:07,633] {processor.py:652} INFO - DAG(s) dict_keys(['example_python_operator']) retrieved from /usr/local/conda/lib/python3.7/site-packages/airflow/example_dags/example_python_operator.py
[2023-02-12 11:39:07,662] {logging_mixin.py:109} INFO - [2023-02-12 11:39:07,662] {dag.py:2398} INFO - Sync 1 DAGs
[2023-02-12 11:39:07,686] {logging_mixin.py:109} INFO - [2023-02-12 11:39:07,686] {dag.py:2937} INFO - Setting next_dagrun for example_python_operator to None
[2023-02-12 11:39:08,072] {processor.py:171} INFO - Processing /usr/local/conda/lib/python3.7/site-packages/airflow/example_dags/example_python_operator.py took 0.532 seconds
[2023-02-12 11:40:07,731] {processor.py:163} INFO - Started process (PID=1805) to work on /usr/local/conda/lib/python3.7/site-packages/airflow/example_dags/example_python_operator.py
[2023-02-12 11:40:07,740] {processor.py:642} INFO - Processing file /usr/local/conda/lib/python3.7/site-packages/airflow/example_dags/example_python_operator.py for tasks to queue
[2023-02-12 11:40:07,745] {logging_mixin.py:109} INFO - [2023-02-12 11:40:07,744] {dagbag.py:500} INFO - Filling up the DagBag from /usr/local/conda/lib/python3.7/site-packages/airflow/example_dags/example_python_operator.py
[2023-02-12 11:40:07,840] {processor.py:652} INFO - DAG(s) dict_keys(['example_python_operator']) retrieved from /usr/local/conda/lib/python3.7/site-packages/airflow/example_dags/example_python_operator.py
[2023-02-12 11:40:07,915] {logging_mixin.py:109} INFO - [2023-02-12 11:40:07,915] {dag.py:2398} INFO - Sync 1 DAGs
[2023-02-12 11:40:07,956] {logging_mixin.py:109} INFO - [2023-02-12 11:40:07,956] {dag.py:2937} INFO - Setting next_dagrun for example_python_operator to None
[2023-02-12 11:40:08,167] {processor.py:171} INFO - Processing /usr/local/conda/lib/python3.7/site-packages/airflow/example_dags/example_python_operator.py took 0.450 seconds
[2023-02-12 11:41:15,597] {processor.py:163} INFO - Started process (PID=1849) to work on /usr/local/conda/lib/python3.7/site-packages/airflow/example_dags/example_python_operator.py
[2023-02-12 11:41:15,724] {processor.py:642} INFO - Processing file /usr/local/conda/lib/python3.7/site-packages/airflow/example_dags/example_python_operator.py for tasks to queue
[2023-02-12 11:41:15,727] {logging_mixin.py:109} INFO - [2023-02-12 11:41:15,727] {dagbag.py:500} INFO - Filling up the DagBag from /usr/local/conda/lib/python3.7/site-packages/airflow/example_dags/example_python_operator.py
[2023-02-12 11:41:15,770] {processor.py:652} INFO - DAG(s) dict_keys(['example_python_operator']) retrieved from /usr/local/conda/lib/python3.7/site-packages/airflow/example_dags/example_python_operator.py
[2023-02-12 11:41:15,800] {logging_mixin.py:109} INFO - [2023-02-12 11:41:15,800] {dag.py:2398} INFO - Sync 1 DAGs
[2023-02-12 11:41:15,827] {logging_mixin.py:109} INFO - [2023-02-12 11:41:15,827] {dag.py:2937} INFO - Setting next_dagrun for example_python_operator to None
[2023-02-12 11:41:16,107] {processor.py:171} INFO - Processing /usr/local/conda/lib/python3.7/site-packages/airflow/example_dags/example_python_operator.py took 0.515 seconds
[2023-02-12 11:41:57,210] {processor.py:163} INFO - Started process (PID=1883) to work on /usr/local/conda/lib/python3.7/site-packages/airflow/example_dags/example_python_operator.py
[2023-02-12 11:41:57,215] {processor.py:642} INFO - Processing file /usr/local/conda/lib/python3.7/site-packages/airflow/example_dags/example_python_operator.py for tasks to queue
[2023-02-12 11:41:57,217] {logging_mixin.py:109} INFO - [2023-02-12 11:41:57,217] {dagbag.py:500} INFO - Filling up the DagBag from /usr/local/conda/lib/python3.7/site-packages/airflow/example_dags/example_python_operator.py
[2023-02-12 11:41:57,252] {processor.py:652} INFO - DAG(s) dict_keys(['example_python_operator']) retrieved from /usr/local/conda/lib/python3.7/site-packages/airflow/example_dags/example_python_operator.py
[2023-02-12 11:41:57,275] {logging_mixin.py:109} INFO - [2023-02-12 11:41:57,275] {dag.py:2398} INFO - Sync 1 DAGs
[2023-02-12 11:41:57,302] {logging_mixin.py:109} INFO - [2023-02-12 11:41:57,302] {dag.py:2937} INFO - Setting next_dagrun for example_python_operator to None
[2023-02-12 11:41:57,338] {processor.py:171} INFO - Processing /usr/local/conda/lib/python3.7/site-packages/airflow/example_dags/example_python_operator.py took 0.132 seconds
[2023-02-12 11:42:51,902] {processor.py:163} INFO - Started process (PID=1923) to work on /usr/local/conda/lib/python3.7/site-packages/airflow/example_dags/example_python_operator.py
[2023-02-12 11:42:51,911] {processor.py:642} INFO - Processing file /usr/local/conda/lib/python3.7/site-packages/airflow/example_dags/example_python_operator.py for tasks to queue
[2023-02-12 11:42:51,919] {logging_mixin.py:109} INFO - [2023-02-12 11:42:51,919] {dagbag.py:500} INFO - Filling up the DagBag from /usr/local/conda/lib/python3.7/site-packages/airflow/example_dags/example_python_operator.py
[2023-02-12 11:42:51,967] {processor.py:652} INFO - DAG(s) dict_keys(['example_python_operator']) retrieved from /usr/local/conda/lib/python3.7/site-packages/airflow/example_dags/example_python_operator.py
[2023-02-12 11:42:52,009] {logging_mixin.py:109} INFO - [2023-02-12 11:42:52,009] {dag.py:2398} INFO - Sync 1 DAGs
[2023-02-12 11:42:52,038] {logging_mixin.py:109} INFO - [2023-02-12 11:42:52,038] {dag.py:2937} INFO - Setting next_dagrun for example_python_operator to None
[2023-02-12 11:42:52,093] {processor.py:171} INFO - Processing /usr/local/conda/lib/python3.7/site-packages/airflow/example_dags/example_python_operator.py took 0.198 seconds
[2023-02-12 11:43:45,377] {processor.py:163} INFO - Started process (PID=1962) to work on /usr/local/conda/lib/python3.7/site-packages/airflow/example_dags/example_python_operator.py
[2023-02-12 11:43:45,387] {processor.py:642} INFO - Processing file /usr/local/conda/lib/python3.7/site-packages/airflow/example_dags/example_python_operator.py for tasks to queue
[2023-02-12 11:43:45,401] {logging_mixin.py:109} INFO - [2023-02-12 11:43:45,401] {dagbag.py:500} INFO - Filling up the DagBag from /usr/local/conda/lib/python3.7/site-packages/airflow/example_dags/example_python_operator.py
[2023-02-12 11:43:45,482] {processor.py:652} INFO - DAG(s) dict_keys(['example_python_operator']) retrieved from /usr/local/conda/lib/python3.7/site-packages/airflow/example_dags/example_python_operator.py
[2023-02-12 11:43:45,536] {logging_mixin.py:109} INFO - [2023-02-12 11:43:45,536] {dag.py:2398} INFO - Sync 1 DAGs
[2023-02-12 11:43:45,567] {logging_mixin.py:109} INFO - [2023-02-12 11:43:45,566] {dag.py:2937} INFO - Setting next_dagrun for example_python_operator to None
[2023-02-12 11:43:45,641] {processor.py:171} INFO - Processing /usr/local/conda/lib/python3.7/site-packages/airflow/example_dags/example_python_operator.py took 0.281 seconds
[2023-02-12 11:44:37,220] {processor.py:163} INFO - Started process (PID=1999) to work on /usr/local/conda/lib/python3.7/site-packages/airflow/example_dags/example_python_operator.py
[2023-02-12 11:44:37,230] {processor.py:642} INFO - Processing file /usr/local/conda/lib/python3.7/site-packages/airflow/example_dags/example_python_operator.py for tasks to queue
[2023-02-12 11:44:37,234] {logging_mixin.py:109} INFO - [2023-02-12 11:44:37,234] {dagbag.py:500} INFO - Filling up the DagBag from /usr/local/conda/lib/python3.7/site-packages/airflow/example_dags/example_python_operator.py
[2023-02-12 11:44:37,330] {processor.py:652} INFO - DAG(s) dict_keys(['example_python_operator']) retrieved from /usr/local/conda/lib/python3.7/site-packages/airflow/example_dags/example_python_operator.py
[2023-02-12 11:44:37,406] {logging_mixin.py:109} INFO - [2023-02-12 11:44:37,406] {dag.py:2398} INFO - Sync 1 DAGs
[2023-02-12 11:44:37,482] {logging_mixin.py:109} INFO - [2023-02-12 11:44:37,482] {dag.py:2937} INFO - Setting next_dagrun for example_python_operator to None
[2023-02-12 11:44:37,558] {processor.py:171} INFO - Processing /usr/local/conda/lib/python3.7/site-packages/airflow/example_dags/example_python_operator.py took 0.345 seconds
[2023-02-12 11:45:34,465] {processor.py:163} INFO - Started process (PID=2038) to work on /usr/local/conda/lib/python3.7/site-packages/airflow/example_dags/example_python_operator.py
[2023-02-12 11:45:34,480] {processor.py:642} INFO - Processing file /usr/local/conda/lib/python3.7/site-packages/airflow/example_dags/example_python_operator.py for tasks to queue
[2023-02-12 11:45:34,482] {logging_mixin.py:109} INFO - [2023-02-12 11:45:34,482] {dagbag.py:500} INFO - Filling up the DagBag from /usr/local/conda/lib/python3.7/site-packages/airflow/example_dags/example_python_operator.py
[2023-02-12 11:45:34,560] {processor.py:652} INFO - DAG(s) dict_keys(['example_python_operator']) retrieved from /usr/local/conda/lib/python3.7/site-packages/airflow/example_dags/example_python_operator.py
[2023-02-12 11:45:34,630] {logging_mixin.py:109} INFO - [2023-02-12 11:45:34,630] {dag.py:2398} INFO - Sync 1 DAGs
[2023-02-12 11:45:34,698] {logging_mixin.py:109} INFO - [2023-02-12 11:45:34,698] {dag.py:2937} INFO - Setting next_dagrun for example_python_operator to None
[2023-02-12 11:45:34,815] {processor.py:171} INFO - Processing /usr/local/conda/lib/python3.7/site-packages/airflow/example_dags/example_python_operator.py took 0.356 seconds
[2023-02-12 11:46:35,707] {processor.py:163} INFO - Started process (PID=2079) to work on /usr/local/conda/lib/python3.7/site-packages/airflow/example_dags/example_python_operator.py
[2023-02-12 11:46:35,713] {processor.py:642} INFO - Processing file /usr/local/conda/lib/python3.7/site-packages/airflow/example_dags/example_python_operator.py for tasks to queue
[2023-02-12 11:46:35,715] {logging_mixin.py:109} INFO - [2023-02-12 11:46:35,714] {dagbag.py:500} INFO - Filling up the DagBag from /usr/local/conda/lib/python3.7/site-packages/airflow/example_dags/example_python_operator.py
[2023-02-12 11:46:35,790] {processor.py:652} INFO - DAG(s) dict_keys(['example_python_operator']) retrieved from /usr/local/conda/lib/python3.7/site-packages/airflow/example_dags/example_python_operator.py
[2023-02-12 11:46:35,849] {logging_mixin.py:109} INFO - [2023-02-12 11:46:35,849] {dag.py:2398} INFO - Sync 1 DAGs
[2023-02-12 11:46:35,907] {logging_mixin.py:109} INFO - [2023-02-12 11:46:35,907] {dag.py:2937} INFO - Setting next_dagrun for example_python_operator to None
[2023-02-12 11:46:36,010] {processor.py:171} INFO - Processing /usr/local/conda/lib/python3.7/site-packages/airflow/example_dags/example_python_operator.py took 0.321 seconds
[2023-02-12 11:47:27,341] {processor.py:163} INFO - Started process (PID=2115) to work on /usr/local/conda/lib/python3.7/site-packages/airflow/example_dags/example_python_operator.py
[2023-02-12 11:47:27,353] {processor.py:642} INFO - Processing file /usr/local/conda/lib/python3.7/site-packages/airflow/example_dags/example_python_operator.py for tasks to queue
[2023-02-12 11:47:27,356] {logging_mixin.py:109} INFO - [2023-02-12 11:47:27,356] {dagbag.py:500} INFO - Filling up the DagBag from /usr/local/conda/lib/python3.7/site-packages/airflow/example_dags/example_python_operator.py
[2023-02-12 11:47:27,417] {processor.py:652} INFO - DAG(s) dict_keys(['example_python_operator']) retrieved from /usr/local/conda/lib/python3.7/site-packages/airflow/example_dags/example_python_operator.py
[2023-02-12 11:47:27,462] {logging_mixin.py:109} INFO - [2023-02-12 11:47:27,460] {dag.py:2398} INFO - Sync 1 DAGs
[2023-02-12 11:47:27,505] {logging_mixin.py:109} INFO - [2023-02-12 11:47:27,505] {dag.py:2937} INFO - Setting next_dagrun for example_python_operator to None
[2023-02-12 11:47:27,556] {processor.py:171} INFO - Processing /usr/local/conda/lib/python3.7/site-packages/airflow/example_dags/example_python_operator.py took 0.223 seconds
[2023-02-12 11:48:11,644] {processor.py:163} INFO - Started process (PID=2150) to work on /usr/local/conda/lib/python3.7/site-packages/airflow/example_dags/example_python_operator.py
[2023-02-12 11:48:11,652] {processor.py:642} INFO - Processing file /usr/local/conda/lib/python3.7/site-packages/airflow/example_dags/example_python_operator.py for tasks to queue
[2023-02-12 11:48:11,654] {logging_mixin.py:109} INFO - [2023-02-12 11:48:11,654] {dagbag.py:500} INFO - Filling up the DagBag from /usr/local/conda/lib/python3.7/site-packages/airflow/example_dags/example_python_operator.py
[2023-02-12 11:48:11,698] {processor.py:652} INFO - DAG(s) dict_keys(['example_python_operator']) retrieved from /usr/local/conda/lib/python3.7/site-packages/airflow/example_dags/example_python_operator.py
[2023-02-12 11:48:11,729] {logging_mixin.py:109} INFO - [2023-02-12 11:48:11,729] {dag.py:2398} INFO - Sync 1 DAGs
[2023-02-12 11:48:11,758] {logging_mixin.py:109} INFO - [2023-02-12 11:48:11,757] {dag.py:2937} INFO - Setting next_dagrun for example_python_operator to None
[2023-02-12 11:48:11,790] {processor.py:171} INFO - Processing /usr/local/conda/lib/python3.7/site-packages/airflow/example_dags/example_python_operator.py took 0.152 seconds
[2023-02-12 11:48:55,452] {processor.py:163} INFO - Started process (PID=2187) to work on /usr/local/conda/lib/python3.7/site-packages/airflow/example_dags/example_python_operator.py
[2023-02-12 11:48:55,456] {processor.py:642} INFO - Processing file /usr/local/conda/lib/python3.7/site-packages/airflow/example_dags/example_python_operator.py for tasks to queue
[2023-02-12 11:48:55,459] {logging_mixin.py:109} INFO - [2023-02-12 11:48:55,459] {dagbag.py:500} INFO - Filling up the DagBag from /usr/local/conda/lib/python3.7/site-packages/airflow/example_dags/example_python_operator.py
[2023-02-12 11:48:55,512] {processor.py:652} INFO - DAG(s) dict_keys(['example_python_operator']) retrieved from /usr/local/conda/lib/python3.7/site-packages/airflow/example_dags/example_python_operator.py
[2023-02-12 11:48:55,549] {logging_mixin.py:109} INFO - [2023-02-12 11:48:55,549] {dag.py:2398} INFO - Sync 1 DAGs
[2023-02-12 11:48:55,582] {logging_mixin.py:109} INFO - [2023-02-12 11:48:55,582] {dag.py:2937} INFO - Setting next_dagrun for example_python_operator to None
[2023-02-12 11:48:55,628] {processor.py:171} INFO - Processing /usr/local/conda/lib/python3.7/site-packages/airflow/example_dags/example_python_operator.py took 0.184 seconds
[2023-02-12 11:49:51,369] {processor.py:163} INFO - Started process (PID=2228) to work on /usr/local/conda/lib/python3.7/site-packages/airflow/example_dags/example_python_operator.py
[2023-02-12 11:49:51,376] {processor.py:642} INFO - Processing file /usr/local/conda/lib/python3.7/site-packages/airflow/example_dags/example_python_operator.py for tasks to queue
[2023-02-12 11:49:51,379] {logging_mixin.py:109} INFO - [2023-02-12 11:49:51,379] {dagbag.py:500} INFO - Filling up the DagBag from /usr/local/conda/lib/python3.7/site-packages/airflow/example_dags/example_python_operator.py
[2023-02-12 11:49:51,432] {processor.py:652} INFO - DAG(s) dict_keys(['example_python_operator']) retrieved from /usr/local/conda/lib/python3.7/site-packages/airflow/example_dags/example_python_operator.py
[2023-02-12 11:49:51,465] {logging_mixin.py:109} INFO - [2023-02-12 11:49:51,464] {dag.py:2398} INFO - Sync 1 DAGs
[2023-02-12 11:49:51,493] {logging_mixin.py:109} INFO - [2023-02-12 11:49:51,492] {dag.py:2937} INFO - Setting next_dagrun for example_python_operator to None
[2023-02-12 11:49:51,525] {processor.py:171} INFO - Processing /usr/local/conda/lib/python3.7/site-packages/airflow/example_dags/example_python_operator.py took 0.163 seconds
[2023-02-12 11:50:38,093] {processor.py:163} INFO - Started process (PID=2270) to work on /usr/local/conda/lib/python3.7/site-packages/airflow/example_dags/example_python_operator.py
[2023-02-12 11:50:38,097] {processor.py:642} INFO - Processing file /usr/local/conda/lib/python3.7/site-packages/airflow/example_dags/example_python_operator.py for tasks to queue
[2023-02-12 11:50:38,101] {logging_mixin.py:109} INFO - [2023-02-12 11:50:38,100] {dagbag.py:500} INFO - Filling up the DagBag from /usr/local/conda/lib/python3.7/site-packages/airflow/example_dags/example_python_operator.py
[2023-02-12 11:50:38,144] {processor.py:652} INFO - DAG(s) dict_keys(['example_python_operator']) retrieved from /usr/local/conda/lib/python3.7/site-packages/airflow/example_dags/example_python_operator.py
[2023-02-12 11:50:38,177] {logging_mixin.py:109} INFO - [2023-02-12 11:50:38,177] {dag.py:2398} INFO - Sync 1 DAGs
[2023-02-12 11:50:38,210] {logging_mixin.py:109} INFO - [2023-02-12 11:50:38,210] {dag.py:2937} INFO - Setting next_dagrun for example_python_operator to None
[2023-02-12 11:50:38,249] {processor.py:171} INFO - Processing /usr/local/conda/lib/python3.7/site-packages/airflow/example_dags/example_python_operator.py took 0.162 seconds
[2023-02-12 11:51:26,186] {processor.py:163} INFO - Started process (PID=2307) to work on /usr/local/conda/lib/python3.7/site-packages/airflow/example_dags/example_python_operator.py
[2023-02-12 11:51:26,190] {processor.py:642} INFO - Processing file /usr/local/conda/lib/python3.7/site-packages/airflow/example_dags/example_python_operator.py for tasks to queue
[2023-02-12 11:51:26,192] {logging_mixin.py:109} INFO - [2023-02-12 11:51:26,192] {dagbag.py:500} INFO - Filling up the DagBag from /usr/local/conda/lib/python3.7/site-packages/airflow/example_dags/example_python_operator.py
[2023-02-12 11:51:26,231] {processor.py:652} INFO - DAG(s) dict_keys(['example_python_operator']) retrieved from /usr/local/conda/lib/python3.7/site-packages/airflow/example_dags/example_python_operator.py
[2023-02-12 11:51:26,263] {logging_mixin.py:109} INFO - [2023-02-12 11:51:26,263] {dag.py:2398} INFO - Sync 1 DAGs
[2023-02-12 11:51:26,293] {logging_mixin.py:109} INFO - [2023-02-12 11:51:26,292] {dag.py:2937} INFO - Setting next_dagrun for example_python_operator to None
[2023-02-12 11:51:26,324] {processor.py:171} INFO - Processing /usr/local/conda/lib/python3.7/site-packages/airflow/example_dags/example_python_operator.py took 0.145 seconds
[2023-02-12 11:52:04,514] {processor.py:163} INFO - Started process (PID=2341) to work on /usr/local/conda/lib/python3.7/site-packages/airflow/example_dags/example_python_operator.py
[2023-02-12 11:52:04,518] {processor.py:642} INFO - Processing file /usr/local/conda/lib/python3.7/site-packages/airflow/example_dags/example_python_operator.py for tasks to queue
[2023-02-12 11:52:04,520] {logging_mixin.py:109} INFO - [2023-02-12 11:52:04,519] {dagbag.py:500} INFO - Filling up the DagBag from /usr/local/conda/lib/python3.7/site-packages/airflow/example_dags/example_python_operator.py
[2023-02-12 11:52:04,570] {processor.py:652} INFO - DAG(s) dict_keys(['example_python_operator']) retrieved from /usr/local/conda/lib/python3.7/site-packages/airflow/example_dags/example_python_operator.py
[2023-02-12 11:52:04,600] {logging_mixin.py:109} INFO - [2023-02-12 11:52:04,599] {dag.py:2398} INFO - Sync 1 DAGs
[2023-02-12 11:52:04,629] {logging_mixin.py:109} INFO - [2023-02-12 11:52:04,629] {dag.py:2937} INFO - Setting next_dagrun for example_python_operator to None
[2023-02-12 11:52:04,663] {processor.py:171} INFO - Processing /usr/local/conda/lib/python3.7/site-packages/airflow/example_dags/example_python_operator.py took 0.157 seconds
[2023-02-12 11:52:42,697] {processor.py:163} INFO - Started process (PID=2374) to work on /usr/local/conda/lib/python3.7/site-packages/airflow/example_dags/example_python_operator.py
[2023-02-12 11:52:42,702] {processor.py:642} INFO - Processing file /usr/local/conda/lib/python3.7/site-packages/airflow/example_dags/example_python_operator.py for tasks to queue
[2023-02-12 11:52:42,704] {logging_mixin.py:109} INFO - [2023-02-12 11:52:42,704] {dagbag.py:500} INFO - Filling up the DagBag from /usr/local/conda/lib/python3.7/site-packages/airflow/example_dags/example_python_operator.py
[2023-02-12 11:52:42,736] {processor.py:652} INFO - DAG(s) dict_keys(['example_python_operator']) retrieved from /usr/local/conda/lib/python3.7/site-packages/airflow/example_dags/example_python_operator.py
[2023-02-12 11:52:42,754] {logging_mixin.py:109} INFO - [2023-02-12 11:52:42,754] {dag.py:2398} INFO - Sync 1 DAGs
[2023-02-12 11:52:42,772] {logging_mixin.py:109} INFO - [2023-02-12 11:52:42,772] {dag.py:2937} INFO - Setting next_dagrun for example_python_operator to None
[2023-02-12 11:52:42,791] {processor.py:171} INFO - Processing /usr/local/conda/lib/python3.7/site-packages/airflow/example_dags/example_python_operator.py took 0.098 seconds
[2023-02-12 11:53:18,863] {processor.py:163} INFO - Started process (PID=2406) to work on /usr/local/conda/lib/python3.7/site-packages/airflow/example_dags/example_python_operator.py
[2023-02-12 11:53:18,865] {processor.py:642} INFO - Processing file /usr/local/conda/lib/python3.7/site-packages/airflow/example_dags/example_python_operator.py for tasks to queue
[2023-02-12 11:53:18,867] {logging_mixin.py:109} INFO - [2023-02-12 11:53:18,866] {dagbag.py:500} INFO - Filling up the DagBag from /usr/local/conda/lib/python3.7/site-packages/airflow/example_dags/example_python_operator.py
[2023-02-12 11:53:18,890] {processor.py:652} INFO - DAG(s) dict_keys(['example_python_operator']) retrieved from /usr/local/conda/lib/python3.7/site-packages/airflow/example_dags/example_python_operator.py
[2023-02-12 11:53:18,911] {logging_mixin.py:109} INFO - [2023-02-12 11:53:18,911] {dag.py:2398} INFO - Sync 1 DAGs
[2023-02-12 11:53:18,930] {logging_mixin.py:109} INFO - [2023-02-12 11:53:18,929] {dag.py:2937} INFO - Setting next_dagrun for example_python_operator to None
[2023-02-12 11:53:18,946] {processor.py:171} INFO - Processing /usr/local/conda/lib/python3.7/site-packages/airflow/example_dags/example_python_operator.py took 0.087 seconds
[2023-02-12 11:54:01,633] {processor.py:163} INFO - Started process (PID=2443) to work on /usr/local/conda/lib/python3.7/site-packages/airflow/example_dags/example_python_operator.py
[2023-02-12 11:54:01,641] {processor.py:642} INFO - Processing file /usr/local/conda/lib/python3.7/site-packages/airflow/example_dags/example_python_operator.py for tasks to queue
[2023-02-12 11:54:01,645] {logging_mixin.py:109} INFO - [2023-02-12 11:54:01,645] {dagbag.py:500} INFO - Filling up the DagBag from /usr/local/conda/lib/python3.7/site-packages/airflow/example_dags/example_python_operator.py
[2023-02-12 11:54:01,758] {processor.py:652} INFO - DAG(s) dict_keys(['example_python_operator']) retrieved from /usr/local/conda/lib/python3.7/site-packages/airflow/example_dags/example_python_operator.py
[2023-02-12 11:54:01,840] {logging_mixin.py:109} INFO - [2023-02-12 11:54:01,839] {dag.py:2398} INFO - Sync 1 DAGs
[2023-02-12 11:54:01,921] {logging_mixin.py:109} INFO - [2023-02-12 11:54:01,921] {dag.py:2937} INFO - Setting next_dagrun for example_python_operator to None
[2023-02-12 11:54:01,990] {processor.py:171} INFO - Processing /usr/local/conda/lib/python3.7/site-packages/airflow/example_dags/example_python_operator.py took 0.374 seconds
[2023-02-12 11:54:44,774] {processor.py:163} INFO - Started process (PID=2482) to work on /usr/local/conda/lib/python3.7/site-packages/airflow/example_dags/example_python_operator.py
[2023-02-12 11:54:44,778] {processor.py:642} INFO - Processing file /usr/local/conda/lib/python3.7/site-packages/airflow/example_dags/example_python_operator.py for tasks to queue
[2023-02-12 11:54:44,780] {logging_mixin.py:109} INFO - [2023-02-12 11:54:44,780] {dagbag.py:500} INFO - Filling up the DagBag from /usr/local/conda/lib/python3.7/site-packages/airflow/example_dags/example_python_operator.py
[2023-02-12 11:54:44,824] {processor.py:652} INFO - DAG(s) dict_keys(['example_python_operator']) retrieved from /usr/local/conda/lib/python3.7/site-packages/airflow/example_dags/example_python_operator.py
[2023-02-12 11:54:44,856] {logging_mixin.py:109} INFO - [2023-02-12 11:54:44,856] {dag.py:2398} INFO - Sync 1 DAGs
[2023-02-12 11:54:44,885] {logging_mixin.py:109} INFO - [2023-02-12 11:54:44,885] {dag.py:2937} INFO - Setting next_dagrun for example_python_operator to None
[2023-02-12 11:54:44,915] {processor.py:171} INFO - Processing /usr/local/conda/lib/python3.7/site-packages/airflow/example_dags/example_python_operator.py took 0.148 seconds
[2023-02-12 11:55:28,451] {processor.py:163} INFO - Started process (PID=2520) to work on /usr/local/conda/lib/python3.7/site-packages/airflow/example_dags/example_python_operator.py
[2023-02-12 11:55:28,454] {processor.py:642} INFO - Processing file /usr/local/conda/lib/python3.7/site-packages/airflow/example_dags/example_python_operator.py for tasks to queue
[2023-02-12 11:55:28,457] {logging_mixin.py:109} INFO - [2023-02-12 11:55:28,456] {dagbag.py:500} INFO - Filling up the DagBag from /usr/local/conda/lib/python3.7/site-packages/airflow/example_dags/example_python_operator.py
[2023-02-12 11:55:28,504] {processor.py:652} INFO - DAG(s) dict_keys(['example_python_operator']) retrieved from /usr/local/conda/lib/python3.7/site-packages/airflow/example_dags/example_python_operator.py
[2023-02-12 11:55:28,535] {logging_mixin.py:109} INFO - [2023-02-12 11:55:28,535] {dag.py:2398} INFO - Sync 1 DAGs
[2023-02-12 11:55:28,575] {logging_mixin.py:109} INFO - [2023-02-12 11:55:28,575] {dag.py:2937} INFO - Setting next_dagrun for example_python_operator to None
[2023-02-12 11:55:28,621] {processor.py:171} INFO - Processing /usr/local/conda/lib/python3.7/site-packages/airflow/example_dags/example_python_operator.py took 0.176 seconds
[2023-02-12 11:56:16,046] {processor.py:163} INFO - Started process (PID=2556) to work on /usr/local/conda/lib/python3.7/site-packages/airflow/example_dags/example_python_operator.py
[2023-02-12 11:56:16,050] {processor.py:642} INFO - Processing file /usr/local/conda/lib/python3.7/site-packages/airflow/example_dags/example_python_operator.py for tasks to queue
[2023-02-12 11:56:16,051] {logging_mixin.py:109} INFO - [2023-02-12 11:56:16,051] {dagbag.py:500} INFO - Filling up the DagBag from /usr/local/conda/lib/python3.7/site-packages/airflow/example_dags/example_python_operator.py
[2023-02-12 11:56:16,079] {processor.py:652} INFO - DAG(s) dict_keys(['example_python_operator']) retrieved from /usr/local/conda/lib/python3.7/site-packages/airflow/example_dags/example_python_operator.py
[2023-02-12 11:56:16,099] {logging_mixin.py:109} INFO - [2023-02-12 11:56:16,099] {dag.py:2398} INFO - Sync 1 DAGs
[2023-02-12 11:56:16,121] {logging_mixin.py:109} INFO - [2023-02-12 11:56:16,121] {dag.py:2937} INFO - Setting next_dagrun for example_python_operator to None
[2023-02-12 11:56:16,144] {processor.py:171} INFO - Processing /usr/local/conda/lib/python3.7/site-packages/airflow/example_dags/example_python_operator.py took 0.103 seconds
[2023-02-12 11:57:03,841] {processor.py:163} INFO - Started process (PID=2597) to work on /usr/local/conda/lib/python3.7/site-packages/airflow/example_dags/example_python_operator.py
[2023-02-12 11:57:03,844] {processor.py:642} INFO - Processing file /usr/local/conda/lib/python3.7/site-packages/airflow/example_dags/example_python_operator.py for tasks to queue
[2023-02-12 11:57:03,846] {logging_mixin.py:109} INFO - [2023-02-12 11:57:03,846] {dagbag.py:500} INFO - Filling up the DagBag from /usr/local/conda/lib/python3.7/site-packages/airflow/example_dags/example_python_operator.py
[2023-02-12 11:57:03,877] {processor.py:652} INFO - DAG(s) dict_keys(['example_python_operator']) retrieved from /usr/local/conda/lib/python3.7/site-packages/airflow/example_dags/example_python_operator.py
[2023-02-12 11:57:03,902] {logging_mixin.py:109} INFO - [2023-02-12 11:57:03,902] {dag.py:2398} INFO - Sync 1 DAGs
[2023-02-12 11:57:03,924] {logging_mixin.py:109} INFO - [2023-02-12 11:57:03,924] {dag.py:2937} INFO - Setting next_dagrun for example_python_operator to None
[2023-02-12 11:57:03,952] {processor.py:171} INFO - Processing /usr/local/conda/lib/python3.7/site-packages/airflow/example_dags/example_python_operator.py took 0.115 seconds
[2023-02-12 11:57:51,660] {processor.py:163} INFO - Started process (PID=2636) to work on /usr/local/conda/lib/python3.7/site-packages/airflow/example_dags/example_python_operator.py
[2023-02-12 11:57:51,664] {processor.py:642} INFO - Processing file /usr/local/conda/lib/python3.7/site-packages/airflow/example_dags/example_python_operator.py for tasks to queue
[2023-02-12 11:57:51,666] {logging_mixin.py:109} INFO - [2023-02-12 11:57:51,666] {dagbag.py:500} INFO - Filling up the DagBag from /usr/local/conda/lib/python3.7/site-packages/airflow/example_dags/example_python_operator.py
[2023-02-12 11:57:51,706] {processor.py:652} INFO - DAG(s) dict_keys(['example_python_operator']) retrieved from /usr/local/conda/lib/python3.7/site-packages/airflow/example_dags/example_python_operator.py
[2023-02-12 11:57:51,736] {logging_mixin.py:109} INFO - [2023-02-12 11:57:51,736] {dag.py:2398} INFO - Sync 1 DAGs
[2023-02-12 11:57:51,766] {logging_mixin.py:109} INFO - [2023-02-12 11:57:51,766] {dag.py:2937} INFO - Setting next_dagrun for example_python_operator to None
[2023-02-12 11:57:51,796] {processor.py:171} INFO - Processing /usr/local/conda/lib/python3.7/site-packages/airflow/example_dags/example_python_operator.py took 0.142 seconds
[2023-02-12 11:58:40,127] {processor.py:163} INFO - Started process (PID=2669) to work on /usr/local/conda/lib/python3.7/site-packages/airflow/example_dags/example_python_operator.py
[2023-02-12 11:58:40,140] {processor.py:642} INFO - Processing file /usr/local/conda/lib/python3.7/site-packages/airflow/example_dags/example_python_operator.py for tasks to queue
[2023-02-12 11:58:40,142] {logging_mixin.py:109} INFO - [2023-02-12 11:58:40,142] {dagbag.py:500} INFO - Filling up the DagBag from /usr/local/conda/lib/python3.7/site-packages/airflow/example_dags/example_python_operator.py
[2023-02-12 11:58:40,209] {processor.py:652} INFO - DAG(s) dict_keys(['example_python_operator']) retrieved from /usr/local/conda/lib/python3.7/site-packages/airflow/example_dags/example_python_operator.py
[2023-02-12 11:58:40,297] {logging_mixin.py:109} INFO - [2023-02-12 11:58:40,297] {dag.py:2398} INFO - Sync 1 DAGs
[2023-02-12 11:58:40,356] {logging_mixin.py:109} INFO - [2023-02-12 11:58:40,355] {dag.py:2937} INFO - Setting next_dagrun for example_python_operator to None
[2023-02-12 11:58:40,465] {processor.py:171} INFO - Processing /usr/local/conda/lib/python3.7/site-packages/airflow/example_dags/example_python_operator.py took 0.350 seconds
