[2023-02-12 11:30:26,791] {processor.py:163} INFO - Started process (PID=622) to work on /usr/local/conda/lib/python3.7/site-packages/airflow/example_dags/example_trigger_target_dag.py
[2023-02-12 11:30:26,821] {processor.py:642} INFO - Processing file /usr/local/conda/lib/python3.7/site-packages/airflow/example_dags/example_trigger_target_dag.py for tasks to queue
[2023-02-12 11:30:26,841] {logging_mixin.py:109} INFO - [2023-02-12 11:30:26,831] {dagbag.py:500} INFO - Filling up the DagBag from /usr/local/conda/lib/python3.7/site-packages/airflow/example_dags/example_trigger_target_dag.py
[2023-02-12 11:30:27,068] {processor.py:652} INFO - DAG(s) dict_keys(['example_trigger_target_dag']) retrieved from /usr/local/conda/lib/python3.7/site-packages/airflow/example_dags/example_trigger_target_dag.py
[2023-02-12 11:30:27,173] {logging_mixin.py:109} INFO - [2023-02-12 11:30:27,173] {dag.py:2398} INFO - Sync 1 DAGs
[2023-02-12 11:30:27,223] {logging_mixin.py:109} INFO - [2023-02-12 11:30:27,223] {dag.py:2937} INFO - Setting next_dagrun for example_trigger_target_dag to None
[2023-02-12 11:30:27,394] {processor.py:171} INFO - Processing /usr/local/conda/lib/python3.7/site-packages/airflow/example_dags/example_trigger_target_dag.py took 0.631 seconds
[2023-02-12 11:31:18,470] {processor.py:163} INFO - Started process (PID=1408) to work on /usr/local/conda/lib/python3.7/site-packages/airflow/example_dags/example_trigger_target_dag.py
[2023-02-12 11:31:18,473] {processor.py:642} INFO - Processing file /usr/local/conda/lib/python3.7/site-packages/airflow/example_dags/example_trigger_target_dag.py for tasks to queue
[2023-02-12 11:31:18,477] {logging_mixin.py:109} INFO - [2023-02-12 11:31:18,476] {dagbag.py:500} INFO - Filling up the DagBag from /usr/local/conda/lib/python3.7/site-packages/airflow/example_dags/example_trigger_target_dag.py
[2023-02-12 11:31:18,534] {processor.py:652} INFO - DAG(s) dict_keys(['example_trigger_target_dag']) retrieved from /usr/local/conda/lib/python3.7/site-packages/airflow/example_dags/example_trigger_target_dag.py
[2023-02-12 11:31:18,582] {logging_mixin.py:109} INFO - [2023-02-12 11:31:18,582] {dag.py:2398} INFO - Sync 1 DAGs
[2023-02-12 11:31:18,615] {logging_mixin.py:109} INFO - [2023-02-12 11:31:18,615] {dag.py:2937} INFO - Setting next_dagrun for example_trigger_target_dag to None
[2023-02-12 11:31:18,649] {processor.py:171} INFO - Processing /usr/local/conda/lib/python3.7/site-packages/airflow/example_dags/example_trigger_target_dag.py took 0.187 seconds
[2023-02-12 11:32:10,076] {processor.py:163} INFO - Started process (PID=1447) to work on /usr/local/conda/lib/python3.7/site-packages/airflow/example_dags/example_trigger_target_dag.py
[2023-02-12 11:32:10,084] {processor.py:642} INFO - Processing file /usr/local/conda/lib/python3.7/site-packages/airflow/example_dags/example_trigger_target_dag.py for tasks to queue
[2023-02-12 11:32:10,090] {logging_mixin.py:109} INFO - [2023-02-12 11:32:10,090] {dagbag.py:500} INFO - Filling up the DagBag from /usr/local/conda/lib/python3.7/site-packages/airflow/example_dags/example_trigger_target_dag.py
[2023-02-12 11:32:10,163] {processor.py:652} INFO - DAG(s) dict_keys(['example_trigger_target_dag']) retrieved from /usr/local/conda/lib/python3.7/site-packages/airflow/example_dags/example_trigger_target_dag.py
[2023-02-12 11:32:10,209] {logging_mixin.py:109} INFO - [2023-02-12 11:32:10,209] {dag.py:2398} INFO - Sync 1 DAGs
[2023-02-12 11:32:10,256] {logging_mixin.py:109} INFO - [2023-02-12 11:32:10,256] {dag.py:2937} INFO - Setting next_dagrun for example_trigger_target_dag to None
[2023-02-12 11:32:10,306] {processor.py:171} INFO - Processing /usr/local/conda/lib/python3.7/site-packages/airflow/example_dags/example_trigger_target_dag.py took 0.236 seconds
[2023-02-12 11:33:04,331] {processor.py:163} INFO - Started process (PID=1574) to work on /usr/local/conda/lib/python3.7/site-packages/airflow/example_dags/example_trigger_target_dag.py
[2023-02-12 11:33:04,337] {processor.py:642} INFO - Processing file /usr/local/conda/lib/python3.7/site-packages/airflow/example_dags/example_trigger_target_dag.py for tasks to queue
[2023-02-12 11:33:04,343] {logging_mixin.py:109} INFO - [2023-02-12 11:33:04,342] {dagbag.py:500} INFO - Filling up the DagBag from /usr/local/conda/lib/python3.7/site-packages/airflow/example_dags/example_trigger_target_dag.py
[2023-02-12 11:33:04,427] {processor.py:652} INFO - DAG(s) dict_keys(['example_trigger_target_dag']) retrieved from /usr/local/conda/lib/python3.7/site-packages/airflow/example_dags/example_trigger_target_dag.py
[2023-02-12 11:33:04,486] {logging_mixin.py:109} INFO - [2023-02-12 11:33:04,486] {dag.py:2398} INFO - Sync 1 DAGs
[2023-02-12 11:33:04,568] {logging_mixin.py:109} INFO - [2023-02-12 11:33:04,568] {dag.py:2937} INFO - Setting next_dagrun for example_trigger_target_dag to None
[2023-02-12 11:33:04,655] {processor.py:171} INFO - Processing /usr/local/conda/lib/python3.7/site-packages/airflow/example_dags/example_trigger_target_dag.py took 0.334 seconds
[2023-02-12 11:33:58,405] {processor.py:163} INFO - Started process (PID=1611) to work on /usr/local/conda/lib/python3.7/site-packages/airflow/example_dags/example_trigger_target_dag.py
[2023-02-12 11:33:58,412] {processor.py:642} INFO - Processing file /usr/local/conda/lib/python3.7/site-packages/airflow/example_dags/example_trigger_target_dag.py for tasks to queue
[2023-02-12 11:33:58,418] {logging_mixin.py:109} INFO - [2023-02-12 11:33:58,418] {dagbag.py:500} INFO - Filling up the DagBag from /usr/local/conda/lib/python3.7/site-packages/airflow/example_dags/example_trigger_target_dag.py
[2023-02-12 11:33:58,492] {processor.py:652} INFO - DAG(s) dict_keys(['example_trigger_target_dag']) retrieved from /usr/local/conda/lib/python3.7/site-packages/airflow/example_dags/example_trigger_target_dag.py
[2023-02-12 11:33:58,540] {logging_mixin.py:109} INFO - [2023-02-12 11:33:58,540] {dag.py:2398} INFO - Sync 1 DAGs
[2023-02-12 11:33:58,563] {logging_mixin.py:109} INFO - [2023-02-12 11:33:58,563] {dag.py:2937} INFO - Setting next_dagrun for example_trigger_target_dag to None
[2023-02-12 11:33:59,082] {processor.py:171} INFO - Processing /usr/local/conda/lib/python3.7/site-packages/airflow/example_dags/example_trigger_target_dag.py took 0.692 seconds
[2023-02-12 11:34:47,387] {processor.py:163} INFO - Started process (PID=1640) to work on /usr/local/conda/lib/python3.7/site-packages/airflow/example_dags/example_trigger_target_dag.py
[2023-02-12 11:34:47,395] {processor.py:642} INFO - Processing file /usr/local/conda/lib/python3.7/site-packages/airflow/example_dags/example_trigger_target_dag.py for tasks to queue
[2023-02-12 11:34:47,400] {logging_mixin.py:109} INFO - [2023-02-12 11:34:47,399] {dagbag.py:500} INFO - Filling up the DagBag from /usr/local/conda/lib/python3.7/site-packages/airflow/example_dags/example_trigger_target_dag.py
[2023-02-12 11:34:47,472] {processor.py:652} INFO - DAG(s) dict_keys(['example_trigger_target_dag']) retrieved from /usr/local/conda/lib/python3.7/site-packages/airflow/example_dags/example_trigger_target_dag.py
[2023-02-12 11:34:47,514] {logging_mixin.py:109} INFO - [2023-02-12 11:34:47,513] {dag.py:2398} INFO - Sync 1 DAGs
[2023-02-12 11:34:47,562] {logging_mixin.py:109} INFO - [2023-02-12 11:34:47,562] {dag.py:2937} INFO - Setting next_dagrun for example_trigger_target_dag to None
[2023-02-12 11:34:47,607] {processor.py:171} INFO - Processing /usr/local/conda/lib/python3.7/site-packages/airflow/example_dags/example_trigger_target_dag.py took 0.230 seconds
[2023-02-12 11:36:07,397] {processor.py:163} INFO - Started process (PID=1666) to work on /usr/local/conda/lib/python3.7/site-packages/airflow/example_dags/example_trigger_target_dag.py
[2023-02-12 11:36:07,442] {processor.py:642} INFO - Processing file /usr/local/conda/lib/python3.7/site-packages/airflow/example_dags/example_trigger_target_dag.py for tasks to queue
[2023-02-12 11:36:07,448] {logging_mixin.py:109} INFO - [2023-02-12 11:36:07,447] {dagbag.py:500} INFO - Filling up the DagBag from /usr/local/conda/lib/python3.7/site-packages/airflow/example_dags/example_trigger_target_dag.py
[2023-02-12 11:36:07,534] {processor.py:652} INFO - DAG(s) dict_keys(['example_trigger_target_dag']) retrieved from /usr/local/conda/lib/python3.7/site-packages/airflow/example_dags/example_trigger_target_dag.py
[2023-02-12 11:36:07,620] {logging_mixin.py:109} INFO - [2023-02-12 11:36:07,619] {dag.py:2398} INFO - Sync 1 DAGs
[2023-02-12 11:36:07,686] {logging_mixin.py:109} INFO - [2023-02-12 11:36:07,685] {dag.py:2937} INFO - Setting next_dagrun for example_trigger_target_dag to None
[2023-02-12 11:36:08,328] {processor.py:171} INFO - Processing /usr/local/conda/lib/python3.7/site-packages/airflow/example_dags/example_trigger_target_dag.py took 0.942 seconds
[2023-02-12 11:37:01,024] {processor.py:163} INFO - Started process (PID=1696) to work on /usr/local/conda/lib/python3.7/site-packages/airflow/example_dags/example_trigger_target_dag.py
[2023-02-12 11:37:01,034] {processor.py:642} INFO - Processing file /usr/local/conda/lib/python3.7/site-packages/airflow/example_dags/example_trigger_target_dag.py for tasks to queue
[2023-02-12 11:37:01,039] {logging_mixin.py:109} INFO - [2023-02-12 11:37:01,038] {dagbag.py:500} INFO - Filling up the DagBag from /usr/local/conda/lib/python3.7/site-packages/airflow/example_dags/example_trigger_target_dag.py
[2023-02-12 11:37:01,134] {processor.py:652} INFO - DAG(s) dict_keys(['example_trigger_target_dag']) retrieved from /usr/local/conda/lib/python3.7/site-packages/airflow/example_dags/example_trigger_target_dag.py
[2023-02-12 11:37:01,179] {logging_mixin.py:109} INFO - [2023-02-12 11:37:01,179] {dag.py:2398} INFO - Sync 1 DAGs
[2023-02-12 11:37:01,203] {logging_mixin.py:109} INFO - [2023-02-12 11:37:01,203] {dag.py:2937} INFO - Setting next_dagrun for example_trigger_target_dag to None
[2023-02-12 11:37:01,752] {processor.py:171} INFO - Processing /usr/local/conda/lib/python3.7/site-packages/airflow/example_dags/example_trigger_target_dag.py took 0.745 seconds
[2023-02-12 11:38:04,030] {processor.py:163} INFO - Started process (PID=1730) to work on /usr/local/conda/lib/python3.7/site-packages/airflow/example_dags/example_trigger_target_dag.py
[2023-02-12 11:38:04,045] {processor.py:642} INFO - Processing file /usr/local/conda/lib/python3.7/site-packages/airflow/example_dags/example_trigger_target_dag.py for tasks to queue
[2023-02-12 11:38:04,051] {logging_mixin.py:109} INFO - [2023-02-12 11:38:04,050] {dagbag.py:500} INFO - Filling up the DagBag from /usr/local/conda/lib/python3.7/site-packages/airflow/example_dags/example_trigger_target_dag.py
[2023-02-12 11:38:04,129] {processor.py:652} INFO - DAG(s) dict_keys(['example_trigger_target_dag']) retrieved from /usr/local/conda/lib/python3.7/site-packages/airflow/example_dags/example_trigger_target_dag.py
[2023-02-12 11:38:04,157] {logging_mixin.py:109} INFO - [2023-02-12 11:38:04,157] {dag.py:2398} INFO - Sync 1 DAGs
[2023-02-12 11:38:04,181] {logging_mixin.py:109} INFO - [2023-02-12 11:38:04,181] {dag.py:2937} INFO - Setting next_dagrun for example_trigger_target_dag to None
[2023-02-12 11:38:04,461] {processor.py:171} INFO - Processing /usr/local/conda/lib/python3.7/site-packages/airflow/example_dags/example_trigger_target_dag.py took 0.446 seconds
[2023-02-12 11:39:01,245] {processor.py:163} INFO - Started process (PID=1764) to work on /usr/local/conda/lib/python3.7/site-packages/airflow/example_dags/example_trigger_target_dag.py
[2023-02-12 11:39:01,284] {processor.py:642} INFO - Processing file /usr/local/conda/lib/python3.7/site-packages/airflow/example_dags/example_trigger_target_dag.py for tasks to queue
[2023-02-12 11:39:01,288] {logging_mixin.py:109} INFO - [2023-02-12 11:39:01,288] {dagbag.py:500} INFO - Filling up the DagBag from /usr/local/conda/lib/python3.7/site-packages/airflow/example_dags/example_trigger_target_dag.py
[2023-02-12 11:39:01,335] {processor.py:652} INFO - DAG(s) dict_keys(['example_trigger_target_dag']) retrieved from /usr/local/conda/lib/python3.7/site-packages/airflow/example_dags/example_trigger_target_dag.py
[2023-02-12 11:39:01,364] {logging_mixin.py:109} INFO - [2023-02-12 11:39:01,364] {dag.py:2398} INFO - Sync 1 DAGs
[2023-02-12 11:39:01,393] {logging_mixin.py:109} INFO - [2023-02-12 11:39:01,393] {dag.py:2937} INFO - Setting next_dagrun for example_trigger_target_dag to None
[2023-02-12 11:39:01,937] {processor.py:171} INFO - Processing /usr/local/conda/lib/python3.7/site-packages/airflow/example_dags/example_trigger_target_dag.py took 0.699 seconds
[2023-02-12 11:40:02,347] {processor.py:163} INFO - Started process (PID=1802) to work on /usr/local/conda/lib/python3.7/site-packages/airflow/example_dags/example_trigger_target_dag.py
[2023-02-12 11:40:02,350] {processor.py:642} INFO - Processing file /usr/local/conda/lib/python3.7/site-packages/airflow/example_dags/example_trigger_target_dag.py for tasks to queue
[2023-02-12 11:40:02,353] {logging_mixin.py:109} INFO - [2023-02-12 11:40:02,352] {dagbag.py:500} INFO - Filling up the DagBag from /usr/local/conda/lib/python3.7/site-packages/airflow/example_dags/example_trigger_target_dag.py
[2023-02-12 11:40:02,386] {processor.py:652} INFO - DAG(s) dict_keys(['example_trigger_target_dag']) retrieved from /usr/local/conda/lib/python3.7/site-packages/airflow/example_dags/example_trigger_target_dag.py
[2023-02-12 11:40:02,413] {logging_mixin.py:109} INFO - [2023-02-12 11:40:02,413] {dag.py:2398} INFO - Sync 1 DAGs
[2023-02-12 11:40:02,440] {logging_mixin.py:109} INFO - [2023-02-12 11:40:02,440] {dag.py:2937} INFO - Setting next_dagrun for example_trigger_target_dag to None
[2023-02-12 11:40:03,399] {processor.py:171} INFO - Processing /usr/local/conda/lib/python3.7/site-packages/airflow/example_dags/example_trigger_target_dag.py took 1.057 seconds
[2023-02-12 11:40:56,671] {processor.py:163} INFO - Started process (PID=1836) to work on /usr/local/conda/lib/python3.7/site-packages/airflow/example_dags/example_trigger_target_dag.py
[2023-02-12 11:40:56,707] {processor.py:642} INFO - Processing file /usr/local/conda/lib/python3.7/site-packages/airflow/example_dags/example_trigger_target_dag.py for tasks to queue
[2023-02-12 11:40:56,714] {logging_mixin.py:109} INFO - [2023-02-12 11:40:56,713] {dagbag.py:500} INFO - Filling up the DagBag from /usr/local/conda/lib/python3.7/site-packages/airflow/example_dags/example_trigger_target_dag.py
[2023-02-12 11:40:56,758] {processor.py:652} INFO - DAG(s) dict_keys(['example_trigger_target_dag']) retrieved from /usr/local/conda/lib/python3.7/site-packages/airflow/example_dags/example_trigger_target_dag.py
[2023-02-12 11:40:56,785] {logging_mixin.py:109} INFO - [2023-02-12 11:40:56,785] {dag.py:2398} INFO - Sync 1 DAGs
[2023-02-12 11:40:56,818] {logging_mixin.py:109} INFO - [2023-02-12 11:40:56,818] {dag.py:2937} INFO - Setting next_dagrun for example_trigger_target_dag to None
[2023-02-12 11:40:57,132] {processor.py:171} INFO - Processing /usr/local/conda/lib/python3.7/site-packages/airflow/example_dags/example_trigger_target_dag.py took 0.469 seconds
[2023-02-12 11:41:37,717] {processor.py:163} INFO - Started process (PID=1867) to work on /usr/local/conda/lib/python3.7/site-packages/airflow/example_dags/example_trigger_target_dag.py
[2023-02-12 11:41:37,723] {processor.py:642} INFO - Processing file /usr/local/conda/lib/python3.7/site-packages/airflow/example_dags/example_trigger_target_dag.py for tasks to queue
[2023-02-12 11:41:37,725] {logging_mixin.py:109} INFO - [2023-02-12 11:41:37,725] {dagbag.py:500} INFO - Filling up the DagBag from /usr/local/conda/lib/python3.7/site-packages/airflow/example_dags/example_trigger_target_dag.py
[2023-02-12 11:41:37,752] {processor.py:652} INFO - DAG(s) dict_keys(['example_trigger_target_dag']) retrieved from /usr/local/conda/lib/python3.7/site-packages/airflow/example_dags/example_trigger_target_dag.py
[2023-02-12 11:41:37,772] {logging_mixin.py:109} INFO - [2023-02-12 11:41:37,772] {dag.py:2398} INFO - Sync 1 DAGs
[2023-02-12 11:41:37,793] {logging_mixin.py:109} INFO - [2023-02-12 11:41:37,793] {dag.py:2937} INFO - Setting next_dagrun for example_trigger_target_dag to None
[2023-02-12 11:41:37,918] {processor.py:171} INFO - Processing /usr/local/conda/lib/python3.7/site-packages/airflow/example_dags/example_trigger_target_dag.py took 0.205 seconds
[2023-02-12 11:42:14,476] {processor.py:163} INFO - Started process (PID=1896) to work on /usr/local/conda/lib/python3.7/site-packages/airflow/example_dags/example_trigger_target_dag.py
[2023-02-12 11:42:14,482] {processor.py:642} INFO - Processing file /usr/local/conda/lib/python3.7/site-packages/airflow/example_dags/example_trigger_target_dag.py for tasks to queue
[2023-02-12 11:42:14,485] {logging_mixin.py:109} INFO - [2023-02-12 11:42:14,485] {dagbag.py:500} INFO - Filling up the DagBag from /usr/local/conda/lib/python3.7/site-packages/airflow/example_dags/example_trigger_target_dag.py
[2023-02-12 11:42:14,527] {processor.py:652} INFO - DAG(s) dict_keys(['example_trigger_target_dag']) retrieved from /usr/local/conda/lib/python3.7/site-packages/airflow/example_dags/example_trigger_target_dag.py
[2023-02-12 11:42:14,560] {logging_mixin.py:109} INFO - [2023-02-12 11:42:14,560] {dag.py:2398} INFO - Sync 1 DAGs
[2023-02-12 11:42:14,591] {logging_mixin.py:109} INFO - [2023-02-12 11:42:14,591] {dag.py:2937} INFO - Setting next_dagrun for example_trigger_target_dag to None
[2023-02-12 11:42:14,642] {processor.py:171} INFO - Processing /usr/local/conda/lib/python3.7/site-packages/airflow/example_dags/example_trigger_target_dag.py took 0.172 seconds
[2023-02-12 11:43:00,145] {processor.py:163} INFO - Started process (PID=1929) to work on /usr/local/conda/lib/python3.7/site-packages/airflow/example_dags/example_trigger_target_dag.py
[2023-02-12 11:43:00,177] {processor.py:642} INFO - Processing file /usr/local/conda/lib/python3.7/site-packages/airflow/example_dags/example_trigger_target_dag.py for tasks to queue
[2023-02-12 11:43:00,179] {logging_mixin.py:109} INFO - [2023-02-12 11:43:00,179] {dagbag.py:500} INFO - Filling up the DagBag from /usr/local/conda/lib/python3.7/site-packages/airflow/example_dags/example_trigger_target_dag.py
[2023-02-12 11:43:00,270] {processor.py:652} INFO - DAG(s) dict_keys(['example_trigger_target_dag']) retrieved from /usr/local/conda/lib/python3.7/site-packages/airflow/example_dags/example_trigger_target_dag.py
[2023-02-12 11:43:00,344] {logging_mixin.py:109} INFO - [2023-02-12 11:43:00,344] {dag.py:2398} INFO - Sync 1 DAGs
[2023-02-12 11:43:00,381] {logging_mixin.py:109} INFO - [2023-02-12 11:43:00,381] {dag.py:2937} INFO - Setting next_dagrun for example_trigger_target_dag to None
[2023-02-12 11:43:00,435] {processor.py:171} INFO - Processing /usr/local/conda/lib/python3.7/site-packages/airflow/example_dags/example_trigger_target_dag.py took 0.298 seconds
[2023-02-12 11:43:51,659] {processor.py:163} INFO - Started process (PID=1966) to work on /usr/local/conda/lib/python3.7/site-packages/airflow/example_dags/example_trigger_target_dag.py
[2023-02-12 11:43:51,671] {processor.py:642} INFO - Processing file /usr/local/conda/lib/python3.7/site-packages/airflow/example_dags/example_trigger_target_dag.py for tasks to queue
[2023-02-12 11:43:51,685] {logging_mixin.py:109} INFO - [2023-02-12 11:43:51,684] {dagbag.py:500} INFO - Filling up the DagBag from /usr/local/conda/lib/python3.7/site-packages/airflow/example_dags/example_trigger_target_dag.py
[2023-02-12 11:43:51,784] {processor.py:652} INFO - DAG(s) dict_keys(['example_trigger_target_dag']) retrieved from /usr/local/conda/lib/python3.7/site-packages/airflow/example_dags/example_trigger_target_dag.py
[2023-02-12 11:43:51,831] {logging_mixin.py:109} INFO - [2023-02-12 11:43:51,831] {dag.py:2398} INFO - Sync 1 DAGs
[2023-02-12 11:43:51,878] {logging_mixin.py:109} INFO - [2023-02-12 11:43:51,878] {dag.py:2937} INFO - Setting next_dagrun for example_trigger_target_dag to None
[2023-02-12 11:43:51,963] {processor.py:171} INFO - Processing /usr/local/conda/lib/python3.7/site-packages/airflow/example_dags/example_trigger_target_dag.py took 0.310 seconds
[2023-02-12 11:44:42,951] {processor.py:163} INFO - Started process (PID=2003) to work on /usr/local/conda/lib/python3.7/site-packages/airflow/example_dags/example_trigger_target_dag.py
[2023-02-12 11:44:42,969] {processor.py:642} INFO - Processing file /usr/local/conda/lib/python3.7/site-packages/airflow/example_dags/example_trigger_target_dag.py for tasks to queue
[2023-02-12 11:44:42,971] {logging_mixin.py:109} INFO - [2023-02-12 11:44:42,971] {dagbag.py:500} INFO - Filling up the DagBag from /usr/local/conda/lib/python3.7/site-packages/airflow/example_dags/example_trigger_target_dag.py
[2023-02-12 11:44:43,046] {processor.py:652} INFO - DAG(s) dict_keys(['example_trigger_target_dag']) retrieved from /usr/local/conda/lib/python3.7/site-packages/airflow/example_dags/example_trigger_target_dag.py
[2023-02-12 11:44:43,081] {logging_mixin.py:109} INFO - [2023-02-12 11:44:43,081] {dag.py:2398} INFO - Sync 1 DAGs
[2023-02-12 11:44:43,147] {logging_mixin.py:109} INFO - [2023-02-12 11:44:43,146] {dag.py:2937} INFO - Setting next_dagrun for example_trigger_target_dag to None
[2023-02-12 11:44:43,223] {processor.py:171} INFO - Processing /usr/local/conda/lib/python3.7/site-packages/airflow/example_dags/example_trigger_target_dag.py took 0.279 seconds
[2023-02-12 11:45:25,998] {processor.py:163} INFO - Started process (PID=2031) to work on /usr/local/conda/lib/python3.7/site-packages/airflow/example_dags/example_trigger_target_dag.py
[2023-02-12 11:45:26,004] {processor.py:642} INFO - Processing file /usr/local/conda/lib/python3.7/site-packages/airflow/example_dags/example_trigger_target_dag.py for tasks to queue
[2023-02-12 11:45:26,007] {logging_mixin.py:109} INFO - [2023-02-12 11:45:26,007] {dagbag.py:500} INFO - Filling up the DagBag from /usr/local/conda/lib/python3.7/site-packages/airflow/example_dags/example_trigger_target_dag.py
[2023-02-12 11:45:26,087] {processor.py:652} INFO - DAG(s) dict_keys(['example_trigger_target_dag']) retrieved from /usr/local/conda/lib/python3.7/site-packages/airflow/example_dags/example_trigger_target_dag.py
[2023-02-12 11:45:26,176] {logging_mixin.py:109} INFO - [2023-02-12 11:45:26,175] {dag.py:2398} INFO - Sync 1 DAGs
[2023-02-12 11:45:26,225] {logging_mixin.py:109} INFO - [2023-02-12 11:45:26,225] {dag.py:2937} INFO - Setting next_dagrun for example_trigger_target_dag to None
[2023-02-12 11:45:26,285] {processor.py:171} INFO - Processing /usr/local/conda/lib/python3.7/site-packages/airflow/example_dags/example_trigger_target_dag.py took 0.295 seconds
[2023-02-12 11:46:23,297] {processor.py:163} INFO - Started process (PID=2069) to work on /usr/local/conda/lib/python3.7/site-packages/airflow/example_dags/example_trigger_target_dag.py
[2023-02-12 11:46:23,304] {processor.py:642} INFO - Processing file /usr/local/conda/lib/python3.7/site-packages/airflow/example_dags/example_trigger_target_dag.py for tasks to queue
[2023-02-12 11:46:23,307] {logging_mixin.py:109} INFO - [2023-02-12 11:46:23,306] {dagbag.py:500} INFO - Filling up the DagBag from /usr/local/conda/lib/python3.7/site-packages/airflow/example_dags/example_trigger_target_dag.py
[2023-02-12 11:46:23,413] {processor.py:652} INFO - DAG(s) dict_keys(['example_trigger_target_dag']) retrieved from /usr/local/conda/lib/python3.7/site-packages/airflow/example_dags/example_trigger_target_dag.py
[2023-02-12 11:46:23,472] {logging_mixin.py:109} INFO - [2023-02-12 11:46:23,472] {dag.py:2398} INFO - Sync 1 DAGs
[2023-02-12 11:46:23,531] {logging_mixin.py:109} INFO - [2023-02-12 11:46:23,531] {dag.py:2937} INFO - Setting next_dagrun for example_trigger_target_dag to None
[2023-02-12 11:46:23,631] {processor.py:171} INFO - Processing /usr/local/conda/lib/python3.7/site-packages/airflow/example_dags/example_trigger_target_dag.py took 0.351 seconds
[2023-02-12 11:47:01,930] {processor.py:163} INFO - Started process (PID=2097) to work on /usr/local/conda/lib/python3.7/site-packages/airflow/example_dags/example_trigger_target_dag.py
[2023-02-12 11:47:01,937] {processor.py:642} INFO - Processing file /usr/local/conda/lib/python3.7/site-packages/airflow/example_dags/example_trigger_target_dag.py for tasks to queue
[2023-02-12 11:47:01,940] {logging_mixin.py:109} INFO - [2023-02-12 11:47:01,939] {dagbag.py:500} INFO - Filling up the DagBag from /usr/local/conda/lib/python3.7/site-packages/airflow/example_dags/example_trigger_target_dag.py
[2023-02-12 11:47:02,025] {processor.py:652} INFO - DAG(s) dict_keys(['example_trigger_target_dag']) retrieved from /usr/local/conda/lib/python3.7/site-packages/airflow/example_dags/example_trigger_target_dag.py
[2023-02-12 11:47:02,094] {logging_mixin.py:109} INFO - [2023-02-12 11:47:02,093] {dag.py:2398} INFO - Sync 1 DAGs
[2023-02-12 11:47:02,151] {logging_mixin.py:109} INFO - [2023-02-12 11:47:02,151] {dag.py:2937} INFO - Setting next_dagrun for example_trigger_target_dag to None
[2023-02-12 11:47:02,203] {processor.py:171} INFO - Processing /usr/local/conda/lib/python3.7/site-packages/airflow/example_dags/example_trigger_target_dag.py took 0.292 seconds
[2023-02-12 11:47:51,153] {processor.py:163} INFO - Started process (PID=2134) to work on /usr/local/conda/lib/python3.7/site-packages/airflow/example_dags/example_trigger_target_dag.py
[2023-02-12 11:47:51,158] {processor.py:642} INFO - Processing file /usr/local/conda/lib/python3.7/site-packages/airflow/example_dags/example_trigger_target_dag.py for tasks to queue
[2023-02-12 11:47:51,162] {logging_mixin.py:109} INFO - [2023-02-12 11:47:51,160] {dagbag.py:500} INFO - Filling up the DagBag from /usr/local/conda/lib/python3.7/site-packages/airflow/example_dags/example_trigger_target_dag.py
[2023-02-12 11:47:51,201] {processor.py:652} INFO - DAG(s) dict_keys(['example_trigger_target_dag']) retrieved from /usr/local/conda/lib/python3.7/site-packages/airflow/example_dags/example_trigger_target_dag.py
[2023-02-12 11:47:51,232] {logging_mixin.py:109} INFO - [2023-02-12 11:47:51,232] {dag.py:2398} INFO - Sync 1 DAGs
[2023-02-12 11:47:51,259] {logging_mixin.py:109} INFO - [2023-02-12 11:47:51,259] {dag.py:2937} INFO - Setting next_dagrun for example_trigger_target_dag to None
[2023-02-12 11:47:51,310] {processor.py:171} INFO - Processing /usr/local/conda/lib/python3.7/site-packages/airflow/example_dags/example_trigger_target_dag.py took 0.164 seconds
[2023-02-12 11:48:30,649] {processor.py:163} INFO - Started process (PID=2167) to work on /usr/local/conda/lib/python3.7/site-packages/airflow/example_dags/example_trigger_target_dag.py
[2023-02-12 11:48:30,655] {processor.py:642} INFO - Processing file /usr/local/conda/lib/python3.7/site-packages/airflow/example_dags/example_trigger_target_dag.py for tasks to queue
[2023-02-12 11:48:30,658] {logging_mixin.py:109} INFO - [2023-02-12 11:48:30,657] {dagbag.py:500} INFO - Filling up the DagBag from /usr/local/conda/lib/python3.7/site-packages/airflow/example_dags/example_trigger_target_dag.py
[2023-02-12 11:48:30,782] {processor.py:652} INFO - DAG(s) dict_keys(['example_trigger_target_dag']) retrieved from /usr/local/conda/lib/python3.7/site-packages/airflow/example_dags/example_trigger_target_dag.py
[2023-02-12 11:48:30,841] {logging_mixin.py:109} INFO - [2023-02-12 11:48:30,839] {dag.py:2398} INFO - Sync 1 DAGs
[2023-02-12 11:48:30,906] {logging_mixin.py:109} INFO - [2023-02-12 11:48:30,905] {dag.py:2937} INFO - Setting next_dagrun for example_trigger_target_dag to None
[2023-02-12 11:48:30,989] {processor.py:171} INFO - Processing /usr/local/conda/lib/python3.7/site-packages/airflow/example_dags/example_trigger_target_dag.py took 0.348 seconds
[2023-02-12 11:49:14,851] {processor.py:163} INFO - Started process (PID=2201) to work on /usr/local/conda/lib/python3.7/site-packages/airflow/example_dags/example_trigger_target_dag.py
[2023-02-12 11:49:14,855] {processor.py:642} INFO - Processing file /usr/local/conda/lib/python3.7/site-packages/airflow/example_dags/example_trigger_target_dag.py for tasks to queue
[2023-02-12 11:49:14,861] {logging_mixin.py:109} INFO - [2023-02-12 11:49:14,861] {dagbag.py:500} INFO - Filling up the DagBag from /usr/local/conda/lib/python3.7/site-packages/airflow/example_dags/example_trigger_target_dag.py
[2023-02-12 11:49:14,945] {processor.py:652} INFO - DAG(s) dict_keys(['example_trigger_target_dag']) retrieved from /usr/local/conda/lib/python3.7/site-packages/airflow/example_dags/example_trigger_target_dag.py
[2023-02-12 11:49:15,018] {logging_mixin.py:109} INFO - [2023-02-12 11:49:15,018] {dag.py:2398} INFO - Sync 1 DAGs
[2023-02-12 11:49:15,093] {logging_mixin.py:109} INFO - [2023-02-12 11:49:15,092] {dag.py:2937} INFO - Setting next_dagrun for example_trigger_target_dag to None
[2023-02-12 11:49:15,188] {processor.py:171} INFO - Processing /usr/local/conda/lib/python3.7/site-packages/airflow/example_dags/example_trigger_target_dag.py took 0.346 seconds
[2023-02-12 11:50:01,776] {processor.py:163} INFO - Started process (PID=2237) to work on /usr/local/conda/lib/python3.7/site-packages/airflow/example_dags/example_trigger_target_dag.py
[2023-02-12 11:50:01,782] {processor.py:642} INFO - Processing file /usr/local/conda/lib/python3.7/site-packages/airflow/example_dags/example_trigger_target_dag.py for tasks to queue
[2023-02-12 11:50:01,784] {logging_mixin.py:109} INFO - [2023-02-12 11:50:01,784] {dagbag.py:500} INFO - Filling up the DagBag from /usr/local/conda/lib/python3.7/site-packages/airflow/example_dags/example_trigger_target_dag.py
[2023-02-12 11:50:01,825] {processor.py:652} INFO - DAG(s) dict_keys(['example_trigger_target_dag']) retrieved from /usr/local/conda/lib/python3.7/site-packages/airflow/example_dags/example_trigger_target_dag.py
[2023-02-12 11:50:01,854] {logging_mixin.py:109} INFO - [2023-02-12 11:50:01,853] {dag.py:2398} INFO - Sync 1 DAGs
[2023-02-12 11:50:01,882] {logging_mixin.py:109} INFO - [2023-02-12 11:50:01,882] {dag.py:2937} INFO - Setting next_dagrun for example_trigger_target_dag to None
[2023-02-12 11:50:01,919] {processor.py:171} INFO - Processing /usr/local/conda/lib/python3.7/site-packages/airflow/example_dags/example_trigger_target_dag.py took 0.149 seconds
[2023-02-12 11:50:44,802] {processor.py:163} INFO - Started process (PID=2275) to work on /usr/local/conda/lib/python3.7/site-packages/airflow/example_dags/example_trigger_target_dag.py
[2023-02-12 11:50:44,807] {processor.py:642} INFO - Processing file /usr/local/conda/lib/python3.7/site-packages/airflow/example_dags/example_trigger_target_dag.py for tasks to queue
[2023-02-12 11:50:44,810] {logging_mixin.py:109} INFO - [2023-02-12 11:50:44,810] {dagbag.py:500} INFO - Filling up the DagBag from /usr/local/conda/lib/python3.7/site-packages/airflow/example_dags/example_trigger_target_dag.py
[2023-02-12 11:50:44,847] {processor.py:652} INFO - DAG(s) dict_keys(['example_trigger_target_dag']) retrieved from /usr/local/conda/lib/python3.7/site-packages/airflow/example_dags/example_trigger_target_dag.py
[2023-02-12 11:50:44,879] {logging_mixin.py:109} INFO - [2023-02-12 11:50:44,879] {dag.py:2398} INFO - Sync 1 DAGs
[2023-02-12 11:50:44,908] {logging_mixin.py:109} INFO - [2023-02-12 11:50:44,907] {dag.py:2937} INFO - Setting next_dagrun for example_trigger_target_dag to None
[2023-02-12 11:50:44,940] {processor.py:171} INFO - Processing /usr/local/conda/lib/python3.7/site-packages/airflow/example_dags/example_trigger_target_dag.py took 0.146 seconds
[2023-02-12 11:51:21,093] {processor.py:163} INFO - Started process (PID=2303) to work on /usr/local/conda/lib/python3.7/site-packages/airflow/example_dags/example_trigger_target_dag.py
[2023-02-12 11:51:21,097] {processor.py:642} INFO - Processing file /usr/local/conda/lib/python3.7/site-packages/airflow/example_dags/example_trigger_target_dag.py for tasks to queue
[2023-02-12 11:51:21,101] {logging_mixin.py:109} INFO - [2023-02-12 11:51:21,101] {dagbag.py:500} INFO - Filling up the DagBag from /usr/local/conda/lib/python3.7/site-packages/airflow/example_dags/example_trigger_target_dag.py
[2023-02-12 11:51:21,137] {processor.py:652} INFO - DAG(s) dict_keys(['example_trigger_target_dag']) retrieved from /usr/local/conda/lib/python3.7/site-packages/airflow/example_dags/example_trigger_target_dag.py
[2023-02-12 11:51:21,165] {logging_mixin.py:109} INFO - [2023-02-12 11:51:21,165] {dag.py:2398} INFO - Sync 1 DAGs
[2023-02-12 11:51:21,196] {logging_mixin.py:109} INFO - [2023-02-12 11:51:21,196] {dag.py:2937} INFO - Setting next_dagrun for example_trigger_target_dag to None
[2023-02-12 11:51:21,239] {processor.py:171} INFO - Processing /usr/local/conda/lib/python3.7/site-packages/airflow/example_dags/example_trigger_target_dag.py took 0.152 seconds
[2023-02-12 11:51:59,556] {processor.py:163} INFO - Started process (PID=2337) to work on /usr/local/conda/lib/python3.7/site-packages/airflow/example_dags/example_trigger_target_dag.py
[2023-02-12 11:51:59,560] {processor.py:642} INFO - Processing file /usr/local/conda/lib/python3.7/site-packages/airflow/example_dags/example_trigger_target_dag.py for tasks to queue
[2023-02-12 11:51:59,563] {logging_mixin.py:109} INFO - [2023-02-12 11:51:59,562] {dagbag.py:500} INFO - Filling up the DagBag from /usr/local/conda/lib/python3.7/site-packages/airflow/example_dags/example_trigger_target_dag.py
[2023-02-12 11:51:59,599] {processor.py:652} INFO - DAG(s) dict_keys(['example_trigger_target_dag']) retrieved from /usr/local/conda/lib/python3.7/site-packages/airflow/example_dags/example_trigger_target_dag.py
[2023-02-12 11:51:59,628] {logging_mixin.py:109} INFO - [2023-02-12 11:51:59,628] {dag.py:2398} INFO - Sync 1 DAGs
[2023-02-12 11:51:59,656] {logging_mixin.py:109} INFO - [2023-02-12 11:51:59,656] {dag.py:2937} INFO - Setting next_dagrun for example_trigger_target_dag to None
[2023-02-12 11:51:59,685] {processor.py:171} INFO - Processing /usr/local/conda/lib/python3.7/site-packages/airflow/example_dags/example_trigger_target_dag.py took 0.135 seconds
[2023-02-12 11:52:36,281] {processor.py:163} INFO - Started process (PID=2368) to work on /usr/local/conda/lib/python3.7/site-packages/airflow/example_dags/example_trigger_target_dag.py
[2023-02-12 11:52:36,283] {processor.py:642} INFO - Processing file /usr/local/conda/lib/python3.7/site-packages/airflow/example_dags/example_trigger_target_dag.py for tasks to queue
[2023-02-12 11:52:36,285] {logging_mixin.py:109} INFO - [2023-02-12 11:52:36,284] {dagbag.py:500} INFO - Filling up the DagBag from /usr/local/conda/lib/python3.7/site-packages/airflow/example_dags/example_trigger_target_dag.py
[2023-02-12 11:52:36,309] {processor.py:652} INFO - DAG(s) dict_keys(['example_trigger_target_dag']) retrieved from /usr/local/conda/lib/python3.7/site-packages/airflow/example_dags/example_trigger_target_dag.py
[2023-02-12 11:52:36,328] {logging_mixin.py:109} INFO - [2023-02-12 11:52:36,327] {dag.py:2398} INFO - Sync 1 DAGs
[2023-02-12 11:52:36,345] {logging_mixin.py:109} INFO - [2023-02-12 11:52:36,345] {dag.py:2937} INFO - Setting next_dagrun for example_trigger_target_dag to None
[2023-02-12 11:52:36,368] {processor.py:171} INFO - Processing /usr/local/conda/lib/python3.7/site-packages/airflow/example_dags/example_trigger_target_dag.py took 0.091 seconds
[2023-02-12 11:53:08,520] {processor.py:163} INFO - Started process (PID=2397) to work on /usr/local/conda/lib/python3.7/site-packages/airflow/example_dags/example_trigger_target_dag.py
[2023-02-12 11:53:08,524] {processor.py:642} INFO - Processing file /usr/local/conda/lib/python3.7/site-packages/airflow/example_dags/example_trigger_target_dag.py for tasks to queue
[2023-02-12 11:53:08,526] {logging_mixin.py:109} INFO - [2023-02-12 11:53:08,526] {dagbag.py:500} INFO - Filling up the DagBag from /usr/local/conda/lib/python3.7/site-packages/airflow/example_dags/example_trigger_target_dag.py
[2023-02-12 11:53:08,560] {processor.py:652} INFO - DAG(s) dict_keys(['example_trigger_target_dag']) retrieved from /usr/local/conda/lib/python3.7/site-packages/airflow/example_dags/example_trigger_target_dag.py
[2023-02-12 11:53:08,588] {logging_mixin.py:109} INFO - [2023-02-12 11:53:08,588] {dag.py:2398} INFO - Sync 1 DAGs
[2023-02-12 11:53:08,617] {logging_mixin.py:109} INFO - [2023-02-12 11:53:08,617] {dag.py:2937} INFO - Setting next_dagrun for example_trigger_target_dag to None
[2023-02-12 11:53:08,648] {processor.py:171} INFO - Processing /usr/local/conda/lib/python3.7/site-packages/airflow/example_dags/example_trigger_target_dag.py took 0.134 seconds
[2023-02-12 11:53:46,353] {processor.py:163} INFO - Started process (PID=2430) to work on /usr/local/conda/lib/python3.7/site-packages/airflow/example_dags/example_trigger_target_dag.py
[2023-02-12 11:53:46,356] {processor.py:642} INFO - Processing file /usr/local/conda/lib/python3.7/site-packages/airflow/example_dags/example_trigger_target_dag.py for tasks to queue
[2023-02-12 11:53:46,358] {logging_mixin.py:109} INFO - [2023-02-12 11:53:46,358] {dagbag.py:500} INFO - Filling up the DagBag from /usr/local/conda/lib/python3.7/site-packages/airflow/example_dags/example_trigger_target_dag.py
[2023-02-12 11:53:46,383] {processor.py:652} INFO - DAG(s) dict_keys(['example_trigger_target_dag']) retrieved from /usr/local/conda/lib/python3.7/site-packages/airflow/example_dags/example_trigger_target_dag.py
[2023-02-12 11:53:46,402] {logging_mixin.py:109} INFO - [2023-02-12 11:53:46,401] {dag.py:2398} INFO - Sync 1 DAGs
[2023-02-12 11:53:46,420] {logging_mixin.py:109} INFO - [2023-02-12 11:53:46,420] {dag.py:2937} INFO - Setting next_dagrun for example_trigger_target_dag to None
[2023-02-12 11:53:46,439] {processor.py:171} INFO - Processing /usr/local/conda/lib/python3.7/site-packages/airflow/example_dags/example_trigger_target_dag.py took 0.090 seconds
[2023-02-12 11:54:23,482] {processor.py:163} INFO - Started process (PID=2461) to work on /usr/local/conda/lib/python3.7/site-packages/airflow/example_dags/example_trigger_target_dag.py
[2023-02-12 11:54:23,484] {processor.py:642} INFO - Processing file /usr/local/conda/lib/python3.7/site-packages/airflow/example_dags/example_trigger_target_dag.py for tasks to queue
[2023-02-12 11:54:23,486] {logging_mixin.py:109} INFO - [2023-02-12 11:54:23,486] {dagbag.py:500} INFO - Filling up the DagBag from /usr/local/conda/lib/python3.7/site-packages/airflow/example_dags/example_trigger_target_dag.py
[2023-02-12 11:54:23,509] {processor.py:652} INFO - DAG(s) dict_keys(['example_trigger_target_dag']) retrieved from /usr/local/conda/lib/python3.7/site-packages/airflow/example_dags/example_trigger_target_dag.py
[2023-02-12 11:54:23,529] {logging_mixin.py:109} INFO - [2023-02-12 11:54:23,528] {dag.py:2398} INFO - Sync 1 DAGs
[2023-02-12 11:54:23,548] {logging_mixin.py:109} INFO - [2023-02-12 11:54:23,547] {dag.py:2937} INFO - Setting next_dagrun for example_trigger_target_dag to None
[2023-02-12 11:54:23,570] {processor.py:171} INFO - Processing /usr/local/conda/lib/python3.7/site-packages/airflow/example_dags/example_trigger_target_dag.py took 0.093 seconds
[2023-02-12 11:54:55,184] {processor.py:163} INFO - Started process (PID=2490) to work on /usr/local/conda/lib/python3.7/site-packages/airflow/example_dags/example_trigger_target_dag.py
[2023-02-12 11:54:55,187] {processor.py:642} INFO - Processing file /usr/local/conda/lib/python3.7/site-packages/airflow/example_dags/example_trigger_target_dag.py for tasks to queue
[2023-02-12 11:54:55,189] {logging_mixin.py:109} INFO - [2023-02-12 11:54:55,189] {dagbag.py:500} INFO - Filling up the DagBag from /usr/local/conda/lib/python3.7/site-packages/airflow/example_dags/example_trigger_target_dag.py
[2023-02-12 11:54:55,229] {processor.py:652} INFO - DAG(s) dict_keys(['example_trigger_target_dag']) retrieved from /usr/local/conda/lib/python3.7/site-packages/airflow/example_dags/example_trigger_target_dag.py
[2023-02-12 11:54:55,263] {logging_mixin.py:109} INFO - [2023-02-12 11:54:55,263] {dag.py:2398} INFO - Sync 1 DAGs
[2023-02-12 11:54:55,291] {logging_mixin.py:109} INFO - [2023-02-12 11:54:55,291] {dag.py:2937} INFO - Setting next_dagrun for example_trigger_target_dag to None
[2023-02-12 11:54:55,318] {processor.py:171} INFO - Processing /usr/local/conda/lib/python3.7/site-packages/airflow/example_dags/example_trigger_target_dag.py took 0.140 seconds
[2023-02-12 11:55:30,977] {processor.py:163} INFO - Started process (PID=2522) to work on /usr/local/conda/lib/python3.7/site-packages/airflow/example_dags/example_trigger_target_dag.py
[2023-02-12 11:55:30,981] {processor.py:642} INFO - Processing file /usr/local/conda/lib/python3.7/site-packages/airflow/example_dags/example_trigger_target_dag.py for tasks to queue
[2023-02-12 11:55:30,983] {logging_mixin.py:109} INFO - [2023-02-12 11:55:30,983] {dagbag.py:500} INFO - Filling up the DagBag from /usr/local/conda/lib/python3.7/site-packages/airflow/example_dags/example_trigger_target_dag.py
[2023-02-12 11:55:31,027] {processor.py:652} INFO - DAG(s) dict_keys(['example_trigger_target_dag']) retrieved from /usr/local/conda/lib/python3.7/site-packages/airflow/example_dags/example_trigger_target_dag.py
[2023-02-12 11:55:31,055] {logging_mixin.py:109} INFO - [2023-02-12 11:55:31,055] {dag.py:2398} INFO - Sync 1 DAGs
[2023-02-12 11:55:31,081] {logging_mixin.py:109} INFO - [2023-02-12 11:55:31,080] {dag.py:2937} INFO - Setting next_dagrun for example_trigger_target_dag to None
[2023-02-12 11:55:31,117] {processor.py:171} INFO - Processing /usr/local/conda/lib/python3.7/site-packages/airflow/example_dags/example_trigger_target_dag.py took 0.146 seconds
[2023-02-12 11:56:07,697] {processor.py:163} INFO - Started process (PID=2551) to work on /usr/local/conda/lib/python3.7/site-packages/airflow/example_dags/example_trigger_target_dag.py
[2023-02-12 11:56:07,703] {processor.py:642} INFO - Processing file /usr/local/conda/lib/python3.7/site-packages/airflow/example_dags/example_trigger_target_dag.py for tasks to queue
[2023-02-12 11:56:07,708] {logging_mixin.py:109} INFO - [2023-02-12 11:56:07,708] {dagbag.py:500} INFO - Filling up the DagBag from /usr/local/conda/lib/python3.7/site-packages/airflow/example_dags/example_trigger_target_dag.py
[2023-02-12 11:56:07,760] {processor.py:652} INFO - DAG(s) dict_keys(['example_trigger_target_dag']) retrieved from /usr/local/conda/lib/python3.7/site-packages/airflow/example_dags/example_trigger_target_dag.py
[2023-02-12 11:56:07,807] {logging_mixin.py:109} INFO - [2023-02-12 11:56:07,807] {dag.py:2398} INFO - Sync 1 DAGs
[2023-02-12 11:56:07,850] {logging_mixin.py:109} INFO - [2023-02-12 11:56:07,850] {dag.py:2937} INFO - Setting next_dagrun for example_trigger_target_dag to None
[2023-02-12 11:56:07,887] {processor.py:171} INFO - Processing /usr/local/conda/lib/python3.7/site-packages/airflow/example_dags/example_trigger_target_dag.py took 0.198 seconds
[2023-02-12 11:56:47,303] {processor.py:163} INFO - Started process (PID=2583) to work on /usr/local/conda/lib/python3.7/site-packages/airflow/example_dags/example_trigger_target_dag.py
[2023-02-12 11:56:47,309] {processor.py:642} INFO - Processing file /usr/local/conda/lib/python3.7/site-packages/airflow/example_dags/example_trigger_target_dag.py for tasks to queue
[2023-02-12 11:56:47,311] {logging_mixin.py:109} INFO - [2023-02-12 11:56:47,311] {dagbag.py:500} INFO - Filling up the DagBag from /usr/local/conda/lib/python3.7/site-packages/airflow/example_dags/example_trigger_target_dag.py
[2023-02-12 11:56:47,348] {processor.py:652} INFO - DAG(s) dict_keys(['example_trigger_target_dag']) retrieved from /usr/local/conda/lib/python3.7/site-packages/airflow/example_dags/example_trigger_target_dag.py
[2023-02-12 11:56:47,377] {logging_mixin.py:109} INFO - [2023-02-12 11:56:47,376] {dag.py:2398} INFO - Sync 1 DAGs
[2023-02-12 11:56:47,406] {logging_mixin.py:109} INFO - [2023-02-12 11:56:47,406] {dag.py:2937} INFO - Setting next_dagrun for example_trigger_target_dag to None
[2023-02-12 11:56:47,434] {processor.py:171} INFO - Processing /usr/local/conda/lib/python3.7/site-packages/airflow/example_dags/example_trigger_target_dag.py took 0.137 seconds
[2023-02-12 11:57:27,561] {processor.py:163} INFO - Started process (PID=2615) to work on /usr/local/conda/lib/python3.7/site-packages/airflow/example_dags/example_trigger_target_dag.py
[2023-02-12 11:57:27,564] {processor.py:642} INFO - Processing file /usr/local/conda/lib/python3.7/site-packages/airflow/example_dags/example_trigger_target_dag.py for tasks to queue
[2023-02-12 11:57:27,566] {logging_mixin.py:109} INFO - [2023-02-12 11:57:27,566] {dagbag.py:500} INFO - Filling up the DagBag from /usr/local/conda/lib/python3.7/site-packages/airflow/example_dags/example_trigger_target_dag.py
[2023-02-12 11:57:27,604] {processor.py:652} INFO - DAG(s) dict_keys(['example_trigger_target_dag']) retrieved from /usr/local/conda/lib/python3.7/site-packages/airflow/example_dags/example_trigger_target_dag.py
[2023-02-12 11:57:27,632] {logging_mixin.py:109} INFO - [2023-02-12 11:57:27,632] {dag.py:2398} INFO - Sync 1 DAGs
[2023-02-12 11:57:27,663] {logging_mixin.py:109} INFO - [2023-02-12 11:57:27,663] {dag.py:2937} INFO - Setting next_dagrun for example_trigger_target_dag to None
[2023-02-12 11:57:27,693] {processor.py:171} INFO - Processing /usr/local/conda/lib/python3.7/site-packages/airflow/example_dags/example_trigger_target_dag.py took 0.138 seconds
[2023-02-12 11:58:14,870] {processor.py:163} INFO - Started process (PID=2651) to work on /usr/local/conda/lib/python3.7/site-packages/airflow/example_dags/example_trigger_target_dag.py
[2023-02-12 11:58:14,882] {processor.py:642} INFO - Processing file /usr/local/conda/lib/python3.7/site-packages/airflow/example_dags/example_trigger_target_dag.py for tasks to queue
[2023-02-12 11:58:14,884] {logging_mixin.py:109} INFO - [2023-02-12 11:58:14,884] {dagbag.py:500} INFO - Filling up the DagBag from /usr/local/conda/lib/python3.7/site-packages/airflow/example_dags/example_trigger_target_dag.py
[2023-02-12 11:58:14,945] {processor.py:652} INFO - DAG(s) dict_keys(['example_trigger_target_dag']) retrieved from /usr/local/conda/lib/python3.7/site-packages/airflow/example_dags/example_trigger_target_dag.py
[2023-02-12 11:58:15,018] {logging_mixin.py:109} INFO - [2023-02-12 11:58:15,018] {dag.py:2398} INFO - Sync 1 DAGs
[2023-02-12 11:58:15,068] {logging_mixin.py:109} INFO - [2023-02-12 11:58:15,067] {dag.py:2937} INFO - Setting next_dagrun for example_trigger_target_dag to None
[2023-02-12 11:58:15,174] {processor.py:171} INFO - Processing /usr/local/conda/lib/python3.7/site-packages/airflow/example_dags/example_trigger_target_dag.py took 0.319 seconds
