[2023-02-12 11:30:37,884] {processor.py:163} INFO - Started process (PID=896) to work on /usr/local/conda/lib/python3.7/site-packages/airflow/example_dags/tutorial_taskflow_api_etl_virtualenv.py
[2023-02-12 11:30:37,897] {processor.py:642} INFO - Processing file /usr/local/conda/lib/python3.7/site-packages/airflow/example_dags/tutorial_taskflow_api_etl_virtualenv.py for tasks to queue
[2023-02-12 11:30:37,898] {logging_mixin.py:109} INFO - [2023-02-12 11:30:37,898] {dagbag.py:500} INFO - Filling up the DagBag from /usr/local/conda/lib/python3.7/site-packages/airflow/example_dags/tutorial_taskflow_api_etl_virtualenv.py
[2023-02-12 11:30:37,979] {processor.py:652} INFO - DAG(s) dict_keys(['tutorial_taskflow_api_etl_virtualenv']) retrieved from /usr/local/conda/lib/python3.7/site-packages/airflow/example_dags/tutorial_taskflow_api_etl_virtualenv.py
[2023-02-12 11:30:38,848] {logging_mixin.py:109} INFO - [2023-02-12 11:30:38,848] {dag.py:2398} INFO - Sync 1 DAGs
[2023-02-12 11:30:38,916] {logging_mixin.py:109} INFO - [2023-02-12 11:30:38,916] {dag.py:2937} INFO - Setting next_dagrun for tutorial_taskflow_api_etl_virtualenv to None
[2023-02-12 11:30:39,012] {processor.py:171} INFO - Processing /usr/local/conda/lib/python3.7/site-packages/airflow/example_dags/tutorial_taskflow_api_etl_virtualenv.py took 1.140 seconds
[2023-02-12 11:31:28,303] {processor.py:163} INFO - Started process (PID=1417) to work on /usr/local/conda/lib/python3.7/site-packages/airflow/example_dags/tutorial_taskflow_api_etl_virtualenv.py
[2023-02-12 11:31:28,310] {processor.py:642} INFO - Processing file /usr/local/conda/lib/python3.7/site-packages/airflow/example_dags/tutorial_taskflow_api_etl_virtualenv.py for tasks to queue
[2023-02-12 11:31:28,313] {logging_mixin.py:109} INFO - [2023-02-12 11:31:28,312] {dagbag.py:500} INFO - Filling up the DagBag from /usr/local/conda/lib/python3.7/site-packages/airflow/example_dags/tutorial_taskflow_api_etl_virtualenv.py
[2023-02-12 11:31:28,391] {processor.py:652} INFO - DAG(s) dict_keys(['tutorial_taskflow_api_etl_virtualenv']) retrieved from /usr/local/conda/lib/python3.7/site-packages/airflow/example_dags/tutorial_taskflow_api_etl_virtualenv.py
[2023-02-12 11:31:28,851] {logging_mixin.py:109} INFO - [2023-02-12 11:31:28,851] {dag.py:2398} INFO - Sync 1 DAGs
[2023-02-12 11:31:28,877] {logging_mixin.py:109} INFO - [2023-02-12 11:31:28,877] {dag.py:2937} INFO - Setting next_dagrun for tutorial_taskflow_api_etl_virtualenv to None
[2023-02-12 11:31:28,906] {processor.py:171} INFO - Processing /usr/local/conda/lib/python3.7/site-packages/airflow/example_dags/tutorial_taskflow_api_etl_virtualenv.py took 0.619 seconds
[2023-02-12 11:32:20,639] {processor.py:163} INFO - Started process (PID=1455) to work on /usr/local/conda/lib/python3.7/site-packages/airflow/example_dags/tutorial_taskflow_api_etl_virtualenv.py
[2023-02-12 11:32:20,657] {processor.py:642} INFO - Processing file /usr/local/conda/lib/python3.7/site-packages/airflow/example_dags/tutorial_taskflow_api_etl_virtualenv.py for tasks to queue
[2023-02-12 11:32:20,664] {logging_mixin.py:109} INFO - [2023-02-12 11:32:20,663] {dagbag.py:500} INFO - Filling up the DagBag from /usr/local/conda/lib/python3.7/site-packages/airflow/example_dags/tutorial_taskflow_api_etl_virtualenv.py
[2023-02-12 11:32:20,724] {processor.py:652} INFO - DAG(s) dict_keys(['tutorial_taskflow_api_etl_virtualenv']) retrieved from /usr/local/conda/lib/python3.7/site-packages/airflow/example_dags/tutorial_taskflow_api_etl_virtualenv.py
[2023-02-12 11:32:21,095] {logging_mixin.py:109} INFO - [2023-02-12 11:32:21,095] {dag.py:2398} INFO - Sync 1 DAGs
[2023-02-12 11:32:21,117] {logging_mixin.py:109} INFO - [2023-02-12 11:32:21,117] {dag.py:2937} INFO - Setting next_dagrun for tutorial_taskflow_api_etl_virtualenv to None
[2023-02-12 11:32:21,487] {processor.py:171} INFO - Processing /usr/local/conda/lib/python3.7/site-packages/airflow/example_dags/tutorial_taskflow_api_etl_virtualenv.py took 0.891 seconds
[2023-02-12 11:33:16,914] {processor.py:163} INFO - Started process (PID=1584) to work on /usr/local/conda/lib/python3.7/site-packages/airflow/example_dags/tutorial_taskflow_api_etl_virtualenv.py
[2023-02-12 11:33:16,923] {processor.py:642} INFO - Processing file /usr/local/conda/lib/python3.7/site-packages/airflow/example_dags/tutorial_taskflow_api_etl_virtualenv.py for tasks to queue
[2023-02-12 11:33:16,926] {logging_mixin.py:109} INFO - [2023-02-12 11:33:16,925] {dagbag.py:500} INFO - Filling up the DagBag from /usr/local/conda/lib/python3.7/site-packages/airflow/example_dags/tutorial_taskflow_api_etl_virtualenv.py
[2023-02-12 11:33:17,056] {processor.py:652} INFO - DAG(s) dict_keys(['tutorial_taskflow_api_etl_virtualenv']) retrieved from /usr/local/conda/lib/python3.7/site-packages/airflow/example_dags/tutorial_taskflow_api_etl_virtualenv.py
[2023-02-12 11:33:17,898] {logging_mixin.py:109} INFO - [2023-02-12 11:33:17,898] {dag.py:2398} INFO - Sync 1 DAGs
[2023-02-12 11:33:17,948] {logging_mixin.py:109} INFO - [2023-02-12 11:33:17,948] {dag.py:2937} INFO - Setting next_dagrun for tutorial_taskflow_api_etl_virtualenv to None
[2023-02-12 11:33:18,309] {processor.py:171} INFO - Processing /usr/local/conda/lib/python3.7/site-packages/airflow/example_dags/tutorial_taskflow_api_etl_virtualenv.py took 1.417 seconds
[2023-02-12 11:34:11,500] {processor.py:163} INFO - Started process (PID=1618) to work on /usr/local/conda/lib/python3.7/site-packages/airflow/example_dags/tutorial_taskflow_api_etl_virtualenv.py
[2023-02-12 11:34:11,505] {processor.py:642} INFO - Processing file /usr/local/conda/lib/python3.7/site-packages/airflow/example_dags/tutorial_taskflow_api_etl_virtualenv.py for tasks to queue
[2023-02-12 11:34:11,507] {logging_mixin.py:109} INFO - [2023-02-12 11:34:11,506] {dagbag.py:500} INFO - Filling up the DagBag from /usr/local/conda/lib/python3.7/site-packages/airflow/example_dags/tutorial_taskflow_api_etl_virtualenv.py
[2023-02-12 11:34:11,568] {processor.py:652} INFO - DAG(s) dict_keys(['tutorial_taskflow_api_etl_virtualenv']) retrieved from /usr/local/conda/lib/python3.7/site-packages/airflow/example_dags/tutorial_taskflow_api_etl_virtualenv.py
[2023-02-12 11:34:12,137] {logging_mixin.py:109} INFO - [2023-02-12 11:34:12,136] {dag.py:2398} INFO - Sync 1 DAGs
[2023-02-12 11:34:12,178] {logging_mixin.py:109} INFO - [2023-02-12 11:34:12,178] {dag.py:2937} INFO - Setting next_dagrun for tutorial_taskflow_api_etl_virtualenv to None
[2023-02-12 11:34:12,240] {processor.py:171} INFO - Processing /usr/local/conda/lib/python3.7/site-packages/airflow/example_dags/tutorial_taskflow_api_etl_virtualenv.py took 0.750 seconds
[2023-02-12 11:34:57,314] {processor.py:163} INFO - Started process (PID=1647) to work on /usr/local/conda/lib/python3.7/site-packages/airflow/example_dags/tutorial_taskflow_api_etl_virtualenv.py
[2023-02-12 11:34:57,337] {processor.py:642} INFO - Processing file /usr/local/conda/lib/python3.7/site-packages/airflow/example_dags/tutorial_taskflow_api_etl_virtualenv.py for tasks to queue
[2023-02-12 11:34:57,343] {logging_mixin.py:109} INFO - [2023-02-12 11:34:57,342] {dagbag.py:500} INFO - Filling up the DagBag from /usr/local/conda/lib/python3.7/site-packages/airflow/example_dags/tutorial_taskflow_api_etl_virtualenv.py
[2023-02-12 11:34:57,483] {processor.py:652} INFO - DAG(s) dict_keys(['tutorial_taskflow_api_etl_virtualenv']) retrieved from /usr/local/conda/lib/python3.7/site-packages/airflow/example_dags/tutorial_taskflow_api_etl_virtualenv.py
[2023-02-12 11:34:57,934] {logging_mixin.py:109} INFO - [2023-02-12 11:34:57,934] {dag.py:2398} INFO - Sync 1 DAGs
[2023-02-12 11:34:57,955] {logging_mixin.py:109} INFO - [2023-02-12 11:34:57,955] {dag.py:2937} INFO - Setting next_dagrun for tutorial_taskflow_api_etl_virtualenv to None
[2023-02-12 11:34:58,690] {processor.py:171} INFO - Processing /usr/local/conda/lib/python3.7/site-packages/airflow/example_dags/tutorial_taskflow_api_etl_virtualenv.py took 1.382 seconds
[2023-02-12 11:36:22,937] {processor.py:163} INFO - Started process (PID=1673) to work on /usr/local/conda/lib/python3.7/site-packages/airflow/example_dags/tutorial_taskflow_api_etl_virtualenv.py
[2023-02-12 11:36:22,945] {processor.py:642} INFO - Processing file /usr/local/conda/lib/python3.7/site-packages/airflow/example_dags/tutorial_taskflow_api_etl_virtualenv.py for tasks to queue
[2023-02-12 11:36:22,946] {logging_mixin.py:109} INFO - [2023-02-12 11:36:22,946] {dagbag.py:500} INFO - Filling up the DagBag from /usr/local/conda/lib/python3.7/site-packages/airflow/example_dags/tutorial_taskflow_api_etl_virtualenv.py
[2023-02-12 11:36:23,002] {processor.py:652} INFO - DAG(s) dict_keys(['tutorial_taskflow_api_etl_virtualenv']) retrieved from /usr/local/conda/lib/python3.7/site-packages/airflow/example_dags/tutorial_taskflow_api_etl_virtualenv.py
[2023-02-12 11:36:23,408] {logging_mixin.py:109} INFO - [2023-02-12 11:36:23,408] {dag.py:2398} INFO - Sync 1 DAGs
[2023-02-12 11:36:23,436] {logging_mixin.py:109} INFO - [2023-02-12 11:36:23,436] {dag.py:2937} INFO - Setting next_dagrun for tutorial_taskflow_api_etl_virtualenv to None
[2023-02-12 11:36:24,028] {processor.py:171} INFO - Processing /usr/local/conda/lib/python3.7/site-packages/airflow/example_dags/tutorial_taskflow_api_etl_virtualenv.py took 1.102 seconds
[2023-02-12 11:37:21,739] {processor.py:163} INFO - Started process (PID=1707) to work on /usr/local/conda/lib/python3.7/site-packages/airflow/example_dags/tutorial_taskflow_api_etl_virtualenv.py
[2023-02-12 11:37:21,743] {processor.py:642} INFO - Processing file /usr/local/conda/lib/python3.7/site-packages/airflow/example_dags/tutorial_taskflow_api_etl_virtualenv.py for tasks to queue
[2023-02-12 11:37:21,745] {logging_mixin.py:109} INFO - [2023-02-12 11:37:21,745] {dagbag.py:500} INFO - Filling up the DagBag from /usr/local/conda/lib/python3.7/site-packages/airflow/example_dags/tutorial_taskflow_api_etl_virtualenv.py
[2023-02-12 11:37:21,801] {processor.py:652} INFO - DAG(s) dict_keys(['tutorial_taskflow_api_etl_virtualenv']) retrieved from /usr/local/conda/lib/python3.7/site-packages/airflow/example_dags/tutorial_taskflow_api_etl_virtualenv.py
[2023-02-12 11:37:22,287] {logging_mixin.py:109} INFO - [2023-02-12 11:37:22,287] {dag.py:2398} INFO - Sync 1 DAGs
[2023-02-12 11:37:22,314] {logging_mixin.py:109} INFO - [2023-02-12 11:37:22,314] {dag.py:2937} INFO - Setting next_dagrun for tutorial_taskflow_api_etl_virtualenv to None
[2023-02-12 11:37:22,349] {processor.py:171} INFO - Processing /usr/local/conda/lib/python3.7/site-packages/airflow/example_dags/tutorial_taskflow_api_etl_virtualenv.py took 0.616 seconds
[2023-02-12 11:38:22,856] {processor.py:163} INFO - Started process (PID=1741) to work on /usr/local/conda/lib/python3.7/site-packages/airflow/example_dags/tutorial_taskflow_api_etl_virtualenv.py
[2023-02-12 11:38:22,864] {processor.py:642} INFO - Processing file /usr/local/conda/lib/python3.7/site-packages/airflow/example_dags/tutorial_taskflow_api_etl_virtualenv.py for tasks to queue
[2023-02-12 11:38:22,868] {logging_mixin.py:109} INFO - [2023-02-12 11:38:22,867] {dagbag.py:500} INFO - Filling up the DagBag from /usr/local/conda/lib/python3.7/site-packages/airflow/example_dags/tutorial_taskflow_api_etl_virtualenv.py
[2023-02-12 11:38:22,945] {processor.py:652} INFO - DAG(s) dict_keys(['tutorial_taskflow_api_etl_virtualenv']) retrieved from /usr/local/conda/lib/python3.7/site-packages/airflow/example_dags/tutorial_taskflow_api_etl_virtualenv.py
[2023-02-12 11:38:23,287] {logging_mixin.py:109} INFO - [2023-02-12 11:38:23,287] {dag.py:2398} INFO - Sync 1 DAGs
[2023-02-12 11:38:23,308] {logging_mixin.py:109} INFO - [2023-02-12 11:38:23,308] {dag.py:2937} INFO - Setting next_dagrun for tutorial_taskflow_api_etl_virtualenv to None
[2023-02-12 11:38:23,680] {processor.py:171} INFO - Processing /usr/local/conda/lib/python3.7/site-packages/airflow/example_dags/tutorial_taskflow_api_etl_virtualenv.py took 0.837 seconds
[2023-02-12 11:39:23,609] {processor.py:163} INFO - Started process (PID=1775) to work on /usr/local/conda/lib/python3.7/site-packages/airflow/example_dags/tutorial_taskflow_api_etl_virtualenv.py
[2023-02-12 11:39:23,643] {processor.py:642} INFO - Processing file /usr/local/conda/lib/python3.7/site-packages/airflow/example_dags/tutorial_taskflow_api_etl_virtualenv.py for tasks to queue
[2023-02-12 11:39:23,648] {logging_mixin.py:109} INFO - [2023-02-12 11:39:23,647] {dagbag.py:500} INFO - Filling up the DagBag from /usr/local/conda/lib/python3.7/site-packages/airflow/example_dags/tutorial_taskflow_api_etl_virtualenv.py
[2023-02-12 11:39:23,742] {processor.py:652} INFO - DAG(s) dict_keys(['tutorial_taskflow_api_etl_virtualenv']) retrieved from /usr/local/conda/lib/python3.7/site-packages/airflow/example_dags/tutorial_taskflow_api_etl_virtualenv.py
[2023-02-12 11:39:24,101] {logging_mixin.py:109} INFO - [2023-02-12 11:39:24,101] {dag.py:2398} INFO - Sync 1 DAGs
[2023-02-12 11:39:24,124] {logging_mixin.py:109} INFO - [2023-02-12 11:39:24,124] {dag.py:2937} INFO - Setting next_dagrun for tutorial_taskflow_api_etl_virtualenv to None
[2023-02-12 11:39:24,582] {processor.py:171} INFO - Processing /usr/local/conda/lib/python3.7/site-packages/airflow/example_dags/tutorial_taskflow_api_etl_virtualenv.py took 0.988 seconds
[2023-02-12 11:40:17,127] {processor.py:163} INFO - Started process (PID=1812) to work on /usr/local/conda/lib/python3.7/site-packages/airflow/example_dags/tutorial_taskflow_api_etl_virtualenv.py
[2023-02-12 11:40:17,165] {processor.py:642} INFO - Processing file /usr/local/conda/lib/python3.7/site-packages/airflow/example_dags/tutorial_taskflow_api_etl_virtualenv.py for tasks to queue
[2023-02-12 11:40:17,170] {logging_mixin.py:109} INFO - [2023-02-12 11:40:17,170] {dagbag.py:500} INFO - Filling up the DagBag from /usr/local/conda/lib/python3.7/site-packages/airflow/example_dags/tutorial_taskflow_api_etl_virtualenv.py
[2023-02-12 11:40:17,251] {processor.py:652} INFO - DAG(s) dict_keys(['tutorial_taskflow_api_etl_virtualenv']) retrieved from /usr/local/conda/lib/python3.7/site-packages/airflow/example_dags/tutorial_taskflow_api_etl_virtualenv.py
[2023-02-12 11:40:17,935] {logging_mixin.py:109} INFO - [2023-02-12 11:40:17,935] {dag.py:2398} INFO - Sync 1 DAGs
[2023-02-12 11:40:17,959] {logging_mixin.py:109} INFO - [2023-02-12 11:40:17,958] {dag.py:2937} INFO - Setting next_dagrun for tutorial_taskflow_api_etl_virtualenv to None
[2023-02-12 11:40:18,295] {processor.py:171} INFO - Processing /usr/local/conda/lib/python3.7/site-packages/airflow/example_dags/tutorial_taskflow_api_etl_virtualenv.py took 1.180 seconds
[2023-02-12 11:41:07,077] {processor.py:163} INFO - Started process (PID=1843) to work on /usr/local/conda/lib/python3.7/site-packages/airflow/example_dags/tutorial_taskflow_api_etl_virtualenv.py
[2023-02-12 11:41:07,090] {processor.py:642} INFO - Processing file /usr/local/conda/lib/python3.7/site-packages/airflow/example_dags/tutorial_taskflow_api_etl_virtualenv.py for tasks to queue
[2023-02-12 11:41:07,094] {logging_mixin.py:109} INFO - [2023-02-12 11:41:07,093] {dagbag.py:500} INFO - Filling up the DagBag from /usr/local/conda/lib/python3.7/site-packages/airflow/example_dags/tutorial_taskflow_api_etl_virtualenv.py
[2023-02-12 11:41:07,140] {processor.py:652} INFO - DAG(s) dict_keys(['tutorial_taskflow_api_etl_virtualenv']) retrieved from /usr/local/conda/lib/python3.7/site-packages/airflow/example_dags/tutorial_taskflow_api_etl_virtualenv.py
[2023-02-12 11:41:07,564] {logging_mixin.py:109} INFO - [2023-02-12 11:41:07,563] {dag.py:2398} INFO - Sync 1 DAGs
[2023-02-12 11:41:07,584] {logging_mixin.py:109} INFO - [2023-02-12 11:41:07,584] {dag.py:2937} INFO - Setting next_dagrun for tutorial_taskflow_api_etl_virtualenv to None
[2023-02-12 11:41:07,705] {processor.py:171} INFO - Processing /usr/local/conda/lib/python3.7/site-packages/airflow/example_dags/tutorial_taskflow_api_etl_virtualenv.py took 0.635 seconds
[2023-02-12 11:41:48,876] {processor.py:163} INFO - Started process (PID=1877) to work on /usr/local/conda/lib/python3.7/site-packages/airflow/example_dags/tutorial_taskflow_api_etl_virtualenv.py
[2023-02-12 11:41:48,881] {processor.py:642} INFO - Processing file /usr/local/conda/lib/python3.7/site-packages/airflow/example_dags/tutorial_taskflow_api_etl_virtualenv.py for tasks to queue
[2023-02-12 11:41:48,882] {logging_mixin.py:109} INFO - [2023-02-12 11:41:48,882] {dagbag.py:500} INFO - Filling up the DagBag from /usr/local/conda/lib/python3.7/site-packages/airflow/example_dags/tutorial_taskflow_api_etl_virtualenv.py
[2023-02-12 11:41:48,918] {processor.py:652} INFO - DAG(s) dict_keys(['tutorial_taskflow_api_etl_virtualenv']) retrieved from /usr/local/conda/lib/python3.7/site-packages/airflow/example_dags/tutorial_taskflow_api_etl_virtualenv.py
[2023-02-12 11:41:49,243] {logging_mixin.py:109} INFO - [2023-02-12 11:41:49,243] {dag.py:2398} INFO - Sync 1 DAGs
[2023-02-12 11:41:49,267] {logging_mixin.py:109} INFO - [2023-02-12 11:41:49,267] {dag.py:2937} INFO - Setting next_dagrun for tutorial_taskflow_api_etl_virtualenv to None
[2023-02-12 11:41:49,311] {processor.py:171} INFO - Processing /usr/local/conda/lib/python3.7/site-packages/airflow/example_dags/tutorial_taskflow_api_etl_virtualenv.py took 0.440 seconds
[2023-02-12 11:42:27,832] {processor.py:163} INFO - Started process (PID=1908) to work on /usr/local/conda/lib/python3.7/site-packages/airflow/example_dags/tutorial_taskflow_api_etl_virtualenv.py
[2023-02-12 11:42:27,841] {processor.py:642} INFO - Processing file /usr/local/conda/lib/python3.7/site-packages/airflow/example_dags/tutorial_taskflow_api_etl_virtualenv.py for tasks to queue
[2023-02-12 11:42:27,845] {logging_mixin.py:109} INFO - [2023-02-12 11:42:27,844] {dagbag.py:500} INFO - Filling up the DagBag from /usr/local/conda/lib/python3.7/site-packages/airflow/example_dags/tutorial_taskflow_api_etl_virtualenv.py
[2023-02-12 11:42:27,890] {processor.py:652} INFO - DAG(s) dict_keys(['tutorial_taskflow_api_etl_virtualenv']) retrieved from /usr/local/conda/lib/python3.7/site-packages/airflow/example_dags/tutorial_taskflow_api_etl_virtualenv.py
[2023-02-12 11:42:28,248] {logging_mixin.py:109} INFO - [2023-02-12 11:42:28,247] {dag.py:2398} INFO - Sync 1 DAGs
[2023-02-12 11:42:28,272] {logging_mixin.py:109} INFO - [2023-02-12 11:42:28,272] {dag.py:2937} INFO - Setting next_dagrun for tutorial_taskflow_api_etl_virtualenv to None
[2023-02-12 11:42:28,344] {processor.py:171} INFO - Processing /usr/local/conda/lib/python3.7/site-packages/airflow/example_dags/tutorial_taskflow_api_etl_virtualenv.py took 0.520 seconds
[2023-02-12 11:43:20,235] {processor.py:163} INFO - Started process (PID=1943) to work on /usr/local/conda/lib/python3.7/site-packages/airflow/example_dags/tutorial_taskflow_api_etl_virtualenv.py
[2023-02-12 11:43:20,287] {processor.py:642} INFO - Processing file /usr/local/conda/lib/python3.7/site-packages/airflow/example_dags/tutorial_taskflow_api_etl_virtualenv.py for tasks to queue
[2023-02-12 11:43:20,289] {logging_mixin.py:109} INFO - [2023-02-12 11:43:20,289] {dagbag.py:500} INFO - Filling up the DagBag from /usr/local/conda/lib/python3.7/site-packages/airflow/example_dags/tutorial_taskflow_api_etl_virtualenv.py
[2023-02-12 11:43:20,347] {processor.py:652} INFO - DAG(s) dict_keys(['tutorial_taskflow_api_etl_virtualenv']) retrieved from /usr/local/conda/lib/python3.7/site-packages/airflow/example_dags/tutorial_taskflow_api_etl_virtualenv.py
[2023-02-12 11:43:20,763] {logging_mixin.py:109} INFO - [2023-02-12 11:43:20,763] {dag.py:2398} INFO - Sync 1 DAGs
[2023-02-12 11:43:20,799] {logging_mixin.py:109} INFO - [2023-02-12 11:43:20,799] {dag.py:2937} INFO - Setting next_dagrun for tutorial_taskflow_api_etl_virtualenv to None
[2023-02-12 11:43:21,313] {processor.py:171} INFO - Processing /usr/local/conda/lib/python3.7/site-packages/airflow/example_dags/tutorial_taskflow_api_etl_virtualenv.py took 1.091 seconds
[2023-02-12 11:44:12,981] {processor.py:163} INFO - Started process (PID=1981) to work on /usr/local/conda/lib/python3.7/site-packages/airflow/example_dags/tutorial_taskflow_api_etl_virtualenv.py
[2023-02-12 11:44:12,994] {processor.py:642} INFO - Processing file /usr/local/conda/lib/python3.7/site-packages/airflow/example_dags/tutorial_taskflow_api_etl_virtualenv.py for tasks to queue
[2023-02-12 11:44:12,999] {logging_mixin.py:109} INFO - [2023-02-12 11:44:12,999] {dagbag.py:500} INFO - Filling up the DagBag from /usr/local/conda/lib/python3.7/site-packages/airflow/example_dags/tutorial_taskflow_api_etl_virtualenv.py
[2023-02-12 11:44:13,098] {processor.py:652} INFO - DAG(s) dict_keys(['tutorial_taskflow_api_etl_virtualenv']) retrieved from /usr/local/conda/lib/python3.7/site-packages/airflow/example_dags/tutorial_taskflow_api_etl_virtualenv.py
[2023-02-12 11:44:13,613] {logging_mixin.py:109} INFO - [2023-02-12 11:44:13,612] {dag.py:2398} INFO - Sync 1 DAGs
[2023-02-12 11:44:13,653] {logging_mixin.py:109} INFO - [2023-02-12 11:44:13,653] {dag.py:2937} INFO - Setting next_dagrun for tutorial_taskflow_api_etl_virtualenv to None
[2023-02-12 11:44:13,709] {processor.py:171} INFO - Processing /usr/local/conda/lib/python3.7/site-packages/airflow/example_dags/tutorial_taskflow_api_etl_virtualenv.py took 0.734 seconds
[2023-02-12 11:45:05,399] {processor.py:163} INFO - Started process (PID=2018) to work on /usr/local/conda/lib/python3.7/site-packages/airflow/example_dags/tutorial_taskflow_api_etl_virtualenv.py
[2023-02-12 11:45:05,416] {processor.py:642} INFO - Processing file /usr/local/conda/lib/python3.7/site-packages/airflow/example_dags/tutorial_taskflow_api_etl_virtualenv.py for tasks to queue
[2023-02-12 11:45:05,418] {logging_mixin.py:109} INFO - [2023-02-12 11:45:05,418] {dagbag.py:500} INFO - Filling up the DagBag from /usr/local/conda/lib/python3.7/site-packages/airflow/example_dags/tutorial_taskflow_api_etl_virtualenv.py
[2023-02-12 11:45:05,498] {processor.py:652} INFO - DAG(s) dict_keys(['tutorial_taskflow_api_etl_virtualenv']) retrieved from /usr/local/conda/lib/python3.7/site-packages/airflow/example_dags/tutorial_taskflow_api_etl_virtualenv.py
[2023-02-12 11:45:06,065] {logging_mixin.py:109} INFO - [2023-02-12 11:45:06,065] {dag.py:2398} INFO - Sync 1 DAGs
[2023-02-12 11:45:06,116] {logging_mixin.py:109} INFO - [2023-02-12 11:45:06,115] {dag.py:2937} INFO - Setting next_dagrun for tutorial_taskflow_api_etl_virtualenv to None
[2023-02-12 11:45:06,224] {processor.py:171} INFO - Processing /usr/local/conda/lib/python3.7/site-packages/airflow/example_dags/tutorial_taskflow_api_etl_virtualenv.py took 0.832 seconds
[2023-02-12 11:46:06,530] {processor.py:163} INFO - Started process (PID=2059) to work on /usr/local/conda/lib/python3.7/site-packages/airflow/example_dags/tutorial_taskflow_api_etl_virtualenv.py
[2023-02-12 11:46:06,549] {processor.py:642} INFO - Processing file /usr/local/conda/lib/python3.7/site-packages/airflow/example_dags/tutorial_taskflow_api_etl_virtualenv.py for tasks to queue
[2023-02-12 11:46:06,551] {logging_mixin.py:109} INFO - [2023-02-12 11:46:06,551] {dagbag.py:500} INFO - Filling up the DagBag from /usr/local/conda/lib/python3.7/site-packages/airflow/example_dags/tutorial_taskflow_api_etl_virtualenv.py
[2023-02-12 11:46:06,622] {processor.py:652} INFO - DAG(s) dict_keys(['tutorial_taskflow_api_etl_virtualenv']) retrieved from /usr/local/conda/lib/python3.7/site-packages/airflow/example_dags/tutorial_taskflow_api_etl_virtualenv.py
[2023-02-12 11:46:07,215] {logging_mixin.py:109} INFO - [2023-02-12 11:46:07,215] {dag.py:2398} INFO - Sync 1 DAGs
[2023-02-12 11:46:07,290] {logging_mixin.py:109} INFO - [2023-02-12 11:46:07,290] {dag.py:2937} INFO - Setting next_dagrun for tutorial_taskflow_api_etl_virtualenv to None
[2023-02-12 11:46:07,460] {processor.py:171} INFO - Processing /usr/local/conda/lib/python3.7/site-packages/airflow/example_dags/tutorial_taskflow_api_etl_virtualenv.py took 0.936 seconds
[2023-02-12 11:47:03,451] {processor.py:163} INFO - Started process (PID=2098) to work on /usr/local/conda/lib/python3.7/site-packages/airflow/example_dags/tutorial_taskflow_api_etl_virtualenv.py
[2023-02-12 11:47:03,457] {processor.py:642} INFO - Processing file /usr/local/conda/lib/python3.7/site-packages/airflow/example_dags/tutorial_taskflow_api_etl_virtualenv.py for tasks to queue
[2023-02-12 11:47:03,460] {logging_mixin.py:109} INFO - [2023-02-12 11:47:03,460] {dagbag.py:500} INFO - Filling up the DagBag from /usr/local/conda/lib/python3.7/site-packages/airflow/example_dags/tutorial_taskflow_api_etl_virtualenv.py
[2023-02-12 11:47:03,545] {processor.py:652} INFO - DAG(s) dict_keys(['tutorial_taskflow_api_etl_virtualenv']) retrieved from /usr/local/conda/lib/python3.7/site-packages/airflow/example_dags/tutorial_taskflow_api_etl_virtualenv.py
[2023-02-12 11:47:04,298] {logging_mixin.py:109} INFO - [2023-02-12 11:47:04,298] {dag.py:2398} INFO - Sync 1 DAGs
[2023-02-12 11:47:04,326] {logging_mixin.py:109} INFO - [2023-02-12 11:47:04,325] {dag.py:2937} INFO - Setting next_dagrun for tutorial_taskflow_api_etl_virtualenv to None
[2023-02-12 11:47:04,384] {processor.py:171} INFO - Processing /usr/local/conda/lib/python3.7/site-packages/airflow/example_dags/tutorial_taskflow_api_etl_virtualenv.py took 0.942 seconds
[2023-02-12 11:47:51,645] {processor.py:163} INFO - Started process (PID=2135) to work on /usr/local/conda/lib/python3.7/site-packages/airflow/example_dags/tutorial_taskflow_api_etl_virtualenv.py
[2023-02-12 11:47:51,649] {processor.py:642} INFO - Processing file /usr/local/conda/lib/python3.7/site-packages/airflow/example_dags/tutorial_taskflow_api_etl_virtualenv.py for tasks to queue
[2023-02-12 11:47:51,651] {logging_mixin.py:109} INFO - [2023-02-12 11:47:51,651] {dagbag.py:500} INFO - Filling up the DagBag from /usr/local/conda/lib/python3.7/site-packages/airflow/example_dags/tutorial_taskflow_api_etl_virtualenv.py
[2023-02-12 11:47:51,688] {processor.py:652} INFO - DAG(s) dict_keys(['tutorial_taskflow_api_etl_virtualenv']) retrieved from /usr/local/conda/lib/python3.7/site-packages/airflow/example_dags/tutorial_taskflow_api_etl_virtualenv.py
[2023-02-12 11:47:52,073] {logging_mixin.py:109} INFO - [2023-02-12 11:47:52,073] {dag.py:2398} INFO - Sync 1 DAGs
[2023-02-12 11:47:52,103] {logging_mixin.py:109} INFO - [2023-02-12 11:47:52,102] {dag.py:2937} INFO - Setting next_dagrun for tutorial_taskflow_api_etl_virtualenv to None
[2023-02-12 11:47:52,156] {processor.py:171} INFO - Processing /usr/local/conda/lib/python3.7/site-packages/airflow/example_dags/tutorial_taskflow_api_etl_virtualenv.py took 0.517 seconds
[2023-02-12 11:48:32,211] {processor.py:163} INFO - Started process (PID=2168) to work on /usr/local/conda/lib/python3.7/site-packages/airflow/example_dags/tutorial_taskflow_api_etl_virtualenv.py
[2023-02-12 11:48:32,214] {processor.py:642} INFO - Processing file /usr/local/conda/lib/python3.7/site-packages/airflow/example_dags/tutorial_taskflow_api_etl_virtualenv.py for tasks to queue
[2023-02-12 11:48:32,218] {logging_mixin.py:109} INFO - [2023-02-12 11:48:32,218] {dagbag.py:500} INFO - Filling up the DagBag from /usr/local/conda/lib/python3.7/site-packages/airflow/example_dags/tutorial_taskflow_api_etl_virtualenv.py
[2023-02-12 11:48:32,261] {processor.py:652} INFO - DAG(s) dict_keys(['tutorial_taskflow_api_etl_virtualenv']) retrieved from /usr/local/conda/lib/python3.7/site-packages/airflow/example_dags/tutorial_taskflow_api_etl_virtualenv.py
[2023-02-12 11:48:32,650] {logging_mixin.py:109} INFO - [2023-02-12 11:48:32,650] {dag.py:2398} INFO - Sync 1 DAGs
[2023-02-12 11:48:32,675] {logging_mixin.py:109} INFO - [2023-02-12 11:48:32,675] {dag.py:2937} INFO - Setting next_dagrun for tutorial_taskflow_api_etl_virtualenv to None
[2023-02-12 11:48:32,724] {processor.py:171} INFO - Processing /usr/local/conda/lib/python3.7/site-packages/airflow/example_dags/tutorial_taskflow_api_etl_virtualenv.py took 0.520 seconds
[2023-02-12 11:49:16,540] {processor.py:163} INFO - Started process (PID=2202) to work on /usr/local/conda/lib/python3.7/site-packages/airflow/example_dags/tutorial_taskflow_api_etl_virtualenv.py
[2023-02-12 11:49:16,551] {processor.py:642} INFO - Processing file /usr/local/conda/lib/python3.7/site-packages/airflow/example_dags/tutorial_taskflow_api_etl_virtualenv.py for tasks to queue
[2023-02-12 11:49:16,556] {logging_mixin.py:109} INFO - [2023-02-12 11:49:16,553] {dagbag.py:500} INFO - Filling up the DagBag from /usr/local/conda/lib/python3.7/site-packages/airflow/example_dags/tutorial_taskflow_api_etl_virtualenv.py
[2023-02-12 11:49:16,616] {processor.py:652} INFO - DAG(s) dict_keys(['tutorial_taskflow_api_etl_virtualenv']) retrieved from /usr/local/conda/lib/python3.7/site-packages/airflow/example_dags/tutorial_taskflow_api_etl_virtualenv.py
[2023-02-12 11:49:17,002] {logging_mixin.py:109} INFO - [2023-02-12 11:49:17,002] {dag.py:2398} INFO - Sync 1 DAGs
[2023-02-12 11:49:17,029] {logging_mixin.py:109} INFO - [2023-02-12 11:49:17,029] {dag.py:2937} INFO - Setting next_dagrun for tutorial_taskflow_api_etl_virtualenv to None
[2023-02-12 11:49:17,118] {processor.py:171} INFO - Processing /usr/local/conda/lib/python3.7/site-packages/airflow/example_dags/tutorial_taskflow_api_etl_virtualenv.py took 0.585 seconds
[2023-02-12 11:50:03,050] {processor.py:163} INFO - Started process (PID=2238) to work on /usr/local/conda/lib/python3.7/site-packages/airflow/example_dags/tutorial_taskflow_api_etl_virtualenv.py
[2023-02-12 11:50:03,055] {processor.py:642} INFO - Processing file /usr/local/conda/lib/python3.7/site-packages/airflow/example_dags/tutorial_taskflow_api_etl_virtualenv.py for tasks to queue
[2023-02-12 11:50:03,058] {logging_mixin.py:109} INFO - [2023-02-12 11:50:03,057] {dagbag.py:500} INFO - Filling up the DagBag from /usr/local/conda/lib/python3.7/site-packages/airflow/example_dags/tutorial_taskflow_api_etl_virtualenv.py
[2023-02-12 11:50:03,097] {processor.py:652} INFO - DAG(s) dict_keys(['tutorial_taskflow_api_etl_virtualenv']) retrieved from /usr/local/conda/lib/python3.7/site-packages/airflow/example_dags/tutorial_taskflow_api_etl_virtualenv.py
[2023-02-12 11:50:03,463] {logging_mixin.py:109} INFO - [2023-02-12 11:50:03,463] {dag.py:2398} INFO - Sync 1 DAGs
[2023-02-12 11:50:03,487] {logging_mixin.py:109} INFO - [2023-02-12 11:50:03,487] {dag.py:2937} INFO - Setting next_dagrun for tutorial_taskflow_api_etl_virtualenv to None
[2023-02-12 11:50:03,520] {processor.py:171} INFO - Processing /usr/local/conda/lib/python3.7/site-packages/airflow/example_dags/tutorial_taskflow_api_etl_virtualenv.py took 0.477 seconds
[2023-02-12 11:50:49,957] {processor.py:163} INFO - Started process (PID=2279) to work on /usr/local/conda/lib/python3.7/site-packages/airflow/example_dags/tutorial_taskflow_api_etl_virtualenv.py
[2023-02-12 11:50:49,961] {processor.py:642} INFO - Processing file /usr/local/conda/lib/python3.7/site-packages/airflow/example_dags/tutorial_taskflow_api_etl_virtualenv.py for tasks to queue
[2023-02-12 11:50:49,965] {logging_mixin.py:109} INFO - [2023-02-12 11:50:49,964] {dagbag.py:500} INFO - Filling up the DagBag from /usr/local/conda/lib/python3.7/site-packages/airflow/example_dags/tutorial_taskflow_api_etl_virtualenv.py
[2023-02-12 11:50:50,014] {processor.py:652} INFO - DAG(s) dict_keys(['tutorial_taskflow_api_etl_virtualenv']) retrieved from /usr/local/conda/lib/python3.7/site-packages/airflow/example_dags/tutorial_taskflow_api_etl_virtualenv.py
[2023-02-12 11:50:50,431] {logging_mixin.py:109} INFO - [2023-02-12 11:50:50,430] {dag.py:2398} INFO - Sync 1 DAGs
[2023-02-12 11:50:50,458] {logging_mixin.py:109} INFO - [2023-02-12 11:50:50,457] {dag.py:2937} INFO - Setting next_dagrun for tutorial_taskflow_api_etl_virtualenv to None
[2023-02-12 11:50:50,498] {processor.py:171} INFO - Processing /usr/local/conda/lib/python3.7/site-packages/airflow/example_dags/tutorial_taskflow_api_etl_virtualenv.py took 0.549 seconds
[2023-02-12 11:51:35,503] {processor.py:163} INFO - Started process (PID=2317) to work on /usr/local/conda/lib/python3.7/site-packages/airflow/example_dags/tutorial_taskflow_api_etl_virtualenv.py
[2023-02-12 11:51:35,507] {processor.py:642} INFO - Processing file /usr/local/conda/lib/python3.7/site-packages/airflow/example_dags/tutorial_taskflow_api_etl_virtualenv.py for tasks to queue
[2023-02-12 11:51:35,508] {logging_mixin.py:109} INFO - [2023-02-12 11:51:35,508] {dagbag.py:500} INFO - Filling up the DagBag from /usr/local/conda/lib/python3.7/site-packages/airflow/example_dags/tutorial_taskflow_api_etl_virtualenv.py
[2023-02-12 11:51:35,548] {processor.py:652} INFO - DAG(s) dict_keys(['tutorial_taskflow_api_etl_virtualenv']) retrieved from /usr/local/conda/lib/python3.7/site-packages/airflow/example_dags/tutorial_taskflow_api_etl_virtualenv.py
[2023-02-12 11:51:35,891] {logging_mixin.py:109} INFO - [2023-02-12 11:51:35,891] {dag.py:2398} INFO - Sync 1 DAGs
[2023-02-12 11:51:35,914] {logging_mixin.py:109} INFO - [2023-02-12 11:51:35,914] {dag.py:2937} INFO - Setting next_dagrun for tutorial_taskflow_api_etl_virtualenv to None
[2023-02-12 11:51:35,955] {processor.py:171} INFO - Processing /usr/local/conda/lib/python3.7/site-packages/airflow/example_dags/tutorial_taskflow_api_etl_virtualenv.py took 0.459 seconds
[2023-02-12 11:52:13,950] {processor.py:163} INFO - Started process (PID=2349) to work on /usr/local/conda/lib/python3.7/site-packages/airflow/example_dags/tutorial_taskflow_api_etl_virtualenv.py
[2023-02-12 11:52:13,954] {processor.py:642} INFO - Processing file /usr/local/conda/lib/python3.7/site-packages/airflow/example_dags/tutorial_taskflow_api_etl_virtualenv.py for tasks to queue
[2023-02-12 11:52:13,956] {logging_mixin.py:109} INFO - [2023-02-12 11:52:13,955] {dagbag.py:500} INFO - Filling up the DagBag from /usr/local/conda/lib/python3.7/site-packages/airflow/example_dags/tutorial_taskflow_api_etl_virtualenv.py
[2023-02-12 11:52:13,992] {processor.py:652} INFO - DAG(s) dict_keys(['tutorial_taskflow_api_etl_virtualenv']) retrieved from /usr/local/conda/lib/python3.7/site-packages/airflow/example_dags/tutorial_taskflow_api_etl_virtualenv.py
[2023-02-12 11:52:14,331] {logging_mixin.py:109} INFO - [2023-02-12 11:52:14,330] {dag.py:2398} INFO - Sync 1 DAGs
[2023-02-12 11:52:14,352] {logging_mixin.py:109} INFO - [2023-02-12 11:52:14,352] {dag.py:2937} INFO - Setting next_dagrun for tutorial_taskflow_api_etl_virtualenv to None
[2023-02-12 11:52:14,383] {processor.py:171} INFO - Processing /usr/local/conda/lib/python3.7/site-packages/airflow/example_dags/tutorial_taskflow_api_etl_virtualenv.py took 0.439 seconds
[2023-02-12 11:52:56,571] {processor.py:163} INFO - Started process (PID=2387) to work on /usr/local/conda/lib/python3.7/site-packages/airflow/example_dags/tutorial_taskflow_api_etl_virtualenv.py
[2023-02-12 11:52:56,573] {processor.py:642} INFO - Processing file /usr/local/conda/lib/python3.7/site-packages/airflow/example_dags/tutorial_taskflow_api_etl_virtualenv.py for tasks to queue
[2023-02-12 11:52:56,574] {logging_mixin.py:109} INFO - [2023-02-12 11:52:56,574] {dagbag.py:500} INFO - Filling up the DagBag from /usr/local/conda/lib/python3.7/site-packages/airflow/example_dags/tutorial_taskflow_api_etl_virtualenv.py
[2023-02-12 11:52:56,598] {processor.py:652} INFO - DAG(s) dict_keys(['tutorial_taskflow_api_etl_virtualenv']) retrieved from /usr/local/conda/lib/python3.7/site-packages/airflow/example_dags/tutorial_taskflow_api_etl_virtualenv.py
[2023-02-12 11:52:56,817] {logging_mixin.py:109} INFO - [2023-02-12 11:52:56,817] {dag.py:2398} INFO - Sync 1 DAGs
[2023-02-12 11:52:56,831] {logging_mixin.py:109} INFO - [2023-02-12 11:52:56,831] {dag.py:2937} INFO - Setting next_dagrun for tutorial_taskflow_api_etl_virtualenv to None
[2023-02-12 11:52:56,851] {processor.py:171} INFO - Processing /usr/local/conda/lib/python3.7/site-packages/airflow/example_dags/tutorial_taskflow_api_etl_virtualenv.py took 0.284 seconds
[2023-02-12 11:53:32,015] {processor.py:163} INFO - Started process (PID=2419) to work on /usr/local/conda/lib/python3.7/site-packages/airflow/example_dags/tutorial_taskflow_api_etl_virtualenv.py
[2023-02-12 11:53:32,019] {processor.py:642} INFO - Processing file /usr/local/conda/lib/python3.7/site-packages/airflow/example_dags/tutorial_taskflow_api_etl_virtualenv.py for tasks to queue
[2023-02-12 11:53:32,021] {logging_mixin.py:109} INFO - [2023-02-12 11:53:32,021] {dagbag.py:500} INFO - Filling up the DagBag from /usr/local/conda/lib/python3.7/site-packages/airflow/example_dags/tutorial_taskflow_api_etl_virtualenv.py
[2023-02-12 11:53:32,065] {processor.py:652} INFO - DAG(s) dict_keys(['tutorial_taskflow_api_etl_virtualenv']) retrieved from /usr/local/conda/lib/python3.7/site-packages/airflow/example_dags/tutorial_taskflow_api_etl_virtualenv.py
[2023-02-12 11:53:32,503] {logging_mixin.py:109} INFO - [2023-02-12 11:53:32,502] {dag.py:2398} INFO - Sync 1 DAGs
[2023-02-12 11:53:32,525] {logging_mixin.py:109} INFO - [2023-02-12 11:53:32,525] {dag.py:2937} INFO - Setting next_dagrun for tutorial_taskflow_api_etl_virtualenv to None
[2023-02-12 11:53:32,557] {processor.py:171} INFO - Processing /usr/local/conda/lib/python3.7/site-packages/airflow/example_dags/tutorial_taskflow_api_etl_virtualenv.py took 0.550 seconds
[2023-02-12 11:54:10,653] {processor.py:163} INFO - Started process (PID=2450) to work on /usr/local/conda/lib/python3.7/site-packages/airflow/example_dags/tutorial_taskflow_api_etl_virtualenv.py
[2023-02-12 11:54:10,655] {processor.py:642} INFO - Processing file /usr/local/conda/lib/python3.7/site-packages/airflow/example_dags/tutorial_taskflow_api_etl_virtualenv.py for tasks to queue
[2023-02-12 11:54:10,657] {logging_mixin.py:109} INFO - [2023-02-12 11:54:10,657] {dagbag.py:500} INFO - Filling up the DagBag from /usr/local/conda/lib/python3.7/site-packages/airflow/example_dags/tutorial_taskflow_api_etl_virtualenv.py
[2023-02-12 11:54:10,682] {processor.py:652} INFO - DAG(s) dict_keys(['tutorial_taskflow_api_etl_virtualenv']) retrieved from /usr/local/conda/lib/python3.7/site-packages/airflow/example_dags/tutorial_taskflow_api_etl_virtualenv.py
[2023-02-12 11:54:10,913] {logging_mixin.py:109} INFO - [2023-02-12 11:54:10,913] {dag.py:2398} INFO - Sync 1 DAGs
[2023-02-12 11:54:10,927] {logging_mixin.py:109} INFO - [2023-02-12 11:54:10,927] {dag.py:2937} INFO - Setting next_dagrun for tutorial_taskflow_api_etl_virtualenv to None
[2023-02-12 11:54:10,955] {processor.py:171} INFO - Processing /usr/local/conda/lib/python3.7/site-packages/airflow/example_dags/tutorial_taskflow_api_etl_virtualenv.py took 0.306 seconds
[2023-02-12 11:54:51,253] {processor.py:163} INFO - Started process (PID=2487) to work on /usr/local/conda/lib/python3.7/site-packages/airflow/example_dags/tutorial_taskflow_api_etl_virtualenv.py
[2023-02-12 11:54:51,256] {processor.py:642} INFO - Processing file /usr/local/conda/lib/python3.7/site-packages/airflow/example_dags/tutorial_taskflow_api_etl_virtualenv.py for tasks to queue
[2023-02-12 11:54:51,257] {logging_mixin.py:109} INFO - [2023-02-12 11:54:51,257] {dagbag.py:500} INFO - Filling up the DagBag from /usr/local/conda/lib/python3.7/site-packages/airflow/example_dags/tutorial_taskflow_api_etl_virtualenv.py
[2023-02-12 11:54:51,289] {processor.py:652} INFO - DAG(s) dict_keys(['tutorial_taskflow_api_etl_virtualenv']) retrieved from /usr/local/conda/lib/python3.7/site-packages/airflow/example_dags/tutorial_taskflow_api_etl_virtualenv.py
[2023-02-12 11:54:51,539] {logging_mixin.py:109} INFO - [2023-02-12 11:54:51,539] {dag.py:2398} INFO - Sync 1 DAGs
[2023-02-12 11:54:51,556] {logging_mixin.py:109} INFO - [2023-02-12 11:54:51,556] {dag.py:2937} INFO - Setting next_dagrun for tutorial_taskflow_api_etl_virtualenv to None
[2023-02-12 11:54:51,580] {processor.py:171} INFO - Processing /usr/local/conda/lib/python3.7/site-packages/airflow/example_dags/tutorial_taskflow_api_etl_virtualenv.py took 0.333 seconds
[2023-02-12 11:55:34,887] {processor.py:163} INFO - Started process (PID=2525) to work on /usr/local/conda/lib/python3.7/site-packages/airflow/example_dags/tutorial_taskflow_api_etl_virtualenv.py
[2023-02-12 11:55:34,891] {processor.py:642} INFO - Processing file /usr/local/conda/lib/python3.7/site-packages/airflow/example_dags/tutorial_taskflow_api_etl_virtualenv.py for tasks to queue
[2023-02-12 11:55:34,893] {logging_mixin.py:109} INFO - [2023-02-12 11:55:34,893] {dagbag.py:500} INFO - Filling up the DagBag from /usr/local/conda/lib/python3.7/site-packages/airflow/example_dags/tutorial_taskflow_api_etl_virtualenv.py
[2023-02-12 11:55:34,938] {processor.py:652} INFO - DAG(s) dict_keys(['tutorial_taskflow_api_etl_virtualenv']) retrieved from /usr/local/conda/lib/python3.7/site-packages/airflow/example_dags/tutorial_taskflow_api_etl_virtualenv.py
[2023-02-12 11:55:35,318] {logging_mixin.py:109} INFO - [2023-02-12 11:55:35,318] {dag.py:2398} INFO - Sync 1 DAGs
[2023-02-12 11:55:35,341] {logging_mixin.py:109} INFO - [2023-02-12 11:55:35,341] {dag.py:2937} INFO - Setting next_dagrun for tutorial_taskflow_api_etl_virtualenv to None
[2023-02-12 11:55:35,387] {processor.py:171} INFO - Processing /usr/local/conda/lib/python3.7/site-packages/airflow/example_dags/tutorial_taskflow_api_etl_virtualenv.py took 0.506 seconds
[2023-02-12 11:56:21,205] {processor.py:163} INFO - Started process (PID=2561) to work on /usr/local/conda/lib/python3.7/site-packages/airflow/example_dags/tutorial_taskflow_api_etl_virtualenv.py
[2023-02-12 11:56:21,210] {processor.py:642} INFO - Processing file /usr/local/conda/lib/python3.7/site-packages/airflow/example_dags/tutorial_taskflow_api_etl_virtualenv.py for tasks to queue
[2023-02-12 11:56:21,212] {logging_mixin.py:109} INFO - [2023-02-12 11:56:21,212] {dagbag.py:500} INFO - Filling up the DagBag from /usr/local/conda/lib/python3.7/site-packages/airflow/example_dags/tutorial_taskflow_api_etl_virtualenv.py
[2023-02-12 11:56:21,239] {processor.py:652} INFO - DAG(s) dict_keys(['tutorial_taskflow_api_etl_virtualenv']) retrieved from /usr/local/conda/lib/python3.7/site-packages/airflow/example_dags/tutorial_taskflow_api_etl_virtualenv.py
[2023-02-12 11:56:21,259] {logging_mixin.py:109} INFO - [2023-02-12 11:56:21,259] {dag.py:2398} INFO - Sync 1 DAGs
[2023-02-12 11:56:21,283] {logging_mixin.py:109} INFO - [2023-02-12 11:56:21,283] {dag.py:2937} INFO - Setting next_dagrun for tutorial_taskflow_api_etl_virtualenv to None
[2023-02-12 11:56:21,307] {processor.py:171} INFO - Processing /usr/local/conda/lib/python3.7/site-packages/airflow/example_dags/tutorial_taskflow_api_etl_virtualenv.py took 0.106 seconds
[2023-02-12 11:57:00,367] {processor.py:163} INFO - Started process (PID=2594) to work on /usr/local/conda/lib/python3.7/site-packages/airflow/example_dags/tutorial_taskflow_api_etl_virtualenv.py
[2023-02-12 11:57:00,370] {processor.py:642} INFO - Processing file /usr/local/conda/lib/python3.7/site-packages/airflow/example_dags/tutorial_taskflow_api_etl_virtualenv.py for tasks to queue
[2023-02-12 11:57:00,373] {logging_mixin.py:109} INFO - [2023-02-12 11:57:00,372] {dagbag.py:500} INFO - Filling up the DagBag from /usr/local/conda/lib/python3.7/site-packages/airflow/example_dags/tutorial_taskflow_api_etl_virtualenv.py
[2023-02-12 11:57:00,415] {processor.py:652} INFO - DAG(s) dict_keys(['tutorial_taskflow_api_etl_virtualenv']) retrieved from /usr/local/conda/lib/python3.7/site-packages/airflow/example_dags/tutorial_taskflow_api_etl_virtualenv.py
[2023-02-12 11:57:00,766] {logging_mixin.py:109} INFO - [2023-02-12 11:57:00,766] {dag.py:2398} INFO - Sync 1 DAGs
[2023-02-12 11:57:00,790] {logging_mixin.py:109} INFO - [2023-02-12 11:57:00,790] {dag.py:2937} INFO - Setting next_dagrun for tutorial_taskflow_api_etl_virtualenv to None
[2023-02-12 11:57:00,827] {processor.py:171} INFO - Processing /usr/local/conda/lib/python3.7/site-packages/airflow/example_dags/tutorial_taskflow_api_etl_virtualenv.py took 0.466 seconds
[2023-02-12 11:57:39,285] {processor.py:163} INFO - Started process (PID=2627) to work on /usr/local/conda/lib/python3.7/site-packages/airflow/example_dags/tutorial_taskflow_api_etl_virtualenv.py
[2023-02-12 11:57:39,289] {processor.py:642} INFO - Processing file /usr/local/conda/lib/python3.7/site-packages/airflow/example_dags/tutorial_taskflow_api_etl_virtualenv.py for tasks to queue
[2023-02-12 11:57:39,291] {logging_mixin.py:109} INFO - [2023-02-12 11:57:39,290] {dagbag.py:500} INFO - Filling up the DagBag from /usr/local/conda/lib/python3.7/site-packages/airflow/example_dags/tutorial_taskflow_api_etl_virtualenv.py
[2023-02-12 11:57:39,331] {processor.py:652} INFO - DAG(s) dict_keys(['tutorial_taskflow_api_etl_virtualenv']) retrieved from /usr/local/conda/lib/python3.7/site-packages/airflow/example_dags/tutorial_taskflow_api_etl_virtualenv.py
[2023-02-12 11:57:39,666] {logging_mixin.py:109} INFO - [2023-02-12 11:57:39,666] {dag.py:2398} INFO - Sync 1 DAGs
[2023-02-12 11:57:39,690] {logging_mixin.py:109} INFO - [2023-02-12 11:57:39,690] {dag.py:2937} INFO - Setting next_dagrun for tutorial_taskflow_api_etl_virtualenv to None
[2023-02-12 11:57:39,884] {processor.py:171} INFO - Processing /usr/local/conda/lib/python3.7/site-packages/airflow/example_dags/tutorial_taskflow_api_etl_virtualenv.py took 0.605 seconds
[2023-02-12 11:58:31,782] {processor.py:163} INFO - Started process (PID=2665) to work on /usr/local/conda/lib/python3.7/site-packages/airflow/example_dags/tutorial_taskflow_api_etl_virtualenv.py
[2023-02-12 11:58:31,794] {processor.py:642} INFO - Processing file /usr/local/conda/lib/python3.7/site-packages/airflow/example_dags/tutorial_taskflow_api_etl_virtualenv.py for tasks to queue
[2023-02-12 11:58:31,798] {logging_mixin.py:109} INFO - [2023-02-12 11:58:31,797] {dagbag.py:500} INFO - Filling up the DagBag from /usr/local/conda/lib/python3.7/site-packages/airflow/example_dags/tutorial_taskflow_api_etl_virtualenv.py
[2023-02-12 11:58:31,874] {processor.py:652} INFO - DAG(s) dict_keys(['tutorial_taskflow_api_etl_virtualenv']) retrieved from /usr/local/conda/lib/python3.7/site-packages/airflow/example_dags/tutorial_taskflow_api_etl_virtualenv.py
[2023-02-12 11:58:32,592] {logging_mixin.py:109} INFO - [2023-02-12 11:58:32,592] {dag.py:2398} INFO - Sync 1 DAGs
[2023-02-12 11:58:33,064] {logging_mixin.py:109} INFO - [2023-02-12 11:58:33,063] {dag.py:2937} INFO - Setting next_dagrun for tutorial_taskflow_api_etl_virtualenv to None
[2023-02-12 11:58:33,191] {processor.py:171} INFO - Processing /usr/local/conda/lib/python3.7/site-packages/airflow/example_dags/tutorial_taskflow_api_etl_virtualenv.py took 1.435 seconds
