[2023-02-12 11:30:09,326] {processor.py:163} INFO - Started process (PID=187) to work on /usr/local/conda/lib/python3.7/site-packages/airflow/example_dags/tutorial.py
[2023-02-12 11:30:09,332] {processor.py:642} INFO - Processing file /usr/local/conda/lib/python3.7/site-packages/airflow/example_dags/tutorial.py for tasks to queue
[2023-02-12 11:30:09,335] {logging_mixin.py:109} INFO - [2023-02-12 11:30:09,335] {dagbag.py:500} INFO - Filling up the DagBag from /usr/local/conda/lib/python3.7/site-packages/airflow/example_dags/tutorial.py
[2023-02-12 11:30:09,392] {processor.py:652} INFO - DAG(s) dict_keys(['tutorial']) retrieved from /usr/local/conda/lib/python3.7/site-packages/airflow/example_dags/tutorial.py
[2023-02-12 11:30:09,421] {logging_mixin.py:109} INFO - [2023-02-12 11:30:09,421] {dag.py:2398} INFO - Sync 1 DAGs
[2023-02-12 11:30:09,479] {logging_mixin.py:109} INFO - [2023-02-12 11:30:09,478] {dag.py:2937} INFO - Setting next_dagrun for tutorial to 2023-02-11T06:00:09.478210+00:00
[2023-02-12 11:30:09,559] {processor.py:171} INFO - Processing /usr/local/conda/lib/python3.7/site-packages/airflow/example_dags/tutorial.py took 0.238 seconds
[2023-02-12 11:31:04,000] {processor.py:163} INFO - Started process (PID=1398) to work on /usr/local/conda/lib/python3.7/site-packages/airflow/example_dags/tutorial.py
[2023-02-12 11:31:04,015] {processor.py:642} INFO - Processing file /usr/local/conda/lib/python3.7/site-packages/airflow/example_dags/tutorial.py for tasks to queue
[2023-02-12 11:31:04,019] {logging_mixin.py:109} INFO - [2023-02-12 11:31:04,018] {dagbag.py:500} INFO - Filling up the DagBag from /usr/local/conda/lib/python3.7/site-packages/airflow/example_dags/tutorial.py
[2023-02-12 11:31:04,059] {processor.py:652} INFO - DAG(s) dict_keys(['tutorial']) retrieved from /usr/local/conda/lib/python3.7/site-packages/airflow/example_dags/tutorial.py
[2023-02-12 11:31:04,089] {logging_mixin.py:109} INFO - [2023-02-12 11:31:04,089] {dag.py:2398} INFO - Sync 1 DAGs
[2023-02-12 11:31:04,131] {logging_mixin.py:109} INFO - [2023-02-12 11:31:04,130] {dag.py:2937} INFO - Setting next_dagrun for tutorial to 2023-02-11T06:01:04.129867+00:00
[2023-02-12 11:31:04,324] {processor.py:171} INFO - Processing /usr/local/conda/lib/python3.7/site-packages/airflow/example_dags/tutorial.py took 0.331 seconds
[2023-02-12 11:31:45,761] {processor.py:163} INFO - Started process (PID=1426) to work on /usr/local/conda/lib/python3.7/site-packages/airflow/example_dags/tutorial.py
[2023-02-12 11:31:45,768] {processor.py:642} INFO - Processing file /usr/local/conda/lib/python3.7/site-packages/airflow/example_dags/tutorial.py for tasks to queue
[2023-02-12 11:31:45,773] {logging_mixin.py:109} INFO - [2023-02-12 11:31:45,772] {dagbag.py:500} INFO - Filling up the DagBag from /usr/local/conda/lib/python3.7/site-packages/airflow/example_dags/tutorial.py
[2023-02-12 11:31:45,849] {processor.py:652} INFO - DAG(s) dict_keys(['tutorial']) retrieved from /usr/local/conda/lib/python3.7/site-packages/airflow/example_dags/tutorial.py
[2023-02-12 11:31:45,921] {logging_mixin.py:109} INFO - [2023-02-12 11:31:45,920] {dag.py:2398} INFO - Sync 1 DAGs
[2023-02-12 11:31:45,998] {logging_mixin.py:109} INFO - [2023-02-12 11:31:45,998] {dag.py:2937} INFO - Setting next_dagrun for tutorial to 2023-02-11T06:01:45.997066+00:00
[2023-02-12 11:31:46,073] {processor.py:171} INFO - Processing /usr/local/conda/lib/python3.7/site-packages/airflow/example_dags/tutorial.py took 0.324 seconds
[2023-02-12 11:32:30,880] {processor.py:163} INFO - Started process (PID=1466) to work on /usr/local/conda/lib/python3.7/site-packages/airflow/example_dags/tutorial.py
[2023-02-12 11:32:30,949] {processor.py:642} INFO - Processing file /usr/local/conda/lib/python3.7/site-packages/airflow/example_dags/tutorial.py for tasks to queue
[2023-02-12 11:32:30,957] {logging_mixin.py:109} INFO - [2023-02-12 11:32:30,955] {dagbag.py:500} INFO - Filling up the DagBag from /usr/local/conda/lib/python3.7/site-packages/airflow/example_dags/tutorial.py
[2023-02-12 11:32:31,024] {processor.py:652} INFO - DAG(s) dict_keys(['tutorial']) retrieved from /usr/local/conda/lib/python3.7/site-packages/airflow/example_dags/tutorial.py
[2023-02-12 11:32:31,166] {logging_mixin.py:109} INFO - [2023-02-12 11:32:31,166] {dag.py:2398} INFO - Sync 1 DAGs
[2023-02-12 11:32:31,215] {logging_mixin.py:109} INFO - [2023-02-12 11:32:31,215] {dag.py:2937} INFO - Setting next_dagrun for tutorial to 2023-02-11T06:02:31.214741+00:00
[2023-02-12 11:32:31,695] {processor.py:171} INFO - Processing /usr/local/conda/lib/python3.7/site-packages/airflow/example_dags/tutorial.py took 0.832 seconds
[2023-02-12 11:33:29,521] {processor.py:163} INFO - Started process (PID=1592) to work on /usr/local/conda/lib/python3.7/site-packages/airflow/example_dags/tutorial.py
[2023-02-12 11:33:29,525] {processor.py:642} INFO - Processing file /usr/local/conda/lib/python3.7/site-packages/airflow/example_dags/tutorial.py for tasks to queue
[2023-02-12 11:33:29,527] {logging_mixin.py:109} INFO - [2023-02-12 11:33:29,527] {dagbag.py:500} INFO - Filling up the DagBag from /usr/local/conda/lib/python3.7/site-packages/airflow/example_dags/tutorial.py
[2023-02-12 11:33:29,574] {processor.py:652} INFO - DAG(s) dict_keys(['tutorial']) retrieved from /usr/local/conda/lib/python3.7/site-packages/airflow/example_dags/tutorial.py
[2023-02-12 11:33:29,620] {logging_mixin.py:109} INFO - [2023-02-12 11:33:29,620] {dag.py:2398} INFO - Sync 1 DAGs
[2023-02-12 11:33:29,660] {logging_mixin.py:109} INFO - [2023-02-12 11:33:29,659] {dag.py:2937} INFO - Setting next_dagrun for tutorial to 2023-02-11T06:03:29.659215+00:00
[2023-02-12 11:33:30,232] {processor.py:171} INFO - Processing /usr/local/conda/lib/python3.7/site-packages/airflow/example_dags/tutorial.py took 0.723 seconds
[2023-02-12 11:34:20,604] {processor.py:163} INFO - Started process (PID=1623) to work on /usr/local/conda/lib/python3.7/site-packages/airflow/example_dags/tutorial.py
[2023-02-12 11:34:20,636] {processor.py:642} INFO - Processing file /usr/local/conda/lib/python3.7/site-packages/airflow/example_dags/tutorial.py for tasks to queue
[2023-02-12 11:34:20,643] {logging_mixin.py:109} INFO - [2023-02-12 11:34:20,641] {dagbag.py:500} INFO - Filling up the DagBag from /usr/local/conda/lib/python3.7/site-packages/airflow/example_dags/tutorial.py
[2023-02-12 11:34:20,749] {processor.py:652} INFO - DAG(s) dict_keys(['tutorial']) retrieved from /usr/local/conda/lib/python3.7/site-packages/airflow/example_dags/tutorial.py
[2023-02-12 11:34:20,838] {logging_mixin.py:109} INFO - [2023-02-12 11:34:20,838] {dag.py:2398} INFO - Sync 1 DAGs
[2023-02-12 11:34:20,914] {logging_mixin.py:109} INFO - [2023-02-12 11:34:20,913] {dag.py:2937} INFO - Setting next_dagrun for tutorial to 2023-02-11T06:04:20.911654+00:00
[2023-02-12 11:34:21,532] {processor.py:171} INFO - Processing /usr/local/conda/lib/python3.7/site-packages/airflow/example_dags/tutorial.py took 0.935 seconds
[2023-02-12 11:35:50,750] {processor.py:163} INFO - Started process (PID=1656) to work on /usr/local/conda/lib/python3.7/site-packages/airflow/example_dags/tutorial.py
[2023-02-12 11:35:50,787] {processor.py:642} INFO - Processing file /usr/local/conda/lib/python3.7/site-packages/airflow/example_dags/tutorial.py for tasks to queue
[2023-02-12 11:35:50,791] {logging_mixin.py:109} INFO - [2023-02-12 11:35:50,791] {dagbag.py:500} INFO - Filling up the DagBag from /usr/local/conda/lib/python3.7/site-packages/airflow/example_dags/tutorial.py
[2023-02-12 11:35:50,832] {processor.py:652} INFO - DAG(s) dict_keys(['tutorial']) retrieved from /usr/local/conda/lib/python3.7/site-packages/airflow/example_dags/tutorial.py
[2023-02-12 11:35:50,866] {logging_mixin.py:109} INFO - [2023-02-12 11:35:50,866] {dag.py:2398} INFO - Sync 1 DAGs
[2023-02-12 11:35:50,894] {logging_mixin.py:109} INFO - [2023-02-12 11:35:50,894] {dag.py:2937} INFO - Setting next_dagrun for tutorial to 2023-02-11T06:05:50.893824+00:00
[2023-02-12 11:35:51,518] {processor.py:171} INFO - Processing /usr/local/conda/lib/python3.7/site-packages/airflow/example_dags/tutorial.py took 0.790 seconds
[2023-02-12 11:36:43,182] {processor.py:163} INFO - Started process (PID=1686) to work on /usr/local/conda/lib/python3.7/site-packages/airflow/example_dags/tutorial.py
[2023-02-12 11:36:43,196] {processor.py:642} INFO - Processing file /usr/local/conda/lib/python3.7/site-packages/airflow/example_dags/tutorial.py for tasks to queue
[2023-02-12 11:36:43,201] {logging_mixin.py:109} INFO - [2023-02-12 11:36:43,200] {dagbag.py:500} INFO - Filling up the DagBag from /usr/local/conda/lib/python3.7/site-packages/airflow/example_dags/tutorial.py
[2023-02-12 11:36:43,295] {processor.py:652} INFO - DAG(s) dict_keys(['tutorial']) retrieved from /usr/local/conda/lib/python3.7/site-packages/airflow/example_dags/tutorial.py
[2023-02-12 11:36:43,345] {logging_mixin.py:109} INFO - [2023-02-12 11:36:43,345] {dag.py:2398} INFO - Sync 1 DAGs
[2023-02-12 11:36:43,374] {logging_mixin.py:109} INFO - [2023-02-12 11:36:43,374] {dag.py:2937} INFO - Setting next_dagrun for tutorial to 2023-02-11T06:06:43.373625+00:00
[2023-02-12 11:36:43,979] {processor.py:171} INFO - Processing /usr/local/conda/lib/python3.7/site-packages/airflow/example_dags/tutorial.py took 0.817 seconds
[2023-02-12 11:37:44,040] {processor.py:163} INFO - Started process (PID=1720) to work on /usr/local/conda/lib/python3.7/site-packages/airflow/example_dags/tutorial.py
[2023-02-12 11:37:44,075] {processor.py:642} INFO - Processing file /usr/local/conda/lib/python3.7/site-packages/airflow/example_dags/tutorial.py for tasks to queue
[2023-02-12 11:37:44,081] {logging_mixin.py:109} INFO - [2023-02-12 11:37:44,079] {dagbag.py:500} INFO - Filling up the DagBag from /usr/local/conda/lib/python3.7/site-packages/airflow/example_dags/tutorial.py
[2023-02-12 11:37:44,162] {processor.py:652} INFO - DAG(s) dict_keys(['tutorial']) retrieved from /usr/local/conda/lib/python3.7/site-packages/airflow/example_dags/tutorial.py
[2023-02-12 11:37:44,215] {logging_mixin.py:109} INFO - [2023-02-12 11:37:44,215] {dag.py:2398} INFO - Sync 1 DAGs
[2023-02-12 11:37:44,248] {logging_mixin.py:109} INFO - [2023-02-12 11:37:44,248] {dag.py:2937} INFO - Setting next_dagrun for tutorial to 2023-02-11T06:07:44.247722+00:00
[2023-02-12 11:37:44,367] {processor.py:171} INFO - Processing /usr/local/conda/lib/python3.7/site-packages/airflow/example_dags/tutorial.py took 0.341 seconds
[2023-02-12 11:38:42,453] {processor.py:163} INFO - Started process (PID=1754) to work on /usr/local/conda/lib/python3.7/site-packages/airflow/example_dags/tutorial.py
[2023-02-12 11:38:42,468] {processor.py:642} INFO - Processing file /usr/local/conda/lib/python3.7/site-packages/airflow/example_dags/tutorial.py for tasks to queue
[2023-02-12 11:38:42,474] {logging_mixin.py:109} INFO - [2023-02-12 11:38:42,473] {dagbag.py:500} INFO - Filling up the DagBag from /usr/local/conda/lib/python3.7/site-packages/airflow/example_dags/tutorial.py
[2023-02-12 11:38:42,552] {processor.py:652} INFO - DAG(s) dict_keys(['tutorial']) retrieved from /usr/local/conda/lib/python3.7/site-packages/airflow/example_dags/tutorial.py
[2023-02-12 11:38:42,592] {logging_mixin.py:109} INFO - [2023-02-12 11:38:42,592] {dag.py:2398} INFO - Sync 1 DAGs
[2023-02-12 11:38:42,621] {logging_mixin.py:109} INFO - [2023-02-12 11:38:42,621] {dag.py:2937} INFO - Setting next_dagrun for tutorial to 2023-02-11T06:08:42.620600+00:00
[2023-02-12 11:38:42,821] {processor.py:171} INFO - Processing /usr/local/conda/lib/python3.7/site-packages/airflow/example_dags/tutorial.py took 0.384 seconds
[2023-02-12 11:39:46,923] {processor.py:163} INFO - Started process (PID=1792) to work on /usr/local/conda/lib/python3.7/site-packages/airflow/example_dags/tutorial.py
[2023-02-12 11:39:46,932] {processor.py:642} INFO - Processing file /usr/local/conda/lib/python3.7/site-packages/airflow/example_dags/tutorial.py for tasks to queue
[2023-02-12 11:39:46,938] {logging_mixin.py:109} INFO - [2023-02-12 11:39:46,937] {dagbag.py:500} INFO - Filling up the DagBag from /usr/local/conda/lib/python3.7/site-packages/airflow/example_dags/tutorial.py
[2023-02-12 11:39:47,041] {processor.py:652} INFO - DAG(s) dict_keys(['tutorial']) retrieved from /usr/local/conda/lib/python3.7/site-packages/airflow/example_dags/tutorial.py
[2023-02-12 11:39:47,146] {logging_mixin.py:109} INFO - [2023-02-12 11:39:47,146] {dag.py:2398} INFO - Sync 1 DAGs
[2023-02-12 11:39:47,215] {logging_mixin.py:109} INFO - [2023-02-12 11:39:47,215] {dag.py:2937} INFO - Setting next_dagrun for tutorial to 2023-02-11T06:09:47.214610+00:00
[2023-02-12 11:39:47,252] {processor.py:171} INFO - Processing /usr/local/conda/lib/python3.7/site-packages/airflow/example_dags/tutorial.py took 0.348 seconds
[2023-02-12 11:40:34,364] {processor.py:163} INFO - Started process (PID=1823) to work on /usr/local/conda/lib/python3.7/site-packages/airflow/example_dags/tutorial.py
[2023-02-12 11:40:34,387] {processor.py:642} INFO - Processing file /usr/local/conda/lib/python3.7/site-packages/airflow/example_dags/tutorial.py for tasks to queue
[2023-02-12 11:40:34,389] {logging_mixin.py:109} INFO - [2023-02-12 11:40:34,389] {dagbag.py:500} INFO - Filling up the DagBag from /usr/local/conda/lib/python3.7/site-packages/airflow/example_dags/tutorial.py
[2023-02-12 11:40:34,411] {processor.py:652} INFO - DAG(s) dict_keys(['tutorial']) retrieved from /usr/local/conda/lib/python3.7/site-packages/airflow/example_dags/tutorial.py
[2023-02-12 11:40:34,431] {logging_mixin.py:109} INFO - [2023-02-12 11:40:34,431] {dag.py:2398} INFO - Sync 1 DAGs
[2023-02-12 11:40:34,457] {logging_mixin.py:109} INFO - [2023-02-12 11:40:34,457] {dag.py:2937} INFO - Setting next_dagrun for tutorial to 2023-02-11T06:10:34.456389+00:00
[2023-02-12 11:40:34,616] {processor.py:171} INFO - Processing /usr/local/conda/lib/python3.7/site-packages/airflow/example_dags/tutorial.py took 0.256 seconds
[2023-02-12 11:41:19,600] {processor.py:163} INFO - Started process (PID=1852) to work on /usr/local/conda/lib/python3.7/site-packages/airflow/example_dags/tutorial.py
[2023-02-12 11:41:19,605] {processor.py:642} INFO - Processing file /usr/local/conda/lib/python3.7/site-packages/airflow/example_dags/tutorial.py for tasks to queue
[2023-02-12 11:41:19,607] {logging_mixin.py:109} INFO - [2023-02-12 11:41:19,607] {dagbag.py:500} INFO - Filling up the DagBag from /usr/local/conda/lib/python3.7/site-packages/airflow/example_dags/tutorial.py
[2023-02-12 11:41:19,645] {processor.py:652} INFO - DAG(s) dict_keys(['tutorial']) retrieved from /usr/local/conda/lib/python3.7/site-packages/airflow/example_dags/tutorial.py
[2023-02-12 11:41:19,688] {logging_mixin.py:109} INFO - [2023-02-12 11:41:19,688] {dag.py:2398} INFO - Sync 1 DAGs
[2023-02-12 11:41:19,734] {logging_mixin.py:109} INFO - [2023-02-12 11:41:19,733] {dag.py:2937} INFO - Setting next_dagrun for tutorial to 2023-02-11T06:11:19.733094+00:00
[2023-02-12 11:41:19,785] {processor.py:171} INFO - Processing /usr/local/conda/lib/python3.7/site-packages/airflow/example_dags/tutorial.py took 0.192 seconds
[2023-02-12 11:42:00,021] {processor.py:163} INFO - Started process (PID=1885) to work on /usr/local/conda/lib/python3.7/site-packages/airflow/example_dags/tutorial.py
[2023-02-12 11:42:00,038] {processor.py:642} INFO - Processing file /usr/local/conda/lib/python3.7/site-packages/airflow/example_dags/tutorial.py for tasks to queue
[2023-02-12 11:42:00,042] {logging_mixin.py:109} INFO - [2023-02-12 11:42:00,042] {dagbag.py:500} INFO - Filling up the DagBag from /usr/local/conda/lib/python3.7/site-packages/airflow/example_dags/tutorial.py
[2023-02-12 11:42:00,104] {processor.py:652} INFO - DAG(s) dict_keys(['tutorial']) retrieved from /usr/local/conda/lib/python3.7/site-packages/airflow/example_dags/tutorial.py
[2023-02-12 11:42:00,217] {logging_mixin.py:109} INFO - [2023-02-12 11:42:00,217] {dag.py:2398} INFO - Sync 1 DAGs
[2023-02-12 11:42:00,297] {logging_mixin.py:109} INFO - [2023-02-12 11:42:00,297] {dag.py:2937} INFO - Setting next_dagrun for tutorial to 2023-02-11T06:12:00.296461+00:00
[2023-02-12 11:42:00,437] {processor.py:171} INFO - Processing /usr/local/conda/lib/python3.7/site-packages/airflow/example_dags/tutorial.py took 0.436 seconds
[2023-02-12 11:42:37,748] {processor.py:163} INFO - Started process (PID=1915) to work on /usr/local/conda/lib/python3.7/site-packages/airflow/example_dags/tutorial.py
[2023-02-12 11:42:37,845] {processor.py:642} INFO - Processing file /usr/local/conda/lib/python3.7/site-packages/airflow/example_dags/tutorial.py for tasks to queue
[2023-02-12 11:42:37,847] {logging_mixin.py:109} INFO - [2023-02-12 11:42:37,847] {dagbag.py:500} INFO - Filling up the DagBag from /usr/local/conda/lib/python3.7/site-packages/airflow/example_dags/tutorial.py
[2023-02-12 11:42:37,889] {processor.py:652} INFO - DAG(s) dict_keys(['tutorial']) retrieved from /usr/local/conda/lib/python3.7/site-packages/airflow/example_dags/tutorial.py
[2023-02-12 11:42:37,926] {logging_mixin.py:109} INFO - [2023-02-12 11:42:37,926] {dag.py:2398} INFO - Sync 1 DAGs
[2023-02-12 11:42:37,961] {logging_mixin.py:109} INFO - [2023-02-12 11:42:37,961] {dag.py:2937} INFO - Setting next_dagrun for tutorial to 2023-02-11T06:12:37.960589+00:00
[2023-02-12 11:42:38,424] {processor.py:171} INFO - Processing /usr/local/conda/lib/python3.7/site-packages/airflow/example_dags/tutorial.py took 0.683 seconds
[2023-02-12 11:43:13,554] {processor.py:163} INFO - Started process (PID=1938) to work on /usr/local/conda/lib/python3.7/site-packages/airflow/example_dags/tutorial.py
[2023-02-12 11:43:13,568] {processor.py:642} INFO - Processing file /usr/local/conda/lib/python3.7/site-packages/airflow/example_dags/tutorial.py for tasks to queue
[2023-02-12 11:43:13,572] {logging_mixin.py:109} INFO - [2023-02-12 11:43:13,572] {dagbag.py:500} INFO - Filling up the DagBag from /usr/local/conda/lib/python3.7/site-packages/airflow/example_dags/tutorial.py
[2023-02-12 11:43:13,612] {processor.py:652} INFO - DAG(s) dict_keys(['tutorial']) retrieved from /usr/local/conda/lib/python3.7/site-packages/airflow/example_dags/tutorial.py
[2023-02-12 11:43:13,671] {logging_mixin.py:109} INFO - [2023-02-12 11:43:13,670] {dag.py:2398} INFO - Sync 1 DAGs
[2023-02-12 11:43:13,709] {logging_mixin.py:109} INFO - [2023-02-12 11:43:13,709] {dag.py:2937} INFO - Setting next_dagrun for tutorial to 2023-02-11T06:13:13.708506+00:00
[2023-02-12 11:43:13,797] {processor.py:171} INFO - Processing /usr/local/conda/lib/python3.7/site-packages/airflow/example_dags/tutorial.py took 0.251 seconds
[2023-02-12 11:43:48,599] {processor.py:163} INFO - Started process (PID=1964) to work on /usr/local/conda/lib/python3.7/site-packages/airflow/example_dags/tutorial.py
[2023-02-12 11:43:48,618] {processor.py:642} INFO - Processing file /usr/local/conda/lib/python3.7/site-packages/airflow/example_dags/tutorial.py for tasks to queue
[2023-02-12 11:43:48,623] {logging_mixin.py:109} INFO - [2023-02-12 11:43:48,623] {dagbag.py:500} INFO - Filling up the DagBag from /usr/local/conda/lib/python3.7/site-packages/airflow/example_dags/tutorial.py
[2023-02-12 11:43:48,717] {processor.py:652} INFO - DAG(s) dict_keys(['tutorial']) retrieved from /usr/local/conda/lib/python3.7/site-packages/airflow/example_dags/tutorial.py
[2023-02-12 11:43:48,791] {logging_mixin.py:109} INFO - [2023-02-12 11:43:48,791] {dag.py:2398} INFO - Sync 1 DAGs
[2023-02-12 11:43:48,853] {logging_mixin.py:109} INFO - [2023-02-12 11:43:48,853] {dag.py:2937} INFO - Setting next_dagrun for tutorial to 2023-02-11T06:13:48.852490+00:00
[2023-02-12 11:43:48,952] {processor.py:171} INFO - Processing /usr/local/conda/lib/python3.7/site-packages/airflow/example_dags/tutorial.py took 0.361 seconds
[2023-02-12 11:44:22,638] {processor.py:163} INFO - Started process (PID=1988) to work on /usr/local/conda/lib/python3.7/site-packages/airflow/example_dags/tutorial.py
[2023-02-12 11:44:22,645] {processor.py:642} INFO - Processing file /usr/local/conda/lib/python3.7/site-packages/airflow/example_dags/tutorial.py for tasks to queue
[2023-02-12 11:44:22,646] {logging_mixin.py:109} INFO - [2023-02-12 11:44:22,646] {dagbag.py:500} INFO - Filling up the DagBag from /usr/local/conda/lib/python3.7/site-packages/airflow/example_dags/tutorial.py
[2023-02-12 11:44:22,699] {processor.py:652} INFO - DAG(s) dict_keys(['tutorial']) retrieved from /usr/local/conda/lib/python3.7/site-packages/airflow/example_dags/tutorial.py
[2023-02-12 11:44:22,776] {logging_mixin.py:109} INFO - [2023-02-12 11:44:22,775] {dag.py:2398} INFO - Sync 1 DAGs
[2023-02-12 11:44:22,844] {logging_mixin.py:109} INFO - [2023-02-12 11:44:22,843] {dag.py:2937} INFO - Setting next_dagrun for tutorial to 2023-02-11T06:14:22.843143+00:00
[2023-02-12 11:44:22,922] {processor.py:171} INFO - Processing /usr/local/conda/lib/python3.7/site-packages/airflow/example_dags/tutorial.py took 0.290 seconds
[2023-02-12 11:44:58,371] {processor.py:163} INFO - Started process (PID=2013) to work on /usr/local/conda/lib/python3.7/site-packages/airflow/example_dags/tutorial.py
[2023-02-12 11:44:58,385] {processor.py:642} INFO - Processing file /usr/local/conda/lib/python3.7/site-packages/airflow/example_dags/tutorial.py for tasks to queue
[2023-02-12 11:44:58,386] {logging_mixin.py:109} INFO - [2023-02-12 11:44:58,386] {dagbag.py:500} INFO - Filling up the DagBag from /usr/local/conda/lib/python3.7/site-packages/airflow/example_dags/tutorial.py
[2023-02-12 11:44:58,438] {processor.py:652} INFO - DAG(s) dict_keys(['tutorial']) retrieved from /usr/local/conda/lib/python3.7/site-packages/airflow/example_dags/tutorial.py
[2023-02-12 11:44:58,520] {logging_mixin.py:109} INFO - [2023-02-12 11:44:58,520] {dag.py:2398} INFO - Sync 1 DAGs
[2023-02-12 11:44:58,576] {logging_mixin.py:109} INFO - [2023-02-12 11:44:58,575] {dag.py:2937} INFO - Setting next_dagrun for tutorial to 2023-02-11T06:14:58.575107+00:00
[2023-02-12 11:44:58,676] {processor.py:171} INFO - Processing /usr/local/conda/lib/python3.7/site-packages/airflow/example_dags/tutorial.py took 0.316 seconds
[2023-02-12 11:45:37,374] {processor.py:163} INFO - Started process (PID=2040) to work on /usr/local/conda/lib/python3.7/site-packages/airflow/example_dags/tutorial.py
[2023-02-12 11:45:37,393] {processor.py:642} INFO - Processing file /usr/local/conda/lib/python3.7/site-packages/airflow/example_dags/tutorial.py for tasks to queue
[2023-02-12 11:45:37,395] {logging_mixin.py:109} INFO - [2023-02-12 11:45:37,395] {dagbag.py:500} INFO - Filling up the DagBag from /usr/local/conda/lib/python3.7/site-packages/airflow/example_dags/tutorial.py
[2023-02-12 11:45:37,468] {processor.py:652} INFO - DAG(s) dict_keys(['tutorial']) retrieved from /usr/local/conda/lib/python3.7/site-packages/airflow/example_dags/tutorial.py
[2023-02-12 11:45:37,509] {logging_mixin.py:109} INFO - [2023-02-12 11:45:37,509] {dag.py:2398} INFO - Sync 1 DAGs
[2023-02-12 11:45:37,568] {logging_mixin.py:109} INFO - [2023-02-12 11:45:37,568] {dag.py:2937} INFO - Setting next_dagrun for tutorial to 2023-02-11T06:15:37.567491+00:00
[2023-02-12 11:45:37,687] {processor.py:171} INFO - Processing /usr/local/conda/lib/python3.7/site-packages/airflow/example_dags/tutorial.py took 0.320 seconds
[2023-02-12 11:46:18,372] {processor.py:163} INFO - Started process (PID=2066) to work on /usr/local/conda/lib/python3.7/site-packages/airflow/example_dags/tutorial.py
[2023-02-12 11:46:18,385] {processor.py:642} INFO - Processing file /usr/local/conda/lib/python3.7/site-packages/airflow/example_dags/tutorial.py for tasks to queue
[2023-02-12 11:46:18,404] {logging_mixin.py:109} INFO - [2023-02-12 11:46:18,404] {dagbag.py:500} INFO - Filling up the DagBag from /usr/local/conda/lib/python3.7/site-packages/airflow/example_dags/tutorial.py
[2023-02-12 11:46:18,474] {processor.py:652} INFO - DAG(s) dict_keys(['tutorial']) retrieved from /usr/local/conda/lib/python3.7/site-packages/airflow/example_dags/tutorial.py
[2023-02-12 11:46:18,561] {logging_mixin.py:109} INFO - [2023-02-12 11:46:18,561] {dag.py:2398} INFO - Sync 1 DAGs
[2023-02-12 11:46:18,634] {logging_mixin.py:109} INFO - [2023-02-12 11:46:18,634] {dag.py:2937} INFO - Setting next_dagrun for tutorial to 2023-02-11T06:16:18.633250+00:00
[2023-02-12 11:46:18,769] {processor.py:171} INFO - Processing /usr/local/conda/lib/python3.7/site-packages/airflow/example_dags/tutorial.py took 0.410 seconds
[2023-02-12 11:46:57,270] {processor.py:163} INFO - Started process (PID=2094) to work on /usr/local/conda/lib/python3.7/site-packages/airflow/example_dags/tutorial.py
[2023-02-12 11:46:57,285] {processor.py:642} INFO - Processing file /usr/local/conda/lib/python3.7/site-packages/airflow/example_dags/tutorial.py for tasks to queue
[2023-02-12 11:46:57,288] {logging_mixin.py:109} INFO - [2023-02-12 11:46:57,288] {dagbag.py:500} INFO - Filling up the DagBag from /usr/local/conda/lib/python3.7/site-packages/airflow/example_dags/tutorial.py
[2023-02-12 11:46:57,376] {processor.py:652} INFO - DAG(s) dict_keys(['tutorial']) retrieved from /usr/local/conda/lib/python3.7/site-packages/airflow/example_dags/tutorial.py
[2023-02-12 11:46:57,467] {logging_mixin.py:109} INFO - [2023-02-12 11:46:57,467] {dag.py:2398} INFO - Sync 1 DAGs
[2023-02-12 11:46:57,534] {logging_mixin.py:109} INFO - [2023-02-12 11:46:57,534] {dag.py:2937} INFO - Setting next_dagrun for tutorial to 2023-02-11T06:16:57.532329+00:00
[2023-02-12 11:46:57,620] {processor.py:171} INFO - Processing /usr/local/conda/lib/python3.7/site-packages/airflow/example_dags/tutorial.py took 0.358 seconds
[2023-02-12 11:47:30,354] {processor.py:163} INFO - Started process (PID=2119) to work on /usr/local/conda/lib/python3.7/site-packages/airflow/example_dags/tutorial.py
[2023-02-12 11:47:30,359] {processor.py:642} INFO - Processing file /usr/local/conda/lib/python3.7/site-packages/airflow/example_dags/tutorial.py for tasks to queue
[2023-02-12 11:47:30,362] {logging_mixin.py:109} INFO - [2023-02-12 11:47:30,361] {dagbag.py:500} INFO - Filling up the DagBag from /usr/local/conda/lib/python3.7/site-packages/airflow/example_dags/tutorial.py
[2023-02-12 11:47:30,396] {processor.py:652} INFO - DAG(s) dict_keys(['tutorial']) retrieved from /usr/local/conda/lib/python3.7/site-packages/airflow/example_dags/tutorial.py
[2023-02-12 11:47:30,426] {logging_mixin.py:109} INFO - [2023-02-12 11:47:30,426] {dag.py:2398} INFO - Sync 1 DAGs
[2023-02-12 11:47:30,457] {logging_mixin.py:109} INFO - [2023-02-12 11:47:30,457] {dag.py:2937} INFO - Setting next_dagrun for tutorial to 2023-02-11T06:17:30.456759+00:00
[2023-02-12 11:47:30,508] {processor.py:171} INFO - Processing /usr/local/conda/lib/python3.7/site-packages/airflow/example_dags/tutorial.py took 0.161 seconds
[2023-02-12 11:48:12,915] {processor.py:163} INFO - Started process (PID=2151) to work on /usr/local/conda/lib/python3.7/site-packages/airflow/example_dags/tutorial.py
[2023-02-12 11:48:12,921] {processor.py:642} INFO - Processing file /usr/local/conda/lib/python3.7/site-packages/airflow/example_dags/tutorial.py for tasks to queue
[2023-02-12 11:48:12,923] {logging_mixin.py:109} INFO - [2023-02-12 11:48:12,922] {dagbag.py:500} INFO - Filling up the DagBag from /usr/local/conda/lib/python3.7/site-packages/airflow/example_dags/tutorial.py
[2023-02-12 11:48:12,957] {processor.py:652} INFO - DAG(s) dict_keys(['tutorial']) retrieved from /usr/local/conda/lib/python3.7/site-packages/airflow/example_dags/tutorial.py
[2023-02-12 11:48:12,987] {logging_mixin.py:109} INFO - [2023-02-12 11:48:12,986] {dag.py:2398} INFO - Sync 1 DAGs
[2023-02-12 11:48:13,015] {logging_mixin.py:109} INFO - [2023-02-12 11:48:13,015] {dag.py:2937} INFO - Setting next_dagrun for tutorial to 2023-02-11T06:18:13.014448+00:00
[2023-02-12 11:48:13,045] {processor.py:171} INFO - Processing /usr/local/conda/lib/python3.7/site-packages/airflow/example_dags/tutorial.py took 0.136 seconds
[2023-02-12 11:48:46,866] {processor.py:163} INFO - Started process (PID=2180) to work on /usr/local/conda/lib/python3.7/site-packages/airflow/example_dags/tutorial.py
[2023-02-12 11:48:46,869] {processor.py:642} INFO - Processing file /usr/local/conda/lib/python3.7/site-packages/airflow/example_dags/tutorial.py for tasks to queue
[2023-02-12 11:48:46,870] {logging_mixin.py:109} INFO - [2023-02-12 11:48:46,870] {dagbag.py:500} INFO - Filling up the DagBag from /usr/local/conda/lib/python3.7/site-packages/airflow/example_dags/tutorial.py
[2023-02-12 11:48:46,907] {processor.py:652} INFO - DAG(s) dict_keys(['tutorial']) retrieved from /usr/local/conda/lib/python3.7/site-packages/airflow/example_dags/tutorial.py
[2023-02-12 11:48:46,941] {logging_mixin.py:109} INFO - [2023-02-12 11:48:46,941] {dag.py:2398} INFO - Sync 1 DAGs
[2023-02-12 11:48:46,971] {logging_mixin.py:109} INFO - [2023-02-12 11:48:46,971] {dag.py:2937} INFO - Setting next_dagrun for tutorial to 2023-02-11T06:18:46.971069+00:00
[2023-02-12 11:48:47,038] {processor.py:171} INFO - Processing /usr/local/conda/lib/python3.7/site-packages/airflow/example_dags/tutorial.py took 0.179 seconds
[2023-02-12 11:49:22,686] {processor.py:163} INFO - Started process (PID=2205) to work on /usr/local/conda/lib/python3.7/site-packages/airflow/example_dags/tutorial.py
[2023-02-12 11:49:22,703] {processor.py:642} INFO - Processing file /usr/local/conda/lib/python3.7/site-packages/airflow/example_dags/tutorial.py for tasks to queue
[2023-02-12 11:49:22,716] {logging_mixin.py:109} INFO - [2023-02-12 11:49:22,715] {dagbag.py:500} INFO - Filling up the DagBag from /usr/local/conda/lib/python3.7/site-packages/airflow/example_dags/tutorial.py
[2023-02-12 11:49:22,853] {processor.py:652} INFO - DAG(s) dict_keys(['tutorial']) retrieved from /usr/local/conda/lib/python3.7/site-packages/airflow/example_dags/tutorial.py
[2023-02-12 11:49:22,997] {logging_mixin.py:109} INFO - [2023-02-12 11:49:22,997] {dag.py:2398} INFO - Sync 1 DAGs
[2023-02-12 11:49:23,123] {logging_mixin.py:109} INFO - [2023-02-12 11:49:23,123] {dag.py:2937} INFO - Setting next_dagrun for tutorial to 2023-02-11T06:19:23.122915+00:00
[2023-02-12 11:49:23,203] {processor.py:171} INFO - Processing /usr/local/conda/lib/python3.7/site-packages/airflow/example_dags/tutorial.py took 0.529 seconds
[2023-02-12 11:49:55,071] {processor.py:163} INFO - Started process (PID=2231) to work on /usr/local/conda/lib/python3.7/site-packages/airflow/example_dags/tutorial.py
[2023-02-12 11:49:55,075] {processor.py:642} INFO - Processing file /usr/local/conda/lib/python3.7/site-packages/airflow/example_dags/tutorial.py for tasks to queue
[2023-02-12 11:49:55,078] {logging_mixin.py:109} INFO - [2023-02-12 11:49:55,078] {dagbag.py:500} INFO - Filling up the DagBag from /usr/local/conda/lib/python3.7/site-packages/airflow/example_dags/tutorial.py
[2023-02-12 11:49:55,112] {processor.py:652} INFO - DAG(s) dict_keys(['tutorial']) retrieved from /usr/local/conda/lib/python3.7/site-packages/airflow/example_dags/tutorial.py
[2023-02-12 11:49:55,143] {logging_mixin.py:109} INFO - [2023-02-12 11:49:55,143] {dag.py:2398} INFO - Sync 1 DAGs
[2023-02-12 11:49:55,172] {logging_mixin.py:109} INFO - [2023-02-12 11:49:55,172] {dag.py:2937} INFO - Setting next_dagrun for tutorial to 2023-02-11T06:19:55.171670+00:00
[2023-02-12 11:49:55,207] {processor.py:171} INFO - Processing /usr/local/conda/lib/python3.7/site-packages/airflow/example_dags/tutorial.py took 0.142 seconds
[2023-02-12 11:50:30,173] {processor.py:163} INFO - Started process (PID=2264) to work on /usr/local/conda/lib/python3.7/site-packages/airflow/example_dags/tutorial.py
[2023-02-12 11:50:30,178] {processor.py:642} INFO - Processing file /usr/local/conda/lib/python3.7/site-packages/airflow/example_dags/tutorial.py for tasks to queue
[2023-02-12 11:50:30,181] {logging_mixin.py:109} INFO - [2023-02-12 11:50:30,180] {dagbag.py:500} INFO - Filling up the DagBag from /usr/local/conda/lib/python3.7/site-packages/airflow/example_dags/tutorial.py
[2023-02-12 11:50:30,217] {processor.py:652} INFO - DAG(s) dict_keys(['tutorial']) retrieved from /usr/local/conda/lib/python3.7/site-packages/airflow/example_dags/tutorial.py
[2023-02-12 11:50:30,248] {logging_mixin.py:109} INFO - [2023-02-12 11:50:30,247] {dag.py:2398} INFO - Sync 1 DAGs
[2023-02-12 11:50:30,281] {logging_mixin.py:109} INFO - [2023-02-12 11:50:30,281] {dag.py:2937} INFO - Setting next_dagrun for tutorial to 2023-02-11T06:20:30.280867+00:00
[2023-02-12 11:50:30,315] {processor.py:171} INFO - Processing /usr/local/conda/lib/python3.7/site-packages/airflow/example_dags/tutorial.py took 0.149 seconds
[2023-02-12 11:51:06,571] {processor.py:163} INFO - Started process (PID=2291) to work on /usr/local/conda/lib/python3.7/site-packages/airflow/example_dags/tutorial.py
[2023-02-12 11:51:06,575] {processor.py:642} INFO - Processing file /usr/local/conda/lib/python3.7/site-packages/airflow/example_dags/tutorial.py for tasks to queue
[2023-02-12 11:51:06,578] {logging_mixin.py:109} INFO - [2023-02-12 11:51:06,578] {dagbag.py:500} INFO - Filling up the DagBag from /usr/local/conda/lib/python3.7/site-packages/airflow/example_dags/tutorial.py
[2023-02-12 11:51:06,610] {processor.py:652} INFO - DAG(s) dict_keys(['tutorial']) retrieved from /usr/local/conda/lib/python3.7/site-packages/airflow/example_dags/tutorial.py
[2023-02-12 11:51:06,642] {logging_mixin.py:109} INFO - [2023-02-12 11:51:06,642] {dag.py:2398} INFO - Sync 1 DAGs
[2023-02-12 11:51:06,670] {logging_mixin.py:109} INFO - [2023-02-12 11:51:06,669] {dag.py:2937} INFO - Setting next_dagrun for tutorial to 2023-02-11T06:21:06.669235+00:00
[2023-02-12 11:51:06,704] {processor.py:171} INFO - Processing /usr/local/conda/lib/python3.7/site-packages/airflow/example_dags/tutorial.py took 0.139 seconds
[2023-02-12 11:51:40,301] {processor.py:163} INFO - Started process (PID=2320) to work on /usr/local/conda/lib/python3.7/site-packages/airflow/example_dags/tutorial.py
[2023-02-12 11:51:40,305] {processor.py:642} INFO - Processing file /usr/local/conda/lib/python3.7/site-packages/airflow/example_dags/tutorial.py for tasks to queue
[2023-02-12 11:51:40,307] {logging_mixin.py:109} INFO - [2023-02-12 11:51:40,307] {dagbag.py:500} INFO - Filling up the DagBag from /usr/local/conda/lib/python3.7/site-packages/airflow/example_dags/tutorial.py
[2023-02-12 11:51:40,342] {processor.py:652} INFO - DAG(s) dict_keys(['tutorial']) retrieved from /usr/local/conda/lib/python3.7/site-packages/airflow/example_dags/tutorial.py
[2023-02-12 11:51:40,370] {logging_mixin.py:109} INFO - [2023-02-12 11:51:40,370] {dag.py:2398} INFO - Sync 1 DAGs
[2023-02-12 11:51:40,397] {logging_mixin.py:109} INFO - [2023-02-12 11:51:40,397] {dag.py:2937} INFO - Setting next_dagrun for tutorial to 2023-02-11T06:21:40.396664+00:00
[2023-02-12 11:51:40,427] {processor.py:171} INFO - Processing /usr/local/conda/lib/python3.7/site-packages/airflow/example_dags/tutorial.py took 0.133 seconds
[2023-02-12 11:52:15,518] {processor.py:163} INFO - Started process (PID=2350) to work on /usr/local/conda/lib/python3.7/site-packages/airflow/example_dags/tutorial.py
[2023-02-12 11:52:15,524] {processor.py:642} INFO - Processing file /usr/local/conda/lib/python3.7/site-packages/airflow/example_dags/tutorial.py for tasks to queue
[2023-02-12 11:52:15,527] {logging_mixin.py:109} INFO - [2023-02-12 11:52:15,527] {dagbag.py:500} INFO - Filling up the DagBag from /usr/local/conda/lib/python3.7/site-packages/airflow/example_dags/tutorial.py
[2023-02-12 11:52:15,566] {processor.py:652} INFO - DAG(s) dict_keys(['tutorial']) retrieved from /usr/local/conda/lib/python3.7/site-packages/airflow/example_dags/tutorial.py
[2023-02-12 11:52:15,601] {logging_mixin.py:109} INFO - [2023-02-12 11:52:15,601] {dag.py:2398} INFO - Sync 1 DAGs
[2023-02-12 11:52:15,634] {logging_mixin.py:109} INFO - [2023-02-12 11:52:15,634] {dag.py:2937} INFO - Setting next_dagrun for tutorial to 2023-02-11T06:22:15.633767+00:00
[2023-02-12 11:52:15,665] {processor.py:171} INFO - Processing /usr/local/conda/lib/python3.7/site-packages/airflow/example_dags/tutorial.py took 0.153 seconds
[2023-02-12 11:52:52,646] {processor.py:163} INFO - Started process (PID=2383) to work on /usr/local/conda/lib/python3.7/site-packages/airflow/example_dags/tutorial.py
[2023-02-12 11:52:52,648] {processor.py:642} INFO - Processing file /usr/local/conda/lib/python3.7/site-packages/airflow/example_dags/tutorial.py for tasks to queue
[2023-02-12 11:52:52,649] {logging_mixin.py:109} INFO - [2023-02-12 11:52:52,649] {dagbag.py:500} INFO - Filling up the DagBag from /usr/local/conda/lib/python3.7/site-packages/airflow/example_dags/tutorial.py
[2023-02-12 11:52:52,669] {processor.py:652} INFO - DAG(s) dict_keys(['tutorial']) retrieved from /usr/local/conda/lib/python3.7/site-packages/airflow/example_dags/tutorial.py
[2023-02-12 11:52:52,688] {logging_mixin.py:109} INFO - [2023-02-12 11:52:52,687] {dag.py:2398} INFO - Sync 1 DAGs
[2023-02-12 11:52:52,707] {logging_mixin.py:109} INFO - [2023-02-12 11:52:52,707] {dag.py:2937} INFO - Setting next_dagrun for tutorial to 2023-02-11T06:22:52.706915+00:00
[2023-02-12 11:52:52,728] {processor.py:171} INFO - Processing /usr/local/conda/lib/python3.7/site-packages/airflow/example_dags/tutorial.py took 0.087 seconds
[2023-02-12 11:53:28,032] {processor.py:163} INFO - Started process (PID=2415) to work on /usr/local/conda/lib/python3.7/site-packages/airflow/example_dags/tutorial.py
[2023-02-12 11:53:28,034] {processor.py:642} INFO - Processing file /usr/local/conda/lib/python3.7/site-packages/airflow/example_dags/tutorial.py for tasks to queue
[2023-02-12 11:53:28,037] {logging_mixin.py:109} INFO - [2023-02-12 11:53:28,036] {dagbag.py:500} INFO - Filling up the DagBag from /usr/local/conda/lib/python3.7/site-packages/airflow/example_dags/tutorial.py
[2023-02-12 11:53:28,074] {processor.py:652} INFO - DAG(s) dict_keys(['tutorial']) retrieved from /usr/local/conda/lib/python3.7/site-packages/airflow/example_dags/tutorial.py
[2023-02-12 11:53:28,103] {logging_mixin.py:109} INFO - [2023-02-12 11:53:28,103] {dag.py:2398} INFO - Sync 1 DAGs
[2023-02-12 11:53:28,131] {logging_mixin.py:109} INFO - [2023-02-12 11:53:28,131] {dag.py:2937} INFO - Setting next_dagrun for tutorial to 2023-02-11T06:23:28.130788+00:00
[2023-02-12 11:53:28,174] {processor.py:171} INFO - Processing /usr/local/conda/lib/python3.7/site-packages/airflow/example_dags/tutorial.py took 0.148 seconds
[2023-02-12 11:54:03,196] {processor.py:163} INFO - Started process (PID=2444) to work on /usr/local/conda/lib/python3.7/site-packages/airflow/example_dags/tutorial.py
[2023-02-12 11:54:03,199] {processor.py:642} INFO - Processing file /usr/local/conda/lib/python3.7/site-packages/airflow/example_dags/tutorial.py for tasks to queue
[2023-02-12 11:54:03,201] {logging_mixin.py:109} INFO - [2023-02-12 11:54:03,200] {dagbag.py:500} INFO - Filling up the DagBag from /usr/local/conda/lib/python3.7/site-packages/airflow/example_dags/tutorial.py
[2023-02-12 11:54:03,222] {processor.py:652} INFO - DAG(s) dict_keys(['tutorial']) retrieved from /usr/local/conda/lib/python3.7/site-packages/airflow/example_dags/tutorial.py
[2023-02-12 11:54:03,244] {logging_mixin.py:109} INFO - [2023-02-12 11:54:03,244] {dag.py:2398} INFO - Sync 1 DAGs
[2023-02-12 11:54:03,262] {logging_mixin.py:109} INFO - [2023-02-12 11:54:03,262] {dag.py:2937} INFO - Setting next_dagrun for tutorial to 2023-02-11T06:24:03.262443+00:00
[2023-02-12 11:54:03,286] {processor.py:171} INFO - Processing /usr/local/conda/lib/python3.7/site-packages/airflow/example_dags/tutorial.py took 0.093 seconds
[2023-02-12 11:54:39,133] {processor.py:163} INFO - Started process (PID=2477) to work on /usr/local/conda/lib/python3.7/site-packages/airflow/example_dags/tutorial.py
[2023-02-12 11:54:39,136] {processor.py:642} INFO - Processing file /usr/local/conda/lib/python3.7/site-packages/airflow/example_dags/tutorial.py for tasks to queue
[2023-02-12 11:54:39,137] {logging_mixin.py:109} INFO - [2023-02-12 11:54:39,137] {dagbag.py:500} INFO - Filling up the DagBag from /usr/local/conda/lib/python3.7/site-packages/airflow/example_dags/tutorial.py
[2023-02-12 11:54:39,159] {processor.py:652} INFO - DAG(s) dict_keys(['tutorial']) retrieved from /usr/local/conda/lib/python3.7/site-packages/airflow/example_dags/tutorial.py
[2023-02-12 11:54:39,180] {logging_mixin.py:109} INFO - [2023-02-12 11:54:39,180] {dag.py:2398} INFO - Sync 1 DAGs
[2023-02-12 11:54:39,202] {logging_mixin.py:109} INFO - [2023-02-12 11:54:39,202] {dag.py:2937} INFO - Setting next_dagrun for tutorial to 2023-02-11T06:24:39.201874+00:00
[2023-02-12 11:54:39,227] {processor.py:171} INFO - Processing /usr/local/conda/lib/python3.7/site-packages/airflow/example_dags/tutorial.py took 0.098 seconds
[2023-02-12 11:55:10,878] {processor.py:163} INFO - Started process (PID=2503) to work on /usr/local/conda/lib/python3.7/site-packages/airflow/example_dags/tutorial.py
[2023-02-12 11:55:10,882] {processor.py:642} INFO - Processing file /usr/local/conda/lib/python3.7/site-packages/airflow/example_dags/tutorial.py for tasks to queue
[2023-02-12 11:55:10,884] {logging_mixin.py:109} INFO - [2023-02-12 11:55:10,884] {dagbag.py:500} INFO - Filling up the DagBag from /usr/local/conda/lib/python3.7/site-packages/airflow/example_dags/tutorial.py
[2023-02-12 11:55:10,909] {processor.py:652} INFO - DAG(s) dict_keys(['tutorial']) retrieved from /usr/local/conda/lib/python3.7/site-packages/airflow/example_dags/tutorial.py
[2023-02-12 11:55:10,931] {logging_mixin.py:109} INFO - [2023-02-12 11:55:10,931] {dag.py:2398} INFO - Sync 1 DAGs
[2023-02-12 11:55:10,953] {logging_mixin.py:109} INFO - [2023-02-12 11:55:10,952] {dag.py:2937} INFO - Setting next_dagrun for tutorial to 2023-02-11T06:25:10.952524+00:00
[2023-02-12 11:55:10,980] {processor.py:171} INFO - Processing /usr/local/conda/lib/python3.7/site-packages/airflow/example_dags/tutorial.py took 0.106 seconds
[2023-02-12 11:55:46,277] {processor.py:163} INFO - Started process (PID=2535) to work on /usr/local/conda/lib/python3.7/site-packages/airflow/example_dags/tutorial.py
[2023-02-12 11:55:46,281] {processor.py:642} INFO - Processing file /usr/local/conda/lib/python3.7/site-packages/airflow/example_dags/tutorial.py for tasks to queue
[2023-02-12 11:55:46,284] {logging_mixin.py:109} INFO - [2023-02-12 11:55:46,284] {dagbag.py:500} INFO - Filling up the DagBag from /usr/local/conda/lib/python3.7/site-packages/airflow/example_dags/tutorial.py
[2023-02-12 11:55:46,317] {processor.py:652} INFO - DAG(s) dict_keys(['tutorial']) retrieved from /usr/local/conda/lib/python3.7/site-packages/airflow/example_dags/tutorial.py
[2023-02-12 11:55:46,349] {logging_mixin.py:109} INFO - [2023-02-12 11:55:46,348] {dag.py:2398} INFO - Sync 1 DAGs
[2023-02-12 11:55:46,382] {logging_mixin.py:109} INFO - [2023-02-12 11:55:46,382] {dag.py:2937} INFO - Setting next_dagrun for tutorial to 2023-02-11T06:25:46.381256+00:00
[2023-02-12 11:55:46,417] {processor.py:171} INFO - Processing /usr/local/conda/lib/python3.7/site-packages/airflow/example_dags/tutorial.py took 0.146 seconds
[2023-02-12 11:56:18,123] {processor.py:163} INFO - Started process (PID=2558) to work on /usr/local/conda/lib/python3.7/site-packages/airflow/example_dags/tutorial.py
[2023-02-12 11:56:18,127] {processor.py:642} INFO - Processing file /usr/local/conda/lib/python3.7/site-packages/airflow/example_dags/tutorial.py for tasks to queue
[2023-02-12 11:56:18,130] {logging_mixin.py:109} INFO - [2023-02-12 11:56:18,129] {dagbag.py:500} INFO - Filling up the DagBag from /usr/local/conda/lib/python3.7/site-packages/airflow/example_dags/tutorial.py
[2023-02-12 11:56:18,155] {processor.py:652} INFO - DAG(s) dict_keys(['tutorial']) retrieved from /usr/local/conda/lib/python3.7/site-packages/airflow/example_dags/tutorial.py
[2023-02-12 11:56:18,175] {logging_mixin.py:109} INFO - [2023-02-12 11:56:18,175] {dag.py:2398} INFO - Sync 1 DAGs
[2023-02-12 11:56:18,197] {logging_mixin.py:109} INFO - [2023-02-12 11:56:18,197] {dag.py:2937} INFO - Setting next_dagrun for tutorial to 2023-02-11T06:26:18.196963+00:00
[2023-02-12 11:56:18,222] {processor.py:171} INFO - Processing /usr/local/conda/lib/python3.7/site-packages/airflow/example_dags/tutorial.py took 0.104 seconds
[2023-02-12 11:56:57,083] {processor.py:163} INFO - Started process (PID=2591) to work on /usr/local/conda/lib/python3.7/site-packages/airflow/example_dags/tutorial.py
[2023-02-12 11:56:57,086] {processor.py:642} INFO - Processing file /usr/local/conda/lib/python3.7/site-packages/airflow/example_dags/tutorial.py for tasks to queue
[2023-02-12 11:56:57,088] {logging_mixin.py:109} INFO - [2023-02-12 11:56:57,088] {dagbag.py:500} INFO - Filling up the DagBag from /usr/local/conda/lib/python3.7/site-packages/airflow/example_dags/tutorial.py
[2023-02-12 11:56:57,108] {processor.py:652} INFO - DAG(s) dict_keys(['tutorial']) retrieved from /usr/local/conda/lib/python3.7/site-packages/airflow/example_dags/tutorial.py
[2023-02-12 11:56:57,128] {logging_mixin.py:109} INFO - [2023-02-12 11:56:57,128] {dag.py:2398} INFO - Sync 1 DAGs
[2023-02-12 11:56:57,147] {logging_mixin.py:109} INFO - [2023-02-12 11:56:57,147] {dag.py:2937} INFO - Setting next_dagrun for tutorial to 2023-02-11T06:26:57.147122+00:00
[2023-02-12 11:56:57,172] {processor.py:171} INFO - Processing /usr/local/conda/lib/python3.7/site-packages/airflow/example_dags/tutorial.py took 0.094 seconds
[2023-02-12 11:57:35,644] {processor.py:163} INFO - Started process (PID=2624) to work on /usr/local/conda/lib/python3.7/site-packages/airflow/example_dags/tutorial.py
[2023-02-12 11:57:35,646] {processor.py:642} INFO - Processing file /usr/local/conda/lib/python3.7/site-packages/airflow/example_dags/tutorial.py for tasks to queue
[2023-02-12 11:57:35,647] {logging_mixin.py:109} INFO - [2023-02-12 11:57:35,647] {dagbag.py:500} INFO - Filling up the DagBag from /usr/local/conda/lib/python3.7/site-packages/airflow/example_dags/tutorial.py
[2023-02-12 11:57:35,667] {processor.py:652} INFO - DAG(s) dict_keys(['tutorial']) retrieved from /usr/local/conda/lib/python3.7/site-packages/airflow/example_dags/tutorial.py
[2023-02-12 11:57:35,685] {logging_mixin.py:109} INFO - [2023-02-12 11:57:35,685] {dag.py:2398} INFO - Sync 1 DAGs
[2023-02-12 11:57:35,703] {logging_mixin.py:109} INFO - [2023-02-12 11:57:35,703] {dag.py:2937} INFO - Setting next_dagrun for tutorial to 2023-02-11T06:27:35.703076+00:00
[2023-02-12 11:57:35,723] {processor.py:171} INFO - Processing /usr/local/conda/lib/python3.7/site-packages/airflow/example_dags/tutorial.py took 0.084 seconds
[2023-02-12 11:58:10,954] {processor.py:163} INFO - Started process (PID=2649) to work on /usr/local/conda/lib/python3.7/site-packages/airflow/example_dags/tutorial.py
[2023-02-12 11:58:10,967] {processor.py:642} INFO - Processing file /usr/local/conda/lib/python3.7/site-packages/airflow/example_dags/tutorial.py for tasks to queue
[2023-02-12 11:58:10,969] {logging_mixin.py:109} INFO - [2023-02-12 11:58:10,969] {dagbag.py:500} INFO - Filling up the DagBag from /usr/local/conda/lib/python3.7/site-packages/airflow/example_dags/tutorial.py
[2023-02-12 11:58:11,035] {processor.py:652} INFO - DAG(s) dict_keys(['tutorial']) retrieved from /usr/local/conda/lib/python3.7/site-packages/airflow/example_dags/tutorial.py
[2023-02-12 11:58:11,115] {logging_mixin.py:109} INFO - [2023-02-12 11:58:11,115] {dag.py:2398} INFO - Sync 1 DAGs
[2023-02-12 11:58:11,172] {logging_mixin.py:109} INFO - [2023-02-12 11:58:11,171] {dag.py:2937} INFO - Setting next_dagrun for tutorial to 2023-02-11T06:28:11.170255+00:00
[2023-02-12 11:58:11,287] {processor.py:171} INFO - Processing /usr/local/conda/lib/python3.7/site-packages/airflow/example_dags/tutorial.py took 0.353 seconds
[2023-02-12 11:58:46,493] {processor.py:163} INFO - Started process (PID=2673) to work on /usr/local/conda/lib/python3.7/site-packages/airflow/example_dags/tutorial.py
[2023-02-12 11:58:46,501] {processor.py:642} INFO - Processing file /usr/local/conda/lib/python3.7/site-packages/airflow/example_dags/tutorial.py for tasks to queue
[2023-02-12 11:58:46,505] {logging_mixin.py:109} INFO - [2023-02-12 11:58:46,504] {dagbag.py:500} INFO - Filling up the DagBag from /usr/local/conda/lib/python3.7/site-packages/airflow/example_dags/tutorial.py
[2023-02-12 11:58:46,580] {processor.py:652} INFO - DAG(s) dict_keys(['tutorial']) retrieved from /usr/local/conda/lib/python3.7/site-packages/airflow/example_dags/tutorial.py
[2023-02-12 11:58:46,636] {logging_mixin.py:109} INFO - [2023-02-12 11:58:46,636] {dag.py:2398} INFO - Sync 1 DAGs
[2023-02-12 11:58:46,675] {logging_mixin.py:109} INFO - [2023-02-12 11:58:46,674] {dag.py:2937} INFO - Setting next_dagrun for tutorial to 2023-02-11T06:28:46.673887+00:00
[2023-02-12 11:58:46,735] {processor.py:171} INFO - Processing /usr/local/conda/lib/python3.7/site-packages/airflow/example_dags/tutorial.py took 0.264 seconds
