[2023-03-06T09:32:21.506+0000] {taskinstance.py:1083} INFO - Dependencies all met for <TaskInstance: example_bash_operator.this_will_skip manual__2023-03-06T09:32:14.441252+00:00 [queued]>
[2023-03-06T09:32:21.648+0000] {taskinstance.py:1083} INFO - Dependencies all met for <TaskInstance: example_bash_operator.this_will_skip manual__2023-03-06T09:32:14.441252+00:00 [queued]>
[2023-03-06T09:32:21.650+0000] {taskinstance.py:1279} INFO - 
--------------------------------------------------------------------------------
[2023-03-06T09:32:21.650+0000] {taskinstance.py:1280} INFO - Starting attempt 1 of 1
[2023-03-06T09:32:21.654+0000] {taskinstance.py:1281} INFO - 
--------------------------------------------------------------------------------
[2023-03-06T09:32:21.819+0000] {taskinstance.py:1300} INFO - Executing <Task(BashOperator): this_will_skip> on 2023-03-06 09:32:14.441252+00:00
[2023-03-06T09:32:21.856+0000] {standard_task_runner.py:55} INFO - Started process 423 to run task
[2023-03-06T09:32:21.890+0000] {standard_task_runner.py:82} INFO - Running: ['***', 'tasks', 'run', 'example_bash_operator', 'this_will_skip', 'manual__2023-03-06T09:32:14.441252+00:00', '--job-id', '21', '--raw', '--subdir', '/home/***/.local/lib/python3.7/site-packages/***/example_dags/example_bash_operator.py', '--cfg-path', '/tmp/tmpiaksif7e']
[2023-03-06T09:32:21.891+0000] {standard_task_runner.py:83} INFO - Job 21: Subtask this_will_skip
[2023-03-06T09:32:22.519+0000] {task_command.py:388} INFO - Running <TaskInstance: example_bash_operator.this_will_skip manual__2023-03-06T09:32:14.441252+00:00 [running]> on host f0ea77cb0538
[2023-03-06T09:32:23.216+0000] {taskinstance.py:1509} INFO - Exporting the following env vars:
AIRFLOW_CTX_DAG_OWNER=***
AIRFLOW_CTX_DAG_ID=example_bash_operator
AIRFLOW_CTX_TASK_ID=this_will_skip
AIRFLOW_CTX_EXECUTION_DATE=2023-03-06T09:32:14.441252+00:00
AIRFLOW_CTX_TRY_NUMBER=1
AIRFLOW_CTX_DAG_RUN_ID=manual__2023-03-06T09:32:14.441252+00:00
[2023-03-06T09:32:23.227+0000] {subprocess.py:63} INFO - Tmp dir root location: 
 /tmp
[2023-03-06T09:32:23.230+0000] {subprocess.py:75} INFO - Running command: ['/bin/bash', '-c', 'echo "hello world"; exit 99;']
[2023-03-06T09:32:23.269+0000] {subprocess.py:86} INFO - Output:
[2023-03-06T09:32:23.277+0000] {subprocess.py:93} INFO - hello world
[2023-03-06T09:32:23.280+0000] {subprocess.py:97} INFO - Command exited with return code 99
[2023-03-06T09:32:23.283+0000] {taskinstance.py:1398} INFO - Bash command returned exit code 99. Skipping.
[2023-03-06T09:32:23.318+0000] {taskinstance.py:1323} INFO - Marking task as SKIPPED. dag_id=example_bash_operator, task_id=this_will_skip, execution_date=20230306T093214, start_date=20230306T093221, end_date=20230306T093223
[2023-03-06T09:32:23.413+0000] {local_task_job.py:208} INFO - Task exited with return code 0
[2023-03-06T09:32:23.581+0000] {taskinstance.py:2578} INFO - 0 downstream tasks scheduled from follow-on schedule check
