[2023-03-06 13:32:20,846] {taskinstance.py:896} INFO - Dependencies all met for <TaskInstance: booking_ingestion.load_data 2023-03-05T13:32:10.838702+00:00 [queued]>
[2023-03-06 13:32:20,866] {taskinstance.py:896} INFO - Dependencies all met for <TaskInstance: booking_ingestion.load_data 2023-03-05T13:32:10.838702+00:00 [queued]>
[2023-03-06 13:32:20,867] {taskinstance.py:1087} INFO - 
--------------------------------------------------------------------------------
[2023-03-06 13:32:20,867] {taskinstance.py:1088} INFO - Starting attempt 1 of 1
[2023-03-06 13:32:20,868] {taskinstance.py:1089} INFO - 
--------------------------------------------------------------------------------
[2023-03-06 13:32:20,916] {taskinstance.py:1107} INFO - Executing <Task(PythonOperator): load_data> on 2023-03-05T13:32:10.838702+00:00
[2023-03-06 13:32:20,928] {standard_task_runner.py:52} INFO - Started process 112 to run task
[2023-03-06 13:32:20,957] {standard_task_runner.py:76} INFO - Running: ['airflow', 'tasks', 'run', 'booking_ingestion', 'load_data', '2023-03-05T13:32:10.838702+00:00', '--job-id', '8', '--pool', 'default_pool', '--raw', '--subdir', 'DAGS_FOLDER/data_ingestion_dag/main.py', '--cfg-path', '/tmp/tmp5ct1kfj1', '--error-file', '/tmp/tmp2qdosulo']
[2023-03-06 13:32:20,960] {standard_task_runner.py:77} INFO - Job 8: Subtask load_data
[2023-03-06 13:32:21,051] {logging_mixin.py:104} INFO - Running <TaskInstance: booking_ingestion.load_data 2023-03-05T13:32:10.838702+00:00 [running]> on host e51f9e9f2cb0
[2023-03-06 13:32:21,145] {taskinstance.py:1300} INFO - Exporting the following env vars:
AIRFLOW_CTX_DAG_OWNER=airflow
AIRFLOW_CTX_DAG_ID=booking_ingestion
AIRFLOW_CTX_TASK_ID=load_data
AIRFLOW_CTX_EXECUTION_DATE=2023-03-05T13:32:10.838702+00:00
AIRFLOW_CTX_DAG_RUN_ID=scheduled__2023-03-05T13:32:10.838702+00:00
[2023-03-06 13:32:21,202] {python.py:151} INFO - Done. Returned value was: None
[2023-03-06 13:32:21,217] {taskinstance.py:1204} INFO - Marking task as SUCCESS. dag_id=booking_ingestion, task_id=load_data, execution_date=20230305T133210, start_date=20230306T133220, end_date=20230306T133221
[2023-03-06 13:32:21,292] {taskinstance.py:1265} INFO - 0 downstream tasks scheduled from follow-on schedule check
[2023-03-06 13:32:21,320] {local_task_job.py:151} INFO - Task exited with return code 0
