[2023-03-06T09:25:56.709+0000] {processor.py:153} INFO - Started process (PID=50) to work on /home/airflow/.local/lib/python3.7/site-packages/airflow/example_dags/example_skip_dag.py
[2023-03-06T09:25:56.713+0000] {processor.py:743} INFO - Processing file /home/airflow/.local/lib/python3.7/site-packages/airflow/example_dags/example_skip_dag.py for tasks to queue
[2023-03-06T09:25:56.717+0000] {logging_mixin.py:137} INFO - [2023-03-06T09:25:56.716+0000] {dagbag.py:538} INFO - Filling up the DagBag from /home/airflow/.local/lib/python3.7/site-packages/airflow/example_dags/example_skip_dag.py
[2023-03-06T09:25:56.755+0000] {processor.py:753} INFO - DAG(s) dict_keys(['example_skip_dag']) retrieved from /home/airflow/.local/lib/python3.7/site-packages/airflow/example_dags/example_skip_dag.py
[2023-03-06T09:25:56.825+0000] {logging_mixin.py:137} INFO - [2023-03-06T09:25:56.825+0000] {dag.py:2690} INFO - Sync 1 DAGs
[2023-03-06T09:25:56.931+0000] {logging_mixin.py:137} INFO - [2023-03-06T09:25:56.931+0000] {dag.py:3441} INFO - Setting next_dagrun for example_skip_dag to 2023-03-05T09:25:56.930298+00:00, run_after=2023-03-06T09:25:56.930298+00:00
[2023-03-06T09:25:57.044+0000] {processor.py:175} INFO - Processing /home/airflow/.local/lib/python3.7/site-packages/airflow/example_dags/example_skip_dag.py took 0.343 seconds
[2023-03-06T09:26:27.719+0000] {processor.py:153} INFO - Started process (PID=113) to work on /home/airflow/.local/lib/python3.7/site-packages/airflow/example_dags/example_skip_dag.py
[2023-03-06T09:26:27.723+0000] {processor.py:743} INFO - Processing file /home/airflow/.local/lib/python3.7/site-packages/airflow/example_dags/example_skip_dag.py for tasks to queue
[2023-03-06T09:26:27.727+0000] {logging_mixin.py:137} INFO - [2023-03-06T09:26:27.726+0000] {dagbag.py:538} INFO - Filling up the DagBag from /home/airflow/.local/lib/python3.7/site-packages/airflow/example_dags/example_skip_dag.py
[2023-03-06T09:26:27.764+0000] {processor.py:753} INFO - DAG(s) dict_keys(['example_skip_dag']) retrieved from /home/airflow/.local/lib/python3.7/site-packages/airflow/example_dags/example_skip_dag.py
[2023-03-06T09:26:27.824+0000] {logging_mixin.py:137} INFO - [2023-03-06T09:26:27.823+0000] {dag.py:2690} INFO - Sync 1 DAGs
[2023-03-06T09:26:27.936+0000] {logging_mixin.py:137} INFO - [2023-03-06T09:26:27.936+0000] {dag.py:3441} INFO - Setting next_dagrun for example_skip_dag to 2023-03-05T09:26:27.935172+00:00, run_after=2023-03-06T09:26:27.935172+00:00
[2023-03-06T09:26:28.013+0000] {processor.py:175} INFO - Processing /home/airflow/.local/lib/python3.7/site-packages/airflow/example_dags/example_skip_dag.py took 0.304 seconds
[2023-03-06T09:26:58.333+0000] {processor.py:153} INFO - Started process (PID=175) to work on /home/airflow/.local/lib/python3.7/site-packages/airflow/example_dags/example_skip_dag.py
[2023-03-06T09:26:58.335+0000] {processor.py:743} INFO - Processing file /home/airflow/.local/lib/python3.7/site-packages/airflow/example_dags/example_skip_dag.py for tasks to queue
[2023-03-06T09:26:58.338+0000] {logging_mixin.py:137} INFO - [2023-03-06T09:26:58.337+0000] {dagbag.py:538} INFO - Filling up the DagBag from /home/airflow/.local/lib/python3.7/site-packages/airflow/example_dags/example_skip_dag.py
[2023-03-06T09:26:58.376+0000] {processor.py:753} INFO - DAG(s) dict_keys(['example_skip_dag']) retrieved from /home/airflow/.local/lib/python3.7/site-packages/airflow/example_dags/example_skip_dag.py
[2023-03-06T09:26:58.447+0000] {logging_mixin.py:137} INFO - [2023-03-06T09:26:58.447+0000] {dag.py:2690} INFO - Sync 1 DAGs
[2023-03-06T09:26:58.517+0000] {logging_mixin.py:137} INFO - [2023-03-06T09:26:58.517+0000] {dag.py:3441} INFO - Setting next_dagrun for example_skip_dag to 2023-03-05T09:26:58.516187+00:00, run_after=2023-03-06T09:26:58.516187+00:00
[2023-03-06T09:26:58.616+0000] {processor.py:175} INFO - Processing /home/airflow/.local/lib/python3.7/site-packages/airflow/example_dags/example_skip_dag.py took 0.293 seconds
[2023-03-06T09:27:29.731+0000] {processor.py:153} INFO - Started process (PID=238) to work on /home/airflow/.local/lib/python3.7/site-packages/airflow/example_dags/example_skip_dag.py
[2023-03-06T09:27:29.738+0000] {processor.py:743} INFO - Processing file /home/airflow/.local/lib/python3.7/site-packages/airflow/example_dags/example_skip_dag.py for tasks to queue
[2023-03-06T09:27:29.746+0000] {logging_mixin.py:137} INFO - [2023-03-06T09:27:29.744+0000] {dagbag.py:538} INFO - Filling up the DagBag from /home/airflow/.local/lib/python3.7/site-packages/airflow/example_dags/example_skip_dag.py
[2023-03-06T09:27:29.826+0000] {processor.py:753} INFO - DAG(s) dict_keys(['example_skip_dag']) retrieved from /home/airflow/.local/lib/python3.7/site-packages/airflow/example_dags/example_skip_dag.py
[2023-03-06T09:27:29.976+0000] {logging_mixin.py:137} INFO - [2023-03-06T09:27:29.975+0000] {dag.py:2690} INFO - Sync 1 DAGs
[2023-03-06T09:27:30.111+0000] {logging_mixin.py:137} INFO - [2023-03-06T09:27:30.110+0000] {dag.py:3441} INFO - Setting next_dagrun for example_skip_dag to 2023-03-05T09:27:30.109492+00:00, run_after=2023-03-06T09:27:30.109492+00:00
[2023-03-06T09:27:30.348+0000] {processor.py:175} INFO - Processing /home/airflow/.local/lib/python3.7/site-packages/airflow/example_dags/example_skip_dag.py took 0.638 seconds
[2023-03-06T09:28:01.102+0000] {processor.py:153} INFO - Started process (PID=301) to work on /home/airflow/.local/lib/python3.7/site-packages/airflow/example_dags/example_skip_dag.py
[2023-03-06T09:28:01.104+0000] {processor.py:743} INFO - Processing file /home/airflow/.local/lib/python3.7/site-packages/airflow/example_dags/example_skip_dag.py for tasks to queue
[2023-03-06T09:28:01.107+0000] {logging_mixin.py:137} INFO - [2023-03-06T09:28:01.106+0000] {dagbag.py:538} INFO - Filling up the DagBag from /home/airflow/.local/lib/python3.7/site-packages/airflow/example_dags/example_skip_dag.py
[2023-03-06T09:28:01.148+0000] {processor.py:753} INFO - DAG(s) dict_keys(['example_skip_dag']) retrieved from /home/airflow/.local/lib/python3.7/site-packages/airflow/example_dags/example_skip_dag.py
[2023-03-06T09:28:01.206+0000] {logging_mixin.py:137} INFO - [2023-03-06T09:28:01.206+0000] {dag.py:2690} INFO - Sync 1 DAGs
[2023-03-06T09:28:01.267+0000] {logging_mixin.py:137} INFO - [2023-03-06T09:28:01.266+0000] {dag.py:3441} INFO - Setting next_dagrun for example_skip_dag to 2023-03-05T09:28:01.266183+00:00, run_after=2023-03-06T09:28:01.266183+00:00
[2023-03-06T09:28:01.480+0000] {processor.py:175} INFO - Processing /home/airflow/.local/lib/python3.7/site-packages/airflow/example_dags/example_skip_dag.py took 0.389 seconds
[2023-03-06T09:28:31.977+0000] {processor.py:153} INFO - Started process (PID=364) to work on /home/airflow/.local/lib/python3.7/site-packages/airflow/example_dags/example_skip_dag.py
[2023-03-06T09:28:31.979+0000] {processor.py:743} INFO - Processing file /home/airflow/.local/lib/python3.7/site-packages/airflow/example_dags/example_skip_dag.py for tasks to queue
[2023-03-06T09:28:31.984+0000] {logging_mixin.py:137} INFO - [2023-03-06T09:28:31.983+0000] {dagbag.py:538} INFO - Filling up the DagBag from /home/airflow/.local/lib/python3.7/site-packages/airflow/example_dags/example_skip_dag.py
[2023-03-06T09:28:32.029+0000] {processor.py:753} INFO - DAG(s) dict_keys(['example_skip_dag']) retrieved from /home/airflow/.local/lib/python3.7/site-packages/airflow/example_dags/example_skip_dag.py
[2023-03-06T09:28:32.211+0000] {logging_mixin.py:137} INFO - [2023-03-06T09:28:32.211+0000] {dag.py:2690} INFO - Sync 1 DAGs
[2023-03-06T09:28:32.298+0000] {logging_mixin.py:137} INFO - [2023-03-06T09:28:32.297+0000] {dag.py:3441} INFO - Setting next_dagrun for example_skip_dag to 2023-03-05T09:28:32.297194+00:00, run_after=2023-03-06T09:28:32.297194+00:00
[2023-03-06T09:28:32.338+0000] {processor.py:175} INFO - Processing /home/airflow/.local/lib/python3.7/site-packages/airflow/example_dags/example_skip_dag.py took 0.371 seconds
[2023-03-06T09:29:02.508+0000] {processor.py:153} INFO - Started process (PID=426) to work on /home/airflow/.local/lib/python3.7/site-packages/airflow/example_dags/example_skip_dag.py
[2023-03-06T09:29:02.510+0000] {processor.py:743} INFO - Processing file /home/airflow/.local/lib/python3.7/site-packages/airflow/example_dags/example_skip_dag.py for tasks to queue
[2023-03-06T09:29:02.515+0000] {logging_mixin.py:137} INFO - [2023-03-06T09:29:02.514+0000] {dagbag.py:538} INFO - Filling up the DagBag from /home/airflow/.local/lib/python3.7/site-packages/airflow/example_dags/example_skip_dag.py
[2023-03-06T09:29:02.548+0000] {processor.py:753} INFO - DAG(s) dict_keys(['example_skip_dag']) retrieved from /home/airflow/.local/lib/python3.7/site-packages/airflow/example_dags/example_skip_dag.py
[2023-03-06T09:29:02.603+0000] {logging_mixin.py:137} INFO - [2023-03-06T09:29:02.603+0000] {dag.py:2690} INFO - Sync 1 DAGs
[2023-03-06T09:29:02.662+0000] {logging_mixin.py:137} INFO - [2023-03-06T09:29:02.661+0000] {dag.py:3441} INFO - Setting next_dagrun for example_skip_dag to 2023-03-05T09:29:02.661221+00:00, run_after=2023-03-06T09:29:02.661221+00:00
[2023-03-06T09:29:02.898+0000] {processor.py:175} INFO - Processing /home/airflow/.local/lib/python3.7/site-packages/airflow/example_dags/example_skip_dag.py took 0.398 seconds
[2023-03-06T09:29:33.088+0000] {processor.py:153} INFO - Started process (PID=489) to work on /home/airflow/.local/lib/python3.7/site-packages/airflow/example_dags/example_skip_dag.py
[2023-03-06T09:29:33.091+0000] {processor.py:743} INFO - Processing file /home/airflow/.local/lib/python3.7/site-packages/airflow/example_dags/example_skip_dag.py for tasks to queue
[2023-03-06T09:29:33.096+0000] {logging_mixin.py:137} INFO - [2023-03-06T09:29:33.094+0000] {dagbag.py:538} INFO - Filling up the DagBag from /home/airflow/.local/lib/python3.7/site-packages/airflow/example_dags/example_skip_dag.py
[2023-03-06T09:29:33.133+0000] {processor.py:753} INFO - DAG(s) dict_keys(['example_skip_dag']) retrieved from /home/airflow/.local/lib/python3.7/site-packages/airflow/example_dags/example_skip_dag.py
[2023-03-06T09:29:33.195+0000] {logging_mixin.py:137} INFO - [2023-03-06T09:29:33.195+0000] {dag.py:2690} INFO - Sync 1 DAGs
[2023-03-06T09:29:33.299+0000] {logging_mixin.py:137} INFO - [2023-03-06T09:29:33.298+0000] {dag.py:3441} INFO - Setting next_dagrun for example_skip_dag to 2023-03-05T09:29:33.297931+00:00, run_after=2023-03-06T09:29:33.297931+00:00
[2023-03-06T09:29:33.384+0000] {processor.py:175} INFO - Processing /home/airflow/.local/lib/python3.7/site-packages/airflow/example_dags/example_skip_dag.py took 0.304 seconds
[2023-03-06T09:30:03.627+0000] {processor.py:153} INFO - Started process (PID=553) to work on /home/airflow/.local/lib/python3.7/site-packages/airflow/example_dags/example_skip_dag.py
[2023-03-06T09:30:03.629+0000] {processor.py:743} INFO - Processing file /home/airflow/.local/lib/python3.7/site-packages/airflow/example_dags/example_skip_dag.py for tasks to queue
[2023-03-06T09:30:03.631+0000] {logging_mixin.py:137} INFO - [2023-03-06T09:30:03.630+0000] {dagbag.py:538} INFO - Filling up the DagBag from /home/airflow/.local/lib/python3.7/site-packages/airflow/example_dags/example_skip_dag.py
[2023-03-06T09:30:03.664+0000] {processor.py:753} INFO - DAG(s) dict_keys(['example_skip_dag']) retrieved from /home/airflow/.local/lib/python3.7/site-packages/airflow/example_dags/example_skip_dag.py
[2023-03-06T09:30:03.719+0000] {logging_mixin.py:137} INFO - [2023-03-06T09:30:03.719+0000] {dag.py:2690} INFO - Sync 1 DAGs
[2023-03-06T09:30:03.778+0000] {logging_mixin.py:137} INFO - [2023-03-06T09:30:03.778+0000] {dag.py:3441} INFO - Setting next_dagrun for example_skip_dag to 2023-03-05T09:30:03.778171+00:00, run_after=2023-03-06T09:30:03.778171+00:00
[2023-03-06T09:30:03.820+0000] {processor.py:175} INFO - Processing /home/airflow/.local/lib/python3.7/site-packages/airflow/example_dags/example_skip_dag.py took 0.201 seconds
[2023-03-06T09:30:34.392+0000] {processor.py:153} INFO - Started process (PID=616) to work on /home/airflow/.local/lib/python3.7/site-packages/airflow/example_dags/example_skip_dag.py
[2023-03-06T09:30:34.394+0000] {processor.py:743} INFO - Processing file /home/airflow/.local/lib/python3.7/site-packages/airflow/example_dags/example_skip_dag.py for tasks to queue
[2023-03-06T09:30:34.398+0000] {logging_mixin.py:137} INFO - [2023-03-06T09:30:34.397+0000] {dagbag.py:538} INFO - Filling up the DagBag from /home/airflow/.local/lib/python3.7/site-packages/airflow/example_dags/example_skip_dag.py
[2023-03-06T09:30:34.440+0000] {processor.py:753} INFO - DAG(s) dict_keys(['example_skip_dag']) retrieved from /home/airflow/.local/lib/python3.7/site-packages/airflow/example_dags/example_skip_dag.py
[2023-03-06T09:30:34.514+0000] {logging_mixin.py:137} INFO - [2023-03-06T09:30:34.513+0000] {dag.py:2690} INFO - Sync 1 DAGs
[2023-03-06T09:30:34.625+0000] {logging_mixin.py:137} INFO - [2023-03-06T09:30:34.625+0000] {dag.py:3441} INFO - Setting next_dagrun for example_skip_dag to 2023-03-05T09:30:34.624545+00:00, run_after=2023-03-06T09:30:34.624545+00:00
[2023-03-06T09:30:34.711+0000] {processor.py:175} INFO - Processing /home/airflow/.local/lib/python3.7/site-packages/airflow/example_dags/example_skip_dag.py took 0.328 seconds
[2023-03-06T09:31:05.069+0000] {processor.py:153} INFO - Started process (PID=679) to work on /home/airflow/.local/lib/python3.7/site-packages/airflow/example_dags/example_skip_dag.py
[2023-03-06T09:31:05.072+0000] {processor.py:743} INFO - Processing file /home/airflow/.local/lib/python3.7/site-packages/airflow/example_dags/example_skip_dag.py for tasks to queue
[2023-03-06T09:31:05.077+0000] {logging_mixin.py:137} INFO - [2023-03-06T09:31:05.077+0000] {dagbag.py:538} INFO - Filling up the DagBag from /home/airflow/.local/lib/python3.7/site-packages/airflow/example_dags/example_skip_dag.py
[2023-03-06T09:31:05.124+0000] {processor.py:753} INFO - DAG(s) dict_keys(['example_skip_dag']) retrieved from /home/airflow/.local/lib/python3.7/site-packages/airflow/example_dags/example_skip_dag.py
[2023-03-06T09:31:05.197+0000] {logging_mixin.py:137} INFO - [2023-03-06T09:31:05.196+0000] {dag.py:2690} INFO - Sync 1 DAGs
[2023-03-06T09:31:05.308+0000] {logging_mixin.py:137} INFO - [2023-03-06T09:31:05.308+0000] {dag.py:3441} INFO - Setting next_dagrun for example_skip_dag to 2023-03-05T09:31:05.306154+00:00, run_after=2023-03-06T09:31:05.306154+00:00
[2023-03-06T09:31:05.371+0000] {processor.py:175} INFO - Processing /home/airflow/.local/lib/python3.7/site-packages/airflow/example_dags/example_skip_dag.py took 0.313 seconds
[2023-03-06T09:31:36.025+0000] {processor.py:153} INFO - Started process (PID=743) to work on /home/airflow/.local/lib/python3.7/site-packages/airflow/example_dags/example_skip_dag.py
[2023-03-06T09:31:36.030+0000] {processor.py:743} INFO - Processing file /home/airflow/.local/lib/python3.7/site-packages/airflow/example_dags/example_skip_dag.py for tasks to queue
[2023-03-06T09:31:36.035+0000] {logging_mixin.py:137} INFO - [2023-03-06T09:31:36.034+0000] {dagbag.py:538} INFO - Filling up the DagBag from /home/airflow/.local/lib/python3.7/site-packages/airflow/example_dags/example_skip_dag.py
[2023-03-06T09:31:36.085+0000] {processor.py:753} INFO - DAG(s) dict_keys(['example_skip_dag']) retrieved from /home/airflow/.local/lib/python3.7/site-packages/airflow/example_dags/example_skip_dag.py
[2023-03-06T09:31:36.164+0000] {logging_mixin.py:137} INFO - [2023-03-06T09:31:36.164+0000] {dag.py:2690} INFO - Sync 1 DAGs
[2023-03-06T09:31:36.237+0000] {logging_mixin.py:137} INFO - [2023-03-06T09:31:36.237+0000] {dag.py:3441} INFO - Setting next_dagrun for example_skip_dag to 2023-03-05T09:31:36.236759+00:00, run_after=2023-03-06T09:31:36.236759+00:00
[2023-03-06T09:31:36.377+0000] {processor.py:175} INFO - Processing /home/airflow/.local/lib/python3.7/site-packages/airflow/example_dags/example_skip_dag.py took 0.362 seconds
[2023-03-06T09:32:07.111+0000] {processor.py:153} INFO - Started process (PID=814) to work on /home/airflow/.local/lib/python3.7/site-packages/airflow/example_dags/example_skip_dag.py
[2023-03-06T09:32:07.114+0000] {processor.py:743} INFO - Processing file /home/airflow/.local/lib/python3.7/site-packages/airflow/example_dags/example_skip_dag.py for tasks to queue
[2023-03-06T09:32:07.117+0000] {logging_mixin.py:137} INFO - [2023-03-06T09:32:07.117+0000] {dagbag.py:538} INFO - Filling up the DagBag from /home/airflow/.local/lib/python3.7/site-packages/airflow/example_dags/example_skip_dag.py
[2023-03-06T09:32:07.159+0000] {processor.py:753} INFO - DAG(s) dict_keys(['example_skip_dag']) retrieved from /home/airflow/.local/lib/python3.7/site-packages/airflow/example_dags/example_skip_dag.py
[2023-03-06T09:32:07.230+0000] {logging_mixin.py:137} INFO - [2023-03-06T09:32:07.230+0000] {dag.py:2690} INFO - Sync 1 DAGs
[2023-03-06T09:32:07.303+0000] {logging_mixin.py:137} INFO - [2023-03-06T09:32:07.302+0000] {dag.py:3441} INFO - Setting next_dagrun for example_skip_dag to 2023-03-05T09:32:07.302178+00:00, run_after=2023-03-06T09:32:07.302178+00:00
[2023-03-06T09:32:07.353+0000] {processor.py:175} INFO - Processing /home/airflow/.local/lib/python3.7/site-packages/airflow/example_dags/example_skip_dag.py took 0.265 seconds
[2023-03-06T09:32:37.861+0000] {processor.py:153} INFO - Started process (PID=882) to work on /home/airflow/.local/lib/python3.7/site-packages/airflow/example_dags/example_skip_dag.py
[2023-03-06T09:32:37.867+0000] {processor.py:743} INFO - Processing file /home/airflow/.local/lib/python3.7/site-packages/airflow/example_dags/example_skip_dag.py for tasks to queue
[2023-03-06T09:32:37.872+0000] {logging_mixin.py:137} INFO - [2023-03-06T09:32:37.871+0000] {dagbag.py:538} INFO - Filling up the DagBag from /home/airflow/.local/lib/python3.7/site-packages/airflow/example_dags/example_skip_dag.py
[2023-03-06T09:32:37.920+0000] {processor.py:753} INFO - DAG(s) dict_keys(['example_skip_dag']) retrieved from /home/airflow/.local/lib/python3.7/site-packages/airflow/example_dags/example_skip_dag.py
[2023-03-06T09:32:37.998+0000] {logging_mixin.py:137} INFO - [2023-03-06T09:32:37.998+0000] {dag.py:2690} INFO - Sync 1 DAGs
[2023-03-06T09:32:38.082+0000] {logging_mixin.py:137} INFO - [2023-03-06T09:32:38.082+0000] {dag.py:3441} INFO - Setting next_dagrun for example_skip_dag to 2023-03-05T09:32:38.081782+00:00, run_after=2023-03-06T09:32:38.081782+00:00
[2023-03-06T09:32:38.271+0000] {processor.py:175} INFO - Processing /home/airflow/.local/lib/python3.7/site-packages/airflow/example_dags/example_skip_dag.py took 0.421 seconds
[2023-03-06T09:33:08.501+0000] {processor.py:153} INFO - Started process (PID=942) to work on /home/airflow/.local/lib/python3.7/site-packages/airflow/example_dags/example_skip_dag.py
[2023-03-06T09:33:08.504+0000] {processor.py:743} INFO - Processing file /home/airflow/.local/lib/python3.7/site-packages/airflow/example_dags/example_skip_dag.py for tasks to queue
[2023-03-06T09:33:08.510+0000] {logging_mixin.py:137} INFO - [2023-03-06T09:33:08.510+0000] {dagbag.py:538} INFO - Filling up the DagBag from /home/airflow/.local/lib/python3.7/site-packages/airflow/example_dags/example_skip_dag.py
[2023-03-06T09:33:08.588+0000] {processor.py:753} INFO - DAG(s) dict_keys(['example_skip_dag']) retrieved from /home/airflow/.local/lib/python3.7/site-packages/airflow/example_dags/example_skip_dag.py
[2023-03-06T09:33:08.724+0000] {logging_mixin.py:137} INFO - [2023-03-06T09:33:08.723+0000] {dag.py:2690} INFO - Sync 1 DAGs
[2023-03-06T09:33:08.984+0000] {logging_mixin.py:137} INFO - [2023-03-06T09:33:08.983+0000] {dag.py:3441} INFO - Setting next_dagrun for example_skip_dag to 2023-03-05T09:33:08.982906+00:00, run_after=2023-03-06T09:33:08.982906+00:00
[2023-03-06T09:33:09.239+0000] {processor.py:175} INFO - Processing /home/airflow/.local/lib/python3.7/site-packages/airflow/example_dags/example_skip_dag.py took 0.756 seconds
[2023-03-06T09:33:39.728+0000] {processor.py:153} INFO - Started process (PID=996) to work on /home/airflow/.local/lib/python3.7/site-packages/airflow/example_dags/example_skip_dag.py
[2023-03-06T09:33:39.732+0000] {processor.py:743} INFO - Processing file /home/airflow/.local/lib/python3.7/site-packages/airflow/example_dags/example_skip_dag.py for tasks to queue
[2023-03-06T09:33:39.742+0000] {logging_mixin.py:137} INFO - [2023-03-06T09:33:39.741+0000] {dagbag.py:538} INFO - Filling up the DagBag from /home/airflow/.local/lib/python3.7/site-packages/airflow/example_dags/example_skip_dag.py
[2023-03-06T09:33:39.796+0000] {processor.py:753} INFO - DAG(s) dict_keys(['example_skip_dag']) retrieved from /home/airflow/.local/lib/python3.7/site-packages/airflow/example_dags/example_skip_dag.py
[2023-03-06T09:33:39.902+0000] {logging_mixin.py:137} INFO - [2023-03-06T09:33:39.902+0000] {dag.py:2690} INFO - Sync 1 DAGs
[2023-03-06T09:33:40.049+0000] {logging_mixin.py:137} INFO - [2023-03-06T09:33:40.048+0000] {dag.py:3441} INFO - Setting next_dagrun for example_skip_dag to 2023-03-05T09:33:40.048094+00:00, run_after=2023-03-06T09:33:40.048094+00:00
[2023-03-06T09:33:40.143+0000] {processor.py:175} INFO - Processing /home/airflow/.local/lib/python3.7/site-packages/airflow/example_dags/example_skip_dag.py took 0.439 seconds
[2023-03-06T09:34:10.364+0000] {processor.py:153} INFO - Started process (PID=1058) to work on /home/airflow/.local/lib/python3.7/site-packages/airflow/example_dags/example_skip_dag.py
[2023-03-06T09:34:10.368+0000] {processor.py:743} INFO - Processing file /home/airflow/.local/lib/python3.7/site-packages/airflow/example_dags/example_skip_dag.py for tasks to queue
[2023-03-06T09:34:10.371+0000] {logging_mixin.py:137} INFO - [2023-03-06T09:34:10.371+0000] {dagbag.py:538} INFO - Filling up the DagBag from /home/airflow/.local/lib/python3.7/site-packages/airflow/example_dags/example_skip_dag.py
[2023-03-06T09:34:10.413+0000] {processor.py:753} INFO - DAG(s) dict_keys(['example_skip_dag']) retrieved from /home/airflow/.local/lib/python3.7/site-packages/airflow/example_dags/example_skip_dag.py
[2023-03-06T09:34:10.512+0000] {logging_mixin.py:137} INFO - [2023-03-06T09:34:10.511+0000] {dag.py:2690} INFO - Sync 1 DAGs
[2023-03-06T09:34:10.610+0000] {logging_mixin.py:137} INFO - [2023-03-06T09:34:10.610+0000] {dag.py:3441} INFO - Setting next_dagrun for example_skip_dag to 2023-03-05T09:34:10.608786+00:00, run_after=2023-03-06T09:34:10.608786+00:00
[2023-03-06T09:34:10.737+0000] {processor.py:175} INFO - Processing /home/airflow/.local/lib/python3.7/site-packages/airflow/example_dags/example_skip_dag.py took 0.382 seconds
[2023-03-06T09:34:41.418+0000] {processor.py:153} INFO - Started process (PID=1121) to work on /home/airflow/.local/lib/python3.7/site-packages/airflow/example_dags/example_skip_dag.py
[2023-03-06T09:34:41.421+0000] {processor.py:743} INFO - Processing file /home/airflow/.local/lib/python3.7/site-packages/airflow/example_dags/example_skip_dag.py for tasks to queue
[2023-03-06T09:34:41.424+0000] {logging_mixin.py:137} INFO - [2023-03-06T09:34:41.424+0000] {dagbag.py:538} INFO - Filling up the DagBag from /home/airflow/.local/lib/python3.7/site-packages/airflow/example_dags/example_skip_dag.py
[2023-03-06T09:34:41.461+0000] {processor.py:753} INFO - DAG(s) dict_keys(['example_skip_dag']) retrieved from /home/airflow/.local/lib/python3.7/site-packages/airflow/example_dags/example_skip_dag.py
[2023-03-06T09:34:41.528+0000] {logging_mixin.py:137} INFO - [2023-03-06T09:34:41.527+0000] {dag.py:2690} INFO - Sync 1 DAGs
[2023-03-06T09:34:41.597+0000] {logging_mixin.py:137} INFO - [2023-03-06T09:34:41.597+0000] {dag.py:3441} INFO - Setting next_dagrun for example_skip_dag to 2023-03-05T09:34:41.596868+00:00, run_after=2023-03-06T09:34:41.596868+00:00
[2023-03-06T09:34:41.648+0000] {processor.py:175} INFO - Processing /home/airflow/.local/lib/python3.7/site-packages/airflow/example_dags/example_skip_dag.py took 0.239 seconds
[2023-03-06T09:35:12.198+0000] {processor.py:153} INFO - Started process (PID=1184) to work on /home/airflow/.local/lib/python3.7/site-packages/airflow/example_dags/example_skip_dag.py
[2023-03-06T09:35:12.203+0000] {processor.py:743} INFO - Processing file /home/airflow/.local/lib/python3.7/site-packages/airflow/example_dags/example_skip_dag.py for tasks to queue
[2023-03-06T09:35:12.208+0000] {logging_mixin.py:137} INFO - [2023-03-06T09:35:12.207+0000] {dagbag.py:538} INFO - Filling up the DagBag from /home/airflow/.local/lib/python3.7/site-packages/airflow/example_dags/example_skip_dag.py
[2023-03-06T09:35:12.254+0000] {processor.py:753} INFO - DAG(s) dict_keys(['example_skip_dag']) retrieved from /home/airflow/.local/lib/python3.7/site-packages/airflow/example_dags/example_skip_dag.py
[2023-03-06T09:35:12.325+0000] {logging_mixin.py:137} INFO - [2023-03-06T09:35:12.325+0000] {dag.py:2690} INFO - Sync 1 DAGs
[2023-03-06T09:35:12.408+0000] {logging_mixin.py:137} INFO - [2023-03-06T09:35:12.407+0000] {dag.py:3441} INFO - Setting next_dagrun for example_skip_dag to 2023-03-05T09:35:12.406980+00:00, run_after=2023-03-06T09:35:12.406980+00:00
[2023-03-06T09:35:12.460+0000] {processor.py:175} INFO - Processing /home/airflow/.local/lib/python3.7/site-packages/airflow/example_dags/example_skip_dag.py took 0.308 seconds
[2023-03-06T09:35:43.001+0000] {processor.py:153} INFO - Started process (PID=1247) to work on /home/airflow/.local/lib/python3.7/site-packages/airflow/example_dags/example_skip_dag.py
[2023-03-06T09:35:43.006+0000] {processor.py:743} INFO - Processing file /home/airflow/.local/lib/python3.7/site-packages/airflow/example_dags/example_skip_dag.py for tasks to queue
[2023-03-06T09:35:43.010+0000] {logging_mixin.py:137} INFO - [2023-03-06T09:35:43.009+0000] {dagbag.py:538} INFO - Filling up the DagBag from /home/airflow/.local/lib/python3.7/site-packages/airflow/example_dags/example_skip_dag.py
[2023-03-06T09:35:43.064+0000] {processor.py:753} INFO - DAG(s) dict_keys(['example_skip_dag']) retrieved from /home/airflow/.local/lib/python3.7/site-packages/airflow/example_dags/example_skip_dag.py
[2023-03-06T09:35:43.149+0000] {logging_mixin.py:137} INFO - [2023-03-06T09:35:43.148+0000] {dag.py:2690} INFO - Sync 1 DAGs
[2023-03-06T09:35:43.235+0000] {logging_mixin.py:137} INFO - [2023-03-06T09:35:43.235+0000] {dag.py:3441} INFO - Setting next_dagrun for example_skip_dag to 2023-03-05T09:35:43.234383+00:00, run_after=2023-03-06T09:35:43.234383+00:00
[2023-03-06T09:35:43.288+0000] {processor.py:175} INFO - Processing /home/airflow/.local/lib/python3.7/site-packages/airflow/example_dags/example_skip_dag.py took 0.305 seconds
[2023-03-06T09:36:14.258+0000] {processor.py:153} INFO - Started process (PID=1310) to work on /home/airflow/.local/lib/python3.7/site-packages/airflow/example_dags/example_skip_dag.py
[2023-03-06T09:36:14.269+0000] {processor.py:743} INFO - Processing file /home/airflow/.local/lib/python3.7/site-packages/airflow/example_dags/example_skip_dag.py for tasks to queue
[2023-03-06T09:36:14.281+0000] {logging_mixin.py:137} INFO - [2023-03-06T09:36:14.280+0000] {dagbag.py:538} INFO - Filling up the DagBag from /home/airflow/.local/lib/python3.7/site-packages/airflow/example_dags/example_skip_dag.py
[2023-03-06T09:36:14.349+0000] {processor.py:753} INFO - DAG(s) dict_keys(['example_skip_dag']) retrieved from /home/airflow/.local/lib/python3.7/site-packages/airflow/example_dags/example_skip_dag.py
[2023-03-06T09:36:14.419+0000] {logging_mixin.py:137} INFO - [2023-03-06T09:36:14.419+0000] {dag.py:2690} INFO - Sync 1 DAGs
[2023-03-06T09:36:14.484+0000] {logging_mixin.py:137} INFO - [2023-03-06T09:36:14.484+0000] {dag.py:3441} INFO - Setting next_dagrun for example_skip_dag to 2023-03-05T09:36:14.483686+00:00, run_after=2023-03-06T09:36:14.483686+00:00
[2023-03-06T09:36:14.540+0000] {processor.py:175} INFO - Processing /home/airflow/.local/lib/python3.7/site-packages/airflow/example_dags/example_skip_dag.py took 0.317 seconds
[2023-03-06T09:36:44.846+0000] {processor.py:153} INFO - Started process (PID=1374) to work on /home/airflow/.local/lib/python3.7/site-packages/airflow/example_dags/example_skip_dag.py
[2023-03-06T09:36:44.853+0000] {processor.py:743} INFO - Processing file /home/airflow/.local/lib/python3.7/site-packages/airflow/example_dags/example_skip_dag.py for tasks to queue
[2023-03-06T09:36:44.860+0000] {logging_mixin.py:137} INFO - [2023-03-06T09:36:44.858+0000] {dagbag.py:538} INFO - Filling up the DagBag from /home/airflow/.local/lib/python3.7/site-packages/airflow/example_dags/example_skip_dag.py
[2023-03-06T09:36:44.957+0000] {processor.py:753} INFO - DAG(s) dict_keys(['example_skip_dag']) retrieved from /home/airflow/.local/lib/python3.7/site-packages/airflow/example_dags/example_skip_dag.py
[2023-03-06T09:36:45.168+0000] {logging_mixin.py:137} INFO - [2023-03-06T09:36:45.166+0000] {dag.py:2690} INFO - Sync 1 DAGs
[2023-03-06T09:36:45.388+0000] {logging_mixin.py:137} INFO - [2023-03-06T09:36:45.387+0000] {dag.py:3441} INFO - Setting next_dagrun for example_skip_dag to 2023-03-05T09:36:45.386501+00:00, run_after=2023-03-06T09:36:45.386501+00:00
[2023-03-06T09:36:45.454+0000] {processor.py:175} INFO - Processing /home/airflow/.local/lib/python3.7/site-packages/airflow/example_dags/example_skip_dag.py took 0.644 seconds
[2023-03-06T09:37:15.866+0000] {processor.py:153} INFO - Started process (PID=1438) to work on /home/airflow/.local/lib/python3.7/site-packages/airflow/example_dags/example_skip_dag.py
[2023-03-06T09:37:15.874+0000] {processor.py:743} INFO - Processing file /home/airflow/.local/lib/python3.7/site-packages/airflow/example_dags/example_skip_dag.py for tasks to queue
[2023-03-06T09:37:15.894+0000] {logging_mixin.py:137} INFO - [2023-03-06T09:37:15.892+0000] {dagbag.py:538} INFO - Filling up the DagBag from /home/airflow/.local/lib/python3.7/site-packages/airflow/example_dags/example_skip_dag.py
[2023-03-06T09:37:15.975+0000] {processor.py:753} INFO - DAG(s) dict_keys(['example_skip_dag']) retrieved from /home/airflow/.local/lib/python3.7/site-packages/airflow/example_dags/example_skip_dag.py
[2023-03-06T09:37:16.048+0000] {logging_mixin.py:137} INFO - [2023-03-06T09:37:16.047+0000] {dag.py:2690} INFO - Sync 1 DAGs
[2023-03-06T09:37:16.120+0000] {logging_mixin.py:137} INFO - [2023-03-06T09:37:16.120+0000] {dag.py:3441} INFO - Setting next_dagrun for example_skip_dag to 2023-03-05T09:37:16.119409+00:00, run_after=2023-03-06T09:37:16.119409+00:00
[2023-03-06T09:37:16.182+0000] {processor.py:175} INFO - Processing /home/airflow/.local/lib/python3.7/site-packages/airflow/example_dags/example_skip_dag.py took 0.368 seconds
[2023-03-06T09:37:46.941+0000] {processor.py:153} INFO - Started process (PID=1501) to work on /home/airflow/.local/lib/python3.7/site-packages/airflow/example_dags/example_skip_dag.py
[2023-03-06T09:37:46.944+0000] {processor.py:743} INFO - Processing file /home/airflow/.local/lib/python3.7/site-packages/airflow/example_dags/example_skip_dag.py for tasks to queue
[2023-03-06T09:37:46.948+0000] {logging_mixin.py:137} INFO - [2023-03-06T09:37:46.947+0000] {dagbag.py:538} INFO - Filling up the DagBag from /home/airflow/.local/lib/python3.7/site-packages/airflow/example_dags/example_skip_dag.py
[2023-03-06T09:37:46.985+0000] {processor.py:753} INFO - DAG(s) dict_keys(['example_skip_dag']) retrieved from /home/airflow/.local/lib/python3.7/site-packages/airflow/example_dags/example_skip_dag.py
[2023-03-06T09:37:47.072+0000] {logging_mixin.py:137} INFO - [2023-03-06T09:37:47.071+0000] {dag.py:2690} INFO - Sync 1 DAGs
[2023-03-06T09:37:47.146+0000] {logging_mixin.py:137} INFO - [2023-03-06T09:37:47.146+0000] {dag.py:3441} INFO - Setting next_dagrun for example_skip_dag to 2023-03-05T09:37:47.145650+00:00, run_after=2023-03-06T09:37:47.145650+00:00
[2023-03-06T09:37:47.197+0000] {processor.py:175} INFO - Processing /home/airflow/.local/lib/python3.7/site-packages/airflow/example_dags/example_skip_dag.py took 0.267 seconds
[2023-03-06T09:38:17.958+0000] {processor.py:153} INFO - Started process (PID=1564) to work on /home/airflow/.local/lib/python3.7/site-packages/airflow/example_dags/example_skip_dag.py
[2023-03-06T09:38:17.962+0000] {processor.py:743} INFO - Processing file /home/airflow/.local/lib/python3.7/site-packages/airflow/example_dags/example_skip_dag.py for tasks to queue
[2023-03-06T09:38:17.967+0000] {logging_mixin.py:137} INFO - [2023-03-06T09:38:17.966+0000] {dagbag.py:538} INFO - Filling up the DagBag from /home/airflow/.local/lib/python3.7/site-packages/airflow/example_dags/example_skip_dag.py
[2023-03-06T09:38:18.009+0000] {processor.py:753} INFO - DAG(s) dict_keys(['example_skip_dag']) retrieved from /home/airflow/.local/lib/python3.7/site-packages/airflow/example_dags/example_skip_dag.py
[2023-03-06T09:38:18.074+0000] {logging_mixin.py:137} INFO - [2023-03-06T09:38:18.074+0000] {dag.py:2690} INFO - Sync 1 DAGs
[2023-03-06T09:38:18.132+0000] {logging_mixin.py:137} INFO - [2023-03-06T09:38:18.132+0000] {dag.py:3441} INFO - Setting next_dagrun for example_skip_dag to 2023-03-05T09:38:18.131878+00:00, run_after=2023-03-06T09:38:18.131878+00:00
[2023-03-06T09:38:18.183+0000] {processor.py:175} INFO - Processing /home/airflow/.local/lib/python3.7/site-packages/airflow/example_dags/example_skip_dag.py took 0.251 seconds
[2023-03-06T09:38:48.855+0000] {processor.py:153} INFO - Started process (PID=1626) to work on /home/airflow/.local/lib/python3.7/site-packages/airflow/example_dags/example_skip_dag.py
[2023-03-06T09:38:48.858+0000] {processor.py:743} INFO - Processing file /home/airflow/.local/lib/python3.7/site-packages/airflow/example_dags/example_skip_dag.py for tasks to queue
[2023-03-06T09:38:48.860+0000] {logging_mixin.py:137} INFO - [2023-03-06T09:38:48.859+0000] {dagbag.py:538} INFO - Filling up the DagBag from /home/airflow/.local/lib/python3.7/site-packages/airflow/example_dags/example_skip_dag.py
[2023-03-06T09:38:48.899+0000] {processor.py:753} INFO - DAG(s) dict_keys(['example_skip_dag']) retrieved from /home/airflow/.local/lib/python3.7/site-packages/airflow/example_dags/example_skip_dag.py
[2023-03-06T09:38:48.976+0000] {logging_mixin.py:137} INFO - [2023-03-06T09:38:48.975+0000] {dag.py:2690} INFO - Sync 1 DAGs
[2023-03-06T09:38:49.048+0000] {logging_mixin.py:137} INFO - [2023-03-06T09:38:49.048+0000] {dag.py:3441} INFO - Setting next_dagrun for example_skip_dag to 2023-03-05T09:38:49.047406+00:00, run_after=2023-03-06T09:38:49.047406+00:00
[2023-03-06T09:38:49.102+0000] {processor.py:175} INFO - Processing /home/airflow/.local/lib/python3.7/site-packages/airflow/example_dags/example_skip_dag.py took 0.258 seconds
[2023-03-06T09:39:19.566+0000] {processor.py:153} INFO - Started process (PID=1689) to work on /home/airflow/.local/lib/python3.7/site-packages/airflow/example_dags/example_skip_dag.py
[2023-03-06T09:39:19.570+0000] {processor.py:743} INFO - Processing file /home/airflow/.local/lib/python3.7/site-packages/airflow/example_dags/example_skip_dag.py for tasks to queue
[2023-03-06T09:39:19.575+0000] {logging_mixin.py:137} INFO - [2023-03-06T09:39:19.574+0000] {dagbag.py:538} INFO - Filling up the DagBag from /home/airflow/.local/lib/python3.7/site-packages/airflow/example_dags/example_skip_dag.py
[2023-03-06T09:39:19.632+0000] {processor.py:753} INFO - DAG(s) dict_keys(['example_skip_dag']) retrieved from /home/airflow/.local/lib/python3.7/site-packages/airflow/example_dags/example_skip_dag.py
[2023-03-06T09:39:19.713+0000] {logging_mixin.py:137} INFO - [2023-03-06T09:39:19.713+0000] {dag.py:2690} INFO - Sync 1 DAGs
[2023-03-06T09:39:19.791+0000] {logging_mixin.py:137} INFO - [2023-03-06T09:39:19.791+0000] {dag.py:3441} INFO - Setting next_dagrun for example_skip_dag to 2023-03-05T09:39:19.787823+00:00, run_after=2023-03-06T09:39:19.787823+00:00
[2023-03-06T09:39:19.855+0000] {processor.py:175} INFO - Processing /home/airflow/.local/lib/python3.7/site-packages/airflow/example_dags/example_skip_dag.py took 0.303 seconds
[2023-03-06T09:39:50.039+0000] {processor.py:153} INFO - Started process (PID=1753) to work on /home/airflow/.local/lib/python3.7/site-packages/airflow/example_dags/example_skip_dag.py
[2023-03-06T09:39:50.041+0000] {processor.py:743} INFO - Processing file /home/airflow/.local/lib/python3.7/site-packages/airflow/example_dags/example_skip_dag.py for tasks to queue
[2023-03-06T09:39:50.044+0000] {logging_mixin.py:137} INFO - [2023-03-06T09:39:50.043+0000] {dagbag.py:538} INFO - Filling up the DagBag from /home/airflow/.local/lib/python3.7/site-packages/airflow/example_dags/example_skip_dag.py
[2023-03-06T09:39:50.103+0000] {processor.py:753} INFO - DAG(s) dict_keys(['example_skip_dag']) retrieved from /home/airflow/.local/lib/python3.7/site-packages/airflow/example_dags/example_skip_dag.py
[2023-03-06T09:39:50.203+0000] {logging_mixin.py:137} INFO - [2023-03-06T09:39:50.202+0000] {dag.py:2690} INFO - Sync 1 DAGs
[2023-03-06T09:39:50.306+0000] {logging_mixin.py:137} INFO - [2023-03-06T09:39:50.306+0000] {dag.py:3441} INFO - Setting next_dagrun for example_skip_dag to 2023-03-05T09:39:50.305603+00:00, run_after=2023-03-06T09:39:50.305603+00:00
[2023-03-06T09:39:50.383+0000] {processor.py:175} INFO - Processing /home/airflow/.local/lib/python3.7/site-packages/airflow/example_dags/example_skip_dag.py took 0.357 seconds
[2023-03-06T09:40:20.929+0000] {processor.py:153} INFO - Started process (PID=1816) to work on /home/airflow/.local/lib/python3.7/site-packages/airflow/example_dags/example_skip_dag.py
[2023-03-06T09:40:20.934+0000] {processor.py:743} INFO - Processing file /home/airflow/.local/lib/python3.7/site-packages/airflow/example_dags/example_skip_dag.py for tasks to queue
[2023-03-06T09:40:20.940+0000] {logging_mixin.py:137} INFO - [2023-03-06T09:40:20.939+0000] {dagbag.py:538} INFO - Filling up the DagBag from /home/airflow/.local/lib/python3.7/site-packages/airflow/example_dags/example_skip_dag.py
[2023-03-06T09:40:20.997+0000] {processor.py:753} INFO - DAG(s) dict_keys(['example_skip_dag']) retrieved from /home/airflow/.local/lib/python3.7/site-packages/airflow/example_dags/example_skip_dag.py
[2023-03-06T09:40:21.079+0000] {logging_mixin.py:137} INFO - [2023-03-06T09:40:21.079+0000] {dag.py:2690} INFO - Sync 1 DAGs
[2023-03-06T09:40:21.154+0000] {logging_mixin.py:137} INFO - [2023-03-06T09:40:21.153+0000] {dag.py:3441} INFO - Setting next_dagrun for example_skip_dag to 2023-03-05T09:40:21.152924+00:00, run_after=2023-03-06T09:40:21.152924+00:00
[2023-03-06T09:40:21.213+0000] {processor.py:175} INFO - Processing /home/airflow/.local/lib/python3.7/site-packages/airflow/example_dags/example_skip_dag.py took 0.297 seconds
[2023-03-06T09:40:52.283+0000] {processor.py:153} INFO - Started process (PID=1879) to work on /home/airflow/.local/lib/python3.7/site-packages/airflow/example_dags/example_skip_dag.py
[2023-03-06T09:40:52.287+0000] {processor.py:743} INFO - Processing file /home/airflow/.local/lib/python3.7/site-packages/airflow/example_dags/example_skip_dag.py for tasks to queue
[2023-03-06T09:40:52.296+0000] {logging_mixin.py:137} INFO - [2023-03-06T09:40:52.295+0000] {dagbag.py:538} INFO - Filling up the DagBag from /home/airflow/.local/lib/python3.7/site-packages/airflow/example_dags/example_skip_dag.py
[2023-03-06T09:40:52.361+0000] {processor.py:753} INFO - DAG(s) dict_keys(['example_skip_dag']) retrieved from /home/airflow/.local/lib/python3.7/site-packages/airflow/example_dags/example_skip_dag.py
[2023-03-06T09:40:52.486+0000] {logging_mixin.py:137} INFO - [2023-03-06T09:40:52.486+0000] {dag.py:2690} INFO - Sync 1 DAGs
[2023-03-06T09:40:52.599+0000] {logging_mixin.py:137} INFO - [2023-03-06T09:40:52.598+0000] {dag.py:3441} INFO - Setting next_dagrun for example_skip_dag to 2023-03-05T09:40:52.598133+00:00, run_after=2023-03-06T09:40:52.598133+00:00
[2023-03-06T09:40:52.652+0000] {processor.py:175} INFO - Processing /home/airflow/.local/lib/python3.7/site-packages/airflow/example_dags/example_skip_dag.py took 0.392 seconds
[2023-03-06T09:41:23.032+0000] {processor.py:153} INFO - Started process (PID=1943) to work on /home/airflow/.local/lib/python3.7/site-packages/airflow/example_dags/example_skip_dag.py
[2023-03-06T09:41:23.041+0000] {processor.py:743} INFO - Processing file /home/airflow/.local/lib/python3.7/site-packages/airflow/example_dags/example_skip_dag.py for tasks to queue
[2023-03-06T09:41:23.051+0000] {logging_mixin.py:137} INFO - [2023-03-06T09:41:23.050+0000] {dagbag.py:538} INFO - Filling up the DagBag from /home/airflow/.local/lib/python3.7/site-packages/airflow/example_dags/example_skip_dag.py
[2023-03-06T09:41:23.183+0000] {processor.py:753} INFO - DAG(s) dict_keys(['example_skip_dag']) retrieved from /home/airflow/.local/lib/python3.7/site-packages/airflow/example_dags/example_skip_dag.py
[2023-03-06T09:41:23.274+0000] {logging_mixin.py:137} INFO - [2023-03-06T09:41:23.273+0000] {dag.py:2690} INFO - Sync 1 DAGs
[2023-03-06T09:41:23.359+0000] {logging_mixin.py:137} INFO - [2023-03-06T09:41:23.358+0000] {dag.py:3441} INFO - Setting next_dagrun for example_skip_dag to 2023-03-05T09:41:23.358151+00:00, run_after=2023-03-06T09:41:23.358151+00:00
[2023-03-06T09:41:23.411+0000] {processor.py:175} INFO - Processing /home/airflow/.local/lib/python3.7/site-packages/airflow/example_dags/example_skip_dag.py took 0.410 seconds
