[2023-03-06T09:25:59.643+0000] {processor.py:153} INFO - Started process (PID=65) to work on /home/airflow/.local/lib/python3.7/site-packages/airflow/example_dags/example_branch_day_of_week_operator.py
[2023-03-06T09:25:59.658+0000] {processor.py:743} INFO - Processing file /home/airflow/.local/lib/python3.7/site-packages/airflow/example_dags/example_branch_day_of_week_operator.py for tasks to queue
[2023-03-06T09:25:59.662+0000] {logging_mixin.py:137} INFO - [2023-03-06T09:25:59.661+0000] {dagbag.py:538} INFO - Filling up the DagBag from /home/airflow/.local/lib/python3.7/site-packages/airflow/example_dags/example_branch_day_of_week_operator.py
[2023-03-06T09:25:59.746+0000] {processor.py:753} INFO - DAG(s) dict_keys(['example_weekday_branch_operator']) retrieved from /home/airflow/.local/lib/python3.7/site-packages/airflow/example_dags/example_branch_day_of_week_operator.py
[2023-03-06T09:26:00.049+0000] {logging_mixin.py:137} INFO - [2023-03-06T09:26:00.048+0000] {dag.py:2690} INFO - Sync 1 DAGs
[2023-03-06T09:26:00.389+0000] {logging_mixin.py:137} INFO - [2023-03-06T09:26:00.388+0000] {dag.py:3441} INFO - Setting next_dagrun for example_weekday_branch_operator to 2023-03-05T00:00:00+00:00, run_after=2023-03-06T00:00:00+00:00
[2023-03-06T09:26:00.528+0000] {processor.py:175} INFO - Processing /home/airflow/.local/lib/python3.7/site-packages/airflow/example_dags/example_branch_day_of_week_operator.py took 0.905 seconds
[2023-03-06T09:26:31.235+0000] {processor.py:153} INFO - Started process (PID=122) to work on /home/airflow/.local/lib/python3.7/site-packages/airflow/example_dags/example_branch_day_of_week_operator.py
[2023-03-06T09:26:31.243+0000] {processor.py:743} INFO - Processing file /home/airflow/.local/lib/python3.7/site-packages/airflow/example_dags/example_branch_day_of_week_operator.py for tasks to queue
[2023-03-06T09:26:31.248+0000] {logging_mixin.py:137} INFO - [2023-03-06T09:26:31.247+0000] {dagbag.py:538} INFO - Filling up the DagBag from /home/airflow/.local/lib/python3.7/site-packages/airflow/example_dags/example_branch_day_of_week_operator.py
[2023-03-06T09:26:31.360+0000] {processor.py:753} INFO - DAG(s) dict_keys(['example_weekday_branch_operator']) retrieved from /home/airflow/.local/lib/python3.7/site-packages/airflow/example_dags/example_branch_day_of_week_operator.py
[2023-03-06T09:26:31.571+0000] {logging_mixin.py:137} INFO - [2023-03-06T09:26:31.570+0000] {dag.py:2690} INFO - Sync 1 DAGs
[2023-03-06T09:26:31.761+0000] {logging_mixin.py:137} INFO - [2023-03-06T09:26:31.760+0000] {dag.py:3441} INFO - Setting next_dagrun for example_weekday_branch_operator to 2023-03-05T00:00:00+00:00, run_after=2023-03-06T00:00:00+00:00
[2023-03-06T09:26:31.910+0000] {processor.py:175} INFO - Processing /home/airflow/.local/lib/python3.7/site-packages/airflow/example_dags/example_branch_day_of_week_operator.py took 0.693 seconds
[2023-03-06T09:27:01.993+0000] {processor.py:153} INFO - Started process (PID=184) to work on /home/airflow/.local/lib/python3.7/site-packages/airflow/example_dags/example_branch_day_of_week_operator.py
[2023-03-06T09:27:01.995+0000] {processor.py:743} INFO - Processing file /home/airflow/.local/lib/python3.7/site-packages/airflow/example_dags/example_branch_day_of_week_operator.py for tasks to queue
[2023-03-06T09:27:01.999+0000] {logging_mixin.py:137} INFO - [2023-03-06T09:27:01.998+0000] {dagbag.py:538} INFO - Filling up the DagBag from /home/airflow/.local/lib/python3.7/site-packages/airflow/example_dags/example_branch_day_of_week_operator.py
[2023-03-06T09:27:02.037+0000] {processor.py:753} INFO - DAG(s) dict_keys(['example_weekday_branch_operator']) retrieved from /home/airflow/.local/lib/python3.7/site-packages/airflow/example_dags/example_branch_day_of_week_operator.py
[2023-03-06T09:27:02.094+0000] {logging_mixin.py:137} INFO - [2023-03-06T09:27:02.094+0000] {dag.py:2690} INFO - Sync 1 DAGs
[2023-03-06T09:27:02.154+0000] {logging_mixin.py:137} INFO - [2023-03-06T09:27:02.153+0000] {dag.py:3441} INFO - Setting next_dagrun for example_weekday_branch_operator to 2023-03-05T00:00:00+00:00, run_after=2023-03-06T00:00:00+00:00
[2023-03-06T09:27:02.339+0000] {processor.py:175} INFO - Processing /home/airflow/.local/lib/python3.7/site-packages/airflow/example_dags/example_branch_day_of_week_operator.py took 0.355 seconds
[2023-03-06T09:27:32.631+0000] {processor.py:153} INFO - Started process (PID=246) to work on /home/airflow/.local/lib/python3.7/site-packages/airflow/example_dags/example_branch_day_of_week_operator.py
[2023-03-06T09:27:32.634+0000] {processor.py:743} INFO - Processing file /home/airflow/.local/lib/python3.7/site-packages/airflow/example_dags/example_branch_day_of_week_operator.py for tasks to queue
[2023-03-06T09:27:32.637+0000] {logging_mixin.py:137} INFO - [2023-03-06T09:27:32.637+0000] {dagbag.py:538} INFO - Filling up the DagBag from /home/airflow/.local/lib/python3.7/site-packages/airflow/example_dags/example_branch_day_of_week_operator.py
[2023-03-06T09:27:32.678+0000] {processor.py:753} INFO - DAG(s) dict_keys(['example_weekday_branch_operator']) retrieved from /home/airflow/.local/lib/python3.7/site-packages/airflow/example_dags/example_branch_day_of_week_operator.py
[2023-03-06T09:27:32.739+0000] {logging_mixin.py:137} INFO - [2023-03-06T09:27:32.738+0000] {dag.py:2690} INFO - Sync 1 DAGs
[2023-03-06T09:27:32.801+0000] {logging_mixin.py:137} INFO - [2023-03-06T09:27:32.801+0000] {dag.py:3441} INFO - Setting next_dagrun for example_weekday_branch_operator to 2023-03-05T00:00:00+00:00, run_after=2023-03-06T00:00:00+00:00
[2023-03-06T09:27:32.890+0000] {processor.py:175} INFO - Processing /home/airflow/.local/lib/python3.7/site-packages/airflow/example_dags/example_branch_day_of_week_operator.py took 0.268 seconds
[2023-03-06T09:28:03.009+0000] {processor.py:153} INFO - Started process (PID=309) to work on /home/airflow/.local/lib/python3.7/site-packages/airflow/example_dags/example_branch_day_of_week_operator.py
[2023-03-06T09:28:03.012+0000] {processor.py:743} INFO - Processing file /home/airflow/.local/lib/python3.7/site-packages/airflow/example_dags/example_branch_day_of_week_operator.py for tasks to queue
[2023-03-06T09:28:03.019+0000] {logging_mixin.py:137} INFO - [2023-03-06T09:28:03.018+0000] {dagbag.py:538} INFO - Filling up the DagBag from /home/airflow/.local/lib/python3.7/site-packages/airflow/example_dags/example_branch_day_of_week_operator.py
[2023-03-06T09:28:03.088+0000] {processor.py:753} INFO - DAG(s) dict_keys(['example_weekday_branch_operator']) retrieved from /home/airflow/.local/lib/python3.7/site-packages/airflow/example_dags/example_branch_day_of_week_operator.py
[2023-03-06T09:28:03.147+0000] {logging_mixin.py:137} INFO - [2023-03-06T09:28:03.146+0000] {dag.py:2690} INFO - Sync 1 DAGs
[2023-03-06T09:28:03.223+0000] {logging_mixin.py:137} INFO - [2023-03-06T09:28:03.222+0000] {dag.py:3441} INFO - Setting next_dagrun for example_weekday_branch_operator to 2023-03-05T00:00:00+00:00, run_after=2023-03-06T00:00:00+00:00
[2023-03-06T09:28:03.266+0000] {processor.py:175} INFO - Processing /home/airflow/.local/lib/python3.7/site-packages/airflow/example_dags/example_branch_day_of_week_operator.py took 0.271 seconds
[2023-03-06T09:28:33.967+0000] {processor.py:153} INFO - Started process (PID=378) to work on /home/airflow/.local/lib/python3.7/site-packages/airflow/example_dags/example_branch_day_of_week_operator.py
[2023-03-06T09:28:33.970+0000] {processor.py:743} INFO - Processing file /home/airflow/.local/lib/python3.7/site-packages/airflow/example_dags/example_branch_day_of_week_operator.py for tasks to queue
[2023-03-06T09:28:33.973+0000] {logging_mixin.py:137} INFO - [2023-03-06T09:28:33.972+0000] {dagbag.py:538} INFO - Filling up the DagBag from /home/airflow/.local/lib/python3.7/site-packages/airflow/example_dags/example_branch_day_of_week_operator.py
[2023-03-06T09:28:34.027+0000] {processor.py:753} INFO - DAG(s) dict_keys(['example_weekday_branch_operator']) retrieved from /home/airflow/.local/lib/python3.7/site-packages/airflow/example_dags/example_branch_day_of_week_operator.py
[2023-03-06T09:28:34.105+0000] {logging_mixin.py:137} INFO - [2023-03-06T09:28:34.105+0000] {dag.py:2690} INFO - Sync 1 DAGs
[2023-03-06T09:28:34.191+0000] {logging_mixin.py:137} INFO - [2023-03-06T09:28:34.191+0000] {dag.py:3441} INFO - Setting next_dagrun for example_weekday_branch_operator to 2023-03-05T00:00:00+00:00, run_after=2023-03-06T00:00:00+00:00
[2023-03-06T09:28:34.239+0000] {processor.py:175} INFO - Processing /home/airflow/.local/lib/python3.7/site-packages/airflow/example_dags/example_branch_day_of_week_operator.py took 0.284 seconds
[2023-03-06T09:29:04.609+0000] {processor.py:153} INFO - Started process (PID=443) to work on /home/airflow/.local/lib/python3.7/site-packages/airflow/example_dags/example_branch_day_of_week_operator.py
[2023-03-06T09:29:04.611+0000] {processor.py:743} INFO - Processing file /home/airflow/.local/lib/python3.7/site-packages/airflow/example_dags/example_branch_day_of_week_operator.py for tasks to queue
[2023-03-06T09:29:04.615+0000] {logging_mixin.py:137} INFO - [2023-03-06T09:29:04.615+0000] {dagbag.py:538} INFO - Filling up the DagBag from /home/airflow/.local/lib/python3.7/site-packages/airflow/example_dags/example_branch_day_of_week_operator.py
[2023-03-06T09:29:04.670+0000] {processor.py:753} INFO - DAG(s) dict_keys(['example_weekday_branch_operator']) retrieved from /home/airflow/.local/lib/python3.7/site-packages/airflow/example_dags/example_branch_day_of_week_operator.py
[2023-03-06T09:29:04.740+0000] {logging_mixin.py:137} INFO - [2023-03-06T09:29:04.740+0000] {dag.py:2690} INFO - Sync 1 DAGs
[2023-03-06T09:29:04.812+0000] {logging_mixin.py:137} INFO - [2023-03-06T09:29:04.811+0000] {dag.py:3441} INFO - Setting next_dagrun for example_weekday_branch_operator to 2023-03-05T00:00:00+00:00, run_after=2023-03-06T00:00:00+00:00
[2023-03-06T09:29:04.857+0000] {processor.py:175} INFO - Processing /home/airflow/.local/lib/python3.7/site-packages/airflow/example_dags/example_branch_day_of_week_operator.py took 0.260 seconds
[2023-03-06T09:29:35.172+0000] {processor.py:153} INFO - Started process (PID=504) to work on /home/airflow/.local/lib/python3.7/site-packages/airflow/example_dags/example_branch_day_of_week_operator.py
[2023-03-06T09:29:35.176+0000] {processor.py:743} INFO - Processing file /home/airflow/.local/lib/python3.7/site-packages/airflow/example_dags/example_branch_day_of_week_operator.py for tasks to queue
[2023-03-06T09:29:35.178+0000] {logging_mixin.py:137} INFO - [2023-03-06T09:29:35.178+0000] {dagbag.py:538} INFO - Filling up the DagBag from /home/airflow/.local/lib/python3.7/site-packages/airflow/example_dags/example_branch_day_of_week_operator.py
[2023-03-06T09:29:35.223+0000] {processor.py:753} INFO - DAG(s) dict_keys(['example_weekday_branch_operator']) retrieved from /home/airflow/.local/lib/python3.7/site-packages/airflow/example_dags/example_branch_day_of_week_operator.py
[2023-03-06T09:29:35.301+0000] {logging_mixin.py:137} INFO - [2023-03-06T09:29:35.301+0000] {dag.py:2690} INFO - Sync 1 DAGs
[2023-03-06T09:29:35.415+0000] {logging_mixin.py:137} INFO - [2023-03-06T09:29:35.414+0000] {dag.py:3441} INFO - Setting next_dagrun for example_weekday_branch_operator to 2023-03-05T00:00:00+00:00, run_after=2023-03-06T00:00:00+00:00
[2023-03-06T09:29:35.462+0000] {processor.py:175} INFO - Processing /home/airflow/.local/lib/python3.7/site-packages/airflow/example_dags/example_branch_day_of_week_operator.py took 0.299 seconds
[2023-03-06T09:30:05.879+0000] {processor.py:153} INFO - Started process (PID=561) to work on /home/airflow/.local/lib/python3.7/site-packages/airflow/example_dags/example_branch_day_of_week_operator.py
[2023-03-06T09:30:05.881+0000] {processor.py:743} INFO - Processing file /home/airflow/.local/lib/python3.7/site-packages/airflow/example_dags/example_branch_day_of_week_operator.py for tasks to queue
[2023-03-06T09:30:05.886+0000] {logging_mixin.py:137} INFO - [2023-03-06T09:30:05.885+0000] {dagbag.py:538} INFO - Filling up the DagBag from /home/airflow/.local/lib/python3.7/site-packages/airflow/example_dags/example_branch_day_of_week_operator.py
[2023-03-06T09:30:05.934+0000] {processor.py:753} INFO - DAG(s) dict_keys(['example_weekday_branch_operator']) retrieved from /home/airflow/.local/lib/python3.7/site-packages/airflow/example_dags/example_branch_day_of_week_operator.py
[2023-03-06T09:30:06.029+0000] {logging_mixin.py:137} INFO - [2023-03-06T09:30:06.029+0000] {dag.py:2690} INFO - Sync 1 DAGs
[2023-03-06T09:30:06.118+0000] {logging_mixin.py:137} INFO - [2023-03-06T09:30:06.118+0000] {dag.py:3441} INFO - Setting next_dagrun for example_weekday_branch_operator to 2023-03-05T00:00:00+00:00, run_after=2023-03-06T00:00:00+00:00
[2023-03-06T09:30:06.181+0000] {processor.py:175} INFO - Processing /home/airflow/.local/lib/python3.7/site-packages/airflow/example_dags/example_branch_day_of_week_operator.py took 0.319 seconds
[2023-03-06T09:30:36.678+0000] {processor.py:153} INFO - Started process (PID=631) to work on /home/airflow/.local/lib/python3.7/site-packages/airflow/example_dags/example_branch_day_of_week_operator.py
[2023-03-06T09:30:36.684+0000] {processor.py:743} INFO - Processing file /home/airflow/.local/lib/python3.7/site-packages/airflow/example_dags/example_branch_day_of_week_operator.py for tasks to queue
[2023-03-06T09:30:36.687+0000] {logging_mixin.py:137} INFO - [2023-03-06T09:30:36.687+0000] {dagbag.py:538} INFO - Filling up the DagBag from /home/airflow/.local/lib/python3.7/site-packages/airflow/example_dags/example_branch_day_of_week_operator.py
[2023-03-06T09:30:36.781+0000] {processor.py:753} INFO - DAG(s) dict_keys(['example_weekday_branch_operator']) retrieved from /home/airflow/.local/lib/python3.7/site-packages/airflow/example_dags/example_branch_day_of_week_operator.py
[2023-03-06T09:30:36.925+0000] {logging_mixin.py:137} INFO - [2023-03-06T09:30:36.924+0000] {dag.py:2690} INFO - Sync 1 DAGs
[2023-03-06T09:30:37.021+0000] {logging_mixin.py:137} INFO - [2023-03-06T09:30:37.020+0000] {dag.py:3441} INFO - Setting next_dagrun for example_weekday_branch_operator to 2023-03-05T00:00:00+00:00, run_after=2023-03-06T00:00:00+00:00
[2023-03-06T09:30:37.081+0000] {processor.py:175} INFO - Processing /home/airflow/.local/lib/python3.7/site-packages/airflow/example_dags/example_branch_day_of_week_operator.py took 0.414 seconds
[2023-03-06T09:31:07.756+0000] {processor.py:153} INFO - Started process (PID=697) to work on /home/airflow/.local/lib/python3.7/site-packages/airflow/example_dags/example_branch_day_of_week_operator.py
[2023-03-06T09:31:07.761+0000] {processor.py:743} INFO - Processing file /home/airflow/.local/lib/python3.7/site-packages/airflow/example_dags/example_branch_day_of_week_operator.py for tasks to queue
[2023-03-06T09:31:07.769+0000] {logging_mixin.py:137} INFO - [2023-03-06T09:31:07.768+0000] {dagbag.py:538} INFO - Filling up the DagBag from /home/airflow/.local/lib/python3.7/site-packages/airflow/example_dags/example_branch_day_of_week_operator.py
[2023-03-06T09:31:07.831+0000] {processor.py:753} INFO - DAG(s) dict_keys(['example_weekday_branch_operator']) retrieved from /home/airflow/.local/lib/python3.7/site-packages/airflow/example_dags/example_branch_day_of_week_operator.py
[2023-03-06T09:31:07.932+0000] {logging_mixin.py:137} INFO - [2023-03-06T09:31:07.931+0000] {dag.py:2690} INFO - Sync 1 DAGs
[2023-03-06T09:31:08.023+0000] {logging_mixin.py:137} INFO - [2023-03-06T09:31:08.022+0000] {dag.py:3441} INFO - Setting next_dagrun for example_weekday_branch_operator to 2023-03-05T00:00:00+00:00, run_after=2023-03-06T00:00:00+00:00
[2023-03-06T09:31:08.090+0000] {processor.py:175} INFO - Processing /home/airflow/.local/lib/python3.7/site-packages/airflow/example_dags/example_branch_day_of_week_operator.py took 0.344 seconds
[2023-03-06T09:31:38.588+0000] {processor.py:153} INFO - Started process (PID=759) to work on /home/airflow/.local/lib/python3.7/site-packages/airflow/example_dags/example_branch_day_of_week_operator.py
[2023-03-06T09:31:38.593+0000] {processor.py:743} INFO - Processing file /home/airflow/.local/lib/python3.7/site-packages/airflow/example_dags/example_branch_day_of_week_operator.py for tasks to queue
[2023-03-06T09:31:38.598+0000] {logging_mixin.py:137} INFO - [2023-03-06T09:31:38.597+0000] {dagbag.py:538} INFO - Filling up the DagBag from /home/airflow/.local/lib/python3.7/site-packages/airflow/example_dags/example_branch_day_of_week_operator.py
[2023-03-06T09:31:38.646+0000] {processor.py:753} INFO - DAG(s) dict_keys(['example_weekday_branch_operator']) retrieved from /home/airflow/.local/lib/python3.7/site-packages/airflow/example_dags/example_branch_day_of_week_operator.py
[2023-03-06T09:31:38.723+0000] {logging_mixin.py:137} INFO - [2023-03-06T09:31:38.722+0000] {dag.py:2690} INFO - Sync 1 DAGs
[2023-03-06T09:31:38.802+0000] {logging_mixin.py:137} INFO - [2023-03-06T09:31:38.802+0000] {dag.py:3441} INFO - Setting next_dagrun for example_weekday_branch_operator to 2023-03-05T00:00:00+00:00, run_after=2023-03-06T00:00:00+00:00
[2023-03-06T09:31:38.868+0000] {processor.py:175} INFO - Processing /home/airflow/.local/lib/python3.7/site-packages/airflow/example_dags/example_branch_day_of_week_operator.py took 0.289 seconds
[2023-03-06T09:32:10.291+0000] {processor.py:153} INFO - Started process (PID=822) to work on /home/airflow/.local/lib/python3.7/site-packages/airflow/example_dags/example_branch_day_of_week_operator.py
[2023-03-06T09:32:10.298+0000] {processor.py:743} INFO - Processing file /home/airflow/.local/lib/python3.7/site-packages/airflow/example_dags/example_branch_day_of_week_operator.py for tasks to queue
[2023-03-06T09:32:10.306+0000] {logging_mixin.py:137} INFO - [2023-03-06T09:32:10.305+0000] {dagbag.py:538} INFO - Filling up the DagBag from /home/airflow/.local/lib/python3.7/site-packages/airflow/example_dags/example_branch_day_of_week_operator.py
[2023-03-06T09:32:10.417+0000] {processor.py:753} INFO - DAG(s) dict_keys(['example_weekday_branch_operator']) retrieved from /home/airflow/.local/lib/python3.7/site-packages/airflow/example_dags/example_branch_day_of_week_operator.py
[2023-03-06T09:32:10.517+0000] {logging_mixin.py:137} INFO - [2023-03-06T09:32:10.516+0000] {dag.py:2690} INFO - Sync 1 DAGs
[2023-03-06T09:32:10.609+0000] {logging_mixin.py:137} INFO - [2023-03-06T09:32:10.608+0000] {dag.py:3441} INFO - Setting next_dagrun for example_weekday_branch_operator to 2023-03-05T00:00:00+00:00, run_after=2023-03-06T00:00:00+00:00
[2023-03-06T09:32:10.671+0000] {processor.py:175} INFO - Processing /home/airflow/.local/lib/python3.7/site-packages/airflow/example_dags/example_branch_day_of_week_operator.py took 0.415 seconds
[2023-03-06T09:32:40.915+0000] {processor.py:153} INFO - Started process (PID=890) to work on /home/airflow/.local/lib/python3.7/site-packages/airflow/example_dags/example_branch_day_of_week_operator.py
[2023-03-06T09:32:40.918+0000] {processor.py:743} INFO - Processing file /home/airflow/.local/lib/python3.7/site-packages/airflow/example_dags/example_branch_day_of_week_operator.py for tasks to queue
[2023-03-06T09:32:40.922+0000] {logging_mixin.py:137} INFO - [2023-03-06T09:32:40.921+0000] {dagbag.py:538} INFO - Filling up the DagBag from /home/airflow/.local/lib/python3.7/site-packages/airflow/example_dags/example_branch_day_of_week_operator.py
[2023-03-06T09:32:40.970+0000] {processor.py:753} INFO - DAG(s) dict_keys(['example_weekday_branch_operator']) retrieved from /home/airflow/.local/lib/python3.7/site-packages/airflow/example_dags/example_branch_day_of_week_operator.py
[2023-03-06T09:32:41.055+0000] {logging_mixin.py:137} INFO - [2023-03-06T09:32:41.054+0000] {dag.py:2690} INFO - Sync 1 DAGs
[2023-03-06T09:32:41.157+0000] {logging_mixin.py:137} INFO - [2023-03-06T09:32:41.156+0000] {dag.py:3441} INFO - Setting next_dagrun for example_weekday_branch_operator to 2023-03-05T00:00:00+00:00, run_after=2023-03-06T00:00:00+00:00
[2023-03-06T09:32:41.254+0000] {processor.py:175} INFO - Processing /home/airflow/.local/lib/python3.7/site-packages/airflow/example_dags/example_branch_day_of_week_operator.py took 0.349 seconds
[2023-03-06T09:33:11.517+0000] {processor.py:153} INFO - Started process (PID=953) to work on /home/airflow/.local/lib/python3.7/site-packages/airflow/example_dags/example_branch_day_of_week_operator.py
[2023-03-06T09:33:11.521+0000] {processor.py:743} INFO - Processing file /home/airflow/.local/lib/python3.7/site-packages/airflow/example_dags/example_branch_day_of_week_operator.py for tasks to queue
[2023-03-06T09:33:11.526+0000] {logging_mixin.py:137} INFO - [2023-03-06T09:33:11.525+0000] {dagbag.py:538} INFO - Filling up the DagBag from /home/airflow/.local/lib/python3.7/site-packages/airflow/example_dags/example_branch_day_of_week_operator.py
[2023-03-06T09:33:11.585+0000] {processor.py:753} INFO - DAG(s) dict_keys(['example_weekday_branch_operator']) retrieved from /home/airflow/.local/lib/python3.7/site-packages/airflow/example_dags/example_branch_day_of_week_operator.py
[2023-03-06T09:33:11.701+0000] {logging_mixin.py:137} INFO - [2023-03-06T09:33:11.700+0000] {dag.py:2690} INFO - Sync 1 DAGs
[2023-03-06T09:33:11.839+0000] {logging_mixin.py:137} INFO - [2023-03-06T09:33:11.839+0000] {dag.py:3441} INFO - Setting next_dagrun for example_weekday_branch_operator to 2023-03-05T00:00:00+00:00, run_after=2023-03-06T00:00:00+00:00
[2023-03-06T09:33:11.899+0000] {processor.py:175} INFO - Processing /home/airflow/.local/lib/python3.7/site-packages/airflow/example_dags/example_branch_day_of_week_operator.py took 0.397 seconds
[2023-03-06T09:33:43.068+0000] {processor.py:153} INFO - Started process (PID=1012) to work on /home/airflow/.local/lib/python3.7/site-packages/airflow/example_dags/example_branch_day_of_week_operator.py
[2023-03-06T09:33:43.078+0000] {processor.py:743} INFO - Processing file /home/airflow/.local/lib/python3.7/site-packages/airflow/example_dags/example_branch_day_of_week_operator.py for tasks to queue
[2023-03-06T09:33:43.082+0000] {logging_mixin.py:137} INFO - [2023-03-06T09:33:43.082+0000] {dagbag.py:538} INFO - Filling up the DagBag from /home/airflow/.local/lib/python3.7/site-packages/airflow/example_dags/example_branch_day_of_week_operator.py
[2023-03-06T09:33:43.135+0000] {processor.py:753} INFO - DAG(s) dict_keys(['example_weekday_branch_operator']) retrieved from /home/airflow/.local/lib/python3.7/site-packages/airflow/example_dags/example_branch_day_of_week_operator.py
[2023-03-06T09:33:43.203+0000] {logging_mixin.py:137} INFO - [2023-03-06T09:33:43.202+0000] {dag.py:2690} INFO - Sync 1 DAGs
[2023-03-06T09:33:43.275+0000] {logging_mixin.py:137} INFO - [2023-03-06T09:33:43.275+0000] {dag.py:3441} INFO - Setting next_dagrun for example_weekday_branch_operator to 2023-03-05T00:00:00+00:00, run_after=2023-03-06T00:00:00+00:00
[2023-03-06T09:33:43.335+0000] {processor.py:175} INFO - Processing /home/airflow/.local/lib/python3.7/site-packages/airflow/example_dags/example_branch_day_of_week_operator.py took 0.282 seconds
[2023-03-06T09:34:14.006+0000] {processor.py:153} INFO - Started process (PID=1073) to work on /home/airflow/.local/lib/python3.7/site-packages/airflow/example_dags/example_branch_day_of_week_operator.py
[2023-03-06T09:34:14.010+0000] {processor.py:743} INFO - Processing file /home/airflow/.local/lib/python3.7/site-packages/airflow/example_dags/example_branch_day_of_week_operator.py for tasks to queue
[2023-03-06T09:34:14.012+0000] {logging_mixin.py:137} INFO - [2023-03-06T09:34:14.012+0000] {dagbag.py:538} INFO - Filling up the DagBag from /home/airflow/.local/lib/python3.7/site-packages/airflow/example_dags/example_branch_day_of_week_operator.py
[2023-03-06T09:34:14.068+0000] {processor.py:753} INFO - DAG(s) dict_keys(['example_weekday_branch_operator']) retrieved from /home/airflow/.local/lib/python3.7/site-packages/airflow/example_dags/example_branch_day_of_week_operator.py
[2023-03-06T09:34:14.141+0000] {logging_mixin.py:137} INFO - [2023-03-06T09:34:14.141+0000] {dag.py:2690} INFO - Sync 1 DAGs
[2023-03-06T09:34:14.217+0000] {logging_mixin.py:137} INFO - [2023-03-06T09:34:14.217+0000] {dag.py:3441} INFO - Setting next_dagrun for example_weekday_branch_operator to 2023-03-05T00:00:00+00:00, run_after=2023-03-06T00:00:00+00:00
[2023-03-06T09:34:14.280+0000] {processor.py:175} INFO - Processing /home/airflow/.local/lib/python3.7/site-packages/airflow/example_dags/example_branch_day_of_week_operator.py took 0.284 seconds
[2023-03-06T09:34:44.830+0000] {processor.py:153} INFO - Started process (PID=1136) to work on /home/airflow/.local/lib/python3.7/site-packages/airflow/example_dags/example_branch_day_of_week_operator.py
[2023-03-06T09:34:44.834+0000] {processor.py:743} INFO - Processing file /home/airflow/.local/lib/python3.7/site-packages/airflow/example_dags/example_branch_day_of_week_operator.py for tasks to queue
[2023-03-06T09:34:44.839+0000] {logging_mixin.py:137} INFO - [2023-03-06T09:34:44.839+0000] {dagbag.py:538} INFO - Filling up the DagBag from /home/airflow/.local/lib/python3.7/site-packages/airflow/example_dags/example_branch_day_of_week_operator.py
[2023-03-06T09:34:44.886+0000] {processor.py:753} INFO - DAG(s) dict_keys(['example_weekday_branch_operator']) retrieved from /home/airflow/.local/lib/python3.7/site-packages/airflow/example_dags/example_branch_day_of_week_operator.py
[2023-03-06T09:34:44.964+0000] {logging_mixin.py:137} INFO - [2023-03-06T09:34:44.963+0000] {dag.py:2690} INFO - Sync 1 DAGs
[2023-03-06T09:34:45.071+0000] {logging_mixin.py:137} INFO - [2023-03-06T09:34:45.070+0000] {dag.py:3441} INFO - Setting next_dagrun for example_weekday_branch_operator to 2023-03-05T00:00:00+00:00, run_after=2023-03-06T00:00:00+00:00
[2023-03-06T09:34:45.177+0000] {processor.py:175} INFO - Processing /home/airflow/.local/lib/python3.7/site-packages/airflow/example_dags/example_branch_day_of_week_operator.py took 0.357 seconds
[2023-03-06T09:35:15.484+0000] {processor.py:153} INFO - Started process (PID=1192) to work on /home/airflow/.local/lib/python3.7/site-packages/airflow/example_dags/example_branch_day_of_week_operator.py
[2023-03-06T09:35:15.486+0000] {processor.py:743} INFO - Processing file /home/airflow/.local/lib/python3.7/site-packages/airflow/example_dags/example_branch_day_of_week_operator.py for tasks to queue
[2023-03-06T09:35:15.489+0000] {logging_mixin.py:137} INFO - [2023-03-06T09:35:15.489+0000] {dagbag.py:538} INFO - Filling up the DagBag from /home/airflow/.local/lib/python3.7/site-packages/airflow/example_dags/example_branch_day_of_week_operator.py
[2023-03-06T09:35:15.535+0000] {processor.py:753} INFO - DAG(s) dict_keys(['example_weekday_branch_operator']) retrieved from /home/airflow/.local/lib/python3.7/site-packages/airflow/example_dags/example_branch_day_of_week_operator.py
[2023-03-06T09:35:15.624+0000] {logging_mixin.py:137} INFO - [2023-03-06T09:35:15.623+0000] {dag.py:2690} INFO - Sync 1 DAGs
[2023-03-06T09:35:15.729+0000] {logging_mixin.py:137} INFO - [2023-03-06T09:35:15.729+0000] {dag.py:3441} INFO - Setting next_dagrun for example_weekday_branch_operator to 2023-03-05T00:00:00+00:00, run_after=2023-03-06T00:00:00+00:00
[2023-03-06T09:35:15.799+0000] {processor.py:175} INFO - Processing /home/airflow/.local/lib/python3.7/site-packages/airflow/example_dags/example_branch_day_of_week_operator.py took 0.330 seconds
[2023-03-06T09:35:46.754+0000] {processor.py:153} INFO - Started process (PID=1262) to work on /home/airflow/.local/lib/python3.7/site-packages/airflow/example_dags/example_branch_day_of_week_operator.py
[2023-03-06T09:35:46.756+0000] {processor.py:743} INFO - Processing file /home/airflow/.local/lib/python3.7/site-packages/airflow/example_dags/example_branch_day_of_week_operator.py for tasks to queue
[2023-03-06T09:35:46.759+0000] {logging_mixin.py:137} INFO - [2023-03-06T09:35:46.759+0000] {dagbag.py:538} INFO - Filling up the DagBag from /home/airflow/.local/lib/python3.7/site-packages/airflow/example_dags/example_branch_day_of_week_operator.py
[2023-03-06T09:35:46.800+0000] {processor.py:753} INFO - DAG(s) dict_keys(['example_weekday_branch_operator']) retrieved from /home/airflow/.local/lib/python3.7/site-packages/airflow/example_dags/example_branch_day_of_week_operator.py
[2023-03-06T09:35:46.870+0000] {logging_mixin.py:137} INFO - [2023-03-06T09:35:46.869+0000] {dag.py:2690} INFO - Sync 1 DAGs
[2023-03-06T09:35:46.943+0000] {logging_mixin.py:137} INFO - [2023-03-06T09:35:46.942+0000] {dag.py:3441} INFO - Setting next_dagrun for example_weekday_branch_operator to 2023-03-05T00:00:00+00:00, run_after=2023-03-06T00:00:00+00:00
[2023-03-06T09:35:46.997+0000] {processor.py:175} INFO - Processing /home/airflow/.local/lib/python3.7/site-packages/airflow/example_dags/example_branch_day_of_week_operator.py took 0.251 seconds
[2023-03-06T09:36:17.316+0000] {processor.py:153} INFO - Started process (PID=1318) to work on /home/airflow/.local/lib/python3.7/site-packages/airflow/example_dags/example_branch_day_of_week_operator.py
[2023-03-06T09:36:17.319+0000] {processor.py:743} INFO - Processing file /home/airflow/.local/lib/python3.7/site-packages/airflow/example_dags/example_branch_day_of_week_operator.py for tasks to queue
[2023-03-06T09:36:17.324+0000] {logging_mixin.py:137} INFO - [2023-03-06T09:36:17.323+0000] {dagbag.py:538} INFO - Filling up the DagBag from /home/airflow/.local/lib/python3.7/site-packages/airflow/example_dags/example_branch_day_of_week_operator.py
[2023-03-06T09:36:17.386+0000] {processor.py:753} INFO - DAG(s) dict_keys(['example_weekday_branch_operator']) retrieved from /home/airflow/.local/lib/python3.7/site-packages/airflow/example_dags/example_branch_day_of_week_operator.py
[2023-03-06T09:36:17.477+0000] {logging_mixin.py:137} INFO - [2023-03-06T09:36:17.477+0000] {dag.py:2690} INFO - Sync 1 DAGs
[2023-03-06T09:36:17.557+0000] {logging_mixin.py:137} INFO - [2023-03-06T09:36:17.556+0000] {dag.py:3441} INFO - Setting next_dagrun for example_weekday_branch_operator to 2023-03-05T00:00:00+00:00, run_after=2023-03-06T00:00:00+00:00
[2023-03-06T09:36:17.617+0000] {processor.py:175} INFO - Processing /home/airflow/.local/lib/python3.7/site-packages/airflow/example_dags/example_branch_day_of_week_operator.py took 0.308 seconds
[2023-03-06T09:36:48.269+0000] {processor.py:153} INFO - Started process (PID=1382) to work on /home/airflow/.local/lib/python3.7/site-packages/airflow/example_dags/example_branch_day_of_week_operator.py
[2023-03-06T09:36:48.272+0000] {processor.py:743} INFO - Processing file /home/airflow/.local/lib/python3.7/site-packages/airflow/example_dags/example_branch_day_of_week_operator.py for tasks to queue
[2023-03-06T09:36:48.276+0000] {logging_mixin.py:137} INFO - [2023-03-06T09:36:48.275+0000] {dagbag.py:538} INFO - Filling up the DagBag from /home/airflow/.local/lib/python3.7/site-packages/airflow/example_dags/example_branch_day_of_week_operator.py
[2023-03-06T09:36:48.327+0000] {processor.py:753} INFO - DAG(s) dict_keys(['example_weekday_branch_operator']) retrieved from /home/airflow/.local/lib/python3.7/site-packages/airflow/example_dags/example_branch_day_of_week_operator.py
[2023-03-06T09:36:48.415+0000] {logging_mixin.py:137} INFO - [2023-03-06T09:36:48.415+0000] {dag.py:2690} INFO - Sync 1 DAGs
[2023-03-06T09:36:48.486+0000] {logging_mixin.py:137} INFO - [2023-03-06T09:36:48.485+0000] {dag.py:3441} INFO - Setting next_dagrun for example_weekday_branch_operator to 2023-03-05T00:00:00+00:00, run_after=2023-03-06T00:00:00+00:00
[2023-03-06T09:36:48.536+0000] {processor.py:175} INFO - Processing /home/airflow/.local/lib/python3.7/site-packages/airflow/example_dags/example_branch_day_of_week_operator.py took 0.278 seconds
[2023-03-06T09:37:18.743+0000] {processor.py:153} INFO - Started process (PID=1446) to work on /home/airflow/.local/lib/python3.7/site-packages/airflow/example_dags/example_branch_day_of_week_operator.py
[2023-03-06T09:37:18.747+0000] {processor.py:743} INFO - Processing file /home/airflow/.local/lib/python3.7/site-packages/airflow/example_dags/example_branch_day_of_week_operator.py for tasks to queue
[2023-03-06T09:37:18.751+0000] {logging_mixin.py:137} INFO - [2023-03-06T09:37:18.751+0000] {dagbag.py:538} INFO - Filling up the DagBag from /home/airflow/.local/lib/python3.7/site-packages/airflow/example_dags/example_branch_day_of_week_operator.py
[2023-03-06T09:37:18.811+0000] {processor.py:753} INFO - DAG(s) dict_keys(['example_weekday_branch_operator']) retrieved from /home/airflow/.local/lib/python3.7/site-packages/airflow/example_dags/example_branch_day_of_week_operator.py
[2023-03-06T09:37:18.895+0000] {logging_mixin.py:137} INFO - [2023-03-06T09:37:18.895+0000] {dag.py:2690} INFO - Sync 1 DAGs
[2023-03-06T09:37:18.993+0000] {logging_mixin.py:137} INFO - [2023-03-06T09:37:18.992+0000] {dag.py:3441} INFO - Setting next_dagrun for example_weekday_branch_operator to 2023-03-05T00:00:00+00:00, run_after=2023-03-06T00:00:00+00:00
[2023-03-06T09:37:19.049+0000] {processor.py:175} INFO - Processing /home/airflow/.local/lib/python3.7/site-packages/airflow/example_dags/example_branch_day_of_week_operator.py took 0.321 seconds
[2023-03-06T09:37:49.796+0000] {processor.py:153} INFO - Started process (PID=1509) to work on /home/airflow/.local/lib/python3.7/site-packages/airflow/example_dags/example_branch_day_of_week_operator.py
[2023-03-06T09:37:49.800+0000] {processor.py:743} INFO - Processing file /home/airflow/.local/lib/python3.7/site-packages/airflow/example_dags/example_branch_day_of_week_operator.py for tasks to queue
[2023-03-06T09:37:49.806+0000] {logging_mixin.py:137} INFO - [2023-03-06T09:37:49.805+0000] {dagbag.py:538} INFO - Filling up the DagBag from /home/airflow/.local/lib/python3.7/site-packages/airflow/example_dags/example_branch_day_of_week_operator.py
[2023-03-06T09:37:49.878+0000] {processor.py:753} INFO - DAG(s) dict_keys(['example_weekday_branch_operator']) retrieved from /home/airflow/.local/lib/python3.7/site-packages/airflow/example_dags/example_branch_day_of_week_operator.py
[2023-03-06T09:37:49.983+0000] {logging_mixin.py:137} INFO - [2023-03-06T09:37:49.983+0000] {dag.py:2690} INFO - Sync 1 DAGs
[2023-03-06T09:37:50.095+0000] {logging_mixin.py:137} INFO - [2023-03-06T09:37:50.094+0000] {dag.py:3441} INFO - Setting next_dagrun for example_weekday_branch_operator to 2023-03-05T00:00:00+00:00, run_after=2023-03-06T00:00:00+00:00
[2023-03-06T09:37:50.151+0000] {processor.py:175} INFO - Processing /home/airflow/.local/lib/python3.7/site-packages/airflow/example_dags/example_branch_day_of_week_operator.py took 0.368 seconds
[2023-03-06T09:38:20.673+0000] {processor.py:153} INFO - Started process (PID=1572) to work on /home/airflow/.local/lib/python3.7/site-packages/airflow/example_dags/example_branch_day_of_week_operator.py
[2023-03-06T09:38:20.675+0000] {processor.py:743} INFO - Processing file /home/airflow/.local/lib/python3.7/site-packages/airflow/example_dags/example_branch_day_of_week_operator.py for tasks to queue
[2023-03-06T09:38:20.679+0000] {logging_mixin.py:137} INFO - [2023-03-06T09:38:20.678+0000] {dagbag.py:538} INFO - Filling up the DagBag from /home/airflow/.local/lib/python3.7/site-packages/airflow/example_dags/example_branch_day_of_week_operator.py
[2023-03-06T09:38:20.728+0000] {processor.py:753} INFO - DAG(s) dict_keys(['example_weekday_branch_operator']) retrieved from /home/airflow/.local/lib/python3.7/site-packages/airflow/example_dags/example_branch_day_of_week_operator.py
[2023-03-06T09:38:20.795+0000] {logging_mixin.py:137} INFO - [2023-03-06T09:38:20.794+0000] {dag.py:2690} INFO - Sync 1 DAGs
[2023-03-06T09:38:20.866+0000] {logging_mixin.py:137} INFO - [2023-03-06T09:38:20.866+0000] {dag.py:3441} INFO - Setting next_dagrun for example_weekday_branch_operator to 2023-03-05T00:00:00+00:00, run_after=2023-03-06T00:00:00+00:00
[2023-03-06T09:38:20.926+0000] {processor.py:175} INFO - Processing /home/airflow/.local/lib/python3.7/site-packages/airflow/example_dags/example_branch_day_of_week_operator.py took 0.262 seconds
[2023-03-06T09:38:51.627+0000] {processor.py:153} INFO - Started process (PID=1634) to work on /home/airflow/.local/lib/python3.7/site-packages/airflow/example_dags/example_branch_day_of_week_operator.py
[2023-03-06T09:38:51.631+0000] {processor.py:743} INFO - Processing file /home/airflow/.local/lib/python3.7/site-packages/airflow/example_dags/example_branch_day_of_week_operator.py for tasks to queue
[2023-03-06T09:38:51.634+0000] {logging_mixin.py:137} INFO - [2023-03-06T09:38:51.633+0000] {dagbag.py:538} INFO - Filling up the DagBag from /home/airflow/.local/lib/python3.7/site-packages/airflow/example_dags/example_branch_day_of_week_operator.py
[2023-03-06T09:38:51.709+0000] {processor.py:753} INFO - DAG(s) dict_keys(['example_weekday_branch_operator']) retrieved from /home/airflow/.local/lib/python3.7/site-packages/airflow/example_dags/example_branch_day_of_week_operator.py
[2023-03-06T09:38:51.799+0000] {logging_mixin.py:137} INFO - [2023-03-06T09:38:51.798+0000] {dag.py:2690} INFO - Sync 1 DAGs
[2023-03-06T09:38:51.897+0000] {logging_mixin.py:137} INFO - [2023-03-06T09:38:51.896+0000] {dag.py:3441} INFO - Setting next_dagrun for example_weekday_branch_operator to 2023-03-05T00:00:00+00:00, run_after=2023-03-06T00:00:00+00:00
[2023-03-06T09:38:51.969+0000] {processor.py:175} INFO - Processing /home/airflow/.local/lib/python3.7/site-packages/airflow/example_dags/example_branch_day_of_week_operator.py took 0.354 seconds
[2023-03-06T09:39:22.611+0000] {processor.py:153} INFO - Started process (PID=1697) to work on /home/airflow/.local/lib/python3.7/site-packages/airflow/example_dags/example_branch_day_of_week_operator.py
[2023-03-06T09:39:22.614+0000] {processor.py:743} INFO - Processing file /home/airflow/.local/lib/python3.7/site-packages/airflow/example_dags/example_branch_day_of_week_operator.py for tasks to queue
[2023-03-06T09:39:22.617+0000] {logging_mixin.py:137} INFO - [2023-03-06T09:39:22.617+0000] {dagbag.py:538} INFO - Filling up the DagBag from /home/airflow/.local/lib/python3.7/site-packages/airflow/example_dags/example_branch_day_of_week_operator.py
[2023-03-06T09:39:22.674+0000] {processor.py:753} INFO - DAG(s) dict_keys(['example_weekday_branch_operator']) retrieved from /home/airflow/.local/lib/python3.7/site-packages/airflow/example_dags/example_branch_day_of_week_operator.py
[2023-03-06T09:39:22.774+0000] {logging_mixin.py:137} INFO - [2023-03-06T09:39:22.773+0000] {dag.py:2690} INFO - Sync 1 DAGs
[2023-03-06T09:39:22.902+0000] {logging_mixin.py:137} INFO - [2023-03-06T09:39:22.901+0000] {dag.py:3441} INFO - Setting next_dagrun for example_weekday_branch_operator to 2023-03-05T00:00:00+00:00, run_after=2023-03-06T00:00:00+00:00
[2023-03-06T09:39:22.982+0000] {processor.py:175} INFO - Processing /home/airflow/.local/lib/python3.7/site-packages/airflow/example_dags/example_branch_day_of_week_operator.py took 0.385 seconds
[2023-03-06T09:39:53.555+0000] {processor.py:153} INFO - Started process (PID=1761) to work on /home/airflow/.local/lib/python3.7/site-packages/airflow/example_dags/example_branch_day_of_week_operator.py
[2023-03-06T09:39:53.557+0000] {processor.py:743} INFO - Processing file /home/airflow/.local/lib/python3.7/site-packages/airflow/example_dags/example_branch_day_of_week_operator.py for tasks to queue
[2023-03-06T09:39:53.561+0000] {logging_mixin.py:137} INFO - [2023-03-06T09:39:53.560+0000] {dagbag.py:538} INFO - Filling up the DagBag from /home/airflow/.local/lib/python3.7/site-packages/airflow/example_dags/example_branch_day_of_week_operator.py
[2023-03-06T09:39:53.606+0000] {processor.py:753} INFO - DAG(s) dict_keys(['example_weekday_branch_operator']) retrieved from /home/airflow/.local/lib/python3.7/site-packages/airflow/example_dags/example_branch_day_of_week_operator.py
[2023-03-06T09:39:53.680+0000] {logging_mixin.py:137} INFO - [2023-03-06T09:39:53.680+0000] {dag.py:2690} INFO - Sync 1 DAGs
[2023-03-06T09:39:53.775+0000] {logging_mixin.py:137} INFO - [2023-03-06T09:39:53.775+0000] {dag.py:3441} INFO - Setting next_dagrun for example_weekday_branch_operator to 2023-03-05T00:00:00+00:00, run_after=2023-03-06T00:00:00+00:00
[2023-03-06T09:39:53.824+0000] {processor.py:175} INFO - Processing /home/airflow/.local/lib/python3.7/site-packages/airflow/example_dags/example_branch_day_of_week_operator.py took 0.278 seconds
[2023-03-06T09:40:25.681+0000] {processor.py:153} INFO - Started process (PID=1824) to work on /home/airflow/.local/lib/python3.7/site-packages/airflow/example_dags/example_branch_day_of_week_operator.py
[2023-03-06T09:40:25.685+0000] {processor.py:743} INFO - Processing file /home/airflow/.local/lib/python3.7/site-packages/airflow/example_dags/example_branch_day_of_week_operator.py for tasks to queue
[2023-03-06T09:40:25.689+0000] {logging_mixin.py:137} INFO - [2023-03-06T09:40:25.689+0000] {dagbag.py:538} INFO - Filling up the DagBag from /home/airflow/.local/lib/python3.7/site-packages/airflow/example_dags/example_branch_day_of_week_operator.py
[2023-03-06T09:40:25.737+0000] {processor.py:753} INFO - DAG(s) dict_keys(['example_weekday_branch_operator']) retrieved from /home/airflow/.local/lib/python3.7/site-packages/airflow/example_dags/example_branch_day_of_week_operator.py
[2023-03-06T09:40:25.816+0000] {logging_mixin.py:137} INFO - [2023-03-06T09:40:25.816+0000] {dag.py:2690} INFO - Sync 1 DAGs
[2023-03-06T09:40:25.898+0000] {logging_mixin.py:137} INFO - [2023-03-06T09:40:25.898+0000] {dag.py:3441} INFO - Setting next_dagrun for example_weekday_branch_operator to 2023-03-05T00:00:00+00:00, run_after=2023-03-06T00:00:00+00:00
[2023-03-06T09:40:25.960+0000] {processor.py:175} INFO - Processing /home/airflow/.local/lib/python3.7/site-packages/airflow/example_dags/example_branch_day_of_week_operator.py took 0.288 seconds
[2023-03-06T09:40:56.771+0000] {processor.py:153} INFO - Started process (PID=1887) to work on /home/airflow/.local/lib/python3.7/site-packages/airflow/example_dags/example_branch_day_of_week_operator.py
[2023-03-06T09:40:56.775+0000] {processor.py:743} INFO - Processing file /home/airflow/.local/lib/python3.7/site-packages/airflow/example_dags/example_branch_day_of_week_operator.py for tasks to queue
[2023-03-06T09:40:56.780+0000] {logging_mixin.py:137} INFO - [2023-03-06T09:40:56.779+0000] {dagbag.py:538} INFO - Filling up the DagBag from /home/airflow/.local/lib/python3.7/site-packages/airflow/example_dags/example_branch_day_of_week_operator.py
[2023-03-06T09:40:56.835+0000] {processor.py:753} INFO - DAG(s) dict_keys(['example_weekday_branch_operator']) retrieved from /home/airflow/.local/lib/python3.7/site-packages/airflow/example_dags/example_branch_day_of_week_operator.py
[2023-03-06T09:40:56.924+0000] {logging_mixin.py:137} INFO - [2023-03-06T09:40:56.923+0000] {dag.py:2690} INFO - Sync 1 DAGs
[2023-03-06T09:40:57.019+0000] {logging_mixin.py:137} INFO - [2023-03-06T09:40:57.019+0000] {dag.py:3441} INFO - Setting next_dagrun for example_weekday_branch_operator to 2023-03-05T00:00:00+00:00, run_after=2023-03-06T00:00:00+00:00
[2023-03-06T09:40:57.089+0000] {processor.py:175} INFO - Processing /home/airflow/.local/lib/python3.7/site-packages/airflow/example_dags/example_branch_day_of_week_operator.py took 0.327 seconds
[2023-03-06T09:41:27.280+0000] {processor.py:153} INFO - Started process (PID=1951) to work on /home/airflow/.local/lib/python3.7/site-packages/airflow/example_dags/example_branch_day_of_week_operator.py
[2023-03-06T09:41:27.283+0000] {processor.py:743} INFO - Processing file /home/airflow/.local/lib/python3.7/site-packages/airflow/example_dags/example_branch_day_of_week_operator.py for tasks to queue
[2023-03-06T09:41:27.286+0000] {logging_mixin.py:137} INFO - [2023-03-06T09:41:27.286+0000] {dagbag.py:538} INFO - Filling up the DagBag from /home/airflow/.local/lib/python3.7/site-packages/airflow/example_dags/example_branch_day_of_week_operator.py
[2023-03-06T09:41:27.348+0000] {processor.py:753} INFO - DAG(s) dict_keys(['example_weekday_branch_operator']) retrieved from /home/airflow/.local/lib/python3.7/site-packages/airflow/example_dags/example_branch_day_of_week_operator.py
[2023-03-06T09:41:27.469+0000] {logging_mixin.py:137} INFO - [2023-03-06T09:41:27.469+0000] {dag.py:2690} INFO - Sync 1 DAGs
[2023-03-06T09:41:27.590+0000] {logging_mixin.py:137} INFO - [2023-03-06T09:41:27.589+0000] {dag.py:3441} INFO - Setting next_dagrun for example_weekday_branch_operator to 2023-03-05T00:00:00+00:00, run_after=2023-03-06T00:00:00+00:00
[2023-03-06T09:41:27.647+0000] {processor.py:175} INFO - Processing /home/airflow/.local/lib/python3.7/site-packages/airflow/example_dags/example_branch_day_of_week_operator.py took 0.382 seconds
