[2023-03-06T09:25:56.228+0000] {processor.py:153} INFO - Started process (PID=48) to work on /home/airflow/.local/lib/python3.7/site-packages/airflow/example_dags/example_short_circuit_operator.py
[2023-03-06T09:25:56.232+0000] {processor.py:743} INFO - Processing file /home/airflow/.local/lib/python3.7/site-packages/airflow/example_dags/example_short_circuit_operator.py for tasks to queue
[2023-03-06T09:25:56.235+0000] {logging_mixin.py:137} INFO - [2023-03-06T09:25:56.235+0000] {dagbag.py:538} INFO - Filling up the DagBag from /home/airflow/.local/lib/python3.7/site-packages/airflow/example_dags/example_short_circuit_operator.py
[2023-03-06T09:25:56.300+0000] {processor.py:753} INFO - DAG(s) dict_keys(['example_short_circuit_operator']) retrieved from /home/airflow/.local/lib/python3.7/site-packages/airflow/example_dags/example_short_circuit_operator.py
[2023-03-06T09:25:56.468+0000] {logging_mixin.py:137} INFO - [2023-03-06T09:25:56.467+0000] {dag.py:2690} INFO - Sync 1 DAGs
[2023-03-06T09:25:56.563+0000] {logging_mixin.py:137} INFO - [2023-03-06T09:25:56.562+0000] {dag.py:3441} INFO - Setting next_dagrun for example_short_circuit_operator to 2023-03-05T09:25:56.561797+00:00, run_after=2023-03-06T09:25:56.561797+00:00
[2023-03-06T09:25:56.626+0000] {processor.py:175} INFO - Processing /home/airflow/.local/lib/python3.7/site-packages/airflow/example_dags/example_short_circuit_operator.py took 0.420 seconds
[2023-03-06T09:26:27.438+0000] {processor.py:153} INFO - Started process (PID=111) to work on /home/airflow/.local/lib/python3.7/site-packages/airflow/example_dags/example_short_circuit_operator.py
[2023-03-06T09:26:27.441+0000] {processor.py:743} INFO - Processing file /home/airflow/.local/lib/python3.7/site-packages/airflow/example_dags/example_short_circuit_operator.py for tasks to queue
[2023-03-06T09:26:27.446+0000] {logging_mixin.py:137} INFO - [2023-03-06T09:26:27.445+0000] {dagbag.py:538} INFO - Filling up the DagBag from /home/airflow/.local/lib/python3.7/site-packages/airflow/example_dags/example_short_circuit_operator.py
[2023-03-06T09:26:27.496+0000] {processor.py:753} INFO - DAG(s) dict_keys(['example_short_circuit_operator']) retrieved from /home/airflow/.local/lib/python3.7/site-packages/airflow/example_dags/example_short_circuit_operator.py
[2023-03-06T09:26:27.559+0000] {logging_mixin.py:137} INFO - [2023-03-06T09:26:27.559+0000] {dag.py:2690} INFO - Sync 1 DAGs
[2023-03-06T09:26:27.616+0000] {logging_mixin.py:137} INFO - [2023-03-06T09:26:27.615+0000] {dag.py:3441} INFO - Setting next_dagrun for example_short_circuit_operator to 2023-03-05T09:26:27.615394+00:00, run_after=2023-03-06T09:26:27.615394+00:00
[2023-03-06T09:26:27.661+0000] {processor.py:175} INFO - Processing /home/airflow/.local/lib/python3.7/site-packages/airflow/example_dags/example_short_circuit_operator.py took 0.232 seconds
[2023-03-06T09:26:57.981+0000] {processor.py:153} INFO - Started process (PID=173) to work on /home/airflow/.local/lib/python3.7/site-packages/airflow/example_dags/example_short_circuit_operator.py
[2023-03-06T09:26:57.983+0000] {processor.py:743} INFO - Processing file /home/airflow/.local/lib/python3.7/site-packages/airflow/example_dags/example_short_circuit_operator.py for tasks to queue
[2023-03-06T09:26:57.986+0000] {logging_mixin.py:137} INFO - [2023-03-06T09:26:57.985+0000] {dagbag.py:538} INFO - Filling up the DagBag from /home/airflow/.local/lib/python3.7/site-packages/airflow/example_dags/example_short_circuit_operator.py
[2023-03-06T09:26:58.030+0000] {processor.py:753} INFO - DAG(s) dict_keys(['example_short_circuit_operator']) retrieved from /home/airflow/.local/lib/python3.7/site-packages/airflow/example_dags/example_short_circuit_operator.py
[2023-03-06T09:26:58.130+0000] {logging_mixin.py:137} INFO - [2023-03-06T09:26:58.129+0000] {dag.py:2690} INFO - Sync 1 DAGs
[2023-03-06T09:26:58.221+0000] {logging_mixin.py:137} INFO - [2023-03-06T09:26:58.220+0000] {dag.py:3441} INFO - Setting next_dagrun for example_short_circuit_operator to 2023-03-05T09:26:58.220260+00:00, run_after=2023-03-06T09:26:58.220260+00:00
[2023-03-06T09:26:58.266+0000] {processor.py:175} INFO - Processing /home/airflow/.local/lib/python3.7/site-packages/airflow/example_dags/example_short_circuit_operator.py took 0.294 seconds
[2023-03-06T09:27:29.032+0000] {processor.py:153} INFO - Started process (PID=236) to work on /home/airflow/.local/lib/python3.7/site-packages/airflow/example_dags/example_short_circuit_operator.py
[2023-03-06T09:27:29.039+0000] {processor.py:743} INFO - Processing file /home/airflow/.local/lib/python3.7/site-packages/airflow/example_dags/example_short_circuit_operator.py for tasks to queue
[2023-03-06T09:27:29.045+0000] {logging_mixin.py:137} INFO - [2023-03-06T09:27:29.044+0000] {dagbag.py:538} INFO - Filling up the DagBag from /home/airflow/.local/lib/python3.7/site-packages/airflow/example_dags/example_short_circuit_operator.py
[2023-03-06T09:27:29.143+0000] {processor.py:753} INFO - DAG(s) dict_keys(['example_short_circuit_operator']) retrieved from /home/airflow/.local/lib/python3.7/site-packages/airflow/example_dags/example_short_circuit_operator.py
[2023-03-06T09:27:29.295+0000] {logging_mixin.py:137} INFO - [2023-03-06T09:27:29.295+0000] {dag.py:2690} INFO - Sync 1 DAGs
[2023-03-06T09:27:29.471+0000] {logging_mixin.py:137} INFO - [2023-03-06T09:27:29.470+0000] {dag.py:3441} INFO - Setting next_dagrun for example_short_circuit_operator to 2023-03-05T09:27:29.467717+00:00, run_after=2023-03-06T09:27:29.467717+00:00
[2023-03-06T09:27:29.598+0000] {processor.py:175} INFO - Processing /home/airflow/.local/lib/python3.7/site-packages/airflow/example_dags/example_short_circuit_operator.py took 0.583 seconds
[2023-03-06T09:28:00.643+0000] {processor.py:153} INFO - Started process (PID=299) to work on /home/airflow/.local/lib/python3.7/site-packages/airflow/example_dags/example_short_circuit_operator.py
[2023-03-06T09:28:00.668+0000] {processor.py:743} INFO - Processing file /home/airflow/.local/lib/python3.7/site-packages/airflow/example_dags/example_short_circuit_operator.py for tasks to queue
[2023-03-06T09:28:00.681+0000] {logging_mixin.py:137} INFO - [2023-03-06T09:28:00.679+0000] {dagbag.py:538} INFO - Filling up the DagBag from /home/airflow/.local/lib/python3.7/site-packages/airflow/example_dags/example_short_circuit_operator.py
[2023-03-06T09:28:00.793+0000] {processor.py:753} INFO - DAG(s) dict_keys(['example_short_circuit_operator']) retrieved from /home/airflow/.local/lib/python3.7/site-packages/airflow/example_dags/example_short_circuit_operator.py
[2023-03-06T09:28:00.891+0000] {logging_mixin.py:137} INFO - [2023-03-06T09:28:00.891+0000] {dag.py:2690} INFO - Sync 1 DAGs
[2023-03-06T09:28:00.982+0000] {logging_mixin.py:137} INFO - [2023-03-06T09:28:00.981+0000] {dag.py:3441} INFO - Setting next_dagrun for example_short_circuit_operator to 2023-03-05T09:28:00.981203+00:00, run_after=2023-03-06T09:28:00.981203+00:00
[2023-03-06T09:28:01.042+0000] {processor.py:175} INFO - Processing /home/airflow/.local/lib/python3.7/site-packages/airflow/example_dags/example_short_circuit_operator.py took 0.417 seconds
[2023-03-06T09:28:31.557+0000] {processor.py:153} INFO - Started process (PID=362) to work on /home/airflow/.local/lib/python3.7/site-packages/airflow/example_dags/example_short_circuit_operator.py
[2023-03-06T09:28:31.560+0000] {processor.py:743} INFO - Processing file /home/airflow/.local/lib/python3.7/site-packages/airflow/example_dags/example_short_circuit_operator.py for tasks to queue
[2023-03-06T09:28:31.562+0000] {logging_mixin.py:137} INFO - [2023-03-06T09:28:31.562+0000] {dagbag.py:538} INFO - Filling up the DagBag from /home/airflow/.local/lib/python3.7/site-packages/airflow/example_dags/example_short_circuit_operator.py
[2023-03-06T09:28:31.607+0000] {processor.py:753} INFO - DAG(s) dict_keys(['example_short_circuit_operator']) retrieved from /home/airflow/.local/lib/python3.7/site-packages/airflow/example_dags/example_short_circuit_operator.py
[2023-03-06T09:28:31.669+0000] {logging_mixin.py:137} INFO - [2023-03-06T09:28:31.668+0000] {dag.py:2690} INFO - Sync 1 DAGs
[2023-03-06T09:28:31.779+0000] {logging_mixin.py:137} INFO - [2023-03-06T09:28:31.779+0000] {dag.py:3441} INFO - Setting next_dagrun for example_short_circuit_operator to 2023-03-05T09:28:31.778843+00:00, run_after=2023-03-06T09:28:31.778843+00:00
[2023-03-06T09:28:31.919+0000] {processor.py:175} INFO - Processing /home/airflow/.local/lib/python3.7/site-packages/airflow/example_dags/example_short_circuit_operator.py took 0.370 seconds
[2023-03-06T09:29:02.126+0000] {processor.py:153} INFO - Started process (PID=424) to work on /home/airflow/.local/lib/python3.7/site-packages/airflow/example_dags/example_short_circuit_operator.py
[2023-03-06T09:29:02.129+0000] {processor.py:743} INFO - Processing file /home/airflow/.local/lib/python3.7/site-packages/airflow/example_dags/example_short_circuit_operator.py for tasks to queue
[2023-03-06T09:29:02.132+0000] {logging_mixin.py:137} INFO - [2023-03-06T09:29:02.131+0000] {dagbag.py:538} INFO - Filling up the DagBag from /home/airflow/.local/lib/python3.7/site-packages/airflow/example_dags/example_short_circuit_operator.py
[2023-03-06T09:29:02.182+0000] {processor.py:753} INFO - DAG(s) dict_keys(['example_short_circuit_operator']) retrieved from /home/airflow/.local/lib/python3.7/site-packages/airflow/example_dags/example_short_circuit_operator.py
[2023-03-06T09:29:02.302+0000] {logging_mixin.py:137} INFO - [2023-03-06T09:29:02.302+0000] {dag.py:2690} INFO - Sync 1 DAGs
[2023-03-06T09:29:02.391+0000] {logging_mixin.py:137} INFO - [2023-03-06T09:29:02.390+0000] {dag.py:3441} INFO - Setting next_dagrun for example_short_circuit_operator to 2023-03-05T09:29:02.390316+00:00, run_after=2023-03-06T09:29:02.390316+00:00
[2023-03-06T09:29:02.454+0000] {processor.py:175} INFO - Processing /home/airflow/.local/lib/python3.7/site-packages/airflow/example_dags/example_short_circuit_operator.py took 0.336 seconds
[2023-03-06T09:29:32.650+0000] {processor.py:153} INFO - Started process (PID=487) to work on /home/airflow/.local/lib/python3.7/site-packages/airflow/example_dags/example_short_circuit_operator.py
[2023-03-06T09:29:32.653+0000] {processor.py:743} INFO - Processing file /home/airflow/.local/lib/python3.7/site-packages/airflow/example_dags/example_short_circuit_operator.py for tasks to queue
[2023-03-06T09:29:32.667+0000] {logging_mixin.py:137} INFO - [2023-03-06T09:29:32.666+0000] {dagbag.py:538} INFO - Filling up the DagBag from /home/airflow/.local/lib/python3.7/site-packages/airflow/example_dags/example_short_circuit_operator.py
[2023-03-06T09:29:32.742+0000] {processor.py:753} INFO - DAG(s) dict_keys(['example_short_circuit_operator']) retrieved from /home/airflow/.local/lib/python3.7/site-packages/airflow/example_dags/example_short_circuit_operator.py
[2023-03-06T09:29:32.876+0000] {logging_mixin.py:137} INFO - [2023-03-06T09:29:32.875+0000] {dag.py:2690} INFO - Sync 1 DAGs
[2023-03-06T09:29:32.956+0000] {logging_mixin.py:137} INFO - [2023-03-06T09:29:32.956+0000] {dag.py:3441} INFO - Setting next_dagrun for example_short_circuit_operator to 2023-03-05T09:29:32.955770+00:00, run_after=2023-03-06T09:29:32.955770+00:00
[2023-03-06T09:29:33.017+0000] {processor.py:175} INFO - Processing /home/airflow/.local/lib/python3.7/site-packages/airflow/example_dags/example_short_circuit_operator.py took 0.382 seconds
[2023-03-06T09:30:03.219+0000] {processor.py:153} INFO - Started process (PID=551) to work on /home/airflow/.local/lib/python3.7/site-packages/airflow/example_dags/example_short_circuit_operator.py
[2023-03-06T09:30:03.221+0000] {processor.py:743} INFO - Processing file /home/airflow/.local/lib/python3.7/site-packages/airflow/example_dags/example_short_circuit_operator.py for tasks to queue
[2023-03-06T09:30:03.223+0000] {logging_mixin.py:137} INFO - [2023-03-06T09:30:03.223+0000] {dagbag.py:538} INFO - Filling up the DagBag from /home/airflow/.local/lib/python3.7/site-packages/airflow/example_dags/example_short_circuit_operator.py
[2023-03-06T09:30:03.268+0000] {processor.py:753} INFO - DAG(s) dict_keys(['example_short_circuit_operator']) retrieved from /home/airflow/.local/lib/python3.7/site-packages/airflow/example_dags/example_short_circuit_operator.py
[2023-03-06T09:30:03.334+0000] {logging_mixin.py:137} INFO - [2023-03-06T09:30:03.333+0000] {dag.py:2690} INFO - Sync 1 DAGs
[2023-03-06T09:30:03.400+0000] {logging_mixin.py:137} INFO - [2023-03-06T09:30:03.399+0000] {dag.py:3441} INFO - Setting next_dagrun for example_short_circuit_operator to 2023-03-05T09:30:03.399240+00:00, run_after=2023-03-06T09:30:03.399240+00:00
[2023-03-06T09:30:03.564+0000] {processor.py:175} INFO - Processing /home/airflow/.local/lib/python3.7/site-packages/airflow/example_dags/example_short_circuit_operator.py took 0.355 seconds
[2023-03-06T09:30:34.043+0000] {processor.py:153} INFO - Started process (PID=614) to work on /home/airflow/.local/lib/python3.7/site-packages/airflow/example_dags/example_short_circuit_operator.py
[2023-03-06T09:30:34.046+0000] {processor.py:743} INFO - Processing file /home/airflow/.local/lib/python3.7/site-packages/airflow/example_dags/example_short_circuit_operator.py for tasks to queue
[2023-03-06T09:30:34.049+0000] {logging_mixin.py:137} INFO - [2023-03-06T09:30:34.048+0000] {dagbag.py:538} INFO - Filling up the DagBag from /home/airflow/.local/lib/python3.7/site-packages/airflow/example_dags/example_short_circuit_operator.py
[2023-03-06T09:30:34.110+0000] {processor.py:753} INFO - DAG(s) dict_keys(['example_short_circuit_operator']) retrieved from /home/airflow/.local/lib/python3.7/site-packages/airflow/example_dags/example_short_circuit_operator.py
[2023-03-06T09:30:34.190+0000] {logging_mixin.py:137} INFO - [2023-03-06T09:30:34.190+0000] {dag.py:2690} INFO - Sync 1 DAGs
[2023-03-06T09:30:34.265+0000] {logging_mixin.py:137} INFO - [2023-03-06T09:30:34.264+0000] {dag.py:3441} INFO - Setting next_dagrun for example_short_circuit_operator to 2023-03-05T09:30:34.263942+00:00, run_after=2023-03-06T09:30:34.263942+00:00
[2023-03-06T09:30:34.326+0000] {processor.py:175} INFO - Processing /home/airflow/.local/lib/python3.7/site-packages/airflow/example_dags/example_short_circuit_operator.py took 0.296 seconds
[2023-03-06T09:31:04.589+0000] {processor.py:153} INFO - Started process (PID=677) to work on /home/airflow/.local/lib/python3.7/site-packages/airflow/example_dags/example_short_circuit_operator.py
[2023-03-06T09:31:04.592+0000] {processor.py:743} INFO - Processing file /home/airflow/.local/lib/python3.7/site-packages/airflow/example_dags/example_short_circuit_operator.py for tasks to queue
[2023-03-06T09:31:04.598+0000] {logging_mixin.py:137} INFO - [2023-03-06T09:31:04.597+0000] {dagbag.py:538} INFO - Filling up the DagBag from /home/airflow/.local/lib/python3.7/site-packages/airflow/example_dags/example_short_circuit_operator.py
[2023-03-06T09:31:04.646+0000] {processor.py:753} INFO - DAG(s) dict_keys(['example_short_circuit_operator']) retrieved from /home/airflow/.local/lib/python3.7/site-packages/airflow/example_dags/example_short_circuit_operator.py
[2023-03-06T09:31:04.721+0000] {logging_mixin.py:137} INFO - [2023-03-06T09:31:04.721+0000] {dag.py:2690} INFO - Sync 1 DAGs
[2023-03-06T09:31:04.797+0000] {logging_mixin.py:137} INFO - [2023-03-06T09:31:04.796+0000] {dag.py:3441} INFO - Setting next_dagrun for example_short_circuit_operator to 2023-03-05T09:31:04.795619+00:00, run_after=2023-03-06T09:31:04.795619+00:00
[2023-03-06T09:31:04.991+0000] {processor.py:175} INFO - Processing /home/airflow/.local/lib/python3.7/site-packages/airflow/example_dags/example_short_circuit_operator.py took 0.413 seconds
[2023-03-06T09:31:35.468+0000] {processor.py:153} INFO - Started process (PID=741) to work on /home/airflow/.local/lib/python3.7/site-packages/airflow/example_dags/example_short_circuit_operator.py
[2023-03-06T09:31:35.472+0000] {processor.py:743} INFO - Processing file /home/airflow/.local/lib/python3.7/site-packages/airflow/example_dags/example_short_circuit_operator.py for tasks to queue
[2023-03-06T09:31:35.477+0000] {logging_mixin.py:137} INFO - [2023-03-06T09:31:35.476+0000] {dagbag.py:538} INFO - Filling up the DagBag from /home/airflow/.local/lib/python3.7/site-packages/airflow/example_dags/example_short_circuit_operator.py
[2023-03-06T09:31:35.533+0000] {processor.py:753} INFO - DAG(s) dict_keys(['example_short_circuit_operator']) retrieved from /home/airflow/.local/lib/python3.7/site-packages/airflow/example_dags/example_short_circuit_operator.py
[2023-03-06T09:31:35.628+0000] {logging_mixin.py:137} INFO - [2023-03-06T09:31:35.628+0000] {dag.py:2690} INFO - Sync 1 DAGs
[2023-03-06T09:31:35.733+0000] {logging_mixin.py:137} INFO - [2023-03-06T09:31:35.733+0000] {dag.py:3441} INFO - Setting next_dagrun for example_short_circuit_operator to 2023-03-05T09:31:35.732525+00:00, run_after=2023-03-06T09:31:35.732525+00:00
[2023-03-06T09:31:35.954+0000] {processor.py:175} INFO - Processing /home/airflow/.local/lib/python3.7/site-packages/airflow/example_dags/example_short_circuit_operator.py took 0.496 seconds
[2023-03-06T09:32:06.737+0000] {processor.py:153} INFO - Started process (PID=812) to work on /home/airflow/.local/lib/python3.7/site-packages/airflow/example_dags/example_short_circuit_operator.py
[2023-03-06T09:32:06.739+0000] {processor.py:743} INFO - Processing file /home/airflow/.local/lib/python3.7/site-packages/airflow/example_dags/example_short_circuit_operator.py for tasks to queue
[2023-03-06T09:32:06.743+0000] {logging_mixin.py:137} INFO - [2023-03-06T09:32:06.742+0000] {dagbag.py:538} INFO - Filling up the DagBag from /home/airflow/.local/lib/python3.7/site-packages/airflow/example_dags/example_short_circuit_operator.py
[2023-03-06T09:32:06.814+0000] {processor.py:753} INFO - DAG(s) dict_keys(['example_short_circuit_operator']) retrieved from /home/airflow/.local/lib/python3.7/site-packages/airflow/example_dags/example_short_circuit_operator.py
[2023-03-06T09:32:06.893+0000] {logging_mixin.py:137} INFO - [2023-03-06T09:32:06.893+0000] {dag.py:2690} INFO - Sync 1 DAGs
[2023-03-06T09:32:06.969+0000] {logging_mixin.py:137} INFO - [2023-03-06T09:32:06.969+0000] {dag.py:3441} INFO - Setting next_dagrun for example_short_circuit_operator to 2023-03-05T09:32:06.968697+00:00, run_after=2023-03-06T09:32:06.968697+00:00
[2023-03-06T09:32:07.026+0000] {processor.py:175} INFO - Processing /home/airflow/.local/lib/python3.7/site-packages/airflow/example_dags/example_short_circuit_operator.py took 0.299 seconds
[2023-03-06T09:32:37.346+0000] {processor.py:153} INFO - Started process (PID=880) to work on /home/airflow/.local/lib/python3.7/site-packages/airflow/example_dags/example_short_circuit_operator.py
[2023-03-06T09:32:37.351+0000] {processor.py:743} INFO - Processing file /home/airflow/.local/lib/python3.7/site-packages/airflow/example_dags/example_short_circuit_operator.py for tasks to queue
[2023-03-06T09:32:37.356+0000] {logging_mixin.py:137} INFO - [2023-03-06T09:32:37.355+0000] {dagbag.py:538} INFO - Filling up the DagBag from /home/airflow/.local/lib/python3.7/site-packages/airflow/example_dags/example_short_circuit_operator.py
[2023-03-06T09:32:37.423+0000] {processor.py:753} INFO - DAG(s) dict_keys(['example_short_circuit_operator']) retrieved from /home/airflow/.local/lib/python3.7/site-packages/airflow/example_dags/example_short_circuit_operator.py
[2023-03-06T09:32:37.522+0000] {logging_mixin.py:137} INFO - [2023-03-06T09:32:37.521+0000] {dag.py:2690} INFO - Sync 1 DAGs
[2023-03-06T09:32:37.657+0000] {logging_mixin.py:137} INFO - [2023-03-06T09:32:37.657+0000] {dag.py:3441} INFO - Setting next_dagrun for example_short_circuit_operator to 2023-03-05T09:32:37.656727+00:00, run_after=2023-03-06T09:32:37.656727+00:00
[2023-03-06T09:32:37.765+0000] {processor.py:175} INFO - Processing /home/airflow/.local/lib/python3.7/site-packages/airflow/example_dags/example_short_circuit_operator.py took 0.429 seconds
[2023-03-06T09:33:07.989+0000] {processor.py:153} INFO - Started process (PID=940) to work on /home/airflow/.local/lib/python3.7/site-packages/airflow/example_dags/example_short_circuit_operator.py
[2023-03-06T09:33:07.992+0000] {processor.py:743} INFO - Processing file /home/airflow/.local/lib/python3.7/site-packages/airflow/example_dags/example_short_circuit_operator.py for tasks to queue
[2023-03-06T09:33:07.997+0000] {logging_mixin.py:137} INFO - [2023-03-06T09:33:07.995+0000] {dagbag.py:538} INFO - Filling up the DagBag from /home/airflow/.local/lib/python3.7/site-packages/airflow/example_dags/example_short_circuit_operator.py
[2023-03-06T09:33:08.055+0000] {processor.py:753} INFO - DAG(s) dict_keys(['example_short_circuit_operator']) retrieved from /home/airflow/.local/lib/python3.7/site-packages/airflow/example_dags/example_short_circuit_operator.py
[2023-03-06T09:33:08.158+0000] {logging_mixin.py:137} INFO - [2023-03-06T09:33:08.158+0000] {dag.py:2690} INFO - Sync 1 DAGs
[2023-03-06T09:33:08.243+0000] {logging_mixin.py:137} INFO - [2023-03-06T09:33:08.243+0000] {dag.py:3441} INFO - Setting next_dagrun for example_short_circuit_operator to 2023-03-05T09:33:08.242748+00:00, run_after=2023-03-06T09:33:08.242748+00:00
[2023-03-06T09:33:08.327+0000] {processor.py:175} INFO - Processing /home/airflow/.local/lib/python3.7/site-packages/airflow/example_dags/example_short_circuit_operator.py took 0.354 seconds
[2023-03-06T09:33:38.657+0000] {processor.py:153} INFO - Started process (PID=994) to work on /home/airflow/.local/lib/python3.7/site-packages/airflow/example_dags/example_short_circuit_operator.py
[2023-03-06T09:33:38.660+0000] {processor.py:743} INFO - Processing file /home/airflow/.local/lib/python3.7/site-packages/airflow/example_dags/example_short_circuit_operator.py for tasks to queue
[2023-03-06T09:33:38.663+0000] {logging_mixin.py:137} INFO - [2023-03-06T09:33:38.662+0000] {dagbag.py:538} INFO - Filling up the DagBag from /home/airflow/.local/lib/python3.7/site-packages/airflow/example_dags/example_short_circuit_operator.py
[2023-03-06T09:33:38.705+0000] {processor.py:753} INFO - DAG(s) dict_keys(['example_short_circuit_operator']) retrieved from /home/airflow/.local/lib/python3.7/site-packages/airflow/example_dags/example_short_circuit_operator.py
[2023-03-06T09:33:38.773+0000] {logging_mixin.py:137} INFO - [2023-03-06T09:33:38.772+0000] {dag.py:2690} INFO - Sync 1 DAGs
[2023-03-06T09:33:38.852+0000] {logging_mixin.py:137} INFO - [2023-03-06T09:33:38.852+0000] {dag.py:3441} INFO - Setting next_dagrun for example_short_circuit_operator to 2023-03-05T09:33:38.851416+00:00, run_after=2023-03-06T09:33:38.851416+00:00
[2023-03-06T09:33:38.910+0000] {processor.py:175} INFO - Processing /home/airflow/.local/lib/python3.7/site-packages/airflow/example_dags/example_short_circuit_operator.py took 0.262 seconds
[2023-03-06T09:34:09.320+0000] {processor.py:153} INFO - Started process (PID=1056) to work on /home/airflow/.local/lib/python3.7/site-packages/airflow/example_dags/example_short_circuit_operator.py
[2023-03-06T09:34:09.323+0000] {processor.py:743} INFO - Processing file /home/airflow/.local/lib/python3.7/site-packages/airflow/example_dags/example_short_circuit_operator.py for tasks to queue
[2023-03-06T09:34:09.326+0000] {logging_mixin.py:137} INFO - [2023-03-06T09:34:09.325+0000] {dagbag.py:538} INFO - Filling up the DagBag from /home/airflow/.local/lib/python3.7/site-packages/airflow/example_dags/example_short_circuit_operator.py
[2023-03-06T09:34:09.386+0000] {processor.py:753} INFO - DAG(s) dict_keys(['example_short_circuit_operator']) retrieved from /home/airflow/.local/lib/python3.7/site-packages/airflow/example_dags/example_short_circuit_operator.py
[2023-03-06T09:34:09.488+0000] {logging_mixin.py:137} INFO - [2023-03-06T09:34:09.487+0000] {dag.py:2690} INFO - Sync 1 DAGs
[2023-03-06T09:34:09.557+0000] {logging_mixin.py:137} INFO - [2023-03-06T09:34:09.557+0000] {dag.py:3441} INFO - Setting next_dagrun for example_short_circuit_operator to 2023-03-05T09:34:09.556846+00:00, run_after=2023-03-06T09:34:09.556846+00:00
[2023-03-06T09:34:09.608+0000] {processor.py:175} INFO - Processing /home/airflow/.local/lib/python3.7/site-packages/airflow/example_dags/example_short_circuit_operator.py took 0.298 seconds
[2023-03-06T09:34:40.309+0000] {processor.py:153} INFO - Started process (PID=1119) to work on /home/airflow/.local/lib/python3.7/site-packages/airflow/example_dags/example_short_circuit_operator.py
[2023-03-06T09:34:40.312+0000] {processor.py:743} INFO - Processing file /home/airflow/.local/lib/python3.7/site-packages/airflow/example_dags/example_short_circuit_operator.py for tasks to queue
[2023-03-06T09:34:40.317+0000] {logging_mixin.py:137} INFO - [2023-03-06T09:34:40.316+0000] {dagbag.py:538} INFO - Filling up the DagBag from /home/airflow/.local/lib/python3.7/site-packages/airflow/example_dags/example_short_circuit_operator.py
[2023-03-06T09:34:40.383+0000] {processor.py:753} INFO - DAG(s) dict_keys(['example_short_circuit_operator']) retrieved from /home/airflow/.local/lib/python3.7/site-packages/airflow/example_dags/example_short_circuit_operator.py
[2023-03-06T09:34:40.452+0000] {logging_mixin.py:137} INFO - [2023-03-06T09:34:40.452+0000] {dag.py:2690} INFO - Sync 1 DAGs
[2023-03-06T09:34:40.521+0000] {logging_mixin.py:137} INFO - [2023-03-06T09:34:40.520+0000] {dag.py:3441} INFO - Setting next_dagrun for example_short_circuit_operator to 2023-03-05T09:34:40.520203+00:00, run_after=2023-03-06T09:34:40.520203+00:00
[2023-03-06T09:34:40.572+0000] {processor.py:175} INFO - Processing /home/airflow/.local/lib/python3.7/site-packages/airflow/example_dags/example_short_circuit_operator.py took 0.275 seconds
[2023-03-06T09:35:10.930+0000] {processor.py:153} INFO - Started process (PID=1182) to work on /home/airflow/.local/lib/python3.7/site-packages/airflow/example_dags/example_short_circuit_operator.py
[2023-03-06T09:35:10.933+0000] {processor.py:743} INFO - Processing file /home/airflow/.local/lib/python3.7/site-packages/airflow/example_dags/example_short_circuit_operator.py for tasks to queue
[2023-03-06T09:35:10.937+0000] {logging_mixin.py:137} INFO - [2023-03-06T09:35:10.936+0000] {dagbag.py:538} INFO - Filling up the DagBag from /home/airflow/.local/lib/python3.7/site-packages/airflow/example_dags/example_short_circuit_operator.py
[2023-03-06T09:35:10.994+0000] {processor.py:753} INFO - DAG(s) dict_keys(['example_short_circuit_operator']) retrieved from /home/airflow/.local/lib/python3.7/site-packages/airflow/example_dags/example_short_circuit_operator.py
[2023-03-06T09:35:11.081+0000] {logging_mixin.py:137} INFO - [2023-03-06T09:35:11.081+0000] {dag.py:2690} INFO - Sync 1 DAGs
[2023-03-06T09:35:11.196+0000] {logging_mixin.py:137} INFO - [2023-03-06T09:35:11.196+0000] {dag.py:3441} INFO - Setting next_dagrun for example_short_circuit_operator to 2023-03-05T09:35:11.195538+00:00, run_after=2023-03-06T09:35:11.195538+00:00
[2023-03-06T09:35:11.262+0000] {processor.py:175} INFO - Processing /home/airflow/.local/lib/python3.7/site-packages/airflow/example_dags/example_short_circuit_operator.py took 0.342 seconds
[2023-03-06T09:35:41.879+0000] {processor.py:153} INFO - Started process (PID=1245) to work on /home/airflow/.local/lib/python3.7/site-packages/airflow/example_dags/example_short_circuit_operator.py
[2023-03-06T09:35:41.887+0000] {processor.py:743} INFO - Processing file /home/airflow/.local/lib/python3.7/site-packages/airflow/example_dags/example_short_circuit_operator.py for tasks to queue
[2023-03-06T09:35:41.894+0000] {logging_mixin.py:137} INFO - [2023-03-06T09:35:41.893+0000] {dagbag.py:538} INFO - Filling up the DagBag from /home/airflow/.local/lib/python3.7/site-packages/airflow/example_dags/example_short_circuit_operator.py
[2023-03-06T09:35:42.005+0000] {processor.py:753} INFO - DAG(s) dict_keys(['example_short_circuit_operator']) retrieved from /home/airflow/.local/lib/python3.7/site-packages/airflow/example_dags/example_short_circuit_operator.py
[2023-03-06T09:35:42.149+0000] {logging_mixin.py:137} INFO - [2023-03-06T09:35:42.149+0000] {dag.py:2690} INFO - Sync 1 DAGs
[2023-03-06T09:35:42.218+0000] {logging_mixin.py:137} INFO - [2023-03-06T09:35:42.217+0000] {dag.py:3441} INFO - Setting next_dagrun for example_short_circuit_operator to 2023-03-05T09:35:42.216952+00:00, run_after=2023-03-06T09:35:42.216952+00:00
[2023-03-06T09:35:42.265+0000] {processor.py:175} INFO - Processing /home/airflow/.local/lib/python3.7/site-packages/airflow/example_dags/example_short_circuit_operator.py took 0.411 seconds
[2023-03-06T09:36:12.966+0000] {processor.py:153} INFO - Started process (PID=1308) to work on /home/airflow/.local/lib/python3.7/site-packages/airflow/example_dags/example_short_circuit_operator.py
[2023-03-06T09:36:12.973+0000] {processor.py:743} INFO - Processing file /home/airflow/.local/lib/python3.7/site-packages/airflow/example_dags/example_short_circuit_operator.py for tasks to queue
[2023-03-06T09:36:12.979+0000] {logging_mixin.py:137} INFO - [2023-03-06T09:36:12.977+0000] {dagbag.py:538} INFO - Filling up the DagBag from /home/airflow/.local/lib/python3.7/site-packages/airflow/example_dags/example_short_circuit_operator.py
[2023-03-06T09:36:13.046+0000] {processor.py:753} INFO - DAG(s) dict_keys(['example_short_circuit_operator']) retrieved from /home/airflow/.local/lib/python3.7/site-packages/airflow/example_dags/example_short_circuit_operator.py
[2023-03-06T09:36:13.119+0000] {logging_mixin.py:137} INFO - [2023-03-06T09:36:13.119+0000] {dag.py:2690} INFO - Sync 1 DAGs
[2023-03-06T09:36:13.188+0000] {logging_mixin.py:137} INFO - [2023-03-06T09:36:13.188+0000] {dag.py:3441} INFO - Setting next_dagrun for example_short_circuit_operator to 2023-03-05T09:36:13.187626+00:00, run_after=2023-03-06T09:36:13.187626+00:00
[2023-03-06T09:36:13.233+0000] {processor.py:175} INFO - Processing /home/airflow/.local/lib/python3.7/site-packages/airflow/example_dags/example_short_circuit_operator.py took 0.283 seconds
[2023-03-06T09:36:43.464+0000] {processor.py:153} INFO - Started process (PID=1372) to work on /home/airflow/.local/lib/python3.7/site-packages/airflow/example_dags/example_short_circuit_operator.py
[2023-03-06T09:36:43.466+0000] {processor.py:743} INFO - Processing file /home/airflow/.local/lib/python3.7/site-packages/airflow/example_dags/example_short_circuit_operator.py for tasks to queue
[2023-03-06T09:36:43.470+0000] {logging_mixin.py:137} INFO - [2023-03-06T09:36:43.469+0000] {dagbag.py:538} INFO - Filling up the DagBag from /home/airflow/.local/lib/python3.7/site-packages/airflow/example_dags/example_short_circuit_operator.py
[2023-03-06T09:36:43.518+0000] {processor.py:753} INFO - DAG(s) dict_keys(['example_short_circuit_operator']) retrieved from /home/airflow/.local/lib/python3.7/site-packages/airflow/example_dags/example_short_circuit_operator.py
[2023-03-06T09:36:43.578+0000] {logging_mixin.py:137} INFO - [2023-03-06T09:36:43.578+0000] {dag.py:2690} INFO - Sync 1 DAGs
[2023-03-06T09:36:43.639+0000] {logging_mixin.py:137} INFO - [2023-03-06T09:36:43.638+0000] {dag.py:3441} INFO - Setting next_dagrun for example_short_circuit_operator to 2023-03-05T09:36:43.638239+00:00, run_after=2023-03-06T09:36:43.638239+00:00
[2023-03-06T09:36:43.684+0000] {processor.py:175} INFO - Processing /home/airflow/.local/lib/python3.7/site-packages/airflow/example_dags/example_short_circuit_operator.py took 0.231 seconds
[2023-03-06T09:37:14.649+0000] {processor.py:153} INFO - Started process (PID=1436) to work on /home/airflow/.local/lib/python3.7/site-packages/airflow/example_dags/example_short_circuit_operator.py
[2023-03-06T09:37:14.655+0000] {processor.py:743} INFO - Processing file /home/airflow/.local/lib/python3.7/site-packages/airflow/example_dags/example_short_circuit_operator.py for tasks to queue
[2023-03-06T09:37:14.659+0000] {logging_mixin.py:137} INFO - [2023-03-06T09:37:14.659+0000] {dagbag.py:538} INFO - Filling up the DagBag from /home/airflow/.local/lib/python3.7/site-packages/airflow/example_dags/example_short_circuit_operator.py
[2023-03-06T09:37:14.720+0000] {processor.py:753} INFO - DAG(s) dict_keys(['example_short_circuit_operator']) retrieved from /home/airflow/.local/lib/python3.7/site-packages/airflow/example_dags/example_short_circuit_operator.py
[2023-03-06T09:37:14.804+0000] {logging_mixin.py:137} INFO - [2023-03-06T09:37:14.804+0000] {dag.py:2690} INFO - Sync 1 DAGs
[2023-03-06T09:37:14.891+0000] {logging_mixin.py:137} INFO - [2023-03-06T09:37:14.891+0000] {dag.py:3441} INFO - Setting next_dagrun for example_short_circuit_operator to 2023-03-05T09:37:14.891042+00:00, run_after=2023-03-06T09:37:14.891042+00:00
[2023-03-06T09:37:14.947+0000] {processor.py:175} INFO - Processing /home/airflow/.local/lib/python3.7/site-packages/airflow/example_dags/example_short_circuit_operator.py took 0.307 seconds
[2023-03-06T09:37:45.833+0000] {processor.py:153} INFO - Started process (PID=1499) to work on /home/airflow/.local/lib/python3.7/site-packages/airflow/example_dags/example_short_circuit_operator.py
[2023-03-06T09:37:45.835+0000] {processor.py:743} INFO - Processing file /home/airflow/.local/lib/python3.7/site-packages/airflow/example_dags/example_short_circuit_operator.py for tasks to queue
[2023-03-06T09:37:45.838+0000] {logging_mixin.py:137} INFO - [2023-03-06T09:37:45.837+0000] {dagbag.py:538} INFO - Filling up the DagBag from /home/airflow/.local/lib/python3.7/site-packages/airflow/example_dags/example_short_circuit_operator.py
[2023-03-06T09:37:45.888+0000] {processor.py:753} INFO - DAG(s) dict_keys(['example_short_circuit_operator']) retrieved from /home/airflow/.local/lib/python3.7/site-packages/airflow/example_dags/example_short_circuit_operator.py
[2023-03-06T09:37:45.949+0000] {logging_mixin.py:137} INFO - [2023-03-06T09:37:45.949+0000] {dag.py:2690} INFO - Sync 1 DAGs
[2023-03-06T09:37:46.022+0000] {logging_mixin.py:137} INFO - [2023-03-06T09:37:46.021+0000] {dag.py:3441} INFO - Setting next_dagrun for example_short_circuit_operator to 2023-03-05T09:37:46.020843+00:00, run_after=2023-03-06T09:37:46.020843+00:00
[2023-03-06T09:37:46.078+0000] {processor.py:175} INFO - Processing /home/airflow/.local/lib/python3.7/site-packages/airflow/example_dags/example_short_circuit_operator.py took 0.257 seconds
[2023-03-06T09:38:16.773+0000] {processor.py:153} INFO - Started process (PID=1562) to work on /home/airflow/.local/lib/python3.7/site-packages/airflow/example_dags/example_short_circuit_operator.py
[2023-03-06T09:38:16.776+0000] {processor.py:743} INFO - Processing file /home/airflow/.local/lib/python3.7/site-packages/airflow/example_dags/example_short_circuit_operator.py for tasks to queue
[2023-03-06T09:38:16.779+0000] {logging_mixin.py:137} INFO - [2023-03-06T09:38:16.778+0000] {dagbag.py:538} INFO - Filling up the DagBag from /home/airflow/.local/lib/python3.7/site-packages/airflow/example_dags/example_short_circuit_operator.py
[2023-03-06T09:38:16.820+0000] {processor.py:753} INFO - DAG(s) dict_keys(['example_short_circuit_operator']) retrieved from /home/airflow/.local/lib/python3.7/site-packages/airflow/example_dags/example_short_circuit_operator.py
[2023-03-06T09:38:16.877+0000] {logging_mixin.py:137} INFO - [2023-03-06T09:38:16.876+0000] {dag.py:2690} INFO - Sync 1 DAGs
[2023-03-06T09:38:16.935+0000] {logging_mixin.py:137} INFO - [2023-03-06T09:38:16.934+0000] {dag.py:3441} INFO - Setting next_dagrun for example_short_circuit_operator to 2023-03-05T09:38:16.934227+00:00, run_after=2023-03-06T09:38:16.934227+00:00
[2023-03-06T09:38:16.985+0000] {processor.py:175} INFO - Processing /home/airflow/.local/lib/python3.7/site-packages/airflow/example_dags/example_short_circuit_operator.py took 0.222 seconds
[2023-03-06T09:38:47.747+0000] {processor.py:153} INFO - Started process (PID=1624) to work on /home/airflow/.local/lib/python3.7/site-packages/airflow/example_dags/example_short_circuit_operator.py
[2023-03-06T09:38:47.750+0000] {processor.py:743} INFO - Processing file /home/airflow/.local/lib/python3.7/site-packages/airflow/example_dags/example_short_circuit_operator.py for tasks to queue
[2023-03-06T09:38:47.753+0000] {logging_mixin.py:137} INFO - [2023-03-06T09:38:47.753+0000] {dagbag.py:538} INFO - Filling up the DagBag from /home/airflow/.local/lib/python3.7/site-packages/airflow/example_dags/example_short_circuit_operator.py
[2023-03-06T09:38:47.813+0000] {processor.py:753} INFO - DAG(s) dict_keys(['example_short_circuit_operator']) retrieved from /home/airflow/.local/lib/python3.7/site-packages/airflow/example_dags/example_short_circuit_operator.py
[2023-03-06T09:38:47.883+0000] {logging_mixin.py:137} INFO - [2023-03-06T09:38:47.882+0000] {dag.py:2690} INFO - Sync 1 DAGs
[2023-03-06T09:38:47.952+0000] {logging_mixin.py:137} INFO - [2023-03-06T09:38:47.952+0000] {dag.py:3441} INFO - Setting next_dagrun for example_short_circuit_operator to 2023-03-05T09:38:47.951753+00:00, run_after=2023-03-06T09:38:47.951753+00:00
[2023-03-06T09:38:48.003+0000] {processor.py:175} INFO - Processing /home/airflow/.local/lib/python3.7/site-packages/airflow/example_dags/example_short_circuit_operator.py took 0.264 seconds
[2023-03-06T09:39:18.380+0000] {processor.py:153} INFO - Started process (PID=1687) to work on /home/airflow/.local/lib/python3.7/site-packages/airflow/example_dags/example_short_circuit_operator.py
[2023-03-06T09:39:18.383+0000] {processor.py:743} INFO - Processing file /home/airflow/.local/lib/python3.7/site-packages/airflow/example_dags/example_short_circuit_operator.py for tasks to queue
[2023-03-06T09:39:18.387+0000] {logging_mixin.py:137} INFO - [2023-03-06T09:39:18.387+0000] {dagbag.py:538} INFO - Filling up the DagBag from /home/airflow/.local/lib/python3.7/site-packages/airflow/example_dags/example_short_circuit_operator.py
[2023-03-06T09:39:18.446+0000] {processor.py:753} INFO - DAG(s) dict_keys(['example_short_circuit_operator']) retrieved from /home/airflow/.local/lib/python3.7/site-packages/airflow/example_dags/example_short_circuit_operator.py
[2023-03-06T09:39:18.528+0000] {logging_mixin.py:137} INFO - [2023-03-06T09:39:18.528+0000] {dag.py:2690} INFO - Sync 1 DAGs
[2023-03-06T09:39:18.604+0000] {logging_mixin.py:137} INFO - [2023-03-06T09:39:18.604+0000] {dag.py:3441} INFO - Setting next_dagrun for example_short_circuit_operator to 2023-03-05T09:39:18.603620+00:00, run_after=2023-03-06T09:39:18.603620+00:00
[2023-03-06T09:39:18.653+0000] {processor.py:175} INFO - Processing /home/airflow/.local/lib/python3.7/site-packages/airflow/example_dags/example_short_circuit_operator.py took 0.284 seconds
[2023-03-06T09:39:48.924+0000] {processor.py:153} INFO - Started process (PID=1751) to work on /home/airflow/.local/lib/python3.7/site-packages/airflow/example_dags/example_short_circuit_operator.py
[2023-03-06T09:39:48.927+0000] {processor.py:743} INFO - Processing file /home/airflow/.local/lib/python3.7/site-packages/airflow/example_dags/example_short_circuit_operator.py for tasks to queue
[2023-03-06T09:39:48.932+0000] {logging_mixin.py:137} INFO - [2023-03-06T09:39:48.931+0000] {dagbag.py:538} INFO - Filling up the DagBag from /home/airflow/.local/lib/python3.7/site-packages/airflow/example_dags/example_short_circuit_operator.py
[2023-03-06T09:39:48.989+0000] {processor.py:753} INFO - DAG(s) dict_keys(['example_short_circuit_operator']) retrieved from /home/airflow/.local/lib/python3.7/site-packages/airflow/example_dags/example_short_circuit_operator.py
[2023-03-06T09:39:49.056+0000] {logging_mixin.py:137} INFO - [2023-03-06T09:39:49.056+0000] {dag.py:2690} INFO - Sync 1 DAGs
[2023-03-06T09:39:49.134+0000] {logging_mixin.py:137} INFO - [2023-03-06T09:39:49.134+0000] {dag.py:3441} INFO - Setting next_dagrun for example_short_circuit_operator to 2023-03-05T09:39:49.133681+00:00, run_after=2023-03-06T09:39:49.133681+00:00
[2023-03-06T09:39:49.188+0000] {processor.py:175} INFO - Processing /home/airflow/.local/lib/python3.7/site-packages/airflow/example_dags/example_short_circuit_operator.py took 0.275 seconds
[2023-03-06T09:40:19.742+0000] {processor.py:153} INFO - Started process (PID=1814) to work on /home/airflow/.local/lib/python3.7/site-packages/airflow/example_dags/example_short_circuit_operator.py
[2023-03-06T09:40:19.744+0000] {processor.py:743} INFO - Processing file /home/airflow/.local/lib/python3.7/site-packages/airflow/example_dags/example_short_circuit_operator.py for tasks to queue
[2023-03-06T09:40:19.746+0000] {logging_mixin.py:137} INFO - [2023-03-06T09:40:19.746+0000] {dagbag.py:538} INFO - Filling up the DagBag from /home/airflow/.local/lib/python3.7/site-packages/airflow/example_dags/example_short_circuit_operator.py
[2023-03-06T09:40:19.799+0000] {processor.py:753} INFO - DAG(s) dict_keys(['example_short_circuit_operator']) retrieved from /home/airflow/.local/lib/python3.7/site-packages/airflow/example_dags/example_short_circuit_operator.py
[2023-03-06T09:40:19.875+0000] {logging_mixin.py:137} INFO - [2023-03-06T09:40:19.875+0000] {dag.py:2690} INFO - Sync 1 DAGs
[2023-03-06T09:40:19.943+0000] {logging_mixin.py:137} INFO - [2023-03-06T09:40:19.942+0000] {dag.py:3441} INFO - Setting next_dagrun for example_short_circuit_operator to 2023-03-05T09:40:19.942210+00:00, run_after=2023-03-06T09:40:19.942210+00:00
[2023-03-06T09:40:20.003+0000] {processor.py:175} INFO - Processing /home/airflow/.local/lib/python3.7/site-packages/airflow/example_dags/example_short_circuit_operator.py took 0.269 seconds
[2023-03-06T09:40:50.833+0000] {processor.py:153} INFO - Started process (PID=1877) to work on /home/airflow/.local/lib/python3.7/site-packages/airflow/example_dags/example_short_circuit_operator.py
[2023-03-06T09:40:50.838+0000] {processor.py:743} INFO - Processing file /home/airflow/.local/lib/python3.7/site-packages/airflow/example_dags/example_short_circuit_operator.py for tasks to queue
[2023-03-06T09:40:50.847+0000] {logging_mixin.py:137} INFO - [2023-03-06T09:40:50.846+0000] {dagbag.py:538} INFO - Filling up the DagBag from /home/airflow/.local/lib/python3.7/site-packages/airflow/example_dags/example_short_circuit_operator.py
[2023-03-06T09:40:50.899+0000] {processor.py:753} INFO - DAG(s) dict_keys(['example_short_circuit_operator']) retrieved from /home/airflow/.local/lib/python3.7/site-packages/airflow/example_dags/example_short_circuit_operator.py
[2023-03-06T09:40:51.006+0000] {logging_mixin.py:137} INFO - [2023-03-06T09:40:51.006+0000] {dag.py:2690} INFO - Sync 1 DAGs
[2023-03-06T09:40:51.112+0000] {logging_mixin.py:137} INFO - [2023-03-06T09:40:51.112+0000] {dag.py:3441} INFO - Setting next_dagrun for example_short_circuit_operator to 2023-03-05T09:40:51.111362+00:00, run_after=2023-03-06T09:40:51.111362+00:00
[2023-03-06T09:40:51.176+0000] {processor.py:175} INFO - Processing /home/airflow/.local/lib/python3.7/site-packages/airflow/example_dags/example_short_circuit_operator.py took 0.356 seconds
[2023-03-06T09:41:21.509+0000] {processor.py:153} INFO - Started process (PID=1941) to work on /home/airflow/.local/lib/python3.7/site-packages/airflow/example_dags/example_short_circuit_operator.py
[2023-03-06T09:41:21.515+0000] {processor.py:743} INFO - Processing file /home/airflow/.local/lib/python3.7/site-packages/airflow/example_dags/example_short_circuit_operator.py for tasks to queue
[2023-03-06T09:41:21.522+0000] {logging_mixin.py:137} INFO - [2023-03-06T09:41:21.520+0000] {dagbag.py:538} INFO - Filling up the DagBag from /home/airflow/.local/lib/python3.7/site-packages/airflow/example_dags/example_short_circuit_operator.py
[2023-03-06T09:41:21.588+0000] {processor.py:753} INFO - DAG(s) dict_keys(['example_short_circuit_operator']) retrieved from /home/airflow/.local/lib/python3.7/site-packages/airflow/example_dags/example_short_circuit_operator.py
[2023-03-06T09:41:21.687+0000] {logging_mixin.py:137} INFO - [2023-03-06T09:41:21.687+0000] {dag.py:2690} INFO - Sync 1 DAGs
[2023-03-06T09:41:21.787+0000] {logging_mixin.py:137} INFO - [2023-03-06T09:41:21.786+0000] {dag.py:3441} INFO - Setting next_dagrun for example_short_circuit_operator to 2023-03-05T09:41:21.785730+00:00, run_after=2023-03-06T09:41:21.785730+00:00
[2023-03-06T09:41:21.855+0000] {processor.py:175} INFO - Processing /home/airflow/.local/lib/python3.7/site-packages/airflow/example_dags/example_short_circuit_operator.py took 0.360 seconds
