[2023-03-06T09:26:04.586+0000] {processor.py:153} INFO - Started process (PID=78) to work on /home/airflow/.local/lib/python3.7/site-packages/airflow/example_dags/example_branch_operator.py
[2023-03-06T09:26:04.605+0000] {processor.py:743} INFO - Processing file /home/airflow/.local/lib/python3.7/site-packages/airflow/example_dags/example_branch_operator.py for tasks to queue
[2023-03-06T09:26:04.608+0000] {logging_mixin.py:137} INFO - [2023-03-06T09:26:04.607+0000] {dagbag.py:538} INFO - Filling up the DagBag from /home/airflow/.local/lib/python3.7/site-packages/airflow/example_dags/example_branch_operator.py
[2023-03-06T09:26:04.805+0000] {processor.py:753} INFO - DAG(s) dict_keys(['example_branch_operator']) retrieved from /home/airflow/.local/lib/python3.7/site-packages/airflow/example_dags/example_branch_operator.py
[2023-03-06T09:26:05.015+0000] {logging_mixin.py:137} INFO - [2023-03-06T09:26:05.015+0000] {dag.py:2690} INFO - Sync 1 DAGs
[2023-03-06T09:26:05.098+0000] {logging_mixin.py:137} INFO - [2023-03-06T09:26:05.098+0000] {dag.py:3441} INFO - Setting next_dagrun for example_branch_operator to 2023-03-05T00:00:00+00:00, run_after=2023-03-06T00:00:00+00:00
[2023-03-06T09:26:05.311+0000] {processor.py:175} INFO - Processing /home/airflow/.local/lib/python3.7/site-packages/airflow/example_dags/example_branch_operator.py took 0.740 seconds
[2023-03-06T09:26:36.130+0000] {processor.py:153} INFO - Started process (PID=141) to work on /home/airflow/.local/lib/python3.7/site-packages/airflow/example_dags/example_branch_operator.py
[2023-03-06T09:26:36.134+0000] {processor.py:743} INFO - Processing file /home/airflow/.local/lib/python3.7/site-packages/airflow/example_dags/example_branch_operator.py for tasks to queue
[2023-03-06T09:26:36.140+0000] {logging_mixin.py:137} INFO - [2023-03-06T09:26:36.140+0000] {dagbag.py:538} INFO - Filling up the DagBag from /home/airflow/.local/lib/python3.7/site-packages/airflow/example_dags/example_branch_operator.py
[2023-03-06T09:26:36.461+0000] {processor.py:753} INFO - DAG(s) dict_keys(['example_branch_operator']) retrieved from /home/airflow/.local/lib/python3.7/site-packages/airflow/example_dags/example_branch_operator.py
[2023-03-06T09:26:36.819+0000] {logging_mixin.py:137} INFO - [2023-03-06T09:26:36.819+0000] {dag.py:2690} INFO - Sync 1 DAGs
[2023-03-06T09:26:36.936+0000] {logging_mixin.py:137} INFO - [2023-03-06T09:26:36.936+0000] {dag.py:3441} INFO - Setting next_dagrun for example_branch_operator to 2023-03-05T00:00:00+00:00, run_after=2023-03-06T00:00:00+00:00
[2023-03-06T09:26:37.081+0000] {processor.py:175} INFO - Processing /home/airflow/.local/lib/python3.7/site-packages/airflow/example_dags/example_branch_operator.py took 0.996 seconds
[2023-03-06T09:27:07.307+0000] {processor.py:153} INFO - Started process (PID=203) to work on /home/airflow/.local/lib/python3.7/site-packages/airflow/example_dags/example_branch_operator.py
[2023-03-06T09:27:07.310+0000] {processor.py:743} INFO - Processing file /home/airflow/.local/lib/python3.7/site-packages/airflow/example_dags/example_branch_operator.py for tasks to queue
[2023-03-06T09:27:07.314+0000] {logging_mixin.py:137} INFO - [2023-03-06T09:27:07.314+0000] {dagbag.py:538} INFO - Filling up the DagBag from /home/airflow/.local/lib/python3.7/site-packages/airflow/example_dags/example_branch_operator.py
[2023-03-06T09:27:07.375+0000] {processor.py:753} INFO - DAG(s) dict_keys(['example_branch_operator']) retrieved from /home/airflow/.local/lib/python3.7/site-packages/airflow/example_dags/example_branch_operator.py
[2023-03-06T09:27:07.445+0000] {logging_mixin.py:137} INFO - [2023-03-06T09:27:07.445+0000] {dag.py:2690} INFO - Sync 1 DAGs
[2023-03-06T09:27:07.530+0000] {logging_mixin.py:137} INFO - [2023-03-06T09:27:07.529+0000] {dag.py:3441} INFO - Setting next_dagrun for example_branch_operator to 2023-03-05T00:00:00+00:00, run_after=2023-03-06T00:00:00+00:00
[2023-03-06T09:27:07.632+0000] {processor.py:175} INFO - Processing /home/airflow/.local/lib/python3.7/site-packages/airflow/example_dags/example_branch_operator.py took 0.333 seconds
[2023-03-06T09:27:37.874+0000] {processor.py:153} INFO - Started process (PID=269) to work on /home/airflow/.local/lib/python3.7/site-packages/airflow/example_dags/example_branch_operator.py
[2023-03-06T09:27:37.876+0000] {processor.py:743} INFO - Processing file /home/airflow/.local/lib/python3.7/site-packages/airflow/example_dags/example_branch_operator.py for tasks to queue
[2023-03-06T09:27:37.880+0000] {logging_mixin.py:137} INFO - [2023-03-06T09:27:37.879+0000] {dagbag.py:538} INFO - Filling up the DagBag from /home/airflow/.local/lib/python3.7/site-packages/airflow/example_dags/example_branch_operator.py
[2023-03-06T09:27:37.934+0000] {processor.py:753} INFO - DAG(s) dict_keys(['example_branch_operator']) retrieved from /home/airflow/.local/lib/python3.7/site-packages/airflow/example_dags/example_branch_operator.py
[2023-03-06T09:27:38.008+0000] {logging_mixin.py:137} INFO - [2023-03-06T09:27:38.008+0000] {dag.py:2690} INFO - Sync 1 DAGs
[2023-03-06T09:27:38.074+0000] {logging_mixin.py:137} INFO - [2023-03-06T09:27:38.074+0000] {dag.py:3441} INFO - Setting next_dagrun for example_branch_operator to 2023-03-05T00:00:00+00:00, run_after=2023-03-06T00:00:00+00:00
[2023-03-06T09:27:38.121+0000] {processor.py:175} INFO - Processing /home/airflow/.local/lib/python3.7/site-packages/airflow/example_dags/example_branch_operator.py took 0.258 seconds
[2023-03-06T09:28:08.363+0000] {processor.py:153} INFO - Started process (PID=332) to work on /home/airflow/.local/lib/python3.7/site-packages/airflow/example_dags/example_branch_operator.py
[2023-03-06T09:28:08.366+0000] {processor.py:743} INFO - Processing file /home/airflow/.local/lib/python3.7/site-packages/airflow/example_dags/example_branch_operator.py for tasks to queue
[2023-03-06T09:28:08.371+0000] {logging_mixin.py:137} INFO - [2023-03-06T09:28:08.370+0000] {dagbag.py:538} INFO - Filling up the DagBag from /home/airflow/.local/lib/python3.7/site-packages/airflow/example_dags/example_branch_operator.py
[2023-03-06T09:28:08.419+0000] {processor.py:753} INFO - DAG(s) dict_keys(['example_branch_operator']) retrieved from /home/airflow/.local/lib/python3.7/site-packages/airflow/example_dags/example_branch_operator.py
[2023-03-06T09:28:08.505+0000] {logging_mixin.py:137} INFO - [2023-03-06T09:28:08.504+0000] {dag.py:2690} INFO - Sync 1 DAGs
[2023-03-06T09:28:08.609+0000] {logging_mixin.py:137} INFO - [2023-03-06T09:28:08.608+0000] {dag.py:3441} INFO - Setting next_dagrun for example_branch_operator to 2023-03-05T00:00:00+00:00, run_after=2023-03-06T00:00:00+00:00
[2023-03-06T09:28:08.660+0000] {processor.py:175} INFO - Processing /home/airflow/.local/lib/python3.7/site-packages/airflow/example_dags/example_branch_operator.py took 0.312 seconds
[2023-03-06T09:28:38.938+0000] {processor.py:153} INFO - Started process (PID=394) to work on /home/airflow/.local/lib/python3.7/site-packages/airflow/example_dags/example_branch_operator.py
[2023-03-06T09:28:38.951+0000] {processor.py:743} INFO - Processing file /home/airflow/.local/lib/python3.7/site-packages/airflow/example_dags/example_branch_operator.py for tasks to queue
[2023-03-06T09:28:38.957+0000] {logging_mixin.py:137} INFO - [2023-03-06T09:28:38.956+0000] {dagbag.py:538} INFO - Filling up the DagBag from /home/airflow/.local/lib/python3.7/site-packages/airflow/example_dags/example_branch_operator.py
[2023-03-06T09:28:39.028+0000] {processor.py:753} INFO - DAG(s) dict_keys(['example_branch_operator']) retrieved from /home/airflow/.local/lib/python3.7/site-packages/airflow/example_dags/example_branch_operator.py
[2023-03-06T09:28:39.121+0000] {logging_mixin.py:137} INFO - [2023-03-06T09:28:39.120+0000] {dag.py:2690} INFO - Sync 1 DAGs
[2023-03-06T09:28:39.215+0000] {logging_mixin.py:137} INFO - [2023-03-06T09:28:39.214+0000] {dag.py:3441} INFO - Setting next_dagrun for example_branch_operator to 2023-03-05T00:00:00+00:00, run_after=2023-03-06T00:00:00+00:00
[2023-03-06T09:28:39.278+0000] {processor.py:175} INFO - Processing /home/airflow/.local/lib/python3.7/site-packages/airflow/example_dags/example_branch_operator.py took 0.353 seconds
[2023-03-06T09:29:10.078+0000] {processor.py:153} INFO - Started process (PID=457) to work on /home/airflow/.local/lib/python3.7/site-packages/airflow/example_dags/example_branch_operator.py
[2023-03-06T09:29:10.082+0000] {processor.py:743} INFO - Processing file /home/airflow/.local/lib/python3.7/site-packages/airflow/example_dags/example_branch_operator.py for tasks to queue
[2023-03-06T09:29:10.086+0000] {logging_mixin.py:137} INFO - [2023-03-06T09:29:10.085+0000] {dagbag.py:538} INFO - Filling up the DagBag from /home/airflow/.local/lib/python3.7/site-packages/airflow/example_dags/example_branch_operator.py
[2023-03-06T09:29:10.147+0000] {processor.py:753} INFO - DAG(s) dict_keys(['example_branch_operator']) retrieved from /home/airflow/.local/lib/python3.7/site-packages/airflow/example_dags/example_branch_operator.py
[2023-03-06T09:29:10.263+0000] {logging_mixin.py:137} INFO - [2023-03-06T09:29:10.262+0000] {dag.py:2690} INFO - Sync 1 DAGs
[2023-03-06T09:29:10.353+0000] {logging_mixin.py:137} INFO - [2023-03-06T09:29:10.352+0000] {dag.py:3441} INFO - Setting next_dagrun for example_branch_operator to 2023-03-05T00:00:00+00:00, run_after=2023-03-06T00:00:00+00:00
[2023-03-06T09:29:10.419+0000] {processor.py:175} INFO - Processing /home/airflow/.local/lib/python3.7/site-packages/airflow/example_dags/example_branch_operator.py took 0.358 seconds
[2023-03-06T09:29:41.438+0000] {processor.py:153} INFO - Started process (PID=520) to work on /home/airflow/.local/lib/python3.7/site-packages/airflow/example_dags/example_branch_operator.py
[2023-03-06T09:29:41.444+0000] {processor.py:743} INFO - Processing file /home/airflow/.local/lib/python3.7/site-packages/airflow/example_dags/example_branch_operator.py for tasks to queue
[2023-03-06T09:29:41.450+0000] {logging_mixin.py:137} INFO - [2023-03-06T09:29:41.450+0000] {dagbag.py:538} INFO - Filling up the DagBag from /home/airflow/.local/lib/python3.7/site-packages/airflow/example_dags/example_branch_operator.py
[2023-03-06T09:29:41.555+0000] {processor.py:753} INFO - DAG(s) dict_keys(['example_branch_operator']) retrieved from /home/airflow/.local/lib/python3.7/site-packages/airflow/example_dags/example_branch_operator.py
[2023-03-06T09:29:41.702+0000] {logging_mixin.py:137} INFO - [2023-03-06T09:29:41.702+0000] {dag.py:2690} INFO - Sync 1 DAGs
[2023-03-06T09:29:41.770+0000] {logging_mixin.py:137} INFO - [2023-03-06T09:29:41.769+0000] {dag.py:3441} INFO - Setting next_dagrun for example_branch_operator to 2023-03-05T00:00:00+00:00, run_after=2023-03-06T00:00:00+00:00
[2023-03-06T09:29:41.820+0000] {processor.py:175} INFO - Processing /home/airflow/.local/lib/python3.7/site-packages/airflow/example_dags/example_branch_operator.py took 0.417 seconds
[2023-03-06T09:30:12.127+0000] {processor.py:153} INFO - Started process (PID=584) to work on /home/airflow/.local/lib/python3.7/site-packages/airflow/example_dags/example_branch_operator.py
[2023-03-06T09:30:12.130+0000] {processor.py:743} INFO - Processing file /home/airflow/.local/lib/python3.7/site-packages/airflow/example_dags/example_branch_operator.py for tasks to queue
[2023-03-06T09:30:12.134+0000] {logging_mixin.py:137} INFO - [2023-03-06T09:30:12.133+0000] {dagbag.py:538} INFO - Filling up the DagBag from /home/airflow/.local/lib/python3.7/site-packages/airflow/example_dags/example_branch_operator.py
[2023-03-06T09:30:12.177+0000] {processor.py:753} INFO - DAG(s) dict_keys(['example_branch_operator']) retrieved from /home/airflow/.local/lib/python3.7/site-packages/airflow/example_dags/example_branch_operator.py
[2023-03-06T09:30:12.249+0000] {logging_mixin.py:137} INFO - [2023-03-06T09:30:12.249+0000] {dag.py:2690} INFO - Sync 1 DAGs
[2023-03-06T09:30:12.329+0000] {logging_mixin.py:137} INFO - [2023-03-06T09:30:12.328+0000] {dag.py:3441} INFO - Setting next_dagrun for example_branch_operator to 2023-03-05T00:00:00+00:00, run_after=2023-03-06T00:00:00+00:00
[2023-03-06T09:30:12.424+0000] {processor.py:175} INFO - Processing /home/airflow/.local/lib/python3.7/site-packages/airflow/example_dags/example_branch_operator.py took 0.307 seconds
[2023-03-06T09:30:42.786+0000] {processor.py:153} INFO - Started process (PID=647) to work on /home/airflow/.local/lib/python3.7/site-packages/airflow/example_dags/example_branch_operator.py
[2023-03-06T09:30:42.790+0000] {processor.py:743} INFO - Processing file /home/airflow/.local/lib/python3.7/site-packages/airflow/example_dags/example_branch_operator.py for tasks to queue
[2023-03-06T09:30:42.797+0000] {logging_mixin.py:137} INFO - [2023-03-06T09:30:42.797+0000] {dagbag.py:538} INFO - Filling up the DagBag from /home/airflow/.local/lib/python3.7/site-packages/airflow/example_dags/example_branch_operator.py
[2023-03-06T09:30:42.871+0000] {processor.py:753} INFO - DAG(s) dict_keys(['example_branch_operator']) retrieved from /home/airflow/.local/lib/python3.7/site-packages/airflow/example_dags/example_branch_operator.py
[2023-03-06T09:30:42.978+0000] {logging_mixin.py:137} INFO - [2023-03-06T09:30:42.977+0000] {dag.py:2690} INFO - Sync 1 DAGs
[2023-03-06T09:30:43.069+0000] {logging_mixin.py:137} INFO - [2023-03-06T09:30:43.069+0000] {dag.py:3441} INFO - Setting next_dagrun for example_branch_operator to 2023-03-05T00:00:00+00:00, run_after=2023-03-06T00:00:00+00:00
[2023-03-06T09:30:43.121+0000] {processor.py:175} INFO - Processing /home/airflow/.local/lib/python3.7/site-packages/airflow/example_dags/example_branch_operator.py took 0.351 seconds
[2023-03-06T09:31:13.341+0000] {processor.py:153} INFO - Started process (PID=711) to work on /home/airflow/.local/lib/python3.7/site-packages/airflow/example_dags/example_branch_operator.py
[2023-03-06T09:31:13.344+0000] {processor.py:743} INFO - Processing file /home/airflow/.local/lib/python3.7/site-packages/airflow/example_dags/example_branch_operator.py for tasks to queue
[2023-03-06T09:31:13.348+0000] {logging_mixin.py:137} INFO - [2023-03-06T09:31:13.347+0000] {dagbag.py:538} INFO - Filling up the DagBag from /home/airflow/.local/lib/python3.7/site-packages/airflow/example_dags/example_branch_operator.py
[2023-03-06T09:31:13.410+0000] {processor.py:753} INFO - DAG(s) dict_keys(['example_branch_operator']) retrieved from /home/airflow/.local/lib/python3.7/site-packages/airflow/example_dags/example_branch_operator.py
[2023-03-06T09:31:13.484+0000] {logging_mixin.py:137} INFO - [2023-03-06T09:31:13.483+0000] {dag.py:2690} INFO - Sync 1 DAGs
[2023-03-06T09:31:13.567+0000] {logging_mixin.py:137} INFO - [2023-03-06T09:31:13.567+0000] {dag.py:3441} INFO - Setting next_dagrun for example_branch_operator to 2023-03-05T00:00:00+00:00, run_after=2023-03-06T00:00:00+00:00
[2023-03-06T09:31:13.620+0000] {processor.py:175} INFO - Processing /home/airflow/.local/lib/python3.7/site-packages/airflow/example_dags/example_branch_operator.py took 0.294 seconds
[2023-03-06T09:31:43.946+0000] {processor.py:153} INFO - Started process (PID=773) to work on /home/airflow/.local/lib/python3.7/site-packages/airflow/example_dags/example_branch_operator.py
[2023-03-06T09:31:43.949+0000] {processor.py:743} INFO - Processing file /home/airflow/.local/lib/python3.7/site-packages/airflow/example_dags/example_branch_operator.py for tasks to queue
[2023-03-06T09:31:43.951+0000] {logging_mixin.py:137} INFO - [2023-03-06T09:31:43.951+0000] {dagbag.py:538} INFO - Filling up the DagBag from /home/airflow/.local/lib/python3.7/site-packages/airflow/example_dags/example_branch_operator.py
[2023-03-06T09:31:44.002+0000] {processor.py:753} INFO - DAG(s) dict_keys(['example_branch_operator']) retrieved from /home/airflow/.local/lib/python3.7/site-packages/airflow/example_dags/example_branch_operator.py
[2023-03-06T09:31:44.074+0000] {logging_mixin.py:137} INFO - [2023-03-06T09:31:44.074+0000] {dag.py:2690} INFO - Sync 1 DAGs
[2023-03-06T09:31:44.154+0000] {logging_mixin.py:137} INFO - [2023-03-06T09:31:44.154+0000] {dag.py:3441} INFO - Setting next_dagrun for example_branch_operator to 2023-03-05T00:00:00+00:00, run_after=2023-03-06T00:00:00+00:00
[2023-03-06T09:31:44.349+0000] {processor.py:175} INFO - Processing /home/airflow/.local/lib/python3.7/site-packages/airflow/example_dags/example_branch_operator.py took 0.412 seconds
[2023-03-06T09:32:14.947+0000] {processor.py:153} INFO - Started process (PID=842) to work on /home/airflow/.local/lib/python3.7/site-packages/airflow/example_dags/example_branch_operator.py
[2023-03-06T09:32:14.954+0000] {processor.py:743} INFO - Processing file /home/airflow/.local/lib/python3.7/site-packages/airflow/example_dags/example_branch_operator.py for tasks to queue
[2023-03-06T09:32:14.962+0000] {logging_mixin.py:137} INFO - [2023-03-06T09:32:14.961+0000] {dagbag.py:538} INFO - Filling up the DagBag from /home/airflow/.local/lib/python3.7/site-packages/airflow/example_dags/example_branch_operator.py
[2023-03-06T09:32:15.154+0000] {processor.py:753} INFO - DAG(s) dict_keys(['example_branch_operator']) retrieved from /home/airflow/.local/lib/python3.7/site-packages/airflow/example_dags/example_branch_operator.py
[2023-03-06T09:32:15.327+0000] {logging_mixin.py:137} INFO - [2023-03-06T09:32:15.327+0000] {dag.py:2690} INFO - Sync 1 DAGs
[2023-03-06T09:32:15.558+0000] {logging_mixin.py:137} INFO - [2023-03-06T09:32:15.556+0000] {dag.py:3441} INFO - Setting next_dagrun for example_branch_operator to 2023-03-05T00:00:00+00:00, run_after=2023-03-06T00:00:00+00:00
[2023-03-06T09:32:15.783+0000] {processor.py:175} INFO - Processing /home/airflow/.local/lib/python3.7/site-packages/airflow/example_dags/example_branch_operator.py took 0.866 seconds
[2023-03-06T09:32:46.590+0000] {processor.py:153} INFO - Started process (PID=901) to work on /home/airflow/.local/lib/python3.7/site-packages/airflow/example_dags/example_branch_operator.py
[2023-03-06T09:32:46.593+0000] {processor.py:743} INFO - Processing file /home/airflow/.local/lib/python3.7/site-packages/airflow/example_dags/example_branch_operator.py for tasks to queue
[2023-03-06T09:32:46.596+0000] {logging_mixin.py:137} INFO - [2023-03-06T09:32:46.596+0000] {dagbag.py:538} INFO - Filling up the DagBag from /home/airflow/.local/lib/python3.7/site-packages/airflow/example_dags/example_branch_operator.py
[2023-03-06T09:32:46.644+0000] {processor.py:753} INFO - DAG(s) dict_keys(['example_branch_operator']) retrieved from /home/airflow/.local/lib/python3.7/site-packages/airflow/example_dags/example_branch_operator.py
[2023-03-06T09:32:46.731+0000] {logging_mixin.py:137} INFO - [2023-03-06T09:32:46.730+0000] {dag.py:2690} INFO - Sync 1 DAGs
[2023-03-06T09:32:46.805+0000] {logging_mixin.py:137} INFO - [2023-03-06T09:32:46.804+0000] {dag.py:3441} INFO - Setting next_dagrun for example_branch_operator to 2023-03-05T00:00:00+00:00, run_after=2023-03-06T00:00:00+00:00
[2023-03-06T09:32:46.871+0000] {processor.py:175} INFO - Processing /home/airflow/.local/lib/python3.7/site-packages/airflow/example_dags/example_branch_operator.py took 0.292 seconds
[2023-03-06T09:33:17.071+0000] {processor.py:153} INFO - Started process (PID=964) to work on /home/airflow/.local/lib/python3.7/site-packages/airflow/example_dags/example_branch_operator.py
[2023-03-06T09:33:17.075+0000] {processor.py:743} INFO - Processing file /home/airflow/.local/lib/python3.7/site-packages/airflow/example_dags/example_branch_operator.py for tasks to queue
[2023-03-06T09:33:17.079+0000] {logging_mixin.py:137} INFO - [2023-03-06T09:33:17.078+0000] {dagbag.py:538} INFO - Filling up the DagBag from /home/airflow/.local/lib/python3.7/site-packages/airflow/example_dags/example_branch_operator.py
[2023-03-06T09:33:17.123+0000] {processor.py:753} INFO - DAG(s) dict_keys(['example_branch_operator']) retrieved from /home/airflow/.local/lib/python3.7/site-packages/airflow/example_dags/example_branch_operator.py
[2023-03-06T09:33:17.193+0000] {logging_mixin.py:137} INFO - [2023-03-06T09:33:17.193+0000] {dag.py:2690} INFO - Sync 1 DAGs
[2023-03-06T09:33:17.264+0000] {logging_mixin.py:137} INFO - [2023-03-06T09:33:17.264+0000] {dag.py:3441} INFO - Setting next_dagrun for example_branch_operator to 2023-03-05T00:00:00+00:00, run_after=2023-03-06T00:00:00+00:00
[2023-03-06T09:33:17.315+0000] {processor.py:175} INFO - Processing /home/airflow/.local/lib/python3.7/site-packages/airflow/example_dags/example_branch_operator.py took 0.255 seconds
[2023-03-06T09:33:47.747+0000] {processor.py:153} INFO - Started process (PID=1026) to work on /home/airflow/.local/lib/python3.7/site-packages/airflow/example_dags/example_branch_operator.py
[2023-03-06T09:33:47.749+0000] {processor.py:743} INFO - Processing file /home/airflow/.local/lib/python3.7/site-packages/airflow/example_dags/example_branch_operator.py for tasks to queue
[2023-03-06T09:33:47.755+0000] {logging_mixin.py:137} INFO - [2023-03-06T09:33:47.754+0000] {dagbag.py:538} INFO - Filling up the DagBag from /home/airflow/.local/lib/python3.7/site-packages/airflow/example_dags/example_branch_operator.py
[2023-03-06T09:33:47.802+0000] {processor.py:753} INFO - DAG(s) dict_keys(['example_branch_operator']) retrieved from /home/airflow/.local/lib/python3.7/site-packages/airflow/example_dags/example_branch_operator.py
[2023-03-06T09:33:47.896+0000] {logging_mixin.py:137} INFO - [2023-03-06T09:33:47.896+0000] {dag.py:2690} INFO - Sync 1 DAGs
[2023-03-06T09:33:47.994+0000] {logging_mixin.py:137} INFO - [2023-03-06T09:33:47.994+0000] {dag.py:3441} INFO - Setting next_dagrun for example_branch_operator to 2023-03-05T00:00:00+00:00, run_after=2023-03-06T00:00:00+00:00
[2023-03-06T09:33:48.055+0000] {processor.py:175} INFO - Processing /home/airflow/.local/lib/python3.7/site-packages/airflow/example_dags/example_branch_operator.py took 0.321 seconds
[2023-03-06T09:34:18.458+0000] {processor.py:153} INFO - Started process (PID=1089) to work on /home/airflow/.local/lib/python3.7/site-packages/airflow/example_dags/example_branch_operator.py
[2023-03-06T09:34:18.465+0000] {processor.py:743} INFO - Processing file /home/airflow/.local/lib/python3.7/site-packages/airflow/example_dags/example_branch_operator.py for tasks to queue
[2023-03-06T09:34:18.469+0000] {logging_mixin.py:137} INFO - [2023-03-06T09:34:18.468+0000] {dagbag.py:538} INFO - Filling up the DagBag from /home/airflow/.local/lib/python3.7/site-packages/airflow/example_dags/example_branch_operator.py
[2023-03-06T09:34:18.533+0000] {processor.py:753} INFO - DAG(s) dict_keys(['example_branch_operator']) retrieved from /home/airflow/.local/lib/python3.7/site-packages/airflow/example_dags/example_branch_operator.py
[2023-03-06T09:34:18.633+0000] {logging_mixin.py:137} INFO - [2023-03-06T09:34:18.633+0000] {dag.py:2690} INFO - Sync 1 DAGs
[2023-03-06T09:34:18.725+0000] {logging_mixin.py:137} INFO - [2023-03-06T09:34:18.725+0000] {dag.py:3441} INFO - Setting next_dagrun for example_branch_operator to 2023-03-05T00:00:00+00:00, run_after=2023-03-06T00:00:00+00:00
[2023-03-06T09:34:18.797+0000] {processor.py:175} INFO - Processing /home/airflow/.local/lib/python3.7/site-packages/airflow/example_dags/example_branch_operator.py took 0.348 seconds
[2023-03-06T09:34:49.119+0000] {processor.py:153} INFO - Started process (PID=1152) to work on /home/airflow/.local/lib/python3.7/site-packages/airflow/example_dags/example_branch_operator.py
[2023-03-06T09:34:49.124+0000] {processor.py:743} INFO - Processing file /home/airflow/.local/lib/python3.7/site-packages/airflow/example_dags/example_branch_operator.py for tasks to queue
[2023-03-06T09:34:49.129+0000] {logging_mixin.py:137} INFO - [2023-03-06T09:34:49.128+0000] {dagbag.py:538} INFO - Filling up the DagBag from /home/airflow/.local/lib/python3.7/site-packages/airflow/example_dags/example_branch_operator.py
[2023-03-06T09:34:49.178+0000] {processor.py:753} INFO - DAG(s) dict_keys(['example_branch_operator']) retrieved from /home/airflow/.local/lib/python3.7/site-packages/airflow/example_dags/example_branch_operator.py
[2023-03-06T09:34:49.304+0000] {logging_mixin.py:137} INFO - [2023-03-06T09:34:49.304+0000] {dag.py:2690} INFO - Sync 1 DAGs
[2023-03-06T09:34:49.405+0000] {logging_mixin.py:137} INFO - [2023-03-06T09:34:49.405+0000] {dag.py:3441} INFO - Setting next_dagrun for example_branch_operator to 2023-03-05T00:00:00+00:00, run_after=2023-03-06T00:00:00+00:00
[2023-03-06T09:34:49.536+0000] {processor.py:175} INFO - Processing /home/airflow/.local/lib/python3.7/site-packages/airflow/example_dags/example_branch_operator.py took 0.432 seconds
[2023-03-06T09:35:19.827+0000] {processor.py:153} INFO - Started process (PID=1215) to work on /home/airflow/.local/lib/python3.7/site-packages/airflow/example_dags/example_branch_operator.py
[2023-03-06T09:35:19.831+0000] {processor.py:743} INFO - Processing file /home/airflow/.local/lib/python3.7/site-packages/airflow/example_dags/example_branch_operator.py for tasks to queue
[2023-03-06T09:35:19.836+0000] {logging_mixin.py:137} INFO - [2023-03-06T09:35:19.835+0000] {dagbag.py:538} INFO - Filling up the DagBag from /home/airflow/.local/lib/python3.7/site-packages/airflow/example_dags/example_branch_operator.py
[2023-03-06T09:35:19.900+0000] {processor.py:753} INFO - DAG(s) dict_keys(['example_branch_operator']) retrieved from /home/airflow/.local/lib/python3.7/site-packages/airflow/example_dags/example_branch_operator.py
[2023-03-06T09:35:20.018+0000] {logging_mixin.py:137} INFO - [2023-03-06T09:35:20.018+0000] {dag.py:2690} INFO - Sync 1 DAGs
[2023-03-06T09:35:20.119+0000] {logging_mixin.py:137} INFO - [2023-03-06T09:35:20.119+0000] {dag.py:3441} INFO - Setting next_dagrun for example_branch_operator to 2023-03-05T00:00:00+00:00, run_after=2023-03-06T00:00:00+00:00
[2023-03-06T09:35:20.185+0000] {processor.py:175} INFO - Processing /home/airflow/.local/lib/python3.7/site-packages/airflow/example_dags/example_branch_operator.py took 0.372 seconds
[2023-03-06T09:35:50.509+0000] {processor.py:153} INFO - Started process (PID=1278) to work on /home/airflow/.local/lib/python3.7/site-packages/airflow/example_dags/example_branch_operator.py
[2023-03-06T09:35:50.513+0000] {processor.py:743} INFO - Processing file /home/airflow/.local/lib/python3.7/site-packages/airflow/example_dags/example_branch_operator.py for tasks to queue
[2023-03-06T09:35:50.526+0000] {logging_mixin.py:137} INFO - [2023-03-06T09:35:50.526+0000] {dagbag.py:538} INFO - Filling up the DagBag from /home/airflow/.local/lib/python3.7/site-packages/airflow/example_dags/example_branch_operator.py
[2023-03-06T09:35:50.638+0000] {processor.py:753} INFO - DAG(s) dict_keys(['example_branch_operator']) retrieved from /home/airflow/.local/lib/python3.7/site-packages/airflow/example_dags/example_branch_operator.py
[2023-03-06T09:35:50.785+0000] {logging_mixin.py:137} INFO - [2023-03-06T09:35:50.785+0000] {dag.py:2690} INFO - Sync 1 DAGs
[2023-03-06T09:35:50.873+0000] {logging_mixin.py:137} INFO - [2023-03-06T09:35:50.873+0000] {dag.py:3441} INFO - Setting next_dagrun for example_branch_operator to 2023-03-05T00:00:00+00:00, run_after=2023-03-06T00:00:00+00:00
[2023-03-06T09:35:50.939+0000] {processor.py:175} INFO - Processing /home/airflow/.local/lib/python3.7/site-packages/airflow/example_dags/example_branch_operator.py took 0.439 seconds
[2023-03-06T09:36:21.892+0000] {processor.py:153} INFO - Started process (PID=1342) to work on /home/airflow/.local/lib/python3.7/site-packages/airflow/example_dags/example_branch_operator.py
[2023-03-06T09:36:21.908+0000] {processor.py:743} INFO - Processing file /home/airflow/.local/lib/python3.7/site-packages/airflow/example_dags/example_branch_operator.py for tasks to queue
[2023-03-06T09:36:21.916+0000] {logging_mixin.py:137} INFO - [2023-03-06T09:36:21.916+0000] {dagbag.py:538} INFO - Filling up the DagBag from /home/airflow/.local/lib/python3.7/site-packages/airflow/example_dags/example_branch_operator.py
[2023-03-06T09:36:22.053+0000] {processor.py:753} INFO - DAG(s) dict_keys(['example_branch_operator']) retrieved from /home/airflow/.local/lib/python3.7/site-packages/airflow/example_dags/example_branch_operator.py
[2023-03-06T09:36:22.208+0000] {logging_mixin.py:137} INFO - [2023-03-06T09:36:22.207+0000] {dag.py:2690} INFO - Sync 1 DAGs
[2023-03-06T09:36:22.347+0000] {logging_mixin.py:137} INFO - [2023-03-06T09:36:22.346+0000] {dag.py:3441} INFO - Setting next_dagrun for example_branch_operator to 2023-03-05T00:00:00+00:00, run_after=2023-03-06T00:00:00+00:00
[2023-03-06T09:36:22.418+0000] {processor.py:175} INFO - Processing /home/airflow/.local/lib/python3.7/site-packages/airflow/example_dags/example_branch_operator.py took 0.544 seconds
[2023-03-06T09:36:53.233+0000] {processor.py:153} INFO - Started process (PID=1406) to work on /home/airflow/.local/lib/python3.7/site-packages/airflow/example_dags/example_branch_operator.py
[2023-03-06T09:36:53.237+0000] {processor.py:743} INFO - Processing file /home/airflow/.local/lib/python3.7/site-packages/airflow/example_dags/example_branch_operator.py for tasks to queue
[2023-03-06T09:36:53.243+0000] {logging_mixin.py:137} INFO - [2023-03-06T09:36:53.242+0000] {dagbag.py:538} INFO - Filling up the DagBag from /home/airflow/.local/lib/python3.7/site-packages/airflow/example_dags/example_branch_operator.py
[2023-03-06T09:36:53.326+0000] {processor.py:753} INFO - DAG(s) dict_keys(['example_branch_operator']) retrieved from /home/airflow/.local/lib/python3.7/site-packages/airflow/example_dags/example_branch_operator.py
[2023-03-06T09:36:53.548+0000] {logging_mixin.py:137} INFO - [2023-03-06T09:36:53.548+0000] {dag.py:2690} INFO - Sync 1 DAGs
[2023-03-06T09:36:53.694+0000] {logging_mixin.py:137} INFO - [2023-03-06T09:36:53.689+0000] {dag.py:3441} INFO - Setting next_dagrun for example_branch_operator to 2023-03-05T00:00:00+00:00, run_after=2023-03-06T00:00:00+00:00
[2023-03-06T09:36:53.787+0000] {processor.py:175} INFO - Processing /home/airflow/.local/lib/python3.7/site-packages/airflow/example_dags/example_branch_operator.py took 0.605 seconds
[2023-03-06T09:37:24.033+0000] {processor.py:153} INFO - Started process (PID=1459) to work on /home/airflow/.local/lib/python3.7/site-packages/airflow/example_dags/example_branch_operator.py
[2023-03-06T09:37:24.035+0000] {processor.py:743} INFO - Processing file /home/airflow/.local/lib/python3.7/site-packages/airflow/example_dags/example_branch_operator.py for tasks to queue
[2023-03-06T09:37:24.045+0000] {logging_mixin.py:137} INFO - [2023-03-06T09:37:24.045+0000] {dagbag.py:538} INFO - Filling up the DagBag from /home/airflow/.local/lib/python3.7/site-packages/airflow/example_dags/example_branch_operator.py
[2023-03-06T09:37:24.211+0000] {processor.py:753} INFO - DAG(s) dict_keys(['example_branch_operator']) retrieved from /home/airflow/.local/lib/python3.7/site-packages/airflow/example_dags/example_branch_operator.py
[2023-03-06T09:37:24.351+0000] {logging_mixin.py:137} INFO - [2023-03-06T09:37:24.350+0000] {dag.py:2690} INFO - Sync 1 DAGs
[2023-03-06T09:37:24.591+0000] {logging_mixin.py:137} INFO - [2023-03-06T09:37:24.590+0000] {dag.py:3441} INFO - Setting next_dagrun for example_branch_operator to 2023-03-05T00:00:00+00:00, run_after=2023-03-06T00:00:00+00:00
[2023-03-06T09:37:24.726+0000] {processor.py:175} INFO - Processing /home/airflow/.local/lib/python3.7/site-packages/airflow/example_dags/example_branch_operator.py took 0.711 seconds
[2023-03-06T09:37:55.645+0000] {processor.py:153} INFO - Started process (PID=1529) to work on /home/airflow/.local/lib/python3.7/site-packages/airflow/example_dags/example_branch_operator.py
[2023-03-06T09:37:55.655+0000] {processor.py:743} INFO - Processing file /home/airflow/.local/lib/python3.7/site-packages/airflow/example_dags/example_branch_operator.py for tasks to queue
[2023-03-06T09:37:55.659+0000] {logging_mixin.py:137} INFO - [2023-03-06T09:37:55.658+0000] {dagbag.py:538} INFO - Filling up the DagBag from /home/airflow/.local/lib/python3.7/site-packages/airflow/example_dags/example_branch_operator.py
[2023-03-06T09:37:55.792+0000] {processor.py:753} INFO - DAG(s) dict_keys(['example_branch_operator']) retrieved from /home/airflow/.local/lib/python3.7/site-packages/airflow/example_dags/example_branch_operator.py
[2023-03-06T09:37:55.965+0000] {logging_mixin.py:137} INFO - [2023-03-06T09:37:55.965+0000] {dag.py:2690} INFO - Sync 1 DAGs
[2023-03-06T09:37:56.184+0000] {logging_mixin.py:137} INFO - [2023-03-06T09:37:56.173+0000] {dag.py:3441} INFO - Setting next_dagrun for example_branch_operator to 2023-03-05T00:00:00+00:00, run_after=2023-03-06T00:00:00+00:00
[2023-03-06T09:37:56.260+0000] {processor.py:175} INFO - Processing /home/airflow/.local/lib/python3.7/site-packages/airflow/example_dags/example_branch_operator.py took 0.648 seconds
[2023-03-06T09:38:26.736+0000] {processor.py:153} INFO - Started process (PID=1592) to work on /home/airflow/.local/lib/python3.7/site-packages/airflow/example_dags/example_branch_operator.py
[2023-03-06T09:38:26.740+0000] {processor.py:743} INFO - Processing file /home/airflow/.local/lib/python3.7/site-packages/airflow/example_dags/example_branch_operator.py for tasks to queue
[2023-03-06T09:38:26.743+0000] {logging_mixin.py:137} INFO - [2023-03-06T09:38:26.743+0000] {dagbag.py:538} INFO - Filling up the DagBag from /home/airflow/.local/lib/python3.7/site-packages/airflow/example_dags/example_branch_operator.py
[2023-03-06T09:38:26.792+0000] {processor.py:753} INFO - DAG(s) dict_keys(['example_branch_operator']) retrieved from /home/airflow/.local/lib/python3.7/site-packages/airflow/example_dags/example_branch_operator.py
[2023-03-06T09:38:26.860+0000] {logging_mixin.py:137} INFO - [2023-03-06T09:38:26.860+0000] {dag.py:2690} INFO - Sync 1 DAGs
[2023-03-06T09:38:26.936+0000] {logging_mixin.py:137} INFO - [2023-03-06T09:38:26.936+0000] {dag.py:3441} INFO - Setting next_dagrun for example_branch_operator to 2023-03-05T00:00:00+00:00, run_after=2023-03-06T00:00:00+00:00
[2023-03-06T09:38:26.982+0000] {processor.py:175} INFO - Processing /home/airflow/.local/lib/python3.7/site-packages/airflow/example_dags/example_branch_operator.py took 0.257 seconds
[2023-03-06T09:38:57.552+0000] {processor.py:153} INFO - Started process (PID=1657) to work on /home/airflow/.local/lib/python3.7/site-packages/airflow/example_dags/example_branch_operator.py
[2023-03-06T09:38:57.560+0000] {processor.py:743} INFO - Processing file /home/airflow/.local/lib/python3.7/site-packages/airflow/example_dags/example_branch_operator.py for tasks to queue
[2023-03-06T09:38:57.567+0000] {logging_mixin.py:137} INFO - [2023-03-06T09:38:57.567+0000] {dagbag.py:538} INFO - Filling up the DagBag from /home/airflow/.local/lib/python3.7/site-packages/airflow/example_dags/example_branch_operator.py
[2023-03-06T09:38:57.669+0000] {processor.py:753} INFO - DAG(s) dict_keys(['example_branch_operator']) retrieved from /home/airflow/.local/lib/python3.7/site-packages/airflow/example_dags/example_branch_operator.py
[2023-03-06T09:38:57.769+0000] {logging_mixin.py:137} INFO - [2023-03-06T09:38:57.768+0000] {dag.py:2690} INFO - Sync 1 DAGs
[2023-03-06T09:38:57.880+0000] {logging_mixin.py:137} INFO - [2023-03-06T09:38:57.879+0000] {dag.py:3441} INFO - Setting next_dagrun for example_branch_operator to 2023-03-05T00:00:00+00:00, run_after=2023-03-06T00:00:00+00:00
[2023-03-06T09:38:57.941+0000] {processor.py:175} INFO - Processing /home/airflow/.local/lib/python3.7/site-packages/airflow/example_dags/example_branch_operator.py took 0.416 seconds
[2023-03-06T09:39:28.305+0000] {processor.py:153} INFO - Started process (PID=1720) to work on /home/airflow/.local/lib/python3.7/site-packages/airflow/example_dags/example_branch_operator.py
[2023-03-06T09:39:28.311+0000] {processor.py:743} INFO - Processing file /home/airflow/.local/lib/python3.7/site-packages/airflow/example_dags/example_branch_operator.py for tasks to queue
[2023-03-06T09:39:28.316+0000] {logging_mixin.py:137} INFO - [2023-03-06T09:39:28.315+0000] {dagbag.py:538} INFO - Filling up the DagBag from /home/airflow/.local/lib/python3.7/site-packages/airflow/example_dags/example_branch_operator.py
[2023-03-06T09:39:28.470+0000] {processor.py:753} INFO - DAG(s) dict_keys(['example_branch_operator']) retrieved from /home/airflow/.local/lib/python3.7/site-packages/airflow/example_dags/example_branch_operator.py
[2023-03-06T09:39:28.595+0000] {logging_mixin.py:137} INFO - [2023-03-06T09:39:28.595+0000] {dag.py:2690} INFO - Sync 1 DAGs
[2023-03-06T09:39:28.718+0000] {logging_mixin.py:137} INFO - [2023-03-06T09:39:28.717+0000] {dag.py:3441} INFO - Setting next_dagrun for example_branch_operator to 2023-03-05T00:00:00+00:00, run_after=2023-03-06T00:00:00+00:00
[2023-03-06T09:39:28.804+0000] {processor.py:175} INFO - Processing /home/airflow/.local/lib/python3.7/site-packages/airflow/example_dags/example_branch_operator.py took 0.515 seconds
[2023-03-06T09:39:59.200+0000] {processor.py:153} INFO - Started process (PID=1784) to work on /home/airflow/.local/lib/python3.7/site-packages/airflow/example_dags/example_branch_operator.py
[2023-03-06T09:39:59.204+0000] {processor.py:743} INFO - Processing file /home/airflow/.local/lib/python3.7/site-packages/airflow/example_dags/example_branch_operator.py for tasks to queue
[2023-03-06T09:39:59.210+0000] {logging_mixin.py:137} INFO - [2023-03-06T09:39:59.209+0000] {dagbag.py:538} INFO - Filling up the DagBag from /home/airflow/.local/lib/python3.7/site-packages/airflow/example_dags/example_branch_operator.py
[2023-03-06T09:39:59.287+0000] {processor.py:753} INFO - DAG(s) dict_keys(['example_branch_operator']) retrieved from /home/airflow/.local/lib/python3.7/site-packages/airflow/example_dags/example_branch_operator.py
[2023-03-06T09:39:59.410+0000] {logging_mixin.py:137} INFO - [2023-03-06T09:39:59.409+0000] {dag.py:2690} INFO - Sync 1 DAGs
[2023-03-06T09:39:59.545+0000] {logging_mixin.py:137} INFO - [2023-03-06T09:39:59.545+0000] {dag.py:3441} INFO - Setting next_dagrun for example_branch_operator to 2023-03-05T00:00:00+00:00, run_after=2023-03-06T00:00:00+00:00
[2023-03-06T09:39:59.659+0000] {processor.py:175} INFO - Processing /home/airflow/.local/lib/python3.7/site-packages/airflow/example_dags/example_branch_operator.py took 0.473 seconds
[2023-03-06T09:40:29.875+0000] {processor.py:153} INFO - Started process (PID=1847) to work on /home/airflow/.local/lib/python3.7/site-packages/airflow/example_dags/example_branch_operator.py
[2023-03-06T09:40:29.879+0000] {processor.py:743} INFO - Processing file /home/airflow/.local/lib/python3.7/site-packages/airflow/example_dags/example_branch_operator.py for tasks to queue
[2023-03-06T09:40:29.883+0000] {logging_mixin.py:137} INFO - [2023-03-06T09:40:29.883+0000] {dagbag.py:538} INFO - Filling up the DagBag from /home/airflow/.local/lib/python3.7/site-packages/airflow/example_dags/example_branch_operator.py
[2023-03-06T09:40:29.952+0000] {processor.py:753} INFO - DAG(s) dict_keys(['example_branch_operator']) retrieved from /home/airflow/.local/lib/python3.7/site-packages/airflow/example_dags/example_branch_operator.py
[2023-03-06T09:40:30.030+0000] {logging_mixin.py:137} INFO - [2023-03-06T09:40:30.030+0000] {dag.py:2690} INFO - Sync 1 DAGs
[2023-03-06T09:40:30.116+0000] {logging_mixin.py:137} INFO - [2023-03-06T09:40:30.116+0000] {dag.py:3441} INFO - Setting next_dagrun for example_branch_operator to 2023-03-05T00:00:00+00:00, run_after=2023-03-06T00:00:00+00:00
[2023-03-06T09:40:30.169+0000] {processor.py:175} INFO - Processing /home/airflow/.local/lib/python3.7/site-packages/airflow/example_dags/example_branch_operator.py took 0.307 seconds
[2023-03-06T09:41:00.285+0000] {processor.py:153} INFO - Started process (PID=1908) to work on /home/airflow/.local/lib/python3.7/site-packages/airflow/example_dags/example_branch_operator.py
[2023-03-06T09:41:00.288+0000] {processor.py:743} INFO - Processing file /home/airflow/.local/lib/python3.7/site-packages/airflow/example_dags/example_branch_operator.py for tasks to queue
[2023-03-06T09:41:00.292+0000] {logging_mixin.py:137} INFO - [2023-03-06T09:41:00.291+0000] {dagbag.py:538} INFO - Filling up the DagBag from /home/airflow/.local/lib/python3.7/site-packages/airflow/example_dags/example_branch_operator.py
[2023-03-06T09:41:00.371+0000] {processor.py:753} INFO - DAG(s) dict_keys(['example_branch_operator']) retrieved from /home/airflow/.local/lib/python3.7/site-packages/airflow/example_dags/example_branch_operator.py
[2023-03-06T09:41:00.472+0000] {logging_mixin.py:137} INFO - [2023-03-06T09:41:00.471+0000] {dag.py:2690} INFO - Sync 1 DAGs
[2023-03-06T09:41:00.572+0000] {logging_mixin.py:137} INFO - [2023-03-06T09:41:00.572+0000] {dag.py:3441} INFO - Setting next_dagrun for example_branch_operator to 2023-03-05T00:00:00+00:00, run_after=2023-03-06T00:00:00+00:00
[2023-03-06T09:41:00.640+0000] {processor.py:175} INFO - Processing /home/airflow/.local/lib/python3.7/site-packages/airflow/example_dags/example_branch_operator.py took 0.367 seconds
[2023-03-06T09:41:30.950+0000] {processor.py:153} INFO - Started process (PID=1971) to work on /home/airflow/.local/lib/python3.7/site-packages/airflow/example_dags/example_branch_operator.py
[2023-03-06T09:41:30.955+0000] {processor.py:743} INFO - Processing file /home/airflow/.local/lib/python3.7/site-packages/airflow/example_dags/example_branch_operator.py for tasks to queue
[2023-03-06T09:41:30.960+0000] {logging_mixin.py:137} INFO - [2023-03-06T09:41:30.959+0000] {dagbag.py:538} INFO - Filling up the DagBag from /home/airflow/.local/lib/python3.7/site-packages/airflow/example_dags/example_branch_operator.py
[2023-03-06T09:41:31.083+0000] {processor.py:753} INFO - DAG(s) dict_keys(['example_branch_operator']) retrieved from /home/airflow/.local/lib/python3.7/site-packages/airflow/example_dags/example_branch_operator.py
[2023-03-06T09:41:31.281+0000] {logging_mixin.py:137} INFO - [2023-03-06T09:41:31.281+0000] {dag.py:2690} INFO - Sync 1 DAGs
[2023-03-06T09:41:31.423+0000] {logging_mixin.py:137} INFO - [2023-03-06T09:41:31.423+0000] {dag.py:3441} INFO - Setting next_dagrun for example_branch_operator to 2023-03-05T00:00:00+00:00, run_after=2023-03-06T00:00:00+00:00
[2023-03-06T09:41:31.502+0000] {processor.py:175} INFO - Processing /home/airflow/.local/lib/python3.7/site-packages/airflow/example_dags/example_branch_operator.py took 0.566 seconds
