[2023-03-06T09:25:57.291+0000] {processor.py:153} INFO - Started process (PID=52) to work on /home/airflow/.local/lib/python3.7/site-packages/airflow/example_dags/example_external_task_marker_dag.py
[2023-03-06T09:25:57.295+0000] {processor.py:743} INFO - Processing file /home/airflow/.local/lib/python3.7/site-packages/airflow/example_dags/example_external_task_marker_dag.py for tasks to queue
[2023-03-06T09:25:57.301+0000] {logging_mixin.py:137} INFO - [2023-03-06T09:25:57.300+0000] {dagbag.py:538} INFO - Filling up the DagBag from /home/airflow/.local/lib/python3.7/site-packages/airflow/example_dags/example_external_task_marker_dag.py
[2023-03-06T09:25:57.345+0000] {processor.py:753} INFO - DAG(s) dict_keys(['example_external_task_marker_parent', 'example_external_task_marker_child']) retrieved from /home/airflow/.local/lib/python3.7/site-packages/airflow/example_dags/example_external_task_marker_dag.py
[2023-03-06T09:25:57.760+0000] {logging_mixin.py:137} INFO - [2023-03-06T09:25:57.760+0000] {dag.py:2690} INFO - Sync 2 DAGs
[2023-03-06T09:25:57.927+0000] {logging_mixin.py:137} INFO - [2023-03-06T09:25:57.927+0000] {dag.py:3441} INFO - Setting next_dagrun for example_external_task_marker_child to None, run_after=None
[2023-03-06T09:25:57.939+0000] {logging_mixin.py:137} INFO - [2023-03-06T09:25:57.939+0000] {dag.py:3441} INFO - Setting next_dagrun for example_external_task_marker_parent to None, run_after=None
[2023-03-06T09:25:58.006+0000] {processor.py:175} INFO - Processing /home/airflow/.local/lib/python3.7/site-packages/airflow/example_dags/example_external_task_marker_dag.py took 0.724 seconds
[2023-03-06T09:26:28.081+0000] {processor.py:153} INFO - Started process (PID=115) to work on /home/airflow/.local/lib/python3.7/site-packages/airflow/example_dags/example_external_task_marker_dag.py
[2023-03-06T09:26:28.084+0000] {processor.py:743} INFO - Processing file /home/airflow/.local/lib/python3.7/site-packages/airflow/example_dags/example_external_task_marker_dag.py for tasks to queue
[2023-03-06T09:26:28.087+0000] {logging_mixin.py:137} INFO - [2023-03-06T09:26:28.087+0000] {dagbag.py:538} INFO - Filling up the DagBag from /home/airflow/.local/lib/python3.7/site-packages/airflow/example_dags/example_external_task_marker_dag.py
[2023-03-06T09:26:28.124+0000] {processor.py:753} INFO - DAG(s) dict_keys(['example_external_task_marker_child', 'example_external_task_marker_parent']) retrieved from /home/airflow/.local/lib/python3.7/site-packages/airflow/example_dags/example_external_task_marker_dag.py
[2023-03-06T09:26:28.193+0000] {logging_mixin.py:137} INFO - [2023-03-06T09:26:28.192+0000] {dag.py:2690} INFO - Sync 2 DAGs
[2023-03-06T09:26:28.251+0000] {logging_mixin.py:137} INFO - [2023-03-06T09:26:28.250+0000] {dag.py:3441} INFO - Setting next_dagrun for example_external_task_marker_child to None, run_after=None
[2023-03-06T09:26:28.259+0000] {logging_mixin.py:137} INFO - [2023-03-06T09:26:28.258+0000] {dag.py:3441} INFO - Setting next_dagrun for example_external_task_marker_parent to None, run_after=None
[2023-03-06T09:26:28.487+0000] {processor.py:175} INFO - Processing /home/airflow/.local/lib/python3.7/site-packages/airflow/example_dags/example_external_task_marker_dag.py took 0.415 seconds
[2023-03-06T09:26:58.775+0000] {processor.py:153} INFO - Started process (PID=177) to work on /home/airflow/.local/lib/python3.7/site-packages/airflow/example_dags/example_external_task_marker_dag.py
[2023-03-06T09:26:58.782+0000] {processor.py:743} INFO - Processing file /home/airflow/.local/lib/python3.7/site-packages/airflow/example_dags/example_external_task_marker_dag.py for tasks to queue
[2023-03-06T09:26:58.787+0000] {logging_mixin.py:137} INFO - [2023-03-06T09:26:58.786+0000] {dagbag.py:538} INFO - Filling up the DagBag from /home/airflow/.local/lib/python3.7/site-packages/airflow/example_dags/example_external_task_marker_dag.py
[2023-03-06T09:26:58.866+0000] {processor.py:753} INFO - DAG(s) dict_keys(['example_external_task_marker_child', 'example_external_task_marker_parent']) retrieved from /home/airflow/.local/lib/python3.7/site-packages/airflow/example_dags/example_external_task_marker_dag.py
[2023-03-06T09:26:58.966+0000] {logging_mixin.py:137} INFO - [2023-03-06T09:26:58.965+0000] {dag.py:2690} INFO - Sync 2 DAGs
[2023-03-06T09:26:59.059+0000] {logging_mixin.py:137} INFO - [2023-03-06T09:26:59.058+0000] {dag.py:3441} INFO - Setting next_dagrun for example_external_task_marker_child to None, run_after=None
[2023-03-06T09:26:59.079+0000] {logging_mixin.py:137} INFO - [2023-03-06T09:26:59.078+0000] {dag.py:3441} INFO - Setting next_dagrun for example_external_task_marker_parent to None, run_after=None
[2023-03-06T09:26:59.321+0000] {processor.py:175} INFO - Processing /home/airflow/.local/lib/python3.7/site-packages/airflow/example_dags/example_external_task_marker_dag.py took 0.568 seconds
[2023-03-06T09:27:30.452+0000] {processor.py:153} INFO - Started process (PID=240) to work on /home/airflow/.local/lib/python3.7/site-packages/airflow/example_dags/example_external_task_marker_dag.py
[2023-03-06T09:27:30.456+0000] {processor.py:743} INFO - Processing file /home/airflow/.local/lib/python3.7/site-packages/airflow/example_dags/example_external_task_marker_dag.py for tasks to queue
[2023-03-06T09:27:30.462+0000] {logging_mixin.py:137} INFO - [2023-03-06T09:27:30.460+0000] {dagbag.py:538} INFO - Filling up the DagBag from /home/airflow/.local/lib/python3.7/site-packages/airflow/example_dags/example_external_task_marker_dag.py
[2023-03-06T09:27:30.551+0000] {processor.py:753} INFO - DAG(s) dict_keys(['example_external_task_marker_parent', 'example_external_task_marker_child']) retrieved from /home/airflow/.local/lib/python3.7/site-packages/airflow/example_dags/example_external_task_marker_dag.py
[2023-03-06T09:27:30.677+0000] {logging_mixin.py:137} INFO - [2023-03-06T09:27:30.677+0000] {dag.py:2690} INFO - Sync 2 DAGs
[2023-03-06T09:27:30.755+0000] {logging_mixin.py:137} INFO - [2023-03-06T09:27:30.755+0000] {dag.py:3441} INFO - Setting next_dagrun for example_external_task_marker_child to None, run_after=None
[2023-03-06T09:27:30.763+0000] {logging_mixin.py:137} INFO - [2023-03-06T09:27:30.763+0000] {dag.py:3441} INFO - Setting next_dagrun for example_external_task_marker_parent to None, run_after=None
[2023-03-06T09:27:30.803+0000] {processor.py:175} INFO - Processing /home/airflow/.local/lib/python3.7/site-packages/airflow/example_dags/example_external_task_marker_dag.py took 0.368 seconds
[2023-03-06T09:28:01.820+0000] {processor.py:153} INFO - Started process (PID=303) to work on /home/airflow/.local/lib/python3.7/site-packages/airflow/example_dags/example_external_task_marker_dag.py
[2023-03-06T09:28:01.822+0000] {processor.py:743} INFO - Processing file /home/airflow/.local/lib/python3.7/site-packages/airflow/example_dags/example_external_task_marker_dag.py for tasks to queue
[2023-03-06T09:28:01.826+0000] {logging_mixin.py:137} INFO - [2023-03-06T09:28:01.825+0000] {dagbag.py:538} INFO - Filling up the DagBag from /home/airflow/.local/lib/python3.7/site-packages/airflow/example_dags/example_external_task_marker_dag.py
[2023-03-06T09:28:01.879+0000] {processor.py:753} INFO - DAG(s) dict_keys(['example_external_task_marker_child', 'example_external_task_marker_parent']) retrieved from /home/airflow/.local/lib/python3.7/site-packages/airflow/example_dags/example_external_task_marker_dag.py
[2023-03-06T09:28:01.963+0000] {logging_mixin.py:137} INFO - [2023-03-06T09:28:01.963+0000] {dag.py:2690} INFO - Sync 2 DAGs
[2023-03-06T09:28:02.049+0000] {logging_mixin.py:137} INFO - [2023-03-06T09:28:02.049+0000] {dag.py:3441} INFO - Setting next_dagrun for example_external_task_marker_child to None, run_after=None
[2023-03-06T09:28:02.059+0000] {logging_mixin.py:137} INFO - [2023-03-06T09:28:02.059+0000] {dag.py:3441} INFO - Setting next_dagrun for example_external_task_marker_parent to None, run_after=None
[2023-03-06T09:28:02.100+0000] {processor.py:175} INFO - Processing /home/airflow/.local/lib/python3.7/site-packages/airflow/example_dags/example_external_task_marker_dag.py took 0.288 seconds
[2023-03-06T09:28:32.407+0000] {processor.py:153} INFO - Started process (PID=366) to work on /home/airflow/.local/lib/python3.7/site-packages/airflow/example_dags/example_external_task_marker_dag.py
[2023-03-06T09:28:32.410+0000] {processor.py:743} INFO - Processing file /home/airflow/.local/lib/python3.7/site-packages/airflow/example_dags/example_external_task_marker_dag.py for tasks to queue
[2023-03-06T09:28:32.414+0000] {logging_mixin.py:137} INFO - [2023-03-06T09:28:32.414+0000] {dagbag.py:538} INFO - Filling up the DagBag from /home/airflow/.local/lib/python3.7/site-packages/airflow/example_dags/example_external_task_marker_dag.py
[2023-03-06T09:28:32.456+0000] {processor.py:753} INFO - DAG(s) dict_keys(['example_external_task_marker_child', 'example_external_task_marker_parent']) retrieved from /home/airflow/.local/lib/python3.7/site-packages/airflow/example_dags/example_external_task_marker_dag.py
[2023-03-06T09:28:32.533+0000] {logging_mixin.py:137} INFO - [2023-03-06T09:28:32.533+0000] {dag.py:2690} INFO - Sync 2 DAGs
[2023-03-06T09:28:32.595+0000] {logging_mixin.py:137} INFO - [2023-03-06T09:28:32.594+0000] {dag.py:3441} INFO - Setting next_dagrun for example_external_task_marker_child to None, run_after=None
[2023-03-06T09:28:32.605+0000] {logging_mixin.py:137} INFO - [2023-03-06T09:28:32.605+0000] {dag.py:3441} INFO - Setting next_dagrun for example_external_task_marker_parent to None, run_after=None
[2023-03-06T09:28:32.710+0000] {processor.py:175} INFO - Processing /home/airflow/.local/lib/python3.7/site-packages/airflow/example_dags/example_external_task_marker_dag.py took 0.315 seconds
[2023-03-06T09:29:03.213+0000] {processor.py:153} INFO - Started process (PID=435) to work on /home/airflow/.local/lib/python3.7/site-packages/airflow/example_dags/example_external_task_marker_dag.py
[2023-03-06T09:29:03.215+0000] {processor.py:743} INFO - Processing file /home/airflow/.local/lib/python3.7/site-packages/airflow/example_dags/example_external_task_marker_dag.py for tasks to queue
[2023-03-06T09:29:03.218+0000] {logging_mixin.py:137} INFO - [2023-03-06T09:29:03.217+0000] {dagbag.py:538} INFO - Filling up the DagBag from /home/airflow/.local/lib/python3.7/site-packages/airflow/example_dags/example_external_task_marker_dag.py
[2023-03-06T09:29:03.254+0000] {processor.py:753} INFO - DAG(s) dict_keys(['example_external_task_marker_parent', 'example_external_task_marker_child']) retrieved from /home/airflow/.local/lib/python3.7/site-packages/airflow/example_dags/example_external_task_marker_dag.py
[2023-03-06T09:29:03.340+0000] {logging_mixin.py:137} INFO - [2023-03-06T09:29:03.340+0000] {dag.py:2690} INFO - Sync 2 DAGs
[2023-03-06T09:29:03.401+0000] {logging_mixin.py:137} INFO - [2023-03-06T09:29:03.400+0000] {dag.py:3441} INFO - Setting next_dagrun for example_external_task_marker_child to None, run_after=None
[2023-03-06T09:29:03.419+0000] {logging_mixin.py:137} INFO - [2023-03-06T09:29:03.418+0000] {dag.py:3441} INFO - Setting next_dagrun for example_external_task_marker_parent to None, run_after=None
[2023-03-06T09:29:03.498+0000] {processor.py:175} INFO - Processing /home/airflow/.local/lib/python3.7/site-packages/airflow/example_dags/example_external_task_marker_dag.py took 0.293 seconds
[2023-03-06T09:29:33.836+0000] {processor.py:153} INFO - Started process (PID=491) to work on /home/airflow/.local/lib/python3.7/site-packages/airflow/example_dags/example_external_task_marker_dag.py
[2023-03-06T09:29:33.839+0000] {processor.py:743} INFO - Processing file /home/airflow/.local/lib/python3.7/site-packages/airflow/example_dags/example_external_task_marker_dag.py for tasks to queue
[2023-03-06T09:29:33.842+0000] {logging_mixin.py:137} INFO - [2023-03-06T09:29:33.842+0000] {dagbag.py:538} INFO - Filling up the DagBag from /home/airflow/.local/lib/python3.7/site-packages/airflow/example_dags/example_external_task_marker_dag.py
[2023-03-06T09:29:33.895+0000] {processor.py:753} INFO - DAG(s) dict_keys(['example_external_task_marker_child', 'example_external_task_marker_parent']) retrieved from /home/airflow/.local/lib/python3.7/site-packages/airflow/example_dags/example_external_task_marker_dag.py
[2023-03-06T09:29:33.995+0000] {logging_mixin.py:137} INFO - [2023-03-06T09:29:33.994+0000] {dag.py:2690} INFO - Sync 2 DAGs
[2023-03-06T09:29:34.088+0000] {logging_mixin.py:137} INFO - [2023-03-06T09:29:34.087+0000] {dag.py:3441} INFO - Setting next_dagrun for example_external_task_marker_child to None, run_after=None
[2023-03-06T09:29:34.103+0000] {logging_mixin.py:137} INFO - [2023-03-06T09:29:34.103+0000] {dag.py:3441} INFO - Setting next_dagrun for example_external_task_marker_parent to None, run_after=None
[2023-03-06T09:29:34.235+0000] {processor.py:175} INFO - Processing /home/airflow/.local/lib/python3.7/site-packages/airflow/example_dags/example_external_task_marker_dag.py took 0.410 seconds
[2023-03-06T09:30:04.298+0000] {processor.py:153} INFO - Started process (PID=555) to work on /home/airflow/.local/lib/python3.7/site-packages/airflow/example_dags/example_external_task_marker_dag.py
[2023-03-06T09:30:04.300+0000] {processor.py:743} INFO - Processing file /home/airflow/.local/lib/python3.7/site-packages/airflow/example_dags/example_external_task_marker_dag.py for tasks to queue
[2023-03-06T09:30:04.302+0000] {logging_mixin.py:137} INFO - [2023-03-06T09:30:04.302+0000] {dagbag.py:538} INFO - Filling up the DagBag from /home/airflow/.local/lib/python3.7/site-packages/airflow/example_dags/example_external_task_marker_dag.py
[2023-03-06T09:30:04.335+0000] {processor.py:753} INFO - DAG(s) dict_keys(['example_external_task_marker_parent', 'example_external_task_marker_child']) retrieved from /home/airflow/.local/lib/python3.7/site-packages/airflow/example_dags/example_external_task_marker_dag.py
[2023-03-06T09:30:04.398+0000] {logging_mixin.py:137} INFO - [2023-03-06T09:30:04.398+0000] {dag.py:2690} INFO - Sync 2 DAGs
[2023-03-06T09:30:04.471+0000] {logging_mixin.py:137} INFO - [2023-03-06T09:30:04.470+0000] {dag.py:3441} INFO - Setting next_dagrun for example_external_task_marker_child to None, run_after=None
[2023-03-06T09:30:04.486+0000] {logging_mixin.py:137} INFO - [2023-03-06T09:30:04.486+0000] {dag.py:3441} INFO - Setting next_dagrun for example_external_task_marker_parent to None, run_after=None
[2023-03-06T09:30:04.536+0000] {processor.py:175} INFO - Processing /home/airflow/.local/lib/python3.7/site-packages/airflow/example_dags/example_external_task_marker_dag.py took 0.247 seconds
[2023-03-06T09:30:34.894+0000] {processor.py:153} INFO - Started process (PID=618) to work on /home/airflow/.local/lib/python3.7/site-packages/airflow/example_dags/example_external_task_marker_dag.py
[2023-03-06T09:30:34.902+0000] {processor.py:743} INFO - Processing file /home/airflow/.local/lib/python3.7/site-packages/airflow/example_dags/example_external_task_marker_dag.py for tasks to queue
[2023-03-06T09:30:34.906+0000] {logging_mixin.py:137} INFO - [2023-03-06T09:30:34.905+0000] {dagbag.py:538} INFO - Filling up the DagBag from /home/airflow/.local/lib/python3.7/site-packages/airflow/example_dags/example_external_task_marker_dag.py
[2023-03-06T09:30:34.951+0000] {processor.py:753} INFO - DAG(s) dict_keys(['example_external_task_marker_parent', 'example_external_task_marker_child']) retrieved from /home/airflow/.local/lib/python3.7/site-packages/airflow/example_dags/example_external_task_marker_dag.py
[2023-03-06T09:30:35.035+0000] {logging_mixin.py:137} INFO - [2023-03-06T09:30:35.034+0000] {dag.py:2690} INFO - Sync 2 DAGs
[2023-03-06T09:30:35.121+0000] {logging_mixin.py:137} INFO - [2023-03-06T09:30:35.120+0000] {dag.py:3441} INFO - Setting next_dagrun for example_external_task_marker_child to None, run_after=None
[2023-03-06T09:30:35.136+0000] {logging_mixin.py:137} INFO - [2023-03-06T09:30:35.136+0000] {dag.py:3441} INFO - Setting next_dagrun for example_external_task_marker_parent to None, run_after=None
[2023-03-06T09:30:35.189+0000] {processor.py:175} INFO - Processing /home/airflow/.local/lib/python3.7/site-packages/airflow/example_dags/example_external_task_marker_dag.py took 0.310 seconds
[2023-03-06T09:31:05.446+0000] {processor.py:153} INFO - Started process (PID=681) to work on /home/airflow/.local/lib/python3.7/site-packages/airflow/example_dags/example_external_task_marker_dag.py
[2023-03-06T09:31:05.449+0000] {processor.py:743} INFO - Processing file /home/airflow/.local/lib/python3.7/site-packages/airflow/example_dags/example_external_task_marker_dag.py for tasks to queue
[2023-03-06T09:31:05.451+0000] {logging_mixin.py:137} INFO - [2023-03-06T09:31:05.451+0000] {dagbag.py:538} INFO - Filling up the DagBag from /home/airflow/.local/lib/python3.7/site-packages/airflow/example_dags/example_external_task_marker_dag.py
[2023-03-06T09:31:05.490+0000] {processor.py:753} INFO - DAG(s) dict_keys(['example_external_task_marker_parent', 'example_external_task_marker_child']) retrieved from /home/airflow/.local/lib/python3.7/site-packages/airflow/example_dags/example_external_task_marker_dag.py
[2023-03-06T09:31:05.604+0000] {logging_mixin.py:137} INFO - [2023-03-06T09:31:05.603+0000] {dag.py:2690} INFO - Sync 2 DAGs
[2023-03-06T09:31:05.687+0000] {logging_mixin.py:137} INFO - [2023-03-06T09:31:05.687+0000] {dag.py:3441} INFO - Setting next_dagrun for example_external_task_marker_child to None, run_after=None
[2023-03-06T09:31:05.696+0000] {logging_mixin.py:137} INFO - [2023-03-06T09:31:05.695+0000] {dag.py:3441} INFO - Setting next_dagrun for example_external_task_marker_parent to None, run_after=None
[2023-03-06T09:31:05.748+0000] {processor.py:175} INFO - Processing /home/airflow/.local/lib/python3.7/site-packages/airflow/example_dags/example_external_task_marker_dag.py took 0.318 seconds
[2023-03-06T09:31:36.463+0000] {processor.py:153} INFO - Started process (PID=745) to work on /home/airflow/.local/lib/python3.7/site-packages/airflow/example_dags/example_external_task_marker_dag.py
[2023-03-06T09:31:36.467+0000] {processor.py:743} INFO - Processing file /home/airflow/.local/lib/python3.7/site-packages/airflow/example_dags/example_external_task_marker_dag.py for tasks to queue
[2023-03-06T09:31:36.471+0000] {logging_mixin.py:137} INFO - [2023-03-06T09:31:36.470+0000] {dagbag.py:538} INFO - Filling up the DagBag from /home/airflow/.local/lib/python3.7/site-packages/airflow/example_dags/example_external_task_marker_dag.py
[2023-03-06T09:31:36.513+0000] {processor.py:753} INFO - DAG(s) dict_keys(['example_external_task_marker_child', 'example_external_task_marker_parent']) retrieved from /home/airflow/.local/lib/python3.7/site-packages/airflow/example_dags/example_external_task_marker_dag.py
[2023-03-06T09:31:36.580+0000] {logging_mixin.py:137} INFO - [2023-03-06T09:31:36.580+0000] {dag.py:2690} INFO - Sync 2 DAGs
[2023-03-06T09:31:36.650+0000] {logging_mixin.py:137} INFO - [2023-03-06T09:31:36.650+0000] {dag.py:3441} INFO - Setting next_dagrun for example_external_task_marker_child to None, run_after=None
[2023-03-06T09:31:36.661+0000] {logging_mixin.py:137} INFO - [2023-03-06T09:31:36.661+0000] {dag.py:3441} INFO - Setting next_dagrun for example_external_task_marker_parent to None, run_after=None
[2023-03-06T09:31:36.706+0000] {processor.py:175} INFO - Processing /home/airflow/.local/lib/python3.7/site-packages/airflow/example_dags/example_external_task_marker_dag.py took 0.254 seconds
[2023-03-06T09:32:07.421+0000] {processor.py:153} INFO - Started process (PID=816) to work on /home/airflow/.local/lib/python3.7/site-packages/airflow/example_dags/example_external_task_marker_dag.py
[2023-03-06T09:32:07.424+0000] {processor.py:743} INFO - Processing file /home/airflow/.local/lib/python3.7/site-packages/airflow/example_dags/example_external_task_marker_dag.py for tasks to queue
[2023-03-06T09:32:07.426+0000] {logging_mixin.py:137} INFO - [2023-03-06T09:32:07.426+0000] {dagbag.py:538} INFO - Filling up the DagBag from /home/airflow/.local/lib/python3.7/site-packages/airflow/example_dags/example_external_task_marker_dag.py
[2023-03-06T09:32:07.465+0000] {processor.py:753} INFO - DAG(s) dict_keys(['example_external_task_marker_parent', 'example_external_task_marker_child']) retrieved from /home/airflow/.local/lib/python3.7/site-packages/airflow/example_dags/example_external_task_marker_dag.py
[2023-03-06T09:32:07.546+0000] {logging_mixin.py:137} INFO - [2023-03-06T09:32:07.545+0000] {dag.py:2690} INFO - Sync 2 DAGs
[2023-03-06T09:32:07.632+0000] {logging_mixin.py:137} INFO - [2023-03-06T09:32:07.632+0000] {dag.py:3441} INFO - Setting next_dagrun for example_external_task_marker_child to None, run_after=None
[2023-03-06T09:32:07.647+0000] {logging_mixin.py:137} INFO - [2023-03-06T09:32:07.646+0000] {dag.py:3441} INFO - Setting next_dagrun for example_external_task_marker_parent to None, run_after=None
[2023-03-06T09:32:07.692+0000] {processor.py:175} INFO - Processing /home/airflow/.local/lib/python3.7/site-packages/airflow/example_dags/example_external_task_marker_dag.py took 0.281 seconds
[2023-03-06T09:32:38.833+0000] {processor.py:153} INFO - Started process (PID=884) to work on /home/airflow/.local/lib/python3.7/site-packages/airflow/example_dags/example_external_task_marker_dag.py
[2023-03-06T09:32:38.837+0000] {processor.py:743} INFO - Processing file /home/airflow/.local/lib/python3.7/site-packages/airflow/example_dags/example_external_task_marker_dag.py for tasks to queue
[2023-03-06T09:32:38.840+0000] {logging_mixin.py:137} INFO - [2023-03-06T09:32:38.840+0000] {dagbag.py:538} INFO - Filling up the DagBag from /home/airflow/.local/lib/python3.7/site-packages/airflow/example_dags/example_external_task_marker_dag.py
[2023-03-06T09:32:38.892+0000] {processor.py:753} INFO - DAG(s) dict_keys(['example_external_task_marker_parent', 'example_external_task_marker_child']) retrieved from /home/airflow/.local/lib/python3.7/site-packages/airflow/example_dags/example_external_task_marker_dag.py
[2023-03-06T09:32:38.978+0000] {logging_mixin.py:137} INFO - [2023-03-06T09:32:38.978+0000] {dag.py:2690} INFO - Sync 2 DAGs
[2023-03-06T09:32:39.050+0000] {logging_mixin.py:137} INFO - [2023-03-06T09:32:39.050+0000] {dag.py:3441} INFO - Setting next_dagrun for example_external_task_marker_child to None, run_after=None
[2023-03-06T09:32:39.062+0000] {logging_mixin.py:137} INFO - [2023-03-06T09:32:39.062+0000] {dag.py:3441} INFO - Setting next_dagrun for example_external_task_marker_parent to None, run_after=None
[2023-03-06T09:32:39.107+0000] {processor.py:175} INFO - Processing /home/airflow/.local/lib/python3.7/site-packages/airflow/example_dags/example_external_task_marker_dag.py took 0.287 seconds
[2023-03-06T09:33:10.109+0000] {processor.py:153} INFO - Started process (PID=944) to work on /home/airflow/.local/lib/python3.7/site-packages/airflow/example_dags/example_external_task_marker_dag.py
[2023-03-06T09:33:10.114+0000] {processor.py:743} INFO - Processing file /home/airflow/.local/lib/python3.7/site-packages/airflow/example_dags/example_external_task_marker_dag.py for tasks to queue
[2023-03-06T09:33:10.121+0000] {logging_mixin.py:137} INFO - [2023-03-06T09:33:10.120+0000] {dagbag.py:538} INFO - Filling up the DagBag from /home/airflow/.local/lib/python3.7/site-packages/airflow/example_dags/example_external_task_marker_dag.py
[2023-03-06T09:33:10.170+0000] {processor.py:753} INFO - DAG(s) dict_keys(['example_external_task_marker_parent', 'example_external_task_marker_child']) retrieved from /home/airflow/.local/lib/python3.7/site-packages/airflow/example_dags/example_external_task_marker_dag.py
[2023-03-06T09:33:10.258+0000] {logging_mixin.py:137} INFO - [2023-03-06T09:33:10.258+0000] {dag.py:2690} INFO - Sync 2 DAGs
[2023-03-06T09:33:10.342+0000] {logging_mixin.py:137} INFO - [2023-03-06T09:33:10.341+0000] {dag.py:3441} INFO - Setting next_dagrun for example_external_task_marker_child to None, run_after=None
[2023-03-06T09:33:10.356+0000] {logging_mixin.py:137} INFO - [2023-03-06T09:33:10.356+0000] {dag.py:3441} INFO - Setting next_dagrun for example_external_task_marker_parent to None, run_after=None
[2023-03-06T09:33:10.426+0000] {processor.py:175} INFO - Processing /home/airflow/.local/lib/python3.7/site-packages/airflow/example_dags/example_external_task_marker_dag.py took 0.335 seconds
[2023-03-06T09:33:41.427+0000] {processor.py:153} INFO - Started process (PID=1004) to work on /home/airflow/.local/lib/python3.7/site-packages/airflow/example_dags/example_external_task_marker_dag.py
[2023-03-06T09:33:41.450+0000] {processor.py:743} INFO - Processing file /home/airflow/.local/lib/python3.7/site-packages/airflow/example_dags/example_external_task_marker_dag.py for tasks to queue
[2023-03-06T09:33:41.456+0000] {logging_mixin.py:137} INFO - [2023-03-06T09:33:41.455+0000] {dagbag.py:538} INFO - Filling up the DagBag from /home/airflow/.local/lib/python3.7/site-packages/airflow/example_dags/example_external_task_marker_dag.py
[2023-03-06T09:33:41.569+0000] {processor.py:753} INFO - DAG(s) dict_keys(['example_external_task_marker_child', 'example_external_task_marker_parent']) retrieved from /home/airflow/.local/lib/python3.7/site-packages/airflow/example_dags/example_external_task_marker_dag.py
[2023-03-06T09:33:41.775+0000] {logging_mixin.py:137} INFO - [2023-03-06T09:33:41.775+0000] {dag.py:2690} INFO - Sync 2 DAGs
[2023-03-06T09:33:42.003+0000] {logging_mixin.py:137} INFO - [2023-03-06T09:33:42.003+0000] {dag.py:3441} INFO - Setting next_dagrun for example_external_task_marker_child to None, run_after=None
[2023-03-06T09:33:42.016+0000] {logging_mixin.py:137} INFO - [2023-03-06T09:33:42.016+0000] {dag.py:3441} INFO - Setting next_dagrun for example_external_task_marker_parent to None, run_after=None
[2023-03-06T09:33:42.073+0000] {processor.py:175} INFO - Processing /home/airflow/.local/lib/python3.7/site-packages/airflow/example_dags/example_external_task_marker_dag.py took 0.717 seconds
[2023-03-06T09:34:12.825+0000] {processor.py:153} INFO - Started process (PID=1060) to work on /home/airflow/.local/lib/python3.7/site-packages/airflow/example_dags/example_external_task_marker_dag.py
[2023-03-06T09:34:12.828+0000] {processor.py:743} INFO - Processing file /home/airflow/.local/lib/python3.7/site-packages/airflow/example_dags/example_external_task_marker_dag.py for tasks to queue
[2023-03-06T09:34:12.837+0000] {logging_mixin.py:137} INFO - [2023-03-06T09:34:12.836+0000] {dagbag.py:538} INFO - Filling up the DagBag from /home/airflow/.local/lib/python3.7/site-packages/airflow/example_dags/example_external_task_marker_dag.py
[2023-03-06T09:34:12.880+0000] {processor.py:753} INFO - DAG(s) dict_keys(['example_external_task_marker_parent', 'example_external_task_marker_child']) retrieved from /home/airflow/.local/lib/python3.7/site-packages/airflow/example_dags/example_external_task_marker_dag.py
[2023-03-06T09:34:12.960+0000] {logging_mixin.py:137} INFO - [2023-03-06T09:34:12.960+0000] {dag.py:2690} INFO - Sync 2 DAGs
[2023-03-06T09:34:13.034+0000] {logging_mixin.py:137} INFO - [2023-03-06T09:34:13.033+0000] {dag.py:3441} INFO - Setting next_dagrun for example_external_task_marker_child to None, run_after=None
[2023-03-06T09:34:13.042+0000] {logging_mixin.py:137} INFO - [2023-03-06T09:34:13.042+0000] {dag.py:3441} INFO - Setting next_dagrun for example_external_task_marker_parent to None, run_after=None
[2023-03-06T09:34:13.100+0000] {processor.py:175} INFO - Processing /home/airflow/.local/lib/python3.7/site-packages/airflow/example_dags/example_external_task_marker_dag.py took 0.288 seconds
[2023-03-06T09:34:43.464+0000] {processor.py:153} INFO - Started process (PID=1123) to work on /home/airflow/.local/lib/python3.7/site-packages/airflow/example_dags/example_external_task_marker_dag.py
[2023-03-06T09:34:43.472+0000] {processor.py:743} INFO - Processing file /home/airflow/.local/lib/python3.7/site-packages/airflow/example_dags/example_external_task_marker_dag.py for tasks to queue
[2023-03-06T09:34:43.481+0000] {logging_mixin.py:137} INFO - [2023-03-06T09:34:43.479+0000] {dagbag.py:538} INFO - Filling up the DagBag from /home/airflow/.local/lib/python3.7/site-packages/airflow/example_dags/example_external_task_marker_dag.py
[2023-03-06T09:34:43.607+0000] {processor.py:753} INFO - DAG(s) dict_keys(['example_external_task_marker_child', 'example_external_task_marker_parent']) retrieved from /home/airflow/.local/lib/python3.7/site-packages/airflow/example_dags/example_external_task_marker_dag.py
[2023-03-06T09:34:43.744+0000] {logging_mixin.py:137} INFO - [2023-03-06T09:34:43.744+0000] {dag.py:2690} INFO - Sync 2 DAGs
[2023-03-06T09:34:43.814+0000] {logging_mixin.py:137} INFO - [2023-03-06T09:34:43.814+0000] {dag.py:3441} INFO - Setting next_dagrun for example_external_task_marker_child to None, run_after=None
[2023-03-06T09:34:43.824+0000] {logging_mixin.py:137} INFO - [2023-03-06T09:34:43.823+0000] {dag.py:3441} INFO - Setting next_dagrun for example_external_task_marker_parent to None, run_after=None
[2023-03-06T09:34:43.868+0000] {processor.py:175} INFO - Processing /home/airflow/.local/lib/python3.7/site-packages/airflow/example_dags/example_external_task_marker_dag.py took 0.425 seconds
[2023-03-06T09:35:14.280+0000] {processor.py:153} INFO - Started process (PID=1186) to work on /home/airflow/.local/lib/python3.7/site-packages/airflow/example_dags/example_external_task_marker_dag.py
[2023-03-06T09:35:14.295+0000] {processor.py:743} INFO - Processing file /home/airflow/.local/lib/python3.7/site-packages/airflow/example_dags/example_external_task_marker_dag.py for tasks to queue
[2023-03-06T09:35:14.305+0000] {logging_mixin.py:137} INFO - [2023-03-06T09:35:14.304+0000] {dagbag.py:538} INFO - Filling up the DagBag from /home/airflow/.local/lib/python3.7/site-packages/airflow/example_dags/example_external_task_marker_dag.py
[2023-03-06T09:35:14.420+0000] {processor.py:753} INFO - DAG(s) dict_keys(['example_external_task_marker_parent', 'example_external_task_marker_child']) retrieved from /home/airflow/.local/lib/python3.7/site-packages/airflow/example_dags/example_external_task_marker_dag.py
[2023-03-06T09:35:14.537+0000] {logging_mixin.py:137} INFO - [2023-03-06T09:35:14.537+0000] {dag.py:2690} INFO - Sync 2 DAGs
[2023-03-06T09:35:14.608+0000] {logging_mixin.py:137} INFO - [2023-03-06T09:35:14.608+0000] {dag.py:3441} INFO - Setting next_dagrun for example_external_task_marker_child to None, run_after=None
[2023-03-06T09:35:14.624+0000] {logging_mixin.py:137} INFO - [2023-03-06T09:35:14.623+0000] {dag.py:3441} INFO - Setting next_dagrun for example_external_task_marker_parent to None, run_after=None
[2023-03-06T09:35:14.676+0000] {processor.py:175} INFO - Processing /home/airflow/.local/lib/python3.7/site-packages/airflow/example_dags/example_external_task_marker_dag.py took 0.423 seconds
[2023-03-06T09:35:45.075+0000] {processor.py:153} INFO - Started process (PID=1249) to work on /home/airflow/.local/lib/python3.7/site-packages/airflow/example_dags/example_external_task_marker_dag.py
[2023-03-06T09:35:45.084+0000] {processor.py:743} INFO - Processing file /home/airflow/.local/lib/python3.7/site-packages/airflow/example_dags/example_external_task_marker_dag.py for tasks to queue
[2023-03-06T09:35:45.094+0000] {logging_mixin.py:137} INFO - [2023-03-06T09:35:45.093+0000] {dagbag.py:538} INFO - Filling up the DagBag from /home/airflow/.local/lib/python3.7/site-packages/airflow/example_dags/example_external_task_marker_dag.py
[2023-03-06T09:35:45.199+0000] {processor.py:753} INFO - DAG(s) dict_keys(['example_external_task_marker_child', 'example_external_task_marker_parent']) retrieved from /home/airflow/.local/lib/python3.7/site-packages/airflow/example_dags/example_external_task_marker_dag.py
[2023-03-06T09:35:45.409+0000] {logging_mixin.py:137} INFO - [2023-03-06T09:35:45.409+0000] {dag.py:2690} INFO - Sync 2 DAGs
[2023-03-06T09:35:45.519+0000] {logging_mixin.py:137} INFO - [2023-03-06T09:35:45.519+0000] {dag.py:3441} INFO - Setting next_dagrun for example_external_task_marker_child to None, run_after=None
[2023-03-06T09:35:45.534+0000] {logging_mixin.py:137} INFO - [2023-03-06T09:35:45.534+0000] {dag.py:3441} INFO - Setting next_dagrun for example_external_task_marker_parent to None, run_after=None
[2023-03-06T09:35:45.617+0000] {processor.py:175} INFO - Processing /home/airflow/.local/lib/python3.7/site-packages/airflow/example_dags/example_external_task_marker_dag.py took 0.565 seconds
[2023-03-06T09:36:15.873+0000] {processor.py:153} INFO - Started process (PID=1312) to work on /home/airflow/.local/lib/python3.7/site-packages/airflow/example_dags/example_external_task_marker_dag.py
[2023-03-06T09:36:15.876+0000] {processor.py:743} INFO - Processing file /home/airflow/.local/lib/python3.7/site-packages/airflow/example_dags/example_external_task_marker_dag.py for tasks to queue
[2023-03-06T09:36:15.881+0000] {logging_mixin.py:137} INFO - [2023-03-06T09:36:15.878+0000] {dagbag.py:538} INFO - Filling up the DagBag from /home/airflow/.local/lib/python3.7/site-packages/airflow/example_dags/example_external_task_marker_dag.py
[2023-03-06T09:36:15.932+0000] {processor.py:753} INFO - DAG(s) dict_keys(['example_external_task_marker_child', 'example_external_task_marker_parent']) retrieved from /home/airflow/.local/lib/python3.7/site-packages/airflow/example_dags/example_external_task_marker_dag.py
[2023-03-06T09:36:16.001+0000] {logging_mixin.py:137} INFO - [2023-03-06T09:36:16.000+0000] {dag.py:2690} INFO - Sync 2 DAGs
[2023-03-06T09:36:16.069+0000] {logging_mixin.py:137} INFO - [2023-03-06T09:36:16.068+0000] {dag.py:3441} INFO - Setting next_dagrun for example_external_task_marker_child to None, run_after=None
[2023-03-06T09:36:16.079+0000] {logging_mixin.py:137} INFO - [2023-03-06T09:36:16.078+0000] {dag.py:3441} INFO - Setting next_dagrun for example_external_task_marker_parent to None, run_after=None
[2023-03-06T09:36:16.123+0000] {processor.py:175} INFO - Processing /home/airflow/.local/lib/python3.7/site-packages/airflow/example_dags/example_external_task_marker_dag.py took 0.263 seconds
[2023-03-06T09:36:46.544+0000] {processor.py:153} INFO - Started process (PID=1376) to work on /home/airflow/.local/lib/python3.7/site-packages/airflow/example_dags/example_external_task_marker_dag.py
[2023-03-06T09:36:46.547+0000] {processor.py:743} INFO - Processing file /home/airflow/.local/lib/python3.7/site-packages/airflow/example_dags/example_external_task_marker_dag.py for tasks to queue
[2023-03-06T09:36:46.552+0000] {logging_mixin.py:137} INFO - [2023-03-06T09:36:46.552+0000] {dagbag.py:538} INFO - Filling up the DagBag from /home/airflow/.local/lib/python3.7/site-packages/airflow/example_dags/example_external_task_marker_dag.py
[2023-03-06T09:36:46.592+0000] {processor.py:753} INFO - DAG(s) dict_keys(['example_external_task_marker_parent', 'example_external_task_marker_child']) retrieved from /home/airflow/.local/lib/python3.7/site-packages/airflow/example_dags/example_external_task_marker_dag.py
[2023-03-06T09:36:46.669+0000] {logging_mixin.py:137} INFO - [2023-03-06T09:36:46.668+0000] {dag.py:2690} INFO - Sync 2 DAGs
[2023-03-06T09:36:46.739+0000] {logging_mixin.py:137} INFO - [2023-03-06T09:36:46.739+0000] {dag.py:3441} INFO - Setting next_dagrun for example_external_task_marker_child to None, run_after=None
[2023-03-06T09:36:46.756+0000] {logging_mixin.py:137} INFO - [2023-03-06T09:36:46.756+0000] {dag.py:3441} INFO - Setting next_dagrun for example_external_task_marker_parent to None, run_after=None
[2023-03-06T09:36:46.804+0000] {processor.py:175} INFO - Processing /home/airflow/.local/lib/python3.7/site-packages/airflow/example_dags/example_external_task_marker_dag.py took 0.272 seconds
[2023-03-06T09:37:17.378+0000] {processor.py:153} INFO - Started process (PID=1440) to work on /home/airflow/.local/lib/python3.7/site-packages/airflow/example_dags/example_external_task_marker_dag.py
[2023-03-06T09:37:17.384+0000] {processor.py:743} INFO - Processing file /home/airflow/.local/lib/python3.7/site-packages/airflow/example_dags/example_external_task_marker_dag.py for tasks to queue
[2023-03-06T09:37:17.392+0000] {logging_mixin.py:137} INFO - [2023-03-06T09:37:17.390+0000] {dagbag.py:538} INFO - Filling up the DagBag from /home/airflow/.local/lib/python3.7/site-packages/airflow/example_dags/example_external_task_marker_dag.py
[2023-03-06T09:37:17.498+0000] {processor.py:753} INFO - DAG(s) dict_keys(['example_external_task_marker_child', 'example_external_task_marker_parent']) retrieved from /home/airflow/.local/lib/python3.7/site-packages/airflow/example_dags/example_external_task_marker_dag.py
[2023-03-06T09:37:17.589+0000] {logging_mixin.py:137} INFO - [2023-03-06T09:37:17.589+0000] {dag.py:2690} INFO - Sync 2 DAGs
[2023-03-06T09:37:17.664+0000] {logging_mixin.py:137} INFO - [2023-03-06T09:37:17.664+0000] {dag.py:3441} INFO - Setting next_dagrun for example_external_task_marker_child to None, run_after=None
[2023-03-06T09:37:17.676+0000] {logging_mixin.py:137} INFO - [2023-03-06T09:37:17.676+0000] {dag.py:3441} INFO - Setting next_dagrun for example_external_task_marker_parent to None, run_after=None
[2023-03-06T09:37:17.725+0000] {processor.py:175} INFO - Processing /home/airflow/.local/lib/python3.7/site-packages/airflow/example_dags/example_external_task_marker_dag.py took 0.379 seconds
[2023-03-06T09:37:48.361+0000] {processor.py:153} INFO - Started process (PID=1503) to work on /home/airflow/.local/lib/python3.7/site-packages/airflow/example_dags/example_external_task_marker_dag.py
[2023-03-06T09:37:48.369+0000] {processor.py:743} INFO - Processing file /home/airflow/.local/lib/python3.7/site-packages/airflow/example_dags/example_external_task_marker_dag.py for tasks to queue
[2023-03-06T09:37:48.378+0000] {logging_mixin.py:137} INFO - [2023-03-06T09:37:48.377+0000] {dagbag.py:538} INFO - Filling up the DagBag from /home/airflow/.local/lib/python3.7/site-packages/airflow/example_dags/example_external_task_marker_dag.py
[2023-03-06T09:37:48.491+0000] {processor.py:753} INFO - DAG(s) dict_keys(['example_external_task_marker_parent', 'example_external_task_marker_child']) retrieved from /home/airflow/.local/lib/python3.7/site-packages/airflow/example_dags/example_external_task_marker_dag.py
[2023-03-06T09:37:48.635+0000] {logging_mixin.py:137} INFO - [2023-03-06T09:37:48.635+0000] {dag.py:2690} INFO - Sync 2 DAGs
[2023-03-06T09:37:48.719+0000] {logging_mixin.py:137} INFO - [2023-03-06T09:37:48.719+0000] {dag.py:3441} INFO - Setting next_dagrun for example_external_task_marker_child to None, run_after=None
[2023-03-06T09:37:48.731+0000] {logging_mixin.py:137} INFO - [2023-03-06T09:37:48.731+0000] {dag.py:3441} INFO - Setting next_dagrun for example_external_task_marker_parent to None, run_after=None
[2023-03-06T09:37:48.800+0000] {processor.py:175} INFO - Processing /home/airflow/.local/lib/python3.7/site-packages/airflow/example_dags/example_external_task_marker_dag.py took 0.473 seconds
[2023-03-06T09:38:19.331+0000] {processor.py:153} INFO - Started process (PID=1566) to work on /home/airflow/.local/lib/python3.7/site-packages/airflow/example_dags/example_external_task_marker_dag.py
[2023-03-06T09:38:19.336+0000] {processor.py:743} INFO - Processing file /home/airflow/.local/lib/python3.7/site-packages/airflow/example_dags/example_external_task_marker_dag.py for tasks to queue
[2023-03-06T09:38:19.347+0000] {logging_mixin.py:137} INFO - [2023-03-06T09:38:19.345+0000] {dagbag.py:538} INFO - Filling up the DagBag from /home/airflow/.local/lib/python3.7/site-packages/airflow/example_dags/example_external_task_marker_dag.py
[2023-03-06T09:38:19.426+0000] {processor.py:753} INFO - DAG(s) dict_keys(['example_external_task_marker_parent', 'example_external_task_marker_child']) retrieved from /home/airflow/.local/lib/python3.7/site-packages/airflow/example_dags/example_external_task_marker_dag.py
[2023-03-06T09:38:19.505+0000] {logging_mixin.py:137} INFO - [2023-03-06T09:38:19.504+0000] {dag.py:2690} INFO - Sync 2 DAGs
[2023-03-06T09:38:19.567+0000] {logging_mixin.py:137} INFO - [2023-03-06T09:38:19.567+0000] {dag.py:3441} INFO - Setting next_dagrun for example_external_task_marker_child to None, run_after=None
[2023-03-06T09:38:19.575+0000] {logging_mixin.py:137} INFO - [2023-03-06T09:38:19.575+0000] {dag.py:3441} INFO - Setting next_dagrun for example_external_task_marker_parent to None, run_after=None
[2023-03-06T09:38:19.618+0000] {processor.py:175} INFO - Processing /home/airflow/.local/lib/python3.7/site-packages/airflow/example_dags/example_external_task_marker_dag.py took 0.321 seconds
[2023-03-06T09:38:50.189+0000] {processor.py:153} INFO - Started process (PID=1628) to work on /home/airflow/.local/lib/python3.7/site-packages/airflow/example_dags/example_external_task_marker_dag.py
[2023-03-06T09:38:50.193+0000] {processor.py:743} INFO - Processing file /home/airflow/.local/lib/python3.7/site-packages/airflow/example_dags/example_external_task_marker_dag.py for tasks to queue
[2023-03-06T09:38:50.197+0000] {logging_mixin.py:137} INFO - [2023-03-06T09:38:50.197+0000] {dagbag.py:538} INFO - Filling up the DagBag from /home/airflow/.local/lib/python3.7/site-packages/airflow/example_dags/example_external_task_marker_dag.py
[2023-03-06T09:38:50.247+0000] {processor.py:753} INFO - DAG(s) dict_keys(['example_external_task_marker_parent', 'example_external_task_marker_child']) retrieved from /home/airflow/.local/lib/python3.7/site-packages/airflow/example_dags/example_external_task_marker_dag.py
[2023-03-06T09:38:50.343+0000] {logging_mixin.py:137} INFO - [2023-03-06T09:38:50.342+0000] {dag.py:2690} INFO - Sync 2 DAGs
[2023-03-06T09:38:50.414+0000] {logging_mixin.py:137} INFO - [2023-03-06T09:38:50.413+0000] {dag.py:3441} INFO - Setting next_dagrun for example_external_task_marker_child to None, run_after=None
[2023-03-06T09:38:50.430+0000] {logging_mixin.py:137} INFO - [2023-03-06T09:38:50.429+0000] {dag.py:3441} INFO - Setting next_dagrun for example_external_task_marker_parent to None, run_after=None
[2023-03-06T09:38:50.485+0000] {processor.py:175} INFO - Processing /home/airflow/.local/lib/python3.7/site-packages/airflow/example_dags/example_external_task_marker_dag.py took 0.308 seconds
[2023-03-06T09:39:21.045+0000] {processor.py:153} INFO - Started process (PID=1691) to work on /home/airflow/.local/lib/python3.7/site-packages/airflow/example_dags/example_external_task_marker_dag.py
[2023-03-06T09:39:21.049+0000] {processor.py:743} INFO - Processing file /home/airflow/.local/lib/python3.7/site-packages/airflow/example_dags/example_external_task_marker_dag.py for tasks to queue
[2023-03-06T09:39:21.052+0000] {logging_mixin.py:137} INFO - [2023-03-06T09:39:21.052+0000] {dagbag.py:538} INFO - Filling up the DagBag from /home/airflow/.local/lib/python3.7/site-packages/airflow/example_dags/example_external_task_marker_dag.py
[2023-03-06T09:39:21.102+0000] {processor.py:753} INFO - DAG(s) dict_keys(['example_external_task_marker_parent', 'example_external_task_marker_child']) retrieved from /home/airflow/.local/lib/python3.7/site-packages/airflow/example_dags/example_external_task_marker_dag.py
[2023-03-06T09:39:21.221+0000] {logging_mixin.py:137} INFO - [2023-03-06T09:39:21.220+0000] {dag.py:2690} INFO - Sync 2 DAGs
[2023-03-06T09:39:21.365+0000] {logging_mixin.py:137} INFO - [2023-03-06T09:39:21.365+0000] {dag.py:3441} INFO - Setting next_dagrun for example_external_task_marker_child to None, run_after=None
[2023-03-06T09:39:21.379+0000] {logging_mixin.py:137} INFO - [2023-03-06T09:39:21.379+0000] {dag.py:3441} INFO - Setting next_dagrun for example_external_task_marker_parent to None, run_after=None
[2023-03-06T09:39:21.444+0000] {processor.py:175} INFO - Processing /home/airflow/.local/lib/python3.7/site-packages/airflow/example_dags/example_external_task_marker_dag.py took 0.411 seconds
[2023-03-06T09:39:52.438+0000] {processor.py:153} INFO - Started process (PID=1755) to work on /home/airflow/.local/lib/python3.7/site-packages/airflow/example_dags/example_external_task_marker_dag.py
[2023-03-06T09:39:52.440+0000] {processor.py:743} INFO - Processing file /home/airflow/.local/lib/python3.7/site-packages/airflow/example_dags/example_external_task_marker_dag.py for tasks to queue
[2023-03-06T09:39:52.445+0000] {logging_mixin.py:137} INFO - [2023-03-06T09:39:52.444+0000] {dagbag.py:538} INFO - Filling up the DagBag from /home/airflow/.local/lib/python3.7/site-packages/airflow/example_dags/example_external_task_marker_dag.py
[2023-03-06T09:39:52.511+0000] {processor.py:753} INFO - DAG(s) dict_keys(['example_external_task_marker_child', 'example_external_task_marker_parent']) retrieved from /home/airflow/.local/lib/python3.7/site-packages/airflow/example_dags/example_external_task_marker_dag.py
[2023-03-06T09:39:52.635+0000] {logging_mixin.py:137} INFO - [2023-03-06T09:39:52.634+0000] {dag.py:2690} INFO - Sync 2 DAGs
[2023-03-06T09:39:52.723+0000] {logging_mixin.py:137} INFO - [2023-03-06T09:39:52.722+0000] {dag.py:3441} INFO - Setting next_dagrun for example_external_task_marker_child to None, run_after=None
[2023-03-06T09:39:52.735+0000] {logging_mixin.py:137} INFO - [2023-03-06T09:39:52.735+0000] {dag.py:3441} INFO - Setting next_dagrun for example_external_task_marker_parent to None, run_after=None
[2023-03-06T09:39:52.797+0000] {processor.py:175} INFO - Processing /home/airflow/.local/lib/python3.7/site-packages/airflow/example_dags/example_external_task_marker_dag.py took 0.379 seconds
[2023-03-06T09:40:23.103+0000] {processor.py:153} INFO - Started process (PID=1818) to work on /home/airflow/.local/lib/python3.7/site-packages/airflow/example_dags/example_external_task_marker_dag.py
[2023-03-06T09:40:23.109+0000] {processor.py:743} INFO - Processing file /home/airflow/.local/lib/python3.7/site-packages/airflow/example_dags/example_external_task_marker_dag.py for tasks to queue
[2023-03-06T09:40:23.112+0000] {logging_mixin.py:137} INFO - [2023-03-06T09:40:23.111+0000] {dagbag.py:538} INFO - Filling up the DagBag from /home/airflow/.local/lib/python3.7/site-packages/airflow/example_dags/example_external_task_marker_dag.py
[2023-03-06T09:40:23.156+0000] {processor.py:753} INFO - DAG(s) dict_keys(['example_external_task_marker_child', 'example_external_task_marker_parent']) retrieved from /home/airflow/.local/lib/python3.7/site-packages/airflow/example_dags/example_external_task_marker_dag.py
[2023-03-06T09:40:23.234+0000] {logging_mixin.py:137} INFO - [2023-03-06T09:40:23.234+0000] {dag.py:2690} INFO - Sync 2 DAGs
[2023-03-06T09:40:23.310+0000] {logging_mixin.py:137} INFO - [2023-03-06T09:40:23.309+0000] {dag.py:3441} INFO - Setting next_dagrun for example_external_task_marker_child to None, run_after=None
[2023-03-06T09:40:23.324+0000] {logging_mixin.py:137} INFO - [2023-03-06T09:40:23.323+0000] {dag.py:3441} INFO - Setting next_dagrun for example_external_task_marker_parent to None, run_after=None
[2023-03-06T09:40:23.387+0000] {processor.py:175} INFO - Processing /home/airflow/.local/lib/python3.7/site-packages/airflow/example_dags/example_external_task_marker_dag.py took 0.297 seconds
[2023-03-06T09:40:53.733+0000] {processor.py:153} INFO - Started process (PID=1881) to work on /home/airflow/.local/lib/python3.7/site-packages/airflow/example_dags/example_external_task_marker_dag.py
[2023-03-06T09:40:53.735+0000] {processor.py:743} INFO - Processing file /home/airflow/.local/lib/python3.7/site-packages/airflow/example_dags/example_external_task_marker_dag.py for tasks to queue
[2023-03-06T09:40:53.738+0000] {logging_mixin.py:137} INFO - [2023-03-06T09:40:53.738+0000] {dagbag.py:538} INFO - Filling up the DagBag from /home/airflow/.local/lib/python3.7/site-packages/airflow/example_dags/example_external_task_marker_dag.py
[2023-03-06T09:40:53.779+0000] {processor.py:753} INFO - DAG(s) dict_keys(['example_external_task_marker_parent', 'example_external_task_marker_child']) retrieved from /home/airflow/.local/lib/python3.7/site-packages/airflow/example_dags/example_external_task_marker_dag.py
[2023-03-06T09:40:53.857+0000] {logging_mixin.py:137} INFO - [2023-03-06T09:40:53.857+0000] {dag.py:2690} INFO - Sync 2 DAGs
[2023-03-06T09:40:53.943+0000] {logging_mixin.py:137} INFO - [2023-03-06T09:40:53.942+0000] {dag.py:3441} INFO - Setting next_dagrun for example_external_task_marker_child to None, run_after=None
[2023-03-06T09:40:53.954+0000] {logging_mixin.py:137} INFO - [2023-03-06T09:40:53.953+0000] {dag.py:3441} INFO - Setting next_dagrun for example_external_task_marker_parent to None, run_after=None
[2023-03-06T09:40:54.013+0000] {processor.py:175} INFO - Processing /home/airflow/.local/lib/python3.7/site-packages/airflow/example_dags/example_external_task_marker_dag.py took 0.292 seconds
[2023-03-06T09:41:24.594+0000] {processor.py:153} INFO - Started process (PID=1945) to work on /home/airflow/.local/lib/python3.7/site-packages/airflow/example_dags/example_external_task_marker_dag.py
[2023-03-06T09:41:24.598+0000] {processor.py:743} INFO - Processing file /home/airflow/.local/lib/python3.7/site-packages/airflow/example_dags/example_external_task_marker_dag.py for tasks to queue
[2023-03-06T09:41:24.602+0000] {logging_mixin.py:137} INFO - [2023-03-06T09:41:24.602+0000] {dagbag.py:538} INFO - Filling up the DagBag from /home/airflow/.local/lib/python3.7/site-packages/airflow/example_dags/example_external_task_marker_dag.py
[2023-03-06T09:41:24.657+0000] {processor.py:753} INFO - DAG(s) dict_keys(['example_external_task_marker_parent', 'example_external_task_marker_child']) retrieved from /home/airflow/.local/lib/python3.7/site-packages/airflow/example_dags/example_external_task_marker_dag.py
[2023-03-06T09:41:24.806+0000] {logging_mixin.py:137} INFO - [2023-03-06T09:41:24.806+0000] {dag.py:2690} INFO - Sync 2 DAGs
[2023-03-06T09:41:24.889+0000] {logging_mixin.py:137} INFO - [2023-03-06T09:41:24.889+0000] {dag.py:3441} INFO - Setting next_dagrun for example_external_task_marker_child to None, run_after=None
[2023-03-06T09:41:24.902+0000] {logging_mixin.py:137} INFO - [2023-03-06T09:41:24.901+0000] {dag.py:3441} INFO - Setting next_dagrun for example_external_task_marker_parent to None, run_after=None
[2023-03-06T09:41:24.956+0000] {processor.py:175} INFO - Processing /home/airflow/.local/lib/python3.7/site-packages/airflow/example_dags/example_external_task_marker_dag.py took 0.383 seconds
