[2023-03-06T09:26:06.282+0000] {processor.py:153} INFO - Started process (PID=84) to work on /home/airflow/.local/lib/python3.7/site-packages/airflow/example_dags/example_latest_only_with_trigger.py
[2023-03-06T09:26:06.288+0000] {processor.py:743} INFO - Processing file /home/airflow/.local/lib/python3.7/site-packages/airflow/example_dags/example_latest_only_with_trigger.py for tasks to queue
[2023-03-06T09:26:06.293+0000] {logging_mixin.py:137} INFO - [2023-03-06T09:26:06.292+0000] {dagbag.py:538} INFO - Filling up the DagBag from /home/airflow/.local/lib/python3.7/site-packages/airflow/example_dags/example_latest_only_with_trigger.py
[2023-03-06T09:26:06.419+0000] {processor.py:753} INFO - DAG(s) dict_keys(['latest_only_with_trigger']) retrieved from /home/airflow/.local/lib/python3.7/site-packages/airflow/example_dags/example_latest_only_with_trigger.py
[2023-03-06T09:26:06.535+0000] {logging_mixin.py:137} INFO - [2023-03-06T09:26:06.534+0000] {dag.py:2690} INFO - Sync 1 DAGs
[2023-03-06T09:26:06.702+0000] {logging_mixin.py:137} INFO - [2023-03-06T09:26:06.701+0000] {dag.py:3441} INFO - Setting next_dagrun for latest_only_with_trigger to 2023-03-06T05:26:06.700808+00:00, run_after=2023-03-06T09:26:06.700808+00:00
[2023-03-06T09:26:06.843+0000] {processor.py:175} INFO - Processing /home/airflow/.local/lib/python3.7/site-packages/airflow/example_dags/example_latest_only_with_trigger.py took 0.589 seconds
[2023-03-06T09:26:37.250+0000] {processor.py:153} INFO - Started process (PID=146) to work on /home/airflow/.local/lib/python3.7/site-packages/airflow/example_dags/example_latest_only_with_trigger.py
[2023-03-06T09:26:37.253+0000] {processor.py:743} INFO - Processing file /home/airflow/.local/lib/python3.7/site-packages/airflow/example_dags/example_latest_only_with_trigger.py for tasks to queue
[2023-03-06T09:26:37.256+0000] {logging_mixin.py:137} INFO - [2023-03-06T09:26:37.255+0000] {dagbag.py:538} INFO - Filling up the DagBag from /home/airflow/.local/lib/python3.7/site-packages/airflow/example_dags/example_latest_only_with_trigger.py
[2023-03-06T09:26:37.311+0000] {processor.py:753} INFO - DAG(s) dict_keys(['latest_only_with_trigger']) retrieved from /home/airflow/.local/lib/python3.7/site-packages/airflow/example_dags/example_latest_only_with_trigger.py
[2023-03-06T09:26:37.385+0000] {logging_mixin.py:137} INFO - [2023-03-06T09:26:37.384+0000] {dag.py:2690} INFO - Sync 1 DAGs
[2023-03-06T09:26:37.499+0000] {logging_mixin.py:137} INFO - [2023-03-06T09:26:37.498+0000] {dag.py:3441} INFO - Setting next_dagrun for latest_only_with_trigger to 2023-03-06T05:26:37.498227+00:00, run_after=2023-03-06T09:26:37.498227+00:00
[2023-03-06T09:26:37.692+0000] {processor.py:175} INFO - Processing /home/airflow/.local/lib/python3.7/site-packages/airflow/example_dags/example_latest_only_with_trigger.py took 0.454 seconds
[2023-03-06T09:27:09.054+0000] {processor.py:153} INFO - Started process (PID=209) to work on /home/airflow/.local/lib/python3.7/site-packages/airflow/example_dags/example_latest_only_with_trigger.py
[2023-03-06T09:27:09.056+0000] {processor.py:743} INFO - Processing file /home/airflow/.local/lib/python3.7/site-packages/airflow/example_dags/example_latest_only_with_trigger.py for tasks to queue
[2023-03-06T09:27:09.060+0000] {logging_mixin.py:137} INFO - [2023-03-06T09:27:09.059+0000] {dagbag.py:538} INFO - Filling up the DagBag from /home/airflow/.local/lib/python3.7/site-packages/airflow/example_dags/example_latest_only_with_trigger.py
[2023-03-06T09:27:09.104+0000] {processor.py:753} INFO - DAG(s) dict_keys(['latest_only_with_trigger']) retrieved from /home/airflow/.local/lib/python3.7/site-packages/airflow/example_dags/example_latest_only_with_trigger.py
[2023-03-06T09:27:09.168+0000] {logging_mixin.py:137} INFO - [2023-03-06T09:27:09.167+0000] {dag.py:2690} INFO - Sync 1 DAGs
[2023-03-06T09:27:09.230+0000] {logging_mixin.py:137} INFO - [2023-03-06T09:27:09.229+0000] {dag.py:3441} INFO - Setting next_dagrun for latest_only_with_trigger to 2023-03-06T05:27:09.229204+00:00, run_after=2023-03-06T09:27:09.229204+00:00
[2023-03-06T09:27:09.285+0000] {processor.py:175} INFO - Processing /home/airflow/.local/lib/python3.7/site-packages/airflow/example_dags/example_latest_only_with_trigger.py took 0.246 seconds
[2023-03-06T09:27:39.664+0000] {processor.py:153} INFO - Started process (PID=272) to work on /home/airflow/.local/lib/python3.7/site-packages/airflow/example_dags/example_latest_only_with_trigger.py
[2023-03-06T09:27:39.667+0000] {processor.py:743} INFO - Processing file /home/airflow/.local/lib/python3.7/site-packages/airflow/example_dags/example_latest_only_with_trigger.py for tasks to queue
[2023-03-06T09:27:39.672+0000] {logging_mixin.py:137} INFO - [2023-03-06T09:27:39.670+0000] {dagbag.py:538} INFO - Filling up the DagBag from /home/airflow/.local/lib/python3.7/site-packages/airflow/example_dags/example_latest_only_with_trigger.py
[2023-03-06T09:27:39.714+0000] {processor.py:753} INFO - DAG(s) dict_keys(['latest_only_with_trigger']) retrieved from /home/airflow/.local/lib/python3.7/site-packages/airflow/example_dags/example_latest_only_with_trigger.py
[2023-03-06T09:27:39.806+0000] {logging_mixin.py:137} INFO - [2023-03-06T09:27:39.805+0000] {dag.py:2690} INFO - Sync 1 DAGs
[2023-03-06T09:27:39.986+0000] {logging_mixin.py:137} INFO - [2023-03-06T09:27:39.985+0000] {dag.py:3441} INFO - Setting next_dagrun for latest_only_with_trigger to 2023-03-06T05:27:39.983932+00:00, run_after=2023-03-06T09:27:39.983932+00:00
[2023-03-06T09:27:40.154+0000] {processor.py:175} INFO - Processing /home/airflow/.local/lib/python3.7/site-packages/airflow/example_dags/example_latest_only_with_trigger.py took 0.502 seconds
[2023-03-06T09:28:10.618+0000] {processor.py:153} INFO - Started process (PID=335) to work on /home/airflow/.local/lib/python3.7/site-packages/airflow/example_dags/example_latest_only_with_trigger.py
[2023-03-06T09:28:10.622+0000] {processor.py:743} INFO - Processing file /home/airflow/.local/lib/python3.7/site-packages/airflow/example_dags/example_latest_only_with_trigger.py for tasks to queue
[2023-03-06T09:28:10.625+0000] {logging_mixin.py:137} INFO - [2023-03-06T09:28:10.624+0000] {dagbag.py:538} INFO - Filling up the DagBag from /home/airflow/.local/lib/python3.7/site-packages/airflow/example_dags/example_latest_only_with_trigger.py
[2023-03-06T09:28:10.664+0000] {processor.py:753} INFO - DAG(s) dict_keys(['latest_only_with_trigger']) retrieved from /home/airflow/.local/lib/python3.7/site-packages/airflow/example_dags/example_latest_only_with_trigger.py
[2023-03-06T09:28:10.726+0000] {logging_mixin.py:137} INFO - [2023-03-06T09:28:10.725+0000] {dag.py:2690} INFO - Sync 1 DAGs
[2023-03-06T09:28:10.797+0000] {logging_mixin.py:137} INFO - [2023-03-06T09:28:10.796+0000] {dag.py:3441} INFO - Setting next_dagrun for latest_only_with_trigger to 2023-03-06T05:28:10.795090+00:00, run_after=2023-03-06T09:28:10.795090+00:00
[2023-03-06T09:28:10.901+0000] {processor.py:175} INFO - Processing /home/airflow/.local/lib/python3.7/site-packages/airflow/example_dags/example_latest_only_with_trigger.py took 0.291 seconds
[2023-03-06T09:28:41.400+0000] {processor.py:153} INFO - Started process (PID=397) to work on /home/airflow/.local/lib/python3.7/site-packages/airflow/example_dags/example_latest_only_with_trigger.py
[2023-03-06T09:28:41.403+0000] {processor.py:743} INFO - Processing file /home/airflow/.local/lib/python3.7/site-packages/airflow/example_dags/example_latest_only_with_trigger.py for tasks to queue
[2023-03-06T09:28:41.407+0000] {logging_mixin.py:137} INFO - [2023-03-06T09:28:41.407+0000] {dagbag.py:538} INFO - Filling up the DagBag from /home/airflow/.local/lib/python3.7/site-packages/airflow/example_dags/example_latest_only_with_trigger.py
[2023-03-06T09:28:41.448+0000] {processor.py:753} INFO - DAG(s) dict_keys(['latest_only_with_trigger']) retrieved from /home/airflow/.local/lib/python3.7/site-packages/airflow/example_dags/example_latest_only_with_trigger.py
[2023-03-06T09:28:41.514+0000] {logging_mixin.py:137} INFO - [2023-03-06T09:28:41.513+0000] {dag.py:2690} INFO - Sync 1 DAGs
[2023-03-06T09:28:41.580+0000] {logging_mixin.py:137} INFO - [2023-03-06T09:28:41.580+0000] {dag.py:3441} INFO - Setting next_dagrun for latest_only_with_trigger to 2023-03-06T05:28:41.579611+00:00, run_after=2023-03-06T09:28:41.579611+00:00
[2023-03-06T09:28:41.631+0000] {processor.py:175} INFO - Processing /home/airflow/.local/lib/python3.7/site-packages/airflow/example_dags/example_latest_only_with_trigger.py took 0.239 seconds
[2023-03-06T09:29:12.582+0000] {processor.py:153} INFO - Started process (PID=460) to work on /home/airflow/.local/lib/python3.7/site-packages/airflow/example_dags/example_latest_only_with_trigger.py
[2023-03-06T09:29:12.588+0000] {processor.py:743} INFO - Processing file /home/airflow/.local/lib/python3.7/site-packages/airflow/example_dags/example_latest_only_with_trigger.py for tasks to queue
[2023-03-06T09:29:12.600+0000] {logging_mixin.py:137} INFO - [2023-03-06T09:29:12.598+0000] {dagbag.py:538} INFO - Filling up the DagBag from /home/airflow/.local/lib/python3.7/site-packages/airflow/example_dags/example_latest_only_with_trigger.py
[2023-03-06T09:29:12.714+0000] {processor.py:753} INFO - DAG(s) dict_keys(['latest_only_with_trigger']) retrieved from /home/airflow/.local/lib/python3.7/site-packages/airflow/example_dags/example_latest_only_with_trigger.py
[2023-03-06T09:29:12.850+0000] {logging_mixin.py:137} INFO - [2023-03-06T09:29:12.850+0000] {dag.py:2690} INFO - Sync 1 DAGs
[2023-03-06T09:29:12.941+0000] {logging_mixin.py:137} INFO - [2023-03-06T09:29:12.941+0000] {dag.py:3441} INFO - Setting next_dagrun for latest_only_with_trigger to 2023-03-06T05:29:12.940808+00:00, run_after=2023-03-06T09:29:12.940808+00:00
[2023-03-06T09:29:12.986+0000] {processor.py:175} INFO - Processing /home/airflow/.local/lib/python3.7/site-packages/airflow/example_dags/example_latest_only_with_trigger.py took 0.442 seconds
[2023-03-06T09:29:43.261+0000] {processor.py:153} INFO - Started process (PID=522) to work on /home/airflow/.local/lib/python3.7/site-packages/airflow/example_dags/example_latest_only_with_trigger.py
[2023-03-06T09:29:43.264+0000] {processor.py:743} INFO - Processing file /home/airflow/.local/lib/python3.7/site-packages/airflow/example_dags/example_latest_only_with_trigger.py for tasks to queue
[2023-03-06T09:29:43.268+0000] {logging_mixin.py:137} INFO - [2023-03-06T09:29:43.267+0000] {dagbag.py:538} INFO - Filling up the DagBag from /home/airflow/.local/lib/python3.7/site-packages/airflow/example_dags/example_latest_only_with_trigger.py
[2023-03-06T09:29:43.318+0000] {processor.py:753} INFO - DAG(s) dict_keys(['latest_only_with_trigger']) retrieved from /home/airflow/.local/lib/python3.7/site-packages/airflow/example_dags/example_latest_only_with_trigger.py
[2023-03-06T09:29:43.383+0000] {logging_mixin.py:137} INFO - [2023-03-06T09:29:43.382+0000] {dag.py:2690} INFO - Sync 1 DAGs
[2023-03-06T09:29:43.457+0000] {logging_mixin.py:137} INFO - [2023-03-06T09:29:43.456+0000] {dag.py:3441} INFO - Setting next_dagrun for latest_only_with_trigger to 2023-03-06T05:29:43.456174+00:00, run_after=2023-03-06T09:29:43.456174+00:00
[2023-03-06T09:29:43.523+0000] {processor.py:175} INFO - Processing /home/airflow/.local/lib/python3.7/site-packages/airflow/example_dags/example_latest_only_with_trigger.py took 0.271 seconds
[2023-03-06T09:30:13.844+0000] {processor.py:153} INFO - Started process (PID=586) to work on /home/airflow/.local/lib/python3.7/site-packages/airflow/example_dags/example_latest_only_with_trigger.py
[2023-03-06T09:30:13.847+0000] {processor.py:743} INFO - Processing file /home/airflow/.local/lib/python3.7/site-packages/airflow/example_dags/example_latest_only_with_trigger.py for tasks to queue
[2023-03-06T09:30:13.851+0000] {logging_mixin.py:137} INFO - [2023-03-06T09:30:13.851+0000] {dagbag.py:538} INFO - Filling up the DagBag from /home/airflow/.local/lib/python3.7/site-packages/airflow/example_dags/example_latest_only_with_trigger.py
[2023-03-06T09:30:13.900+0000] {processor.py:753} INFO - DAG(s) dict_keys(['latest_only_with_trigger']) retrieved from /home/airflow/.local/lib/python3.7/site-packages/airflow/example_dags/example_latest_only_with_trigger.py
[2023-03-06T09:30:13.977+0000] {logging_mixin.py:137} INFO - [2023-03-06T09:30:13.977+0000] {dag.py:2690} INFO - Sync 1 DAGs
[2023-03-06T09:30:14.046+0000] {logging_mixin.py:137} INFO - [2023-03-06T09:30:14.045+0000] {dag.py:3441} INFO - Setting next_dagrun for latest_only_with_trigger to 2023-03-06T05:30:14.045086+00:00, run_after=2023-03-06T09:30:14.045086+00:00
[2023-03-06T09:30:14.092+0000] {processor.py:175} INFO - Processing /home/airflow/.local/lib/python3.7/site-packages/airflow/example_dags/example_latest_only_with_trigger.py took 0.257 seconds
[2023-03-06T09:30:44.215+0000] {processor.py:153} INFO - Started process (PID=649) to work on /home/airflow/.local/lib/python3.7/site-packages/airflow/example_dags/example_latest_only_with_trigger.py
[2023-03-06T09:30:44.219+0000] {processor.py:743} INFO - Processing file /home/airflow/.local/lib/python3.7/site-packages/airflow/example_dags/example_latest_only_with_trigger.py for tasks to queue
[2023-03-06T09:30:44.225+0000] {logging_mixin.py:137} INFO - [2023-03-06T09:30:44.223+0000] {dagbag.py:538} INFO - Filling up the DagBag from /home/airflow/.local/lib/python3.7/site-packages/airflow/example_dags/example_latest_only_with_trigger.py
[2023-03-06T09:30:44.283+0000] {processor.py:753} INFO - DAG(s) dict_keys(['latest_only_with_trigger']) retrieved from /home/airflow/.local/lib/python3.7/site-packages/airflow/example_dags/example_latest_only_with_trigger.py
[2023-03-06T09:30:44.374+0000] {logging_mixin.py:137} INFO - [2023-03-06T09:30:44.374+0000] {dag.py:2690} INFO - Sync 1 DAGs
[2023-03-06T09:30:44.471+0000] {logging_mixin.py:137} INFO - [2023-03-06T09:30:44.470+0000] {dag.py:3441} INFO - Setting next_dagrun for latest_only_with_trigger to 2023-03-06T05:30:44.469561+00:00, run_after=2023-03-06T09:30:44.469561+00:00
[2023-03-06T09:30:44.548+0000] {processor.py:175} INFO - Processing /home/airflow/.local/lib/python3.7/site-packages/airflow/example_dags/example_latest_only_with_trigger.py took 0.346 seconds
[2023-03-06T09:31:14.698+0000] {processor.py:153} INFO - Started process (PID=713) to work on /home/airflow/.local/lib/python3.7/site-packages/airflow/example_dags/example_latest_only_with_trigger.py
[2023-03-06T09:31:14.702+0000] {processor.py:743} INFO - Processing file /home/airflow/.local/lib/python3.7/site-packages/airflow/example_dags/example_latest_only_with_trigger.py for tasks to queue
[2023-03-06T09:31:14.706+0000] {logging_mixin.py:137} INFO - [2023-03-06T09:31:14.705+0000] {dagbag.py:538} INFO - Filling up the DagBag from /home/airflow/.local/lib/python3.7/site-packages/airflow/example_dags/example_latest_only_with_trigger.py
[2023-03-06T09:31:14.743+0000] {processor.py:753} INFO - DAG(s) dict_keys(['latest_only_with_trigger']) retrieved from /home/airflow/.local/lib/python3.7/site-packages/airflow/example_dags/example_latest_only_with_trigger.py
[2023-03-06T09:31:14.802+0000] {logging_mixin.py:137} INFO - [2023-03-06T09:31:14.802+0000] {dag.py:2690} INFO - Sync 1 DAGs
[2023-03-06T09:31:14.865+0000] {logging_mixin.py:137} INFO - [2023-03-06T09:31:14.865+0000] {dag.py:3441} INFO - Setting next_dagrun for latest_only_with_trigger to 2023-03-06T05:31:14.864537+00:00, run_after=2023-03-06T09:31:14.864537+00:00
[2023-03-06T09:31:15.076+0000] {processor.py:175} INFO - Processing /home/airflow/.local/lib/python3.7/site-packages/airflow/example_dags/example_latest_only_with_trigger.py took 0.394 seconds
[2023-03-06T09:31:45.396+0000] {processor.py:153} INFO - Started process (PID=780) to work on /home/airflow/.local/lib/python3.7/site-packages/airflow/example_dags/example_latest_only_with_trigger.py
[2023-03-06T09:31:45.400+0000] {processor.py:743} INFO - Processing file /home/airflow/.local/lib/python3.7/site-packages/airflow/example_dags/example_latest_only_with_trigger.py for tasks to queue
[2023-03-06T09:31:45.407+0000] {logging_mixin.py:137} INFO - [2023-03-06T09:31:45.406+0000] {dagbag.py:538} INFO - Filling up the DagBag from /home/airflow/.local/lib/python3.7/site-packages/airflow/example_dags/example_latest_only_with_trigger.py
[2023-03-06T09:31:45.506+0000] {processor.py:753} INFO - DAG(s) dict_keys(['latest_only_with_trigger']) retrieved from /home/airflow/.local/lib/python3.7/site-packages/airflow/example_dags/example_latest_only_with_trigger.py
[2023-03-06T09:31:45.658+0000] {logging_mixin.py:137} INFO - [2023-03-06T09:31:45.658+0000] {dag.py:2690} INFO - Sync 1 DAGs
[2023-03-06T09:31:45.781+0000] {logging_mixin.py:137} INFO - [2023-03-06T09:31:45.781+0000] {dag.py:3441} INFO - Setting next_dagrun for latest_only_with_trigger to 2023-03-06T05:31:45.780441+00:00, run_after=2023-03-06T09:31:45.780441+00:00
[2023-03-06T09:31:45.863+0000] {processor.py:175} INFO - Processing /home/airflow/.local/lib/python3.7/site-packages/airflow/example_dags/example_latest_only_with_trigger.py took 0.483 seconds
[2023-03-06T09:32:16.529+0000] {processor.py:153} INFO - Started process (PID=849) to work on /home/airflow/.local/lib/python3.7/site-packages/airflow/example_dags/example_latest_only_with_trigger.py
[2023-03-06T09:32:16.542+0000] {processor.py:743} INFO - Processing file /home/airflow/.local/lib/python3.7/site-packages/airflow/example_dags/example_latest_only_with_trigger.py for tasks to queue
[2023-03-06T09:32:16.572+0000] {logging_mixin.py:137} INFO - [2023-03-06T09:32:16.571+0000] {dagbag.py:538} INFO - Filling up the DagBag from /home/airflow/.local/lib/python3.7/site-packages/airflow/example_dags/example_latest_only_with_trigger.py
[2023-03-06T09:32:16.732+0000] {processor.py:753} INFO - DAG(s) dict_keys(['latest_only_with_trigger']) retrieved from /home/airflow/.local/lib/python3.7/site-packages/airflow/example_dags/example_latest_only_with_trigger.py
[2023-03-06T09:32:17.267+0000] {logging_mixin.py:137} INFO - [2023-03-06T09:32:17.266+0000] {dag.py:2690} INFO - Sync 1 DAGs
[2023-03-06T09:32:17.631+0000] {logging_mixin.py:137} INFO - [2023-03-06T09:32:17.630+0000] {dag.py:3441} INFO - Setting next_dagrun for latest_only_with_trigger to 2023-03-06T05:32:17.629770+00:00, run_after=2023-03-06T09:32:17.629770+00:00
[2023-03-06T09:32:17.791+0000] {processor.py:175} INFO - Processing /home/airflow/.local/lib/python3.7/site-packages/airflow/example_dags/example_latest_only_with_trigger.py took 1.321 seconds
[2023-03-06T09:32:47.972+0000] {processor.py:153} INFO - Started process (PID=903) to work on /home/airflow/.local/lib/python3.7/site-packages/airflow/example_dags/example_latest_only_with_trigger.py
[2023-03-06T09:32:47.974+0000] {processor.py:743} INFO - Processing file /home/airflow/.local/lib/python3.7/site-packages/airflow/example_dags/example_latest_only_with_trigger.py for tasks to queue
[2023-03-06T09:32:47.978+0000] {logging_mixin.py:137} INFO - [2023-03-06T09:32:47.977+0000] {dagbag.py:538} INFO - Filling up the DagBag from /home/airflow/.local/lib/python3.7/site-packages/airflow/example_dags/example_latest_only_with_trigger.py
[2023-03-06T09:32:48.018+0000] {processor.py:753} INFO - DAG(s) dict_keys(['latest_only_with_trigger']) retrieved from /home/airflow/.local/lib/python3.7/site-packages/airflow/example_dags/example_latest_only_with_trigger.py
[2023-03-06T09:32:48.090+0000] {logging_mixin.py:137} INFO - [2023-03-06T09:32:48.090+0000] {dag.py:2690} INFO - Sync 1 DAGs
[2023-03-06T09:32:48.161+0000] {logging_mixin.py:137} INFO - [2023-03-06T09:32:48.160+0000] {dag.py:3441} INFO - Setting next_dagrun for latest_only_with_trigger to 2023-03-06T05:32:48.160076+00:00, run_after=2023-03-06T09:32:48.160076+00:00
[2023-03-06T09:32:48.213+0000] {processor.py:175} INFO - Processing /home/airflow/.local/lib/python3.7/site-packages/airflow/example_dags/example_latest_only_with_trigger.py took 0.249 seconds
[2023-03-06T09:33:18.411+0000] {processor.py:153} INFO - Started process (PID=966) to work on /home/airflow/.local/lib/python3.7/site-packages/airflow/example_dags/example_latest_only_with_trigger.py
[2023-03-06T09:33:18.413+0000] {processor.py:743} INFO - Processing file /home/airflow/.local/lib/python3.7/site-packages/airflow/example_dags/example_latest_only_with_trigger.py for tasks to queue
[2023-03-06T09:33:18.416+0000] {logging_mixin.py:137} INFO - [2023-03-06T09:33:18.416+0000] {dagbag.py:538} INFO - Filling up the DagBag from /home/airflow/.local/lib/python3.7/site-packages/airflow/example_dags/example_latest_only_with_trigger.py
[2023-03-06T09:33:18.462+0000] {processor.py:753} INFO - DAG(s) dict_keys(['latest_only_with_trigger']) retrieved from /home/airflow/.local/lib/python3.7/site-packages/airflow/example_dags/example_latest_only_with_trigger.py
[2023-03-06T09:33:18.577+0000] {logging_mixin.py:137} INFO - [2023-03-06T09:33:18.577+0000] {dag.py:2690} INFO - Sync 1 DAGs
[2023-03-06T09:33:18.743+0000] {logging_mixin.py:137} INFO - [2023-03-06T09:33:18.743+0000] {dag.py:3441} INFO - Setting next_dagrun for latest_only_with_trigger to 2023-03-06T05:33:18.742500+00:00, run_after=2023-03-06T09:33:18.742500+00:00
[2023-03-06T09:33:18.819+0000] {processor.py:175} INFO - Processing /home/airflow/.local/lib/python3.7/site-packages/airflow/example_dags/example_latest_only_with_trigger.py took 0.418 seconds
[2023-03-06T09:33:49.177+0000] {processor.py:153} INFO - Started process (PID=1028) to work on /home/airflow/.local/lib/python3.7/site-packages/airflow/example_dags/example_latest_only_with_trigger.py
[2023-03-06T09:33:49.181+0000] {processor.py:743} INFO - Processing file /home/airflow/.local/lib/python3.7/site-packages/airflow/example_dags/example_latest_only_with_trigger.py for tasks to queue
[2023-03-06T09:33:49.185+0000] {logging_mixin.py:137} INFO - [2023-03-06T09:33:49.185+0000] {dagbag.py:538} INFO - Filling up the DagBag from /home/airflow/.local/lib/python3.7/site-packages/airflow/example_dags/example_latest_only_with_trigger.py
[2023-03-06T09:33:49.241+0000] {processor.py:753} INFO - DAG(s) dict_keys(['latest_only_with_trigger']) retrieved from /home/airflow/.local/lib/python3.7/site-packages/airflow/example_dags/example_latest_only_with_trigger.py
[2023-03-06T09:33:49.327+0000] {logging_mixin.py:137} INFO - [2023-03-06T09:33:49.326+0000] {dag.py:2690} INFO - Sync 1 DAGs
[2023-03-06T09:33:49.425+0000] {logging_mixin.py:137} INFO - [2023-03-06T09:33:49.424+0000] {dag.py:3441} INFO - Setting next_dagrun for latest_only_with_trigger to 2023-03-06T05:33:49.423853+00:00, run_after=2023-03-06T09:33:49.423853+00:00
[2023-03-06T09:33:49.502+0000] {processor.py:175} INFO - Processing /home/airflow/.local/lib/python3.7/site-packages/airflow/example_dags/example_latest_only_with_trigger.py took 0.339 seconds
[2023-03-06T09:34:19.911+0000] {processor.py:153} INFO - Started process (PID=1091) to work on /home/airflow/.local/lib/python3.7/site-packages/airflow/example_dags/example_latest_only_with_trigger.py
[2023-03-06T09:34:19.913+0000] {processor.py:743} INFO - Processing file /home/airflow/.local/lib/python3.7/site-packages/airflow/example_dags/example_latest_only_with_trigger.py for tasks to queue
[2023-03-06T09:34:19.918+0000] {logging_mixin.py:137} INFO - [2023-03-06T09:34:19.917+0000] {dagbag.py:538} INFO - Filling up the DagBag from /home/airflow/.local/lib/python3.7/site-packages/airflow/example_dags/example_latest_only_with_trigger.py
[2023-03-06T09:34:19.962+0000] {processor.py:753} INFO - DAG(s) dict_keys(['latest_only_with_trigger']) retrieved from /home/airflow/.local/lib/python3.7/site-packages/airflow/example_dags/example_latest_only_with_trigger.py
[2023-03-06T09:34:20.037+0000] {logging_mixin.py:137} INFO - [2023-03-06T09:34:20.036+0000] {dag.py:2690} INFO - Sync 1 DAGs
[2023-03-06T09:34:20.130+0000] {logging_mixin.py:137} INFO - [2023-03-06T09:34:20.129+0000] {dag.py:3441} INFO - Setting next_dagrun for latest_only_with_trigger to 2023-03-06T05:34:20.128898+00:00, run_after=2023-03-06T09:34:20.128898+00:00
[2023-03-06T09:34:20.192+0000] {processor.py:175} INFO - Processing /home/airflow/.local/lib/python3.7/site-packages/airflow/example_dags/example_latest_only_with_trigger.py took 0.294 seconds
[2023-03-06T09:34:50.659+0000] {processor.py:153} INFO - Started process (PID=1154) to work on /home/airflow/.local/lib/python3.7/site-packages/airflow/example_dags/example_latest_only_with_trigger.py
[2023-03-06T09:34:50.662+0000] {processor.py:743} INFO - Processing file /home/airflow/.local/lib/python3.7/site-packages/airflow/example_dags/example_latest_only_with_trigger.py for tasks to queue
[2023-03-06T09:34:50.668+0000] {logging_mixin.py:137} INFO - [2023-03-06T09:34:50.667+0000] {dagbag.py:538} INFO - Filling up the DagBag from /home/airflow/.local/lib/python3.7/site-packages/airflow/example_dags/example_latest_only_with_trigger.py
[2023-03-06T09:34:50.715+0000] {processor.py:753} INFO - DAG(s) dict_keys(['latest_only_with_trigger']) retrieved from /home/airflow/.local/lib/python3.7/site-packages/airflow/example_dags/example_latest_only_with_trigger.py
[2023-03-06T09:34:50.819+0000] {logging_mixin.py:137} INFO - [2023-03-06T09:34:50.818+0000] {dag.py:2690} INFO - Sync 1 DAGs
[2023-03-06T09:34:50.931+0000] {logging_mixin.py:137} INFO - [2023-03-06T09:34:50.930+0000] {dag.py:3441} INFO - Setting next_dagrun for latest_only_with_trigger to 2023-03-06T05:34:50.929872+00:00, run_after=2023-03-06T09:34:50.929872+00:00
[2023-03-06T09:34:51.003+0000] {processor.py:175} INFO - Processing /home/airflow/.local/lib/python3.7/site-packages/airflow/example_dags/example_latest_only_with_trigger.py took 0.355 seconds
[2023-03-06T09:35:21.296+0000] {processor.py:153} INFO - Started process (PID=1217) to work on /home/airflow/.local/lib/python3.7/site-packages/airflow/example_dags/example_latest_only_with_trigger.py
[2023-03-06T09:35:21.298+0000] {processor.py:743} INFO - Processing file /home/airflow/.local/lib/python3.7/site-packages/airflow/example_dags/example_latest_only_with_trigger.py for tasks to queue
[2023-03-06T09:35:21.303+0000] {logging_mixin.py:137} INFO - [2023-03-06T09:35:21.302+0000] {dagbag.py:538} INFO - Filling up the DagBag from /home/airflow/.local/lib/python3.7/site-packages/airflow/example_dags/example_latest_only_with_trigger.py
[2023-03-06T09:35:21.356+0000] {processor.py:753} INFO - DAG(s) dict_keys(['latest_only_with_trigger']) retrieved from /home/airflow/.local/lib/python3.7/site-packages/airflow/example_dags/example_latest_only_with_trigger.py
[2023-03-06T09:35:21.445+0000] {logging_mixin.py:137} INFO - [2023-03-06T09:35:21.445+0000] {dag.py:2690} INFO - Sync 1 DAGs
[2023-03-06T09:35:21.540+0000] {logging_mixin.py:137} INFO - [2023-03-06T09:35:21.540+0000] {dag.py:3441} INFO - Setting next_dagrun for latest_only_with_trigger to 2023-03-06T05:35:21.539092+00:00, run_after=2023-03-06T09:35:21.539092+00:00
[2023-03-06T09:35:21.631+0000] {processor.py:175} INFO - Processing /home/airflow/.local/lib/python3.7/site-packages/airflow/example_dags/example_latest_only_with_trigger.py took 0.347 seconds
[2023-03-06T09:35:51.895+0000] {processor.py:153} INFO - Started process (PID=1280) to work on /home/airflow/.local/lib/python3.7/site-packages/airflow/example_dags/example_latest_only_with_trigger.py
[2023-03-06T09:35:51.897+0000] {processor.py:743} INFO - Processing file /home/airflow/.local/lib/python3.7/site-packages/airflow/example_dags/example_latest_only_with_trigger.py for tasks to queue
[2023-03-06T09:35:51.899+0000] {logging_mixin.py:137} INFO - [2023-03-06T09:35:51.899+0000] {dagbag.py:538} INFO - Filling up the DagBag from /home/airflow/.local/lib/python3.7/site-packages/airflow/example_dags/example_latest_only_with_trigger.py
[2023-03-06T09:35:51.964+0000] {processor.py:753} INFO - DAG(s) dict_keys(['latest_only_with_trigger']) retrieved from /home/airflow/.local/lib/python3.7/site-packages/airflow/example_dags/example_latest_only_with_trigger.py
[2023-03-06T09:35:52.103+0000] {logging_mixin.py:137} INFO - [2023-03-06T09:35:52.102+0000] {dag.py:2690} INFO - Sync 1 DAGs
[2023-03-06T09:35:52.246+0000] {logging_mixin.py:137} INFO - [2023-03-06T09:35:52.245+0000] {dag.py:3441} INFO - Setting next_dagrun for latest_only_with_trigger to 2023-03-06T05:35:52.245160+00:00, run_after=2023-03-06T09:35:52.245160+00:00
[2023-03-06T09:35:52.314+0000] {processor.py:175} INFO - Processing /home/airflow/.local/lib/python3.7/site-packages/airflow/example_dags/example_latest_only_with_trigger.py took 0.448 seconds
[2023-03-06T09:36:22.565+0000] {processor.py:153} INFO - Started process (PID=1343) to work on /home/airflow/.local/lib/python3.7/site-packages/airflow/example_dags/example_latest_only_with_trigger.py
[2023-03-06T09:36:22.578+0000] {processor.py:743} INFO - Processing file /home/airflow/.local/lib/python3.7/site-packages/airflow/example_dags/example_latest_only_with_trigger.py for tasks to queue
[2023-03-06T09:36:22.582+0000] {logging_mixin.py:137} INFO - [2023-03-06T09:36:22.581+0000] {dagbag.py:538} INFO - Filling up the DagBag from /home/airflow/.local/lib/python3.7/site-packages/airflow/example_dags/example_latest_only_with_trigger.py
[2023-03-06T09:36:22.688+0000] {processor.py:753} INFO - DAG(s) dict_keys(['latest_only_with_trigger']) retrieved from /home/airflow/.local/lib/python3.7/site-packages/airflow/example_dags/example_latest_only_with_trigger.py
[2023-03-06T09:36:22.782+0000] {logging_mixin.py:137} INFO - [2023-03-06T09:36:22.781+0000] {dag.py:2690} INFO - Sync 1 DAGs
[2023-03-06T09:36:22.888+0000] {logging_mixin.py:137} INFO - [2023-03-06T09:36:22.888+0000] {dag.py:3441} INFO - Setting next_dagrun for latest_only_with_trigger to 2023-03-06T05:36:22.887388+00:00, run_after=2023-03-06T09:36:22.887388+00:00
[2023-03-06T09:36:22.946+0000] {processor.py:175} INFO - Processing /home/airflow/.local/lib/python3.7/site-packages/airflow/example_dags/example_latest_only_with_trigger.py took 0.404 seconds
[2023-03-06T09:36:53.639+0000] {processor.py:153} INFO - Started process (PID=1407) to work on /home/airflow/.local/lib/python3.7/site-packages/airflow/example_dags/example_latest_only_with_trigger.py
[2023-03-06T09:36:53.656+0000] {processor.py:743} INFO - Processing file /home/airflow/.local/lib/python3.7/site-packages/airflow/example_dags/example_latest_only_with_trigger.py for tasks to queue
[2023-03-06T09:36:53.667+0000] {logging_mixin.py:137} INFO - [2023-03-06T09:36:53.665+0000] {dagbag.py:538} INFO - Filling up the DagBag from /home/airflow/.local/lib/python3.7/site-packages/airflow/example_dags/example_latest_only_with_trigger.py
[2023-03-06T09:36:53.758+0000] {processor.py:753} INFO - DAG(s) dict_keys(['latest_only_with_trigger']) retrieved from /home/airflow/.local/lib/python3.7/site-packages/airflow/example_dags/example_latest_only_with_trigger.py
[2023-03-06T09:36:53.840+0000] {logging_mixin.py:137} INFO - [2023-03-06T09:36:53.839+0000] {dag.py:2690} INFO - Sync 1 DAGs
[2023-03-06T09:36:53.914+0000] {logging_mixin.py:137} INFO - [2023-03-06T09:36:53.914+0000] {dag.py:3441} INFO - Setting next_dagrun for latest_only_with_trigger to 2023-03-06T05:36:53.913743+00:00, run_after=2023-03-06T09:36:53.913743+00:00
[2023-03-06T09:36:53.971+0000] {processor.py:175} INFO - Processing /home/airflow/.local/lib/python3.7/site-packages/airflow/example_dags/example_latest_only_with_trigger.py took 0.353 seconds
[2023-03-06T09:37:24.828+0000] {processor.py:153} INFO - Started process (PID=1466) to work on /home/airflow/.local/lib/python3.7/site-packages/airflow/example_dags/example_latest_only_with_trigger.py
[2023-03-06T09:37:24.832+0000] {processor.py:743} INFO - Processing file /home/airflow/.local/lib/python3.7/site-packages/airflow/example_dags/example_latest_only_with_trigger.py for tasks to queue
[2023-03-06T09:37:24.837+0000] {logging_mixin.py:137} INFO - [2023-03-06T09:37:24.837+0000] {dagbag.py:538} INFO - Filling up the DagBag from /home/airflow/.local/lib/python3.7/site-packages/airflow/example_dags/example_latest_only_with_trigger.py
[2023-03-06T09:37:24.890+0000] {processor.py:753} INFO - DAG(s) dict_keys(['latest_only_with_trigger']) retrieved from /home/airflow/.local/lib/python3.7/site-packages/airflow/example_dags/example_latest_only_with_trigger.py
[2023-03-06T09:37:25.017+0000] {logging_mixin.py:137} INFO - [2023-03-06T09:37:25.016+0000] {dag.py:2690} INFO - Sync 1 DAGs
[2023-03-06T09:37:25.161+0000] {logging_mixin.py:137} INFO - [2023-03-06T09:37:25.161+0000] {dag.py:3441} INFO - Setting next_dagrun for latest_only_with_trigger to 2023-03-06T05:37:25.160669+00:00, run_after=2023-03-06T09:37:25.160669+00:00
[2023-03-06T09:37:25.262+0000] {processor.py:175} INFO - Processing /home/airflow/.local/lib/python3.7/site-packages/airflow/example_dags/example_latest_only_with_trigger.py took 0.446 seconds
[2023-03-06T09:37:56.370+0000] {processor.py:153} INFO - Started process (PID=1531) to work on /home/airflow/.local/lib/python3.7/site-packages/airflow/example_dags/example_latest_only_with_trigger.py
[2023-03-06T09:37:56.373+0000] {processor.py:743} INFO - Processing file /home/airflow/.local/lib/python3.7/site-packages/airflow/example_dags/example_latest_only_with_trigger.py for tasks to queue
[2023-03-06T09:37:56.375+0000] {logging_mixin.py:137} INFO - [2023-03-06T09:37:56.375+0000] {dagbag.py:538} INFO - Filling up the DagBag from /home/airflow/.local/lib/python3.7/site-packages/airflow/example_dags/example_latest_only_with_trigger.py
[2023-03-06T09:37:56.416+0000] {processor.py:753} INFO - DAG(s) dict_keys(['latest_only_with_trigger']) retrieved from /home/airflow/.local/lib/python3.7/site-packages/airflow/example_dags/example_latest_only_with_trigger.py
[2023-03-06T09:37:56.501+0000] {logging_mixin.py:137} INFO - [2023-03-06T09:37:56.501+0000] {dag.py:2690} INFO - Sync 1 DAGs
[2023-03-06T09:37:56.594+0000] {logging_mixin.py:137} INFO - [2023-03-06T09:37:56.594+0000] {dag.py:3441} INFO - Setting next_dagrun for latest_only_with_trigger to 2023-03-06T05:37:56.593620+00:00, run_after=2023-03-06T09:37:56.593620+00:00
[2023-03-06T09:37:56.647+0000] {processor.py:175} INFO - Processing /home/airflow/.local/lib/python3.7/site-packages/airflow/example_dags/example_latest_only_with_trigger.py took 0.287 seconds
[2023-03-06T09:38:27.035+0000] {processor.py:153} INFO - Started process (PID=1593) to work on /home/airflow/.local/lib/python3.7/site-packages/airflow/example_dags/example_latest_only_with_trigger.py
[2023-03-06T09:38:27.037+0000] {processor.py:743} INFO - Processing file /home/airflow/.local/lib/python3.7/site-packages/airflow/example_dags/example_latest_only_with_trigger.py for tasks to queue
[2023-03-06T09:38:27.040+0000] {logging_mixin.py:137} INFO - [2023-03-06T09:38:27.039+0000] {dagbag.py:538} INFO - Filling up the DagBag from /home/airflow/.local/lib/python3.7/site-packages/airflow/example_dags/example_latest_only_with_trigger.py
[2023-03-06T09:38:27.076+0000] {processor.py:753} INFO - DAG(s) dict_keys(['latest_only_with_trigger']) retrieved from /home/airflow/.local/lib/python3.7/site-packages/airflow/example_dags/example_latest_only_with_trigger.py
[2023-03-06T09:38:27.131+0000] {logging_mixin.py:137} INFO - [2023-03-06T09:38:27.131+0000] {dag.py:2690} INFO - Sync 1 DAGs
[2023-03-06T09:38:27.193+0000] {logging_mixin.py:137} INFO - [2023-03-06T09:38:27.192+0000] {dag.py:3441} INFO - Setting next_dagrun for latest_only_with_trigger to 2023-03-06T05:38:27.192383+00:00, run_after=2023-03-06T09:38:27.192383+00:00
[2023-03-06T09:38:27.237+0000] {processor.py:175} INFO - Processing /home/airflow/.local/lib/python3.7/site-packages/airflow/example_dags/example_latest_only_with_trigger.py took 0.217 seconds
[2023-03-06T09:38:58.036+0000] {processor.py:153} INFO - Started process (PID=1659) to work on /home/airflow/.local/lib/python3.7/site-packages/airflow/example_dags/example_latest_only_with_trigger.py
[2023-03-06T09:38:58.040+0000] {processor.py:743} INFO - Processing file /home/airflow/.local/lib/python3.7/site-packages/airflow/example_dags/example_latest_only_with_trigger.py for tasks to queue
[2023-03-06T09:38:58.045+0000] {logging_mixin.py:137} INFO - [2023-03-06T09:38:58.044+0000] {dagbag.py:538} INFO - Filling up the DagBag from /home/airflow/.local/lib/python3.7/site-packages/airflow/example_dags/example_latest_only_with_trigger.py
[2023-03-06T09:38:58.093+0000] {processor.py:753} INFO - DAG(s) dict_keys(['latest_only_with_trigger']) retrieved from /home/airflow/.local/lib/python3.7/site-packages/airflow/example_dags/example_latest_only_with_trigger.py
[2023-03-06T09:38:58.199+0000] {logging_mixin.py:137} INFO - [2023-03-06T09:38:58.199+0000] {dag.py:2690} INFO - Sync 1 DAGs
[2023-03-06T09:38:58.306+0000] {logging_mixin.py:137} INFO - [2023-03-06T09:38:58.306+0000] {dag.py:3441} INFO - Setting next_dagrun for latest_only_with_trigger to 2023-03-06T05:38:58.305415+00:00, run_after=2023-03-06T09:38:58.305415+00:00
[2023-03-06T09:38:58.386+0000] {processor.py:175} INFO - Processing /home/airflow/.local/lib/python3.7/site-packages/airflow/example_dags/example_latest_only_with_trigger.py took 0.364 seconds
[2023-03-06T09:39:28.915+0000] {processor.py:153} INFO - Started process (PID=1722) to work on /home/airflow/.local/lib/python3.7/site-packages/airflow/example_dags/example_latest_only_with_trigger.py
[2023-03-06T09:39:28.919+0000] {processor.py:743} INFO - Processing file /home/airflow/.local/lib/python3.7/site-packages/airflow/example_dags/example_latest_only_with_trigger.py for tasks to queue
[2023-03-06T09:39:28.922+0000] {logging_mixin.py:137} INFO - [2023-03-06T09:39:28.921+0000] {dagbag.py:538} INFO - Filling up the DagBag from /home/airflow/.local/lib/python3.7/site-packages/airflow/example_dags/example_latest_only_with_trigger.py
[2023-03-06T09:39:28.970+0000] {processor.py:753} INFO - DAG(s) dict_keys(['latest_only_with_trigger']) retrieved from /home/airflow/.local/lib/python3.7/site-packages/airflow/example_dags/example_latest_only_with_trigger.py
[2023-03-06T09:39:29.044+0000] {logging_mixin.py:137} INFO - [2023-03-06T09:39:29.043+0000] {dag.py:2690} INFO - Sync 1 DAGs
[2023-03-06T09:39:29.153+0000] {logging_mixin.py:137} INFO - [2023-03-06T09:39:29.153+0000] {dag.py:3441} INFO - Setting next_dagrun for latest_only_with_trigger to 2023-03-06T05:39:29.152706+00:00, run_after=2023-03-06T09:39:29.152706+00:00
[2023-03-06T09:39:29.203+0000] {processor.py:175} INFO - Processing /home/airflow/.local/lib/python3.7/site-packages/airflow/example_dags/example_latest_only_with_trigger.py took 0.304 seconds
[2023-03-06T09:40:00.227+0000] {processor.py:153} INFO - Started process (PID=1786) to work on /home/airflow/.local/lib/python3.7/site-packages/airflow/example_dags/example_latest_only_with_trigger.py
[2023-03-06T09:40:00.231+0000] {processor.py:743} INFO - Processing file /home/airflow/.local/lib/python3.7/site-packages/airflow/example_dags/example_latest_only_with_trigger.py for tasks to queue
[2023-03-06T09:40:00.235+0000] {logging_mixin.py:137} INFO - [2023-03-06T09:40:00.234+0000] {dagbag.py:538} INFO - Filling up the DagBag from /home/airflow/.local/lib/python3.7/site-packages/airflow/example_dags/example_latest_only_with_trigger.py
[2023-03-06T09:40:00.302+0000] {processor.py:753} INFO - DAG(s) dict_keys(['latest_only_with_trigger']) retrieved from /home/airflow/.local/lib/python3.7/site-packages/airflow/example_dags/example_latest_only_with_trigger.py
[2023-03-06T09:40:00.390+0000] {logging_mixin.py:137} INFO - [2023-03-06T09:40:00.390+0000] {dag.py:2690} INFO - Sync 1 DAGs
[2023-03-06T09:40:00.486+0000] {logging_mixin.py:137} INFO - [2023-03-06T09:40:00.486+0000] {dag.py:3441} INFO - Setting next_dagrun for latest_only_with_trigger to 2023-03-06T05:40:00.485116+00:00, run_after=2023-03-06T09:40:00.485116+00:00
[2023-03-06T09:40:00.548+0000] {processor.py:175} INFO - Processing /home/airflow/.local/lib/python3.7/site-packages/airflow/example_dags/example_latest_only_with_trigger.py took 0.334 seconds
[2023-03-06T09:40:30.699+0000] {processor.py:153} INFO - Started process (PID=1849) to work on /home/airflow/.local/lib/python3.7/site-packages/airflow/example_dags/example_latest_only_with_trigger.py
[2023-03-06T09:40:30.703+0000] {processor.py:743} INFO - Processing file /home/airflow/.local/lib/python3.7/site-packages/airflow/example_dags/example_latest_only_with_trigger.py for tasks to queue
[2023-03-06T09:40:30.708+0000] {logging_mixin.py:137} INFO - [2023-03-06T09:40:30.708+0000] {dagbag.py:538} INFO - Filling up the DagBag from /home/airflow/.local/lib/python3.7/site-packages/airflow/example_dags/example_latest_only_with_trigger.py
[2023-03-06T09:40:30.757+0000] {processor.py:753} INFO - DAG(s) dict_keys(['latest_only_with_trigger']) retrieved from /home/airflow/.local/lib/python3.7/site-packages/airflow/example_dags/example_latest_only_with_trigger.py
[2023-03-06T09:40:30.834+0000] {logging_mixin.py:137} INFO - [2023-03-06T09:40:30.834+0000] {dag.py:2690} INFO - Sync 1 DAGs
[2023-03-06T09:40:30.917+0000] {logging_mixin.py:137} INFO - [2023-03-06T09:40:30.917+0000] {dag.py:3441} INFO - Setting next_dagrun for latest_only_with_trigger to 2023-03-06T05:40:30.916253+00:00, run_after=2023-03-06T09:40:30.916253+00:00
[2023-03-06T09:40:30.978+0000] {processor.py:175} INFO - Processing /home/airflow/.local/lib/python3.7/site-packages/airflow/example_dags/example_latest_only_with_trigger.py took 0.288 seconds
[2023-03-06T09:41:01.156+0000] {processor.py:153} INFO - Started process (PID=1913) to work on /home/airflow/.local/lib/python3.7/site-packages/airflow/example_dags/example_latest_only_with_trigger.py
[2023-03-06T09:41:01.161+0000] {processor.py:743} INFO - Processing file /home/airflow/.local/lib/python3.7/site-packages/airflow/example_dags/example_latest_only_with_trigger.py for tasks to queue
[2023-03-06T09:41:01.165+0000] {logging_mixin.py:137} INFO - [2023-03-06T09:41:01.165+0000] {dagbag.py:538} INFO - Filling up the DagBag from /home/airflow/.local/lib/python3.7/site-packages/airflow/example_dags/example_latest_only_with_trigger.py
[2023-03-06T09:41:01.206+0000] {processor.py:753} INFO - DAG(s) dict_keys(['latest_only_with_trigger']) retrieved from /home/airflow/.local/lib/python3.7/site-packages/airflow/example_dags/example_latest_only_with_trigger.py
[2023-03-06T09:41:01.293+0000] {logging_mixin.py:137} INFO - [2023-03-06T09:41:01.292+0000] {dag.py:2690} INFO - Sync 1 DAGs
[2023-03-06T09:41:01.398+0000] {logging_mixin.py:137} INFO - [2023-03-06T09:41:01.398+0000] {dag.py:3441} INFO - Setting next_dagrun for latest_only_with_trigger to 2023-03-06T05:41:01.397504+00:00, run_after=2023-03-06T09:41:01.397504+00:00
[2023-03-06T09:41:01.474+0000] {processor.py:175} INFO - Processing /home/airflow/.local/lib/python3.7/site-packages/airflow/example_dags/example_latest_only_with_trigger.py took 0.329 seconds
[2023-03-06T09:41:31.627+0000] {processor.py:153} INFO - Started process (PID=1973) to work on /home/airflow/.local/lib/python3.7/site-packages/airflow/example_dags/example_latest_only_with_trigger.py
[2023-03-06T09:41:31.636+0000] {processor.py:743} INFO - Processing file /home/airflow/.local/lib/python3.7/site-packages/airflow/example_dags/example_latest_only_with_trigger.py for tasks to queue
[2023-03-06T09:41:31.642+0000] {logging_mixin.py:137} INFO - [2023-03-06T09:41:31.641+0000] {dagbag.py:538} INFO - Filling up the DagBag from /home/airflow/.local/lib/python3.7/site-packages/airflow/example_dags/example_latest_only_with_trigger.py
[2023-03-06T09:41:31.726+0000] {processor.py:753} INFO - DAG(s) dict_keys(['latest_only_with_trigger']) retrieved from /home/airflow/.local/lib/python3.7/site-packages/airflow/example_dags/example_latest_only_with_trigger.py
[2023-03-06T09:41:31.889+0000] {logging_mixin.py:137} INFO - [2023-03-06T09:41:31.885+0000] {dag.py:2690} INFO - Sync 1 DAGs
[2023-03-06T09:41:32.001+0000] {logging_mixin.py:137} INFO - [2023-03-06T09:41:32.001+0000] {dag.py:3441} INFO - Setting next_dagrun for latest_only_with_trigger to 2023-03-06T05:41:32.000278+00:00, run_after=2023-03-06T09:41:32.000278+00:00
[2023-03-06T09:41:32.065+0000] {processor.py:175} INFO - Processing /home/airflow/.local/lib/python3.7/site-packages/airflow/example_dags/example_latest_only_with_trigger.py took 0.464 seconds
