[2023-03-06T09:26:07.813+0000] {processor.py:153} INFO - Started process (PID=87) to work on /home/airflow/.local/lib/python3.7/site-packages/airflow/example_dags/example_branch_operator_decorator.py
[2023-03-06T09:26:07.815+0000] {processor.py:743} INFO - Processing file /home/airflow/.local/lib/python3.7/site-packages/airflow/example_dags/example_branch_operator_decorator.py for tasks to queue
[2023-03-06T09:26:07.819+0000] {logging_mixin.py:137} INFO - [2023-03-06T09:26:07.818+0000] {dagbag.py:538} INFO - Filling up the DagBag from /home/airflow/.local/lib/python3.7/site-packages/airflow/example_dags/example_branch_operator_decorator.py
[2023-03-06T09:26:07.956+0000] {processor.py:753} INFO - DAG(s) dict_keys(['example_branch_python_operator_decorator']) retrieved from /home/airflow/.local/lib/python3.7/site-packages/airflow/example_dags/example_branch_operator_decorator.py
[2023-03-06T09:26:08.061+0000] {logging_mixin.py:137} INFO - [2023-03-06T09:26:08.060+0000] {dag.py:2690} INFO - Sync 1 DAGs
[2023-03-06T09:26:08.201+0000] {logging_mixin.py:137} INFO - [2023-03-06T09:26:08.201+0000] {dag.py:3441} INFO - Setting next_dagrun for example_branch_python_operator_decorator to 2023-03-05T00:00:00+00:00, run_after=2023-03-06T00:00:00+00:00
[2023-03-06T09:26:08.518+0000] {processor.py:175} INFO - Processing /home/airflow/.local/lib/python3.7/site-packages/airflow/example_dags/example_branch_operator_decorator.py took 0.715 seconds
[2023-03-06T09:26:38.594+0000] {processor.py:153} INFO - Started process (PID=150) to work on /home/airflow/.local/lib/python3.7/site-packages/airflow/example_dags/example_branch_operator_decorator.py
[2023-03-06T09:26:38.597+0000] {processor.py:743} INFO - Processing file /home/airflow/.local/lib/python3.7/site-packages/airflow/example_dags/example_branch_operator_decorator.py for tasks to queue
[2023-03-06T09:26:38.599+0000] {logging_mixin.py:137} INFO - [2023-03-06T09:26:38.598+0000] {dagbag.py:538} INFO - Filling up the DagBag from /home/airflow/.local/lib/python3.7/site-packages/airflow/example_dags/example_branch_operator_decorator.py
[2023-03-06T09:26:38.669+0000] {processor.py:753} INFO - DAG(s) dict_keys(['example_branch_python_operator_decorator']) retrieved from /home/airflow/.local/lib/python3.7/site-packages/airflow/example_dags/example_branch_operator_decorator.py
[2023-03-06T09:26:38.728+0000] {logging_mixin.py:137} INFO - [2023-03-06T09:26:38.728+0000] {dag.py:2690} INFO - Sync 1 DAGs
[2023-03-06T09:26:38.812+0000] {logging_mixin.py:137} INFO - [2023-03-06T09:26:38.812+0000] {dag.py:3441} INFO - Setting next_dagrun for example_branch_python_operator_decorator to 2023-03-05T00:00:00+00:00, run_after=2023-03-06T00:00:00+00:00
[2023-03-06T09:26:38.863+0000] {processor.py:175} INFO - Processing /home/airflow/.local/lib/python3.7/site-packages/airflow/example_dags/example_branch_operator_decorator.py took 0.279 seconds
[2023-03-06T09:27:09.510+0000] {processor.py:153} INFO - Started process (PID=212) to work on /home/airflow/.local/lib/python3.7/site-packages/airflow/example_dags/example_branch_operator_decorator.py
[2023-03-06T09:27:09.513+0000] {processor.py:743} INFO - Processing file /home/airflow/.local/lib/python3.7/site-packages/airflow/example_dags/example_branch_operator_decorator.py for tasks to queue
[2023-03-06T09:27:09.519+0000] {logging_mixin.py:137} INFO - [2023-03-06T09:27:09.519+0000] {dagbag.py:538} INFO - Filling up the DagBag from /home/airflow/.local/lib/python3.7/site-packages/airflow/example_dags/example_branch_operator_decorator.py
[2023-03-06T09:27:09.589+0000] {processor.py:753} INFO - DAG(s) dict_keys(['example_branch_python_operator_decorator']) retrieved from /home/airflow/.local/lib/python3.7/site-packages/airflow/example_dags/example_branch_operator_decorator.py
[2023-03-06T09:27:09.665+0000] {logging_mixin.py:137} INFO - [2023-03-06T09:27:09.665+0000] {dag.py:2690} INFO - Sync 1 DAGs
[2023-03-06T09:27:09.745+0000] {logging_mixin.py:137} INFO - [2023-03-06T09:27:09.744+0000] {dag.py:3441} INFO - Setting next_dagrun for example_branch_python_operator_decorator to 2023-03-05T00:00:00+00:00, run_after=2023-03-06T00:00:00+00:00
[2023-03-06T09:27:09.804+0000] {processor.py:175} INFO - Processing /home/airflow/.local/lib/python3.7/site-packages/airflow/example_dags/example_branch_operator_decorator.py took 0.307 seconds
[2023-03-06T09:27:40.358+0000] {processor.py:153} INFO - Started process (PID=275) to work on /home/airflow/.local/lib/python3.7/site-packages/airflow/example_dags/example_branch_operator_decorator.py
[2023-03-06T09:27:40.360+0000] {processor.py:743} INFO - Processing file /home/airflow/.local/lib/python3.7/site-packages/airflow/example_dags/example_branch_operator_decorator.py for tasks to queue
[2023-03-06T09:27:40.364+0000] {logging_mixin.py:137} INFO - [2023-03-06T09:27:40.364+0000] {dagbag.py:538} INFO - Filling up the DagBag from /home/airflow/.local/lib/python3.7/site-packages/airflow/example_dags/example_branch_operator_decorator.py
[2023-03-06T09:27:40.423+0000] {processor.py:753} INFO - DAG(s) dict_keys(['example_branch_python_operator_decorator']) retrieved from /home/airflow/.local/lib/python3.7/site-packages/airflow/example_dags/example_branch_operator_decorator.py
[2023-03-06T09:27:40.485+0000] {logging_mixin.py:137} INFO - [2023-03-06T09:27:40.485+0000] {dag.py:2690} INFO - Sync 1 DAGs
[2023-03-06T09:27:40.547+0000] {logging_mixin.py:137} INFO - [2023-03-06T09:27:40.547+0000] {dag.py:3441} INFO - Setting next_dagrun for example_branch_python_operator_decorator to 2023-03-05T00:00:00+00:00, run_after=2023-03-06T00:00:00+00:00
[2023-03-06T09:27:40.665+0000] {processor.py:175} INFO - Processing /home/airflow/.local/lib/python3.7/site-packages/airflow/example_dags/example_branch_operator_decorator.py took 0.316 seconds
[2023-03-06T09:28:11.228+0000] {processor.py:153} INFO - Started process (PID=338) to work on /home/airflow/.local/lib/python3.7/site-packages/airflow/example_dags/example_branch_operator_decorator.py
[2023-03-06T09:28:11.231+0000] {processor.py:743} INFO - Processing file /home/airflow/.local/lib/python3.7/site-packages/airflow/example_dags/example_branch_operator_decorator.py for tasks to queue
[2023-03-06T09:28:11.234+0000] {logging_mixin.py:137} INFO - [2023-03-06T09:28:11.233+0000] {dagbag.py:538} INFO - Filling up the DagBag from /home/airflow/.local/lib/python3.7/site-packages/airflow/example_dags/example_branch_operator_decorator.py
[2023-03-06T09:28:11.313+0000] {processor.py:753} INFO - DAG(s) dict_keys(['example_branch_python_operator_decorator']) retrieved from /home/airflow/.local/lib/python3.7/site-packages/airflow/example_dags/example_branch_operator_decorator.py
[2023-03-06T09:28:11.382+0000] {logging_mixin.py:137} INFO - [2023-03-06T09:28:11.382+0000] {dag.py:2690} INFO - Sync 1 DAGs
[2023-03-06T09:28:11.442+0000] {logging_mixin.py:137} INFO - [2023-03-06T09:28:11.442+0000] {dag.py:3441} INFO - Setting next_dagrun for example_branch_python_operator_decorator to 2023-03-05T00:00:00+00:00, run_after=2023-03-06T00:00:00+00:00
[2023-03-06T09:28:11.548+0000] {processor.py:175} INFO - Processing /home/airflow/.local/lib/python3.7/site-packages/airflow/example_dags/example_branch_operator_decorator.py took 0.328 seconds
[2023-03-06T09:28:41.991+0000] {processor.py:153} INFO - Started process (PID=400) to work on /home/airflow/.local/lib/python3.7/site-packages/airflow/example_dags/example_branch_operator_decorator.py
[2023-03-06T09:28:41.996+0000] {processor.py:743} INFO - Processing file /home/airflow/.local/lib/python3.7/site-packages/airflow/example_dags/example_branch_operator_decorator.py for tasks to queue
[2023-03-06T09:28:42.002+0000] {logging_mixin.py:137} INFO - [2023-03-06T09:28:42.001+0000] {dagbag.py:538} INFO - Filling up the DagBag from /home/airflow/.local/lib/python3.7/site-packages/airflow/example_dags/example_branch_operator_decorator.py
[2023-03-06T09:28:42.114+0000] {processor.py:753} INFO - DAG(s) dict_keys(['example_branch_python_operator_decorator']) retrieved from /home/airflow/.local/lib/python3.7/site-packages/airflow/example_dags/example_branch_operator_decorator.py
[2023-03-06T09:28:42.178+0000] {logging_mixin.py:137} INFO - [2023-03-06T09:28:42.178+0000] {dag.py:2690} INFO - Sync 1 DAGs
[2023-03-06T09:28:42.246+0000] {logging_mixin.py:137} INFO - [2023-03-06T09:28:42.246+0000] {dag.py:3441} INFO - Setting next_dagrun for example_branch_python_operator_decorator to 2023-03-05T00:00:00+00:00, run_after=2023-03-06T00:00:00+00:00
[2023-03-06T09:28:42.293+0000] {processor.py:175} INFO - Processing /home/airflow/.local/lib/python3.7/site-packages/airflow/example_dags/example_branch_operator_decorator.py took 0.320 seconds
[2023-03-06T09:29:13.603+0000] {processor.py:153} INFO - Started process (PID=463) to work on /home/airflow/.local/lib/python3.7/site-packages/airflow/example_dags/example_branch_operator_decorator.py
[2023-03-06T09:29:13.607+0000] {processor.py:743} INFO - Processing file /home/airflow/.local/lib/python3.7/site-packages/airflow/example_dags/example_branch_operator_decorator.py for tasks to queue
[2023-03-06T09:29:13.610+0000] {logging_mixin.py:137} INFO - [2023-03-06T09:29:13.609+0000] {dagbag.py:538} INFO - Filling up the DagBag from /home/airflow/.local/lib/python3.7/site-packages/airflow/example_dags/example_branch_operator_decorator.py
[2023-03-06T09:29:13.698+0000] {processor.py:753} INFO - DAG(s) dict_keys(['example_branch_python_operator_decorator']) retrieved from /home/airflow/.local/lib/python3.7/site-packages/airflow/example_dags/example_branch_operator_decorator.py
[2023-03-06T09:29:13.785+0000] {logging_mixin.py:137} INFO - [2023-03-06T09:29:13.785+0000] {dag.py:2690} INFO - Sync 1 DAGs
[2023-03-06T09:29:13.899+0000] {logging_mixin.py:137} INFO - [2023-03-06T09:29:13.899+0000] {dag.py:3441} INFO - Setting next_dagrun for example_branch_python_operator_decorator to 2023-03-05T00:00:00+00:00, run_after=2023-03-06T00:00:00+00:00
[2023-03-06T09:29:13.961+0000] {processor.py:175} INFO - Processing /home/airflow/.local/lib/python3.7/site-packages/airflow/example_dags/example_branch_operator_decorator.py took 0.370 seconds
[2023-03-06T09:29:44.813+0000] {processor.py:153} INFO - Started process (PID=526) to work on /home/airflow/.local/lib/python3.7/site-packages/airflow/example_dags/example_branch_operator_decorator.py
[2023-03-06T09:29:44.820+0000] {processor.py:743} INFO - Processing file /home/airflow/.local/lib/python3.7/site-packages/airflow/example_dags/example_branch_operator_decorator.py for tasks to queue
[2023-03-06T09:29:44.825+0000] {logging_mixin.py:137} INFO - [2023-03-06T09:29:44.824+0000] {dagbag.py:538} INFO - Filling up the DagBag from /home/airflow/.local/lib/python3.7/site-packages/airflow/example_dags/example_branch_operator_decorator.py
[2023-03-06T09:29:45.063+0000] {processor.py:753} INFO - DAG(s) dict_keys(['example_branch_python_operator_decorator']) retrieved from /home/airflow/.local/lib/python3.7/site-packages/airflow/example_dags/example_branch_operator_decorator.py
[2023-03-06T09:29:45.169+0000] {logging_mixin.py:137} INFO - [2023-03-06T09:29:45.169+0000] {dag.py:2690} INFO - Sync 1 DAGs
[2023-03-06T09:29:45.257+0000] {logging_mixin.py:137} INFO - [2023-03-06T09:29:45.257+0000] {dag.py:3441} INFO - Setting next_dagrun for example_branch_python_operator_decorator to 2023-03-05T00:00:00+00:00, run_after=2023-03-06T00:00:00+00:00
[2023-03-06T09:29:45.330+0000] {processor.py:175} INFO - Processing /home/airflow/.local/lib/python3.7/site-packages/airflow/example_dags/example_branch_operator_decorator.py took 0.541 seconds
[2023-03-06T09:30:15.597+0000] {processor.py:153} INFO - Started process (PID=590) to work on /home/airflow/.local/lib/python3.7/site-packages/airflow/example_dags/example_branch_operator_decorator.py
[2023-03-06T09:30:15.605+0000] {processor.py:743} INFO - Processing file /home/airflow/.local/lib/python3.7/site-packages/airflow/example_dags/example_branch_operator_decorator.py for tasks to queue
[2023-03-06T09:30:15.610+0000] {logging_mixin.py:137} INFO - [2023-03-06T09:30:15.609+0000] {dagbag.py:538} INFO - Filling up the DagBag from /home/airflow/.local/lib/python3.7/site-packages/airflow/example_dags/example_branch_operator_decorator.py
[2023-03-06T09:30:15.727+0000] {processor.py:753} INFO - DAG(s) dict_keys(['example_branch_python_operator_decorator']) retrieved from /home/airflow/.local/lib/python3.7/site-packages/airflow/example_dags/example_branch_operator_decorator.py
[2023-03-06T09:30:15.798+0000] {logging_mixin.py:137} INFO - [2023-03-06T09:30:15.797+0000] {dag.py:2690} INFO - Sync 1 DAGs
[2023-03-06T09:30:15.859+0000] {logging_mixin.py:137} INFO - [2023-03-06T09:30:15.858+0000] {dag.py:3441} INFO - Setting next_dagrun for example_branch_python_operator_decorator to 2023-03-05T00:00:00+00:00, run_after=2023-03-06T00:00:00+00:00
[2023-03-06T09:30:15.925+0000] {processor.py:175} INFO - Processing /home/airflow/.local/lib/python3.7/site-packages/airflow/example_dags/example_branch_operator_decorator.py took 0.341 seconds
[2023-03-06T09:30:46.194+0000] {processor.py:153} INFO - Started process (PID=653) to work on /home/airflow/.local/lib/python3.7/site-packages/airflow/example_dags/example_branch_operator_decorator.py
[2023-03-06T09:30:46.198+0000] {processor.py:743} INFO - Processing file /home/airflow/.local/lib/python3.7/site-packages/airflow/example_dags/example_branch_operator_decorator.py for tasks to queue
[2023-03-06T09:30:46.201+0000] {logging_mixin.py:137} INFO - [2023-03-06T09:30:46.201+0000] {dagbag.py:538} INFO - Filling up the DagBag from /home/airflow/.local/lib/python3.7/site-packages/airflow/example_dags/example_branch_operator_decorator.py
[2023-03-06T09:30:46.277+0000] {processor.py:753} INFO - DAG(s) dict_keys(['example_branch_python_operator_decorator']) retrieved from /home/airflow/.local/lib/python3.7/site-packages/airflow/example_dags/example_branch_operator_decorator.py
[2023-03-06T09:30:46.342+0000] {logging_mixin.py:137} INFO - [2023-03-06T09:30:46.342+0000] {dag.py:2690} INFO - Sync 1 DAGs
[2023-03-06T09:30:46.415+0000] {logging_mixin.py:137} INFO - [2023-03-06T09:30:46.415+0000] {dag.py:3441} INFO - Setting next_dagrun for example_branch_python_operator_decorator to 2023-03-05T00:00:00+00:00, run_after=2023-03-06T00:00:00+00:00
[2023-03-06T09:30:46.467+0000] {processor.py:175} INFO - Processing /home/airflow/.local/lib/python3.7/site-packages/airflow/example_dags/example_branch_operator_decorator.py took 0.284 seconds
[2023-03-06T09:31:16.969+0000] {processor.py:153} INFO - Started process (PID=717) to work on /home/airflow/.local/lib/python3.7/site-packages/airflow/example_dags/example_branch_operator_decorator.py
[2023-03-06T09:31:16.973+0000] {processor.py:743} INFO - Processing file /home/airflow/.local/lib/python3.7/site-packages/airflow/example_dags/example_branch_operator_decorator.py for tasks to queue
[2023-03-06T09:31:16.975+0000] {logging_mixin.py:137} INFO - [2023-03-06T09:31:16.975+0000] {dagbag.py:538} INFO - Filling up the DagBag from /home/airflow/.local/lib/python3.7/site-packages/airflow/example_dags/example_branch_operator_decorator.py
[2023-03-06T09:31:17.041+0000] {processor.py:753} INFO - DAG(s) dict_keys(['example_branch_python_operator_decorator']) retrieved from /home/airflow/.local/lib/python3.7/site-packages/airflow/example_dags/example_branch_operator_decorator.py
[2023-03-06T09:31:17.103+0000] {logging_mixin.py:137} INFO - [2023-03-06T09:31:17.103+0000] {dag.py:2690} INFO - Sync 1 DAGs
[2023-03-06T09:31:17.175+0000] {logging_mixin.py:137} INFO - [2023-03-06T09:31:17.174+0000] {dag.py:3441} INFO - Setting next_dagrun for example_branch_python_operator_decorator to 2023-03-05T00:00:00+00:00, run_after=2023-03-06T00:00:00+00:00
[2023-03-06T09:31:17.233+0000] {processor.py:175} INFO - Processing /home/airflow/.local/lib/python3.7/site-packages/airflow/example_dags/example_branch_operator_decorator.py took 0.275 seconds
[2023-03-06T09:31:48.778+0000] {processor.py:153} INFO - Started process (PID=789) to work on /home/airflow/.local/lib/python3.7/site-packages/airflow/example_dags/example_branch_operator_decorator.py
[2023-03-06T09:31:48.784+0000] {processor.py:743} INFO - Processing file /home/airflow/.local/lib/python3.7/site-packages/airflow/example_dags/example_branch_operator_decorator.py for tasks to queue
[2023-03-06T09:31:48.790+0000] {logging_mixin.py:137} INFO - [2023-03-06T09:31:48.790+0000] {dagbag.py:538} INFO - Filling up the DagBag from /home/airflow/.local/lib/python3.7/site-packages/airflow/example_dags/example_branch_operator_decorator.py
[2023-03-06T09:31:48.923+0000] {processor.py:753} INFO - DAG(s) dict_keys(['example_branch_python_operator_decorator']) retrieved from /home/airflow/.local/lib/python3.7/site-packages/airflow/example_dags/example_branch_operator_decorator.py
[2023-03-06T09:31:49.030+0000] {logging_mixin.py:137} INFO - [2023-03-06T09:31:49.030+0000] {dag.py:2690} INFO - Sync 1 DAGs
[2023-03-06T09:31:49.157+0000] {logging_mixin.py:137} INFO - [2023-03-06T09:31:49.157+0000] {dag.py:3441} INFO - Setting next_dagrun for example_branch_python_operator_decorator to 2023-03-05T00:00:00+00:00, run_after=2023-03-06T00:00:00+00:00
[2023-03-06T09:31:49.304+0000] {processor.py:175} INFO - Processing /home/airflow/.local/lib/python3.7/site-packages/airflow/example_dags/example_branch_operator_decorator.py took 0.541 seconds
[2023-03-06T09:32:19.925+0000] {processor.py:153} INFO - Started process (PID=856) to work on /home/airflow/.local/lib/python3.7/site-packages/airflow/example_dags/example_branch_operator_decorator.py
[2023-03-06T09:32:19.930+0000] {processor.py:743} INFO - Processing file /home/airflow/.local/lib/python3.7/site-packages/airflow/example_dags/example_branch_operator_decorator.py for tasks to queue
[2023-03-06T09:32:19.934+0000] {logging_mixin.py:137} INFO - [2023-03-06T09:32:19.934+0000] {dagbag.py:538} INFO - Filling up the DagBag from /home/airflow/.local/lib/python3.7/site-packages/airflow/example_dags/example_branch_operator_decorator.py
[2023-03-06T09:32:20.126+0000] {processor.py:753} INFO - DAG(s) dict_keys(['example_branch_python_operator_decorator']) retrieved from /home/airflow/.local/lib/python3.7/site-packages/airflow/example_dags/example_branch_operator_decorator.py
[2023-03-06T09:32:20.250+0000] {logging_mixin.py:137} INFO - [2023-03-06T09:32:20.249+0000] {dag.py:2690} INFO - Sync 1 DAGs
[2023-03-06T09:32:20.404+0000] {logging_mixin.py:137} INFO - [2023-03-06T09:32:20.403+0000] {dag.py:3441} INFO - Setting next_dagrun for example_branch_python_operator_decorator to 2023-03-05T00:00:00+00:00, run_after=2023-03-06T00:00:00+00:00
[2023-03-06T09:32:20.482+0000] {processor.py:175} INFO - Processing /home/airflow/.local/lib/python3.7/site-packages/airflow/example_dags/example_branch_operator_decorator.py took 0.579 seconds
[2023-03-06T09:32:51.069+0000] {processor.py:153} INFO - Started process (PID=916) to work on /home/airflow/.local/lib/python3.7/site-packages/airflow/example_dags/example_branch_operator_decorator.py
[2023-03-06T09:32:51.072+0000] {processor.py:743} INFO - Processing file /home/airflow/.local/lib/python3.7/site-packages/airflow/example_dags/example_branch_operator_decorator.py for tasks to queue
[2023-03-06T09:32:51.076+0000] {logging_mixin.py:137} INFO - [2023-03-06T09:32:51.075+0000] {dagbag.py:538} INFO - Filling up the DagBag from /home/airflow/.local/lib/python3.7/site-packages/airflow/example_dags/example_branch_operator_decorator.py
[2023-03-06T09:32:51.184+0000] {processor.py:753} INFO - DAG(s) dict_keys(['example_branch_python_operator_decorator']) retrieved from /home/airflow/.local/lib/python3.7/site-packages/airflow/example_dags/example_branch_operator_decorator.py
[2023-03-06T09:32:51.283+0000] {logging_mixin.py:137} INFO - [2023-03-06T09:32:51.283+0000] {dag.py:2690} INFO - Sync 1 DAGs
[2023-03-06T09:32:51.375+0000] {logging_mixin.py:137} INFO - [2023-03-06T09:32:51.375+0000] {dag.py:3441} INFO - Setting next_dagrun for example_branch_python_operator_decorator to 2023-03-05T00:00:00+00:00, run_after=2023-03-06T00:00:00+00:00
[2023-03-06T09:32:51.429+0000] {processor.py:175} INFO - Processing /home/airflow/.local/lib/python3.7/site-packages/airflow/example_dags/example_branch_operator_decorator.py took 0.374 seconds
[2023-03-06T09:33:21.725+0000] {processor.py:153} INFO - Started process (PID=970) to work on /home/airflow/.local/lib/python3.7/site-packages/airflow/example_dags/example_branch_operator_decorator.py
[2023-03-06T09:33:21.728+0000] {processor.py:743} INFO - Processing file /home/airflow/.local/lib/python3.7/site-packages/airflow/example_dags/example_branch_operator_decorator.py for tasks to queue
[2023-03-06T09:33:21.734+0000] {logging_mixin.py:137} INFO - [2023-03-06T09:33:21.733+0000] {dagbag.py:538} INFO - Filling up the DagBag from /home/airflow/.local/lib/python3.7/site-packages/airflow/example_dags/example_branch_operator_decorator.py
[2023-03-06T09:33:21.832+0000] {processor.py:753} INFO - DAG(s) dict_keys(['example_branch_python_operator_decorator']) retrieved from /home/airflow/.local/lib/python3.7/site-packages/airflow/example_dags/example_branch_operator_decorator.py
[2023-03-06T09:33:21.909+0000] {logging_mixin.py:137} INFO - [2023-03-06T09:33:21.909+0000] {dag.py:2690} INFO - Sync 1 DAGs
[2023-03-06T09:33:22.002+0000] {logging_mixin.py:137} INFO - [2023-03-06T09:33:22.001+0000] {dag.py:3441} INFO - Setting next_dagrun for example_branch_python_operator_decorator to 2023-03-05T00:00:00+00:00, run_after=2023-03-06T00:00:00+00:00
[2023-03-06T09:33:22.073+0000] {processor.py:175} INFO - Processing /home/airflow/.local/lib/python3.7/site-packages/airflow/example_dags/example_branch_operator_decorator.py took 0.363 seconds
[2023-03-06T09:33:52.997+0000] {processor.py:153} INFO - Started process (PID=1032) to work on /home/airflow/.local/lib/python3.7/site-packages/airflow/example_dags/example_branch_operator_decorator.py
[2023-03-06T09:33:53.000+0000] {processor.py:743} INFO - Processing file /home/airflow/.local/lib/python3.7/site-packages/airflow/example_dags/example_branch_operator_decorator.py for tasks to queue
[2023-03-06T09:33:53.003+0000] {logging_mixin.py:137} INFO - [2023-03-06T09:33:53.003+0000] {dagbag.py:538} INFO - Filling up the DagBag from /home/airflow/.local/lib/python3.7/site-packages/airflow/example_dags/example_branch_operator_decorator.py
[2023-03-06T09:33:53.077+0000] {processor.py:753} INFO - DAG(s) dict_keys(['example_branch_python_operator_decorator']) retrieved from /home/airflow/.local/lib/python3.7/site-packages/airflow/example_dags/example_branch_operator_decorator.py
[2023-03-06T09:33:53.159+0000] {logging_mixin.py:137} INFO - [2023-03-06T09:33:53.159+0000] {dag.py:2690} INFO - Sync 1 DAGs
[2023-03-06T09:33:53.246+0000] {logging_mixin.py:137} INFO - [2023-03-06T09:33:53.246+0000] {dag.py:3441} INFO - Setting next_dagrun for example_branch_python_operator_decorator to 2023-03-05T00:00:00+00:00, run_after=2023-03-06T00:00:00+00:00
[2023-03-06T09:33:53.301+0000] {processor.py:175} INFO - Processing /home/airflow/.local/lib/python3.7/site-packages/airflow/example_dags/example_branch_operator_decorator.py took 0.316 seconds
[2023-03-06T09:34:23.746+0000] {processor.py:153} INFO - Started process (PID=1095) to work on /home/airflow/.local/lib/python3.7/site-packages/airflow/example_dags/example_branch_operator_decorator.py
[2023-03-06T09:34:23.751+0000] {processor.py:743} INFO - Processing file /home/airflow/.local/lib/python3.7/site-packages/airflow/example_dags/example_branch_operator_decorator.py for tasks to queue
[2023-03-06T09:34:23.755+0000] {logging_mixin.py:137} INFO - [2023-03-06T09:34:23.755+0000] {dagbag.py:538} INFO - Filling up the DagBag from /home/airflow/.local/lib/python3.7/site-packages/airflow/example_dags/example_branch_operator_decorator.py
[2023-03-06T09:34:23.867+0000] {processor.py:753} INFO - DAG(s) dict_keys(['example_branch_python_operator_decorator']) retrieved from /home/airflow/.local/lib/python3.7/site-packages/airflow/example_dags/example_branch_operator_decorator.py
[2023-03-06T09:34:23.941+0000] {logging_mixin.py:137} INFO - [2023-03-06T09:34:23.941+0000] {dag.py:2690} INFO - Sync 1 DAGs
[2023-03-06T09:34:24.031+0000] {logging_mixin.py:137} INFO - [2023-03-06T09:34:24.031+0000] {dag.py:3441} INFO - Setting next_dagrun for example_branch_python_operator_decorator to 2023-03-05T00:00:00+00:00, run_after=2023-03-06T00:00:00+00:00
[2023-03-06T09:34:24.085+0000] {processor.py:175} INFO - Processing /home/airflow/.local/lib/python3.7/site-packages/airflow/example_dags/example_branch_operator_decorator.py took 0.352 seconds
[2023-03-06T09:34:54.537+0000] {processor.py:153} INFO - Started process (PID=1158) to work on /home/airflow/.local/lib/python3.7/site-packages/airflow/example_dags/example_branch_operator_decorator.py
[2023-03-06T09:34:54.542+0000] {processor.py:743} INFO - Processing file /home/airflow/.local/lib/python3.7/site-packages/airflow/example_dags/example_branch_operator_decorator.py for tasks to queue
[2023-03-06T09:34:54.547+0000] {logging_mixin.py:137} INFO - [2023-03-06T09:34:54.546+0000] {dagbag.py:538} INFO - Filling up the DagBag from /home/airflow/.local/lib/python3.7/site-packages/airflow/example_dags/example_branch_operator_decorator.py
[2023-03-06T09:34:54.644+0000] {processor.py:753} INFO - DAG(s) dict_keys(['example_branch_python_operator_decorator']) retrieved from /home/airflow/.local/lib/python3.7/site-packages/airflow/example_dags/example_branch_operator_decorator.py
[2023-03-06T09:34:54.775+0000] {logging_mixin.py:137} INFO - [2023-03-06T09:34:54.774+0000] {dag.py:2690} INFO - Sync 1 DAGs
[2023-03-06T09:34:54.880+0000] {logging_mixin.py:137} INFO - [2023-03-06T09:34:54.879+0000] {dag.py:3441} INFO - Setting next_dagrun for example_branch_python_operator_decorator to 2023-03-05T00:00:00+00:00, run_after=2023-03-06T00:00:00+00:00
[2023-03-06T09:34:54.943+0000] {processor.py:175} INFO - Processing /home/airflow/.local/lib/python3.7/site-packages/airflow/example_dags/example_branch_operator_decorator.py took 0.415 seconds
[2023-03-06T09:35:25.159+0000] {processor.py:153} INFO - Started process (PID=1221) to work on /home/airflow/.local/lib/python3.7/site-packages/airflow/example_dags/example_branch_operator_decorator.py
[2023-03-06T09:35:25.167+0000] {processor.py:743} INFO - Processing file /home/airflow/.local/lib/python3.7/site-packages/airflow/example_dags/example_branch_operator_decorator.py for tasks to queue
[2023-03-06T09:35:25.172+0000] {logging_mixin.py:137} INFO - [2023-03-06T09:35:25.171+0000] {dagbag.py:538} INFO - Filling up the DagBag from /home/airflow/.local/lib/python3.7/site-packages/airflow/example_dags/example_branch_operator_decorator.py
[2023-03-06T09:35:25.256+0000] {processor.py:753} INFO - DAG(s) dict_keys(['example_branch_python_operator_decorator']) retrieved from /home/airflow/.local/lib/python3.7/site-packages/airflow/example_dags/example_branch_operator_decorator.py
[2023-03-06T09:35:25.348+0000] {logging_mixin.py:137} INFO - [2023-03-06T09:35:25.348+0000] {dag.py:2690} INFO - Sync 1 DAGs
[2023-03-06T09:35:25.456+0000] {logging_mixin.py:137} INFO - [2023-03-06T09:35:25.456+0000] {dag.py:3441} INFO - Setting next_dagrun for example_branch_python_operator_decorator to 2023-03-05T00:00:00+00:00, run_after=2023-03-06T00:00:00+00:00
[2023-03-06T09:35:25.522+0000] {processor.py:175} INFO - Processing /home/airflow/.local/lib/python3.7/site-packages/airflow/example_dags/example_branch_operator_decorator.py took 0.378 seconds
[2023-03-06T09:35:56.463+0000] {processor.py:153} INFO - Started process (PID=1284) to work on /home/airflow/.local/lib/python3.7/site-packages/airflow/example_dags/example_branch_operator_decorator.py
[2023-03-06T09:35:56.465+0000] {processor.py:743} INFO - Processing file /home/airflow/.local/lib/python3.7/site-packages/airflow/example_dags/example_branch_operator_decorator.py for tasks to queue
[2023-03-06T09:35:56.469+0000] {logging_mixin.py:137} INFO - [2023-03-06T09:35:56.467+0000] {dagbag.py:538} INFO - Filling up the DagBag from /home/airflow/.local/lib/python3.7/site-packages/airflow/example_dags/example_branch_operator_decorator.py
[2023-03-06T09:35:56.542+0000] {processor.py:753} INFO - DAG(s) dict_keys(['example_branch_python_operator_decorator']) retrieved from /home/airflow/.local/lib/python3.7/site-packages/airflow/example_dags/example_branch_operator_decorator.py
[2023-03-06T09:35:56.621+0000] {logging_mixin.py:137} INFO - [2023-03-06T09:35:56.621+0000] {dag.py:2690} INFO - Sync 1 DAGs
[2023-03-06T09:35:56.724+0000] {logging_mixin.py:137} INFO - [2023-03-06T09:35:56.724+0000] {dag.py:3441} INFO - Setting next_dagrun for example_branch_python_operator_decorator to 2023-03-05T00:00:00+00:00, run_after=2023-03-06T00:00:00+00:00
[2023-03-06T09:35:56.782+0000] {processor.py:175} INFO - Processing /home/airflow/.local/lib/python3.7/site-packages/airflow/example_dags/example_branch_operator_decorator.py took 0.329 seconds
[2023-03-06T09:36:27.430+0000] {processor.py:153} INFO - Started process (PID=1348) to work on /home/airflow/.local/lib/python3.7/site-packages/airflow/example_dags/example_branch_operator_decorator.py
[2023-03-06T09:36:27.433+0000] {processor.py:743} INFO - Processing file /home/airflow/.local/lib/python3.7/site-packages/airflow/example_dags/example_branch_operator_decorator.py for tasks to queue
[2023-03-06T09:36:27.436+0000] {logging_mixin.py:137} INFO - [2023-03-06T09:36:27.435+0000] {dagbag.py:538} INFO - Filling up the DagBag from /home/airflow/.local/lib/python3.7/site-packages/airflow/example_dags/example_branch_operator_decorator.py
[2023-03-06T09:36:27.532+0000] {processor.py:753} INFO - DAG(s) dict_keys(['example_branch_python_operator_decorator']) retrieved from /home/airflow/.local/lib/python3.7/site-packages/airflow/example_dags/example_branch_operator_decorator.py
[2023-03-06T09:36:27.610+0000] {logging_mixin.py:137} INFO - [2023-03-06T09:36:27.610+0000] {dag.py:2690} INFO - Sync 1 DAGs
[2023-03-06T09:36:27.712+0000] {logging_mixin.py:137} INFO - [2023-03-06T09:36:27.712+0000] {dag.py:3441} INFO - Setting next_dagrun for example_branch_python_operator_decorator to 2023-03-05T00:00:00+00:00, run_after=2023-03-06T00:00:00+00:00
[2023-03-06T09:36:27.770+0000] {processor.py:175} INFO - Processing /home/airflow/.local/lib/python3.7/site-packages/airflow/example_dags/example_branch_operator_decorator.py took 0.352 seconds
[2023-03-06T09:36:58.094+0000] {processor.py:153} INFO - Started process (PID=1412) to work on /home/airflow/.local/lib/python3.7/site-packages/airflow/example_dags/example_branch_operator_decorator.py
[2023-03-06T09:36:58.097+0000] {processor.py:743} INFO - Processing file /home/airflow/.local/lib/python3.7/site-packages/airflow/example_dags/example_branch_operator_decorator.py for tasks to queue
[2023-03-06T09:36:58.102+0000] {logging_mixin.py:137} INFO - [2023-03-06T09:36:58.102+0000] {dagbag.py:538} INFO - Filling up the DagBag from /home/airflow/.local/lib/python3.7/site-packages/airflow/example_dags/example_branch_operator_decorator.py
[2023-03-06T09:36:58.164+0000] {processor.py:753} INFO - DAG(s) dict_keys(['example_branch_python_operator_decorator']) retrieved from /home/airflow/.local/lib/python3.7/site-packages/airflow/example_dags/example_branch_operator_decorator.py
[2023-03-06T09:36:58.252+0000] {logging_mixin.py:137} INFO - [2023-03-06T09:36:58.251+0000] {dag.py:2690} INFO - Sync 1 DAGs
[2023-03-06T09:36:58.334+0000] {logging_mixin.py:137} INFO - [2023-03-06T09:36:58.334+0000] {dag.py:3441} INFO - Setting next_dagrun for example_branch_python_operator_decorator to 2023-03-05T00:00:00+00:00, run_after=2023-03-06T00:00:00+00:00
[2023-03-06T09:36:58.391+0000] {processor.py:175} INFO - Processing /home/airflow/.local/lib/python3.7/site-packages/airflow/example_dags/example_branch_operator_decorator.py took 0.308 seconds
[2023-03-06T09:37:28.919+0000] {processor.py:153} INFO - Started process (PID=1475) to work on /home/airflow/.local/lib/python3.7/site-packages/airflow/example_dags/example_branch_operator_decorator.py
[2023-03-06T09:37:28.924+0000] {processor.py:743} INFO - Processing file /home/airflow/.local/lib/python3.7/site-packages/airflow/example_dags/example_branch_operator_decorator.py for tasks to queue
[2023-03-06T09:37:28.929+0000] {logging_mixin.py:137} INFO - [2023-03-06T09:37:28.929+0000] {dagbag.py:538} INFO - Filling up the DagBag from /home/airflow/.local/lib/python3.7/site-packages/airflow/example_dags/example_branch_operator_decorator.py
[2023-03-06T09:37:29.047+0000] {processor.py:753} INFO - DAG(s) dict_keys(['example_branch_python_operator_decorator']) retrieved from /home/airflow/.local/lib/python3.7/site-packages/airflow/example_dags/example_branch_operator_decorator.py
[2023-03-06T09:37:29.130+0000] {logging_mixin.py:137} INFO - [2023-03-06T09:37:29.129+0000] {dag.py:2690} INFO - Sync 1 DAGs
[2023-03-06T09:37:29.205+0000] {logging_mixin.py:137} INFO - [2023-03-06T09:37:29.204+0000] {dag.py:3441} INFO - Setting next_dagrun for example_branch_python_operator_decorator to 2023-03-05T00:00:00+00:00, run_after=2023-03-06T00:00:00+00:00
[2023-03-06T09:37:29.261+0000] {processor.py:175} INFO - Processing /home/airflow/.local/lib/python3.7/site-packages/airflow/example_dags/example_branch_operator_decorator.py took 0.359 seconds
[2023-03-06T09:37:59.630+0000] {processor.py:153} INFO - Started process (PID=1538) to work on /home/airflow/.local/lib/python3.7/site-packages/airflow/example_dags/example_branch_operator_decorator.py
[2023-03-06T09:37:59.633+0000] {processor.py:743} INFO - Processing file /home/airflow/.local/lib/python3.7/site-packages/airflow/example_dags/example_branch_operator_decorator.py for tasks to queue
[2023-03-06T09:37:59.638+0000] {logging_mixin.py:137} INFO - [2023-03-06T09:37:59.637+0000] {dagbag.py:538} INFO - Filling up the DagBag from /home/airflow/.local/lib/python3.7/site-packages/airflow/example_dags/example_branch_operator_decorator.py
[2023-03-06T09:37:59.716+0000] {processor.py:753} INFO - DAG(s) dict_keys(['example_branch_python_operator_decorator']) retrieved from /home/airflow/.local/lib/python3.7/site-packages/airflow/example_dags/example_branch_operator_decorator.py
[2023-03-06T09:37:59.789+0000] {logging_mixin.py:137} INFO - [2023-03-06T09:37:59.789+0000] {dag.py:2690} INFO - Sync 1 DAGs
[2023-03-06T09:37:59.856+0000] {logging_mixin.py:137} INFO - [2023-03-06T09:37:59.856+0000] {dag.py:3441} INFO - Setting next_dagrun for example_branch_python_operator_decorator to 2023-03-05T00:00:00+00:00, run_after=2023-03-06T00:00:00+00:00
[2023-03-06T09:37:59.917+0000] {processor.py:175} INFO - Processing /home/airflow/.local/lib/python3.7/site-packages/airflow/example_dags/example_branch_operator_decorator.py took 0.297 seconds
[2023-03-06T09:38:30.018+0000] {processor.py:153} INFO - Started process (PID=1601) to work on /home/airflow/.local/lib/python3.7/site-packages/airflow/example_dags/example_branch_operator_decorator.py
[2023-03-06T09:38:30.021+0000] {processor.py:743} INFO - Processing file /home/airflow/.local/lib/python3.7/site-packages/airflow/example_dags/example_branch_operator_decorator.py for tasks to queue
[2023-03-06T09:38:30.025+0000] {logging_mixin.py:137} INFO - [2023-03-06T09:38:30.024+0000] {dagbag.py:538} INFO - Filling up the DagBag from /home/airflow/.local/lib/python3.7/site-packages/airflow/example_dags/example_branch_operator_decorator.py
[2023-03-06T09:38:30.097+0000] {processor.py:753} INFO - DAG(s) dict_keys(['example_branch_python_operator_decorator']) retrieved from /home/airflow/.local/lib/python3.7/site-packages/airflow/example_dags/example_branch_operator_decorator.py
[2023-03-06T09:38:30.164+0000] {logging_mixin.py:137} INFO - [2023-03-06T09:38:30.163+0000] {dag.py:2690} INFO - Sync 1 DAGs
[2023-03-06T09:38:30.239+0000] {logging_mixin.py:137} INFO - [2023-03-06T09:38:30.238+0000] {dag.py:3441} INFO - Setting next_dagrun for example_branch_python_operator_decorator to 2023-03-05T00:00:00+00:00, run_after=2023-03-06T00:00:00+00:00
[2023-03-06T09:38:30.305+0000] {processor.py:175} INFO - Processing /home/airflow/.local/lib/python3.7/site-packages/airflow/example_dags/example_branch_operator_decorator.py took 0.296 seconds
[2023-03-06T09:39:01.080+0000] {processor.py:153} INFO - Started process (PID=1663) to work on /home/airflow/.local/lib/python3.7/site-packages/airflow/example_dags/example_branch_operator_decorator.py
[2023-03-06T09:39:01.082+0000] {processor.py:743} INFO - Processing file /home/airflow/.local/lib/python3.7/site-packages/airflow/example_dags/example_branch_operator_decorator.py for tasks to queue
[2023-03-06T09:39:01.085+0000] {logging_mixin.py:137} INFO - [2023-03-06T09:39:01.085+0000] {dagbag.py:538} INFO - Filling up the DagBag from /home/airflow/.local/lib/python3.7/site-packages/airflow/example_dags/example_branch_operator_decorator.py
[2023-03-06T09:39:01.157+0000] {processor.py:753} INFO - DAG(s) dict_keys(['example_branch_python_operator_decorator']) retrieved from /home/airflow/.local/lib/python3.7/site-packages/airflow/example_dags/example_branch_operator_decorator.py
[2023-03-06T09:39:01.233+0000] {logging_mixin.py:137} INFO - [2023-03-06T09:39:01.233+0000] {dag.py:2690} INFO - Sync 1 DAGs
[2023-03-06T09:39:01.319+0000] {logging_mixin.py:137} INFO - [2023-03-06T09:39:01.318+0000] {dag.py:3441} INFO - Setting next_dagrun for example_branch_python_operator_decorator to 2023-03-05T00:00:00+00:00, run_after=2023-03-06T00:00:00+00:00
[2023-03-06T09:39:01.380+0000] {processor.py:175} INFO - Processing /home/airflow/.local/lib/python3.7/site-packages/airflow/example_dags/example_branch_operator_decorator.py took 0.310 seconds
[2023-03-06T09:39:31.662+0000] {processor.py:153} INFO - Started process (PID=1726) to work on /home/airflow/.local/lib/python3.7/site-packages/airflow/example_dags/example_branch_operator_decorator.py
[2023-03-06T09:39:31.666+0000] {processor.py:743} INFO - Processing file /home/airflow/.local/lib/python3.7/site-packages/airflow/example_dags/example_branch_operator_decorator.py for tasks to queue
[2023-03-06T09:39:31.669+0000] {logging_mixin.py:137} INFO - [2023-03-06T09:39:31.668+0000] {dagbag.py:538} INFO - Filling up the DagBag from /home/airflow/.local/lib/python3.7/site-packages/airflow/example_dags/example_branch_operator_decorator.py
[2023-03-06T09:39:31.778+0000] {processor.py:753} INFO - DAG(s) dict_keys(['example_branch_python_operator_decorator']) retrieved from /home/airflow/.local/lib/python3.7/site-packages/airflow/example_dags/example_branch_operator_decorator.py
[2023-03-06T09:39:31.870+0000] {logging_mixin.py:137} INFO - [2023-03-06T09:39:31.869+0000] {dag.py:2690} INFO - Sync 1 DAGs
[2023-03-06T09:39:31.972+0000] {logging_mixin.py:137} INFO - [2023-03-06T09:39:31.971+0000] {dag.py:3441} INFO - Setting next_dagrun for example_branch_python_operator_decorator to 2023-03-05T00:00:00+00:00, run_after=2023-03-06T00:00:00+00:00
[2023-03-06T09:39:32.022+0000] {processor.py:175} INFO - Processing /home/airflow/.local/lib/python3.7/site-packages/airflow/example_dags/example_branch_operator_decorator.py took 0.374 seconds
[2023-03-06T09:40:02.624+0000] {processor.py:153} INFO - Started process (PID=1790) to work on /home/airflow/.local/lib/python3.7/site-packages/airflow/example_dags/example_branch_operator_decorator.py
[2023-03-06T09:40:02.627+0000] {processor.py:743} INFO - Processing file /home/airflow/.local/lib/python3.7/site-packages/airflow/example_dags/example_branch_operator_decorator.py for tasks to queue
[2023-03-06T09:40:02.629+0000] {logging_mixin.py:137} INFO - [2023-03-06T09:40:02.629+0000] {dagbag.py:538} INFO - Filling up the DagBag from /home/airflow/.local/lib/python3.7/site-packages/airflow/example_dags/example_branch_operator_decorator.py
[2023-03-06T09:40:02.712+0000] {processor.py:753} INFO - DAG(s) dict_keys(['example_branch_python_operator_decorator']) retrieved from /home/airflow/.local/lib/python3.7/site-packages/airflow/example_dags/example_branch_operator_decorator.py
[2023-03-06T09:40:02.803+0000] {logging_mixin.py:137} INFO - [2023-03-06T09:40:02.803+0000] {dag.py:2690} INFO - Sync 1 DAGs
[2023-03-06T09:40:02.888+0000] {logging_mixin.py:137} INFO - [2023-03-06T09:40:02.888+0000] {dag.py:3441} INFO - Setting next_dagrun for example_branch_python_operator_decorator to 2023-03-05T00:00:00+00:00, run_after=2023-03-06T00:00:00+00:00
[2023-03-06T09:40:02.944+0000] {processor.py:175} INFO - Processing /home/airflow/.local/lib/python3.7/site-packages/airflow/example_dags/example_branch_operator_decorator.py took 0.331 seconds
[2023-03-06T09:40:33.470+0000] {processor.py:153} INFO - Started process (PID=1853) to work on /home/airflow/.local/lib/python3.7/site-packages/airflow/example_dags/example_branch_operator_decorator.py
[2023-03-06T09:40:33.473+0000] {processor.py:743} INFO - Processing file /home/airflow/.local/lib/python3.7/site-packages/airflow/example_dags/example_branch_operator_decorator.py for tasks to queue
[2023-03-06T09:40:33.476+0000] {logging_mixin.py:137} INFO - [2023-03-06T09:40:33.476+0000] {dagbag.py:538} INFO - Filling up the DagBag from /home/airflow/.local/lib/python3.7/site-packages/airflow/example_dags/example_branch_operator_decorator.py
[2023-03-06T09:40:33.561+0000] {processor.py:753} INFO - DAG(s) dict_keys(['example_branch_python_operator_decorator']) retrieved from /home/airflow/.local/lib/python3.7/site-packages/airflow/example_dags/example_branch_operator_decorator.py
[2023-03-06T09:40:33.658+0000] {logging_mixin.py:137} INFO - [2023-03-06T09:40:33.658+0000] {dag.py:2690} INFO - Sync 1 DAGs
[2023-03-06T09:40:33.763+0000] {logging_mixin.py:137} INFO - [2023-03-06T09:40:33.762+0000] {dag.py:3441} INFO - Setting next_dagrun for example_branch_python_operator_decorator to 2023-03-05T00:00:00+00:00, run_after=2023-03-06T00:00:00+00:00
[2023-03-06T09:40:33.829+0000] {processor.py:175} INFO - Processing /home/airflow/.local/lib/python3.7/site-packages/airflow/example_dags/example_branch_operator_decorator.py took 0.370 seconds
[2023-03-06T09:41:04.072+0000] {processor.py:153} INFO - Started process (PID=1917) to work on /home/airflow/.local/lib/python3.7/site-packages/airflow/example_dags/example_branch_operator_decorator.py
[2023-03-06T09:41:04.077+0000] {processor.py:743} INFO - Processing file /home/airflow/.local/lib/python3.7/site-packages/airflow/example_dags/example_branch_operator_decorator.py for tasks to queue
[2023-03-06T09:41:04.083+0000] {logging_mixin.py:137} INFO - [2023-03-06T09:41:04.081+0000] {dagbag.py:538} INFO - Filling up the DagBag from /home/airflow/.local/lib/python3.7/site-packages/airflow/example_dags/example_branch_operator_decorator.py
[2023-03-06T09:41:04.194+0000] {processor.py:753} INFO - DAG(s) dict_keys(['example_branch_python_operator_decorator']) retrieved from /home/airflow/.local/lib/python3.7/site-packages/airflow/example_dags/example_branch_operator_decorator.py
[2023-03-06T09:41:04.308+0000] {logging_mixin.py:137} INFO - [2023-03-06T09:41:04.307+0000] {dag.py:2690} INFO - Sync 1 DAGs
[2023-03-06T09:41:04.395+0000] {logging_mixin.py:137} INFO - [2023-03-06T09:41:04.394+0000] {dag.py:3441} INFO - Setting next_dagrun for example_branch_python_operator_decorator to 2023-03-05T00:00:00+00:00, run_after=2023-03-06T00:00:00+00:00
[2023-03-06T09:41:04.460+0000] {processor.py:175} INFO - Processing /home/airflow/.local/lib/python3.7/site-packages/airflow/example_dags/example_branch_operator_decorator.py took 0.400 seconds
