[2023-03-06T09:25:57.985+0000] {processor.py:153} INFO - Started process (PID=53) to work on /home/airflow/.local/lib/python3.7/site-packages/airflow/example_dags/example_task_group_decorator.py
[2023-03-06T09:25:57.989+0000] {processor.py:743} INFO - Processing file /home/airflow/.local/lib/python3.7/site-packages/airflow/example_dags/example_task_group_decorator.py for tasks to queue
[2023-03-06T09:25:57.993+0000] {logging_mixin.py:137} INFO - [2023-03-06T09:25:57.993+0000] {dagbag.py:538} INFO - Filling up the DagBag from /home/airflow/.local/lib/python3.7/site-packages/airflow/example_dags/example_task_group_decorator.py
[2023-03-06T09:25:58.093+0000] {processor.py:753} INFO - DAG(s) dict_keys(['example_task_group_decorator']) retrieved from /home/airflow/.local/lib/python3.7/site-packages/airflow/example_dags/example_task_group_decorator.py
[2023-03-06T09:25:58.170+0000] {logging_mixin.py:137} INFO - [2023-03-06T09:25:58.170+0000] {dag.py:2690} INFO - Sync 1 DAGs
[2023-03-06T09:25:58.229+0000] {logging_mixin.py:137} INFO - [2023-03-06T09:25:58.229+0000] {dag.py:3441} INFO - Setting next_dagrun for example_task_group_decorator to 2023-03-05T09:25:58.228557+00:00, run_after=2023-03-06T09:25:58.228557+00:00
[2023-03-06T09:25:58.304+0000] {processor.py:175} INFO - Processing /home/airflow/.local/lib/python3.7/site-packages/airflow/example_dags/example_task_group_decorator.py took 0.336 seconds
[2023-03-06T09:26:28.561+0000] {processor.py:153} INFO - Started process (PID=116) to work on /home/airflow/.local/lib/python3.7/site-packages/airflow/example_dags/example_task_group_decorator.py
[2023-03-06T09:26:28.567+0000] {processor.py:743} INFO - Processing file /home/airflow/.local/lib/python3.7/site-packages/airflow/example_dags/example_task_group_decorator.py for tasks to queue
[2023-03-06T09:26:28.573+0000] {logging_mixin.py:137} INFO - [2023-03-06T09:26:28.572+0000] {dagbag.py:538} INFO - Filling up the DagBag from /home/airflow/.local/lib/python3.7/site-packages/airflow/example_dags/example_task_group_decorator.py
[2023-03-06T09:26:28.742+0000] {processor.py:753} INFO - DAG(s) dict_keys(['example_task_group_decorator']) retrieved from /home/airflow/.local/lib/python3.7/site-packages/airflow/example_dags/example_task_group_decorator.py
[2023-03-06T09:26:28.831+0000] {logging_mixin.py:137} INFO - [2023-03-06T09:26:28.831+0000] {dag.py:2690} INFO - Sync 1 DAGs
[2023-03-06T09:26:28.920+0000] {logging_mixin.py:137} INFO - [2023-03-06T09:26:28.920+0000] {dag.py:3441} INFO - Setting next_dagrun for example_task_group_decorator to 2023-03-05T09:26:28.919566+00:00, run_after=2023-03-06T09:26:28.919566+00:00
[2023-03-06T09:26:29.044+0000] {processor.py:175} INFO - Processing /home/airflow/.local/lib/python3.7/site-packages/airflow/example_dags/example_task_group_decorator.py took 0.501 seconds
[2023-03-06T09:26:59.190+0000] {processor.py:153} INFO - Started process (PID=178) to work on /home/airflow/.local/lib/python3.7/site-packages/airflow/example_dags/example_task_group_decorator.py
[2023-03-06T09:26:59.195+0000] {processor.py:743} INFO - Processing file /home/airflow/.local/lib/python3.7/site-packages/airflow/example_dags/example_task_group_decorator.py for tasks to queue
[2023-03-06T09:26:59.200+0000] {logging_mixin.py:137} INFO - [2023-03-06T09:26:59.200+0000] {dagbag.py:538} INFO - Filling up the DagBag from /home/airflow/.local/lib/python3.7/site-packages/airflow/example_dags/example_task_group_decorator.py
[2023-03-06T09:26:59.266+0000] {processor.py:753} INFO - DAG(s) dict_keys(['example_task_group_decorator']) retrieved from /home/airflow/.local/lib/python3.7/site-packages/airflow/example_dags/example_task_group_decorator.py
[2023-03-06T09:26:59.342+0000] {logging_mixin.py:137} INFO - [2023-03-06T09:26:59.342+0000] {dag.py:2690} INFO - Sync 1 DAGs
[2023-03-06T09:26:59.417+0000] {logging_mixin.py:137} INFO - [2023-03-06T09:26:59.416+0000] {dag.py:3441} INFO - Setting next_dagrun for example_task_group_decorator to 2023-03-05T09:26:59.415893+00:00, run_after=2023-03-06T09:26:59.415893+00:00
[2023-03-06T09:26:59.465+0000] {processor.py:175} INFO - Processing /home/airflow/.local/lib/python3.7/site-packages/airflow/example_dags/example_task_group_decorator.py took 0.293 seconds
[2023-03-06T09:27:30.595+0000] {processor.py:153} INFO - Started process (PID=241) to work on /home/airflow/.local/lib/python3.7/site-packages/airflow/example_dags/example_task_group_decorator.py
[2023-03-06T09:27:30.603+0000] {processor.py:743} INFO - Processing file /home/airflow/.local/lib/python3.7/site-packages/airflow/example_dags/example_task_group_decorator.py for tasks to queue
[2023-03-06T09:27:30.610+0000] {logging_mixin.py:137} INFO - [2023-03-06T09:27:30.609+0000] {dagbag.py:538} INFO - Filling up the DagBag from /home/airflow/.local/lib/python3.7/site-packages/airflow/example_dags/example_task_group_decorator.py
[2023-03-06T09:27:30.735+0000] {processor.py:753} INFO - DAG(s) dict_keys(['example_task_group_decorator']) retrieved from /home/airflow/.local/lib/python3.7/site-packages/airflow/example_dags/example_task_group_decorator.py
[2023-03-06T09:27:30.811+0000] {logging_mixin.py:137} INFO - [2023-03-06T09:27:30.811+0000] {dag.py:2690} INFO - Sync 1 DAGs
[2023-03-06T09:27:30.876+0000] {logging_mixin.py:137} INFO - [2023-03-06T09:27:30.876+0000] {dag.py:3441} INFO - Setting next_dagrun for example_task_group_decorator to 2023-03-05T09:27:30.875600+00:00, run_after=2023-03-06T09:27:30.875600+00:00
[2023-03-06T09:27:31.004+0000] {processor.py:175} INFO - Processing /home/airflow/.local/lib/python3.7/site-packages/airflow/example_dags/example_task_group_decorator.py took 0.425 seconds
[2023-03-06T09:28:01.843+0000] {processor.py:153} INFO - Started process (PID=304) to work on /home/airflow/.local/lib/python3.7/site-packages/airflow/example_dags/example_task_group_decorator.py
[2023-03-06T09:28:01.846+0000] {processor.py:743} INFO - Processing file /home/airflow/.local/lib/python3.7/site-packages/airflow/example_dags/example_task_group_decorator.py for tasks to queue
[2023-03-06T09:28:01.849+0000] {logging_mixin.py:137} INFO - [2023-03-06T09:28:01.848+0000] {dagbag.py:538} INFO - Filling up the DagBag from /home/airflow/.local/lib/python3.7/site-packages/airflow/example_dags/example_task_group_decorator.py
[2023-03-06T09:28:01.956+0000] {processor.py:753} INFO - DAG(s) dict_keys(['example_task_group_decorator']) retrieved from /home/airflow/.local/lib/python3.7/site-packages/airflow/example_dags/example_task_group_decorator.py
[2023-03-06T09:28:02.048+0000] {logging_mixin.py:137} INFO - [2023-03-06T09:28:02.048+0000] {dag.py:2690} INFO - Sync 1 DAGs
[2023-03-06T09:28:02.122+0000] {logging_mixin.py:137} INFO - [2023-03-06T09:28:02.122+0000] {dag.py:3441} INFO - Setting next_dagrun for example_task_group_decorator to 2023-03-05T09:28:02.121637+00:00, run_after=2023-03-06T09:28:02.121637+00:00
[2023-03-06T09:28:02.304+0000] {processor.py:175} INFO - Processing /home/airflow/.local/lib/python3.7/site-packages/airflow/example_dags/example_task_group_decorator.py took 0.469 seconds
[2023-03-06T09:28:32.769+0000] {processor.py:153} INFO - Started process (PID=367) to work on /home/airflow/.local/lib/python3.7/site-packages/airflow/example_dags/example_task_group_decorator.py
[2023-03-06T09:28:32.773+0000] {processor.py:743} INFO - Processing file /home/airflow/.local/lib/python3.7/site-packages/airflow/example_dags/example_task_group_decorator.py for tasks to queue
[2023-03-06T09:28:32.776+0000] {logging_mixin.py:137} INFO - [2023-03-06T09:28:32.776+0000] {dagbag.py:538} INFO - Filling up the DagBag from /home/airflow/.local/lib/python3.7/site-packages/airflow/example_dags/example_task_group_decorator.py
[2023-03-06T09:28:32.845+0000] {processor.py:753} INFO - DAG(s) dict_keys(['example_task_group_decorator']) retrieved from /home/airflow/.local/lib/python3.7/site-packages/airflow/example_dags/example_task_group_decorator.py
[2023-03-06T09:28:32.907+0000] {logging_mixin.py:137} INFO - [2023-03-06T09:28:32.907+0000] {dag.py:2690} INFO - Sync 1 DAGs
[2023-03-06T09:28:32.966+0000] {logging_mixin.py:137} INFO - [2023-03-06T09:28:32.965+0000] {dag.py:3441} INFO - Setting next_dagrun for example_task_group_decorator to 2023-03-05T09:28:32.965367+00:00, run_after=2023-03-06T09:28:32.965367+00:00
[2023-03-06T09:28:33.027+0000] {processor.py:175} INFO - Processing /home/airflow/.local/lib/python3.7/site-packages/airflow/example_dags/example_task_group_decorator.py took 0.265 seconds
[2023-03-06T09:29:03.232+0000] {processor.py:153} INFO - Started process (PID=436) to work on /home/airflow/.local/lib/python3.7/site-packages/airflow/example_dags/example_task_group_decorator.py
[2023-03-06T09:29:03.235+0000] {processor.py:743} INFO - Processing file /home/airflow/.local/lib/python3.7/site-packages/airflow/example_dags/example_task_group_decorator.py for tasks to queue
[2023-03-06T09:29:03.238+0000] {logging_mixin.py:137} INFO - [2023-03-06T09:29:03.238+0000] {dagbag.py:538} INFO - Filling up the DagBag from /home/airflow/.local/lib/python3.7/site-packages/airflow/example_dags/example_task_group_decorator.py
[2023-03-06T09:29:03.311+0000] {processor.py:753} INFO - DAG(s) dict_keys(['example_task_group_decorator']) retrieved from /home/airflow/.local/lib/python3.7/site-packages/airflow/example_dags/example_task_group_decorator.py
[2023-03-06T09:29:03.398+0000] {logging_mixin.py:137} INFO - [2023-03-06T09:29:03.397+0000] {dag.py:2690} INFO - Sync 1 DAGs
[2023-03-06T09:29:03.532+0000] {logging_mixin.py:137} INFO - [2023-03-06T09:29:03.532+0000] {dag.py:3441} INFO - Setting next_dagrun for example_task_group_decorator to 2023-03-05T09:29:03.531301+00:00, run_after=2023-03-06T09:29:03.531301+00:00
[2023-03-06T09:29:03.600+0000] {processor.py:175} INFO - Processing /home/airflow/.local/lib/python3.7/site-packages/airflow/example_dags/example_task_group_decorator.py took 0.378 seconds
[2023-03-06T09:29:33.863+0000] {processor.py:153} INFO - Started process (PID=492) to work on /home/airflow/.local/lib/python3.7/site-packages/airflow/example_dags/example_task_group_decorator.py
[2023-03-06T09:29:33.867+0000] {processor.py:743} INFO - Processing file /home/airflow/.local/lib/python3.7/site-packages/airflow/example_dags/example_task_group_decorator.py for tasks to queue
[2023-03-06T09:29:33.871+0000] {logging_mixin.py:137} INFO - [2023-03-06T09:29:33.870+0000] {dagbag.py:538} INFO - Filling up the DagBag from /home/airflow/.local/lib/python3.7/site-packages/airflow/example_dags/example_task_group_decorator.py
[2023-03-06T09:29:33.983+0000] {processor.py:753} INFO - DAG(s) dict_keys(['example_task_group_decorator']) retrieved from /home/airflow/.local/lib/python3.7/site-packages/airflow/example_dags/example_task_group_decorator.py
[2023-03-06T09:29:34.080+0000] {logging_mixin.py:137} INFO - [2023-03-06T09:29:34.080+0000] {dag.py:2690} INFO - Sync 1 DAGs
[2023-03-06T09:29:34.189+0000] {logging_mixin.py:137} INFO - [2023-03-06T09:29:34.189+0000] {dag.py:3441} INFO - Setting next_dagrun for example_task_group_decorator to 2023-03-05T09:29:34.188544+00:00, run_after=2023-03-06T09:29:34.188544+00:00
[2023-03-06T09:29:34.283+0000] {processor.py:175} INFO - Processing /home/airflow/.local/lib/python3.7/site-packages/airflow/example_dags/example_task_group_decorator.py took 0.435 seconds
[2023-03-06T09:30:04.620+0000] {processor.py:153} INFO - Started process (PID=556) to work on /home/airflow/.local/lib/python3.7/site-packages/airflow/example_dags/example_task_group_decorator.py
[2023-03-06T09:30:04.625+0000] {processor.py:743} INFO - Processing file /home/airflow/.local/lib/python3.7/site-packages/airflow/example_dags/example_task_group_decorator.py for tasks to queue
[2023-03-06T09:30:04.630+0000] {logging_mixin.py:137} INFO - [2023-03-06T09:30:04.629+0000] {dagbag.py:538} INFO - Filling up the DagBag from /home/airflow/.local/lib/python3.7/site-packages/airflow/example_dags/example_task_group_decorator.py
[2023-03-06T09:30:04.711+0000] {processor.py:753} INFO - DAG(s) dict_keys(['example_task_group_decorator']) retrieved from /home/airflow/.local/lib/python3.7/site-packages/airflow/example_dags/example_task_group_decorator.py
[2023-03-06T09:30:04.776+0000] {logging_mixin.py:137} INFO - [2023-03-06T09:30:04.776+0000] {dag.py:2690} INFO - Sync 1 DAGs
[2023-03-06T09:30:04.838+0000] {logging_mixin.py:137} INFO - [2023-03-06T09:30:04.838+0000] {dag.py:3441} INFO - Setting next_dagrun for example_task_group_decorator to 2023-03-05T09:30:04.837919+00:00, run_after=2023-03-06T09:30:04.837919+00:00
[2023-03-06T09:30:04.884+0000] {processor.py:175} INFO - Processing /home/airflow/.local/lib/python3.7/site-packages/airflow/example_dags/example_task_group_decorator.py took 0.275 seconds
[2023-03-06T09:30:35.117+0000] {processor.py:153} INFO - Started process (PID=619) to work on /home/airflow/.local/lib/python3.7/site-packages/airflow/example_dags/example_task_group_decorator.py
[2023-03-06T09:30:35.122+0000] {processor.py:743} INFO - Processing file /home/airflow/.local/lib/python3.7/site-packages/airflow/example_dags/example_task_group_decorator.py for tasks to queue
[2023-03-06T09:30:35.129+0000] {logging_mixin.py:137} INFO - [2023-03-06T09:30:35.128+0000] {dagbag.py:538} INFO - Filling up the DagBag from /home/airflow/.local/lib/python3.7/site-packages/airflow/example_dags/example_task_group_decorator.py
[2023-03-06T09:30:35.239+0000] {processor.py:753} INFO - DAG(s) dict_keys(['example_task_group_decorator']) retrieved from /home/airflow/.local/lib/python3.7/site-packages/airflow/example_dags/example_task_group_decorator.py
[2023-03-06T09:30:35.325+0000] {logging_mixin.py:137} INFO - [2023-03-06T09:30:35.325+0000] {dag.py:2690} INFO - Sync 1 DAGs
[2023-03-06T09:30:35.422+0000] {logging_mixin.py:137} INFO - [2023-03-06T09:30:35.422+0000] {dag.py:3441} INFO - Setting next_dagrun for example_task_group_decorator to 2023-03-05T09:30:35.421296+00:00, run_after=2023-03-06T09:30:35.421296+00:00
[2023-03-06T09:30:35.472+0000] {processor.py:175} INFO - Processing /home/airflow/.local/lib/python3.7/site-packages/airflow/example_dags/example_task_group_decorator.py took 0.368 seconds
[2023-03-06T09:31:05.751+0000] {processor.py:153} INFO - Started process (PID=682) to work on /home/airflow/.local/lib/python3.7/site-packages/airflow/example_dags/example_task_group_decorator.py
[2023-03-06T09:31:05.756+0000] {processor.py:743} INFO - Processing file /home/airflow/.local/lib/python3.7/site-packages/airflow/example_dags/example_task_group_decorator.py for tasks to queue
[2023-03-06T09:31:05.759+0000] {logging_mixin.py:137} INFO - [2023-03-06T09:31:05.759+0000] {dagbag.py:538} INFO - Filling up the DagBag from /home/airflow/.local/lib/python3.7/site-packages/airflow/example_dags/example_task_group_decorator.py
[2023-03-06T09:31:05.838+0000] {processor.py:753} INFO - DAG(s) dict_keys(['example_task_group_decorator']) retrieved from /home/airflow/.local/lib/python3.7/site-packages/airflow/example_dags/example_task_group_decorator.py
[2023-03-06T09:31:05.927+0000] {logging_mixin.py:137} INFO - [2023-03-06T09:31:05.926+0000] {dag.py:2690} INFO - Sync 1 DAGs
[2023-03-06T09:31:06.009+0000] {logging_mixin.py:137} INFO - [2023-03-06T09:31:06.009+0000] {dag.py:3441} INFO - Setting next_dagrun for example_task_group_decorator to 2023-03-05T09:31:06.008549+00:00, run_after=2023-03-06T09:31:06.008549+00:00
[2023-03-06T09:31:06.062+0000] {processor.py:175} INFO - Processing /home/airflow/.local/lib/python3.7/site-packages/airflow/example_dags/example_task_group_decorator.py took 0.322 seconds
[2023-03-06T09:31:36.509+0000] {processor.py:153} INFO - Started process (PID=746) to work on /home/airflow/.local/lib/python3.7/site-packages/airflow/example_dags/example_task_group_decorator.py
[2023-03-06T09:31:36.512+0000] {processor.py:743} INFO - Processing file /home/airflow/.local/lib/python3.7/site-packages/airflow/example_dags/example_task_group_decorator.py for tasks to queue
[2023-03-06T09:31:36.515+0000] {logging_mixin.py:137} INFO - [2023-03-06T09:31:36.515+0000] {dagbag.py:538} INFO - Filling up the DagBag from /home/airflow/.local/lib/python3.7/site-packages/airflow/example_dags/example_task_group_decorator.py
[2023-03-06T09:31:36.618+0000] {processor.py:753} INFO - DAG(s) dict_keys(['example_task_group_decorator']) retrieved from /home/airflow/.local/lib/python3.7/site-packages/airflow/example_dags/example_task_group_decorator.py
[2023-03-06T09:31:36.693+0000] {logging_mixin.py:137} INFO - [2023-03-06T09:31:36.692+0000] {dag.py:2690} INFO - Sync 1 DAGs
[2023-03-06T09:31:36.790+0000] {logging_mixin.py:137} INFO - [2023-03-06T09:31:36.789+0000] {dag.py:3441} INFO - Setting next_dagrun for example_task_group_decorator to 2023-03-05T09:31:36.788716+00:00, run_after=2023-03-06T09:31:36.788716+00:00
[2023-03-06T09:31:36.951+0000] {processor.py:175} INFO - Processing /home/airflow/.local/lib/python3.7/site-packages/airflow/example_dags/example_task_group_decorator.py took 0.454 seconds
[2023-03-06T09:32:07.632+0000] {processor.py:153} INFO - Started process (PID=817) to work on /home/airflow/.local/lib/python3.7/site-packages/airflow/example_dags/example_task_group_decorator.py
[2023-03-06T09:32:07.636+0000] {processor.py:743} INFO - Processing file /home/airflow/.local/lib/python3.7/site-packages/airflow/example_dags/example_task_group_decorator.py for tasks to queue
[2023-03-06T09:32:07.638+0000] {logging_mixin.py:137} INFO - [2023-03-06T09:32:07.638+0000] {dagbag.py:538} INFO - Filling up the DagBag from /home/airflow/.local/lib/python3.7/site-packages/airflow/example_dags/example_task_group_decorator.py
[2023-03-06T09:32:07.746+0000] {processor.py:753} INFO - DAG(s) dict_keys(['example_task_group_decorator']) retrieved from /home/airflow/.local/lib/python3.7/site-packages/airflow/example_dags/example_task_group_decorator.py
[2023-03-06T09:32:07.817+0000] {logging_mixin.py:137} INFO - [2023-03-06T09:32:07.817+0000] {dag.py:2690} INFO - Sync 1 DAGs
[2023-03-06T09:32:07.895+0000] {logging_mixin.py:137} INFO - [2023-03-06T09:32:07.895+0000] {dag.py:3441} INFO - Setting next_dagrun for example_task_group_decorator to 2023-03-05T09:32:07.894986+00:00, run_after=2023-03-06T09:32:07.894986+00:00
[2023-03-06T09:32:07.946+0000] {processor.py:175} INFO - Processing /home/airflow/.local/lib/python3.7/site-packages/airflow/example_dags/example_task_group_decorator.py took 0.328 seconds
[2023-03-06T09:32:39.171+0000] {processor.py:153} INFO - Started process (PID=885) to work on /home/airflow/.local/lib/python3.7/site-packages/airflow/example_dags/example_task_group_decorator.py
[2023-03-06T09:32:39.175+0000] {processor.py:743} INFO - Processing file /home/airflow/.local/lib/python3.7/site-packages/airflow/example_dags/example_task_group_decorator.py for tasks to queue
[2023-03-06T09:32:39.180+0000] {logging_mixin.py:137} INFO - [2023-03-06T09:32:39.180+0000] {dagbag.py:538} INFO - Filling up the DagBag from /home/airflow/.local/lib/python3.7/site-packages/airflow/example_dags/example_task_group_decorator.py
[2023-03-06T09:32:39.277+0000] {processor.py:753} INFO - DAG(s) dict_keys(['example_task_group_decorator']) retrieved from /home/airflow/.local/lib/python3.7/site-packages/airflow/example_dags/example_task_group_decorator.py
[2023-03-06T09:32:39.367+0000] {logging_mixin.py:137} INFO - [2023-03-06T09:32:39.367+0000] {dag.py:2690} INFO - Sync 1 DAGs
[2023-03-06T09:32:39.485+0000] {logging_mixin.py:137} INFO - [2023-03-06T09:32:39.484+0000] {dag.py:3441} INFO - Setting next_dagrun for example_task_group_decorator to 2023-03-05T09:32:39.482924+00:00, run_after=2023-03-06T09:32:39.482924+00:00
[2023-03-06T09:32:39.586+0000] {processor.py:175} INFO - Processing /home/airflow/.local/lib/python3.7/site-packages/airflow/example_dags/example_task_group_decorator.py took 0.428 seconds
[2023-03-06T09:33:10.139+0000] {processor.py:153} INFO - Started process (PID=945) to work on /home/airflow/.local/lib/python3.7/site-packages/airflow/example_dags/example_task_group_decorator.py
[2023-03-06T09:33:10.143+0000] {processor.py:743} INFO - Processing file /home/airflow/.local/lib/python3.7/site-packages/airflow/example_dags/example_task_group_decorator.py for tasks to queue
[2023-03-06T09:33:10.150+0000] {logging_mixin.py:137} INFO - [2023-03-06T09:33:10.149+0000] {dagbag.py:538} INFO - Filling up the DagBag from /home/airflow/.local/lib/python3.7/site-packages/airflow/example_dags/example_task_group_decorator.py
[2023-03-06T09:33:10.301+0000] {processor.py:753} INFO - DAG(s) dict_keys(['example_task_group_decorator']) retrieved from /home/airflow/.local/lib/python3.7/site-packages/airflow/example_dags/example_task_group_decorator.py
[2023-03-06T09:33:10.400+0000] {logging_mixin.py:137} INFO - [2023-03-06T09:33:10.399+0000] {dag.py:2690} INFO - Sync 1 DAGs
[2023-03-06T09:33:10.488+0000] {logging_mixin.py:137} INFO - [2023-03-06T09:33:10.488+0000] {dag.py:3441} INFO - Setting next_dagrun for example_task_group_decorator to 2023-03-05T09:33:10.487489+00:00, run_after=2023-03-06T09:33:10.487489+00:00
[2023-03-06T09:33:10.546+0000] {processor.py:175} INFO - Processing /home/airflow/.local/lib/python3.7/site-packages/airflow/example_dags/example_task_group_decorator.py took 0.437 seconds
[2023-03-06T09:33:41.581+0000] {processor.py:153} INFO - Started process (PID=1005) to work on /home/airflow/.local/lib/python3.7/site-packages/airflow/example_dags/example_task_group_decorator.py
[2023-03-06T09:33:41.586+0000] {processor.py:743} INFO - Processing file /home/airflow/.local/lib/python3.7/site-packages/airflow/example_dags/example_task_group_decorator.py for tasks to queue
[2023-03-06T09:33:41.605+0000] {logging_mixin.py:137} INFO - [2023-03-06T09:33:41.604+0000] {dagbag.py:538} INFO - Filling up the DagBag from /home/airflow/.local/lib/python3.7/site-packages/airflow/example_dags/example_task_group_decorator.py
[2023-03-06T09:33:41.788+0000] {processor.py:753} INFO - DAG(s) dict_keys(['example_task_group_decorator']) retrieved from /home/airflow/.local/lib/python3.7/site-packages/airflow/example_dags/example_task_group_decorator.py
[2023-03-06T09:33:41.949+0000] {logging_mixin.py:137} INFO - [2023-03-06T09:33:41.949+0000] {dag.py:2690} INFO - Sync 1 DAGs
[2023-03-06T09:33:42.046+0000] {logging_mixin.py:137} INFO - [2023-03-06T09:33:42.046+0000] {dag.py:3441} INFO - Setting next_dagrun for example_task_group_decorator to 2023-03-05T09:33:42.045903+00:00, run_after=2023-03-06T09:33:42.045903+00:00
[2023-03-06T09:33:42.113+0000] {processor.py:175} INFO - Processing /home/airflow/.local/lib/python3.7/site-packages/airflow/example_dags/example_task_group_decorator.py took 0.593 seconds
[2023-03-06T09:34:12.841+0000] {processor.py:153} INFO - Started process (PID=1061) to work on /home/airflow/.local/lib/python3.7/site-packages/airflow/example_dags/example_task_group_decorator.py
[2023-03-06T09:34:12.843+0000] {processor.py:743} INFO - Processing file /home/airflow/.local/lib/python3.7/site-packages/airflow/example_dags/example_task_group_decorator.py for tasks to queue
[2023-03-06T09:34:12.846+0000] {logging_mixin.py:137} INFO - [2023-03-06T09:34:12.845+0000] {dagbag.py:538} INFO - Filling up the DagBag from /home/airflow/.local/lib/python3.7/site-packages/airflow/example_dags/example_task_group_decorator.py
[2023-03-06T09:34:12.927+0000] {processor.py:753} INFO - DAG(s) dict_keys(['example_task_group_decorator']) retrieved from /home/airflow/.local/lib/python3.7/site-packages/airflow/example_dags/example_task_group_decorator.py
[2023-03-06T09:34:13.005+0000] {logging_mixin.py:137} INFO - [2023-03-06T09:34:13.005+0000] {dag.py:2690} INFO - Sync 1 DAGs
[2023-03-06T09:34:13.082+0000] {logging_mixin.py:137} INFO - [2023-03-06T09:34:13.081+0000] {dag.py:3441} INFO - Setting next_dagrun for example_task_group_decorator to 2023-03-05T09:34:13.081368+00:00, run_after=2023-03-06T09:34:13.081368+00:00
[2023-03-06T09:34:13.138+0000] {processor.py:175} INFO - Processing /home/airflow/.local/lib/python3.7/site-packages/airflow/example_dags/example_task_group_decorator.py took 0.314 seconds
[2023-03-06T09:34:43.520+0000] {processor.py:153} INFO - Started process (PID=1124) to work on /home/airflow/.local/lib/python3.7/site-packages/airflow/example_dags/example_task_group_decorator.py
[2023-03-06T09:34:43.528+0000] {processor.py:743} INFO - Processing file /home/airflow/.local/lib/python3.7/site-packages/airflow/example_dags/example_task_group_decorator.py for tasks to queue
[2023-03-06T09:34:43.536+0000] {logging_mixin.py:137} INFO - [2023-03-06T09:34:43.534+0000] {dagbag.py:538} INFO - Filling up the DagBag from /home/airflow/.local/lib/python3.7/site-packages/airflow/example_dags/example_task_group_decorator.py
[2023-03-06T09:34:43.722+0000] {processor.py:753} INFO - DAG(s) dict_keys(['example_task_group_decorator']) retrieved from /home/airflow/.local/lib/python3.7/site-packages/airflow/example_dags/example_task_group_decorator.py
[2023-03-06T09:34:43.797+0000] {logging_mixin.py:137} INFO - [2023-03-06T09:34:43.797+0000] {dag.py:2690} INFO - Sync 1 DAGs
[2023-03-06T09:34:43.864+0000] {logging_mixin.py:137} INFO - [2023-03-06T09:34:43.864+0000] {dag.py:3441} INFO - Setting next_dagrun for example_task_group_decorator to 2023-03-05T09:34:43.863777+00:00, run_after=2023-03-06T09:34:43.863777+00:00
[2023-03-06T09:34:43.915+0000] {processor.py:175} INFO - Processing /home/airflow/.local/lib/python3.7/site-packages/airflow/example_dags/example_task_group_decorator.py took 0.436 seconds
[2023-03-06T09:35:14.345+0000] {processor.py:153} INFO - Started process (PID=1187) to work on /home/airflow/.local/lib/python3.7/site-packages/airflow/example_dags/example_task_group_decorator.py
[2023-03-06T09:35:14.353+0000] {processor.py:743} INFO - Processing file /home/airflow/.local/lib/python3.7/site-packages/airflow/example_dags/example_task_group_decorator.py for tasks to queue
[2023-03-06T09:35:14.362+0000] {logging_mixin.py:137} INFO - [2023-03-06T09:35:14.361+0000] {dagbag.py:538} INFO - Filling up the DagBag from /home/airflow/.local/lib/python3.7/site-packages/airflow/example_dags/example_task_group_decorator.py
[2023-03-06T09:35:14.545+0000] {processor.py:753} INFO - DAG(s) dict_keys(['example_task_group_decorator']) retrieved from /home/airflow/.local/lib/python3.7/site-packages/airflow/example_dags/example_task_group_decorator.py
[2023-03-06T09:35:14.618+0000] {logging_mixin.py:137} INFO - [2023-03-06T09:35:14.617+0000] {dag.py:2690} INFO - Sync 1 DAGs
[2023-03-06T09:35:14.703+0000] {logging_mixin.py:137} INFO - [2023-03-06T09:35:14.703+0000] {dag.py:3441} INFO - Setting next_dagrun for example_task_group_decorator to 2023-03-05T09:35:14.703124+00:00, run_after=2023-03-06T09:35:14.703124+00:00
[2023-03-06T09:35:14.759+0000] {processor.py:175} INFO - Processing /home/airflow/.local/lib/python3.7/site-packages/airflow/example_dags/example_task_group_decorator.py took 0.445 seconds
[2023-03-06T09:35:45.128+0000] {processor.py:153} INFO - Started process (PID=1250) to work on /home/airflow/.local/lib/python3.7/site-packages/airflow/example_dags/example_task_group_decorator.py
[2023-03-06T09:35:45.137+0000] {processor.py:743} INFO - Processing file /home/airflow/.local/lib/python3.7/site-packages/airflow/example_dags/example_task_group_decorator.py for tasks to queue
[2023-03-06T09:35:45.146+0000] {logging_mixin.py:137} INFO - [2023-03-06T09:35:45.144+0000] {dagbag.py:538} INFO - Filling up the DagBag from /home/airflow/.local/lib/python3.7/site-packages/airflow/example_dags/example_task_group_decorator.py
[2023-03-06T09:35:45.364+0000] {processor.py:753} INFO - DAG(s) dict_keys(['example_task_group_decorator']) retrieved from /home/airflow/.local/lib/python3.7/site-packages/airflow/example_dags/example_task_group_decorator.py
[2023-03-06T09:35:45.490+0000] {logging_mixin.py:137} INFO - [2023-03-06T09:35:45.489+0000] {dag.py:2690} INFO - Sync 1 DAGs
[2023-03-06T09:35:45.611+0000] {logging_mixin.py:137} INFO - [2023-03-06T09:35:45.611+0000] {dag.py:3441} INFO - Setting next_dagrun for example_task_group_decorator to 2023-03-05T09:35:45.610440+00:00, run_after=2023-03-06T09:35:45.610440+00:00
[2023-03-06T09:35:45.716+0000] {processor.py:175} INFO - Processing /home/airflow/.local/lib/python3.7/site-packages/airflow/example_dags/example_task_group_decorator.py took 0.627 seconds
[2023-03-06T09:36:15.908+0000] {processor.py:153} INFO - Started process (PID=1313) to work on /home/airflow/.local/lib/python3.7/site-packages/airflow/example_dags/example_task_group_decorator.py
[2023-03-06T09:36:15.911+0000] {processor.py:743} INFO - Processing file /home/airflow/.local/lib/python3.7/site-packages/airflow/example_dags/example_task_group_decorator.py for tasks to queue
[2023-03-06T09:36:15.915+0000] {logging_mixin.py:137} INFO - [2023-03-06T09:36:15.914+0000] {dagbag.py:538} INFO - Filling up the DagBag from /home/airflow/.local/lib/python3.7/site-packages/airflow/example_dags/example_task_group_decorator.py
[2023-03-06T09:36:15.992+0000] {processor.py:753} INFO - DAG(s) dict_keys(['example_task_group_decorator']) retrieved from /home/airflow/.local/lib/python3.7/site-packages/airflow/example_dags/example_task_group_decorator.py
[2023-03-06T09:36:16.061+0000] {logging_mixin.py:137} INFO - [2023-03-06T09:36:16.061+0000] {dag.py:2690} INFO - Sync 1 DAGs
[2023-03-06T09:36:16.133+0000] {logging_mixin.py:137} INFO - [2023-03-06T09:36:16.133+0000] {dag.py:3441} INFO - Setting next_dagrun for example_task_group_decorator to 2023-03-05T09:36:16.132476+00:00, run_after=2023-03-06T09:36:16.132476+00:00
[2023-03-06T09:36:16.181+0000] {processor.py:175} INFO - Processing /home/airflow/.local/lib/python3.7/site-packages/airflow/example_dags/example_task_group_decorator.py took 0.292 seconds
[2023-03-06T09:36:46.851+0000] {processor.py:153} INFO - Started process (PID=1377) to work on /home/airflow/.local/lib/python3.7/site-packages/airflow/example_dags/example_task_group_decorator.py
[2023-03-06T09:36:46.853+0000] {processor.py:743} INFO - Processing file /home/airflow/.local/lib/python3.7/site-packages/airflow/example_dags/example_task_group_decorator.py for tasks to queue
[2023-03-06T09:36:46.855+0000] {logging_mixin.py:137} INFO - [2023-03-06T09:36:46.854+0000] {dagbag.py:538} INFO - Filling up the DagBag from /home/airflow/.local/lib/python3.7/site-packages/airflow/example_dags/example_task_group_decorator.py
[2023-03-06T09:36:46.928+0000] {processor.py:753} INFO - DAG(s) dict_keys(['example_task_group_decorator']) retrieved from /home/airflow/.local/lib/python3.7/site-packages/airflow/example_dags/example_task_group_decorator.py
[2023-03-06T09:36:46.994+0000] {logging_mixin.py:137} INFO - [2023-03-06T09:36:46.994+0000] {dag.py:2690} INFO - Sync 1 DAGs
[2023-03-06T09:36:47.066+0000] {logging_mixin.py:137} INFO - [2023-03-06T09:36:47.066+0000] {dag.py:3441} INFO - Setting next_dagrun for example_task_group_decorator to 2023-03-05T09:36:47.065318+00:00, run_after=2023-03-06T09:36:47.065318+00:00
[2023-03-06T09:36:47.140+0000] {processor.py:175} INFO - Processing /home/airflow/.local/lib/python3.7/site-packages/airflow/example_dags/example_task_group_decorator.py took 0.298 seconds
[2023-03-06T09:37:17.787+0000] {processor.py:153} INFO - Started process (PID=1441) to work on /home/airflow/.local/lib/python3.7/site-packages/airflow/example_dags/example_task_group_decorator.py
[2023-03-06T09:37:17.789+0000] {processor.py:743} INFO - Processing file /home/airflow/.local/lib/python3.7/site-packages/airflow/example_dags/example_task_group_decorator.py for tasks to queue
[2023-03-06T09:37:17.791+0000] {logging_mixin.py:137} INFO - [2023-03-06T09:37:17.790+0000] {dagbag.py:538} INFO - Filling up the DagBag from /home/airflow/.local/lib/python3.7/site-packages/airflow/example_dags/example_task_group_decorator.py
[2023-03-06T09:37:17.865+0000] {processor.py:753} INFO - DAG(s) dict_keys(['example_task_group_decorator']) retrieved from /home/airflow/.local/lib/python3.7/site-packages/airflow/example_dags/example_task_group_decorator.py
[2023-03-06T09:37:17.929+0000] {logging_mixin.py:137} INFO - [2023-03-06T09:37:17.929+0000] {dag.py:2690} INFO - Sync 1 DAGs
[2023-03-06T09:37:17.990+0000] {logging_mixin.py:137} INFO - [2023-03-06T09:37:17.989+0000] {dag.py:3441} INFO - Setting next_dagrun for example_task_group_decorator to 2023-03-05T09:37:17.989087+00:00, run_after=2023-03-06T09:37:17.989087+00:00
[2023-03-06T09:37:18.039+0000] {processor.py:175} INFO - Processing /home/airflow/.local/lib/python3.7/site-packages/airflow/example_dags/example_task_group_decorator.py took 0.261 seconds
[2023-03-06T09:37:48.840+0000] {processor.py:153} INFO - Started process (PID=1504) to work on /home/airflow/.local/lib/python3.7/site-packages/airflow/example_dags/example_task_group_decorator.py
[2023-03-06T09:37:48.844+0000] {processor.py:743} INFO - Processing file /home/airflow/.local/lib/python3.7/site-packages/airflow/example_dags/example_task_group_decorator.py for tasks to queue
[2023-03-06T09:37:48.847+0000] {logging_mixin.py:137} INFO - [2023-03-06T09:37:48.846+0000] {dagbag.py:538} INFO - Filling up the DagBag from /home/airflow/.local/lib/python3.7/site-packages/airflow/example_dags/example_task_group_decorator.py
[2023-03-06T09:37:48.933+0000] {processor.py:753} INFO - DAG(s) dict_keys(['example_task_group_decorator']) retrieved from /home/airflow/.local/lib/python3.7/site-packages/airflow/example_dags/example_task_group_decorator.py
[2023-03-06T09:37:49.011+0000] {logging_mixin.py:137} INFO - [2023-03-06T09:37:49.011+0000] {dag.py:2690} INFO - Sync 1 DAGs
[2023-03-06T09:37:49.111+0000] {logging_mixin.py:137} INFO - [2023-03-06T09:37:49.111+0000] {dag.py:3441} INFO - Setting next_dagrun for example_task_group_decorator to 2023-03-05T09:37:49.109878+00:00, run_after=2023-03-06T09:37:49.109878+00:00
[2023-03-06T09:37:49.185+0000] {processor.py:175} INFO - Processing /home/airflow/.local/lib/python3.7/site-packages/airflow/example_dags/example_task_group_decorator.py took 0.353 seconds
[2023-03-06T09:38:19.658+0000] {processor.py:153} INFO - Started process (PID=1567) to work on /home/airflow/.local/lib/python3.7/site-packages/airflow/example_dags/example_task_group_decorator.py
[2023-03-06T09:38:19.660+0000] {processor.py:743} INFO - Processing file /home/airflow/.local/lib/python3.7/site-packages/airflow/example_dags/example_task_group_decorator.py for tasks to queue
[2023-03-06T09:38:19.663+0000] {logging_mixin.py:137} INFO - [2023-03-06T09:38:19.662+0000] {dagbag.py:538} INFO - Filling up the DagBag from /home/airflow/.local/lib/python3.7/site-packages/airflow/example_dags/example_task_group_decorator.py
[2023-03-06T09:38:19.739+0000] {processor.py:753} INFO - DAG(s) dict_keys(['example_task_group_decorator']) retrieved from /home/airflow/.local/lib/python3.7/site-packages/airflow/example_dags/example_task_group_decorator.py
[2023-03-06T09:38:19.804+0000] {logging_mixin.py:137} INFO - [2023-03-06T09:38:19.803+0000] {dag.py:2690} INFO - Sync 1 DAGs
[2023-03-06T09:38:19.861+0000] {logging_mixin.py:137} INFO - [2023-03-06T09:38:19.860+0000] {dag.py:3441} INFO - Setting next_dagrun for example_task_group_decorator to 2023-03-05T09:38:19.860475+00:00, run_after=2023-03-06T09:38:19.860475+00:00
[2023-03-06T09:38:19.905+0000] {processor.py:175} INFO - Processing /home/airflow/.local/lib/python3.7/site-packages/airflow/example_dags/example_task_group_decorator.py took 0.253 seconds
[2023-03-06T09:38:50.498+0000] {processor.py:153} INFO - Started process (PID=1629) to work on /home/airflow/.local/lib/python3.7/site-packages/airflow/example_dags/example_task_group_decorator.py
[2023-03-06T09:38:50.502+0000] {processor.py:743} INFO - Processing file /home/airflow/.local/lib/python3.7/site-packages/airflow/example_dags/example_task_group_decorator.py for tasks to queue
[2023-03-06T09:38:50.511+0000] {logging_mixin.py:137} INFO - [2023-03-06T09:38:50.510+0000] {dagbag.py:538} INFO - Filling up the DagBag from /home/airflow/.local/lib/python3.7/site-packages/airflow/example_dags/example_task_group_decorator.py
[2023-03-06T09:38:50.589+0000] {processor.py:753} INFO - DAG(s) dict_keys(['example_task_group_decorator']) retrieved from /home/airflow/.local/lib/python3.7/site-packages/airflow/example_dags/example_task_group_decorator.py
[2023-03-06T09:38:50.660+0000] {logging_mixin.py:137} INFO - [2023-03-06T09:38:50.659+0000] {dag.py:2690} INFO - Sync 1 DAGs
[2023-03-06T09:38:50.727+0000] {logging_mixin.py:137} INFO - [2023-03-06T09:38:50.727+0000] {dag.py:3441} INFO - Setting next_dagrun for example_task_group_decorator to 2023-03-05T09:38:50.726230+00:00, run_after=2023-03-06T09:38:50.726230+00:00
[2023-03-06T09:38:50.796+0000] {processor.py:175} INFO - Processing /home/airflow/.local/lib/python3.7/site-packages/airflow/example_dags/example_task_group_decorator.py took 0.307 seconds
[2023-03-06T09:39:21.470+0000] {processor.py:153} INFO - Started process (PID=1692) to work on /home/airflow/.local/lib/python3.7/site-packages/airflow/example_dags/example_task_group_decorator.py
[2023-03-06T09:39:21.475+0000] {processor.py:743} INFO - Processing file /home/airflow/.local/lib/python3.7/site-packages/airflow/example_dags/example_task_group_decorator.py for tasks to queue
[2023-03-06T09:39:21.483+0000] {logging_mixin.py:137} INFO - [2023-03-06T09:39:21.483+0000] {dagbag.py:538} INFO - Filling up the DagBag from /home/airflow/.local/lib/python3.7/site-packages/airflow/example_dags/example_task_group_decorator.py
[2023-03-06T09:39:21.609+0000] {processor.py:753} INFO - DAG(s) dict_keys(['example_task_group_decorator']) retrieved from /home/airflow/.local/lib/python3.7/site-packages/airflow/example_dags/example_task_group_decorator.py
[2023-03-06T09:39:21.700+0000] {logging_mixin.py:137} INFO - [2023-03-06T09:39:21.700+0000] {dag.py:2690} INFO - Sync 1 DAGs
[2023-03-06T09:39:21.776+0000] {logging_mixin.py:137} INFO - [2023-03-06T09:39:21.776+0000] {dag.py:3441} INFO - Setting next_dagrun for example_task_group_decorator to 2023-03-05T09:39:21.775389+00:00, run_after=2023-03-06T09:39:21.775389+00:00
[2023-03-06T09:39:21.844+0000] {processor.py:175} INFO - Processing /home/airflow/.local/lib/python3.7/site-packages/airflow/example_dags/example_task_group_decorator.py took 0.383 seconds
[2023-03-06T09:39:52.832+0000] {processor.py:153} INFO - Started process (PID=1756) to work on /home/airflow/.local/lib/python3.7/site-packages/airflow/example_dags/example_task_group_decorator.py
[2023-03-06T09:39:52.834+0000] {processor.py:743} INFO - Processing file /home/airflow/.local/lib/python3.7/site-packages/airflow/example_dags/example_task_group_decorator.py for tasks to queue
[2023-03-06T09:39:52.838+0000] {logging_mixin.py:137} INFO - [2023-03-06T09:39:52.837+0000] {dagbag.py:538} INFO - Filling up the DagBag from /home/airflow/.local/lib/python3.7/site-packages/airflow/example_dags/example_task_group_decorator.py
[2023-03-06T09:39:52.914+0000] {processor.py:753} INFO - DAG(s) dict_keys(['example_task_group_decorator']) retrieved from /home/airflow/.local/lib/python3.7/site-packages/airflow/example_dags/example_task_group_decorator.py
[2023-03-06T09:39:52.984+0000] {logging_mixin.py:137} INFO - [2023-03-06T09:39:52.984+0000] {dag.py:2690} INFO - Sync 1 DAGs
[2023-03-06T09:39:53.055+0000] {logging_mixin.py:137} INFO - [2023-03-06T09:39:53.055+0000] {dag.py:3441} INFO - Setting next_dagrun for example_task_group_decorator to 2023-03-05T09:39:53.054428+00:00, run_after=2023-03-06T09:39:53.054428+00:00
[2023-03-06T09:39:53.109+0000] {processor.py:175} INFO - Processing /home/airflow/.local/lib/python3.7/site-packages/airflow/example_dags/example_task_group_decorator.py took 0.287 seconds
[2023-03-06T09:40:23.447+0000] {processor.py:153} INFO - Started process (PID=1819) to work on /home/airflow/.local/lib/python3.7/site-packages/airflow/example_dags/example_task_group_decorator.py
[2023-03-06T09:40:23.449+0000] {processor.py:743} INFO - Processing file /home/airflow/.local/lib/python3.7/site-packages/airflow/example_dags/example_task_group_decorator.py for tasks to queue
[2023-03-06T09:40:23.452+0000] {logging_mixin.py:137} INFO - [2023-03-06T09:40:23.451+0000] {dagbag.py:538} INFO - Filling up the DagBag from /home/airflow/.local/lib/python3.7/site-packages/airflow/example_dags/example_task_group_decorator.py
[2023-03-06T09:40:23.613+0000] {processor.py:753} INFO - DAG(s) dict_keys(['example_task_group_decorator']) retrieved from /home/airflow/.local/lib/python3.7/site-packages/airflow/example_dags/example_task_group_decorator.py
[2023-03-06T09:40:23.794+0000] {logging_mixin.py:137} INFO - [2023-03-06T09:40:23.793+0000] {dag.py:2690} INFO - Sync 1 DAGs
[2023-03-06T09:40:23.974+0000] {logging_mixin.py:137} INFO - [2023-03-06T09:40:23.973+0000] {dag.py:3441} INFO - Setting next_dagrun for example_task_group_decorator to 2023-03-05T09:40:23.971957+00:00, run_after=2023-03-06T09:40:23.971957+00:00
[2023-03-06T09:40:24.111+0000] {processor.py:175} INFO - Processing /home/airflow/.local/lib/python3.7/site-packages/airflow/example_dags/example_task_group_decorator.py took 0.674 seconds
[2023-03-06T09:40:55.121+0000] {processor.py:153} INFO - Started process (PID=1882) to work on /home/airflow/.local/lib/python3.7/site-packages/airflow/example_dags/example_task_group_decorator.py
[2023-03-06T09:40:55.126+0000] {processor.py:743} INFO - Processing file /home/airflow/.local/lib/python3.7/site-packages/airflow/example_dags/example_task_group_decorator.py for tasks to queue
[2023-03-06T09:40:55.138+0000] {logging_mixin.py:137} INFO - [2023-03-06T09:40:55.136+0000] {dagbag.py:538} INFO - Filling up the DagBag from /home/airflow/.local/lib/python3.7/site-packages/airflow/example_dags/example_task_group_decorator.py
[2023-03-06T09:40:55.356+0000] {processor.py:753} INFO - DAG(s) dict_keys(['example_task_group_decorator']) retrieved from /home/airflow/.local/lib/python3.7/site-packages/airflow/example_dags/example_task_group_decorator.py
[2023-03-06T09:40:55.427+0000] {logging_mixin.py:137} INFO - [2023-03-06T09:40:55.426+0000] {dag.py:2690} INFO - Sync 1 DAGs
[2023-03-06T09:40:55.496+0000] {logging_mixin.py:137} INFO - [2023-03-06T09:40:55.496+0000] {dag.py:3441} INFO - Setting next_dagrun for example_task_group_decorator to 2023-03-05T09:40:55.495413+00:00, run_after=2023-03-06T09:40:55.495413+00:00
[2023-03-06T09:40:55.550+0000] {processor.py:175} INFO - Processing /home/airflow/.local/lib/python3.7/site-packages/airflow/example_dags/example_task_group_decorator.py took 0.451 seconds
[2023-03-06T09:41:26.104+0000] {processor.py:153} INFO - Started process (PID=1946) to work on /home/airflow/.local/lib/python3.7/site-packages/airflow/example_dags/example_task_group_decorator.py
[2023-03-06T09:41:26.111+0000] {processor.py:743} INFO - Processing file /home/airflow/.local/lib/python3.7/site-packages/airflow/example_dags/example_task_group_decorator.py for tasks to queue
[2023-03-06T09:41:26.119+0000] {logging_mixin.py:137} INFO - [2023-03-06T09:41:26.118+0000] {dagbag.py:538} INFO - Filling up the DagBag from /home/airflow/.local/lib/python3.7/site-packages/airflow/example_dags/example_task_group_decorator.py
[2023-03-06T09:41:26.238+0000] {processor.py:753} INFO - DAG(s) dict_keys(['example_task_group_decorator']) retrieved from /home/airflow/.local/lib/python3.7/site-packages/airflow/example_dags/example_task_group_decorator.py
[2023-03-06T09:41:26.317+0000] {logging_mixin.py:137} INFO - [2023-03-06T09:41:26.316+0000] {dag.py:2690} INFO - Sync 1 DAGs
[2023-03-06T09:41:26.403+0000] {logging_mixin.py:137} INFO - [2023-03-06T09:41:26.403+0000] {dag.py:3441} INFO - Setting next_dagrun for example_task_group_decorator to 2023-03-05T09:41:26.402803+00:00, run_after=2023-03-06T09:41:26.402803+00:00
[2023-03-06T09:41:26.465+0000] {processor.py:175} INFO - Processing /home/airflow/.local/lib/python3.7/site-packages/airflow/example_dags/example_task_group_decorator.py took 0.405 seconds
