[2023-03-06T09:26:00.408+0000] {processor.py:153} INFO - Started process (PID=69) to work on /home/airflow/.local/lib/python3.7/site-packages/airflow/example_dags/example_short_circuit_decorator.py
[2023-03-06T09:26:00.412+0000] {processor.py:743} INFO - Processing file /home/airflow/.local/lib/python3.7/site-packages/airflow/example_dags/example_short_circuit_decorator.py for tasks to queue
[2023-03-06T09:26:00.414+0000] {logging_mixin.py:137} INFO - [2023-03-06T09:26:00.414+0000] {dagbag.py:538} INFO - Filling up the DagBag from /home/airflow/.local/lib/python3.7/site-packages/airflow/example_dags/example_short_circuit_decorator.py
[2023-03-06T09:26:00.595+0000] {processor.py:753} INFO - DAG(s) dict_keys(['example_short_circuit_decorator']) retrieved from /home/airflow/.local/lib/python3.7/site-packages/airflow/example_dags/example_short_circuit_decorator.py
[2023-03-06T09:26:00.676+0000] {logging_mixin.py:137} INFO - [2023-03-06T09:26:00.676+0000] {dag.py:2690} INFO - Sync 1 DAGs
[2023-03-06T09:26:00.741+0000] {logging_mixin.py:137} INFO - [2023-03-06T09:26:00.741+0000] {dag.py:3441} INFO - Setting next_dagrun for example_short_circuit_decorator to 2023-03-05T09:26:00.740671+00:00, run_after=2023-03-06T09:26:00.740671+00:00
[2023-03-06T09:26:00.784+0000] {processor.py:175} INFO - Processing /home/airflow/.local/lib/python3.7/site-packages/airflow/example_dags/example_short_circuit_decorator.py took 0.391 seconds
[2023-03-06T09:26:31.279+0000] {processor.py:153} INFO - Started process (PID=123) to work on /home/airflow/.local/lib/python3.7/site-packages/airflow/example_dags/example_short_circuit_decorator.py
[2023-03-06T09:26:31.287+0000] {processor.py:743} INFO - Processing file /home/airflow/.local/lib/python3.7/site-packages/airflow/example_dags/example_short_circuit_decorator.py for tasks to queue
[2023-03-06T09:26:31.296+0000] {logging_mixin.py:137} INFO - [2023-03-06T09:26:31.295+0000] {dagbag.py:538} INFO - Filling up the DagBag from /home/airflow/.local/lib/python3.7/site-packages/airflow/example_dags/example_short_circuit_decorator.py
[2023-03-06T09:26:31.477+0000] {processor.py:753} INFO - DAG(s) dict_keys(['example_short_circuit_decorator']) retrieved from /home/airflow/.local/lib/python3.7/site-packages/airflow/example_dags/example_short_circuit_decorator.py
[2023-03-06T09:26:31.632+0000] {logging_mixin.py:137} INFO - [2023-03-06T09:26:31.631+0000] {dag.py:2690} INFO - Sync 1 DAGs
[2023-03-06T09:26:31.830+0000] {logging_mixin.py:137} INFO - [2023-03-06T09:26:31.829+0000] {dag.py:3441} INFO - Setting next_dagrun for example_short_circuit_decorator to 2023-03-05T09:26:31.828342+00:00, run_after=2023-03-06T09:26:31.828342+00:00
[2023-03-06T09:26:31.963+0000] {processor.py:175} INFO - Processing /home/airflow/.local/lib/python3.7/site-packages/airflow/example_dags/example_short_circuit_decorator.py took 0.718 seconds
[2023-03-06T09:27:02.389+0000] {processor.py:153} INFO - Started process (PID=185) to work on /home/airflow/.local/lib/python3.7/site-packages/airflow/example_dags/example_short_circuit_decorator.py
[2023-03-06T09:27:02.391+0000] {processor.py:743} INFO - Processing file /home/airflow/.local/lib/python3.7/site-packages/airflow/example_dags/example_short_circuit_decorator.py for tasks to queue
[2023-03-06T09:27:02.394+0000] {logging_mixin.py:137} INFO - [2023-03-06T09:27:02.393+0000] {dagbag.py:538} INFO - Filling up the DagBag from /home/airflow/.local/lib/python3.7/site-packages/airflow/example_dags/example_short_circuit_decorator.py
[2023-03-06T09:27:02.456+0000] {processor.py:753} INFO - DAG(s) dict_keys(['example_short_circuit_decorator']) retrieved from /home/airflow/.local/lib/python3.7/site-packages/airflow/example_dags/example_short_circuit_decorator.py
[2023-03-06T09:27:02.541+0000] {logging_mixin.py:137} INFO - [2023-03-06T09:27:02.541+0000] {dag.py:2690} INFO - Sync 1 DAGs
[2023-03-06T09:27:02.632+0000] {logging_mixin.py:137} INFO - [2023-03-06T09:27:02.632+0000] {dag.py:3441} INFO - Setting next_dagrun for example_short_circuit_decorator to 2023-03-05T09:27:02.631413+00:00, run_after=2023-03-06T09:27:02.631413+00:00
[2023-03-06T09:27:02.692+0000] {processor.py:175} INFO - Processing /home/airflow/.local/lib/python3.7/site-packages/airflow/example_dags/example_short_circuit_decorator.py took 0.311 seconds
[2023-03-06T09:27:32.975+0000] {processor.py:153} INFO - Started process (PID=248) to work on /home/airflow/.local/lib/python3.7/site-packages/airflow/example_dags/example_short_circuit_decorator.py
[2023-03-06T09:27:32.979+0000] {processor.py:743} INFO - Processing file /home/airflow/.local/lib/python3.7/site-packages/airflow/example_dags/example_short_circuit_decorator.py for tasks to queue
[2023-03-06T09:27:32.983+0000] {logging_mixin.py:137} INFO - [2023-03-06T09:27:32.983+0000] {dagbag.py:538} INFO - Filling up the DagBag from /home/airflow/.local/lib/python3.7/site-packages/airflow/example_dags/example_short_circuit_decorator.py
[2023-03-06T09:27:33.068+0000] {processor.py:753} INFO - DAG(s) dict_keys(['example_short_circuit_decorator']) retrieved from /home/airflow/.local/lib/python3.7/site-packages/airflow/example_dags/example_short_circuit_decorator.py
[2023-03-06T09:27:33.203+0000] {logging_mixin.py:137} INFO - [2023-03-06T09:27:33.202+0000] {dag.py:2690} INFO - Sync 1 DAGs
[2023-03-06T09:27:33.340+0000] {logging_mixin.py:137} INFO - [2023-03-06T09:27:33.340+0000] {dag.py:3441} INFO - Setting next_dagrun for example_short_circuit_decorator to 2023-03-05T09:27:33.339598+00:00, run_after=2023-03-06T09:27:33.339598+00:00
[2023-03-06T09:27:33.386+0000] {processor.py:175} INFO - Processing /home/airflow/.local/lib/python3.7/site-packages/airflow/example_dags/example_short_circuit_decorator.py took 0.422 seconds
[2023-03-06T09:28:03.668+0000] {processor.py:153} INFO - Started process (PID=311) to work on /home/airflow/.local/lib/python3.7/site-packages/airflow/example_dags/example_short_circuit_decorator.py
[2023-03-06T09:28:03.672+0000] {processor.py:743} INFO - Processing file /home/airflow/.local/lib/python3.7/site-packages/airflow/example_dags/example_short_circuit_decorator.py for tasks to queue
[2023-03-06T09:28:03.678+0000] {logging_mixin.py:137} INFO - [2023-03-06T09:28:03.677+0000] {dagbag.py:538} INFO - Filling up the DagBag from /home/airflow/.local/lib/python3.7/site-packages/airflow/example_dags/example_short_circuit_decorator.py
[2023-03-06T09:28:03.836+0000] {processor.py:753} INFO - DAG(s) dict_keys(['example_short_circuit_decorator']) retrieved from /home/airflow/.local/lib/python3.7/site-packages/airflow/example_dags/example_short_circuit_decorator.py
[2023-03-06T09:28:03.990+0000] {logging_mixin.py:137} INFO - [2023-03-06T09:28:03.989+0000] {dag.py:2690} INFO - Sync 1 DAGs
[2023-03-06T09:28:04.148+0000] {logging_mixin.py:137} INFO - [2023-03-06T09:28:04.147+0000] {dag.py:3441} INFO - Setting next_dagrun for example_short_circuit_decorator to 2023-03-05T09:28:04.147009+00:00, run_after=2023-03-06T09:28:04.147009+00:00
[2023-03-06T09:28:04.366+0000] {processor.py:175} INFO - Processing /home/airflow/.local/lib/python3.7/site-packages/airflow/example_dags/example_short_circuit_decorator.py took 0.708 seconds
[2023-03-06T09:28:34.508+0000] {processor.py:153} INFO - Started process (PID=382) to work on /home/airflow/.local/lib/python3.7/site-packages/airflow/example_dags/example_short_circuit_decorator.py
[2023-03-06T09:28:34.512+0000] {processor.py:743} INFO - Processing file /home/airflow/.local/lib/python3.7/site-packages/airflow/example_dags/example_short_circuit_decorator.py for tasks to queue
[2023-03-06T09:28:34.516+0000] {logging_mixin.py:137} INFO - [2023-03-06T09:28:34.515+0000] {dagbag.py:538} INFO - Filling up the DagBag from /home/airflow/.local/lib/python3.7/site-packages/airflow/example_dags/example_short_circuit_decorator.py
[2023-03-06T09:28:34.607+0000] {processor.py:753} INFO - DAG(s) dict_keys(['example_short_circuit_decorator']) retrieved from /home/airflow/.local/lib/python3.7/site-packages/airflow/example_dags/example_short_circuit_decorator.py
[2023-03-06T09:28:34.690+0000] {logging_mixin.py:137} INFO - [2023-03-06T09:28:34.689+0000] {dag.py:2690} INFO - Sync 1 DAGs
[2023-03-06T09:28:34.784+0000] {logging_mixin.py:137} INFO - [2023-03-06T09:28:34.784+0000] {dag.py:3441} INFO - Setting next_dagrun for example_short_circuit_decorator to 2023-03-05T09:28:34.783373+00:00, run_after=2023-03-06T09:28:34.783373+00:00
[2023-03-06T09:28:34.844+0000] {processor.py:175} INFO - Processing /home/airflow/.local/lib/python3.7/site-packages/airflow/example_dags/example_short_circuit_decorator.py took 0.349 seconds
[2023-03-06T09:29:05.323+0000] {processor.py:153} INFO - Started process (PID=445) to work on /home/airflow/.local/lib/python3.7/site-packages/airflow/example_dags/example_short_circuit_decorator.py
[2023-03-06T09:29:05.325+0000] {processor.py:743} INFO - Processing file /home/airflow/.local/lib/python3.7/site-packages/airflow/example_dags/example_short_circuit_decorator.py for tasks to queue
[2023-03-06T09:29:05.328+0000] {logging_mixin.py:137} INFO - [2023-03-06T09:29:05.327+0000] {dagbag.py:538} INFO - Filling up the DagBag from /home/airflow/.local/lib/python3.7/site-packages/airflow/example_dags/example_short_circuit_decorator.py
[2023-03-06T09:29:05.442+0000] {processor.py:753} INFO - DAG(s) dict_keys(['example_short_circuit_decorator']) retrieved from /home/airflow/.local/lib/python3.7/site-packages/airflow/example_dags/example_short_circuit_decorator.py
[2023-03-06T09:29:05.595+0000] {logging_mixin.py:137} INFO - [2023-03-06T09:29:05.595+0000] {dag.py:2690} INFO - Sync 1 DAGs
[2023-03-06T09:29:05.762+0000] {logging_mixin.py:137} INFO - [2023-03-06T09:29:05.761+0000] {dag.py:3441} INFO - Setting next_dagrun for example_short_circuit_decorator to 2023-03-05T09:29:05.759920+00:00, run_after=2023-03-06T09:29:05.759920+00:00
[2023-03-06T09:29:05.875+0000] {processor.py:175} INFO - Processing /home/airflow/.local/lib/python3.7/site-packages/airflow/example_dags/example_short_circuit_decorator.py took 0.563 seconds
[2023-03-06T09:29:36.598+0000] {processor.py:153} INFO - Started process (PID=508) to work on /home/airflow/.local/lib/python3.7/site-packages/airflow/example_dags/example_short_circuit_decorator.py
[2023-03-06T09:29:36.614+0000] {processor.py:743} INFO - Processing file /home/airflow/.local/lib/python3.7/site-packages/airflow/example_dags/example_short_circuit_decorator.py for tasks to queue
[2023-03-06T09:29:36.619+0000] {logging_mixin.py:137} INFO - [2023-03-06T09:29:36.619+0000] {dagbag.py:538} INFO - Filling up the DagBag from /home/airflow/.local/lib/python3.7/site-packages/airflow/example_dags/example_short_circuit_decorator.py
[2023-03-06T09:29:36.842+0000] {processor.py:753} INFO - DAG(s) dict_keys(['example_short_circuit_decorator']) retrieved from /home/airflow/.local/lib/python3.7/site-packages/airflow/example_dags/example_short_circuit_decorator.py
[2023-03-06T09:29:36.919+0000] {logging_mixin.py:137} INFO - [2023-03-06T09:29:36.919+0000] {dag.py:2690} INFO - Sync 1 DAGs
[2023-03-06T09:29:37.172+0000] {logging_mixin.py:137} INFO - [2023-03-06T09:29:37.172+0000] {dag.py:3441} INFO - Setting next_dagrun for example_short_circuit_decorator to 2023-03-05T09:29:37.171073+00:00, run_after=2023-03-06T09:29:37.171073+00:00
[2023-03-06T09:29:37.280+0000] {processor.py:175} INFO - Processing /home/airflow/.local/lib/python3.7/site-packages/airflow/example_dags/example_short_circuit_decorator.py took 0.712 seconds
[2023-03-06T09:30:08.252+0000] {processor.py:153} INFO - Started process (PID=572) to work on /home/airflow/.local/lib/python3.7/site-packages/airflow/example_dags/example_short_circuit_decorator.py
[2023-03-06T09:30:08.254+0000] {processor.py:743} INFO - Processing file /home/airflow/.local/lib/python3.7/site-packages/airflow/example_dags/example_short_circuit_decorator.py for tasks to queue
[2023-03-06T09:30:08.257+0000] {logging_mixin.py:137} INFO - [2023-03-06T09:30:08.256+0000] {dagbag.py:538} INFO - Filling up the DagBag from /home/airflow/.local/lib/python3.7/site-packages/airflow/example_dags/example_short_circuit_decorator.py
[2023-03-06T09:30:08.330+0000] {processor.py:753} INFO - DAG(s) dict_keys(['example_short_circuit_decorator']) retrieved from /home/airflow/.local/lib/python3.7/site-packages/airflow/example_dags/example_short_circuit_decorator.py
[2023-03-06T09:30:08.414+0000] {logging_mixin.py:137} INFO - [2023-03-06T09:30:08.414+0000] {dag.py:2690} INFO - Sync 1 DAGs
[2023-03-06T09:30:08.488+0000] {logging_mixin.py:137} INFO - [2023-03-06T09:30:08.488+0000] {dag.py:3441} INFO - Setting next_dagrun for example_short_circuit_decorator to 2023-03-05T09:30:08.488008+00:00, run_after=2023-03-06T09:30:08.488008+00:00
[2023-03-06T09:30:08.552+0000] {processor.py:175} INFO - Processing /home/airflow/.local/lib/python3.7/site-packages/airflow/example_dags/example_short_circuit_decorator.py took 0.310 seconds
[2023-03-06T09:30:39.165+0000] {processor.py:153} INFO - Started process (PID=638) to work on /home/airflow/.local/lib/python3.7/site-packages/airflow/example_dags/example_short_circuit_decorator.py
[2023-03-06T09:30:39.168+0000] {processor.py:743} INFO - Processing file /home/airflow/.local/lib/python3.7/site-packages/airflow/example_dags/example_short_circuit_decorator.py for tasks to queue
[2023-03-06T09:30:39.171+0000] {logging_mixin.py:137} INFO - [2023-03-06T09:30:39.171+0000] {dagbag.py:538} INFO - Filling up the DagBag from /home/airflow/.local/lib/python3.7/site-packages/airflow/example_dags/example_short_circuit_decorator.py
[2023-03-06T09:30:39.262+0000] {processor.py:753} INFO - DAG(s) dict_keys(['example_short_circuit_decorator']) retrieved from /home/airflow/.local/lib/python3.7/site-packages/airflow/example_dags/example_short_circuit_decorator.py
[2023-03-06T09:30:39.346+0000] {logging_mixin.py:137} INFO - [2023-03-06T09:30:39.346+0000] {dag.py:2690} INFO - Sync 1 DAGs
[2023-03-06T09:30:39.436+0000] {logging_mixin.py:137} INFO - [2023-03-06T09:30:39.436+0000] {dag.py:3441} INFO - Setting next_dagrun for example_short_circuit_decorator to 2023-03-05T09:30:39.435384+00:00, run_after=2023-03-06T09:30:39.435384+00:00
[2023-03-06T09:30:39.502+0000] {processor.py:175} INFO - Processing /home/airflow/.local/lib/python3.7/site-packages/airflow/example_dags/example_short_circuit_decorator.py took 0.350 seconds
[2023-03-06T09:31:10.185+0000] {processor.py:153} INFO - Started process (PID=702) to work on /home/airflow/.local/lib/python3.7/site-packages/airflow/example_dags/example_short_circuit_decorator.py
[2023-03-06T09:31:10.187+0000] {processor.py:743} INFO - Processing file /home/airflow/.local/lib/python3.7/site-packages/airflow/example_dags/example_short_circuit_decorator.py for tasks to queue
[2023-03-06T09:31:10.189+0000] {logging_mixin.py:137} INFO - [2023-03-06T09:31:10.189+0000] {dagbag.py:538} INFO - Filling up the DagBag from /home/airflow/.local/lib/python3.7/site-packages/airflow/example_dags/example_short_circuit_decorator.py
[2023-03-06T09:31:10.258+0000] {processor.py:753} INFO - DAG(s) dict_keys(['example_short_circuit_decorator']) retrieved from /home/airflow/.local/lib/python3.7/site-packages/airflow/example_dags/example_short_circuit_decorator.py
[2023-03-06T09:31:10.324+0000] {logging_mixin.py:137} INFO - [2023-03-06T09:31:10.324+0000] {dag.py:2690} INFO - Sync 1 DAGs
[2023-03-06T09:31:10.384+0000] {logging_mixin.py:137} INFO - [2023-03-06T09:31:10.383+0000] {dag.py:3441} INFO - Setting next_dagrun for example_short_circuit_decorator to 2023-03-05T09:31:10.383170+00:00, run_after=2023-03-06T09:31:10.383170+00:00
[2023-03-06T09:31:10.423+0000] {processor.py:175} INFO - Processing /home/airflow/.local/lib/python3.7/site-packages/airflow/example_dags/example_short_circuit_decorator.py took 0.246 seconds
[2023-03-06T09:31:40.981+0000] {processor.py:153} INFO - Started process (PID=764) to work on /home/airflow/.local/lib/python3.7/site-packages/airflow/example_dags/example_short_circuit_decorator.py
[2023-03-06T09:31:40.989+0000] {processor.py:743} INFO - Processing file /home/airflow/.local/lib/python3.7/site-packages/airflow/example_dags/example_short_circuit_decorator.py for tasks to queue
[2023-03-06T09:31:40.994+0000] {logging_mixin.py:137} INFO - [2023-03-06T09:31:40.993+0000] {dagbag.py:538} INFO - Filling up the DagBag from /home/airflow/.local/lib/python3.7/site-packages/airflow/example_dags/example_short_circuit_decorator.py
[2023-03-06T09:31:41.103+0000] {processor.py:753} INFO - DAG(s) dict_keys(['example_short_circuit_decorator']) retrieved from /home/airflow/.local/lib/python3.7/site-packages/airflow/example_dags/example_short_circuit_decorator.py
[2023-03-06T09:31:41.211+0000] {logging_mixin.py:137} INFO - [2023-03-06T09:31:41.211+0000] {dag.py:2690} INFO - Sync 1 DAGs
[2023-03-06T09:31:41.320+0000] {logging_mixin.py:137} INFO - [2023-03-06T09:31:41.320+0000] {dag.py:3441} INFO - Setting next_dagrun for example_short_circuit_decorator to 2023-03-05T09:31:41.319152+00:00, run_after=2023-03-06T09:31:41.319152+00:00
[2023-03-06T09:31:41.414+0000] {processor.py:175} INFO - Processing /home/airflow/.local/lib/python3.7/site-packages/airflow/example_dags/example_short_circuit_decorator.py took 0.451 seconds
[2023-03-06T09:32:11.749+0000] {processor.py:153} INFO - Started process (PID=824) to work on /home/airflow/.local/lib/python3.7/site-packages/airflow/example_dags/example_short_circuit_decorator.py
[2023-03-06T09:32:11.751+0000] {processor.py:743} INFO - Processing file /home/airflow/.local/lib/python3.7/site-packages/airflow/example_dags/example_short_circuit_decorator.py for tasks to queue
[2023-03-06T09:32:11.756+0000] {logging_mixin.py:137} INFO - [2023-03-06T09:32:11.755+0000] {dagbag.py:538} INFO - Filling up the DagBag from /home/airflow/.local/lib/python3.7/site-packages/airflow/example_dags/example_short_circuit_decorator.py
[2023-03-06T09:32:11.850+0000] {processor.py:753} INFO - DAG(s) dict_keys(['example_short_circuit_decorator']) retrieved from /home/airflow/.local/lib/python3.7/site-packages/airflow/example_dags/example_short_circuit_decorator.py
[2023-03-06T09:32:11.927+0000] {logging_mixin.py:137} INFO - [2023-03-06T09:32:11.927+0000] {dag.py:2690} INFO - Sync 1 DAGs
[2023-03-06T09:32:12.000+0000] {logging_mixin.py:137} INFO - [2023-03-06T09:32:11.999+0000] {dag.py:3441} INFO - Setting next_dagrun for example_short_circuit_decorator to 2023-03-05T09:32:11.999002+00:00, run_after=2023-03-06T09:32:11.999002+00:00
[2023-03-06T09:32:12.061+0000] {processor.py:175} INFO - Processing /home/airflow/.local/lib/python3.7/site-packages/airflow/example_dags/example_short_circuit_decorator.py took 0.325 seconds
[2023-03-06T09:32:42.367+0000] {processor.py:153} INFO - Started process (PID=892) to work on /home/airflow/.local/lib/python3.7/site-packages/airflow/example_dags/example_short_circuit_decorator.py
[2023-03-06T09:32:42.372+0000] {processor.py:743} INFO - Processing file /home/airflow/.local/lib/python3.7/site-packages/airflow/example_dags/example_short_circuit_decorator.py for tasks to queue
[2023-03-06T09:32:42.388+0000] {logging_mixin.py:137} INFO - [2023-03-06T09:32:42.387+0000] {dagbag.py:538} INFO - Filling up the DagBag from /home/airflow/.local/lib/python3.7/site-packages/airflow/example_dags/example_short_circuit_decorator.py
[2023-03-06T09:32:42.583+0000] {processor.py:753} INFO - DAG(s) dict_keys(['example_short_circuit_decorator']) retrieved from /home/airflow/.local/lib/python3.7/site-packages/airflow/example_dags/example_short_circuit_decorator.py
[2023-03-06T09:32:42.657+0000] {logging_mixin.py:137} INFO - [2023-03-06T09:32:42.657+0000] {dag.py:2690} INFO - Sync 1 DAGs
[2023-03-06T09:32:42.728+0000] {logging_mixin.py:137} INFO - [2023-03-06T09:32:42.728+0000] {dag.py:3441} INFO - Setting next_dagrun for example_short_circuit_decorator to 2023-03-05T09:32:42.727619+00:00, run_after=2023-03-06T09:32:42.727619+00:00
[2023-03-06T09:32:42.779+0000] {processor.py:175} INFO - Processing /home/airflow/.local/lib/python3.7/site-packages/airflow/example_dags/example_short_circuit_decorator.py took 0.438 seconds
[2023-03-06T09:33:12.984+0000] {processor.py:153} INFO - Started process (PID=955) to work on /home/airflow/.local/lib/python3.7/site-packages/airflow/example_dags/example_short_circuit_decorator.py
[2023-03-06T09:33:12.988+0000] {processor.py:743} INFO - Processing file /home/airflow/.local/lib/python3.7/site-packages/airflow/example_dags/example_short_circuit_decorator.py for tasks to queue
[2023-03-06T09:33:12.994+0000] {logging_mixin.py:137} INFO - [2023-03-06T09:33:12.993+0000] {dagbag.py:538} INFO - Filling up the DagBag from /home/airflow/.local/lib/python3.7/site-packages/airflow/example_dags/example_short_circuit_decorator.py
[2023-03-06T09:33:13.068+0000] {processor.py:753} INFO - DAG(s) dict_keys(['example_short_circuit_decorator']) retrieved from /home/airflow/.local/lib/python3.7/site-packages/airflow/example_dags/example_short_circuit_decorator.py
[2023-03-06T09:33:13.174+0000] {logging_mixin.py:137} INFO - [2023-03-06T09:33:13.173+0000] {dag.py:2690} INFO - Sync 1 DAGs
[2023-03-06T09:33:13.317+0000] {logging_mixin.py:137} INFO - [2023-03-06T09:33:13.316+0000] {dag.py:3441} INFO - Setting next_dagrun for example_short_circuit_decorator to 2023-03-05T09:33:13.315704+00:00, run_after=2023-03-06T09:33:13.315704+00:00
[2023-03-06T09:33:13.380+0000] {processor.py:175} INFO - Processing /home/airflow/.local/lib/python3.7/site-packages/airflow/example_dags/example_short_circuit_decorator.py took 0.408 seconds
[2023-03-06T09:33:43.480+0000] {processor.py:153} INFO - Started process (PID=1014) to work on /home/airflow/.local/lib/python3.7/site-packages/airflow/example_dags/example_short_circuit_decorator.py
[2023-03-06T09:33:43.484+0000] {processor.py:743} INFO - Processing file /home/airflow/.local/lib/python3.7/site-packages/airflow/example_dags/example_short_circuit_decorator.py for tasks to queue
[2023-03-06T09:33:43.487+0000] {logging_mixin.py:137} INFO - [2023-03-06T09:33:43.486+0000] {dagbag.py:538} INFO - Filling up the DagBag from /home/airflow/.local/lib/python3.7/site-packages/airflow/example_dags/example_short_circuit_decorator.py
[2023-03-06T09:33:43.580+0000] {processor.py:753} INFO - DAG(s) dict_keys(['example_short_circuit_decorator']) retrieved from /home/airflow/.local/lib/python3.7/site-packages/airflow/example_dags/example_short_circuit_decorator.py
[2023-03-06T09:33:43.656+0000] {logging_mixin.py:137} INFO - [2023-03-06T09:33:43.656+0000] {dag.py:2690} INFO - Sync 1 DAGs
[2023-03-06T09:33:43.750+0000] {logging_mixin.py:137} INFO - [2023-03-06T09:33:43.750+0000] {dag.py:3441} INFO - Setting next_dagrun for example_short_circuit_decorator to 2023-03-05T09:33:43.749448+00:00, run_after=2023-03-06T09:33:43.749448+00:00
[2023-03-06T09:33:43.810+0000] {processor.py:175} INFO - Processing /home/airflow/.local/lib/python3.7/site-packages/airflow/example_dags/example_short_circuit_decorator.py took 0.340 seconds
[2023-03-06T09:34:14.361+0000] {processor.py:153} INFO - Started process (PID=1077) to work on /home/airflow/.local/lib/python3.7/site-packages/airflow/example_dags/example_short_circuit_decorator.py
[2023-03-06T09:34:14.365+0000] {processor.py:743} INFO - Processing file /home/airflow/.local/lib/python3.7/site-packages/airflow/example_dags/example_short_circuit_decorator.py for tasks to queue
[2023-03-06T09:34:14.370+0000] {logging_mixin.py:137} INFO - [2023-03-06T09:34:14.369+0000] {dagbag.py:538} INFO - Filling up the DagBag from /home/airflow/.local/lib/python3.7/site-packages/airflow/example_dags/example_short_circuit_decorator.py
[2023-03-06T09:34:14.461+0000] {processor.py:753} INFO - DAG(s) dict_keys(['example_short_circuit_decorator']) retrieved from /home/airflow/.local/lib/python3.7/site-packages/airflow/example_dags/example_short_circuit_decorator.py
[2023-03-06T09:34:14.542+0000] {logging_mixin.py:137} INFO - [2023-03-06T09:34:14.542+0000] {dag.py:2690} INFO - Sync 1 DAGs
[2023-03-06T09:34:14.611+0000] {logging_mixin.py:137} INFO - [2023-03-06T09:34:14.610+0000] {dag.py:3441} INFO - Setting next_dagrun for example_short_circuit_decorator to 2023-03-05T09:34:14.609537+00:00, run_after=2023-03-06T09:34:14.609537+00:00
[2023-03-06T09:34:14.658+0000] {processor.py:175} INFO - Processing /home/airflow/.local/lib/python3.7/site-packages/airflow/example_dags/example_short_circuit_decorator.py took 0.309 seconds
[2023-03-06T09:34:45.280+0000] {processor.py:153} INFO - Started process (PID=1138) to work on /home/airflow/.local/lib/python3.7/site-packages/airflow/example_dags/example_short_circuit_decorator.py
[2023-03-06T09:34:45.285+0000] {processor.py:743} INFO - Processing file /home/airflow/.local/lib/python3.7/site-packages/airflow/example_dags/example_short_circuit_decorator.py for tasks to queue
[2023-03-06T09:34:45.288+0000] {logging_mixin.py:137} INFO - [2023-03-06T09:34:45.287+0000] {dagbag.py:538} INFO - Filling up the DagBag from /home/airflow/.local/lib/python3.7/site-packages/airflow/example_dags/example_short_circuit_decorator.py
[2023-03-06T09:34:45.395+0000] {processor.py:753} INFO - DAG(s) dict_keys(['example_short_circuit_decorator']) retrieved from /home/airflow/.local/lib/python3.7/site-packages/airflow/example_dags/example_short_circuit_decorator.py
[2023-03-06T09:34:45.471+0000] {logging_mixin.py:137} INFO - [2023-03-06T09:34:45.470+0000] {dag.py:2690} INFO - Sync 1 DAGs
[2023-03-06T09:34:45.545+0000] {logging_mixin.py:137} INFO - [2023-03-06T09:34:45.544+0000] {dag.py:3441} INFO - Setting next_dagrun for example_short_circuit_decorator to 2023-03-05T09:34:45.543819+00:00, run_after=2023-03-06T09:34:45.543819+00:00
[2023-03-06T09:34:45.603+0000] {processor.py:175} INFO - Processing /home/airflow/.local/lib/python3.7/site-packages/airflow/example_dags/example_short_circuit_decorator.py took 0.339 seconds
[2023-03-06T09:35:15.875+0000] {processor.py:153} INFO - Started process (PID=1201) to work on /home/airflow/.local/lib/python3.7/site-packages/airflow/example_dags/example_short_circuit_decorator.py
[2023-03-06T09:35:15.879+0000] {processor.py:743} INFO - Processing file /home/airflow/.local/lib/python3.7/site-packages/airflow/example_dags/example_short_circuit_decorator.py for tasks to queue
[2023-03-06T09:35:15.884+0000] {logging_mixin.py:137} INFO - [2023-03-06T09:35:15.883+0000] {dagbag.py:538} INFO - Filling up the DagBag from /home/airflow/.local/lib/python3.7/site-packages/airflow/example_dags/example_short_circuit_decorator.py
[2023-03-06T09:35:15.978+0000] {processor.py:753} INFO - DAG(s) dict_keys(['example_short_circuit_decorator']) retrieved from /home/airflow/.local/lib/python3.7/site-packages/airflow/example_dags/example_short_circuit_decorator.py
[2023-03-06T09:35:16.051+0000] {logging_mixin.py:137} INFO - [2023-03-06T09:35:16.050+0000] {dag.py:2690} INFO - Sync 1 DAGs
[2023-03-06T09:35:16.129+0000] {logging_mixin.py:137} INFO - [2023-03-06T09:35:16.129+0000] {dag.py:3441} INFO - Setting next_dagrun for example_short_circuit_decorator to 2023-03-05T09:35:16.128606+00:00, run_after=2023-03-06T09:35:16.128606+00:00
[2023-03-06T09:35:16.185+0000] {processor.py:175} INFO - Processing /home/airflow/.local/lib/python3.7/site-packages/airflow/example_dags/example_short_circuit_decorator.py took 0.322 seconds
[2023-03-06T09:35:47.357+0000] {processor.py:153} INFO - Started process (PID=1266) to work on /home/airflow/.local/lib/python3.7/site-packages/airflow/example_dags/example_short_circuit_decorator.py
[2023-03-06T09:35:47.360+0000] {processor.py:743} INFO - Processing file /home/airflow/.local/lib/python3.7/site-packages/airflow/example_dags/example_short_circuit_decorator.py for tasks to queue
[2023-03-06T09:35:47.362+0000] {logging_mixin.py:137} INFO - [2023-03-06T09:35:47.362+0000] {dagbag.py:538} INFO - Filling up the DagBag from /home/airflow/.local/lib/python3.7/site-packages/airflow/example_dags/example_short_circuit_decorator.py
[2023-03-06T09:35:47.447+0000] {processor.py:753} INFO - DAG(s) dict_keys(['example_short_circuit_decorator']) retrieved from /home/airflow/.local/lib/python3.7/site-packages/airflow/example_dags/example_short_circuit_decorator.py
[2023-03-06T09:35:47.534+0000] {logging_mixin.py:137} INFO - [2023-03-06T09:35:47.533+0000] {dag.py:2690} INFO - Sync 1 DAGs
[2023-03-06T09:35:47.694+0000] {logging_mixin.py:137} INFO - [2023-03-06T09:35:47.694+0000] {dag.py:3441} INFO - Setting next_dagrun for example_short_circuit_decorator to 2023-03-05T09:35:47.693858+00:00, run_after=2023-03-06T09:35:47.693858+00:00
[2023-03-06T09:35:47.759+0000] {processor.py:175} INFO - Processing /home/airflow/.local/lib/python3.7/site-packages/airflow/example_dags/example_short_circuit_decorator.py took 0.412 seconds
[2023-03-06T09:36:17.989+0000] {processor.py:153} INFO - Started process (PID=1328) to work on /home/airflow/.local/lib/python3.7/site-packages/airflow/example_dags/example_short_circuit_decorator.py
[2023-03-06T09:36:17.992+0000] {processor.py:743} INFO - Processing file /home/airflow/.local/lib/python3.7/site-packages/airflow/example_dags/example_short_circuit_decorator.py for tasks to queue
[2023-03-06T09:36:17.995+0000] {logging_mixin.py:137} INFO - [2023-03-06T09:36:17.995+0000] {dagbag.py:538} INFO - Filling up the DagBag from /home/airflow/.local/lib/python3.7/site-packages/airflow/example_dags/example_short_circuit_decorator.py
[2023-03-06T09:36:18.070+0000] {processor.py:753} INFO - DAG(s) dict_keys(['example_short_circuit_decorator']) retrieved from /home/airflow/.local/lib/python3.7/site-packages/airflow/example_dags/example_short_circuit_decorator.py
[2023-03-06T09:36:18.146+0000] {logging_mixin.py:137} INFO - [2023-03-06T09:36:18.145+0000] {dag.py:2690} INFO - Sync 1 DAGs
[2023-03-06T09:36:18.224+0000] {logging_mixin.py:137} INFO - [2023-03-06T09:36:18.224+0000] {dag.py:3441} INFO - Setting next_dagrun for example_short_circuit_decorator to 2023-03-05T09:36:18.223416+00:00, run_after=2023-03-06T09:36:18.223416+00:00
[2023-03-06T09:36:18.277+0000] {processor.py:175} INFO - Processing /home/airflow/.local/lib/python3.7/site-packages/airflow/example_dags/example_short_circuit_decorator.py took 0.297 seconds
[2023-03-06T09:36:48.597+0000] {processor.py:153} INFO - Started process (PID=1384) to work on /home/airflow/.local/lib/python3.7/site-packages/airflow/example_dags/example_short_circuit_decorator.py
[2023-03-06T09:36:48.600+0000] {processor.py:743} INFO - Processing file /home/airflow/.local/lib/python3.7/site-packages/airflow/example_dags/example_short_circuit_decorator.py for tasks to queue
[2023-03-06T09:36:48.604+0000] {logging_mixin.py:137} INFO - [2023-03-06T09:36:48.603+0000] {dagbag.py:538} INFO - Filling up the DagBag from /home/airflow/.local/lib/python3.7/site-packages/airflow/example_dags/example_short_circuit_decorator.py
[2023-03-06T09:36:48.664+0000] {processor.py:753} INFO - DAG(s) dict_keys(['example_short_circuit_decorator']) retrieved from /home/airflow/.local/lib/python3.7/site-packages/airflow/example_dags/example_short_circuit_decorator.py
[2023-03-06T09:36:48.723+0000] {logging_mixin.py:137} INFO - [2023-03-06T09:36:48.722+0000] {dag.py:2690} INFO - Sync 1 DAGs
[2023-03-06T09:36:48.785+0000] {logging_mixin.py:137} INFO - [2023-03-06T09:36:48.784+0000] {dag.py:3441} INFO - Setting next_dagrun for example_short_circuit_decorator to 2023-03-05T09:36:48.784202+00:00, run_after=2023-03-06T09:36:48.784202+00:00
[2023-03-06T09:36:48.835+0000] {processor.py:175} INFO - Processing /home/airflow/.local/lib/python3.7/site-packages/airflow/example_dags/example_short_circuit_decorator.py took 0.246 seconds
[2023-03-06T09:37:19.123+0000] {processor.py:153} INFO - Started process (PID=1448) to work on /home/airflow/.local/lib/python3.7/site-packages/airflow/example_dags/example_short_circuit_decorator.py
[2023-03-06T09:37:19.129+0000] {processor.py:743} INFO - Processing file /home/airflow/.local/lib/python3.7/site-packages/airflow/example_dags/example_short_circuit_decorator.py for tasks to queue
[2023-03-06T09:37:19.133+0000] {logging_mixin.py:137} INFO - [2023-03-06T09:37:19.132+0000] {dagbag.py:538} INFO - Filling up the DagBag from /home/airflow/.local/lib/python3.7/site-packages/airflow/example_dags/example_short_circuit_decorator.py
[2023-03-06T09:37:19.209+0000] {processor.py:753} INFO - DAG(s) dict_keys(['example_short_circuit_decorator']) retrieved from /home/airflow/.local/lib/python3.7/site-packages/airflow/example_dags/example_short_circuit_decorator.py
[2023-03-06T09:37:19.322+0000] {logging_mixin.py:137} INFO - [2023-03-06T09:37:19.321+0000] {dag.py:2690} INFO - Sync 1 DAGs
[2023-03-06T09:37:19.421+0000] {logging_mixin.py:137} INFO - [2023-03-06T09:37:19.420+0000] {dag.py:3441} INFO - Setting next_dagrun for example_short_circuit_decorator to 2023-03-05T09:37:19.419985+00:00, run_after=2023-03-06T09:37:19.419985+00:00
[2023-03-06T09:37:19.486+0000] {processor.py:175} INFO - Processing /home/airflow/.local/lib/python3.7/site-packages/airflow/example_dags/example_short_circuit_decorator.py took 0.373 seconds
[2023-03-06T09:37:50.221+0000] {processor.py:153} INFO - Started process (PID=1511) to work on /home/airflow/.local/lib/python3.7/site-packages/airflow/example_dags/example_short_circuit_decorator.py
[2023-03-06T09:37:50.225+0000] {processor.py:743} INFO - Processing file /home/airflow/.local/lib/python3.7/site-packages/airflow/example_dags/example_short_circuit_decorator.py for tasks to queue
[2023-03-06T09:37:50.228+0000] {logging_mixin.py:137} INFO - [2023-03-06T09:37:50.227+0000] {dagbag.py:538} INFO - Filling up the DagBag from /home/airflow/.local/lib/python3.7/site-packages/airflow/example_dags/example_short_circuit_decorator.py
[2023-03-06T09:37:50.299+0000] {processor.py:753} INFO - DAG(s) dict_keys(['example_short_circuit_decorator']) retrieved from /home/airflow/.local/lib/python3.7/site-packages/airflow/example_dags/example_short_circuit_decorator.py
[2023-03-06T09:37:50.384+0000] {logging_mixin.py:137} INFO - [2023-03-06T09:37:50.384+0000] {dag.py:2690} INFO - Sync 1 DAGs
[2023-03-06T09:37:50.472+0000] {logging_mixin.py:137} INFO - [2023-03-06T09:37:50.472+0000] {dag.py:3441} INFO - Setting next_dagrun for example_short_circuit_decorator to 2023-03-05T09:37:50.471309+00:00, run_after=2023-03-06T09:37:50.471309+00:00
[2023-03-06T09:37:50.571+0000] {processor.py:175} INFO - Processing /home/airflow/.local/lib/python3.7/site-packages/airflow/example_dags/example_short_circuit_decorator.py took 0.359 seconds
[2023-03-06T09:38:20.996+0000] {processor.py:153} INFO - Started process (PID=1574) to work on /home/airflow/.local/lib/python3.7/site-packages/airflow/example_dags/example_short_circuit_decorator.py
[2023-03-06T09:38:20.999+0000] {processor.py:743} INFO - Processing file /home/airflow/.local/lib/python3.7/site-packages/airflow/example_dags/example_short_circuit_decorator.py for tasks to queue
[2023-03-06T09:38:21.005+0000] {logging_mixin.py:137} INFO - [2023-03-06T09:38:21.004+0000] {dagbag.py:538} INFO - Filling up the DagBag from /home/airflow/.local/lib/python3.7/site-packages/airflow/example_dags/example_short_circuit_decorator.py
[2023-03-06T09:38:21.094+0000] {processor.py:753} INFO - DAG(s) dict_keys(['example_short_circuit_decorator']) retrieved from /home/airflow/.local/lib/python3.7/site-packages/airflow/example_dags/example_short_circuit_decorator.py
[2023-03-06T09:38:21.173+0000] {logging_mixin.py:137} INFO - [2023-03-06T09:38:21.173+0000] {dag.py:2690} INFO - Sync 1 DAGs
[2023-03-06T09:38:21.246+0000] {logging_mixin.py:137} INFO - [2023-03-06T09:38:21.246+0000] {dag.py:3441} INFO - Setting next_dagrun for example_short_circuit_decorator to 2023-03-05T09:38:21.245295+00:00, run_after=2023-03-06T09:38:21.245295+00:00
[2023-03-06T09:38:21.314+0000] {processor.py:175} INFO - Processing /home/airflow/.local/lib/python3.7/site-packages/airflow/example_dags/example_short_circuit_decorator.py took 0.328 seconds
[2023-03-06T09:38:52.019+0000] {processor.py:153} INFO - Started process (PID=1636) to work on /home/airflow/.local/lib/python3.7/site-packages/airflow/example_dags/example_short_circuit_decorator.py
[2023-03-06T09:38:52.021+0000] {processor.py:743} INFO - Processing file /home/airflow/.local/lib/python3.7/site-packages/airflow/example_dags/example_short_circuit_decorator.py for tasks to queue
[2023-03-06T09:38:52.024+0000] {logging_mixin.py:137} INFO - [2023-03-06T09:38:52.023+0000] {dagbag.py:538} INFO - Filling up the DagBag from /home/airflow/.local/lib/python3.7/site-packages/airflow/example_dags/example_short_circuit_decorator.py
[2023-03-06T09:38:52.092+0000] {processor.py:753} INFO - DAG(s) dict_keys(['example_short_circuit_decorator']) retrieved from /home/airflow/.local/lib/python3.7/site-packages/airflow/example_dags/example_short_circuit_decorator.py
[2023-03-06T09:38:52.161+0000] {logging_mixin.py:137} INFO - [2023-03-06T09:38:52.160+0000] {dag.py:2690} INFO - Sync 1 DAGs
[2023-03-06T09:38:52.229+0000] {logging_mixin.py:137} INFO - [2023-03-06T09:38:52.229+0000] {dag.py:3441} INFO - Setting next_dagrun for example_short_circuit_decorator to 2023-03-05T09:38:52.228738+00:00, run_after=2023-03-06T09:38:52.228738+00:00
[2023-03-06T09:38:52.284+0000] {processor.py:175} INFO - Processing /home/airflow/.local/lib/python3.7/site-packages/airflow/example_dags/example_short_circuit_decorator.py took 0.275 seconds
[2023-03-06T09:39:23.093+0000] {processor.py:153} INFO - Started process (PID=1699) to work on /home/airflow/.local/lib/python3.7/site-packages/airflow/example_dags/example_short_circuit_decorator.py
[2023-03-06T09:39:23.098+0000] {processor.py:743} INFO - Processing file /home/airflow/.local/lib/python3.7/site-packages/airflow/example_dags/example_short_circuit_decorator.py for tasks to queue
[2023-03-06T09:39:23.102+0000] {logging_mixin.py:137} INFO - [2023-03-06T09:39:23.101+0000] {dagbag.py:538} INFO - Filling up the DagBag from /home/airflow/.local/lib/python3.7/site-packages/airflow/example_dags/example_short_circuit_decorator.py
[2023-03-06T09:39:23.200+0000] {processor.py:753} INFO - DAG(s) dict_keys(['example_short_circuit_decorator']) retrieved from /home/airflow/.local/lib/python3.7/site-packages/airflow/example_dags/example_short_circuit_decorator.py
[2023-03-06T09:39:23.289+0000] {logging_mixin.py:137} INFO - [2023-03-06T09:39:23.289+0000] {dag.py:2690} INFO - Sync 1 DAGs
[2023-03-06T09:39:23.354+0000] {logging_mixin.py:137} INFO - [2023-03-06T09:39:23.354+0000] {dag.py:3441} INFO - Setting next_dagrun for example_short_circuit_decorator to 2023-03-05T09:39:23.354091+00:00, run_after=2023-03-06T09:39:23.354091+00:00
[2023-03-06T09:39:23.405+0000] {processor.py:175} INFO - Processing /home/airflow/.local/lib/python3.7/site-packages/airflow/example_dags/example_short_circuit_decorator.py took 0.336 seconds
[2023-03-06T09:39:53.896+0000] {processor.py:153} INFO - Started process (PID=1763) to work on /home/airflow/.local/lib/python3.7/site-packages/airflow/example_dags/example_short_circuit_decorator.py
[2023-03-06T09:39:53.899+0000] {processor.py:743} INFO - Processing file /home/airflow/.local/lib/python3.7/site-packages/airflow/example_dags/example_short_circuit_decorator.py for tasks to queue
[2023-03-06T09:39:53.903+0000] {logging_mixin.py:137} INFO - [2023-03-06T09:39:53.902+0000] {dagbag.py:538} INFO - Filling up the DagBag from /home/airflow/.local/lib/python3.7/site-packages/airflow/example_dags/example_short_circuit_decorator.py
[2023-03-06T09:39:53.975+0000] {processor.py:753} INFO - DAG(s) dict_keys(['example_short_circuit_decorator']) retrieved from /home/airflow/.local/lib/python3.7/site-packages/airflow/example_dags/example_short_circuit_decorator.py
[2023-03-06T09:39:54.071+0000] {logging_mixin.py:137} INFO - [2023-03-06T09:39:54.070+0000] {dag.py:2690} INFO - Sync 1 DAGs
[2023-03-06T09:39:54.148+0000] {logging_mixin.py:137} INFO - [2023-03-06T09:39:54.147+0000] {dag.py:3441} INFO - Setting next_dagrun for example_short_circuit_decorator to 2023-03-05T09:39:54.146894+00:00, run_after=2023-03-06T09:39:54.146894+00:00
[2023-03-06T09:39:54.214+0000] {processor.py:175} INFO - Processing /home/airflow/.local/lib/python3.7/site-packages/airflow/example_dags/example_short_circuit_decorator.py took 0.327 seconds
[2023-03-06T09:40:26.047+0000] {processor.py:153} INFO - Started process (PID=1826) to work on /home/airflow/.local/lib/python3.7/site-packages/airflow/example_dags/example_short_circuit_decorator.py
[2023-03-06T09:40:26.051+0000] {processor.py:743} INFO - Processing file /home/airflow/.local/lib/python3.7/site-packages/airflow/example_dags/example_short_circuit_decorator.py for tasks to queue
[2023-03-06T09:40:26.058+0000] {logging_mixin.py:137} INFO - [2023-03-06T09:40:26.057+0000] {dagbag.py:538} INFO - Filling up the DagBag from /home/airflow/.local/lib/python3.7/site-packages/airflow/example_dags/example_short_circuit_decorator.py
[2023-03-06T09:40:26.180+0000] {processor.py:753} INFO - DAG(s) dict_keys(['example_short_circuit_decorator']) retrieved from /home/airflow/.local/lib/python3.7/site-packages/airflow/example_dags/example_short_circuit_decorator.py
[2023-03-06T09:40:26.262+0000] {logging_mixin.py:137} INFO - [2023-03-06T09:40:26.261+0000] {dag.py:2690} INFO - Sync 1 DAGs
[2023-03-06T09:40:26.351+0000] {logging_mixin.py:137} INFO - [2023-03-06T09:40:26.350+0000] {dag.py:3441} INFO - Setting next_dagrun for example_short_circuit_decorator to 2023-03-05T09:40:26.350053+00:00, run_after=2023-03-06T09:40:26.350053+00:00
[2023-03-06T09:40:26.412+0000] {processor.py:175} INFO - Processing /home/airflow/.local/lib/python3.7/site-packages/airflow/example_dags/example_short_circuit_decorator.py took 0.379 seconds
[2023-03-06T09:40:57.171+0000] {processor.py:153} INFO - Started process (PID=1889) to work on /home/airflow/.local/lib/python3.7/site-packages/airflow/example_dags/example_short_circuit_decorator.py
[2023-03-06T09:40:57.175+0000] {processor.py:743} INFO - Processing file /home/airflow/.local/lib/python3.7/site-packages/airflow/example_dags/example_short_circuit_decorator.py for tasks to queue
[2023-03-06T09:40:57.180+0000] {logging_mixin.py:137} INFO - [2023-03-06T09:40:57.179+0000] {dagbag.py:538} INFO - Filling up the DagBag from /home/airflow/.local/lib/python3.7/site-packages/airflow/example_dags/example_short_circuit_decorator.py
[2023-03-06T09:40:57.275+0000] {processor.py:753} INFO - DAG(s) dict_keys(['example_short_circuit_decorator']) retrieved from /home/airflow/.local/lib/python3.7/site-packages/airflow/example_dags/example_short_circuit_decorator.py
[2023-03-06T09:40:57.379+0000] {logging_mixin.py:137} INFO - [2023-03-06T09:40:57.378+0000] {dag.py:2690} INFO - Sync 1 DAGs
[2023-03-06T09:40:57.464+0000] {logging_mixin.py:137} INFO - [2023-03-06T09:40:57.464+0000] {dag.py:3441} INFO - Setting next_dagrun for example_short_circuit_decorator to 2023-03-05T09:40:57.463597+00:00, run_after=2023-03-06T09:40:57.463597+00:00
[2023-03-06T09:40:57.561+0000] {processor.py:175} INFO - Processing /home/airflow/.local/lib/python3.7/site-packages/airflow/example_dags/example_short_circuit_decorator.py took 0.403 seconds
[2023-03-06T09:41:27.736+0000] {processor.py:153} INFO - Started process (PID=1953) to work on /home/airflow/.local/lib/python3.7/site-packages/airflow/example_dags/example_short_circuit_decorator.py
[2023-03-06T09:41:27.741+0000] {processor.py:743} INFO - Processing file /home/airflow/.local/lib/python3.7/site-packages/airflow/example_dags/example_short_circuit_decorator.py for tasks to queue
[2023-03-06T09:41:27.746+0000] {logging_mixin.py:137} INFO - [2023-03-06T09:41:27.745+0000] {dagbag.py:538} INFO - Filling up the DagBag from /home/airflow/.local/lib/python3.7/site-packages/airflow/example_dags/example_short_circuit_decorator.py
[2023-03-06T09:41:27.825+0000] {processor.py:753} INFO - DAG(s) dict_keys(['example_short_circuit_decorator']) retrieved from /home/airflow/.local/lib/python3.7/site-packages/airflow/example_dags/example_short_circuit_decorator.py
[2023-03-06T09:41:27.914+0000] {logging_mixin.py:137} INFO - [2023-03-06T09:41:27.914+0000] {dag.py:2690} INFO - Sync 1 DAGs
[2023-03-06T09:41:28.011+0000] {logging_mixin.py:137} INFO - [2023-03-06T09:41:28.010+0000] {dag.py:3441} INFO - Setting next_dagrun for example_short_circuit_decorator to 2023-03-05T09:41:28.010367+00:00, run_after=2023-03-06T09:41:28.010367+00:00
[2023-03-06T09:41:28.060+0000] {processor.py:175} INFO - Processing /home/airflow/.local/lib/python3.7/site-packages/airflow/example_dags/example_short_circuit_decorator.py took 0.336 seconds
