[2023-03-06T09:25:59.029+0000] {processor.py:153} INFO - Started process (PID=64) to work on /home/airflow/.local/lib/python3.7/site-packages/airflow/example_dags/example_time_delta_sensor_async.py
[2023-03-06T09:25:59.033+0000] {processor.py:743} INFO - Processing file /home/airflow/.local/lib/python3.7/site-packages/airflow/example_dags/example_time_delta_sensor_async.py for tasks to queue
[2023-03-06T09:25:59.037+0000] {logging_mixin.py:137} INFO - [2023-03-06T09:25:59.036+0000] {dagbag.py:538} INFO - Filling up the DagBag from /home/airflow/.local/lib/python3.7/site-packages/airflow/example_dags/example_time_delta_sensor_async.py
[2023-03-06T09:25:59.103+0000] {processor.py:753} INFO - DAG(s) dict_keys(['example_time_delta_sensor_async']) retrieved from /home/airflow/.local/lib/python3.7/site-packages/airflow/example_dags/example_time_delta_sensor_async.py
[2023-03-06T09:25:59.277+0000] {logging_mixin.py:137} INFO - [2023-03-06T09:25:59.277+0000] {dag.py:2690} INFO - Sync 1 DAGs
[2023-03-06T09:25:59.436+0000] {logging_mixin.py:137} INFO - [2023-03-06T09:25:59.435+0000] {dag.py:3441} INFO - Setting next_dagrun for example_time_delta_sensor_async to None, run_after=None
[2023-03-06T09:25:59.592+0000] {processor.py:175} INFO - Processing /home/airflow/.local/lib/python3.7/site-packages/airflow/example_dags/example_time_delta_sensor_async.py took 0.571 seconds
[2023-03-06T09:26:30.195+0000] {processor.py:153} INFO - Started process (PID=120) to work on /home/airflow/.local/lib/python3.7/site-packages/airflow/example_dags/example_time_delta_sensor_async.py
[2023-03-06T09:26:30.198+0000] {processor.py:743} INFO - Processing file /home/airflow/.local/lib/python3.7/site-packages/airflow/example_dags/example_time_delta_sensor_async.py for tasks to queue
[2023-03-06T09:26:30.201+0000] {logging_mixin.py:137} INFO - [2023-03-06T09:26:30.200+0000] {dagbag.py:538} INFO - Filling up the DagBag from /home/airflow/.local/lib/python3.7/site-packages/airflow/example_dags/example_time_delta_sensor_async.py
[2023-03-06T09:26:30.232+0000] {processor.py:753} INFO - DAG(s) dict_keys(['example_time_delta_sensor_async']) retrieved from /home/airflow/.local/lib/python3.7/site-packages/airflow/example_dags/example_time_delta_sensor_async.py
[2023-03-06T09:26:30.308+0000] {logging_mixin.py:137} INFO - [2023-03-06T09:26:30.308+0000] {dag.py:2690} INFO - Sync 1 DAGs
[2023-03-06T09:26:30.370+0000] {logging_mixin.py:137} INFO - [2023-03-06T09:26:30.370+0000] {dag.py:3441} INFO - Setting next_dagrun for example_time_delta_sensor_async to None, run_after=None
[2023-03-06T09:26:30.542+0000] {processor.py:175} INFO - Processing /home/airflow/.local/lib/python3.7/site-packages/airflow/example_dags/example_time_delta_sensor_async.py took 0.361 seconds
[2023-03-06T09:27:00.711+0000] {processor.py:153} INFO - Started process (PID=182) to work on /home/airflow/.local/lib/python3.7/site-packages/airflow/example_dags/example_time_delta_sensor_async.py
[2023-03-06T09:27:00.713+0000] {processor.py:743} INFO - Processing file /home/airflow/.local/lib/python3.7/site-packages/airflow/example_dags/example_time_delta_sensor_async.py for tasks to queue
[2023-03-06T09:27:00.716+0000] {logging_mixin.py:137} INFO - [2023-03-06T09:27:00.716+0000] {dagbag.py:538} INFO - Filling up the DagBag from /home/airflow/.local/lib/python3.7/site-packages/airflow/example_dags/example_time_delta_sensor_async.py
[2023-03-06T09:27:00.747+0000] {processor.py:753} INFO - DAG(s) dict_keys(['example_time_delta_sensor_async']) retrieved from /home/airflow/.local/lib/python3.7/site-packages/airflow/example_dags/example_time_delta_sensor_async.py
[2023-03-06T09:27:00.819+0000] {logging_mixin.py:137} INFO - [2023-03-06T09:27:00.819+0000] {dag.py:2690} INFO - Sync 1 DAGs
[2023-03-06T09:27:00.895+0000] {logging_mixin.py:137} INFO - [2023-03-06T09:27:00.895+0000] {dag.py:3441} INFO - Setting next_dagrun for example_time_delta_sensor_async to None, run_after=None
[2023-03-06T09:27:01.003+0000] {processor.py:175} INFO - Processing /home/airflow/.local/lib/python3.7/site-packages/airflow/example_dags/example_time_delta_sensor_async.py took 0.304 seconds
[2023-03-06T09:27:31.443+0000] {processor.py:153} INFO - Started process (PID=245) to work on /home/airflow/.local/lib/python3.7/site-packages/airflow/example_dags/example_time_delta_sensor_async.py
[2023-03-06T09:27:31.445+0000] {processor.py:743} INFO - Processing file /home/airflow/.local/lib/python3.7/site-packages/airflow/example_dags/example_time_delta_sensor_async.py for tasks to queue
[2023-03-06T09:27:31.451+0000] {logging_mixin.py:137} INFO - [2023-03-06T09:27:31.451+0000] {dagbag.py:538} INFO - Filling up the DagBag from /home/airflow/.local/lib/python3.7/site-packages/airflow/example_dags/example_time_delta_sensor_async.py
[2023-03-06T09:27:31.480+0000] {processor.py:753} INFO - DAG(s) dict_keys(['example_time_delta_sensor_async']) retrieved from /home/airflow/.local/lib/python3.7/site-packages/airflow/example_dags/example_time_delta_sensor_async.py
[2023-03-06T09:27:31.544+0000] {logging_mixin.py:137} INFO - [2023-03-06T09:27:31.544+0000] {dag.py:2690} INFO - Sync 1 DAGs
[2023-03-06T09:27:31.605+0000] {logging_mixin.py:137} INFO - [2023-03-06T09:27:31.605+0000] {dag.py:3441} INFO - Setting next_dagrun for example_time_delta_sensor_async to None, run_after=None
[2023-03-06T09:27:31.653+0000] {processor.py:175} INFO - Processing /home/airflow/.local/lib/python3.7/site-packages/airflow/example_dags/example_time_delta_sensor_async.py took 0.218 seconds
[2023-03-06T09:28:02.758+0000] {processor.py:153} INFO - Started process (PID=308) to work on /home/airflow/.local/lib/python3.7/site-packages/airflow/example_dags/example_time_delta_sensor_async.py
[2023-03-06T09:28:02.760+0000] {processor.py:743} INFO - Processing file /home/airflow/.local/lib/python3.7/site-packages/airflow/example_dags/example_time_delta_sensor_async.py for tasks to queue
[2023-03-06T09:28:02.764+0000] {logging_mixin.py:137} INFO - [2023-03-06T09:28:02.763+0000] {dagbag.py:538} INFO - Filling up the DagBag from /home/airflow/.local/lib/python3.7/site-packages/airflow/example_dags/example_time_delta_sensor_async.py
[2023-03-06T09:28:02.811+0000] {processor.py:753} INFO - DAG(s) dict_keys(['example_time_delta_sensor_async']) retrieved from /home/airflow/.local/lib/python3.7/site-packages/airflow/example_dags/example_time_delta_sensor_async.py
[2023-03-06T09:28:02.902+0000] {logging_mixin.py:137} INFO - [2023-03-06T09:28:02.902+0000] {dag.py:2690} INFO - Sync 1 DAGs
[2023-03-06T09:28:03.004+0000] {logging_mixin.py:137} INFO - [2023-03-06T09:28:03.004+0000] {dag.py:3441} INFO - Setting next_dagrun for example_time_delta_sensor_async to None, run_after=None
[2023-03-06T09:28:03.058+0000] {processor.py:175} INFO - Processing /home/airflow/.local/lib/python3.7/site-packages/airflow/example_dags/example_time_delta_sensor_async.py took 0.312 seconds
[2023-03-06T09:28:33.588+0000] {processor.py:153} INFO - Started process (PID=377) to work on /home/airflow/.local/lib/python3.7/site-packages/airflow/example_dags/example_time_delta_sensor_async.py
[2023-03-06T09:28:33.592+0000] {processor.py:743} INFO - Processing file /home/airflow/.local/lib/python3.7/site-packages/airflow/example_dags/example_time_delta_sensor_async.py for tasks to queue
[2023-03-06T09:28:33.594+0000] {logging_mixin.py:137} INFO - [2023-03-06T09:28:33.594+0000] {dagbag.py:538} INFO - Filling up the DagBag from /home/airflow/.local/lib/python3.7/site-packages/airflow/example_dags/example_time_delta_sensor_async.py
[2023-03-06T09:28:33.626+0000] {processor.py:753} INFO - DAG(s) dict_keys(['example_time_delta_sensor_async']) retrieved from /home/airflow/.local/lib/python3.7/site-packages/airflow/example_dags/example_time_delta_sensor_async.py
[2023-03-06T09:28:33.728+0000] {logging_mixin.py:137} INFO - [2023-03-06T09:28:33.728+0000] {dag.py:2690} INFO - Sync 1 DAGs
[2023-03-06T09:28:33.815+0000] {logging_mixin.py:137} INFO - [2023-03-06T09:28:33.814+0000] {dag.py:3441} INFO - Setting next_dagrun for example_time_delta_sensor_async to None, run_after=None
[2023-03-06T09:28:33.890+0000] {processor.py:175} INFO - Processing /home/airflow/.local/lib/python3.7/site-packages/airflow/example_dags/example_time_delta_sensor_async.py took 0.311 seconds
[2023-03-06T09:29:04.212+0000] {processor.py:153} INFO - Started process (PID=442) to work on /home/airflow/.local/lib/python3.7/site-packages/airflow/example_dags/example_time_delta_sensor_async.py
[2023-03-06T09:29:04.215+0000] {processor.py:743} INFO - Processing file /home/airflow/.local/lib/python3.7/site-packages/airflow/example_dags/example_time_delta_sensor_async.py for tasks to queue
[2023-03-06T09:29:04.218+0000] {logging_mixin.py:137} INFO - [2023-03-06T09:29:04.217+0000] {dagbag.py:538} INFO - Filling up the DagBag from /home/airflow/.local/lib/python3.7/site-packages/airflow/example_dags/example_time_delta_sensor_async.py
[2023-03-06T09:29:04.261+0000] {processor.py:753} INFO - DAG(s) dict_keys(['example_time_delta_sensor_async']) retrieved from /home/airflow/.local/lib/python3.7/site-packages/airflow/example_dags/example_time_delta_sensor_async.py
[2023-03-06T09:29:04.344+0000] {logging_mixin.py:137} INFO - [2023-03-06T09:29:04.343+0000] {dag.py:2690} INFO - Sync 1 DAGs
[2023-03-06T09:29:04.442+0000] {logging_mixin.py:137} INFO - [2023-03-06T09:29:04.442+0000] {dag.py:3441} INFO - Setting next_dagrun for example_time_delta_sensor_async to None, run_after=None
[2023-03-06T09:29:04.541+0000] {processor.py:175} INFO - Processing /home/airflow/.local/lib/python3.7/site-packages/airflow/example_dags/example_time_delta_sensor_async.py took 0.342 seconds
[2023-03-06T09:29:34.892+0000] {processor.py:153} INFO - Started process (PID=503) to work on /home/airflow/.local/lib/python3.7/site-packages/airflow/example_dags/example_time_delta_sensor_async.py
[2023-03-06T09:29:34.897+0000] {processor.py:743} INFO - Processing file /home/airflow/.local/lib/python3.7/site-packages/airflow/example_dags/example_time_delta_sensor_async.py for tasks to queue
[2023-03-06T09:29:34.901+0000] {logging_mixin.py:137} INFO - [2023-03-06T09:29:34.900+0000] {dagbag.py:538} INFO - Filling up the DagBag from /home/airflow/.local/lib/python3.7/site-packages/airflow/example_dags/example_time_delta_sensor_async.py
[2023-03-06T09:29:34.931+0000] {processor.py:753} INFO - DAG(s) dict_keys(['example_time_delta_sensor_async']) retrieved from /home/airflow/.local/lib/python3.7/site-packages/airflow/example_dags/example_time_delta_sensor_async.py
[2023-03-06T09:29:35.004+0000] {logging_mixin.py:137} INFO - [2023-03-06T09:29:35.004+0000] {dag.py:2690} INFO - Sync 1 DAGs
[2023-03-06T09:29:35.098+0000] {logging_mixin.py:137} INFO - [2023-03-06T09:29:35.097+0000] {dag.py:3441} INFO - Setting next_dagrun for example_time_delta_sensor_async to None, run_after=None
[2023-03-06T09:29:35.339+0000] {processor.py:175} INFO - Processing /home/airflow/.local/lib/python3.7/site-packages/airflow/example_dags/example_time_delta_sensor_async.py took 0.458 seconds
[2023-03-06T09:30:05.573+0000] {processor.py:153} INFO - Started process (PID=560) to work on /home/airflow/.local/lib/python3.7/site-packages/airflow/example_dags/example_time_delta_sensor_async.py
[2023-03-06T09:30:05.577+0000] {processor.py:743} INFO - Processing file /home/airflow/.local/lib/python3.7/site-packages/airflow/example_dags/example_time_delta_sensor_async.py for tasks to queue
[2023-03-06T09:30:05.582+0000] {logging_mixin.py:137} INFO - [2023-03-06T09:30:05.582+0000] {dagbag.py:538} INFO - Filling up the DagBag from /home/airflow/.local/lib/python3.7/site-packages/airflow/example_dags/example_time_delta_sensor_async.py
[2023-03-06T09:30:05.626+0000] {processor.py:753} INFO - DAG(s) dict_keys(['example_time_delta_sensor_async']) retrieved from /home/airflow/.local/lib/python3.7/site-packages/airflow/example_dags/example_time_delta_sensor_async.py
[2023-03-06T09:30:05.712+0000] {logging_mixin.py:137} INFO - [2023-03-06T09:30:05.712+0000] {dag.py:2690} INFO - Sync 1 DAGs
[2023-03-06T09:30:05.781+0000] {logging_mixin.py:137} INFO - [2023-03-06T09:30:05.780+0000] {dag.py:3441} INFO - Setting next_dagrun for example_time_delta_sensor_async to None, run_after=None
[2023-03-06T09:30:05.839+0000] {processor.py:175} INFO - Processing /home/airflow/.local/lib/python3.7/site-packages/airflow/example_dags/example_time_delta_sensor_async.py took 0.278 seconds
[2023-03-06T09:30:36.509+0000] {processor.py:153} INFO - Started process (PID=630) to work on /home/airflow/.local/lib/python3.7/site-packages/airflow/example_dags/example_time_delta_sensor_async.py
[2023-03-06T09:30:36.512+0000] {processor.py:743} INFO - Processing file /home/airflow/.local/lib/python3.7/site-packages/airflow/example_dags/example_time_delta_sensor_async.py for tasks to queue
[2023-03-06T09:30:36.516+0000] {logging_mixin.py:137} INFO - [2023-03-06T09:30:36.515+0000] {dagbag.py:538} INFO - Filling up the DagBag from /home/airflow/.local/lib/python3.7/site-packages/airflow/example_dags/example_time_delta_sensor_async.py
[2023-03-06T09:30:36.546+0000] {processor.py:753} INFO - DAG(s) dict_keys(['example_time_delta_sensor_async']) retrieved from /home/airflow/.local/lib/python3.7/site-packages/airflow/example_dags/example_time_delta_sensor_async.py
[2023-03-06T09:30:36.632+0000] {logging_mixin.py:137} INFO - [2023-03-06T09:30:36.631+0000] {dag.py:2690} INFO - Sync 1 DAGs
[2023-03-06T09:30:36.757+0000] {logging_mixin.py:137} INFO - [2023-03-06T09:30:36.757+0000] {dag.py:3441} INFO - Setting next_dagrun for example_time_delta_sensor_async to None, run_after=None
[2023-03-06T09:30:36.944+0000] {processor.py:175} INFO - Processing /home/airflow/.local/lib/python3.7/site-packages/airflow/example_dags/example_time_delta_sensor_async.py took 0.444 seconds
[2023-03-06T09:31:07.278+0000] {processor.py:153} INFO - Started process (PID=696) to work on /home/airflow/.local/lib/python3.7/site-packages/airflow/example_dags/example_time_delta_sensor_async.py
[2023-03-06T09:31:07.281+0000] {processor.py:743} INFO - Processing file /home/airflow/.local/lib/python3.7/site-packages/airflow/example_dags/example_time_delta_sensor_async.py for tasks to queue
[2023-03-06T09:31:07.285+0000] {logging_mixin.py:137} INFO - [2023-03-06T09:31:07.284+0000] {dagbag.py:538} INFO - Filling up the DagBag from /home/airflow/.local/lib/python3.7/site-packages/airflow/example_dags/example_time_delta_sensor_async.py
[2023-03-06T09:31:07.340+0000] {processor.py:753} INFO - DAG(s) dict_keys(['example_time_delta_sensor_async']) retrieved from /home/airflow/.local/lib/python3.7/site-packages/airflow/example_dags/example_time_delta_sensor_async.py
[2023-03-06T09:31:07.495+0000] {logging_mixin.py:137} INFO - [2023-03-06T09:31:07.494+0000] {dag.py:2690} INFO - Sync 1 DAGs
[2023-03-06T09:31:07.567+0000] {logging_mixin.py:137} INFO - [2023-03-06T09:31:07.567+0000] {dag.py:3441} INFO - Setting next_dagrun for example_time_delta_sensor_async to None, run_after=None
[2023-03-06T09:31:07.688+0000] {processor.py:175} INFO - Processing /home/airflow/.local/lib/python3.7/site-packages/airflow/example_dags/example_time_delta_sensor_async.py took 0.422 seconds
[2023-03-06T09:31:38.539+0000] {processor.py:153} INFO - Started process (PID=758) to work on /home/airflow/.local/lib/python3.7/site-packages/airflow/example_dags/example_time_delta_sensor_async.py
[2023-03-06T09:31:38.543+0000] {processor.py:743} INFO - Processing file /home/airflow/.local/lib/python3.7/site-packages/airflow/example_dags/example_time_delta_sensor_async.py for tasks to queue
[2023-03-06T09:31:38.549+0000] {logging_mixin.py:137} INFO - [2023-03-06T09:31:38.548+0000] {dagbag.py:538} INFO - Filling up the DagBag from /home/airflow/.local/lib/python3.7/site-packages/airflow/example_dags/example_time_delta_sensor_async.py
[2023-03-06T09:31:38.598+0000] {processor.py:753} INFO - DAG(s) dict_keys(['example_time_delta_sensor_async']) retrieved from /home/airflow/.local/lib/python3.7/site-packages/airflow/example_dags/example_time_delta_sensor_async.py
[2023-03-06T09:31:38.688+0000] {logging_mixin.py:137} INFO - [2023-03-06T09:31:38.687+0000] {dag.py:2690} INFO - Sync 1 DAGs
[2023-03-06T09:31:38.788+0000] {logging_mixin.py:137} INFO - [2023-03-06T09:31:38.787+0000] {dag.py:3441} INFO - Setting next_dagrun for example_time_delta_sensor_async to None, run_after=None
[2023-03-06T09:31:38.881+0000] {processor.py:175} INFO - Processing /home/airflow/.local/lib/python3.7/site-packages/airflow/example_dags/example_time_delta_sensor_async.py took 0.356 seconds
[2023-03-06T09:32:09.597+0000] {processor.py:153} INFO - Started process (PID=821) to work on /home/airflow/.local/lib/python3.7/site-packages/airflow/example_dags/example_time_delta_sensor_async.py
[2023-03-06T09:32:09.603+0000] {processor.py:743} INFO - Processing file /home/airflow/.local/lib/python3.7/site-packages/airflow/example_dags/example_time_delta_sensor_async.py for tasks to queue
[2023-03-06T09:32:09.611+0000] {logging_mixin.py:137} INFO - [2023-03-06T09:32:09.609+0000] {dagbag.py:538} INFO - Filling up the DagBag from /home/airflow/.local/lib/python3.7/site-packages/airflow/example_dags/example_time_delta_sensor_async.py
[2023-03-06T09:32:09.717+0000] {processor.py:753} INFO - DAG(s) dict_keys(['example_time_delta_sensor_async']) retrieved from /home/airflow/.local/lib/python3.7/site-packages/airflow/example_dags/example_time_delta_sensor_async.py
[2023-03-06T09:32:09.904+0000] {logging_mixin.py:137} INFO - [2023-03-06T09:32:09.904+0000] {dag.py:2690} INFO - Sync 1 DAGs
[2023-03-06T09:32:10.085+0000] {logging_mixin.py:137} INFO - [2023-03-06T09:32:10.084+0000] {dag.py:3441} INFO - Setting next_dagrun for example_time_delta_sensor_async to None, run_after=None
[2023-03-06T09:32:10.215+0000] {processor.py:175} INFO - Processing /home/airflow/.local/lib/python3.7/site-packages/airflow/example_dags/example_time_delta_sensor_async.py took 0.633 seconds
[2023-03-06T09:32:40.601+0000] {processor.py:153} INFO - Started process (PID=889) to work on /home/airflow/.local/lib/python3.7/site-packages/airflow/example_dags/example_time_delta_sensor_async.py
[2023-03-06T09:32:40.604+0000] {processor.py:743} INFO - Processing file /home/airflow/.local/lib/python3.7/site-packages/airflow/example_dags/example_time_delta_sensor_async.py for tasks to queue
[2023-03-06T09:32:40.608+0000] {logging_mixin.py:137} INFO - [2023-03-06T09:32:40.607+0000] {dagbag.py:538} INFO - Filling up the DagBag from /home/airflow/.local/lib/python3.7/site-packages/airflow/example_dags/example_time_delta_sensor_async.py
[2023-03-06T09:32:40.644+0000] {processor.py:753} INFO - DAG(s) dict_keys(['example_time_delta_sensor_async']) retrieved from /home/airflow/.local/lib/python3.7/site-packages/airflow/example_dags/example_time_delta_sensor_async.py
[2023-03-06T09:32:40.715+0000] {logging_mixin.py:137} INFO - [2023-03-06T09:32:40.715+0000] {dag.py:2690} INFO - Sync 1 DAGs
[2023-03-06T09:32:40.796+0000] {logging_mixin.py:137} INFO - [2023-03-06T09:32:40.796+0000] {dag.py:3441} INFO - Setting next_dagrun for example_time_delta_sensor_async to None, run_after=None
[2023-03-06T09:32:40.855+0000] {processor.py:175} INFO - Processing /home/airflow/.local/lib/python3.7/site-packages/airflow/example_dags/example_time_delta_sensor_async.py took 0.264 seconds
[2023-03-06T09:33:11.219+0000] {processor.py:153} INFO - Started process (PID=952) to work on /home/airflow/.local/lib/python3.7/site-packages/airflow/example_dags/example_time_delta_sensor_async.py
[2023-03-06T09:33:11.222+0000] {processor.py:743} INFO - Processing file /home/airflow/.local/lib/python3.7/site-packages/airflow/example_dags/example_time_delta_sensor_async.py for tasks to queue
[2023-03-06T09:33:11.226+0000] {logging_mixin.py:137} INFO - [2023-03-06T09:33:11.225+0000] {dagbag.py:538} INFO - Filling up the DagBag from /home/airflow/.local/lib/python3.7/site-packages/airflow/example_dags/example_time_delta_sensor_async.py
[2023-03-06T09:33:11.313+0000] {processor.py:753} INFO - DAG(s) dict_keys(['example_time_delta_sensor_async']) retrieved from /home/airflow/.local/lib/python3.7/site-packages/airflow/example_dags/example_time_delta_sensor_async.py
[2023-03-06T09:33:11.408+0000] {logging_mixin.py:137} INFO - [2023-03-06T09:33:11.407+0000] {dag.py:2690} INFO - Sync 1 DAGs
[2023-03-06T09:33:11.532+0000] {logging_mixin.py:137} INFO - [2023-03-06T09:33:11.532+0000] {dag.py:3441} INFO - Setting next_dagrun for example_time_delta_sensor_async to None, run_after=None
[2023-03-06T09:33:11.591+0000] {processor.py:175} INFO - Processing /home/airflow/.local/lib/python3.7/site-packages/airflow/example_dags/example_time_delta_sensor_async.py took 0.385 seconds
[2023-03-06T09:33:42.805+0000] {processor.py:153} INFO - Started process (PID=1011) to work on /home/airflow/.local/lib/python3.7/site-packages/airflow/example_dags/example_time_delta_sensor_async.py
[2023-03-06T09:33:42.811+0000] {processor.py:743} INFO - Processing file /home/airflow/.local/lib/python3.7/site-packages/airflow/example_dags/example_time_delta_sensor_async.py for tasks to queue
[2023-03-06T09:33:42.814+0000] {logging_mixin.py:137} INFO - [2023-03-06T09:33:42.814+0000] {dagbag.py:538} INFO - Filling up the DagBag from /home/airflow/.local/lib/python3.7/site-packages/airflow/example_dags/example_time_delta_sensor_async.py
[2023-03-06T09:33:42.849+0000] {processor.py:753} INFO - DAG(s) dict_keys(['example_time_delta_sensor_async']) retrieved from /home/airflow/.local/lib/python3.7/site-packages/airflow/example_dags/example_time_delta_sensor_async.py
[2023-03-06T09:33:42.934+0000] {logging_mixin.py:137} INFO - [2023-03-06T09:33:42.933+0000] {dag.py:2690} INFO - Sync 1 DAGs
[2023-03-06T09:33:43.012+0000] {logging_mixin.py:137} INFO - [2023-03-06T09:33:43.012+0000] {dag.py:3441} INFO - Setting next_dagrun for example_time_delta_sensor_async to None, run_after=None
[2023-03-06T09:33:43.065+0000] {processor.py:175} INFO - Processing /home/airflow/.local/lib/python3.7/site-packages/airflow/example_dags/example_time_delta_sensor_async.py took 0.281 seconds
[2023-03-06T09:34:13.639+0000] {processor.py:153} INFO - Started process (PID=1071) to work on /home/airflow/.local/lib/python3.7/site-packages/airflow/example_dags/example_time_delta_sensor_async.py
[2023-03-06T09:34:13.642+0000] {processor.py:743} INFO - Processing file /home/airflow/.local/lib/python3.7/site-packages/airflow/example_dags/example_time_delta_sensor_async.py for tasks to queue
[2023-03-06T09:34:13.645+0000] {logging_mixin.py:137} INFO - [2023-03-06T09:34:13.644+0000] {dagbag.py:538} INFO - Filling up the DagBag from /home/airflow/.local/lib/python3.7/site-packages/airflow/example_dags/example_time_delta_sensor_async.py
[2023-03-06T09:34:13.686+0000] {processor.py:753} INFO - DAG(s) dict_keys(['example_time_delta_sensor_async']) retrieved from /home/airflow/.local/lib/python3.7/site-packages/airflow/example_dags/example_time_delta_sensor_async.py
[2023-03-06T09:34:13.824+0000] {logging_mixin.py:137} INFO - [2023-03-06T09:34:13.823+0000] {dag.py:2690} INFO - Sync 1 DAGs
[2023-03-06T09:34:13.949+0000] {logging_mixin.py:137} INFO - [2023-03-06T09:34:13.948+0000] {dag.py:3441} INFO - Setting next_dagrun for example_time_delta_sensor_async to None, run_after=None
[2023-03-06T09:34:14.005+0000] {processor.py:175} INFO - Processing /home/airflow/.local/lib/python3.7/site-packages/airflow/example_dags/example_time_delta_sensor_async.py took 0.375 seconds
[2023-03-06T09:34:44.561+0000] {processor.py:153} INFO - Started process (PID=1128) to work on /home/airflow/.local/lib/python3.7/site-packages/airflow/example_dags/example_time_delta_sensor_async.py
[2023-03-06T09:34:44.563+0000] {processor.py:743} INFO - Processing file /home/airflow/.local/lib/python3.7/site-packages/airflow/example_dags/example_time_delta_sensor_async.py for tasks to queue
[2023-03-06T09:34:44.567+0000] {logging_mixin.py:137} INFO - [2023-03-06T09:34:44.567+0000] {dagbag.py:538} INFO - Filling up the DagBag from /home/airflow/.local/lib/python3.7/site-packages/airflow/example_dags/example_time_delta_sensor_async.py
[2023-03-06T09:34:44.618+0000] {processor.py:753} INFO - DAG(s) dict_keys(['example_time_delta_sensor_async']) retrieved from /home/airflow/.local/lib/python3.7/site-packages/airflow/example_dags/example_time_delta_sensor_async.py
[2023-03-06T09:34:44.702+0000] {logging_mixin.py:137} INFO - [2023-03-06T09:34:44.702+0000] {dag.py:2690} INFO - Sync 1 DAGs
[2023-03-06T09:34:44.792+0000] {logging_mixin.py:137} INFO - [2023-03-06T09:34:44.791+0000] {dag.py:3441} INFO - Setting next_dagrun for example_time_delta_sensor_async to None, run_after=None
[2023-03-06T09:34:44.846+0000] {processor.py:175} INFO - Processing /home/airflow/.local/lib/python3.7/site-packages/airflow/example_dags/example_time_delta_sensor_async.py took 0.295 seconds
[2023-03-06T09:35:15.208+0000] {processor.py:153} INFO - Started process (PID=1191) to work on /home/airflow/.local/lib/python3.7/site-packages/airflow/example_dags/example_time_delta_sensor_async.py
[2023-03-06T09:35:15.213+0000] {processor.py:743} INFO - Processing file /home/airflow/.local/lib/python3.7/site-packages/airflow/example_dags/example_time_delta_sensor_async.py for tasks to queue
[2023-03-06T09:35:15.217+0000] {logging_mixin.py:137} INFO - [2023-03-06T09:35:15.216+0000] {dagbag.py:538} INFO - Filling up the DagBag from /home/airflow/.local/lib/python3.7/site-packages/airflow/example_dags/example_time_delta_sensor_async.py
[2023-03-06T09:35:15.256+0000] {processor.py:753} INFO - DAG(s) dict_keys(['example_time_delta_sensor_async']) retrieved from /home/airflow/.local/lib/python3.7/site-packages/airflow/example_dags/example_time_delta_sensor_async.py
[2023-03-06T09:35:15.359+0000] {logging_mixin.py:137} INFO - [2023-03-06T09:35:15.358+0000] {dag.py:2690} INFO - Sync 1 DAGs
[2023-03-06T09:35:15.494+0000] {logging_mixin.py:137} INFO - [2023-03-06T09:35:15.493+0000] {dag.py:3441} INFO - Setting next_dagrun for example_time_delta_sensor_async to None, run_after=None
[2023-03-06T09:35:15.555+0000] {processor.py:175} INFO - Processing /home/airflow/.local/lib/python3.7/site-packages/airflow/example_dags/example_time_delta_sensor_async.py took 0.356 seconds
[2023-03-06T09:35:46.398+0000] {processor.py:153} INFO - Started process (PID=1254) to work on /home/airflow/.local/lib/python3.7/site-packages/airflow/example_dags/example_time_delta_sensor_async.py
[2023-03-06T09:35:46.408+0000] {processor.py:743} INFO - Processing file /home/airflow/.local/lib/python3.7/site-packages/airflow/example_dags/example_time_delta_sensor_async.py for tasks to queue
[2023-03-06T09:35:46.413+0000] {logging_mixin.py:137} INFO - [2023-03-06T09:35:46.411+0000] {dagbag.py:538} INFO - Filling up the DagBag from /home/airflow/.local/lib/python3.7/site-packages/airflow/example_dags/example_time_delta_sensor_async.py
[2023-03-06T09:35:46.455+0000] {processor.py:753} INFO - DAG(s) dict_keys(['example_time_delta_sensor_async']) retrieved from /home/airflow/.local/lib/python3.7/site-packages/airflow/example_dags/example_time_delta_sensor_async.py
[2023-03-06T09:35:46.568+0000] {logging_mixin.py:137} INFO - [2023-03-06T09:35:46.568+0000] {dag.py:2690} INFO - Sync 1 DAGs
[2023-03-06T09:35:46.654+0000] {logging_mixin.py:137} INFO - [2023-03-06T09:35:46.653+0000] {dag.py:3441} INFO - Setting next_dagrun for example_time_delta_sensor_async to None, run_after=None
[2023-03-06T09:35:46.703+0000] {processor.py:175} INFO - Processing /home/airflow/.local/lib/python3.7/site-packages/airflow/example_dags/example_time_delta_sensor_async.py took 0.343 seconds
[2023-03-06T09:36:17.016+0000] {processor.py:153} INFO - Started process (PID=1317) to work on /home/airflow/.local/lib/python3.7/site-packages/airflow/example_dags/example_time_delta_sensor_async.py
[2023-03-06T09:36:17.018+0000] {processor.py:743} INFO - Processing file /home/airflow/.local/lib/python3.7/site-packages/airflow/example_dags/example_time_delta_sensor_async.py for tasks to queue
[2023-03-06T09:36:17.021+0000] {logging_mixin.py:137} INFO - [2023-03-06T09:36:17.020+0000] {dagbag.py:538} INFO - Filling up the DagBag from /home/airflow/.local/lib/python3.7/site-packages/airflow/example_dags/example_time_delta_sensor_async.py
[2023-03-06T09:36:17.055+0000] {processor.py:753} INFO - DAG(s) dict_keys(['example_time_delta_sensor_async']) retrieved from /home/airflow/.local/lib/python3.7/site-packages/airflow/example_dags/example_time_delta_sensor_async.py
[2023-03-06T09:36:17.120+0000] {logging_mixin.py:137} INFO - [2023-03-06T09:36:17.120+0000] {dag.py:2690} INFO - Sync 1 DAGs
[2023-03-06T09:36:17.204+0000] {logging_mixin.py:137} INFO - [2023-03-06T09:36:17.204+0000] {dag.py:3441} INFO - Setting next_dagrun for example_time_delta_sensor_async to None, run_after=None
[2023-03-06T09:36:17.256+0000] {processor.py:175} INFO - Processing /home/airflow/.local/lib/python3.7/site-packages/airflow/example_dags/example_time_delta_sensor_async.py took 0.251 seconds
[2023-03-06T09:36:47.878+0000] {processor.py:153} INFO - Started process (PID=1381) to work on /home/airflow/.local/lib/python3.7/site-packages/airflow/example_dags/example_time_delta_sensor_async.py
[2023-03-06T09:36:47.882+0000] {processor.py:743} INFO - Processing file /home/airflow/.local/lib/python3.7/site-packages/airflow/example_dags/example_time_delta_sensor_async.py for tasks to queue
[2023-03-06T09:36:47.886+0000] {logging_mixin.py:137} INFO - [2023-03-06T09:36:47.885+0000] {dagbag.py:538} INFO - Filling up the DagBag from /home/airflow/.local/lib/python3.7/site-packages/airflow/example_dags/example_time_delta_sensor_async.py
[2023-03-06T09:36:47.923+0000] {processor.py:753} INFO - DAG(s) dict_keys(['example_time_delta_sensor_async']) retrieved from /home/airflow/.local/lib/python3.7/site-packages/airflow/example_dags/example_time_delta_sensor_async.py
[2023-03-06T09:36:48.041+0000] {logging_mixin.py:137} INFO - [2023-03-06T09:36:48.040+0000] {dag.py:2690} INFO - Sync 1 DAGs
[2023-03-06T09:36:48.152+0000] {logging_mixin.py:137} INFO - [2023-03-06T09:36:48.152+0000] {dag.py:3441} INFO - Setting next_dagrun for example_time_delta_sensor_async to None, run_after=None
[2023-03-06T09:36:48.199+0000] {processor.py:175} INFO - Processing /home/airflow/.local/lib/python3.7/site-packages/airflow/example_dags/example_time_delta_sensor_async.py took 0.330 seconds
[2023-03-06T09:37:18.720+0000] {processor.py:153} INFO - Started process (PID=1445) to work on /home/airflow/.local/lib/python3.7/site-packages/airflow/example_dags/example_time_delta_sensor_async.py
[2023-03-06T09:37:18.722+0000] {processor.py:743} INFO - Processing file /home/airflow/.local/lib/python3.7/site-packages/airflow/example_dags/example_time_delta_sensor_async.py for tasks to queue
[2023-03-06T09:37:18.725+0000] {logging_mixin.py:137} INFO - [2023-03-06T09:37:18.725+0000] {dagbag.py:538} INFO - Filling up the DagBag from /home/airflow/.local/lib/python3.7/site-packages/airflow/example_dags/example_time_delta_sensor_async.py
[2023-03-06T09:37:18.771+0000] {processor.py:753} INFO - DAG(s) dict_keys(['example_time_delta_sensor_async']) retrieved from /home/airflow/.local/lib/python3.7/site-packages/airflow/example_dags/example_time_delta_sensor_async.py
[2023-03-06T09:37:18.855+0000] {logging_mixin.py:137} INFO - [2023-03-06T09:37:18.854+0000] {dag.py:2690} INFO - Sync 1 DAGs
[2023-03-06T09:37:18.923+0000] {logging_mixin.py:137} INFO - [2023-03-06T09:37:18.923+0000] {dag.py:3441} INFO - Setting next_dagrun for example_time_delta_sensor_async to None, run_after=None
[2023-03-06T09:37:18.970+0000] {processor.py:175} INFO - Processing /home/airflow/.local/lib/python3.7/site-packages/airflow/example_dags/example_time_delta_sensor_async.py took 0.261 seconds
[2023-03-06T09:37:49.746+0000] {processor.py:153} INFO - Started process (PID=1508) to work on /home/airflow/.local/lib/python3.7/site-packages/airflow/example_dags/example_time_delta_sensor_async.py
[2023-03-06T09:37:49.750+0000] {processor.py:743} INFO - Processing file /home/airflow/.local/lib/python3.7/site-packages/airflow/example_dags/example_time_delta_sensor_async.py for tasks to queue
[2023-03-06T09:37:49.753+0000] {logging_mixin.py:137} INFO - [2023-03-06T09:37:49.753+0000] {dagbag.py:538} INFO - Filling up the DagBag from /home/airflow/.local/lib/python3.7/site-packages/airflow/example_dags/example_time_delta_sensor_async.py
[2023-03-06T09:37:49.807+0000] {processor.py:753} INFO - DAG(s) dict_keys(['example_time_delta_sensor_async']) retrieved from /home/airflow/.local/lib/python3.7/site-packages/airflow/example_dags/example_time_delta_sensor_async.py
[2023-03-06T09:37:49.914+0000] {logging_mixin.py:137} INFO - [2023-03-06T09:37:49.913+0000] {dag.py:2690} INFO - Sync 1 DAGs
[2023-03-06T09:37:50.015+0000] {logging_mixin.py:137} INFO - [2023-03-06T09:37:50.014+0000] {dag.py:3441} INFO - Setting next_dagrun for example_time_delta_sensor_async to None, run_after=None
[2023-03-06T09:37:50.087+0000] {processor.py:175} INFO - Processing /home/airflow/.local/lib/python3.7/site-packages/airflow/example_dags/example_time_delta_sensor_async.py took 0.352 seconds
[2023-03-06T09:38:20.374+0000] {processor.py:153} INFO - Started process (PID=1571) to work on /home/airflow/.local/lib/python3.7/site-packages/airflow/example_dags/example_time_delta_sensor_async.py
[2023-03-06T09:38:20.377+0000] {processor.py:743} INFO - Processing file /home/airflow/.local/lib/python3.7/site-packages/airflow/example_dags/example_time_delta_sensor_async.py for tasks to queue
[2023-03-06T09:38:20.382+0000] {logging_mixin.py:137} INFO - [2023-03-06T09:38:20.381+0000] {dagbag.py:538} INFO - Filling up the DagBag from /home/airflow/.local/lib/python3.7/site-packages/airflow/example_dags/example_time_delta_sensor_async.py
[2023-03-06T09:38:20.417+0000] {processor.py:753} INFO - DAG(s) dict_keys(['example_time_delta_sensor_async']) retrieved from /home/airflow/.local/lib/python3.7/site-packages/airflow/example_dags/example_time_delta_sensor_async.py
[2023-03-06T09:38:20.512+0000] {logging_mixin.py:137} INFO - [2023-03-06T09:38:20.512+0000] {dag.py:2690} INFO - Sync 1 DAGs
[2023-03-06T09:38:20.589+0000] {logging_mixin.py:137} INFO - [2023-03-06T09:38:20.589+0000] {dag.py:3441} INFO - Setting next_dagrun for example_time_delta_sensor_async to None, run_after=None
[2023-03-06T09:38:20.657+0000] {processor.py:175} INFO - Processing /home/airflow/.local/lib/python3.7/site-packages/airflow/example_dags/example_time_delta_sensor_async.py took 0.293 seconds
[2023-03-06T09:38:51.269+0000] {processor.py:153} INFO - Started process (PID=1633) to work on /home/airflow/.local/lib/python3.7/site-packages/airflow/example_dags/example_time_delta_sensor_async.py
[2023-03-06T09:38:51.272+0000] {processor.py:743} INFO - Processing file /home/airflow/.local/lib/python3.7/site-packages/airflow/example_dags/example_time_delta_sensor_async.py for tasks to queue
[2023-03-06T09:38:51.277+0000] {logging_mixin.py:137} INFO - [2023-03-06T09:38:51.276+0000] {dagbag.py:538} INFO - Filling up the DagBag from /home/airflow/.local/lib/python3.7/site-packages/airflow/example_dags/example_time_delta_sensor_async.py
[2023-03-06T09:38:51.323+0000] {processor.py:753} INFO - DAG(s) dict_keys(['example_time_delta_sensor_async']) retrieved from /home/airflow/.local/lib/python3.7/site-packages/airflow/example_dags/example_time_delta_sensor_async.py
[2023-03-06T09:38:51.402+0000] {logging_mixin.py:137} INFO - [2023-03-06T09:38:51.402+0000] {dag.py:2690} INFO - Sync 1 DAGs
[2023-03-06T09:38:51.487+0000] {logging_mixin.py:137} INFO - [2023-03-06T09:38:51.486+0000] {dag.py:3441} INFO - Setting next_dagrun for example_time_delta_sensor_async to None, run_after=None
[2023-03-06T09:38:51.540+0000] {processor.py:175} INFO - Processing /home/airflow/.local/lib/python3.7/site-packages/airflow/example_dags/example_time_delta_sensor_async.py took 0.284 seconds
[2023-03-06T09:39:22.267+0000] {processor.py:153} INFO - Started process (PID=1696) to work on /home/airflow/.local/lib/python3.7/site-packages/airflow/example_dags/example_time_delta_sensor_async.py
[2023-03-06T09:39:22.269+0000] {processor.py:743} INFO - Processing file /home/airflow/.local/lib/python3.7/site-packages/airflow/example_dags/example_time_delta_sensor_async.py for tasks to queue
[2023-03-06T09:39:22.272+0000] {logging_mixin.py:137} INFO - [2023-03-06T09:39:22.271+0000] {dagbag.py:538} INFO - Filling up the DagBag from /home/airflow/.local/lib/python3.7/site-packages/airflow/example_dags/example_time_delta_sensor_async.py
[2023-03-06T09:39:22.312+0000] {processor.py:753} INFO - DAG(s) dict_keys(['example_time_delta_sensor_async']) retrieved from /home/airflow/.local/lib/python3.7/site-packages/airflow/example_dags/example_time_delta_sensor_async.py
[2023-03-06T09:39:22.396+0000] {logging_mixin.py:137} INFO - [2023-03-06T09:39:22.396+0000] {dag.py:2690} INFO - Sync 1 DAGs
[2023-03-06T09:39:22.466+0000] {logging_mixin.py:137} INFO - [2023-03-06T09:39:22.466+0000] {dag.py:3441} INFO - Setting next_dagrun for example_time_delta_sensor_async to None, run_after=None
[2023-03-06T09:39:22.529+0000] {processor.py:175} INFO - Processing /home/airflow/.local/lib/python3.7/site-packages/airflow/example_dags/example_time_delta_sensor_async.py took 0.275 seconds
[2023-03-06T09:39:53.491+0000] {processor.py:153} INFO - Started process (PID=1760) to work on /home/airflow/.local/lib/python3.7/site-packages/airflow/example_dags/example_time_delta_sensor_async.py
[2023-03-06T09:39:53.495+0000] {processor.py:743} INFO - Processing file /home/airflow/.local/lib/python3.7/site-packages/airflow/example_dags/example_time_delta_sensor_async.py for tasks to queue
[2023-03-06T09:39:53.501+0000] {logging_mixin.py:137} INFO - [2023-03-06T09:39:53.500+0000] {dagbag.py:538} INFO - Filling up the DagBag from /home/airflow/.local/lib/python3.7/site-packages/airflow/example_dags/example_time_delta_sensor_async.py
[2023-03-06T09:39:53.535+0000] {processor.py:753} INFO - DAG(s) dict_keys(['example_time_delta_sensor_async']) retrieved from /home/airflow/.local/lib/python3.7/site-packages/airflow/example_dags/example_time_delta_sensor_async.py
[2023-03-06T09:39:53.615+0000] {logging_mixin.py:137} INFO - [2023-03-06T09:39:53.615+0000] {dag.py:2690} INFO - Sync 1 DAGs
[2023-03-06T09:39:53.689+0000] {logging_mixin.py:137} INFO - [2023-03-06T09:39:53.689+0000] {dag.py:3441} INFO - Setting next_dagrun for example_time_delta_sensor_async to None, run_after=None
[2023-03-06T09:39:53.750+0000] {processor.py:175} INFO - Processing /home/airflow/.local/lib/python3.7/site-packages/airflow/example_dags/example_time_delta_sensor_async.py took 0.269 seconds
[2023-03-06T09:40:25.432+0000] {processor.py:153} INFO - Started process (PID=1823) to work on /home/airflow/.local/lib/python3.7/site-packages/airflow/example_dags/example_time_delta_sensor_async.py
[2023-03-06T09:40:25.435+0000] {processor.py:743} INFO - Processing file /home/airflow/.local/lib/python3.7/site-packages/airflow/example_dags/example_time_delta_sensor_async.py for tasks to queue
[2023-03-06T09:40:25.438+0000] {logging_mixin.py:137} INFO - [2023-03-06T09:40:25.438+0000] {dagbag.py:538} INFO - Filling up the DagBag from /home/airflow/.local/lib/python3.7/site-packages/airflow/example_dags/example_time_delta_sensor_async.py
[2023-03-06T09:40:25.485+0000] {processor.py:753} INFO - DAG(s) dict_keys(['example_time_delta_sensor_async']) retrieved from /home/airflow/.local/lib/python3.7/site-packages/airflow/example_dags/example_time_delta_sensor_async.py
[2023-03-06T09:40:25.564+0000] {logging_mixin.py:137} INFO - [2023-03-06T09:40:25.564+0000] {dag.py:2690} INFO - Sync 1 DAGs
[2023-03-06T09:40:25.643+0000] {logging_mixin.py:137} INFO - [2023-03-06T09:40:25.643+0000] {dag.py:3441} INFO - Setting next_dagrun for example_time_delta_sensor_async to None, run_after=None
[2023-03-06T09:40:25.717+0000] {processor.py:175} INFO - Processing /home/airflow/.local/lib/python3.7/site-packages/airflow/example_dags/example_time_delta_sensor_async.py took 0.296 seconds
[2023-03-06T09:40:56.707+0000] {processor.py:153} INFO - Started process (PID=1886) to work on /home/airflow/.local/lib/python3.7/site-packages/airflow/example_dags/example_time_delta_sensor_async.py
[2023-03-06T09:40:56.711+0000] {processor.py:743} INFO - Processing file /home/airflow/.local/lib/python3.7/site-packages/airflow/example_dags/example_time_delta_sensor_async.py for tasks to queue
[2023-03-06T09:40:56.714+0000] {logging_mixin.py:137} INFO - [2023-03-06T09:40:56.713+0000] {dagbag.py:538} INFO - Filling up the DagBag from /home/airflow/.local/lib/python3.7/site-packages/airflow/example_dags/example_time_delta_sensor_async.py
[2023-03-06T09:40:56.754+0000] {processor.py:753} INFO - DAG(s) dict_keys(['example_time_delta_sensor_async']) retrieved from /home/airflow/.local/lib/python3.7/site-packages/airflow/example_dags/example_time_delta_sensor_async.py
[2023-03-06T09:40:56.844+0000] {logging_mixin.py:137} INFO - [2023-03-06T09:40:56.843+0000] {dag.py:2690} INFO - Sync 1 DAGs
[2023-03-06T09:40:56.935+0000] {logging_mixin.py:137} INFO - [2023-03-06T09:40:56.935+0000] {dag.py:3441} INFO - Setting next_dagrun for example_time_delta_sensor_async to None, run_after=None
[2023-03-06T09:40:56.992+0000] {processor.py:175} INFO - Processing /home/airflow/.local/lib/python3.7/site-packages/airflow/example_dags/example_time_delta_sensor_async.py took 0.295 seconds
[2023-03-06T09:41:27.252+0000] {processor.py:153} INFO - Started process (PID=1950) to work on /home/airflow/.local/lib/python3.7/site-packages/airflow/example_dags/example_time_delta_sensor_async.py
[2023-03-06T09:41:27.257+0000] {processor.py:743} INFO - Processing file /home/airflow/.local/lib/python3.7/site-packages/airflow/example_dags/example_time_delta_sensor_async.py for tasks to queue
[2023-03-06T09:41:27.263+0000] {logging_mixin.py:137} INFO - [2023-03-06T09:41:27.262+0000] {dagbag.py:538} INFO - Filling up the DagBag from /home/airflow/.local/lib/python3.7/site-packages/airflow/example_dags/example_time_delta_sensor_async.py
[2023-03-06T09:41:27.308+0000] {processor.py:753} INFO - DAG(s) dict_keys(['example_time_delta_sensor_async']) retrieved from /home/airflow/.local/lib/python3.7/site-packages/airflow/example_dags/example_time_delta_sensor_async.py
[2023-03-06T09:41:27.387+0000] {logging_mixin.py:137} INFO - [2023-03-06T09:41:27.387+0000] {dag.py:2690} INFO - Sync 1 DAGs
[2023-03-06T09:41:27.477+0000] {logging_mixin.py:137} INFO - [2023-03-06T09:41:27.476+0000] {dag.py:3441} INFO - Setting next_dagrun for example_time_delta_sensor_async to None, run_after=None
[2023-03-06T09:41:27.548+0000] {processor.py:175} INFO - Processing /home/airflow/.local/lib/python3.7/site-packages/airflow/example_dags/example_time_delta_sensor_async.py took 0.306 seconds
