[2023-03-06T09:26:08.967+0000] {processor.py:153} INFO - Started process (PID=90) to work on /home/airflow/.local/lib/python3.7/site-packages/airflow/example_dags/example_task_group.py
[2023-03-06T09:26:08.977+0000] {processor.py:743} INFO - Processing file /home/airflow/.local/lib/python3.7/site-packages/airflow/example_dags/example_task_group.py for tasks to queue
[2023-03-06T09:26:08.987+0000] {logging_mixin.py:137} INFO - [2023-03-06T09:26:08.983+0000] {dagbag.py:538} INFO - Filling up the DagBag from /home/airflow/.local/lib/python3.7/site-packages/airflow/example_dags/example_task_group.py
[2023-03-06T09:26:09.090+0000] {processor.py:753} INFO - DAG(s) dict_keys(['example_task_group']) retrieved from /home/airflow/.local/lib/python3.7/site-packages/airflow/example_dags/example_task_group.py
[2023-03-06T09:26:09.239+0000] {logging_mixin.py:137} INFO - [2023-03-06T09:26:09.239+0000] {dag.py:2690} INFO - Sync 1 DAGs
[2023-03-06T09:26:09.378+0000] {logging_mixin.py:137} INFO - [2023-03-06T09:26:09.378+0000] {dag.py:3441} INFO - Setting next_dagrun for example_task_group to 2023-03-05T09:26:09.377498+00:00, run_after=2023-03-06T09:26:09.377498+00:00
[2023-03-06T09:26:09.460+0000] {processor.py:175} INFO - Processing /home/airflow/.local/lib/python3.7/site-packages/airflow/example_dags/example_task_group.py took 0.514 seconds
[2023-03-06T09:26:39.973+0000] {processor.py:153} INFO - Started process (PID=153) to work on /home/airflow/.local/lib/python3.7/site-packages/airflow/example_dags/example_task_group.py
[2023-03-06T09:26:39.981+0000] {processor.py:743} INFO - Processing file /home/airflow/.local/lib/python3.7/site-packages/airflow/example_dags/example_task_group.py for tasks to queue
[2023-03-06T09:26:39.999+0000] {logging_mixin.py:137} INFO - [2023-03-06T09:26:39.999+0000] {dagbag.py:538} INFO - Filling up the DagBag from /home/airflow/.local/lib/python3.7/site-packages/airflow/example_dags/example_task_group.py
[2023-03-06T09:26:40.091+0000] {processor.py:753} INFO - DAG(s) dict_keys(['example_task_group']) retrieved from /home/airflow/.local/lib/python3.7/site-packages/airflow/example_dags/example_task_group.py
[2023-03-06T09:26:40.201+0000] {logging_mixin.py:137} INFO - [2023-03-06T09:26:40.201+0000] {dag.py:2690} INFO - Sync 1 DAGs
[2023-03-06T09:26:40.284+0000] {logging_mixin.py:137} INFO - [2023-03-06T09:26:40.283+0000] {dag.py:3441} INFO - Setting next_dagrun for example_task_group to 2023-03-05T09:26:40.283174+00:00, run_after=2023-03-06T09:26:40.283174+00:00
[2023-03-06T09:26:40.388+0000] {processor.py:175} INFO - Processing /home/airflow/.local/lib/python3.7/site-packages/airflow/example_dags/example_task_group.py took 0.427 seconds
[2023-03-06T09:27:10.892+0000] {processor.py:153} INFO - Started process (PID=215) to work on /home/airflow/.local/lib/python3.7/site-packages/airflow/example_dags/example_task_group.py
[2023-03-06T09:27:10.894+0000] {processor.py:743} INFO - Processing file /home/airflow/.local/lib/python3.7/site-packages/airflow/example_dags/example_task_group.py for tasks to queue
[2023-03-06T09:27:10.898+0000] {logging_mixin.py:137} INFO - [2023-03-06T09:27:10.897+0000] {dagbag.py:538} INFO - Filling up the DagBag from /home/airflow/.local/lib/python3.7/site-packages/airflow/example_dags/example_task_group.py
[2023-03-06T09:27:10.937+0000] {processor.py:753} INFO - DAG(s) dict_keys(['example_task_group']) retrieved from /home/airflow/.local/lib/python3.7/site-packages/airflow/example_dags/example_task_group.py
[2023-03-06T09:27:11.000+0000] {logging_mixin.py:137} INFO - [2023-03-06T09:27:11.000+0000] {dag.py:2690} INFO - Sync 1 DAGs
[2023-03-06T09:27:11.060+0000] {logging_mixin.py:137} INFO - [2023-03-06T09:27:11.059+0000] {dag.py:3441} INFO - Setting next_dagrun for example_task_group to 2023-03-05T09:27:11.059278+00:00, run_after=2023-03-06T09:27:11.059278+00:00
[2023-03-06T09:27:11.109+0000] {processor.py:175} INFO - Processing /home/airflow/.local/lib/python3.7/site-packages/airflow/example_dags/example_task_group.py took 0.228 seconds
[2023-03-06T09:27:41.799+0000] {processor.py:153} INFO - Started process (PID=278) to work on /home/airflow/.local/lib/python3.7/site-packages/airflow/example_dags/example_task_group.py
[2023-03-06T09:27:41.804+0000] {processor.py:743} INFO - Processing file /home/airflow/.local/lib/python3.7/site-packages/airflow/example_dags/example_task_group.py for tasks to queue
[2023-03-06T09:27:41.810+0000] {logging_mixin.py:137} INFO - [2023-03-06T09:27:41.809+0000] {dagbag.py:538} INFO - Filling up the DagBag from /home/airflow/.local/lib/python3.7/site-packages/airflow/example_dags/example_task_group.py
[2023-03-06T09:27:41.893+0000] {processor.py:753} INFO - DAG(s) dict_keys(['example_task_group']) retrieved from /home/airflow/.local/lib/python3.7/site-packages/airflow/example_dags/example_task_group.py
[2023-03-06T09:27:42.022+0000] {logging_mixin.py:137} INFO - [2023-03-06T09:27:42.022+0000] {dag.py:2690} INFO - Sync 1 DAGs
[2023-03-06T09:27:42.107+0000] {logging_mixin.py:137} INFO - [2023-03-06T09:27:42.107+0000] {dag.py:3441} INFO - Setting next_dagrun for example_task_group to 2023-03-05T09:27:42.106673+00:00, run_after=2023-03-06T09:27:42.106673+00:00
[2023-03-06T09:27:42.146+0000] {processor.py:175} INFO - Processing /home/airflow/.local/lib/python3.7/site-packages/airflow/example_dags/example_task_group.py took 0.369 seconds
[2023-03-06T09:28:12.668+0000] {processor.py:153} INFO - Started process (PID=341) to work on /home/airflow/.local/lib/python3.7/site-packages/airflow/example_dags/example_task_group.py
[2023-03-06T09:28:12.671+0000] {processor.py:743} INFO - Processing file /home/airflow/.local/lib/python3.7/site-packages/airflow/example_dags/example_task_group.py for tasks to queue
[2023-03-06T09:28:12.674+0000] {logging_mixin.py:137} INFO - [2023-03-06T09:28:12.674+0000] {dagbag.py:538} INFO - Filling up the DagBag from /home/airflow/.local/lib/python3.7/site-packages/airflow/example_dags/example_task_group.py
[2023-03-06T09:28:12.724+0000] {processor.py:753} INFO - DAG(s) dict_keys(['example_task_group']) retrieved from /home/airflow/.local/lib/python3.7/site-packages/airflow/example_dags/example_task_group.py
[2023-03-06T09:28:12.800+0000] {logging_mixin.py:137} INFO - [2023-03-06T09:28:12.799+0000] {dag.py:2690} INFO - Sync 1 DAGs
[2023-03-06T09:28:12.883+0000] {logging_mixin.py:137} INFO - [2023-03-06T09:28:12.882+0000] {dag.py:3441} INFO - Setting next_dagrun for example_task_group to 2023-03-05T09:28:12.882182+00:00, run_after=2023-03-06T09:28:12.882182+00:00
[2023-03-06T09:28:12.938+0000] {processor.py:175} INFO - Processing /home/airflow/.local/lib/python3.7/site-packages/airflow/example_dags/example_task_group.py took 0.280 seconds
[2023-03-06T09:28:43.374+0000] {processor.py:153} INFO - Started process (PID=403) to work on /home/airflow/.local/lib/python3.7/site-packages/airflow/example_dags/example_task_group.py
[2023-03-06T09:28:43.376+0000] {processor.py:743} INFO - Processing file /home/airflow/.local/lib/python3.7/site-packages/airflow/example_dags/example_task_group.py for tasks to queue
[2023-03-06T09:28:43.380+0000] {logging_mixin.py:137} INFO - [2023-03-06T09:28:43.379+0000] {dagbag.py:538} INFO - Filling up the DagBag from /home/airflow/.local/lib/python3.7/site-packages/airflow/example_dags/example_task_group.py
[2023-03-06T09:28:43.425+0000] {processor.py:753} INFO - DAG(s) dict_keys(['example_task_group']) retrieved from /home/airflow/.local/lib/python3.7/site-packages/airflow/example_dags/example_task_group.py
[2023-03-06T09:28:43.491+0000] {logging_mixin.py:137} INFO - [2023-03-06T09:28:43.490+0000] {dag.py:2690} INFO - Sync 1 DAGs
[2023-03-06T09:28:43.560+0000] {logging_mixin.py:137} INFO - [2023-03-06T09:28:43.559+0000] {dag.py:3441} INFO - Setting next_dagrun for example_task_group to 2023-03-05T09:28:43.559201+00:00, run_after=2023-03-06T09:28:43.559201+00:00
[2023-03-06T09:28:43.653+0000] {processor.py:175} INFO - Processing /home/airflow/.local/lib/python3.7/site-packages/airflow/example_dags/example_task_group.py took 0.289 seconds
[2023-03-06T09:29:14.270+0000] {processor.py:153} INFO - Started process (PID=466) to work on /home/airflow/.local/lib/python3.7/site-packages/airflow/example_dags/example_task_group.py
[2023-03-06T09:29:14.273+0000] {processor.py:743} INFO - Processing file /home/airflow/.local/lib/python3.7/site-packages/airflow/example_dags/example_task_group.py for tasks to queue
[2023-03-06T09:29:14.285+0000] {logging_mixin.py:137} INFO - [2023-03-06T09:29:14.284+0000] {dagbag.py:538} INFO - Filling up the DagBag from /home/airflow/.local/lib/python3.7/site-packages/airflow/example_dags/example_task_group.py
[2023-03-06T09:29:14.370+0000] {processor.py:753} INFO - DAG(s) dict_keys(['example_task_group']) retrieved from /home/airflow/.local/lib/python3.7/site-packages/airflow/example_dags/example_task_group.py
[2023-03-06T09:29:14.459+0000] {logging_mixin.py:137} INFO - [2023-03-06T09:29:14.459+0000] {dag.py:2690} INFO - Sync 1 DAGs
[2023-03-06T09:29:14.537+0000] {logging_mixin.py:137} INFO - [2023-03-06T09:29:14.537+0000] {dag.py:3441} INFO - Setting next_dagrun for example_task_group to 2023-03-05T09:29:14.536940+00:00, run_after=2023-03-06T09:29:14.536940+00:00
[2023-03-06T09:29:14.595+0000] {processor.py:175} INFO - Processing /home/airflow/.local/lib/python3.7/site-packages/airflow/example_dags/example_task_group.py took 0.333 seconds
[2023-03-06T09:29:45.732+0000] {processor.py:153} INFO - Started process (PID=529) to work on /home/airflow/.local/lib/python3.7/site-packages/airflow/example_dags/example_task_group.py
[2023-03-06T09:29:45.734+0000] {processor.py:743} INFO - Processing file /home/airflow/.local/lib/python3.7/site-packages/airflow/example_dags/example_task_group.py for tasks to queue
[2023-03-06T09:29:45.737+0000] {logging_mixin.py:137} INFO - [2023-03-06T09:29:45.736+0000] {dagbag.py:538} INFO - Filling up the DagBag from /home/airflow/.local/lib/python3.7/site-packages/airflow/example_dags/example_task_group.py
[2023-03-06T09:29:45.772+0000] {processor.py:753} INFO - DAG(s) dict_keys(['example_task_group']) retrieved from /home/airflow/.local/lib/python3.7/site-packages/airflow/example_dags/example_task_group.py
[2023-03-06T09:29:45.828+0000] {logging_mixin.py:137} INFO - [2023-03-06T09:29:45.827+0000] {dag.py:2690} INFO - Sync 1 DAGs
[2023-03-06T09:29:45.886+0000] {logging_mixin.py:137} INFO - [2023-03-06T09:29:45.886+0000] {dag.py:3441} INFO - Setting next_dagrun for example_task_group to 2023-03-05T09:29:45.886041+00:00, run_after=2023-03-06T09:29:45.886041+00:00
[2023-03-06T09:29:45.931+0000] {processor.py:175} INFO - Processing /home/airflow/.local/lib/python3.7/site-packages/airflow/example_dags/example_task_group.py took 0.207 seconds
[2023-03-06T09:30:16.481+0000] {processor.py:153} INFO - Started process (PID=593) to work on /home/airflow/.local/lib/python3.7/site-packages/airflow/example_dags/example_task_group.py
[2023-03-06T09:30:16.484+0000] {processor.py:743} INFO - Processing file /home/airflow/.local/lib/python3.7/site-packages/airflow/example_dags/example_task_group.py for tasks to queue
[2023-03-06T09:30:16.488+0000] {logging_mixin.py:137} INFO - [2023-03-06T09:30:16.487+0000] {dagbag.py:538} INFO - Filling up the DagBag from /home/airflow/.local/lib/python3.7/site-packages/airflow/example_dags/example_task_group.py
[2023-03-06T09:30:16.542+0000] {processor.py:753} INFO - DAG(s) dict_keys(['example_task_group']) retrieved from /home/airflow/.local/lib/python3.7/site-packages/airflow/example_dags/example_task_group.py
[2023-03-06T09:30:16.629+0000] {logging_mixin.py:137} INFO - [2023-03-06T09:30:16.628+0000] {dag.py:2690} INFO - Sync 1 DAGs
[2023-03-06T09:30:16.718+0000] {logging_mixin.py:137} INFO - [2023-03-06T09:30:16.718+0000] {dag.py:3441} INFO - Setting next_dagrun for example_task_group to 2023-03-05T09:30:16.717836+00:00, run_after=2023-03-06T09:30:16.717836+00:00
[2023-03-06T09:30:16.770+0000] {processor.py:175} INFO - Processing /home/airflow/.local/lib/python3.7/site-packages/airflow/example_dags/example_task_group.py took 0.302 seconds
[2023-03-06T09:30:47.158+0000] {processor.py:153} INFO - Started process (PID=656) to work on /home/airflow/.local/lib/python3.7/site-packages/airflow/example_dags/example_task_group.py
[2023-03-06T09:30:47.160+0000] {processor.py:743} INFO - Processing file /home/airflow/.local/lib/python3.7/site-packages/airflow/example_dags/example_task_group.py for tasks to queue
[2023-03-06T09:30:47.163+0000] {logging_mixin.py:137} INFO - [2023-03-06T09:30:47.163+0000] {dagbag.py:538} INFO - Filling up the DagBag from /home/airflow/.local/lib/python3.7/site-packages/airflow/example_dags/example_task_group.py
[2023-03-06T09:30:47.216+0000] {processor.py:753} INFO - DAG(s) dict_keys(['example_task_group']) retrieved from /home/airflow/.local/lib/python3.7/site-packages/airflow/example_dags/example_task_group.py
[2023-03-06T09:30:47.287+0000] {logging_mixin.py:137} INFO - [2023-03-06T09:30:47.287+0000] {dag.py:2690} INFO - Sync 1 DAGs
[2023-03-06T09:30:47.409+0000] {logging_mixin.py:137} INFO - [2023-03-06T09:30:47.408+0000] {dag.py:3441} INFO - Setting next_dagrun for example_task_group to 2023-03-05T09:30:47.403968+00:00, run_after=2023-03-06T09:30:47.403968+00:00
[2023-03-06T09:30:47.579+0000] {processor.py:175} INFO - Processing /home/airflow/.local/lib/python3.7/site-packages/airflow/example_dags/example_task_group.py took 0.436 seconds
[2023-03-06T09:31:17.686+0000] {processor.py:153} INFO - Started process (PID=720) to work on /home/airflow/.local/lib/python3.7/site-packages/airflow/example_dags/example_task_group.py
[2023-03-06T09:31:17.689+0000] {processor.py:743} INFO - Processing file /home/airflow/.local/lib/python3.7/site-packages/airflow/example_dags/example_task_group.py for tasks to queue
[2023-03-06T09:31:17.692+0000] {logging_mixin.py:137} INFO - [2023-03-06T09:31:17.691+0000] {dagbag.py:538} INFO - Filling up the DagBag from /home/airflow/.local/lib/python3.7/site-packages/airflow/example_dags/example_task_group.py
[2023-03-06T09:31:17.734+0000] {processor.py:753} INFO - DAG(s) dict_keys(['example_task_group']) retrieved from /home/airflow/.local/lib/python3.7/site-packages/airflow/example_dags/example_task_group.py
[2023-03-06T09:31:17.827+0000] {logging_mixin.py:137} INFO - [2023-03-06T09:31:17.827+0000] {dag.py:2690} INFO - Sync 1 DAGs
[2023-03-06T09:31:17.954+0000] {logging_mixin.py:137} INFO - [2023-03-06T09:31:17.953+0000] {dag.py:3441} INFO - Setting next_dagrun for example_task_group to 2023-03-05T09:31:17.950208+00:00, run_after=2023-03-06T09:31:17.950208+00:00
[2023-03-06T09:31:18.011+0000] {processor.py:175} INFO - Processing /home/airflow/.local/lib/python3.7/site-packages/airflow/example_dags/example_task_group.py took 0.334 seconds
[2023-03-06T09:31:50.024+0000] {processor.py:153} INFO - Started process (PID=792) to work on /home/airflow/.local/lib/python3.7/site-packages/airflow/example_dags/example_task_group.py
[2023-03-06T09:31:50.035+0000] {processor.py:743} INFO - Processing file /home/airflow/.local/lib/python3.7/site-packages/airflow/example_dags/example_task_group.py for tasks to queue
[2023-03-06T09:31:50.038+0000] {logging_mixin.py:137} INFO - [2023-03-06T09:31:50.037+0000] {dagbag.py:538} INFO - Filling up the DagBag from /home/airflow/.local/lib/python3.7/site-packages/airflow/example_dags/example_task_group.py
[2023-03-06T09:31:50.103+0000] {processor.py:753} INFO - DAG(s) dict_keys(['example_task_group']) retrieved from /home/airflow/.local/lib/python3.7/site-packages/airflow/example_dags/example_task_group.py
[2023-03-06T09:31:50.191+0000] {logging_mixin.py:137} INFO - [2023-03-06T09:31:50.191+0000] {dag.py:2690} INFO - Sync 1 DAGs
[2023-03-06T09:31:50.334+0000] {logging_mixin.py:137} INFO - [2023-03-06T09:31:50.334+0000] {dag.py:3441} INFO - Setting next_dagrun for example_task_group to 2023-03-05T09:31:50.333629+00:00, run_after=2023-03-06T09:31:50.333629+00:00
[2023-03-06T09:31:50.420+0000] {processor.py:175} INFO - Processing /home/airflow/.local/lib/python3.7/site-packages/airflow/example_dags/example_task_group.py took 0.405 seconds
[2023-03-06T09:32:21.065+0000] {processor.py:153} INFO - Started process (PID=859) to work on /home/airflow/.local/lib/python3.7/site-packages/airflow/example_dags/example_task_group.py
[2023-03-06T09:32:21.070+0000] {processor.py:743} INFO - Processing file /home/airflow/.local/lib/python3.7/site-packages/airflow/example_dags/example_task_group.py for tasks to queue
[2023-03-06T09:32:21.081+0000] {logging_mixin.py:137} INFO - [2023-03-06T09:32:21.081+0000] {dagbag.py:538} INFO - Filling up the DagBag from /home/airflow/.local/lib/python3.7/site-packages/airflow/example_dags/example_task_group.py
[2023-03-06T09:32:21.191+0000] {processor.py:753} INFO - DAG(s) dict_keys(['example_task_group']) retrieved from /home/airflow/.local/lib/python3.7/site-packages/airflow/example_dags/example_task_group.py
[2023-03-06T09:32:21.393+0000] {logging_mixin.py:137} INFO - [2023-03-06T09:32:21.393+0000] {dag.py:2690} INFO - Sync 1 DAGs
[2023-03-06T09:32:21.584+0000] {logging_mixin.py:137} INFO - [2023-03-06T09:32:21.581+0000] {dag.py:3441} INFO - Setting next_dagrun for example_task_group to 2023-03-05T09:32:21.580998+00:00, run_after=2023-03-06T09:32:21.580998+00:00
[2023-03-06T09:32:21.683+0000] {processor.py:175} INFO - Processing /home/airflow/.local/lib/python3.7/site-packages/airflow/example_dags/example_task_group.py took 0.673 seconds
[2023-03-06T09:32:51.861+0000] {processor.py:153} INFO - Started process (PID=919) to work on /home/airflow/.local/lib/python3.7/site-packages/airflow/example_dags/example_task_group.py
[2023-03-06T09:32:51.864+0000] {processor.py:743} INFO - Processing file /home/airflow/.local/lib/python3.7/site-packages/airflow/example_dags/example_task_group.py for tasks to queue
[2023-03-06T09:32:51.868+0000] {logging_mixin.py:137} INFO - [2023-03-06T09:32:51.867+0000] {dagbag.py:538} INFO - Filling up the DagBag from /home/airflow/.local/lib/python3.7/site-packages/airflow/example_dags/example_task_group.py
[2023-03-06T09:32:51.919+0000] {processor.py:753} INFO - DAG(s) dict_keys(['example_task_group']) retrieved from /home/airflow/.local/lib/python3.7/site-packages/airflow/example_dags/example_task_group.py
[2023-03-06T09:32:51.991+0000] {logging_mixin.py:137} INFO - [2023-03-06T09:32:51.991+0000] {dag.py:2690} INFO - Sync 1 DAGs
[2023-03-06T09:32:52.073+0000] {logging_mixin.py:137} INFO - [2023-03-06T09:32:52.073+0000] {dag.py:3441} INFO - Setting next_dagrun for example_task_group to 2023-03-05T09:32:52.072338+00:00, run_after=2023-03-06T09:32:52.072338+00:00
[2023-03-06T09:32:52.146+0000] {processor.py:175} INFO - Processing /home/airflow/.local/lib/python3.7/site-packages/airflow/example_dags/example_task_group.py took 0.294 seconds
[2023-03-06T09:33:22.493+0000] {processor.py:153} INFO - Started process (PID=973) to work on /home/airflow/.local/lib/python3.7/site-packages/airflow/example_dags/example_task_group.py
[2023-03-06T09:33:22.495+0000] {processor.py:743} INFO - Processing file /home/airflow/.local/lib/python3.7/site-packages/airflow/example_dags/example_task_group.py for tasks to queue
[2023-03-06T09:33:22.500+0000] {logging_mixin.py:137} INFO - [2023-03-06T09:33:22.499+0000] {dagbag.py:538} INFO - Filling up the DagBag from /home/airflow/.local/lib/python3.7/site-packages/airflow/example_dags/example_task_group.py
[2023-03-06T09:33:22.547+0000] {processor.py:753} INFO - DAG(s) dict_keys(['example_task_group']) retrieved from /home/airflow/.local/lib/python3.7/site-packages/airflow/example_dags/example_task_group.py
[2023-03-06T09:33:22.615+0000] {logging_mixin.py:137} INFO - [2023-03-06T09:33:22.614+0000] {dag.py:2690} INFO - Sync 1 DAGs
[2023-03-06T09:33:22.688+0000] {logging_mixin.py:137} INFO - [2023-03-06T09:33:22.687+0000] {dag.py:3441} INFO - Setting next_dagrun for example_task_group to 2023-03-05T09:33:22.686963+00:00, run_after=2023-03-06T09:33:22.686963+00:00
[2023-03-06T09:33:22.744+0000] {processor.py:175} INFO - Processing /home/airflow/.local/lib/python3.7/site-packages/airflow/example_dags/example_task_group.py took 0.262 seconds
[2023-03-06T09:33:53.561+0000] {processor.py:153} INFO - Started process (PID=1035) to work on /home/airflow/.local/lib/python3.7/site-packages/airflow/example_dags/example_task_group.py
[2023-03-06T09:33:53.565+0000] {processor.py:743} INFO - Processing file /home/airflow/.local/lib/python3.7/site-packages/airflow/example_dags/example_task_group.py for tasks to queue
[2023-03-06T09:33:53.574+0000] {logging_mixin.py:137} INFO - [2023-03-06T09:33:53.573+0000] {dagbag.py:538} INFO - Filling up the DagBag from /home/airflow/.local/lib/python3.7/site-packages/airflow/example_dags/example_task_group.py
[2023-03-06T09:33:53.640+0000] {processor.py:753} INFO - DAG(s) dict_keys(['example_task_group']) retrieved from /home/airflow/.local/lib/python3.7/site-packages/airflow/example_dags/example_task_group.py
[2023-03-06T09:33:53.718+0000] {logging_mixin.py:137} INFO - [2023-03-06T09:33:53.718+0000] {dag.py:2690} INFO - Sync 1 DAGs
[2023-03-06T09:33:53.805+0000] {logging_mixin.py:137} INFO - [2023-03-06T09:33:53.805+0000] {dag.py:3441} INFO - Setting next_dagrun for example_task_group to 2023-03-05T09:33:53.804369+00:00, run_after=2023-03-06T09:33:53.804369+00:00
[2023-03-06T09:33:53.863+0000] {processor.py:175} INFO - Processing /home/airflow/.local/lib/python3.7/site-packages/airflow/example_dags/example_task_group.py took 0.312 seconds
[2023-03-06T09:34:24.339+0000] {processor.py:153} INFO - Started process (PID=1098) to work on /home/airflow/.local/lib/python3.7/site-packages/airflow/example_dags/example_task_group.py
[2023-03-06T09:34:24.342+0000] {processor.py:743} INFO - Processing file /home/airflow/.local/lib/python3.7/site-packages/airflow/example_dags/example_task_group.py for tasks to queue
[2023-03-06T09:34:24.346+0000] {logging_mixin.py:137} INFO - [2023-03-06T09:34:24.346+0000] {dagbag.py:538} INFO - Filling up the DagBag from /home/airflow/.local/lib/python3.7/site-packages/airflow/example_dags/example_task_group.py
[2023-03-06T09:34:24.398+0000] {processor.py:753} INFO - DAG(s) dict_keys(['example_task_group']) retrieved from /home/airflow/.local/lib/python3.7/site-packages/airflow/example_dags/example_task_group.py
[2023-03-06T09:34:24.498+0000] {logging_mixin.py:137} INFO - [2023-03-06T09:34:24.498+0000] {dag.py:2690} INFO - Sync 1 DAGs
[2023-03-06T09:34:24.592+0000] {logging_mixin.py:137} INFO - [2023-03-06T09:34:24.592+0000] {dag.py:3441} INFO - Setting next_dagrun for example_task_group to 2023-03-05T09:34:24.592126+00:00, run_after=2023-03-06T09:34:24.592126+00:00
[2023-03-06T09:34:24.658+0000] {processor.py:175} INFO - Processing /home/airflow/.local/lib/python3.7/site-packages/airflow/example_dags/example_task_group.py took 0.332 seconds
[2023-03-06T09:34:55.101+0000] {processor.py:153} INFO - Started process (PID=1161) to work on /home/airflow/.local/lib/python3.7/site-packages/airflow/example_dags/example_task_group.py
[2023-03-06T09:34:55.103+0000] {processor.py:743} INFO - Processing file /home/airflow/.local/lib/python3.7/site-packages/airflow/example_dags/example_task_group.py for tasks to queue
[2023-03-06T09:34:55.107+0000] {logging_mixin.py:137} INFO - [2023-03-06T09:34:55.106+0000] {dagbag.py:538} INFO - Filling up the DagBag from /home/airflow/.local/lib/python3.7/site-packages/airflow/example_dags/example_task_group.py
[2023-03-06T09:34:55.155+0000] {processor.py:753} INFO - DAG(s) dict_keys(['example_task_group']) retrieved from /home/airflow/.local/lib/python3.7/site-packages/airflow/example_dags/example_task_group.py
[2023-03-06T09:34:55.227+0000] {logging_mixin.py:137} INFO - [2023-03-06T09:34:55.227+0000] {dag.py:2690} INFO - Sync 1 DAGs
[2023-03-06T09:34:55.305+0000] {logging_mixin.py:137} INFO - [2023-03-06T09:34:55.304+0000] {dag.py:3441} INFO - Setting next_dagrun for example_task_group to 2023-03-05T09:34:55.303694+00:00, run_after=2023-03-06T09:34:55.303694+00:00
[2023-03-06T09:34:55.359+0000] {processor.py:175} INFO - Processing /home/airflow/.local/lib/python3.7/site-packages/airflow/example_dags/example_task_group.py took 0.268 seconds
[2023-03-06T09:35:25.741+0000] {processor.py:153} INFO - Started process (PID=1224) to work on /home/airflow/.local/lib/python3.7/site-packages/airflow/example_dags/example_task_group.py
[2023-03-06T09:35:25.745+0000] {processor.py:743} INFO - Processing file /home/airflow/.local/lib/python3.7/site-packages/airflow/example_dags/example_task_group.py for tasks to queue
[2023-03-06T09:35:25.751+0000] {logging_mixin.py:137} INFO - [2023-03-06T09:35:25.749+0000] {dagbag.py:538} INFO - Filling up the DagBag from /home/airflow/.local/lib/python3.7/site-packages/airflow/example_dags/example_task_group.py
[2023-03-06T09:35:25.820+0000] {processor.py:753} INFO - DAG(s) dict_keys(['example_task_group']) retrieved from /home/airflow/.local/lib/python3.7/site-packages/airflow/example_dags/example_task_group.py
[2023-03-06T09:35:25.888+0000] {logging_mixin.py:137} INFO - [2023-03-06T09:35:25.888+0000] {dag.py:2690} INFO - Sync 1 DAGs
[2023-03-06T09:35:25.958+0000] {logging_mixin.py:137} INFO - [2023-03-06T09:35:25.958+0000] {dag.py:3441} INFO - Setting next_dagrun for example_task_group to 2023-03-05T09:35:25.957962+00:00, run_after=2023-03-06T09:35:25.957962+00:00
[2023-03-06T09:35:26.007+0000] {processor.py:175} INFO - Processing /home/airflow/.local/lib/python3.7/site-packages/airflow/example_dags/example_task_group.py took 0.279 seconds
[2023-03-06T09:35:57.040+0000] {processor.py:153} INFO - Started process (PID=1287) to work on /home/airflow/.local/lib/python3.7/site-packages/airflow/example_dags/example_task_group.py
[2023-03-06T09:35:57.042+0000] {processor.py:743} INFO - Processing file /home/airflow/.local/lib/python3.7/site-packages/airflow/example_dags/example_task_group.py for tasks to queue
[2023-03-06T09:35:57.044+0000] {logging_mixin.py:137} INFO - [2023-03-06T09:35:57.044+0000] {dagbag.py:538} INFO - Filling up the DagBag from /home/airflow/.local/lib/python3.7/site-packages/airflow/example_dags/example_task_group.py
[2023-03-06T09:35:57.088+0000] {processor.py:753} INFO - DAG(s) dict_keys(['example_task_group']) retrieved from /home/airflow/.local/lib/python3.7/site-packages/airflow/example_dags/example_task_group.py
[2023-03-06T09:35:57.167+0000] {logging_mixin.py:137} INFO - [2023-03-06T09:35:57.167+0000] {dag.py:2690} INFO - Sync 1 DAGs
[2023-03-06T09:35:57.258+0000] {logging_mixin.py:137} INFO - [2023-03-06T09:35:57.258+0000] {dag.py:3441} INFO - Setting next_dagrun for example_task_group to 2023-03-05T09:35:57.257386+00:00, run_after=2023-03-06T09:35:57.257386+00:00
[2023-03-06T09:35:57.308+0000] {processor.py:175} INFO - Processing /home/airflow/.local/lib/python3.7/site-packages/airflow/example_dags/example_task_group.py took 0.279 seconds
[2023-03-06T09:36:28.004+0000] {processor.py:153} INFO - Started process (PID=1351) to work on /home/airflow/.local/lib/python3.7/site-packages/airflow/example_dags/example_task_group.py
[2023-03-06T09:36:28.006+0000] {processor.py:743} INFO - Processing file /home/airflow/.local/lib/python3.7/site-packages/airflow/example_dags/example_task_group.py for tasks to queue
[2023-03-06T09:36:28.010+0000] {logging_mixin.py:137} INFO - [2023-03-06T09:36:28.009+0000] {dagbag.py:538} INFO - Filling up the DagBag from /home/airflow/.local/lib/python3.7/site-packages/airflow/example_dags/example_task_group.py
[2023-03-06T09:36:28.055+0000] {processor.py:753} INFO - DAG(s) dict_keys(['example_task_group']) retrieved from /home/airflow/.local/lib/python3.7/site-packages/airflow/example_dags/example_task_group.py
[2023-03-06T09:36:28.123+0000] {logging_mixin.py:137} INFO - [2023-03-06T09:36:28.122+0000] {dag.py:2690} INFO - Sync 1 DAGs
[2023-03-06T09:36:28.196+0000] {logging_mixin.py:137} INFO - [2023-03-06T09:36:28.196+0000] {dag.py:3441} INFO - Setting next_dagrun for example_task_group to 2023-03-05T09:36:28.196018+00:00, run_after=2023-03-06T09:36:28.196018+00:00
[2023-03-06T09:36:28.244+0000] {processor.py:175} INFO - Processing /home/airflow/.local/lib/python3.7/site-packages/airflow/example_dags/example_task_group.py took 0.250 seconds
[2023-03-06T09:36:58.701+0000] {processor.py:153} INFO - Started process (PID=1415) to work on /home/airflow/.local/lib/python3.7/site-packages/airflow/example_dags/example_task_group.py
[2023-03-06T09:36:58.704+0000] {processor.py:743} INFO - Processing file /home/airflow/.local/lib/python3.7/site-packages/airflow/example_dags/example_task_group.py for tasks to queue
[2023-03-06T09:36:58.709+0000] {logging_mixin.py:137} INFO - [2023-03-06T09:36:58.708+0000] {dagbag.py:538} INFO - Filling up the DagBag from /home/airflow/.local/lib/python3.7/site-packages/airflow/example_dags/example_task_group.py
[2023-03-06T09:36:58.755+0000] {processor.py:753} INFO - DAG(s) dict_keys(['example_task_group']) retrieved from /home/airflow/.local/lib/python3.7/site-packages/airflow/example_dags/example_task_group.py
[2023-03-06T09:36:58.814+0000] {logging_mixin.py:137} INFO - [2023-03-06T09:36:58.814+0000] {dag.py:2690} INFO - Sync 1 DAGs
[2023-03-06T09:36:58.956+0000] {logging_mixin.py:137} INFO - [2023-03-06T09:36:58.955+0000] {dag.py:3441} INFO - Setting next_dagrun for example_task_group to 2023-03-05T09:36:58.953582+00:00, run_after=2023-03-06T09:36:58.953582+00:00
[2023-03-06T09:36:59.076+0000] {processor.py:175} INFO - Processing /home/airflow/.local/lib/python3.7/site-packages/airflow/example_dags/example_task_group.py took 0.384 seconds
[2023-03-06T09:37:29.798+0000] {processor.py:153} INFO - Started process (PID=1478) to work on /home/airflow/.local/lib/python3.7/site-packages/airflow/example_dags/example_task_group.py
[2023-03-06T09:37:29.802+0000] {processor.py:743} INFO - Processing file /home/airflow/.local/lib/python3.7/site-packages/airflow/example_dags/example_task_group.py for tasks to queue
[2023-03-06T09:37:29.807+0000] {logging_mixin.py:137} INFO - [2023-03-06T09:37:29.807+0000] {dagbag.py:538} INFO - Filling up the DagBag from /home/airflow/.local/lib/python3.7/site-packages/airflow/example_dags/example_task_group.py
[2023-03-06T09:37:29.868+0000] {processor.py:753} INFO - DAG(s) dict_keys(['example_task_group']) retrieved from /home/airflow/.local/lib/python3.7/site-packages/airflow/example_dags/example_task_group.py
[2023-03-06T09:37:29.932+0000] {logging_mixin.py:137} INFO - [2023-03-06T09:37:29.932+0000] {dag.py:2690} INFO - Sync 1 DAGs
[2023-03-06T09:37:29.998+0000] {logging_mixin.py:137} INFO - [2023-03-06T09:37:29.997+0000] {dag.py:3441} INFO - Setting next_dagrun for example_task_group to 2023-03-05T09:37:29.997332+00:00, run_after=2023-03-06T09:37:29.997332+00:00
[2023-03-06T09:37:30.048+0000] {processor.py:175} INFO - Processing /home/airflow/.local/lib/python3.7/site-packages/airflow/example_dags/example_task_group.py took 0.264 seconds
[2023-03-06T09:38:00.203+0000] {processor.py:153} INFO - Started process (PID=1541) to work on /home/airflow/.local/lib/python3.7/site-packages/airflow/example_dags/example_task_group.py
[2023-03-06T09:38:00.207+0000] {processor.py:743} INFO - Processing file /home/airflow/.local/lib/python3.7/site-packages/airflow/example_dags/example_task_group.py for tasks to queue
[2023-03-06T09:38:00.212+0000] {logging_mixin.py:137} INFO - [2023-03-06T09:38:00.211+0000] {dagbag.py:538} INFO - Filling up the DagBag from /home/airflow/.local/lib/python3.7/site-packages/airflow/example_dags/example_task_group.py
[2023-03-06T09:38:00.264+0000] {processor.py:753} INFO - DAG(s) dict_keys(['example_task_group']) retrieved from /home/airflow/.local/lib/python3.7/site-packages/airflow/example_dags/example_task_group.py
[2023-03-06T09:38:00.331+0000] {logging_mixin.py:137} INFO - [2023-03-06T09:38:00.331+0000] {dag.py:2690} INFO - Sync 1 DAGs
[2023-03-06T09:38:00.416+0000] {logging_mixin.py:137} INFO - [2023-03-06T09:38:00.416+0000] {dag.py:3441} INFO - Setting next_dagrun for example_task_group to 2023-03-05T09:38:00.415317+00:00, run_after=2023-03-06T09:38:00.415317+00:00
[2023-03-06T09:38:00.486+0000] {processor.py:175} INFO - Processing /home/airflow/.local/lib/python3.7/site-packages/airflow/example_dags/example_task_group.py took 0.294 seconds
[2023-03-06T09:38:30.792+0000] {processor.py:153} INFO - Started process (PID=1604) to work on /home/airflow/.local/lib/python3.7/site-packages/airflow/example_dags/example_task_group.py
[2023-03-06T09:38:30.796+0000] {processor.py:743} INFO - Processing file /home/airflow/.local/lib/python3.7/site-packages/airflow/example_dags/example_task_group.py for tasks to queue
[2023-03-06T09:38:30.801+0000] {logging_mixin.py:137} INFO - [2023-03-06T09:38:30.800+0000] {dagbag.py:538} INFO - Filling up the DagBag from /home/airflow/.local/lib/python3.7/site-packages/airflow/example_dags/example_task_group.py
[2023-03-06T09:38:30.853+0000] {processor.py:753} INFO - DAG(s) dict_keys(['example_task_group']) retrieved from /home/airflow/.local/lib/python3.7/site-packages/airflow/example_dags/example_task_group.py
[2023-03-06T09:38:30.914+0000] {logging_mixin.py:137} INFO - [2023-03-06T09:38:30.914+0000] {dag.py:2690} INFO - Sync 1 DAGs
[2023-03-06T09:38:31.026+0000] {logging_mixin.py:137} INFO - [2023-03-06T09:38:31.026+0000] {dag.py:3441} INFO - Setting next_dagrun for example_task_group to 2023-03-05T09:38:31.024814+00:00, run_after=2023-03-06T09:38:31.024814+00:00
[2023-03-06T09:38:31.153+0000] {processor.py:175} INFO - Processing /home/airflow/.local/lib/python3.7/site-packages/airflow/example_dags/example_task_group.py took 0.370 seconds
[2023-03-06T09:39:01.694+0000] {processor.py:153} INFO - Started process (PID=1666) to work on /home/airflow/.local/lib/python3.7/site-packages/airflow/example_dags/example_task_group.py
[2023-03-06T09:39:01.696+0000] {processor.py:743} INFO - Processing file /home/airflow/.local/lib/python3.7/site-packages/airflow/example_dags/example_task_group.py for tasks to queue
[2023-03-06T09:39:01.701+0000] {logging_mixin.py:137} INFO - [2023-03-06T09:39:01.700+0000] {dagbag.py:538} INFO - Filling up the DagBag from /home/airflow/.local/lib/python3.7/site-packages/airflow/example_dags/example_task_group.py
[2023-03-06T09:39:01.748+0000] {processor.py:753} INFO - DAG(s) dict_keys(['example_task_group']) retrieved from /home/airflow/.local/lib/python3.7/site-packages/airflow/example_dags/example_task_group.py
[2023-03-06T09:39:01.811+0000] {logging_mixin.py:137} INFO - [2023-03-06T09:39:01.810+0000] {dag.py:2690} INFO - Sync 1 DAGs
[2023-03-06T09:39:01.877+0000] {logging_mixin.py:137} INFO - [2023-03-06T09:39:01.877+0000] {dag.py:3441} INFO - Setting next_dagrun for example_task_group to 2023-03-05T09:39:01.876797+00:00, run_after=2023-03-06T09:39:01.876797+00:00
[2023-03-06T09:39:01.928+0000] {processor.py:175} INFO - Processing /home/airflow/.local/lib/python3.7/site-packages/airflow/example_dags/example_task_group.py took 0.244 seconds
[2023-03-06T09:39:32.234+0000] {processor.py:153} INFO - Started process (PID=1729) to work on /home/airflow/.local/lib/python3.7/site-packages/airflow/example_dags/example_task_group.py
[2023-03-06T09:39:32.235+0000] {processor.py:743} INFO - Processing file /home/airflow/.local/lib/python3.7/site-packages/airflow/example_dags/example_task_group.py for tasks to queue
[2023-03-06T09:39:32.238+0000] {logging_mixin.py:137} INFO - [2023-03-06T09:39:32.237+0000] {dagbag.py:538} INFO - Filling up the DagBag from /home/airflow/.local/lib/python3.7/site-packages/airflow/example_dags/example_task_group.py
[2023-03-06T09:39:32.282+0000] {processor.py:753} INFO - DAG(s) dict_keys(['example_task_group']) retrieved from /home/airflow/.local/lib/python3.7/site-packages/airflow/example_dags/example_task_group.py
[2023-03-06T09:39:32.355+0000] {logging_mixin.py:137} INFO - [2023-03-06T09:39:32.354+0000] {dag.py:2690} INFO - Sync 1 DAGs
[2023-03-06T09:39:32.429+0000] {logging_mixin.py:137} INFO - [2023-03-06T09:39:32.429+0000] {dag.py:3441} INFO - Setting next_dagrun for example_task_group to 2023-03-05T09:39:32.428666+00:00, run_after=2023-03-06T09:39:32.428666+00:00
[2023-03-06T09:39:32.486+0000] {processor.py:175} INFO - Processing /home/airflow/.local/lib/python3.7/site-packages/airflow/example_dags/example_task_group.py took 0.262 seconds
[2023-03-06T09:40:03.106+0000] {processor.py:153} INFO - Started process (PID=1793) to work on /home/airflow/.local/lib/python3.7/site-packages/airflow/example_dags/example_task_group.py
[2023-03-06T09:40:03.109+0000] {processor.py:743} INFO - Processing file /home/airflow/.local/lib/python3.7/site-packages/airflow/example_dags/example_task_group.py for tasks to queue
[2023-03-06T09:40:03.112+0000] {logging_mixin.py:137} INFO - [2023-03-06T09:40:03.112+0000] {dagbag.py:538} INFO - Filling up the DagBag from /home/airflow/.local/lib/python3.7/site-packages/airflow/example_dags/example_task_group.py
[2023-03-06T09:40:03.179+0000] {processor.py:753} INFO - DAG(s) dict_keys(['example_task_group']) retrieved from /home/airflow/.local/lib/python3.7/site-packages/airflow/example_dags/example_task_group.py
[2023-03-06T09:40:03.271+0000] {logging_mixin.py:137} INFO - [2023-03-06T09:40:03.271+0000] {dag.py:2690} INFO - Sync 1 DAGs
[2023-03-06T09:40:03.340+0000] {logging_mixin.py:137} INFO - [2023-03-06T09:40:03.340+0000] {dag.py:3441} INFO - Setting next_dagrun for example_task_group to 2023-03-05T09:40:03.339876+00:00, run_after=2023-03-06T09:40:03.339876+00:00
[2023-03-06T09:40:03.390+0000] {processor.py:175} INFO - Processing /home/airflow/.local/lib/python3.7/site-packages/airflow/example_dags/example_task_group.py took 0.296 seconds
[2023-03-06T09:40:34.127+0000] {processor.py:153} INFO - Started process (PID=1856) to work on /home/airflow/.local/lib/python3.7/site-packages/airflow/example_dags/example_task_group.py
[2023-03-06T09:40:34.130+0000] {processor.py:743} INFO - Processing file /home/airflow/.local/lib/python3.7/site-packages/airflow/example_dags/example_task_group.py for tasks to queue
[2023-03-06T09:40:34.133+0000] {logging_mixin.py:137} INFO - [2023-03-06T09:40:34.133+0000] {dagbag.py:538} INFO - Filling up the DagBag from /home/airflow/.local/lib/python3.7/site-packages/airflow/example_dags/example_task_group.py
[2023-03-06T09:40:34.181+0000] {processor.py:753} INFO - DAG(s) dict_keys(['example_task_group']) retrieved from /home/airflow/.local/lib/python3.7/site-packages/airflow/example_dags/example_task_group.py
[2023-03-06T09:40:34.246+0000] {logging_mixin.py:137} INFO - [2023-03-06T09:40:34.246+0000] {dag.py:2690} INFO - Sync 1 DAGs
[2023-03-06T09:40:34.316+0000] {logging_mixin.py:137} INFO - [2023-03-06T09:40:34.316+0000] {dag.py:3441} INFO - Setting next_dagrun for example_task_group to 2023-03-05T09:40:34.315867+00:00, run_after=2023-03-06T09:40:34.315867+00:00
[2023-03-06T09:40:34.364+0000] {processor.py:175} INFO - Processing /home/airflow/.local/lib/python3.7/site-packages/airflow/example_dags/example_task_group.py took 0.248 seconds
[2023-03-06T09:41:04.803+0000] {processor.py:153} INFO - Started process (PID=1920) to work on /home/airflow/.local/lib/python3.7/site-packages/airflow/example_dags/example_task_group.py
[2023-03-06T09:41:04.805+0000] {processor.py:743} INFO - Processing file /home/airflow/.local/lib/python3.7/site-packages/airflow/example_dags/example_task_group.py for tasks to queue
[2023-03-06T09:41:04.809+0000] {logging_mixin.py:137} INFO - [2023-03-06T09:41:04.807+0000] {dagbag.py:538} INFO - Filling up the DagBag from /home/airflow/.local/lib/python3.7/site-packages/airflow/example_dags/example_task_group.py
[2023-03-06T09:41:04.860+0000] {processor.py:753} INFO - DAG(s) dict_keys(['example_task_group']) retrieved from /home/airflow/.local/lib/python3.7/site-packages/airflow/example_dags/example_task_group.py
[2023-03-06T09:41:04.930+0000] {logging_mixin.py:137} INFO - [2023-03-06T09:41:04.930+0000] {dag.py:2690} INFO - Sync 1 DAGs
[2023-03-06T09:41:04.997+0000] {logging_mixin.py:137} INFO - [2023-03-06T09:41:04.996+0000] {dag.py:3441} INFO - Setting next_dagrun for example_task_group to 2023-03-05T09:41:04.996211+00:00, run_after=2023-03-06T09:41:04.996211+00:00
[2023-03-06T09:41:05.046+0000] {processor.py:175} INFO - Processing /home/airflow/.local/lib/python3.7/site-packages/airflow/example_dags/example_task_group.py took 0.253 seconds
