[2023-03-06T09:26:09.580+0000] {processor.py:153} INFO - Started process (PID=92) to work on /home/airflow/.local/lib/python3.7/site-packages/airflow/example_dags/example_branch_python_dop_operator_3.py
[2023-03-06T09:26:09.583+0000] {processor.py:743} INFO - Processing file /home/airflow/.local/lib/python3.7/site-packages/airflow/example_dags/example_branch_python_dop_operator_3.py for tasks to queue
[2023-03-06T09:26:09.586+0000] {logging_mixin.py:137} INFO - [2023-03-06T09:26:09.585+0000] {dagbag.py:538} INFO - Filling up the DagBag from /home/airflow/.local/lib/python3.7/site-packages/airflow/example_dags/example_branch_python_dop_operator_3.py
[2023-03-06T09:26:09.653+0000] {processor.py:753} INFO - DAG(s) dict_keys(['example_branch_dop_operator_v3']) retrieved from /home/airflow/.local/lib/python3.7/site-packages/airflow/example_dags/example_branch_python_dop_operator_3.py
[2023-03-06T09:26:09.747+0000] {logging_mixin.py:137} INFO - [2023-03-06T09:26:09.746+0000] {dag.py:2690} INFO - Sync 1 DAGs
[2023-03-06T09:26:09.871+0000] {logging_mixin.py:137} INFO - [2023-03-06T09:26:09.870+0000] {dag.py:3441} INFO - Setting next_dagrun for example_branch_dop_operator_v3 to 2023-03-06T09:25:00+00:00, run_after=2023-03-06T09:26:00+00:00
[2023-03-06T09:26:09.933+0000] {processor.py:175} INFO - Processing /home/airflow/.local/lib/python3.7/site-packages/airflow/example_dags/example_branch_python_dop_operator_3.py took 0.363 seconds
[2023-03-06T09:26:40.521+0000] {processor.py:153} INFO - Started process (PID=155) to work on /home/airflow/.local/lib/python3.7/site-packages/airflow/example_dags/example_branch_python_dop_operator_3.py
[2023-03-06T09:26:40.524+0000] {processor.py:743} INFO - Processing file /home/airflow/.local/lib/python3.7/site-packages/airflow/example_dags/example_branch_python_dop_operator_3.py for tasks to queue
[2023-03-06T09:26:40.529+0000] {logging_mixin.py:137} INFO - [2023-03-06T09:26:40.529+0000] {dagbag.py:538} INFO - Filling up the DagBag from /home/airflow/.local/lib/python3.7/site-packages/airflow/example_dags/example_branch_python_dop_operator_3.py
[2023-03-06T09:26:40.592+0000] {processor.py:753} INFO - DAG(s) dict_keys(['example_branch_dop_operator_v3']) retrieved from /home/airflow/.local/lib/python3.7/site-packages/airflow/example_dags/example_branch_python_dop_operator_3.py
[2023-03-06T09:26:40.658+0000] {logging_mixin.py:137} INFO - [2023-03-06T09:26:40.657+0000] {dag.py:2690} INFO - Sync 1 DAGs
[2023-03-06T09:26:40.729+0000] {logging_mixin.py:137} INFO - [2023-03-06T09:26:40.729+0000] {dag.py:3441} INFO - Setting next_dagrun for example_branch_dop_operator_v3 to 2023-03-06T09:25:00+00:00, run_after=2023-03-06T09:26:00+00:00
[2023-03-06T09:26:40.904+0000] {processor.py:175} INFO - Processing /home/airflow/.local/lib/python3.7/site-packages/airflow/example_dags/example_branch_python_dop_operator_3.py took 0.391 seconds
[2023-03-06T09:27:11.488+0000] {processor.py:153} INFO - Started process (PID=217) to work on /home/airflow/.local/lib/python3.7/site-packages/airflow/example_dags/example_branch_python_dop_operator_3.py
[2023-03-06T09:27:11.490+0000] {processor.py:743} INFO - Processing file /home/airflow/.local/lib/python3.7/site-packages/airflow/example_dags/example_branch_python_dop_operator_3.py for tasks to queue
[2023-03-06T09:27:11.492+0000] {logging_mixin.py:137} INFO - [2023-03-06T09:27:11.492+0000] {dagbag.py:538} INFO - Filling up the DagBag from /home/airflow/.local/lib/python3.7/site-packages/airflow/example_dags/example_branch_python_dop_operator_3.py
[2023-03-06T09:27:11.548+0000] {processor.py:753} INFO - DAG(s) dict_keys(['example_branch_dop_operator_v3']) retrieved from /home/airflow/.local/lib/python3.7/site-packages/airflow/example_dags/example_branch_python_dop_operator_3.py
[2023-03-06T09:27:11.603+0000] {logging_mixin.py:137} INFO - [2023-03-06T09:27:11.603+0000] {dag.py:2690} INFO - Sync 1 DAGs
[2023-03-06T09:27:11.669+0000] {logging_mixin.py:137} INFO - [2023-03-06T09:27:11.669+0000] {dag.py:3441} INFO - Setting next_dagrun for example_branch_dop_operator_v3 to 2023-03-06T09:26:00+00:00, run_after=2023-03-06T09:27:00+00:00
[2023-03-06T09:27:11.723+0000] {processor.py:175} INFO - Processing /home/airflow/.local/lib/python3.7/site-packages/airflow/example_dags/example_branch_python_dop_operator_3.py took 0.244 seconds
[2023-03-06T09:27:42.471+0000] {processor.py:153} INFO - Started process (PID=280) to work on /home/airflow/.local/lib/python3.7/site-packages/airflow/example_dags/example_branch_python_dop_operator_3.py
[2023-03-06T09:27:42.473+0000] {processor.py:743} INFO - Processing file /home/airflow/.local/lib/python3.7/site-packages/airflow/example_dags/example_branch_python_dop_operator_3.py for tasks to queue
[2023-03-06T09:27:42.476+0000] {logging_mixin.py:137} INFO - [2023-03-06T09:27:42.476+0000] {dagbag.py:538} INFO - Filling up the DagBag from /home/airflow/.local/lib/python3.7/site-packages/airflow/example_dags/example_branch_python_dop_operator_3.py
[2023-03-06T09:27:42.539+0000] {processor.py:753} INFO - DAG(s) dict_keys(['example_branch_dop_operator_v3']) retrieved from /home/airflow/.local/lib/python3.7/site-packages/airflow/example_dags/example_branch_python_dop_operator_3.py
[2023-03-06T09:27:42.599+0000] {logging_mixin.py:137} INFO - [2023-03-06T09:27:42.599+0000] {dag.py:2690} INFO - Sync 1 DAGs
[2023-03-06T09:27:42.670+0000] {logging_mixin.py:137} INFO - [2023-03-06T09:27:42.670+0000] {dag.py:3441} INFO - Setting next_dagrun for example_branch_dop_operator_v3 to 2023-03-06T09:26:00+00:00, run_after=2023-03-06T09:27:00+00:00
[2023-03-06T09:27:42.725+0000] {processor.py:175} INFO - Processing /home/airflow/.local/lib/python3.7/site-packages/airflow/example_dags/example_branch_python_dop_operator_3.py took 0.262 seconds
[2023-03-06T09:28:13.156+0000] {processor.py:153} INFO - Started process (PID=344) to work on /home/airflow/.local/lib/python3.7/site-packages/airflow/example_dags/example_branch_python_dop_operator_3.py
[2023-03-06T09:28:13.160+0000] {processor.py:743} INFO - Processing file /home/airflow/.local/lib/python3.7/site-packages/airflow/example_dags/example_branch_python_dop_operator_3.py for tasks to queue
[2023-03-06T09:28:13.164+0000] {logging_mixin.py:137} INFO - [2023-03-06T09:28:13.164+0000] {dagbag.py:538} INFO - Filling up the DagBag from /home/airflow/.local/lib/python3.7/site-packages/airflow/example_dags/example_branch_python_dop_operator_3.py
[2023-03-06T09:28:13.254+0000] {processor.py:753} INFO - DAG(s) dict_keys(['example_branch_dop_operator_v3']) retrieved from /home/airflow/.local/lib/python3.7/site-packages/airflow/example_dags/example_branch_python_dop_operator_3.py
[2023-03-06T09:28:13.354+0000] {logging_mixin.py:137} INFO - [2023-03-06T09:28:13.353+0000] {dag.py:2690} INFO - Sync 1 DAGs
[2023-03-06T09:28:13.467+0000] {logging_mixin.py:137} INFO - [2023-03-06T09:28:13.466+0000] {dag.py:3441} INFO - Setting next_dagrun for example_branch_dop_operator_v3 to 2023-03-06T09:27:00+00:00, run_after=2023-03-06T09:28:00+00:00
[2023-03-06T09:28:13.592+0000] {processor.py:175} INFO - Processing /home/airflow/.local/lib/python3.7/site-packages/airflow/example_dags/example_branch_python_dop_operator_3.py took 0.449 seconds
[2023-03-06T09:28:43.865+0000] {processor.py:153} INFO - Started process (PID=406) to work on /home/airflow/.local/lib/python3.7/site-packages/airflow/example_dags/example_branch_python_dop_operator_3.py
[2023-03-06T09:28:43.869+0000] {processor.py:743} INFO - Processing file /home/airflow/.local/lib/python3.7/site-packages/airflow/example_dags/example_branch_python_dop_operator_3.py for tasks to queue
[2023-03-06T09:28:43.872+0000] {logging_mixin.py:137} INFO - [2023-03-06T09:28:43.872+0000] {dagbag.py:538} INFO - Filling up the DagBag from /home/airflow/.local/lib/python3.7/site-packages/airflow/example_dags/example_branch_python_dop_operator_3.py
[2023-03-06T09:28:43.933+0000] {processor.py:753} INFO - DAG(s) dict_keys(['example_branch_dop_operator_v3']) retrieved from /home/airflow/.local/lib/python3.7/site-packages/airflow/example_dags/example_branch_python_dop_operator_3.py
[2023-03-06T09:28:44.007+0000] {logging_mixin.py:137} INFO - [2023-03-06T09:28:44.007+0000] {dag.py:2690} INFO - Sync 1 DAGs
[2023-03-06T09:28:44.095+0000] {logging_mixin.py:137} INFO - [2023-03-06T09:28:44.094+0000] {dag.py:3441} INFO - Setting next_dagrun for example_branch_dop_operator_v3 to 2023-03-06T09:27:00+00:00, run_after=2023-03-06T09:28:00+00:00
[2023-03-06T09:28:44.145+0000] {processor.py:175} INFO - Processing /home/airflow/.local/lib/python3.7/site-packages/airflow/example_dags/example_branch_python_dop_operator_3.py took 0.294 seconds
[2023-03-06T09:29:14.675+0000] {processor.py:153} INFO - Started process (PID=468) to work on /home/airflow/.local/lib/python3.7/site-packages/airflow/example_dags/example_branch_python_dop_operator_3.py
[2023-03-06T09:29:14.679+0000] {processor.py:743} INFO - Processing file /home/airflow/.local/lib/python3.7/site-packages/airflow/example_dags/example_branch_python_dop_operator_3.py for tasks to queue
[2023-03-06T09:29:14.683+0000] {logging_mixin.py:137} INFO - [2023-03-06T09:29:14.682+0000] {dagbag.py:538} INFO - Filling up the DagBag from /home/airflow/.local/lib/python3.7/site-packages/airflow/example_dags/example_branch_python_dop_operator_3.py
[2023-03-06T09:29:14.778+0000] {processor.py:753} INFO - DAG(s) dict_keys(['example_branch_dop_operator_v3']) retrieved from /home/airflow/.local/lib/python3.7/site-packages/airflow/example_dags/example_branch_python_dop_operator_3.py
[2023-03-06T09:29:14.869+0000] {logging_mixin.py:137} INFO - [2023-03-06T09:29:14.869+0000] {dag.py:2690} INFO - Sync 1 DAGs
[2023-03-06T09:29:14.969+0000] {logging_mixin.py:137} INFO - [2023-03-06T09:29:14.969+0000] {dag.py:3441} INFO - Setting next_dagrun for example_branch_dop_operator_v3 to 2023-03-06T09:28:00+00:00, run_after=2023-03-06T09:29:00+00:00
[2023-03-06T09:29:15.126+0000] {processor.py:175} INFO - Processing /home/airflow/.local/lib/python3.7/site-packages/airflow/example_dags/example_branch_python_dop_operator_3.py took 0.464 seconds
[2023-03-06T09:29:46.000+0000] {processor.py:153} INFO - Started process (PID=531) to work on /home/airflow/.local/lib/python3.7/site-packages/airflow/example_dags/example_branch_python_dop_operator_3.py
[2023-03-06T09:29:46.002+0000] {processor.py:743} INFO - Processing file /home/airflow/.local/lib/python3.7/site-packages/airflow/example_dags/example_branch_python_dop_operator_3.py for tasks to queue
[2023-03-06T09:29:46.004+0000] {logging_mixin.py:137} INFO - [2023-03-06T09:29:46.004+0000] {dagbag.py:538} INFO - Filling up the DagBag from /home/airflow/.local/lib/python3.7/site-packages/airflow/example_dags/example_branch_python_dop_operator_3.py
[2023-03-06T09:29:46.062+0000] {processor.py:753} INFO - DAG(s) dict_keys(['example_branch_dop_operator_v3']) retrieved from /home/airflow/.local/lib/python3.7/site-packages/airflow/example_dags/example_branch_python_dop_operator_3.py
[2023-03-06T09:29:46.128+0000] {logging_mixin.py:137} INFO - [2023-03-06T09:29:46.128+0000] {dag.py:2690} INFO - Sync 1 DAGs
[2023-03-06T09:29:46.222+0000] {logging_mixin.py:137} INFO - [2023-03-06T09:29:46.222+0000] {dag.py:3441} INFO - Setting next_dagrun for example_branch_dop_operator_v3 to 2023-03-06T09:28:00+00:00, run_after=2023-03-06T09:29:00+00:00
[2023-03-06T09:29:46.369+0000] {processor.py:175} INFO - Processing /home/airflow/.local/lib/python3.7/site-packages/airflow/example_dags/example_branch_python_dop_operator_3.py took 0.380 seconds
[2023-03-06T09:30:16.721+0000] {processor.py:153} INFO - Started process (PID=594) to work on /home/airflow/.local/lib/python3.7/site-packages/airflow/example_dags/example_branch_python_dop_operator_3.py
[2023-03-06T09:30:16.723+0000] {processor.py:743} INFO - Processing file /home/airflow/.local/lib/python3.7/site-packages/airflow/example_dags/example_branch_python_dop_operator_3.py for tasks to queue
[2023-03-06T09:30:16.725+0000] {logging_mixin.py:137} INFO - [2023-03-06T09:30:16.725+0000] {dagbag.py:538} INFO - Filling up the DagBag from /home/airflow/.local/lib/python3.7/site-packages/airflow/example_dags/example_branch_python_dop_operator_3.py
[2023-03-06T09:30:16.785+0000] {processor.py:753} INFO - DAG(s) dict_keys(['example_branch_dop_operator_v3']) retrieved from /home/airflow/.local/lib/python3.7/site-packages/airflow/example_dags/example_branch_python_dop_operator_3.py
[2023-03-06T09:30:16.853+0000] {logging_mixin.py:137} INFO - [2023-03-06T09:30:16.853+0000] {dag.py:2690} INFO - Sync 1 DAGs
[2023-03-06T09:30:16.924+0000] {logging_mixin.py:137} INFO - [2023-03-06T09:30:16.924+0000] {dag.py:3441} INFO - Setting next_dagrun for example_branch_dop_operator_v3 to 2023-03-06T09:29:00+00:00, run_after=2023-03-06T09:30:00+00:00
[2023-03-06T09:30:16.968+0000] {processor.py:175} INFO - Processing /home/airflow/.local/lib/python3.7/site-packages/airflow/example_dags/example_branch_python_dop_operator_3.py took 0.256 seconds
[2023-03-06T09:30:47.682+0000] {processor.py:153} INFO - Started process (PID=657) to work on /home/airflow/.local/lib/python3.7/site-packages/airflow/example_dags/example_branch_python_dop_operator_3.py
[2023-03-06T09:30:47.692+0000] {processor.py:743} INFO - Processing file /home/airflow/.local/lib/python3.7/site-packages/airflow/example_dags/example_branch_python_dop_operator_3.py for tasks to queue
[2023-03-06T09:30:47.702+0000] {logging_mixin.py:137} INFO - [2023-03-06T09:30:47.701+0000] {dagbag.py:538} INFO - Filling up the DagBag from /home/airflow/.local/lib/python3.7/site-packages/airflow/example_dags/example_branch_python_dop_operator_3.py
[2023-03-06T09:30:47.788+0000] {processor.py:753} INFO - DAG(s) dict_keys(['example_branch_dop_operator_v3']) retrieved from /home/airflow/.local/lib/python3.7/site-packages/airflow/example_dags/example_branch_python_dop_operator_3.py
[2023-03-06T09:30:47.896+0000] {logging_mixin.py:137} INFO - [2023-03-06T09:30:47.895+0000] {dag.py:2690} INFO - Sync 1 DAGs
[2023-03-06T09:30:47.988+0000] {logging_mixin.py:137} INFO - [2023-03-06T09:30:47.988+0000] {dag.py:3441} INFO - Setting next_dagrun for example_branch_dop_operator_v3 to 2023-03-06T09:29:00+00:00, run_after=2023-03-06T09:30:00+00:00
[2023-03-06T09:30:48.038+0000] {processor.py:175} INFO - Processing /home/airflow/.local/lib/python3.7/site-packages/airflow/example_dags/example_branch_python_dop_operator_3.py took 0.388 seconds
[2023-03-06T09:31:19.052+0000] {processor.py:153} INFO - Started process (PID=722) to work on /home/airflow/.local/lib/python3.7/site-packages/airflow/example_dags/example_branch_python_dop_operator_3.py
[2023-03-06T09:31:19.054+0000] {processor.py:743} INFO - Processing file /home/airflow/.local/lib/python3.7/site-packages/airflow/example_dags/example_branch_python_dop_operator_3.py for tasks to queue
[2023-03-06T09:31:19.059+0000] {logging_mixin.py:137} INFO - [2023-03-06T09:31:19.058+0000] {dagbag.py:538} INFO - Filling up the DagBag from /home/airflow/.local/lib/python3.7/site-packages/airflow/example_dags/example_branch_python_dop_operator_3.py
[2023-03-06T09:31:19.116+0000] {processor.py:753} INFO - DAG(s) dict_keys(['example_branch_dop_operator_v3']) retrieved from /home/airflow/.local/lib/python3.7/site-packages/airflow/example_dags/example_branch_python_dop_operator_3.py
[2023-03-06T09:31:19.174+0000] {logging_mixin.py:137} INFO - [2023-03-06T09:31:19.174+0000] {dag.py:2690} INFO - Sync 1 DAGs
[2023-03-06T09:31:19.242+0000] {logging_mixin.py:137} INFO - [2023-03-06T09:31:19.242+0000] {dag.py:3441} INFO - Setting next_dagrun for example_branch_dop_operator_v3 to 2023-03-06T09:30:00+00:00, run_after=2023-03-06T09:31:00+00:00
[2023-03-06T09:31:19.292+0000] {processor.py:175} INFO - Processing /home/airflow/.local/lib/python3.7/site-packages/airflow/example_dags/example_branch_python_dop_operator_3.py took 0.251 seconds
[2023-03-06T09:31:50.664+0000] {processor.py:153} INFO - Started process (PID=794) to work on /home/airflow/.local/lib/python3.7/site-packages/airflow/example_dags/example_branch_python_dop_operator_3.py
[2023-03-06T09:31:50.675+0000] {processor.py:743} INFO - Processing file /home/airflow/.local/lib/python3.7/site-packages/airflow/example_dags/example_branch_python_dop_operator_3.py for tasks to queue
[2023-03-06T09:31:50.682+0000] {logging_mixin.py:137} INFO - [2023-03-06T09:31:50.682+0000] {dagbag.py:538} INFO - Filling up the DagBag from /home/airflow/.local/lib/python3.7/site-packages/airflow/example_dags/example_branch_python_dop_operator_3.py
[2023-03-06T09:31:50.859+0000] {processor.py:753} INFO - DAG(s) dict_keys(['example_branch_dop_operator_v3']) retrieved from /home/airflow/.local/lib/python3.7/site-packages/airflow/example_dags/example_branch_python_dop_operator_3.py
[2023-03-06T09:31:50.998+0000] {logging_mixin.py:137} INFO - [2023-03-06T09:31:50.998+0000] {dag.py:2690} INFO - Sync 1 DAGs
[2023-03-06T09:31:51.165+0000] {logging_mixin.py:137} INFO - [2023-03-06T09:31:51.163+0000] {dag.py:3441} INFO - Setting next_dagrun for example_branch_dop_operator_v3 to 2023-03-06T09:30:00+00:00, run_after=2023-03-06T09:31:00+00:00
[2023-03-06T09:31:51.305+0000] {processor.py:175} INFO - Processing /home/airflow/.local/lib/python3.7/site-packages/airflow/example_dags/example_branch_python_dop_operator_3.py took 0.663 seconds
[2023-03-06T09:32:21.802+0000] {processor.py:153} INFO - Started process (PID=861) to work on /home/airflow/.local/lib/python3.7/site-packages/airflow/example_dags/example_branch_python_dop_operator_3.py
[2023-03-06T09:32:21.806+0000] {processor.py:743} INFO - Processing file /home/airflow/.local/lib/python3.7/site-packages/airflow/example_dags/example_branch_python_dop_operator_3.py for tasks to queue
[2023-03-06T09:32:21.814+0000] {logging_mixin.py:137} INFO - [2023-03-06T09:32:21.813+0000] {dagbag.py:538} INFO - Filling up the DagBag from /home/airflow/.local/lib/python3.7/site-packages/airflow/example_dags/example_branch_python_dop_operator_3.py
[2023-03-06T09:32:21.988+0000] {processor.py:753} INFO - DAG(s) dict_keys(['example_branch_dop_operator_v3']) retrieved from /home/airflow/.local/lib/python3.7/site-packages/airflow/example_dags/example_branch_python_dop_operator_3.py
[2023-03-06T09:32:22.180+0000] {logging_mixin.py:137} INFO - [2023-03-06T09:32:22.179+0000] {dag.py:2690} INFO - Sync 1 DAGs
[2023-03-06T09:32:22.477+0000] {logging_mixin.py:137} INFO - [2023-03-06T09:32:22.469+0000] {dag.py:3441} INFO - Setting next_dagrun for example_branch_dop_operator_v3 to 2023-03-06T09:31:00+00:00, run_after=2023-03-06T09:32:00+00:00
[2023-03-06T09:32:22.584+0000] {processor.py:175} INFO - Processing /home/airflow/.local/lib/python3.7/site-packages/airflow/example_dags/example_branch_python_dop_operator_3.py took 0.801 seconds
[2023-03-06T09:32:53.033+0000] {processor.py:153} INFO - Started process (PID=921) to work on /home/airflow/.local/lib/python3.7/site-packages/airflow/example_dags/example_branch_python_dop_operator_3.py
[2023-03-06T09:32:53.037+0000] {processor.py:743} INFO - Processing file /home/airflow/.local/lib/python3.7/site-packages/airflow/example_dags/example_branch_python_dop_operator_3.py for tasks to queue
[2023-03-06T09:32:53.039+0000] {logging_mixin.py:137} INFO - [2023-03-06T09:32:53.039+0000] {dagbag.py:538} INFO - Filling up the DagBag from /home/airflow/.local/lib/python3.7/site-packages/airflow/example_dags/example_branch_python_dop_operator_3.py
[2023-03-06T09:32:53.166+0000] {processor.py:753} INFO - DAG(s) dict_keys(['example_branch_dop_operator_v3']) retrieved from /home/airflow/.local/lib/python3.7/site-packages/airflow/example_dags/example_branch_python_dop_operator_3.py
[2023-03-06T09:32:53.348+0000] {logging_mixin.py:137} INFO - [2023-03-06T09:32:53.348+0000] {dag.py:2690} INFO - Sync 1 DAGs
[2023-03-06T09:32:53.479+0000] {logging_mixin.py:137} INFO - [2023-03-06T09:32:53.479+0000] {dag.py:3441} INFO - Setting next_dagrun for example_branch_dop_operator_v3 to 2023-03-06T09:31:00+00:00, run_after=2023-03-06T09:32:00+00:00
[2023-03-06T09:32:53.539+0000] {processor.py:175} INFO - Processing /home/airflow/.local/lib/python3.7/site-packages/airflow/example_dags/example_branch_python_dop_operator_3.py took 0.519 seconds
[2023-03-06T09:33:23.842+0000] {processor.py:153} INFO - Started process (PID=975) to work on /home/airflow/.local/lib/python3.7/site-packages/airflow/example_dags/example_branch_python_dop_operator_3.py
[2023-03-06T09:33:23.845+0000] {processor.py:743} INFO - Processing file /home/airflow/.local/lib/python3.7/site-packages/airflow/example_dags/example_branch_python_dop_operator_3.py for tasks to queue
[2023-03-06T09:33:23.848+0000] {logging_mixin.py:137} INFO - [2023-03-06T09:33:23.848+0000] {dagbag.py:538} INFO - Filling up the DagBag from /home/airflow/.local/lib/python3.7/site-packages/airflow/example_dags/example_branch_python_dop_operator_3.py
[2023-03-06T09:33:23.914+0000] {processor.py:753} INFO - DAG(s) dict_keys(['example_branch_dop_operator_v3']) retrieved from /home/airflow/.local/lib/python3.7/site-packages/airflow/example_dags/example_branch_python_dop_operator_3.py
[2023-03-06T09:33:23.995+0000] {logging_mixin.py:137} INFO - [2023-03-06T09:33:23.995+0000] {dag.py:2690} INFO - Sync 1 DAGs
[2023-03-06T09:33:24.082+0000] {logging_mixin.py:137} INFO - [2023-03-06T09:33:24.081+0000] {dag.py:3441} INFO - Setting next_dagrun for example_branch_dop_operator_v3 to 2023-03-06T09:32:00+00:00, run_after=2023-03-06T09:33:00+00:00
[2023-03-06T09:33:24.147+0000] {processor.py:175} INFO - Processing /home/airflow/.local/lib/python3.7/site-packages/airflow/example_dags/example_branch_python_dop_operator_3.py took 0.315 seconds
[2023-03-06T09:33:54.744+0000] {processor.py:153} INFO - Started process (PID=1037) to work on /home/airflow/.local/lib/python3.7/site-packages/airflow/example_dags/example_branch_python_dop_operator_3.py
[2023-03-06T09:33:54.749+0000] {processor.py:743} INFO - Processing file /home/airflow/.local/lib/python3.7/site-packages/airflow/example_dags/example_branch_python_dop_operator_3.py for tasks to queue
[2023-03-06T09:33:54.753+0000] {logging_mixin.py:137} INFO - [2023-03-06T09:33:54.752+0000] {dagbag.py:538} INFO - Filling up the DagBag from /home/airflow/.local/lib/python3.7/site-packages/airflow/example_dags/example_branch_python_dop_operator_3.py
[2023-03-06T09:33:54.818+0000] {processor.py:753} INFO - DAG(s) dict_keys(['example_branch_dop_operator_v3']) retrieved from /home/airflow/.local/lib/python3.7/site-packages/airflow/example_dags/example_branch_python_dop_operator_3.py
[2023-03-06T09:33:54.963+0000] {logging_mixin.py:137} INFO - [2023-03-06T09:33:54.963+0000] {dag.py:2690} INFO - Sync 1 DAGs
[2023-03-06T09:33:55.106+0000] {logging_mixin.py:137} INFO - [2023-03-06T09:33:55.106+0000] {dag.py:3441} INFO - Setting next_dagrun for example_branch_dop_operator_v3 to 2023-03-06T09:32:00+00:00, run_after=2023-03-06T09:33:00+00:00
[2023-03-06T09:33:55.156+0000] {processor.py:175} INFO - Processing /home/airflow/.local/lib/python3.7/site-packages/airflow/example_dags/example_branch_python_dop_operator_3.py took 0.432 seconds
[2023-03-06T09:34:25.613+0000] {processor.py:153} INFO - Started process (PID=1100) to work on /home/airflow/.local/lib/python3.7/site-packages/airflow/example_dags/example_branch_python_dop_operator_3.py
[2023-03-06T09:34:25.619+0000] {processor.py:743} INFO - Processing file /home/airflow/.local/lib/python3.7/site-packages/airflow/example_dags/example_branch_python_dop_operator_3.py for tasks to queue
[2023-03-06T09:34:25.623+0000] {logging_mixin.py:137} INFO - [2023-03-06T09:34:25.623+0000] {dagbag.py:538} INFO - Filling up the DagBag from /home/airflow/.local/lib/python3.7/site-packages/airflow/example_dags/example_branch_python_dop_operator_3.py
[2023-03-06T09:34:25.726+0000] {processor.py:753} INFO - DAG(s) dict_keys(['example_branch_dop_operator_v3']) retrieved from /home/airflow/.local/lib/python3.7/site-packages/airflow/example_dags/example_branch_python_dop_operator_3.py
[2023-03-06T09:34:25.817+0000] {logging_mixin.py:137} INFO - [2023-03-06T09:34:25.817+0000] {dag.py:2690} INFO - Sync 1 DAGs
[2023-03-06T09:34:25.911+0000] {logging_mixin.py:137} INFO - [2023-03-06T09:34:25.910+0000] {dag.py:3441} INFO - Setting next_dagrun for example_branch_dop_operator_v3 to 2023-03-06T09:33:00+00:00, run_after=2023-03-06T09:34:00+00:00
[2023-03-06T09:34:25.968+0000] {processor.py:175} INFO - Processing /home/airflow/.local/lib/python3.7/site-packages/airflow/example_dags/example_branch_python_dop_operator_3.py took 0.375 seconds
[2023-03-06T09:34:56.363+0000] {processor.py:153} INFO - Started process (PID=1163) to work on /home/airflow/.local/lib/python3.7/site-packages/airflow/example_dags/example_branch_python_dop_operator_3.py
[2023-03-06T09:34:56.366+0000] {processor.py:743} INFO - Processing file /home/airflow/.local/lib/python3.7/site-packages/airflow/example_dags/example_branch_python_dop_operator_3.py for tasks to queue
[2023-03-06T09:34:56.371+0000] {logging_mixin.py:137} INFO - [2023-03-06T09:34:56.370+0000] {dagbag.py:538} INFO - Filling up the DagBag from /home/airflow/.local/lib/python3.7/site-packages/airflow/example_dags/example_branch_python_dop_operator_3.py
[2023-03-06T09:34:56.451+0000] {processor.py:753} INFO - DAG(s) dict_keys(['example_branch_dop_operator_v3']) retrieved from /home/airflow/.local/lib/python3.7/site-packages/airflow/example_dags/example_branch_python_dop_operator_3.py
[2023-03-06T09:34:56.525+0000] {logging_mixin.py:137} INFO - [2023-03-06T09:34:56.525+0000] {dag.py:2690} INFO - Sync 1 DAGs
[2023-03-06T09:34:56.644+0000] {logging_mixin.py:137} INFO - [2023-03-06T09:34:56.644+0000] {dag.py:3441} INFO - Setting next_dagrun for example_branch_dop_operator_v3 to 2023-03-06T09:33:00+00:00, run_after=2023-03-06T09:34:00+00:00
[2023-03-06T09:34:56.701+0000] {processor.py:175} INFO - Processing /home/airflow/.local/lib/python3.7/site-packages/airflow/example_dags/example_branch_python_dop_operator_3.py took 0.353 seconds
[2023-03-06T09:35:27.092+0000] {processor.py:153} INFO - Started process (PID=1226) to work on /home/airflow/.local/lib/python3.7/site-packages/airflow/example_dags/example_branch_python_dop_operator_3.py
[2023-03-06T09:35:27.099+0000] {processor.py:743} INFO - Processing file /home/airflow/.local/lib/python3.7/site-packages/airflow/example_dags/example_branch_python_dop_operator_3.py for tasks to queue
[2023-03-06T09:35:27.107+0000] {logging_mixin.py:137} INFO - [2023-03-06T09:35:27.106+0000] {dagbag.py:538} INFO - Filling up the DagBag from /home/airflow/.local/lib/python3.7/site-packages/airflow/example_dags/example_branch_python_dop_operator_3.py
[2023-03-06T09:35:27.242+0000] {processor.py:753} INFO - DAG(s) dict_keys(['example_branch_dop_operator_v3']) retrieved from /home/airflow/.local/lib/python3.7/site-packages/airflow/example_dags/example_branch_python_dop_operator_3.py
[2023-03-06T09:35:27.306+0000] {logging_mixin.py:137} INFO - [2023-03-06T09:35:27.305+0000] {dag.py:2690} INFO - Sync 1 DAGs
[2023-03-06T09:35:27.390+0000] {logging_mixin.py:137} INFO - [2023-03-06T09:35:27.390+0000] {dag.py:3441} INFO - Setting next_dagrun for example_branch_dop_operator_v3 to 2023-03-06T09:34:00+00:00, run_after=2023-03-06T09:35:00+00:00
[2023-03-06T09:35:27.451+0000] {processor.py:175} INFO - Processing /home/airflow/.local/lib/python3.7/site-packages/airflow/example_dags/example_branch_python_dop_operator_3.py took 0.389 seconds
[2023-03-06T09:35:58.351+0000] {processor.py:153} INFO - Started process (PID=1289) to work on /home/airflow/.local/lib/python3.7/site-packages/airflow/example_dags/example_branch_python_dop_operator_3.py
[2023-03-06T09:35:58.362+0000] {processor.py:743} INFO - Processing file /home/airflow/.local/lib/python3.7/site-packages/airflow/example_dags/example_branch_python_dop_operator_3.py for tasks to queue
[2023-03-06T09:35:58.368+0000] {logging_mixin.py:137} INFO - [2023-03-06T09:35:58.367+0000] {dagbag.py:538} INFO - Filling up the DagBag from /home/airflow/.local/lib/python3.7/site-packages/airflow/example_dags/example_branch_python_dop_operator_3.py
[2023-03-06T09:35:58.521+0000] {processor.py:753} INFO - DAG(s) dict_keys(['example_branch_dop_operator_v3']) retrieved from /home/airflow/.local/lib/python3.7/site-packages/airflow/example_dags/example_branch_python_dop_operator_3.py
[2023-03-06T09:35:58.596+0000] {logging_mixin.py:137} INFO - [2023-03-06T09:35:58.595+0000] {dag.py:2690} INFO - Sync 1 DAGs
[2023-03-06T09:35:58.683+0000] {logging_mixin.py:137} INFO - [2023-03-06T09:35:58.682+0000] {dag.py:3441} INFO - Setting next_dagrun for example_branch_dop_operator_v3 to 2023-03-06T09:34:00+00:00, run_after=2023-03-06T09:35:00+00:00
[2023-03-06T09:35:58.746+0000] {processor.py:175} INFO - Processing /home/airflow/.local/lib/python3.7/site-packages/airflow/example_dags/example_branch_python_dop_operator_3.py took 0.438 seconds
[2023-03-06T09:36:29.300+0000] {processor.py:153} INFO - Started process (PID=1353) to work on /home/airflow/.local/lib/python3.7/site-packages/airflow/example_dags/example_branch_python_dop_operator_3.py
[2023-03-06T09:36:29.305+0000] {processor.py:743} INFO - Processing file /home/airflow/.local/lib/python3.7/site-packages/airflow/example_dags/example_branch_python_dop_operator_3.py for tasks to queue
[2023-03-06T09:36:29.314+0000] {logging_mixin.py:137} INFO - [2023-03-06T09:36:29.312+0000] {dagbag.py:538} INFO - Filling up the DagBag from /home/airflow/.local/lib/python3.7/site-packages/airflow/example_dags/example_branch_python_dop_operator_3.py
[2023-03-06T09:36:29.481+0000] {processor.py:753} INFO - DAG(s) dict_keys(['example_branch_dop_operator_v3']) retrieved from /home/airflow/.local/lib/python3.7/site-packages/airflow/example_dags/example_branch_python_dop_operator_3.py
[2023-03-06T09:36:29.663+0000] {logging_mixin.py:137} INFO - [2023-03-06T09:36:29.662+0000] {dag.py:2690} INFO - Sync 1 DAGs
[2023-03-06T09:36:29.896+0000] {logging_mixin.py:137} INFO - [2023-03-06T09:36:29.895+0000] {dag.py:3441} INFO - Setting next_dagrun for example_branch_dop_operator_v3 to 2023-03-06T09:35:00+00:00, run_after=2023-03-06T09:36:00+00:00
[2023-03-06T09:36:30.041+0000] {processor.py:175} INFO - Processing /home/airflow/.local/lib/python3.7/site-packages/airflow/example_dags/example_branch_python_dop_operator_3.py took 0.772 seconds
[2023-03-06T09:37:00.227+0000] {processor.py:153} INFO - Started process (PID=1417) to work on /home/airflow/.local/lib/python3.7/site-packages/airflow/example_dags/example_branch_python_dop_operator_3.py
[2023-03-06T09:37:00.231+0000] {processor.py:743} INFO - Processing file /home/airflow/.local/lib/python3.7/site-packages/airflow/example_dags/example_branch_python_dop_operator_3.py for tasks to queue
[2023-03-06T09:37:00.233+0000] {logging_mixin.py:137} INFO - [2023-03-06T09:37:00.233+0000] {dagbag.py:538} INFO - Filling up the DagBag from /home/airflow/.local/lib/python3.7/site-packages/airflow/example_dags/example_branch_python_dop_operator_3.py
[2023-03-06T09:37:00.325+0000] {processor.py:753} INFO - DAG(s) dict_keys(['example_branch_dop_operator_v3']) retrieved from /home/airflow/.local/lib/python3.7/site-packages/airflow/example_dags/example_branch_python_dop_operator_3.py
[2023-03-06T09:37:00.427+0000] {logging_mixin.py:137} INFO - [2023-03-06T09:37:00.427+0000] {dag.py:2690} INFO - Sync 1 DAGs
[2023-03-06T09:37:00.580+0000] {logging_mixin.py:137} INFO - [2023-03-06T09:37:00.579+0000] {dag.py:3441} INFO - Setting next_dagrun for example_branch_dop_operator_v3 to 2023-03-06T09:36:00+00:00, run_after=2023-03-06T09:37:00+00:00
[2023-03-06T09:37:00.652+0000] {processor.py:175} INFO - Processing /home/airflow/.local/lib/python3.7/site-packages/airflow/example_dags/example_branch_python_dop_operator_3.py took 0.448 seconds
[2023-03-06T09:37:31.200+0000] {processor.py:153} INFO - Started process (PID=1480) to work on /home/airflow/.local/lib/python3.7/site-packages/airflow/example_dags/example_branch_python_dop_operator_3.py
[2023-03-06T09:37:31.209+0000] {processor.py:743} INFO - Processing file /home/airflow/.local/lib/python3.7/site-packages/airflow/example_dags/example_branch_python_dop_operator_3.py for tasks to queue
[2023-03-06T09:37:31.215+0000] {logging_mixin.py:137} INFO - [2023-03-06T09:37:31.214+0000] {dagbag.py:538} INFO - Filling up the DagBag from /home/airflow/.local/lib/python3.7/site-packages/airflow/example_dags/example_branch_python_dop_operator_3.py
[2023-03-06T09:37:31.389+0000] {processor.py:753} INFO - DAG(s) dict_keys(['example_branch_dop_operator_v3']) retrieved from /home/airflow/.local/lib/python3.7/site-packages/airflow/example_dags/example_branch_python_dop_operator_3.py
[2023-03-06T09:37:31.494+0000] {logging_mixin.py:137} INFO - [2023-03-06T09:37:31.494+0000] {dag.py:2690} INFO - Sync 1 DAGs
[2023-03-06T09:37:31.575+0000] {logging_mixin.py:137} INFO - [2023-03-06T09:37:31.575+0000] {dag.py:3441} INFO - Setting next_dagrun for example_branch_dop_operator_v3 to 2023-03-06T09:36:00+00:00, run_after=2023-03-06T09:37:00+00:00
[2023-03-06T09:37:31.630+0000] {processor.py:175} INFO - Processing /home/airflow/.local/lib/python3.7/site-packages/airflow/example_dags/example_branch_python_dop_operator_3.py took 0.467 seconds
[2023-03-06T09:38:02.540+0000] {processor.py:153} INFO - Started process (PID=1543) to work on /home/airflow/.local/lib/python3.7/site-packages/airflow/example_dags/example_branch_python_dop_operator_3.py
[2023-03-06T09:38:02.542+0000] {processor.py:743} INFO - Processing file /home/airflow/.local/lib/python3.7/site-packages/airflow/example_dags/example_branch_python_dop_operator_3.py for tasks to queue
[2023-03-06T09:38:02.548+0000] {logging_mixin.py:137} INFO - [2023-03-06T09:38:02.547+0000] {dagbag.py:538} INFO - Filling up the DagBag from /home/airflow/.local/lib/python3.7/site-packages/airflow/example_dags/example_branch_python_dop_operator_3.py
[2023-03-06T09:38:02.612+0000] {processor.py:753} INFO - DAG(s) dict_keys(['example_branch_dop_operator_v3']) retrieved from /home/airflow/.local/lib/python3.7/site-packages/airflow/example_dags/example_branch_python_dop_operator_3.py
[2023-03-06T09:38:02.681+0000] {logging_mixin.py:137} INFO - [2023-03-06T09:38:02.681+0000] {dag.py:2690} INFO - Sync 1 DAGs
[2023-03-06T09:38:02.764+0000] {logging_mixin.py:137} INFO - [2023-03-06T09:38:02.763+0000] {dag.py:3441} INFO - Setting next_dagrun for example_branch_dop_operator_v3 to 2023-03-06T09:37:00+00:00, run_after=2023-03-06T09:38:00+00:00
[2023-03-06T09:38:02.832+0000] {processor.py:175} INFO - Processing /home/airflow/.local/lib/python3.7/site-packages/airflow/example_dags/example_branch_python_dop_operator_3.py took 0.305 seconds
[2023-03-06T09:38:33.012+0000] {processor.py:153} INFO - Started process (PID=1606) to work on /home/airflow/.local/lib/python3.7/site-packages/airflow/example_dags/example_branch_python_dop_operator_3.py
[2023-03-06T09:38:33.020+0000] {processor.py:743} INFO - Processing file /home/airflow/.local/lib/python3.7/site-packages/airflow/example_dags/example_branch_python_dop_operator_3.py for tasks to queue
[2023-03-06T09:38:33.030+0000] {logging_mixin.py:137} INFO - [2023-03-06T09:38:33.028+0000] {dagbag.py:538} INFO - Filling up the DagBag from /home/airflow/.local/lib/python3.7/site-packages/airflow/example_dags/example_branch_python_dop_operator_3.py
[2023-03-06T09:38:33.177+0000] {processor.py:753} INFO - DAG(s) dict_keys(['example_branch_dop_operator_v3']) retrieved from /home/airflow/.local/lib/python3.7/site-packages/airflow/example_dags/example_branch_python_dop_operator_3.py
[2023-03-06T09:38:33.242+0000] {logging_mixin.py:137} INFO - [2023-03-06T09:38:33.242+0000] {dag.py:2690} INFO - Sync 1 DAGs
[2023-03-06T09:38:33.328+0000] {logging_mixin.py:137} INFO - [2023-03-06T09:38:33.328+0000] {dag.py:3441} INFO - Setting next_dagrun for example_branch_dop_operator_v3 to 2023-03-06T09:37:00+00:00, run_after=2023-03-06T09:38:00+00:00
[2023-03-06T09:38:33.392+0000] {processor.py:175} INFO - Processing /home/airflow/.local/lib/python3.7/site-packages/airflow/example_dags/example_branch_python_dop_operator_3.py took 0.420 seconds
[2023-03-06T09:39:03.841+0000] {processor.py:153} INFO - Started process (PID=1668) to work on /home/airflow/.local/lib/python3.7/site-packages/airflow/example_dags/example_branch_python_dop_operator_3.py
[2023-03-06T09:39:03.844+0000] {processor.py:743} INFO - Processing file /home/airflow/.local/lib/python3.7/site-packages/airflow/example_dags/example_branch_python_dop_operator_3.py for tasks to queue
[2023-03-06T09:39:03.847+0000] {logging_mixin.py:137} INFO - [2023-03-06T09:39:03.847+0000] {dagbag.py:538} INFO - Filling up the DagBag from /home/airflow/.local/lib/python3.7/site-packages/airflow/example_dags/example_branch_python_dop_operator_3.py
[2023-03-06T09:39:03.915+0000] {processor.py:753} INFO - DAG(s) dict_keys(['example_branch_dop_operator_v3']) retrieved from /home/airflow/.local/lib/python3.7/site-packages/airflow/example_dags/example_branch_python_dop_operator_3.py
[2023-03-06T09:39:04.051+0000] {logging_mixin.py:137} INFO - [2023-03-06T09:39:04.051+0000] {dag.py:2690} INFO - Sync 1 DAGs
[2023-03-06T09:39:04.176+0000] {logging_mixin.py:137} INFO - [2023-03-06T09:39:04.176+0000] {dag.py:3441} INFO - Setting next_dagrun for example_branch_dop_operator_v3 to 2023-03-06T09:38:00+00:00, run_after=2023-03-06T09:39:00+00:00
[2023-03-06T09:39:04.237+0000] {processor.py:175} INFO - Processing /home/airflow/.local/lib/python3.7/site-packages/airflow/example_dags/example_branch_python_dop_operator_3.py took 0.406 seconds
[2023-03-06T09:39:34.472+0000] {processor.py:153} INFO - Started process (PID=1731) to work on /home/airflow/.local/lib/python3.7/site-packages/airflow/example_dags/example_branch_python_dop_operator_3.py
[2023-03-06T09:39:34.475+0000] {processor.py:743} INFO - Processing file /home/airflow/.local/lib/python3.7/site-packages/airflow/example_dags/example_branch_python_dop_operator_3.py for tasks to queue
[2023-03-06T09:39:34.478+0000] {logging_mixin.py:137} INFO - [2023-03-06T09:39:34.478+0000] {dagbag.py:538} INFO - Filling up the DagBag from /home/airflow/.local/lib/python3.7/site-packages/airflow/example_dags/example_branch_python_dop_operator_3.py
[2023-03-06T09:39:34.549+0000] {processor.py:753} INFO - DAG(s) dict_keys(['example_branch_dop_operator_v3']) retrieved from /home/airflow/.local/lib/python3.7/site-packages/airflow/example_dags/example_branch_python_dop_operator_3.py
[2023-03-06T09:39:34.638+0000] {logging_mixin.py:137} INFO - [2023-03-06T09:39:34.638+0000] {dag.py:2690} INFO - Sync 1 DAGs
[2023-03-06T09:39:34.742+0000] {logging_mixin.py:137} INFO - [2023-03-06T09:39:34.742+0000] {dag.py:3441} INFO - Setting next_dagrun for example_branch_dop_operator_v3 to 2023-03-06T09:38:00+00:00, run_after=2023-03-06T09:39:00+00:00
[2023-03-06T09:39:34.805+0000] {processor.py:175} INFO - Processing /home/airflow/.local/lib/python3.7/site-packages/airflow/example_dags/example_branch_python_dop_operator_3.py took 0.343 seconds
[2023-03-06T09:40:05.376+0000] {processor.py:153} INFO - Started process (PID=1795) to work on /home/airflow/.local/lib/python3.7/site-packages/airflow/example_dags/example_branch_python_dop_operator_3.py
[2023-03-06T09:40:05.380+0000] {processor.py:743} INFO - Processing file /home/airflow/.local/lib/python3.7/site-packages/airflow/example_dags/example_branch_python_dop_operator_3.py for tasks to queue
[2023-03-06T09:40:05.386+0000] {logging_mixin.py:137} INFO - [2023-03-06T09:40:05.385+0000] {dagbag.py:538} INFO - Filling up the DagBag from /home/airflow/.local/lib/python3.7/site-packages/airflow/example_dags/example_branch_python_dop_operator_3.py
[2023-03-06T09:40:05.507+0000] {processor.py:753} INFO - DAG(s) dict_keys(['example_branch_dop_operator_v3']) retrieved from /home/airflow/.local/lib/python3.7/site-packages/airflow/example_dags/example_branch_python_dop_operator_3.py
[2023-03-06T09:40:05.577+0000] {logging_mixin.py:137} INFO - [2023-03-06T09:40:05.576+0000] {dag.py:2690} INFO - Sync 1 DAGs
[2023-03-06T09:40:05.659+0000] {logging_mixin.py:137} INFO - [2023-03-06T09:40:05.659+0000] {dag.py:3441} INFO - Setting next_dagrun for example_branch_dop_operator_v3 to 2023-03-06T09:39:00+00:00, run_after=2023-03-06T09:40:00+00:00
[2023-03-06T09:40:05.710+0000] {processor.py:175} INFO - Processing /home/airflow/.local/lib/python3.7/site-packages/airflow/example_dags/example_branch_python_dop_operator_3.py took 0.344 seconds
[2023-03-06T09:40:36.268+0000] {processor.py:153} INFO - Started process (PID=1858) to work on /home/airflow/.local/lib/python3.7/site-packages/airflow/example_dags/example_branch_python_dop_operator_3.py
[2023-03-06T09:40:36.272+0000] {processor.py:743} INFO - Processing file /home/airflow/.local/lib/python3.7/site-packages/airflow/example_dags/example_branch_python_dop_operator_3.py for tasks to queue
[2023-03-06T09:40:36.278+0000] {logging_mixin.py:137} INFO - [2023-03-06T09:40:36.278+0000] {dagbag.py:538} INFO - Filling up the DagBag from /home/airflow/.local/lib/python3.7/site-packages/airflow/example_dags/example_branch_python_dop_operator_3.py
[2023-03-06T09:40:36.363+0000] {processor.py:753} INFO - DAG(s) dict_keys(['example_branch_dop_operator_v3']) retrieved from /home/airflow/.local/lib/python3.7/site-packages/airflow/example_dags/example_branch_python_dop_operator_3.py
[2023-03-06T09:40:36.451+0000] {logging_mixin.py:137} INFO - [2023-03-06T09:40:36.451+0000] {dag.py:2690} INFO - Sync 1 DAGs
[2023-03-06T09:40:36.615+0000] {logging_mixin.py:137} INFO - [2023-03-06T09:40:36.615+0000] {dag.py:3441} INFO - Setting next_dagrun for example_branch_dop_operator_v3 to 2023-03-06T09:39:00+00:00, run_after=2023-03-06T09:40:00+00:00
[2023-03-06T09:40:36.718+0000] {processor.py:175} INFO - Processing /home/airflow/.local/lib/python3.7/site-packages/airflow/example_dags/example_branch_python_dop_operator_3.py took 0.466 seconds
[2023-03-06T09:41:07.050+0000] {processor.py:153} INFO - Started process (PID=1922) to work on /home/airflow/.local/lib/python3.7/site-packages/airflow/example_dags/example_branch_python_dop_operator_3.py
[2023-03-06T09:41:07.052+0000] {processor.py:743} INFO - Processing file /home/airflow/.local/lib/python3.7/site-packages/airflow/example_dags/example_branch_python_dop_operator_3.py for tasks to queue
[2023-03-06T09:41:07.056+0000] {logging_mixin.py:137} INFO - [2023-03-06T09:41:07.056+0000] {dagbag.py:538} INFO - Filling up the DagBag from /home/airflow/.local/lib/python3.7/site-packages/airflow/example_dags/example_branch_python_dop_operator_3.py
[2023-03-06T09:41:07.122+0000] {processor.py:753} INFO - DAG(s) dict_keys(['example_branch_dop_operator_v3']) retrieved from /home/airflow/.local/lib/python3.7/site-packages/airflow/example_dags/example_branch_python_dop_operator_3.py
[2023-03-06T09:41:07.187+0000] {logging_mixin.py:137} INFO - [2023-03-06T09:41:07.187+0000] {dag.py:2690} INFO - Sync 1 DAGs
[2023-03-06T09:41:07.281+0000] {logging_mixin.py:137} INFO - [2023-03-06T09:41:07.281+0000] {dag.py:3441} INFO - Setting next_dagrun for example_branch_dop_operator_v3 to 2023-03-06T09:40:00+00:00, run_after=2023-03-06T09:41:00+00:00
[2023-03-06T09:41:07.339+0000] {processor.py:175} INFO - Processing /home/airflow/.local/lib/python3.7/site-packages/airflow/example_dags/example_branch_python_dop_operator_3.py took 0.302 seconds
