[2023-03-06T09:26:00.915+0000] {processor.py:153} INFO - Started process (PID=71) to work on /home/airflow/.local/lib/python3.7/site-packages/airflow/example_dags/example_nested_branch_dag.py
[2023-03-06T09:26:00.919+0000] {processor.py:743} INFO - Processing file /home/airflow/.local/lib/python3.7/site-packages/airflow/example_dags/example_nested_branch_dag.py for tasks to queue
[2023-03-06T09:26:00.926+0000] {logging_mixin.py:137} INFO - [2023-03-06T09:26:00.925+0000] {dagbag.py:538} INFO - Filling up the DagBag from /home/airflow/.local/lib/python3.7/site-packages/airflow/example_dags/example_nested_branch_dag.py
[2023-03-06T09:26:01.258+0000] {processor.py:753} INFO - DAG(s) dict_keys(['example_nested_branch_dag']) retrieved from /home/airflow/.local/lib/python3.7/site-packages/airflow/example_dags/example_nested_branch_dag.py
[2023-03-06T09:26:01.519+0000] {logging_mixin.py:137} INFO - [2023-03-06T09:26:01.519+0000] {dag.py:2690} INFO - Sync 1 DAGs
[2023-03-06T09:26:01.650+0000] {logging_mixin.py:137} INFO - [2023-03-06T09:26:01.650+0000] {dag.py:3441} INFO - Setting next_dagrun for example_nested_branch_dag to 2023-03-05T00:00:00+00:00, run_after=2023-03-06T00:00:00+00:00
[2023-03-06T09:26:01.747+0000] {processor.py:175} INFO - Processing /home/airflow/.local/lib/python3.7/site-packages/airflow/example_dags/example_nested_branch_dag.py took 0.859 seconds
[2023-03-06T09:26:32.036+0000] {processor.py:153} INFO - Started process (PID=125) to work on /home/airflow/.local/lib/python3.7/site-packages/airflow/example_dags/example_nested_branch_dag.py
[2023-03-06T09:26:32.040+0000] {processor.py:743} INFO - Processing file /home/airflow/.local/lib/python3.7/site-packages/airflow/example_dags/example_nested_branch_dag.py for tasks to queue
[2023-03-06T09:26:32.044+0000] {logging_mixin.py:137} INFO - [2023-03-06T09:26:32.044+0000] {dagbag.py:538} INFO - Filling up the DagBag from /home/airflow/.local/lib/python3.7/site-packages/airflow/example_dags/example_nested_branch_dag.py
[2023-03-06T09:26:32.107+0000] {processor.py:753} INFO - DAG(s) dict_keys(['example_nested_branch_dag']) retrieved from /home/airflow/.local/lib/python3.7/site-packages/airflow/example_dags/example_nested_branch_dag.py
[2023-03-06T09:26:32.167+0000] {logging_mixin.py:137} INFO - [2023-03-06T09:26:32.167+0000] {dag.py:2690} INFO - Sync 1 DAGs
[2023-03-06T09:26:32.231+0000] {logging_mixin.py:137} INFO - [2023-03-06T09:26:32.231+0000] {dag.py:3441} INFO - Setting next_dagrun for example_nested_branch_dag to 2023-03-05T00:00:00+00:00, run_after=2023-03-06T00:00:00+00:00
[2023-03-06T09:26:32.371+0000] {processor.py:175} INFO - Processing /home/airflow/.local/lib/python3.7/site-packages/airflow/example_dags/example_nested_branch_dag.py took 0.347 seconds
[2023-03-06T09:27:02.762+0000] {processor.py:153} INFO - Started process (PID=187) to work on /home/airflow/.local/lib/python3.7/site-packages/airflow/example_dags/example_nested_branch_dag.py
[2023-03-06T09:27:02.764+0000] {processor.py:743} INFO - Processing file /home/airflow/.local/lib/python3.7/site-packages/airflow/example_dags/example_nested_branch_dag.py for tasks to queue
[2023-03-06T09:27:02.767+0000] {logging_mixin.py:137} INFO - [2023-03-06T09:27:02.766+0000] {dagbag.py:538} INFO - Filling up the DagBag from /home/airflow/.local/lib/python3.7/site-packages/airflow/example_dags/example_nested_branch_dag.py
[2023-03-06T09:27:02.826+0000] {processor.py:753} INFO - DAG(s) dict_keys(['example_nested_branch_dag']) retrieved from /home/airflow/.local/lib/python3.7/site-packages/airflow/example_dags/example_nested_branch_dag.py
[2023-03-06T09:27:02.883+0000] {logging_mixin.py:137} INFO - [2023-03-06T09:27:02.883+0000] {dag.py:2690} INFO - Sync 1 DAGs
[2023-03-06T09:27:02.944+0000] {logging_mixin.py:137} INFO - [2023-03-06T09:27:02.944+0000] {dag.py:3441} INFO - Setting next_dagrun for example_nested_branch_dag to 2023-03-05T00:00:00+00:00, run_after=2023-03-06T00:00:00+00:00
[2023-03-06T09:27:02.991+0000] {processor.py:175} INFO - Processing /home/airflow/.local/lib/python3.7/site-packages/airflow/example_dags/example_nested_branch_dag.py took 0.238 seconds
[2023-03-06T09:27:33.447+0000] {processor.py:153} INFO - Started process (PID=250) to work on /home/airflow/.local/lib/python3.7/site-packages/airflow/example_dags/example_nested_branch_dag.py
[2023-03-06T09:27:33.452+0000] {processor.py:743} INFO - Processing file /home/airflow/.local/lib/python3.7/site-packages/airflow/example_dags/example_nested_branch_dag.py for tasks to queue
[2023-03-06T09:27:33.455+0000] {logging_mixin.py:137} INFO - [2023-03-06T09:27:33.455+0000] {dagbag.py:538} INFO - Filling up the DagBag from /home/airflow/.local/lib/python3.7/site-packages/airflow/example_dags/example_nested_branch_dag.py
[2023-03-06T09:27:33.512+0000] {processor.py:753} INFO - DAG(s) dict_keys(['example_nested_branch_dag']) retrieved from /home/airflow/.local/lib/python3.7/site-packages/airflow/example_dags/example_nested_branch_dag.py
[2023-03-06T09:27:33.571+0000] {logging_mixin.py:137} INFO - [2023-03-06T09:27:33.571+0000] {dag.py:2690} INFO - Sync 1 DAGs
[2023-03-06T09:27:33.653+0000] {logging_mixin.py:137} INFO - [2023-03-06T09:27:33.653+0000] {dag.py:3441} INFO - Setting next_dagrun for example_nested_branch_dag to 2023-03-05T00:00:00+00:00, run_after=2023-03-06T00:00:00+00:00
[2023-03-06T09:27:33.720+0000] {processor.py:175} INFO - Processing /home/airflow/.local/lib/python3.7/site-packages/airflow/example_dags/example_nested_branch_dag.py took 0.281 seconds
[2023-03-06T09:28:04.392+0000] {processor.py:153} INFO - Started process (PID=320) to work on /home/airflow/.local/lib/python3.7/site-packages/airflow/example_dags/example_nested_branch_dag.py
[2023-03-06T09:28:04.400+0000] {processor.py:743} INFO - Processing file /home/airflow/.local/lib/python3.7/site-packages/airflow/example_dags/example_nested_branch_dag.py for tasks to queue
[2023-03-06T09:28:04.406+0000] {logging_mixin.py:137} INFO - [2023-03-06T09:28:04.406+0000] {dagbag.py:538} INFO - Filling up the DagBag from /home/airflow/.local/lib/python3.7/site-packages/airflow/example_dags/example_nested_branch_dag.py
[2023-03-06T09:28:04.499+0000] {processor.py:753} INFO - DAG(s) dict_keys(['example_nested_branch_dag']) retrieved from /home/airflow/.local/lib/python3.7/site-packages/airflow/example_dags/example_nested_branch_dag.py
[2023-03-06T09:28:04.610+0000] {logging_mixin.py:137} INFO - [2023-03-06T09:28:04.610+0000] {dag.py:2690} INFO - Sync 1 DAGs
[2023-03-06T09:28:04.692+0000] {logging_mixin.py:137} INFO - [2023-03-06T09:28:04.692+0000] {dag.py:3441} INFO - Setting next_dagrun for example_nested_branch_dag to 2023-03-05T00:00:00+00:00, run_after=2023-03-06T00:00:00+00:00
[2023-03-06T09:28:04.864+0000] {processor.py:175} INFO - Processing /home/airflow/.local/lib/python3.7/site-packages/airflow/example_dags/example_nested_branch_dag.py took 0.490 seconds
[2023-03-06T09:28:34.986+0000] {processor.py:153} INFO - Started process (PID=384) to work on /home/airflow/.local/lib/python3.7/site-packages/airflow/example_dags/example_nested_branch_dag.py
[2023-03-06T09:28:34.990+0000] {processor.py:743} INFO - Processing file /home/airflow/.local/lib/python3.7/site-packages/airflow/example_dags/example_nested_branch_dag.py for tasks to queue
[2023-03-06T09:28:34.995+0000] {logging_mixin.py:137} INFO - [2023-03-06T09:28:34.994+0000] {dagbag.py:538} INFO - Filling up the DagBag from /home/airflow/.local/lib/python3.7/site-packages/airflow/example_dags/example_nested_branch_dag.py
[2023-03-06T09:28:35.054+0000] {processor.py:753} INFO - DAG(s) dict_keys(['example_nested_branch_dag']) retrieved from /home/airflow/.local/lib/python3.7/site-packages/airflow/example_dags/example_nested_branch_dag.py
[2023-03-06T09:28:35.137+0000] {logging_mixin.py:137} INFO - [2023-03-06T09:28:35.137+0000] {dag.py:2690} INFO - Sync 1 DAGs
[2023-03-06T09:28:35.302+0000] {logging_mixin.py:137} INFO - [2023-03-06T09:28:35.302+0000] {dag.py:3441} INFO - Setting next_dagrun for example_nested_branch_dag to 2023-03-05T00:00:00+00:00, run_after=2023-03-06T00:00:00+00:00
[2023-03-06T09:28:35.357+0000] {processor.py:175} INFO - Processing /home/airflow/.local/lib/python3.7/site-packages/airflow/example_dags/example_nested_branch_dag.py took 0.386 seconds
[2023-03-06T09:29:05.984+0000] {processor.py:153} INFO - Started process (PID=450) to work on /home/airflow/.local/lib/python3.7/site-packages/airflow/example_dags/example_nested_branch_dag.py
[2023-03-06T09:29:05.988+0000] {processor.py:743} INFO - Processing file /home/airflow/.local/lib/python3.7/site-packages/airflow/example_dags/example_nested_branch_dag.py for tasks to queue
[2023-03-06T09:29:05.995+0000] {logging_mixin.py:137} INFO - [2023-03-06T09:29:05.994+0000] {dagbag.py:538} INFO - Filling up the DagBag from /home/airflow/.local/lib/python3.7/site-packages/airflow/example_dags/example_nested_branch_dag.py
[2023-03-06T09:29:06.094+0000] {processor.py:753} INFO - DAG(s) dict_keys(['example_nested_branch_dag']) retrieved from /home/airflow/.local/lib/python3.7/site-packages/airflow/example_dags/example_nested_branch_dag.py
[2023-03-06T09:29:06.181+0000] {logging_mixin.py:137} INFO - [2023-03-06T09:29:06.180+0000] {dag.py:2690} INFO - Sync 1 DAGs
[2023-03-06T09:29:06.323+0000] {logging_mixin.py:137} INFO - [2023-03-06T09:29:06.322+0000] {dag.py:3441} INFO - Setting next_dagrun for example_nested_branch_dag to 2023-03-05T00:00:00+00:00, run_after=2023-03-06T00:00:00+00:00
[2023-03-06T09:29:06.386+0000] {processor.py:175} INFO - Processing /home/airflow/.local/lib/python3.7/site-packages/airflow/example_dags/example_nested_branch_dag.py took 0.424 seconds
[2023-03-06T09:29:37.382+0000] {processor.py:153} INFO - Started process (PID=510) to work on /home/airflow/.local/lib/python3.7/site-packages/airflow/example_dags/example_nested_branch_dag.py
[2023-03-06T09:29:37.386+0000] {processor.py:743} INFO - Processing file /home/airflow/.local/lib/python3.7/site-packages/airflow/example_dags/example_nested_branch_dag.py for tasks to queue
[2023-03-06T09:29:37.390+0000] {logging_mixin.py:137} INFO - [2023-03-06T09:29:37.389+0000] {dagbag.py:538} INFO - Filling up the DagBag from /home/airflow/.local/lib/python3.7/site-packages/airflow/example_dags/example_nested_branch_dag.py
[2023-03-06T09:29:37.491+0000] {processor.py:753} INFO - DAG(s) dict_keys(['example_nested_branch_dag']) retrieved from /home/airflow/.local/lib/python3.7/site-packages/airflow/example_dags/example_nested_branch_dag.py
[2023-03-06T09:29:37.622+0000] {logging_mixin.py:137} INFO - [2023-03-06T09:29:37.621+0000] {dag.py:2690} INFO - Sync 1 DAGs
[2023-03-06T09:29:37.733+0000] {logging_mixin.py:137} INFO - [2023-03-06T09:29:37.733+0000] {dag.py:3441} INFO - Setting next_dagrun for example_nested_branch_dag to 2023-03-05T00:00:00+00:00, run_after=2023-03-06T00:00:00+00:00
[2023-03-06T09:29:37.853+0000] {processor.py:175} INFO - Processing /home/airflow/.local/lib/python3.7/site-packages/airflow/example_dags/example_nested_branch_dag.py took 0.494 seconds
[2023-03-06T09:30:08.618+0000] {processor.py:153} INFO - Started process (PID=577) to work on /home/airflow/.local/lib/python3.7/site-packages/airflow/example_dags/example_nested_branch_dag.py
[2023-03-06T09:30:08.620+0000] {processor.py:743} INFO - Processing file /home/airflow/.local/lib/python3.7/site-packages/airflow/example_dags/example_nested_branch_dag.py for tasks to queue
[2023-03-06T09:30:08.622+0000] {logging_mixin.py:137} INFO - [2023-03-06T09:30:08.621+0000] {dagbag.py:538} INFO - Filling up the DagBag from /home/airflow/.local/lib/python3.7/site-packages/airflow/example_dags/example_nested_branch_dag.py
[2023-03-06T09:30:08.685+0000] {processor.py:753} INFO - DAG(s) dict_keys(['example_nested_branch_dag']) retrieved from /home/airflow/.local/lib/python3.7/site-packages/airflow/example_dags/example_nested_branch_dag.py
[2023-03-06T09:30:08.746+0000] {logging_mixin.py:137} INFO - [2023-03-06T09:30:08.746+0000] {dag.py:2690} INFO - Sync 1 DAGs
[2023-03-06T09:30:08.810+0000] {logging_mixin.py:137} INFO - [2023-03-06T09:30:08.810+0000] {dag.py:3441} INFO - Setting next_dagrun for example_nested_branch_dag to 2023-03-05T00:00:00+00:00, run_after=2023-03-06T00:00:00+00:00
[2023-03-06T09:30:08.856+0000] {processor.py:175} INFO - Processing /home/airflow/.local/lib/python3.7/site-packages/airflow/example_dags/example_nested_branch_dag.py took 0.250 seconds
[2023-03-06T09:30:39.574+0000] {processor.py:153} INFO - Started process (PID=640) to work on /home/airflow/.local/lib/python3.7/site-packages/airflow/example_dags/example_nested_branch_dag.py
[2023-03-06T09:30:39.578+0000] {processor.py:743} INFO - Processing file /home/airflow/.local/lib/python3.7/site-packages/airflow/example_dags/example_nested_branch_dag.py for tasks to queue
[2023-03-06T09:30:39.581+0000] {logging_mixin.py:137} INFO - [2023-03-06T09:30:39.580+0000] {dagbag.py:538} INFO - Filling up the DagBag from /home/airflow/.local/lib/python3.7/site-packages/airflow/example_dags/example_nested_branch_dag.py
[2023-03-06T09:30:39.674+0000] {processor.py:753} INFO - DAG(s) dict_keys(['example_nested_branch_dag']) retrieved from /home/airflow/.local/lib/python3.7/site-packages/airflow/example_dags/example_nested_branch_dag.py
[2023-03-06T09:30:39.770+0000] {logging_mixin.py:137} INFO - [2023-03-06T09:30:39.770+0000] {dag.py:2690} INFO - Sync 1 DAGs
[2023-03-06T09:30:39.870+0000] {logging_mixin.py:137} INFO - [2023-03-06T09:30:39.869+0000] {dag.py:3441} INFO - Setting next_dagrun for example_nested_branch_dag to 2023-03-05T00:00:00+00:00, run_after=2023-03-06T00:00:00+00:00
[2023-03-06T09:30:40.076+0000] {processor.py:175} INFO - Processing /home/airflow/.local/lib/python3.7/site-packages/airflow/example_dags/example_nested_branch_dag.py took 0.514 seconds
[2023-03-06T09:31:10.501+0000] {processor.py:153} INFO - Started process (PID=704) to work on /home/airflow/.local/lib/python3.7/site-packages/airflow/example_dags/example_nested_branch_dag.py
[2023-03-06T09:31:10.506+0000] {processor.py:743} INFO - Processing file /home/airflow/.local/lib/python3.7/site-packages/airflow/example_dags/example_nested_branch_dag.py for tasks to queue
[2023-03-06T09:31:10.510+0000] {logging_mixin.py:137} INFO - [2023-03-06T09:31:10.509+0000] {dagbag.py:538} INFO - Filling up the DagBag from /home/airflow/.local/lib/python3.7/site-packages/airflow/example_dags/example_nested_branch_dag.py
[2023-03-06T09:31:10.602+0000] {processor.py:753} INFO - DAG(s) dict_keys(['example_nested_branch_dag']) retrieved from /home/airflow/.local/lib/python3.7/site-packages/airflow/example_dags/example_nested_branch_dag.py
[2023-03-06T09:31:10.682+0000] {logging_mixin.py:137} INFO - [2023-03-06T09:31:10.681+0000] {dag.py:2690} INFO - Sync 1 DAGs
[2023-03-06T09:31:10.767+0000] {logging_mixin.py:137} INFO - [2023-03-06T09:31:10.766+0000] {dag.py:3441} INFO - Setting next_dagrun for example_nested_branch_dag to 2023-03-05T00:00:00+00:00, run_after=2023-03-06T00:00:00+00:00
[2023-03-06T09:31:10.971+0000] {processor.py:175} INFO - Processing /home/airflow/.local/lib/python3.7/site-packages/airflow/example_dags/example_nested_branch_dag.py took 0.481 seconds
[2023-03-06T09:31:41.492+0000] {processor.py:153} INFO - Started process (PID=766) to work on /home/airflow/.local/lib/python3.7/site-packages/airflow/example_dags/example_nested_branch_dag.py
[2023-03-06T09:31:41.494+0000] {processor.py:743} INFO - Processing file /home/airflow/.local/lib/python3.7/site-packages/airflow/example_dags/example_nested_branch_dag.py for tasks to queue
[2023-03-06T09:31:41.500+0000] {logging_mixin.py:137} INFO - [2023-03-06T09:31:41.500+0000] {dagbag.py:538} INFO - Filling up the DagBag from /home/airflow/.local/lib/python3.7/site-packages/airflow/example_dags/example_nested_branch_dag.py
[2023-03-06T09:31:41.594+0000] {processor.py:753} INFO - DAG(s) dict_keys(['example_nested_branch_dag']) retrieved from /home/airflow/.local/lib/python3.7/site-packages/airflow/example_dags/example_nested_branch_dag.py
[2023-03-06T09:31:41.689+0000] {logging_mixin.py:137} INFO - [2023-03-06T09:31:41.688+0000] {dag.py:2690} INFO - Sync 1 DAGs
[2023-03-06T09:31:41.761+0000] {logging_mixin.py:137} INFO - [2023-03-06T09:31:41.761+0000] {dag.py:3441} INFO - Setting next_dagrun for example_nested_branch_dag to 2023-03-05T00:00:00+00:00, run_after=2023-03-06T00:00:00+00:00
[2023-03-06T09:31:41.833+0000] {processor.py:175} INFO - Processing /home/airflow/.local/lib/python3.7/site-packages/airflow/example_dags/example_nested_branch_dag.py took 0.350 seconds
[2023-03-06T09:32:12.139+0000] {processor.py:153} INFO - Started process (PID=826) to work on /home/airflow/.local/lib/python3.7/site-packages/airflow/example_dags/example_nested_branch_dag.py
[2023-03-06T09:32:12.142+0000] {processor.py:743} INFO - Processing file /home/airflow/.local/lib/python3.7/site-packages/airflow/example_dags/example_nested_branch_dag.py for tasks to queue
[2023-03-06T09:32:12.145+0000] {logging_mixin.py:137} INFO - [2023-03-06T09:32:12.144+0000] {dagbag.py:538} INFO - Filling up the DagBag from /home/airflow/.local/lib/python3.7/site-packages/airflow/example_dags/example_nested_branch_dag.py
[2023-03-06T09:32:12.223+0000] {processor.py:753} INFO - DAG(s) dict_keys(['example_nested_branch_dag']) retrieved from /home/airflow/.local/lib/python3.7/site-packages/airflow/example_dags/example_nested_branch_dag.py
[2023-03-06T09:32:12.355+0000] {logging_mixin.py:137} INFO - [2023-03-06T09:32:12.354+0000] {dag.py:2690} INFO - Sync 1 DAGs
[2023-03-06T09:32:12.466+0000] {logging_mixin.py:137} INFO - [2023-03-06T09:32:12.465+0000] {dag.py:3441} INFO - Setting next_dagrun for example_nested_branch_dag to 2023-03-05T00:00:00+00:00, run_after=2023-03-06T00:00:00+00:00
[2023-03-06T09:32:12.547+0000] {processor.py:175} INFO - Processing /home/airflow/.local/lib/python3.7/site-packages/airflow/example_dags/example_nested_branch_dag.py took 0.419 seconds
[2023-03-06T09:32:42.864+0000] {processor.py:153} INFO - Started process (PID=894) to work on /home/airflow/.local/lib/python3.7/site-packages/airflow/example_dags/example_nested_branch_dag.py
[2023-03-06T09:32:42.869+0000] {processor.py:743} INFO - Processing file /home/airflow/.local/lib/python3.7/site-packages/airflow/example_dags/example_nested_branch_dag.py for tasks to queue
[2023-03-06T09:32:42.880+0000] {logging_mixin.py:137} INFO - [2023-03-06T09:32:42.879+0000] {dagbag.py:538} INFO - Filling up the DagBag from /home/airflow/.local/lib/python3.7/site-packages/airflow/example_dags/example_nested_branch_dag.py
[2023-03-06T09:32:43.046+0000] {processor.py:753} INFO - DAG(s) dict_keys(['example_nested_branch_dag']) retrieved from /home/airflow/.local/lib/python3.7/site-packages/airflow/example_dags/example_nested_branch_dag.py
[2023-03-06T09:32:43.137+0000] {logging_mixin.py:137} INFO - [2023-03-06T09:32:43.137+0000] {dag.py:2690} INFO - Sync 1 DAGs
[2023-03-06T09:32:43.207+0000] {logging_mixin.py:137} INFO - [2023-03-06T09:32:43.207+0000] {dag.py:3441} INFO - Setting next_dagrun for example_nested_branch_dag to 2023-03-05T00:00:00+00:00, run_after=2023-03-06T00:00:00+00:00
[2023-03-06T09:32:43.254+0000] {processor.py:175} INFO - Processing /home/airflow/.local/lib/python3.7/site-packages/airflow/example_dags/example_nested_branch_dag.py took 0.415 seconds
[2023-03-06T09:33:13.452+0000] {processor.py:153} INFO - Started process (PID=957) to work on /home/airflow/.local/lib/python3.7/site-packages/airflow/example_dags/example_nested_branch_dag.py
[2023-03-06T09:33:13.456+0000] {processor.py:743} INFO - Processing file /home/airflow/.local/lib/python3.7/site-packages/airflow/example_dags/example_nested_branch_dag.py for tasks to queue
[2023-03-06T09:33:13.459+0000] {logging_mixin.py:137} INFO - [2023-03-06T09:33:13.459+0000] {dagbag.py:538} INFO - Filling up the DagBag from /home/airflow/.local/lib/python3.7/site-packages/airflow/example_dags/example_nested_branch_dag.py
[2023-03-06T09:33:13.532+0000] {processor.py:753} INFO - DAG(s) dict_keys(['example_nested_branch_dag']) retrieved from /home/airflow/.local/lib/python3.7/site-packages/airflow/example_dags/example_nested_branch_dag.py
[2023-03-06T09:33:13.616+0000] {logging_mixin.py:137} INFO - [2023-03-06T09:33:13.616+0000] {dag.py:2690} INFO - Sync 1 DAGs
[2023-03-06T09:33:13.689+0000] {logging_mixin.py:137} INFO - [2023-03-06T09:33:13.689+0000] {dag.py:3441} INFO - Setting next_dagrun for example_nested_branch_dag to 2023-03-05T00:00:00+00:00, run_after=2023-03-06T00:00:00+00:00
[2023-03-06T09:33:13.749+0000] {processor.py:175} INFO - Processing /home/airflow/.local/lib/python3.7/site-packages/airflow/example_dags/example_nested_branch_dag.py took 0.306 seconds
[2023-03-06T09:33:43.875+0000] {processor.py:153} INFO - Started process (PID=1016) to work on /home/airflow/.local/lib/python3.7/site-packages/airflow/example_dags/example_nested_branch_dag.py
[2023-03-06T09:33:43.877+0000] {processor.py:743} INFO - Processing file /home/airflow/.local/lib/python3.7/site-packages/airflow/example_dags/example_nested_branch_dag.py for tasks to queue
[2023-03-06T09:33:43.880+0000] {logging_mixin.py:137} INFO - [2023-03-06T09:33:43.880+0000] {dagbag.py:538} INFO - Filling up the DagBag from /home/airflow/.local/lib/python3.7/site-packages/airflow/example_dags/example_nested_branch_dag.py
[2023-03-06T09:33:43.961+0000] {processor.py:753} INFO - DAG(s) dict_keys(['example_nested_branch_dag']) retrieved from /home/airflow/.local/lib/python3.7/site-packages/airflow/example_dags/example_nested_branch_dag.py
[2023-03-06T09:33:44.021+0000] {logging_mixin.py:137} INFO - [2023-03-06T09:33:44.020+0000] {dag.py:2690} INFO - Sync 1 DAGs
[2023-03-06T09:33:44.085+0000] {logging_mixin.py:137} INFO - [2023-03-06T09:33:44.085+0000] {dag.py:3441} INFO - Setting next_dagrun for example_nested_branch_dag to 2023-03-05T00:00:00+00:00, run_after=2023-03-06T00:00:00+00:00
[2023-03-06T09:33:44.138+0000] {processor.py:175} INFO - Processing /home/airflow/.local/lib/python3.7/site-packages/airflow/example_dags/example_nested_branch_dag.py took 0.273 seconds
[2023-03-06T09:34:14.728+0000] {processor.py:153} INFO - Started process (PID=1079) to work on /home/airflow/.local/lib/python3.7/site-packages/airflow/example_dags/example_nested_branch_dag.py
[2023-03-06T09:34:14.734+0000] {processor.py:743} INFO - Processing file /home/airflow/.local/lib/python3.7/site-packages/airflow/example_dags/example_nested_branch_dag.py for tasks to queue
[2023-03-06T09:34:14.739+0000] {logging_mixin.py:137} INFO - [2023-03-06T09:34:14.738+0000] {dagbag.py:538} INFO - Filling up the DagBag from /home/airflow/.local/lib/python3.7/site-packages/airflow/example_dags/example_nested_branch_dag.py
[2023-03-06T09:34:14.830+0000] {processor.py:753} INFO - DAG(s) dict_keys(['example_nested_branch_dag']) retrieved from /home/airflow/.local/lib/python3.7/site-packages/airflow/example_dags/example_nested_branch_dag.py
[2023-03-06T09:34:14.894+0000] {logging_mixin.py:137} INFO - [2023-03-06T09:34:14.894+0000] {dag.py:2690} INFO - Sync 1 DAGs
[2023-03-06T09:34:14.966+0000] {logging_mixin.py:137} INFO - [2023-03-06T09:34:14.966+0000] {dag.py:3441} INFO - Setting next_dagrun for example_nested_branch_dag to 2023-03-05T00:00:00+00:00, run_after=2023-03-06T00:00:00+00:00
[2023-03-06T09:34:15.016+0000] {processor.py:175} INFO - Processing /home/airflow/.local/lib/python3.7/site-packages/airflow/example_dags/example_nested_branch_dag.py took 0.302 seconds
[2023-03-06T09:34:45.677+0000] {processor.py:153} INFO - Started process (PID=1142) to work on /home/airflow/.local/lib/python3.7/site-packages/airflow/example_dags/example_nested_branch_dag.py
[2023-03-06T09:34:45.680+0000] {processor.py:743} INFO - Processing file /home/airflow/.local/lib/python3.7/site-packages/airflow/example_dags/example_nested_branch_dag.py for tasks to queue
[2023-03-06T09:34:45.685+0000] {logging_mixin.py:137} INFO - [2023-03-06T09:34:45.683+0000] {dagbag.py:538} INFO - Filling up the DagBag from /home/airflow/.local/lib/python3.7/site-packages/airflow/example_dags/example_nested_branch_dag.py
[2023-03-06T09:34:45.779+0000] {processor.py:753} INFO - DAG(s) dict_keys(['example_nested_branch_dag']) retrieved from /home/airflow/.local/lib/python3.7/site-packages/airflow/example_dags/example_nested_branch_dag.py
[2023-03-06T09:34:45.864+0000] {logging_mixin.py:137} INFO - [2023-03-06T09:34:45.864+0000] {dag.py:2690} INFO - Sync 1 DAGs
[2023-03-06T09:34:45.947+0000] {logging_mixin.py:137} INFO - [2023-03-06T09:34:45.947+0000] {dag.py:3441} INFO - Setting next_dagrun for example_nested_branch_dag to 2023-03-05T00:00:00+00:00, run_after=2023-03-06T00:00:00+00:00
[2023-03-06T09:34:46.010+0000] {processor.py:175} INFO - Processing /home/airflow/.local/lib/python3.7/site-packages/airflow/example_dags/example_nested_branch_dag.py took 0.345 seconds
[2023-03-06T09:35:16.265+0000] {processor.py:153} INFO - Started process (PID=1205) to work on /home/airflow/.local/lib/python3.7/site-packages/airflow/example_dags/example_nested_branch_dag.py
[2023-03-06T09:35:16.270+0000] {processor.py:743} INFO - Processing file /home/airflow/.local/lib/python3.7/site-packages/airflow/example_dags/example_nested_branch_dag.py for tasks to queue
[2023-03-06T09:35:16.274+0000] {logging_mixin.py:137} INFO - [2023-03-06T09:35:16.273+0000] {dagbag.py:538} INFO - Filling up the DagBag from /home/airflow/.local/lib/python3.7/site-packages/airflow/example_dags/example_nested_branch_dag.py
[2023-03-06T09:35:16.370+0000] {processor.py:753} INFO - DAG(s) dict_keys(['example_nested_branch_dag']) retrieved from /home/airflow/.local/lib/python3.7/site-packages/airflow/example_dags/example_nested_branch_dag.py
[2023-03-06T09:35:16.450+0000] {logging_mixin.py:137} INFO - [2023-03-06T09:35:16.450+0000] {dag.py:2690} INFO - Sync 1 DAGs
[2023-03-06T09:35:16.551+0000] {logging_mixin.py:137} INFO - [2023-03-06T09:35:16.551+0000] {dag.py:3441} INFO - Setting next_dagrun for example_nested_branch_dag to 2023-03-05T00:00:00+00:00, run_after=2023-03-06T00:00:00+00:00
[2023-03-06T09:35:16.599+0000] {processor.py:175} INFO - Processing /home/airflow/.local/lib/python3.7/site-packages/airflow/example_dags/example_nested_branch_dag.py took 0.347 seconds
[2023-03-06T09:35:47.886+0000] {processor.py:153} INFO - Started process (PID=1268) to work on /home/airflow/.local/lib/python3.7/site-packages/airflow/example_dags/example_nested_branch_dag.py
[2023-03-06T09:35:47.889+0000] {processor.py:743} INFO - Processing file /home/airflow/.local/lib/python3.7/site-packages/airflow/example_dags/example_nested_branch_dag.py for tasks to queue
[2023-03-06T09:35:47.894+0000] {logging_mixin.py:137} INFO - [2023-03-06T09:35:47.893+0000] {dagbag.py:538} INFO - Filling up the DagBag from /home/airflow/.local/lib/python3.7/site-packages/airflow/example_dags/example_nested_branch_dag.py
[2023-03-06T09:35:47.972+0000] {processor.py:753} INFO - DAG(s) dict_keys(['example_nested_branch_dag']) retrieved from /home/airflow/.local/lib/python3.7/site-packages/airflow/example_dags/example_nested_branch_dag.py
[2023-03-06T09:35:48.070+0000] {logging_mixin.py:137} INFO - [2023-03-06T09:35:48.070+0000] {dag.py:2690} INFO - Sync 1 DAGs
[2023-03-06T09:35:48.170+0000] {logging_mixin.py:137} INFO - [2023-03-06T09:35:48.170+0000] {dag.py:3441} INFO - Setting next_dagrun for example_nested_branch_dag to 2023-03-05T00:00:00+00:00, run_after=2023-03-06T00:00:00+00:00
[2023-03-06T09:35:48.241+0000] {processor.py:175} INFO - Processing /home/airflow/.local/lib/python3.7/site-packages/airflow/example_dags/example_nested_branch_dag.py took 0.366 seconds
[2023-03-06T09:36:18.346+0000] {processor.py:153} INFO - Started process (PID=1332) to work on /home/airflow/.local/lib/python3.7/site-packages/airflow/example_dags/example_nested_branch_dag.py
[2023-03-06T09:36:18.350+0000] {processor.py:743} INFO - Processing file /home/airflow/.local/lib/python3.7/site-packages/airflow/example_dags/example_nested_branch_dag.py for tasks to queue
[2023-03-06T09:36:18.353+0000] {logging_mixin.py:137} INFO - [2023-03-06T09:36:18.352+0000] {dagbag.py:538} INFO - Filling up the DagBag from /home/airflow/.local/lib/python3.7/site-packages/airflow/example_dags/example_nested_branch_dag.py
[2023-03-06T09:36:18.419+0000] {processor.py:753} INFO - DAG(s) dict_keys(['example_nested_branch_dag']) retrieved from /home/airflow/.local/lib/python3.7/site-packages/airflow/example_dags/example_nested_branch_dag.py
[2023-03-06T09:36:18.492+0000] {logging_mixin.py:137} INFO - [2023-03-06T09:36:18.491+0000] {dag.py:2690} INFO - Sync 1 DAGs
[2023-03-06T09:36:18.570+0000] {logging_mixin.py:137} INFO - [2023-03-06T09:36:18.569+0000] {dag.py:3441} INFO - Setting next_dagrun for example_nested_branch_dag to 2023-03-05T00:00:00+00:00, run_after=2023-03-06T00:00:00+00:00
[2023-03-06T09:36:18.627+0000] {processor.py:175} INFO - Processing /home/airflow/.local/lib/python3.7/site-packages/airflow/example_dags/example_nested_branch_dag.py took 0.294 seconds
[2023-03-06T09:36:49.218+0000] {processor.py:153} INFO - Started process (PID=1386) to work on /home/airflow/.local/lib/python3.7/site-packages/airflow/example_dags/example_nested_branch_dag.py
[2023-03-06T09:36:49.221+0000] {processor.py:743} INFO - Processing file /home/airflow/.local/lib/python3.7/site-packages/airflow/example_dags/example_nested_branch_dag.py for tasks to queue
[2023-03-06T09:36:49.229+0000] {logging_mixin.py:137} INFO - [2023-03-06T09:36:49.228+0000] {dagbag.py:538} INFO - Filling up the DagBag from /home/airflow/.local/lib/python3.7/site-packages/airflow/example_dags/example_nested_branch_dag.py
[2023-03-06T09:36:49.322+0000] {processor.py:753} INFO - DAG(s) dict_keys(['example_nested_branch_dag']) retrieved from /home/airflow/.local/lib/python3.7/site-packages/airflow/example_dags/example_nested_branch_dag.py
[2023-03-06T09:36:49.387+0000] {logging_mixin.py:137} INFO - [2023-03-06T09:36:49.387+0000] {dag.py:2690} INFO - Sync 1 DAGs
[2023-03-06T09:36:49.460+0000] {logging_mixin.py:137} INFO - [2023-03-06T09:36:49.460+0000] {dag.py:3441} INFO - Setting next_dagrun for example_nested_branch_dag to 2023-03-05T00:00:00+00:00, run_after=2023-03-06T00:00:00+00:00
[2023-03-06T09:36:49.503+0000] {processor.py:175} INFO - Processing /home/airflow/.local/lib/python3.7/site-packages/airflow/example_dags/example_nested_branch_dag.py took 0.298 seconds
[2023-03-06T09:37:19.721+0000] {processor.py:153} INFO - Started process (PID=1450) to work on /home/airflow/.local/lib/python3.7/site-packages/airflow/example_dags/example_nested_branch_dag.py
[2023-03-06T09:37:19.723+0000] {processor.py:743} INFO - Processing file /home/airflow/.local/lib/python3.7/site-packages/airflow/example_dags/example_nested_branch_dag.py for tasks to queue
[2023-03-06T09:37:19.725+0000] {logging_mixin.py:137} INFO - [2023-03-06T09:37:19.724+0000] {dagbag.py:538} INFO - Filling up the DagBag from /home/airflow/.local/lib/python3.7/site-packages/airflow/example_dags/example_nested_branch_dag.py
[2023-03-06T09:37:19.791+0000] {processor.py:753} INFO - DAG(s) dict_keys(['example_nested_branch_dag']) retrieved from /home/airflow/.local/lib/python3.7/site-packages/airflow/example_dags/example_nested_branch_dag.py
[2023-03-06T09:37:19.849+0000] {logging_mixin.py:137} INFO - [2023-03-06T09:37:19.849+0000] {dag.py:2690} INFO - Sync 1 DAGs
[2023-03-06T09:37:19.930+0000] {logging_mixin.py:137} INFO - [2023-03-06T09:37:19.930+0000] {dag.py:3441} INFO - Setting next_dagrun for example_nested_branch_dag to 2023-03-05T00:00:00+00:00, run_after=2023-03-06T00:00:00+00:00
[2023-03-06T09:37:19.977+0000] {processor.py:175} INFO - Processing /home/airflow/.local/lib/python3.7/site-packages/airflow/example_dags/example_nested_branch_dag.py took 0.263 seconds
[2023-03-06T09:37:50.679+0000] {processor.py:153} INFO - Started process (PID=1513) to work on /home/airflow/.local/lib/python3.7/site-packages/airflow/example_dags/example_nested_branch_dag.py
[2023-03-06T09:37:50.683+0000] {processor.py:743} INFO - Processing file /home/airflow/.local/lib/python3.7/site-packages/airflow/example_dags/example_nested_branch_dag.py for tasks to queue
[2023-03-06T09:37:50.685+0000] {logging_mixin.py:137} INFO - [2023-03-06T09:37:50.685+0000] {dagbag.py:538} INFO - Filling up the DagBag from /home/airflow/.local/lib/python3.7/site-packages/airflow/example_dags/example_nested_branch_dag.py
[2023-03-06T09:37:50.759+0000] {processor.py:753} INFO - DAG(s) dict_keys(['example_nested_branch_dag']) retrieved from /home/airflow/.local/lib/python3.7/site-packages/airflow/example_dags/example_nested_branch_dag.py
[2023-03-06T09:37:50.833+0000] {logging_mixin.py:137} INFO - [2023-03-06T09:37:50.832+0000] {dag.py:2690} INFO - Sync 1 DAGs
[2023-03-06T09:37:50.931+0000] {logging_mixin.py:137} INFO - [2023-03-06T09:37:50.931+0000] {dag.py:3441} INFO - Setting next_dagrun for example_nested_branch_dag to 2023-03-05T00:00:00+00:00, run_after=2023-03-06T00:00:00+00:00
[2023-03-06T09:37:50.984+0000] {processor.py:175} INFO - Processing /home/airflow/.local/lib/python3.7/site-packages/airflow/example_dags/example_nested_branch_dag.py took 0.315 seconds
[2023-03-06T09:38:21.385+0000] {processor.py:153} INFO - Started process (PID=1576) to work on /home/airflow/.local/lib/python3.7/site-packages/airflow/example_dags/example_nested_branch_dag.py
[2023-03-06T09:38:21.388+0000] {processor.py:743} INFO - Processing file /home/airflow/.local/lib/python3.7/site-packages/airflow/example_dags/example_nested_branch_dag.py for tasks to queue
[2023-03-06T09:38:21.392+0000] {logging_mixin.py:137} INFO - [2023-03-06T09:38:21.392+0000] {dagbag.py:538} INFO - Filling up the DagBag from /home/airflow/.local/lib/python3.7/site-packages/airflow/example_dags/example_nested_branch_dag.py
[2023-03-06T09:38:21.465+0000] {processor.py:753} INFO - DAG(s) dict_keys(['example_nested_branch_dag']) retrieved from /home/airflow/.local/lib/python3.7/site-packages/airflow/example_dags/example_nested_branch_dag.py
[2023-03-06T09:38:21.569+0000] {logging_mixin.py:137} INFO - [2023-03-06T09:38:21.568+0000] {dag.py:2690} INFO - Sync 1 DAGs
[2023-03-06T09:38:21.632+0000] {logging_mixin.py:137} INFO - [2023-03-06T09:38:21.632+0000] {dag.py:3441} INFO - Setting next_dagrun for example_nested_branch_dag to 2023-03-05T00:00:00+00:00, run_after=2023-03-06T00:00:00+00:00
[2023-03-06T09:38:21.681+0000] {processor.py:175} INFO - Processing /home/airflow/.local/lib/python3.7/site-packages/airflow/example_dags/example_nested_branch_dag.py took 0.312 seconds
[2023-03-06T09:38:52.765+0000] {processor.py:153} INFO - Started process (PID=1638) to work on /home/airflow/.local/lib/python3.7/site-packages/airflow/example_dags/example_nested_branch_dag.py
[2023-03-06T09:38:52.767+0000] {processor.py:743} INFO - Processing file /home/airflow/.local/lib/python3.7/site-packages/airflow/example_dags/example_nested_branch_dag.py for tasks to queue
[2023-03-06T09:38:52.770+0000] {logging_mixin.py:137} INFO - [2023-03-06T09:38:52.769+0000] {dagbag.py:538} INFO - Filling up the DagBag from /home/airflow/.local/lib/python3.7/site-packages/airflow/example_dags/example_nested_branch_dag.py
[2023-03-06T09:38:52.837+0000] {processor.py:753} INFO - DAG(s) dict_keys(['example_nested_branch_dag']) retrieved from /home/airflow/.local/lib/python3.7/site-packages/airflow/example_dags/example_nested_branch_dag.py
[2023-03-06T09:38:52.910+0000] {logging_mixin.py:137} INFO - [2023-03-06T09:38:52.910+0000] {dag.py:2690} INFO - Sync 1 DAGs
[2023-03-06T09:38:52.982+0000] {logging_mixin.py:137} INFO - [2023-03-06T09:38:52.981+0000] {dag.py:3441} INFO - Setting next_dagrun for example_nested_branch_dag to 2023-03-05T00:00:00+00:00, run_after=2023-03-06T00:00:00+00:00
[2023-03-06T09:38:53.044+0000] {processor.py:175} INFO - Processing /home/airflow/.local/lib/python3.7/site-packages/airflow/example_dags/example_nested_branch_dag.py took 0.288 seconds
[2023-03-06T09:39:23.499+0000] {processor.py:153} INFO - Started process (PID=1701) to work on /home/airflow/.local/lib/python3.7/site-packages/airflow/example_dags/example_nested_branch_dag.py
[2023-03-06T09:39:23.505+0000] {processor.py:743} INFO - Processing file /home/airflow/.local/lib/python3.7/site-packages/airflow/example_dags/example_nested_branch_dag.py for tasks to queue
[2023-03-06T09:39:23.516+0000] {logging_mixin.py:137} INFO - [2023-03-06T09:39:23.515+0000] {dagbag.py:538} INFO - Filling up the DagBag from /home/airflow/.local/lib/python3.7/site-packages/airflow/example_dags/example_nested_branch_dag.py
[2023-03-06T09:39:23.678+0000] {processor.py:753} INFO - DAG(s) dict_keys(['example_nested_branch_dag']) retrieved from /home/airflow/.local/lib/python3.7/site-packages/airflow/example_dags/example_nested_branch_dag.py
[2023-03-06T09:39:23.765+0000] {logging_mixin.py:137} INFO - [2023-03-06T09:39:23.764+0000] {dag.py:2690} INFO - Sync 1 DAGs
[2023-03-06T09:39:23.875+0000] {logging_mixin.py:137} INFO - [2023-03-06T09:39:23.875+0000] {dag.py:3441} INFO - Setting next_dagrun for example_nested_branch_dag to 2023-03-05T00:00:00+00:00, run_after=2023-03-06T00:00:00+00:00
[2023-03-06T09:39:23.945+0000] {processor.py:175} INFO - Processing /home/airflow/.local/lib/python3.7/site-packages/airflow/example_dags/example_nested_branch_dag.py took 0.472 seconds
[2023-03-06T09:39:54.314+0000] {processor.py:153} INFO - Started process (PID=1765) to work on /home/airflow/.local/lib/python3.7/site-packages/airflow/example_dags/example_nested_branch_dag.py
[2023-03-06T09:39:54.318+0000] {processor.py:743} INFO - Processing file /home/airflow/.local/lib/python3.7/site-packages/airflow/example_dags/example_nested_branch_dag.py for tasks to queue
[2023-03-06T09:39:54.326+0000] {logging_mixin.py:137} INFO - [2023-03-06T09:39:54.325+0000] {dagbag.py:538} INFO - Filling up the DagBag from /home/airflow/.local/lib/python3.7/site-packages/airflow/example_dags/example_nested_branch_dag.py
[2023-03-06T09:39:54.445+0000] {processor.py:753} INFO - DAG(s) dict_keys(['example_nested_branch_dag']) retrieved from /home/airflow/.local/lib/python3.7/site-packages/airflow/example_dags/example_nested_branch_dag.py
[2023-03-06T09:39:54.556+0000] {logging_mixin.py:137} INFO - [2023-03-06T09:39:54.556+0000] {dag.py:2690} INFO - Sync 1 DAGs
[2023-03-06T09:39:54.700+0000] {logging_mixin.py:137} INFO - [2023-03-06T09:39:54.699+0000] {dag.py:3441} INFO - Setting next_dagrun for example_nested_branch_dag to 2023-03-05T00:00:00+00:00, run_after=2023-03-06T00:00:00+00:00
[2023-03-06T09:39:54.797+0000] {processor.py:175} INFO - Processing /home/airflow/.local/lib/python3.7/site-packages/airflow/example_dags/example_nested_branch_dag.py took 0.497 seconds
[2023-03-06T09:40:26.613+0000] {processor.py:153} INFO - Started process (PID=1834) to work on /home/airflow/.local/lib/python3.7/site-packages/airflow/example_dags/example_nested_branch_dag.py
[2023-03-06T09:40:26.619+0000] {processor.py:743} INFO - Processing file /home/airflow/.local/lib/python3.7/site-packages/airflow/example_dags/example_nested_branch_dag.py for tasks to queue
[2023-03-06T09:40:26.628+0000] {logging_mixin.py:137} INFO - [2023-03-06T09:40:26.627+0000] {dagbag.py:538} INFO - Filling up the DagBag from /home/airflow/.local/lib/python3.7/site-packages/airflow/example_dags/example_nested_branch_dag.py
[2023-03-06T09:40:26.744+0000] {processor.py:753} INFO - DAG(s) dict_keys(['example_nested_branch_dag']) retrieved from /home/airflow/.local/lib/python3.7/site-packages/airflow/example_dags/example_nested_branch_dag.py
[2023-03-06T09:40:26.829+0000] {logging_mixin.py:137} INFO - [2023-03-06T09:40:26.828+0000] {dag.py:2690} INFO - Sync 1 DAGs
[2023-03-06T09:40:26.926+0000] {logging_mixin.py:137} INFO - [2023-03-06T09:40:26.926+0000] {dag.py:3441} INFO - Setting next_dagrun for example_nested_branch_dag to 2023-03-05T00:00:00+00:00, run_after=2023-03-06T00:00:00+00:00
[2023-03-06T09:40:26.993+0000] {processor.py:175} INFO - Processing /home/airflow/.local/lib/python3.7/site-packages/airflow/example_dags/example_nested_branch_dag.py took 0.399 seconds
[2023-03-06T09:40:57.736+0000] {processor.py:153} INFO - Started process (PID=1891) to work on /home/airflow/.local/lib/python3.7/site-packages/airflow/example_dags/example_nested_branch_dag.py
[2023-03-06T09:40:57.739+0000] {processor.py:743} INFO - Processing file /home/airflow/.local/lib/python3.7/site-packages/airflow/example_dags/example_nested_branch_dag.py for tasks to queue
[2023-03-06T09:40:57.743+0000] {logging_mixin.py:137} INFO - [2023-03-06T09:40:57.743+0000] {dagbag.py:538} INFO - Filling up the DagBag from /home/airflow/.local/lib/python3.7/site-packages/airflow/example_dags/example_nested_branch_dag.py
[2023-03-06T09:40:57.906+0000] {processor.py:753} INFO - DAG(s) dict_keys(['example_nested_branch_dag']) retrieved from /home/airflow/.local/lib/python3.7/site-packages/airflow/example_dags/example_nested_branch_dag.py
[2023-03-06T09:40:58.029+0000] {logging_mixin.py:137} INFO - [2023-03-06T09:40:58.028+0000] {dag.py:2690} INFO - Sync 1 DAGs
[2023-03-06T09:40:58.158+0000] {logging_mixin.py:137} INFO - [2023-03-06T09:40:58.158+0000] {dag.py:3441} INFO - Setting next_dagrun for example_nested_branch_dag to 2023-03-05T00:00:00+00:00, run_after=2023-03-06T00:00:00+00:00
[2023-03-06T09:40:58.237+0000] {processor.py:175} INFO - Processing /home/airflow/.local/lib/python3.7/site-packages/airflow/example_dags/example_nested_branch_dag.py took 0.546 seconds
[2023-03-06T09:41:28.518+0000] {processor.py:153} INFO - Started process (PID=1955) to work on /home/airflow/.local/lib/python3.7/site-packages/airflow/example_dags/example_nested_branch_dag.py
[2023-03-06T09:41:28.520+0000] {processor.py:743} INFO - Processing file /home/airflow/.local/lib/python3.7/site-packages/airflow/example_dags/example_nested_branch_dag.py for tasks to queue
[2023-03-06T09:41:28.524+0000] {logging_mixin.py:137} INFO - [2023-03-06T09:41:28.523+0000] {dagbag.py:538} INFO - Filling up the DagBag from /home/airflow/.local/lib/python3.7/site-packages/airflow/example_dags/example_nested_branch_dag.py
[2023-03-06T09:41:28.590+0000] {processor.py:753} INFO - DAG(s) dict_keys(['example_nested_branch_dag']) retrieved from /home/airflow/.local/lib/python3.7/site-packages/airflow/example_dags/example_nested_branch_dag.py
[2023-03-06T09:41:28.665+0000] {logging_mixin.py:137} INFO - [2023-03-06T09:41:28.664+0000] {dag.py:2690} INFO - Sync 1 DAGs
[2023-03-06T09:41:28.734+0000] {logging_mixin.py:137} INFO - [2023-03-06T09:41:28.734+0000] {dag.py:3441} INFO - Setting next_dagrun for example_nested_branch_dag to 2023-03-05T00:00:00+00:00, run_after=2023-03-06T00:00:00+00:00
[2023-03-06T09:41:28.787+0000] {processor.py:175} INFO - Processing /home/airflow/.local/lib/python3.7/site-packages/airflow/example_dags/example_nested_branch_dag.py took 0.279 seconds
