[2023-03-06T09:25:55.493+0000] {processor.py:153} INFO - Started process (PID=45) to work on /home/airflow/.local/lib/python3.7/site-packages/airflow/example_dags/example_complex.py
[2023-03-06T09:25:55.497+0000] {processor.py:743} INFO - Processing file /home/airflow/.local/lib/python3.7/site-packages/airflow/example_dags/example_complex.py for tasks to queue
[2023-03-06T09:25:55.505+0000] {logging_mixin.py:137} INFO - [2023-03-06T09:25:55.504+0000] {dagbag.py:538} INFO - Filling up the DagBag from /home/airflow/.local/lib/python3.7/site-packages/airflow/example_dags/example_complex.py
[2023-03-06T09:25:55.570+0000] {logging_mixin.py:137} INFO - [2023-03-06T09:25:55.570+0000] {taskmixin.py:205} WARNING - Dependency <Task(BashOperator): create_entry_group>, delete_entry_group already registered for DAG: example_complex
[2023-03-06T09:25:55.571+0000] {logging_mixin.py:137} INFO - [2023-03-06T09:25:55.571+0000] {taskmixin.py:205} WARNING - Dependency <Task(BashOperator): delete_entry_group>, create_entry_group already registered for DAG: example_complex
[2023-03-06T09:25:55.575+0000] {logging_mixin.py:137} INFO - [2023-03-06T09:25:55.575+0000] {taskmixin.py:205} WARNING - Dependency <Task(BashOperator): create_entry_gcs>, delete_entry already registered for DAG: example_complex
[2023-03-06T09:25:55.576+0000] {logging_mixin.py:137} INFO - [2023-03-06T09:25:55.576+0000] {taskmixin.py:205} WARNING - Dependency <Task(BashOperator): delete_entry>, create_entry_gcs already registered for DAG: example_complex
[2023-03-06T09:25:55.580+0000] {logging_mixin.py:137} INFO - [2023-03-06T09:25:55.580+0000] {taskmixin.py:205} WARNING - Dependency <Task(BashOperator): create_tag>, delete_tag already registered for DAG: example_complex
[2023-03-06T09:25:55.581+0000] {logging_mixin.py:137} INFO - [2023-03-06T09:25:55.581+0000] {taskmixin.py:205} WARNING - Dependency <Task(BashOperator): delete_tag>, create_tag already registered for DAG: example_complex
[2023-03-06T09:25:55.604+0000] {processor.py:753} INFO - DAG(s) dict_keys(['example_complex']) retrieved from /home/airflow/.local/lib/python3.7/site-packages/airflow/example_dags/example_complex.py
[2023-03-06T09:25:55.696+0000] {logging_mixin.py:137} INFO - [2023-03-06T09:25:55.696+0000] {dag.py:2690} INFO - Sync 1 DAGs
[2023-03-06T09:25:55.844+0000] {logging_mixin.py:137} INFO - [2023-03-06T09:25:55.843+0000] {dag.py:3441} INFO - Setting next_dagrun for example_complex to None, run_after=None
[2023-03-06T09:25:55.991+0000] {processor.py:175} INFO - Processing /home/airflow/.local/lib/python3.7/site-packages/airflow/example_dags/example_complex.py took 0.540 seconds
[2023-03-06T09:26:26.194+0000] {processor.py:153} INFO - Started process (PID=108) to work on /home/airflow/.local/lib/python3.7/site-packages/airflow/example_dags/example_complex.py
[2023-03-06T09:26:26.199+0000] {processor.py:743} INFO - Processing file /home/airflow/.local/lib/python3.7/site-packages/airflow/example_dags/example_complex.py for tasks to queue
[2023-03-06T09:26:26.206+0000] {logging_mixin.py:137} INFO - [2023-03-06T09:26:26.205+0000] {dagbag.py:538} INFO - Filling up the DagBag from /home/airflow/.local/lib/python3.7/site-packages/airflow/example_dags/example_complex.py
[2023-03-06T09:26:26.282+0000] {logging_mixin.py:137} INFO - [2023-03-06T09:26:26.281+0000] {taskmixin.py:205} WARNING - Dependency <Task(BashOperator): create_entry_group>, delete_entry_group already registered for DAG: example_complex
[2023-03-06T09:26:26.285+0000] {logging_mixin.py:137} INFO - [2023-03-06T09:26:26.284+0000] {taskmixin.py:205} WARNING - Dependency <Task(BashOperator): delete_entry_group>, create_entry_group already registered for DAG: example_complex
[2023-03-06T09:26:26.291+0000] {logging_mixin.py:137} INFO - [2023-03-06T09:26:26.289+0000] {taskmixin.py:205} WARNING - Dependency <Task(BashOperator): create_entry_gcs>, delete_entry already registered for DAG: example_complex
[2023-03-06T09:26:26.293+0000] {logging_mixin.py:137} INFO - [2023-03-06T09:26:26.293+0000] {taskmixin.py:205} WARNING - Dependency <Task(BashOperator): delete_entry>, create_entry_gcs already registered for DAG: example_complex
[2023-03-06T09:26:26.300+0000] {logging_mixin.py:137} INFO - [2023-03-06T09:26:26.299+0000] {taskmixin.py:205} WARNING - Dependency <Task(BashOperator): create_tag>, delete_tag already registered for DAG: example_complex
[2023-03-06T09:26:26.306+0000] {logging_mixin.py:137} INFO - [2023-03-06T09:26:26.301+0000] {taskmixin.py:205} WARNING - Dependency <Task(BashOperator): delete_tag>, create_tag already registered for DAG: example_complex
[2023-03-06T09:26:26.357+0000] {processor.py:753} INFO - DAG(s) dict_keys(['example_complex']) retrieved from /home/airflow/.local/lib/python3.7/site-packages/airflow/example_dags/example_complex.py
[2023-03-06T09:26:26.521+0000] {logging_mixin.py:137} INFO - [2023-03-06T09:26:26.520+0000] {dag.py:2690} INFO - Sync 1 DAGs
[2023-03-06T09:26:26.667+0000] {logging_mixin.py:137} INFO - [2023-03-06T09:26:26.666+0000] {dag.py:3441} INFO - Setting next_dagrun for example_complex to None, run_after=None
[2023-03-06T09:26:26.793+0000] {processor.py:175} INFO - Processing /home/airflow/.local/lib/python3.7/site-packages/airflow/example_dags/example_complex.py took 0.623 seconds
[2023-03-06T09:26:57.371+0000] {processor.py:153} INFO - Started process (PID=170) to work on /home/airflow/.local/lib/python3.7/site-packages/airflow/example_dags/example_complex.py
[2023-03-06T09:26:57.374+0000] {processor.py:743} INFO - Processing file /home/airflow/.local/lib/python3.7/site-packages/airflow/example_dags/example_complex.py for tasks to queue
[2023-03-06T09:26:57.377+0000] {logging_mixin.py:137} INFO - [2023-03-06T09:26:57.376+0000] {dagbag.py:538} INFO - Filling up the DagBag from /home/airflow/.local/lib/python3.7/site-packages/airflow/example_dags/example_complex.py
[2023-03-06T09:26:57.419+0000] {logging_mixin.py:137} INFO - [2023-03-06T09:26:57.418+0000] {taskmixin.py:205} WARNING - Dependency <Task(BashOperator): create_entry_group>, delete_entry_group already registered for DAG: example_complex
[2023-03-06T09:26:57.420+0000] {logging_mixin.py:137} INFO - [2023-03-06T09:26:57.419+0000] {taskmixin.py:205} WARNING - Dependency <Task(BashOperator): delete_entry_group>, create_entry_group already registered for DAG: example_complex
[2023-03-06T09:26:57.427+0000] {logging_mixin.py:137} INFO - [2023-03-06T09:26:57.427+0000] {taskmixin.py:205} WARNING - Dependency <Task(BashOperator): create_entry_gcs>, delete_entry already registered for DAG: example_complex
[2023-03-06T09:26:57.429+0000] {logging_mixin.py:137} INFO - [2023-03-06T09:26:57.428+0000] {taskmixin.py:205} WARNING - Dependency <Task(BashOperator): delete_entry>, create_entry_gcs already registered for DAG: example_complex
[2023-03-06T09:26:57.431+0000] {logging_mixin.py:137} INFO - [2023-03-06T09:26:57.431+0000] {taskmixin.py:205} WARNING - Dependency <Task(BashOperator): create_tag>, delete_tag already registered for DAG: example_complex
[2023-03-06T09:26:57.432+0000] {logging_mixin.py:137} INFO - [2023-03-06T09:26:57.432+0000] {taskmixin.py:205} WARNING - Dependency <Task(BashOperator): delete_tag>, create_tag already registered for DAG: example_complex
[2023-03-06T09:26:57.453+0000] {processor.py:753} INFO - DAG(s) dict_keys(['example_complex']) retrieved from /home/airflow/.local/lib/python3.7/site-packages/airflow/example_dags/example_complex.py
[2023-03-06T09:26:57.553+0000] {logging_mixin.py:137} INFO - [2023-03-06T09:26:57.553+0000] {dag.py:2690} INFO - Sync 1 DAGs
[2023-03-06T09:26:57.631+0000] {logging_mixin.py:137} INFO - [2023-03-06T09:26:57.631+0000] {dag.py:3441} INFO - Setting next_dagrun for example_complex to None, run_after=None
[2023-03-06T09:26:57.688+0000] {processor.py:175} INFO - Processing /home/airflow/.local/lib/python3.7/site-packages/airflow/example_dags/example_complex.py took 0.327 seconds
[2023-03-06T09:27:28.047+0000] {processor.py:153} INFO - Started process (PID=233) to work on /home/airflow/.local/lib/python3.7/site-packages/airflow/example_dags/example_complex.py
[2023-03-06T09:27:28.049+0000] {processor.py:743} INFO - Processing file /home/airflow/.local/lib/python3.7/site-packages/airflow/example_dags/example_complex.py for tasks to queue
[2023-03-06T09:27:28.053+0000] {logging_mixin.py:137} INFO - [2023-03-06T09:27:28.052+0000] {dagbag.py:538} INFO - Filling up the DagBag from /home/airflow/.local/lib/python3.7/site-packages/airflow/example_dags/example_complex.py
[2023-03-06T09:27:28.079+0000] {logging_mixin.py:137} INFO - [2023-03-06T09:27:28.079+0000] {taskmixin.py:205} WARNING - Dependency <Task(BashOperator): create_entry_group>, delete_entry_group already registered for DAG: example_complex
[2023-03-06T09:27:28.080+0000] {logging_mixin.py:137} INFO - [2023-03-06T09:27:28.079+0000] {taskmixin.py:205} WARNING - Dependency <Task(BashOperator): delete_entry_group>, create_entry_group already registered for DAG: example_complex
[2023-03-06T09:27:28.081+0000] {logging_mixin.py:137} INFO - [2023-03-06T09:27:28.080+0000] {taskmixin.py:205} WARNING - Dependency <Task(BashOperator): create_entry_gcs>, delete_entry already registered for DAG: example_complex
[2023-03-06T09:27:28.082+0000] {logging_mixin.py:137} INFO - [2023-03-06T09:27:28.081+0000] {taskmixin.py:205} WARNING - Dependency <Task(BashOperator): delete_entry>, create_entry_gcs already registered for DAG: example_complex
[2023-03-06T09:27:28.084+0000] {logging_mixin.py:137} INFO - [2023-03-06T09:27:28.084+0000] {taskmixin.py:205} WARNING - Dependency <Task(BashOperator): create_tag>, delete_tag already registered for DAG: example_complex
[2023-03-06T09:27:28.085+0000] {logging_mixin.py:137} INFO - [2023-03-06T09:27:28.085+0000] {taskmixin.py:205} WARNING - Dependency <Task(BashOperator): delete_tag>, create_tag already registered for DAG: example_complex
[2023-03-06T09:27:28.107+0000] {processor.py:753} INFO - DAG(s) dict_keys(['example_complex']) retrieved from /home/airflow/.local/lib/python3.7/site-packages/airflow/example_dags/example_complex.py
[2023-03-06T09:27:28.184+0000] {logging_mixin.py:137} INFO - [2023-03-06T09:27:28.184+0000] {dag.py:2690} INFO - Sync 1 DAGs
[2023-03-06T09:27:28.253+0000] {logging_mixin.py:137} INFO - [2023-03-06T09:27:28.253+0000] {dag.py:3441} INFO - Setting next_dagrun for example_complex to None, run_after=None
[2023-03-06T09:27:28.331+0000] {processor.py:175} INFO - Processing /home/airflow/.local/lib/python3.7/site-packages/airflow/example_dags/example_complex.py took 0.293 seconds
[2023-03-06T09:27:58.856+0000] {processor.py:153} INFO - Started process (PID=296) to work on /home/airflow/.local/lib/python3.7/site-packages/airflow/example_dags/example_complex.py
[2023-03-06T09:27:58.860+0000] {processor.py:743} INFO - Processing file /home/airflow/.local/lib/python3.7/site-packages/airflow/example_dags/example_complex.py for tasks to queue
[2023-03-06T09:27:58.863+0000] {logging_mixin.py:137} INFO - [2023-03-06T09:27:58.862+0000] {dagbag.py:538} INFO - Filling up the DagBag from /home/airflow/.local/lib/python3.7/site-packages/airflow/example_dags/example_complex.py
[2023-03-06T09:27:58.892+0000] {logging_mixin.py:137} INFO - [2023-03-06T09:27:58.891+0000] {taskmixin.py:205} WARNING - Dependency <Task(BashOperator): create_entry_group>, delete_entry_group already registered for DAG: example_complex
[2023-03-06T09:27:58.892+0000] {logging_mixin.py:137} INFO - [2023-03-06T09:27:58.892+0000] {taskmixin.py:205} WARNING - Dependency <Task(BashOperator): delete_entry_group>, create_entry_group already registered for DAG: example_complex
[2023-03-06T09:27:58.894+0000] {logging_mixin.py:137} INFO - [2023-03-06T09:27:58.893+0000] {taskmixin.py:205} WARNING - Dependency <Task(BashOperator): create_entry_gcs>, delete_entry already registered for DAG: example_complex
[2023-03-06T09:27:58.895+0000] {logging_mixin.py:137} INFO - [2023-03-06T09:27:58.895+0000] {taskmixin.py:205} WARNING - Dependency <Task(BashOperator): delete_entry>, create_entry_gcs already registered for DAG: example_complex
[2023-03-06T09:27:58.897+0000] {logging_mixin.py:137} INFO - [2023-03-06T09:27:58.897+0000] {taskmixin.py:205} WARNING - Dependency <Task(BashOperator): create_tag>, delete_tag already registered for DAG: example_complex
[2023-03-06T09:27:58.898+0000] {logging_mixin.py:137} INFO - [2023-03-06T09:27:58.898+0000] {taskmixin.py:205} WARNING - Dependency <Task(BashOperator): delete_tag>, create_tag already registered for DAG: example_complex
[2023-03-06T09:27:58.927+0000] {processor.py:753} INFO - DAG(s) dict_keys(['example_complex']) retrieved from /home/airflow/.local/lib/python3.7/site-packages/airflow/example_dags/example_complex.py
[2023-03-06T09:27:59.033+0000] {logging_mixin.py:137} INFO - [2023-03-06T09:27:59.033+0000] {dag.py:2690} INFO - Sync 1 DAGs
[2023-03-06T09:27:59.094+0000] {logging_mixin.py:137} INFO - [2023-03-06T09:27:59.094+0000] {dag.py:3441} INFO - Setting next_dagrun for example_complex to None, run_after=None
[2023-03-06T09:27:59.199+0000] {processor.py:175} INFO - Processing /home/airflow/.local/lib/python3.7/site-packages/airflow/example_dags/example_complex.py took 0.354 seconds
[2023-03-06T09:28:29.717+0000] {processor.py:153} INFO - Started process (PID=359) to work on /home/airflow/.local/lib/python3.7/site-packages/airflow/example_dags/example_complex.py
[2023-03-06T09:28:29.721+0000] {processor.py:743} INFO - Processing file /home/airflow/.local/lib/python3.7/site-packages/airflow/example_dags/example_complex.py for tasks to queue
[2023-03-06T09:28:29.725+0000] {logging_mixin.py:137} INFO - [2023-03-06T09:28:29.725+0000] {dagbag.py:538} INFO - Filling up the DagBag from /home/airflow/.local/lib/python3.7/site-packages/airflow/example_dags/example_complex.py
[2023-03-06T09:28:29.757+0000] {logging_mixin.py:137} INFO - [2023-03-06T09:28:29.757+0000] {taskmixin.py:205} WARNING - Dependency <Task(BashOperator): create_entry_group>, delete_entry_group already registered for DAG: example_complex
[2023-03-06T09:28:29.758+0000] {logging_mixin.py:137} INFO - [2023-03-06T09:28:29.758+0000] {taskmixin.py:205} WARNING - Dependency <Task(BashOperator): delete_entry_group>, create_entry_group already registered for DAG: example_complex
[2023-03-06T09:28:29.765+0000] {logging_mixin.py:137} INFO - [2023-03-06T09:28:29.762+0000] {taskmixin.py:205} WARNING - Dependency <Task(BashOperator): create_entry_gcs>, delete_entry already registered for DAG: example_complex
[2023-03-06T09:28:29.768+0000] {logging_mixin.py:137} INFO - [2023-03-06T09:28:29.766+0000] {taskmixin.py:205} WARNING - Dependency <Task(BashOperator): delete_entry>, create_entry_gcs already registered for DAG: example_complex
[2023-03-06T09:28:29.769+0000] {logging_mixin.py:137} INFO - [2023-03-06T09:28:29.769+0000] {taskmixin.py:205} WARNING - Dependency <Task(BashOperator): create_tag>, delete_tag already registered for DAG: example_complex
[2023-03-06T09:28:29.772+0000] {logging_mixin.py:137} INFO - [2023-03-06T09:28:29.772+0000] {taskmixin.py:205} WARNING - Dependency <Task(BashOperator): delete_tag>, create_tag already registered for DAG: example_complex
[2023-03-06T09:28:29.805+0000] {processor.py:753} INFO - DAG(s) dict_keys(['example_complex']) retrieved from /home/airflow/.local/lib/python3.7/site-packages/airflow/example_dags/example_complex.py
[2023-03-06T09:28:29.897+0000] {logging_mixin.py:137} INFO - [2023-03-06T09:28:29.897+0000] {dag.py:2690} INFO - Sync 1 DAGs
[2023-03-06T09:28:29.959+0000] {logging_mixin.py:137} INFO - [2023-03-06T09:28:29.959+0000] {dag.py:3441} INFO - Setting next_dagrun for example_complex to None, run_after=None
[2023-03-06T09:28:30.075+0000] {processor.py:175} INFO - Processing /home/airflow/.local/lib/python3.7/site-packages/airflow/example_dags/example_complex.py took 0.373 seconds
[2023-03-06T09:29:00.380+0000] {processor.py:153} INFO - Started process (PID=421) to work on /home/airflow/.local/lib/python3.7/site-packages/airflow/example_dags/example_complex.py
[2023-03-06T09:29:00.383+0000] {processor.py:743} INFO - Processing file /home/airflow/.local/lib/python3.7/site-packages/airflow/example_dags/example_complex.py for tasks to queue
[2023-03-06T09:29:00.387+0000] {logging_mixin.py:137} INFO - [2023-03-06T09:29:00.387+0000] {dagbag.py:538} INFO - Filling up the DagBag from /home/airflow/.local/lib/python3.7/site-packages/airflow/example_dags/example_complex.py
[2023-03-06T09:29:00.426+0000] {logging_mixin.py:137} INFO - [2023-03-06T09:29:00.426+0000] {taskmixin.py:205} WARNING - Dependency <Task(BashOperator): create_entry_group>, delete_entry_group already registered for DAG: example_complex
[2023-03-06T09:29:00.427+0000] {logging_mixin.py:137} INFO - [2023-03-06T09:29:00.427+0000] {taskmixin.py:205} WARNING - Dependency <Task(BashOperator): delete_entry_group>, create_entry_group already registered for DAG: example_complex
[2023-03-06T09:29:00.431+0000] {logging_mixin.py:137} INFO - [2023-03-06T09:29:00.430+0000] {taskmixin.py:205} WARNING - Dependency <Task(BashOperator): create_entry_gcs>, delete_entry already registered for DAG: example_complex
[2023-03-06T09:29:00.432+0000] {logging_mixin.py:137} INFO - [2023-03-06T09:29:00.431+0000] {taskmixin.py:205} WARNING - Dependency <Task(BashOperator): delete_entry>, create_entry_gcs already registered for DAG: example_complex
[2023-03-06T09:29:00.440+0000] {logging_mixin.py:137} INFO - [2023-03-06T09:29:00.440+0000] {taskmixin.py:205} WARNING - Dependency <Task(BashOperator): create_tag>, delete_tag already registered for DAG: example_complex
[2023-03-06T09:29:00.445+0000] {logging_mixin.py:137} INFO - [2023-03-06T09:29:00.445+0000] {taskmixin.py:205} WARNING - Dependency <Task(BashOperator): delete_tag>, create_tag already registered for DAG: example_complex
[2023-03-06T09:29:00.465+0000] {processor.py:753} INFO - DAG(s) dict_keys(['example_complex']) retrieved from /home/airflow/.local/lib/python3.7/site-packages/airflow/example_dags/example_complex.py
[2023-03-06T09:29:00.545+0000] {logging_mixin.py:137} INFO - [2023-03-06T09:29:00.545+0000] {dag.py:2690} INFO - Sync 1 DAGs
[2023-03-06T09:29:00.610+0000] {logging_mixin.py:137} INFO - [2023-03-06T09:29:00.610+0000] {dag.py:3441} INFO - Setting next_dagrun for example_complex to None, run_after=None
[2023-03-06T09:29:00.742+0000] {processor.py:175} INFO - Processing /home/airflow/.local/lib/python3.7/site-packages/airflow/example_dags/example_complex.py took 0.370 seconds
[2023-03-06T09:29:31.419+0000] {processor.py:153} INFO - Started process (PID=484) to work on /home/airflow/.local/lib/python3.7/site-packages/airflow/example_dags/example_complex.py
[2023-03-06T09:29:31.422+0000] {processor.py:743} INFO - Processing file /home/airflow/.local/lib/python3.7/site-packages/airflow/example_dags/example_complex.py for tasks to queue
[2023-03-06T09:29:31.426+0000] {logging_mixin.py:137} INFO - [2023-03-06T09:29:31.425+0000] {dagbag.py:538} INFO - Filling up the DagBag from /home/airflow/.local/lib/python3.7/site-packages/airflow/example_dags/example_complex.py
[2023-03-06T09:29:31.462+0000] {logging_mixin.py:137} INFO - [2023-03-06T09:29:31.462+0000] {taskmixin.py:205} WARNING - Dependency <Task(BashOperator): create_entry_group>, delete_entry_group already registered for DAG: example_complex
[2023-03-06T09:29:31.464+0000] {logging_mixin.py:137} INFO - [2023-03-06T09:29:31.463+0000] {taskmixin.py:205} WARNING - Dependency <Task(BashOperator): delete_entry_group>, create_entry_group already registered for DAG: example_complex
[2023-03-06T09:29:31.466+0000] {logging_mixin.py:137} INFO - [2023-03-06T09:29:31.465+0000] {taskmixin.py:205} WARNING - Dependency <Task(BashOperator): create_entry_gcs>, delete_entry already registered for DAG: example_complex
[2023-03-06T09:29:31.467+0000] {logging_mixin.py:137} INFO - [2023-03-06T09:29:31.467+0000] {taskmixin.py:205} WARNING - Dependency <Task(BashOperator): delete_entry>, create_entry_gcs already registered for DAG: example_complex
[2023-03-06T09:29:31.471+0000] {logging_mixin.py:137} INFO - [2023-03-06T09:29:31.471+0000] {taskmixin.py:205} WARNING - Dependency <Task(BashOperator): create_tag>, delete_tag already registered for DAG: example_complex
[2023-03-06T09:29:31.473+0000] {logging_mixin.py:137} INFO - [2023-03-06T09:29:31.472+0000] {taskmixin.py:205} WARNING - Dependency <Task(BashOperator): delete_tag>, create_tag already registered for DAG: example_complex
[2023-03-06T09:29:31.495+0000] {processor.py:753} INFO - DAG(s) dict_keys(['example_complex']) retrieved from /home/airflow/.local/lib/python3.7/site-packages/airflow/example_dags/example_complex.py
[2023-03-06T09:29:31.593+0000] {logging_mixin.py:137} INFO - [2023-03-06T09:29:31.593+0000] {dag.py:2690} INFO - Sync 1 DAGs
[2023-03-06T09:29:31.693+0000] {logging_mixin.py:137} INFO - [2023-03-06T09:29:31.693+0000] {dag.py:3441} INFO - Setting next_dagrun for example_complex to None, run_after=None
[2023-03-06T09:29:31.758+0000] {processor.py:175} INFO - Processing /home/airflow/.local/lib/python3.7/site-packages/airflow/example_dags/example_complex.py took 0.349 seconds
[2023-03-06T09:30:02.106+0000] {processor.py:153} INFO - Started process (PID=548) to work on /home/airflow/.local/lib/python3.7/site-packages/airflow/example_dags/example_complex.py
[2023-03-06T09:30:02.109+0000] {processor.py:743} INFO - Processing file /home/airflow/.local/lib/python3.7/site-packages/airflow/example_dags/example_complex.py for tasks to queue
[2023-03-06T09:30:02.111+0000] {logging_mixin.py:137} INFO - [2023-03-06T09:30:02.111+0000] {dagbag.py:538} INFO - Filling up the DagBag from /home/airflow/.local/lib/python3.7/site-packages/airflow/example_dags/example_complex.py
[2023-03-06T09:30:02.142+0000] {logging_mixin.py:137} INFO - [2023-03-06T09:30:02.142+0000] {taskmixin.py:205} WARNING - Dependency <Task(BashOperator): create_entry_group>, delete_entry_group already registered for DAG: example_complex
[2023-03-06T09:30:02.143+0000] {logging_mixin.py:137} INFO - [2023-03-06T09:30:02.143+0000] {taskmixin.py:205} WARNING - Dependency <Task(BashOperator): delete_entry_group>, create_entry_group already registered for DAG: example_complex
[2023-03-06T09:30:02.144+0000] {logging_mixin.py:137} INFO - [2023-03-06T09:30:02.143+0000] {taskmixin.py:205} WARNING - Dependency <Task(BashOperator): create_entry_gcs>, delete_entry already registered for DAG: example_complex
[2023-03-06T09:30:02.145+0000] {logging_mixin.py:137} INFO - [2023-03-06T09:30:02.145+0000] {taskmixin.py:205} WARNING - Dependency <Task(BashOperator): delete_entry>, create_entry_gcs already registered for DAG: example_complex
[2023-03-06T09:30:02.147+0000] {logging_mixin.py:137} INFO - [2023-03-06T09:30:02.147+0000] {taskmixin.py:205} WARNING - Dependency <Task(BashOperator): create_tag>, delete_tag already registered for DAG: example_complex
[2023-03-06T09:30:02.149+0000] {logging_mixin.py:137} INFO - [2023-03-06T09:30:02.149+0000] {taskmixin.py:205} WARNING - Dependency <Task(BashOperator): delete_tag>, create_tag already registered for DAG: example_complex
[2023-03-06T09:30:02.169+0000] {processor.py:753} INFO - DAG(s) dict_keys(['example_complex']) retrieved from /home/airflow/.local/lib/python3.7/site-packages/airflow/example_dags/example_complex.py
[2023-03-06T09:30:02.241+0000] {logging_mixin.py:137} INFO - [2023-03-06T09:30:02.241+0000] {dag.py:2690} INFO - Sync 1 DAGs
[2023-03-06T09:30:02.303+0000] {logging_mixin.py:137} INFO - [2023-03-06T09:30:02.303+0000] {dag.py:3441} INFO - Setting next_dagrun for example_complex to None, run_after=None
[2023-03-06T09:30:02.347+0000] {processor.py:175} INFO - Processing /home/airflow/.local/lib/python3.7/site-packages/airflow/example_dags/example_complex.py took 0.249 seconds
[2023-03-06T09:30:33.175+0000] {processor.py:153} INFO - Started process (PID=611) to work on /home/airflow/.local/lib/python3.7/site-packages/airflow/example_dags/example_complex.py
[2023-03-06T09:30:33.178+0000] {processor.py:743} INFO - Processing file /home/airflow/.local/lib/python3.7/site-packages/airflow/example_dags/example_complex.py for tasks to queue
[2023-03-06T09:30:33.184+0000] {logging_mixin.py:137} INFO - [2023-03-06T09:30:33.183+0000] {dagbag.py:538} INFO - Filling up the DagBag from /home/airflow/.local/lib/python3.7/site-packages/airflow/example_dags/example_complex.py
[2023-03-06T09:30:33.225+0000] {logging_mixin.py:137} INFO - [2023-03-06T09:30:33.225+0000] {taskmixin.py:205} WARNING - Dependency <Task(BashOperator): create_entry_group>, delete_entry_group already registered for DAG: example_complex
[2023-03-06T09:30:33.228+0000] {logging_mixin.py:137} INFO - [2023-03-06T09:30:33.227+0000] {taskmixin.py:205} WARNING - Dependency <Task(BashOperator): delete_entry_group>, create_entry_group already registered for DAG: example_complex
[2023-03-06T09:30:33.231+0000] {logging_mixin.py:137} INFO - [2023-03-06T09:30:33.230+0000] {taskmixin.py:205} WARNING - Dependency <Task(BashOperator): create_entry_gcs>, delete_entry already registered for DAG: example_complex
[2023-03-06T09:30:33.232+0000] {logging_mixin.py:137} INFO - [2023-03-06T09:30:33.232+0000] {taskmixin.py:205} WARNING - Dependency <Task(BashOperator): delete_entry>, create_entry_gcs already registered for DAG: example_complex
[2023-03-06T09:30:33.237+0000] {logging_mixin.py:137} INFO - [2023-03-06T09:30:33.235+0000] {taskmixin.py:205} WARNING - Dependency <Task(BashOperator): create_tag>, delete_tag already registered for DAG: example_complex
[2023-03-06T09:30:33.239+0000] {logging_mixin.py:137} INFO - [2023-03-06T09:30:33.237+0000] {taskmixin.py:205} WARNING - Dependency <Task(BashOperator): delete_tag>, create_tag already registered for DAG: example_complex
[2023-03-06T09:30:33.266+0000] {processor.py:753} INFO - DAG(s) dict_keys(['example_complex']) retrieved from /home/airflow/.local/lib/python3.7/site-packages/airflow/example_dags/example_complex.py
[2023-03-06T09:30:33.372+0000] {logging_mixin.py:137} INFO - [2023-03-06T09:30:33.372+0000] {dag.py:2690} INFO - Sync 1 DAGs
[2023-03-06T09:30:33.443+0000] {logging_mixin.py:137} INFO - [2023-03-06T09:30:33.443+0000] {dag.py:3441} INFO - Setting next_dagrun for example_complex to None, run_after=None
[2023-03-06T09:30:33.504+0000] {processor.py:175} INFO - Processing /home/airflow/.local/lib/python3.7/site-packages/airflow/example_dags/example_complex.py took 0.339 seconds
[2023-03-06T09:31:03.706+0000] {processor.py:153} INFO - Started process (PID=674) to work on /home/airflow/.local/lib/python3.7/site-packages/airflow/example_dags/example_complex.py
[2023-03-06T09:31:03.715+0000] {processor.py:743} INFO - Processing file /home/airflow/.local/lib/python3.7/site-packages/airflow/example_dags/example_complex.py for tasks to queue
[2023-03-06T09:31:03.723+0000] {logging_mixin.py:137} INFO - [2023-03-06T09:31:03.722+0000] {dagbag.py:538} INFO - Filling up the DagBag from /home/airflow/.local/lib/python3.7/site-packages/airflow/example_dags/example_complex.py
[2023-03-06T09:31:03.831+0000] {logging_mixin.py:137} INFO - [2023-03-06T09:31:03.827+0000] {taskmixin.py:205} WARNING - Dependency <Task(BashOperator): create_entry_group>, delete_entry_group already registered for DAG: example_complex
[2023-03-06T09:31:03.841+0000] {logging_mixin.py:137} INFO - [2023-03-06T09:31:03.840+0000] {taskmixin.py:205} WARNING - Dependency <Task(BashOperator): delete_entry_group>, create_entry_group already registered for DAG: example_complex
[2023-03-06T09:31:03.844+0000] {logging_mixin.py:137} INFO - [2023-03-06T09:31:03.843+0000] {taskmixin.py:205} WARNING - Dependency <Task(BashOperator): create_entry_gcs>, delete_entry already registered for DAG: example_complex
[2023-03-06T09:31:03.847+0000] {logging_mixin.py:137} INFO - [2023-03-06T09:31:03.845+0000] {taskmixin.py:205} WARNING - Dependency <Task(BashOperator): delete_entry>, create_entry_gcs already registered for DAG: example_complex
[2023-03-06T09:31:03.850+0000] {logging_mixin.py:137} INFO - [2023-03-06T09:31:03.849+0000] {taskmixin.py:205} WARNING - Dependency <Task(BashOperator): create_tag>, delete_tag already registered for DAG: example_complex
[2023-03-06T09:31:03.852+0000] {logging_mixin.py:137} INFO - [2023-03-06T09:31:03.850+0000] {taskmixin.py:205} WARNING - Dependency <Task(BashOperator): delete_tag>, create_tag already registered for DAG: example_complex
[2023-03-06T09:31:03.882+0000] {processor.py:753} INFO - DAG(s) dict_keys(['example_complex']) retrieved from /home/airflow/.local/lib/python3.7/site-packages/airflow/example_dags/example_complex.py
[2023-03-06T09:31:03.974+0000] {logging_mixin.py:137} INFO - [2023-03-06T09:31:03.974+0000] {dag.py:2690} INFO - Sync 1 DAGs
[2023-03-06T09:31:04.047+0000] {logging_mixin.py:137} INFO - [2023-03-06T09:31:04.046+0000] {dag.py:3441} INFO - Setting next_dagrun for example_complex to None, run_after=None
[2023-03-06T09:31:04.237+0000] {processor.py:175} INFO - Processing /home/airflow/.local/lib/python3.7/site-packages/airflow/example_dags/example_complex.py took 0.562 seconds
[2023-03-06T09:31:34.640+0000] {processor.py:153} INFO - Started process (PID=738) to work on /home/airflow/.local/lib/python3.7/site-packages/airflow/example_dags/example_complex.py
[2023-03-06T09:31:34.643+0000] {processor.py:743} INFO - Processing file /home/airflow/.local/lib/python3.7/site-packages/airflow/example_dags/example_complex.py for tasks to queue
[2023-03-06T09:31:34.648+0000] {logging_mixin.py:137} INFO - [2023-03-06T09:31:34.647+0000] {dagbag.py:538} INFO - Filling up the DagBag from /home/airflow/.local/lib/python3.7/site-packages/airflow/example_dags/example_complex.py
[2023-03-06T09:31:34.702+0000] {logging_mixin.py:137} INFO - [2023-03-06T09:31:34.701+0000] {taskmixin.py:205} WARNING - Dependency <Task(BashOperator): create_entry_group>, delete_entry_group already registered for DAG: example_complex
[2023-03-06T09:31:34.704+0000] {logging_mixin.py:137} INFO - [2023-03-06T09:31:34.703+0000] {taskmixin.py:205} WARNING - Dependency <Task(BashOperator): delete_entry_group>, create_entry_group already registered for DAG: example_complex
[2023-03-06T09:31:34.709+0000] {logging_mixin.py:137} INFO - [2023-03-06T09:31:34.708+0000] {taskmixin.py:205} WARNING - Dependency <Task(BashOperator): create_entry_gcs>, delete_entry already registered for DAG: example_complex
[2023-03-06T09:31:34.710+0000] {logging_mixin.py:137} INFO - [2023-03-06T09:31:34.710+0000] {taskmixin.py:205} WARNING - Dependency <Task(BashOperator): delete_entry>, create_entry_gcs already registered for DAG: example_complex
[2023-03-06T09:31:34.715+0000] {logging_mixin.py:137} INFO - [2023-03-06T09:31:34.714+0000] {taskmixin.py:205} WARNING - Dependency <Task(BashOperator): create_tag>, delete_tag already registered for DAG: example_complex
[2023-03-06T09:31:34.718+0000] {logging_mixin.py:137} INFO - [2023-03-06T09:31:34.717+0000] {taskmixin.py:205} WARNING - Dependency <Task(BashOperator): delete_tag>, create_tag already registered for DAG: example_complex
[2023-03-06T09:31:34.748+0000] {processor.py:753} INFO - DAG(s) dict_keys(['example_complex']) retrieved from /home/airflow/.local/lib/python3.7/site-packages/airflow/example_dags/example_complex.py
[2023-03-06T09:31:34.867+0000] {logging_mixin.py:137} INFO - [2023-03-06T09:31:34.867+0000] {dag.py:2690} INFO - Sync 1 DAGs
[2023-03-06T09:31:34.951+0000] {logging_mixin.py:137} INFO - [2023-03-06T09:31:34.951+0000] {dag.py:3441} INFO - Setting next_dagrun for example_complex to None, run_after=None
[2023-03-06T09:31:35.156+0000] {processor.py:175} INFO - Processing /home/airflow/.local/lib/python3.7/site-packages/airflow/example_dags/example_complex.py took 0.541 seconds
[2023-03-06T09:32:05.902+0000] {processor.py:153} INFO - Started process (PID=809) to work on /home/airflow/.local/lib/python3.7/site-packages/airflow/example_dags/example_complex.py
[2023-03-06T09:32:05.912+0000] {processor.py:743} INFO - Processing file /home/airflow/.local/lib/python3.7/site-packages/airflow/example_dags/example_complex.py for tasks to queue
[2023-03-06T09:32:05.920+0000] {logging_mixin.py:137} INFO - [2023-03-06T09:32:05.918+0000] {dagbag.py:538} INFO - Filling up the DagBag from /home/airflow/.local/lib/python3.7/site-packages/airflow/example_dags/example_complex.py
[2023-03-06T09:32:06.009+0000] {logging_mixin.py:137} INFO - [2023-03-06T09:32:06.007+0000] {taskmixin.py:205} WARNING - Dependency <Task(BashOperator): create_entry_group>, delete_entry_group already registered for DAG: example_complex
[2023-03-06T09:32:06.012+0000] {logging_mixin.py:137} INFO - [2023-03-06T09:32:06.011+0000] {taskmixin.py:205} WARNING - Dependency <Task(BashOperator): delete_entry_group>, create_entry_group already registered for DAG: example_complex
[2023-03-06T09:32:06.019+0000] {logging_mixin.py:137} INFO - [2023-03-06T09:32:06.017+0000] {taskmixin.py:205} WARNING - Dependency <Task(BashOperator): create_entry_gcs>, delete_entry already registered for DAG: example_complex
[2023-03-06T09:32:06.022+0000] {logging_mixin.py:137} INFO - [2023-03-06T09:32:06.021+0000] {taskmixin.py:205} WARNING - Dependency <Task(BashOperator): delete_entry>, create_entry_gcs already registered for DAG: example_complex
[2023-03-06T09:32:06.030+0000] {logging_mixin.py:137} INFO - [2023-03-06T09:32:06.027+0000] {taskmixin.py:205} WARNING - Dependency <Task(BashOperator): create_tag>, delete_tag already registered for DAG: example_complex
[2023-03-06T09:32:06.034+0000] {logging_mixin.py:137} INFO - [2023-03-06T09:32:06.034+0000] {taskmixin.py:205} WARNING - Dependency <Task(BashOperator): delete_tag>, create_tag already registered for DAG: example_complex
[2023-03-06T09:32:06.084+0000] {processor.py:753} INFO - DAG(s) dict_keys(['example_complex']) retrieved from /home/airflow/.local/lib/python3.7/site-packages/airflow/example_dags/example_complex.py
[2023-03-06T09:32:06.162+0000] {logging_mixin.py:137} INFO - [2023-03-06T09:32:06.162+0000] {dag.py:2690} INFO - Sync 1 DAGs
[2023-03-06T09:32:06.235+0000] {logging_mixin.py:137} INFO - [2023-03-06T09:32:06.235+0000] {dag.py:3441} INFO - Setting next_dagrun for example_complex to None, run_after=None
[2023-03-06T09:32:06.299+0000] {processor.py:175} INFO - Processing /home/airflow/.local/lib/python3.7/site-packages/airflow/example_dags/example_complex.py took 0.416 seconds
[2023-03-06T09:32:36.409+0000] {processor.py:153} INFO - Started process (PID=877) to work on /home/airflow/.local/lib/python3.7/site-packages/airflow/example_dags/example_complex.py
[2023-03-06T09:32:36.412+0000] {processor.py:743} INFO - Processing file /home/airflow/.local/lib/python3.7/site-packages/airflow/example_dags/example_complex.py for tasks to queue
[2023-03-06T09:32:36.419+0000] {logging_mixin.py:137} INFO - [2023-03-06T09:32:36.418+0000] {dagbag.py:538} INFO - Filling up the DagBag from /home/airflow/.local/lib/python3.7/site-packages/airflow/example_dags/example_complex.py
[2023-03-06T09:32:36.469+0000] {logging_mixin.py:137} INFO - [2023-03-06T09:32:36.468+0000] {taskmixin.py:205} WARNING - Dependency <Task(BashOperator): create_entry_group>, delete_entry_group already registered for DAG: example_complex
[2023-03-06T09:32:36.472+0000] {logging_mixin.py:137} INFO - [2023-03-06T09:32:36.470+0000] {taskmixin.py:205} WARNING - Dependency <Task(BashOperator): delete_entry_group>, create_entry_group already registered for DAG: example_complex
[2023-03-06T09:32:36.475+0000] {logging_mixin.py:137} INFO - [2023-03-06T09:32:36.475+0000] {taskmixin.py:205} WARNING - Dependency <Task(BashOperator): create_entry_gcs>, delete_entry already registered for DAG: example_complex
[2023-03-06T09:32:36.477+0000] {logging_mixin.py:137} INFO - [2023-03-06T09:32:36.477+0000] {taskmixin.py:205} WARNING - Dependency <Task(BashOperator): delete_entry>, create_entry_gcs already registered for DAG: example_complex
[2023-03-06T09:32:36.479+0000] {logging_mixin.py:137} INFO - [2023-03-06T09:32:36.478+0000] {taskmixin.py:205} WARNING - Dependency <Task(BashOperator): create_tag>, delete_tag already registered for DAG: example_complex
[2023-03-06T09:32:36.480+0000] {logging_mixin.py:137} INFO - [2023-03-06T09:32:36.479+0000] {taskmixin.py:205} WARNING - Dependency <Task(BashOperator): delete_tag>, create_tag already registered for DAG: example_complex
[2023-03-06T09:32:36.540+0000] {processor.py:753} INFO - DAG(s) dict_keys(['example_complex']) retrieved from /home/airflow/.local/lib/python3.7/site-packages/airflow/example_dags/example_complex.py
[2023-03-06T09:32:36.671+0000] {logging_mixin.py:137} INFO - [2023-03-06T09:32:36.670+0000] {dag.py:2690} INFO - Sync 1 DAGs
[2023-03-06T09:32:36.749+0000] {logging_mixin.py:137} INFO - [2023-03-06T09:32:36.749+0000] {dag.py:3441} INFO - Setting next_dagrun for example_complex to None, run_after=None
[2023-03-06T09:32:36.941+0000] {processor.py:175} INFO - Processing /home/airflow/.local/lib/python3.7/site-packages/airflow/example_dags/example_complex.py took 0.542 seconds
[2023-03-06T09:33:07.233+0000] {processor.py:153} INFO - Started process (PID=935) to work on /home/airflow/.local/lib/python3.7/site-packages/airflow/example_dags/example_complex.py
[2023-03-06T09:33:07.237+0000] {processor.py:743} INFO - Processing file /home/airflow/.local/lib/python3.7/site-packages/airflow/example_dags/example_complex.py for tasks to queue
[2023-03-06T09:33:07.240+0000] {logging_mixin.py:137} INFO - [2023-03-06T09:33:07.239+0000] {dagbag.py:538} INFO - Filling up the DagBag from /home/airflow/.local/lib/python3.7/site-packages/airflow/example_dags/example_complex.py
[2023-03-06T09:33:07.291+0000] {logging_mixin.py:137} INFO - [2023-03-06T09:33:07.290+0000] {taskmixin.py:205} WARNING - Dependency <Task(BashOperator): create_entry_group>, delete_entry_group already registered for DAG: example_complex
[2023-03-06T09:33:07.292+0000] {logging_mixin.py:137} INFO - [2023-03-06T09:33:07.291+0000] {taskmixin.py:205} WARNING - Dependency <Task(BashOperator): delete_entry_group>, create_entry_group already registered for DAG: example_complex
[2023-03-06T09:33:07.300+0000] {logging_mixin.py:137} INFO - [2023-03-06T09:33:07.294+0000] {taskmixin.py:205} WARNING - Dependency <Task(BashOperator): create_entry_gcs>, delete_entry already registered for DAG: example_complex
[2023-03-06T09:33:07.301+0000] {logging_mixin.py:137} INFO - [2023-03-06T09:33:07.301+0000] {taskmixin.py:205} WARNING - Dependency <Task(BashOperator): delete_entry>, create_entry_gcs already registered for DAG: example_complex
[2023-03-06T09:33:07.306+0000] {logging_mixin.py:137} INFO - [2023-03-06T09:33:07.305+0000] {taskmixin.py:205} WARNING - Dependency <Task(BashOperator): create_tag>, delete_tag already registered for DAG: example_complex
[2023-03-06T09:33:07.307+0000] {logging_mixin.py:137} INFO - [2023-03-06T09:33:07.306+0000] {taskmixin.py:205} WARNING - Dependency <Task(BashOperator): delete_tag>, create_tag already registered for DAG: example_complex
[2023-03-06T09:33:07.333+0000] {processor.py:753} INFO - DAG(s) dict_keys(['example_complex']) retrieved from /home/airflow/.local/lib/python3.7/site-packages/airflow/example_dags/example_complex.py
[2023-03-06T09:33:07.415+0000] {logging_mixin.py:137} INFO - [2023-03-06T09:33:07.415+0000] {dag.py:2690} INFO - Sync 1 DAGs
[2023-03-06T09:33:07.488+0000] {logging_mixin.py:137} INFO - [2023-03-06T09:33:07.488+0000] {dag.py:3441} INFO - Setting next_dagrun for example_complex to None, run_after=None
[2023-03-06T09:33:07.541+0000] {processor.py:175} INFO - Processing /home/airflow/.local/lib/python3.7/site-packages/airflow/example_dags/example_complex.py took 0.317 seconds
[2023-03-06T09:33:37.748+0000] {processor.py:153} INFO - Started process (PID=991) to work on /home/airflow/.local/lib/python3.7/site-packages/airflow/example_dags/example_complex.py
[2023-03-06T09:33:37.750+0000] {processor.py:743} INFO - Processing file /home/airflow/.local/lib/python3.7/site-packages/airflow/example_dags/example_complex.py for tasks to queue
[2023-03-06T09:33:37.755+0000] {logging_mixin.py:137} INFO - [2023-03-06T09:33:37.754+0000] {dagbag.py:538} INFO - Filling up the DagBag from /home/airflow/.local/lib/python3.7/site-packages/airflow/example_dags/example_complex.py
[2023-03-06T09:33:37.786+0000] {logging_mixin.py:137} INFO - [2023-03-06T09:33:37.786+0000] {taskmixin.py:205} WARNING - Dependency <Task(BashOperator): create_entry_group>, delete_entry_group already registered for DAG: example_complex
[2023-03-06T09:33:37.789+0000] {logging_mixin.py:137} INFO - [2023-03-06T09:33:37.788+0000] {taskmixin.py:205} WARNING - Dependency <Task(BashOperator): delete_entry_group>, create_entry_group already registered for DAG: example_complex
[2023-03-06T09:33:37.790+0000] {logging_mixin.py:137} INFO - [2023-03-06T09:33:37.789+0000] {taskmixin.py:205} WARNING - Dependency <Task(BashOperator): create_entry_gcs>, delete_entry already registered for DAG: example_complex
[2023-03-06T09:33:37.791+0000] {logging_mixin.py:137} INFO - [2023-03-06T09:33:37.791+0000] {taskmixin.py:205} WARNING - Dependency <Task(BashOperator): delete_entry>, create_entry_gcs already registered for DAG: example_complex
[2023-03-06T09:33:37.793+0000] {logging_mixin.py:137} INFO - [2023-03-06T09:33:37.792+0000] {taskmixin.py:205} WARNING - Dependency <Task(BashOperator): create_tag>, delete_tag already registered for DAG: example_complex
[2023-03-06T09:33:37.795+0000] {logging_mixin.py:137} INFO - [2023-03-06T09:33:37.794+0000] {taskmixin.py:205} WARNING - Dependency <Task(BashOperator): delete_tag>, create_tag already registered for DAG: example_complex
[2023-03-06T09:33:37.815+0000] {processor.py:753} INFO - DAG(s) dict_keys(['example_complex']) retrieved from /home/airflow/.local/lib/python3.7/site-packages/airflow/example_dags/example_complex.py
[2023-03-06T09:33:37.887+0000] {logging_mixin.py:137} INFO - [2023-03-06T09:33:37.887+0000] {dag.py:2690} INFO - Sync 1 DAGs
[2023-03-06T09:33:37.947+0000] {logging_mixin.py:137} INFO - [2023-03-06T09:33:37.947+0000] {dag.py:3441} INFO - Setting next_dagrun for example_complex to None, run_after=None
[2023-03-06T09:33:38.002+0000] {processor.py:175} INFO - Processing /home/airflow/.local/lib/python3.7/site-packages/airflow/example_dags/example_complex.py took 0.262 seconds
[2023-03-06T09:34:08.486+0000] {processor.py:153} INFO - Started process (PID=1053) to work on /home/airflow/.local/lib/python3.7/site-packages/airflow/example_dags/example_complex.py
[2023-03-06T09:34:08.490+0000] {processor.py:743} INFO - Processing file /home/airflow/.local/lib/python3.7/site-packages/airflow/example_dags/example_complex.py for tasks to queue
[2023-03-06T09:34:08.494+0000] {logging_mixin.py:137} INFO - [2023-03-06T09:34:08.493+0000] {dagbag.py:538} INFO - Filling up the DagBag from /home/airflow/.local/lib/python3.7/site-packages/airflow/example_dags/example_complex.py
[2023-03-06T09:34:08.552+0000] {logging_mixin.py:137} INFO - [2023-03-06T09:34:08.551+0000] {taskmixin.py:205} WARNING - Dependency <Task(BashOperator): create_entry_group>, delete_entry_group already registered for DAG: example_complex
[2023-03-06T09:34:08.556+0000] {logging_mixin.py:137} INFO - [2023-03-06T09:34:08.555+0000] {taskmixin.py:205} WARNING - Dependency <Task(BashOperator): delete_entry_group>, create_entry_group already registered for DAG: example_complex
[2023-03-06T09:34:08.560+0000] {logging_mixin.py:137} INFO - [2023-03-06T09:34:08.560+0000] {taskmixin.py:205} WARNING - Dependency <Task(BashOperator): create_entry_gcs>, delete_entry already registered for DAG: example_complex
[2023-03-06T09:34:08.563+0000] {logging_mixin.py:137} INFO - [2023-03-06T09:34:08.561+0000] {taskmixin.py:205} WARNING - Dependency <Task(BashOperator): delete_entry>, create_entry_gcs already registered for DAG: example_complex
[2023-03-06T09:34:08.567+0000] {logging_mixin.py:137} INFO - [2023-03-06T09:34:08.566+0000] {taskmixin.py:205} WARNING - Dependency <Task(BashOperator): create_tag>, delete_tag already registered for DAG: example_complex
[2023-03-06T09:34:08.569+0000] {logging_mixin.py:137} INFO - [2023-03-06T09:34:08.568+0000] {taskmixin.py:205} WARNING - Dependency <Task(BashOperator): delete_tag>, create_tag already registered for DAG: example_complex
[2023-03-06T09:34:08.597+0000] {processor.py:753} INFO - DAG(s) dict_keys(['example_complex']) retrieved from /home/airflow/.local/lib/python3.7/site-packages/airflow/example_dags/example_complex.py
[2023-03-06T09:34:08.741+0000] {logging_mixin.py:137} INFO - [2023-03-06T09:34:08.740+0000] {dag.py:2690} INFO - Sync 1 DAGs
[2023-03-06T09:34:08.845+0000] {logging_mixin.py:137} INFO - [2023-03-06T09:34:08.844+0000] {dag.py:3441} INFO - Setting next_dagrun for example_complex to None, run_after=None
[2023-03-06T09:34:08.902+0000] {processor.py:175} INFO - Processing /home/airflow/.local/lib/python3.7/site-packages/airflow/example_dags/example_complex.py took 0.427 seconds
[2023-03-06T09:34:39.365+0000] {processor.py:153} INFO - Started process (PID=1116) to work on /home/airflow/.local/lib/python3.7/site-packages/airflow/example_dags/example_complex.py
[2023-03-06T09:34:39.368+0000] {processor.py:743} INFO - Processing file /home/airflow/.local/lib/python3.7/site-packages/airflow/example_dags/example_complex.py for tasks to queue
[2023-03-06T09:34:39.377+0000] {logging_mixin.py:137} INFO - [2023-03-06T09:34:39.375+0000] {dagbag.py:538} INFO - Filling up the DagBag from /home/airflow/.local/lib/python3.7/site-packages/airflow/example_dags/example_complex.py
[2023-03-06T09:34:39.464+0000] {logging_mixin.py:137} INFO - [2023-03-06T09:34:39.463+0000] {taskmixin.py:205} WARNING - Dependency <Task(BashOperator): create_entry_group>, delete_entry_group already registered for DAG: example_complex
[2023-03-06T09:34:39.466+0000] {logging_mixin.py:137} INFO - [2023-03-06T09:34:39.465+0000] {taskmixin.py:205} WARNING - Dependency <Task(BashOperator): delete_entry_group>, create_entry_group already registered for DAG: example_complex
[2023-03-06T09:34:39.468+0000] {logging_mixin.py:137} INFO - [2023-03-06T09:34:39.468+0000] {taskmixin.py:205} WARNING - Dependency <Task(BashOperator): create_entry_gcs>, delete_entry already registered for DAG: example_complex
[2023-03-06T09:34:39.473+0000] {logging_mixin.py:137} INFO - [2023-03-06T09:34:39.471+0000] {taskmixin.py:205} WARNING - Dependency <Task(BashOperator): delete_entry>, create_entry_gcs already registered for DAG: example_complex
[2023-03-06T09:34:39.476+0000] {logging_mixin.py:137} INFO - [2023-03-06T09:34:39.476+0000] {taskmixin.py:205} WARNING - Dependency <Task(BashOperator): create_tag>, delete_tag already registered for DAG: example_complex
[2023-03-06T09:34:39.478+0000] {logging_mixin.py:137} INFO - [2023-03-06T09:34:39.476+0000] {taskmixin.py:205} WARNING - Dependency <Task(BashOperator): delete_tag>, create_tag already registered for DAG: example_complex
[2023-03-06T09:34:39.500+0000] {processor.py:753} INFO - DAG(s) dict_keys(['example_complex']) retrieved from /home/airflow/.local/lib/python3.7/site-packages/airflow/example_dags/example_complex.py
[2023-03-06T09:34:39.607+0000] {logging_mixin.py:137} INFO - [2023-03-06T09:34:39.607+0000] {dag.py:2690} INFO - Sync 1 DAGs
[2023-03-06T09:34:39.714+0000] {logging_mixin.py:137} INFO - [2023-03-06T09:34:39.714+0000] {dag.py:3441} INFO - Setting next_dagrun for example_complex to None, run_after=None
[2023-03-06T09:34:39.811+0000] {processor.py:175} INFO - Processing /home/airflow/.local/lib/python3.7/site-packages/airflow/example_dags/example_complex.py took 0.484 seconds
[2023-03-06T09:35:10.101+0000] {processor.py:153} INFO - Started process (PID=1179) to work on /home/airflow/.local/lib/python3.7/site-packages/airflow/example_dags/example_complex.py
[2023-03-06T09:35:10.105+0000] {processor.py:743} INFO - Processing file /home/airflow/.local/lib/python3.7/site-packages/airflow/example_dags/example_complex.py for tasks to queue
[2023-03-06T09:35:10.113+0000] {logging_mixin.py:137} INFO - [2023-03-06T09:35:10.112+0000] {dagbag.py:538} INFO - Filling up the DagBag from /home/airflow/.local/lib/python3.7/site-packages/airflow/example_dags/example_complex.py
[2023-03-06T09:35:10.155+0000] {logging_mixin.py:137} INFO - [2023-03-06T09:35:10.154+0000] {taskmixin.py:205} WARNING - Dependency <Task(BashOperator): create_entry_group>, delete_entry_group already registered for DAG: example_complex
[2023-03-06T09:35:10.158+0000] {logging_mixin.py:137} INFO - [2023-03-06T09:35:10.156+0000] {taskmixin.py:205} WARNING - Dependency <Task(BashOperator): delete_entry_group>, create_entry_group already registered for DAG: example_complex
[2023-03-06T09:35:10.159+0000] {logging_mixin.py:137} INFO - [2023-03-06T09:35:10.159+0000] {taskmixin.py:205} WARNING - Dependency <Task(BashOperator): create_entry_gcs>, delete_entry already registered for DAG: example_complex
[2023-03-06T09:35:10.161+0000] {logging_mixin.py:137} INFO - [2023-03-06T09:35:10.161+0000] {taskmixin.py:205} WARNING - Dependency <Task(BashOperator): delete_entry>, create_entry_gcs already registered for DAG: example_complex
[2023-03-06T09:35:10.165+0000] {logging_mixin.py:137} INFO - [2023-03-06T09:35:10.164+0000] {taskmixin.py:205} WARNING - Dependency <Task(BashOperator): create_tag>, delete_tag already registered for DAG: example_complex
[2023-03-06T09:35:10.167+0000] {logging_mixin.py:137} INFO - [2023-03-06T09:35:10.166+0000] {taskmixin.py:205} WARNING - Dependency <Task(BashOperator): delete_tag>, create_tag already registered for DAG: example_complex
[2023-03-06T09:35:10.194+0000] {processor.py:753} INFO - DAG(s) dict_keys(['example_complex']) retrieved from /home/airflow/.local/lib/python3.7/site-packages/airflow/example_dags/example_complex.py
[2023-03-06T09:35:10.329+0000] {logging_mixin.py:137} INFO - [2023-03-06T09:35:10.327+0000] {dag.py:2690} INFO - Sync 1 DAGs
[2023-03-06T09:35:10.430+0000] {logging_mixin.py:137} INFO - [2023-03-06T09:35:10.430+0000] {dag.py:3441} INFO - Setting next_dagrun for example_complex to None, run_after=None
[2023-03-06T09:35:10.480+0000] {processor.py:175} INFO - Processing /home/airflow/.local/lib/python3.7/site-packages/airflow/example_dags/example_complex.py took 0.392 seconds
[2023-03-06T09:35:40.882+0000] {processor.py:153} INFO - Started process (PID=1242) to work on /home/airflow/.local/lib/python3.7/site-packages/airflow/example_dags/example_complex.py
[2023-03-06T09:35:40.890+0000] {processor.py:743} INFO - Processing file /home/airflow/.local/lib/python3.7/site-packages/airflow/example_dags/example_complex.py for tasks to queue
[2023-03-06T09:35:40.898+0000] {logging_mixin.py:137} INFO - [2023-03-06T09:35:40.897+0000] {dagbag.py:538} INFO - Filling up the DagBag from /home/airflow/.local/lib/python3.7/site-packages/airflow/example_dags/example_complex.py
[2023-03-06T09:35:40.989+0000] {logging_mixin.py:137} INFO - [2023-03-06T09:35:40.989+0000] {taskmixin.py:205} WARNING - Dependency <Task(BashOperator): create_entry_group>, delete_entry_group already registered for DAG: example_complex
[2023-03-06T09:35:40.992+0000] {logging_mixin.py:137} INFO - [2023-03-06T09:35:40.991+0000] {taskmixin.py:205} WARNING - Dependency <Task(BashOperator): delete_entry_group>, create_entry_group already registered for DAG: example_complex
[2023-03-06T09:35:40.995+0000] {logging_mixin.py:137} INFO - [2023-03-06T09:35:40.994+0000] {taskmixin.py:205} WARNING - Dependency <Task(BashOperator): create_entry_gcs>, delete_entry already registered for DAG: example_complex
[2023-03-06T09:35:40.998+0000] {logging_mixin.py:137} INFO - [2023-03-06T09:35:40.997+0000] {taskmixin.py:205} WARNING - Dependency <Task(BashOperator): delete_entry>, create_entry_gcs already registered for DAG: example_complex
[2023-03-06T09:35:41.003+0000] {logging_mixin.py:137} INFO - [2023-03-06T09:35:41.001+0000] {taskmixin.py:205} WARNING - Dependency <Task(BashOperator): create_tag>, delete_tag already registered for DAG: example_complex
[2023-03-06T09:35:41.004+0000] {logging_mixin.py:137} INFO - [2023-03-06T09:35:41.004+0000] {taskmixin.py:205} WARNING - Dependency <Task(BashOperator): delete_tag>, create_tag already registered for DAG: example_complex
[2023-03-06T09:35:41.074+0000] {processor.py:753} INFO - DAG(s) dict_keys(['example_complex']) retrieved from /home/airflow/.local/lib/python3.7/site-packages/airflow/example_dags/example_complex.py
[2023-03-06T09:35:41.286+0000] {logging_mixin.py:137} INFO - [2023-03-06T09:35:41.286+0000] {dag.py:2690} INFO - Sync 1 DAGs
[2023-03-06T09:35:41.381+0000] {logging_mixin.py:137} INFO - [2023-03-06T09:35:41.381+0000] {dag.py:3441} INFO - Setting next_dagrun for example_complex to None, run_after=None
[2023-03-06T09:35:41.458+0000] {processor.py:175} INFO - Processing /home/airflow/.local/lib/python3.7/site-packages/airflow/example_dags/example_complex.py took 0.615 seconds
[2023-03-06T09:36:12.195+0000] {processor.py:153} INFO - Started process (PID=1305) to work on /home/airflow/.local/lib/python3.7/site-packages/airflow/example_dags/example_complex.py
[2023-03-06T09:36:12.197+0000] {processor.py:743} INFO - Processing file /home/airflow/.local/lib/python3.7/site-packages/airflow/example_dags/example_complex.py for tasks to queue
[2023-03-06T09:36:12.200+0000] {logging_mixin.py:137} INFO - [2023-03-06T09:36:12.200+0000] {dagbag.py:538} INFO - Filling up the DagBag from /home/airflow/.local/lib/python3.7/site-packages/airflow/example_dags/example_complex.py
[2023-03-06T09:36:12.240+0000] {logging_mixin.py:137} INFO - [2023-03-06T09:36:12.240+0000] {taskmixin.py:205} WARNING - Dependency <Task(BashOperator): create_entry_group>, delete_entry_group already registered for DAG: example_complex
[2023-03-06T09:36:12.241+0000] {logging_mixin.py:137} INFO - [2023-03-06T09:36:12.241+0000] {taskmixin.py:205} WARNING - Dependency <Task(BashOperator): delete_entry_group>, create_entry_group already registered for DAG: example_complex
[2023-03-06T09:36:12.243+0000] {logging_mixin.py:137} INFO - [2023-03-06T09:36:12.242+0000] {taskmixin.py:205} WARNING - Dependency <Task(BashOperator): create_entry_gcs>, delete_entry already registered for DAG: example_complex
[2023-03-06T09:36:12.244+0000] {logging_mixin.py:137} INFO - [2023-03-06T09:36:12.244+0000] {taskmixin.py:205} WARNING - Dependency <Task(BashOperator): delete_entry>, create_entry_gcs already registered for DAG: example_complex
[2023-03-06T09:36:12.246+0000] {logging_mixin.py:137} INFO - [2023-03-06T09:36:12.246+0000] {taskmixin.py:205} WARNING - Dependency <Task(BashOperator): create_tag>, delete_tag already registered for DAG: example_complex
[2023-03-06T09:36:12.247+0000] {logging_mixin.py:137} INFO - [2023-03-06T09:36:12.247+0000] {taskmixin.py:205} WARNING - Dependency <Task(BashOperator): delete_tag>, create_tag already registered for DAG: example_complex
[2023-03-06T09:36:12.274+0000] {processor.py:753} INFO - DAG(s) dict_keys(['example_complex']) retrieved from /home/airflow/.local/lib/python3.7/site-packages/airflow/example_dags/example_complex.py
[2023-03-06T09:36:12.369+0000] {logging_mixin.py:137} INFO - [2023-03-06T09:36:12.368+0000] {dag.py:2690} INFO - Sync 1 DAGs
[2023-03-06T09:36:12.439+0000] {logging_mixin.py:137} INFO - [2023-03-06T09:36:12.439+0000] {dag.py:3441} INFO - Setting next_dagrun for example_complex to None, run_after=None
[2023-03-06T09:36:12.488+0000] {processor.py:175} INFO - Processing /home/airflow/.local/lib/python3.7/site-packages/airflow/example_dags/example_complex.py took 0.307 seconds
[2023-03-06T09:36:42.663+0000] {processor.py:153} INFO - Started process (PID=1369) to work on /home/airflow/.local/lib/python3.7/site-packages/airflow/example_dags/example_complex.py
[2023-03-06T09:36:42.671+0000] {processor.py:743} INFO - Processing file /home/airflow/.local/lib/python3.7/site-packages/airflow/example_dags/example_complex.py for tasks to queue
[2023-03-06T09:36:42.680+0000] {logging_mixin.py:137} INFO - [2023-03-06T09:36:42.679+0000] {dagbag.py:538} INFO - Filling up the DagBag from /home/airflow/.local/lib/python3.7/site-packages/airflow/example_dags/example_complex.py
[2023-03-06T09:36:42.785+0000] {logging_mixin.py:137} INFO - [2023-03-06T09:36:42.784+0000] {taskmixin.py:205} WARNING - Dependency <Task(BashOperator): create_entry_group>, delete_entry_group already registered for DAG: example_complex
[2023-03-06T09:36:42.790+0000] {logging_mixin.py:137} INFO - [2023-03-06T09:36:42.788+0000] {taskmixin.py:205} WARNING - Dependency <Task(BashOperator): delete_entry_group>, create_entry_group already registered for DAG: example_complex
[2023-03-06T09:36:42.800+0000] {logging_mixin.py:137} INFO - [2023-03-06T09:36:42.800+0000] {taskmixin.py:205} WARNING - Dependency <Task(BashOperator): create_entry_gcs>, delete_entry already registered for DAG: example_complex
[2023-03-06T09:36:42.806+0000] {logging_mixin.py:137} INFO - [2023-03-06T09:36:42.805+0000] {taskmixin.py:205} WARNING - Dependency <Task(BashOperator): delete_entry>, create_entry_gcs already registered for DAG: example_complex
[2023-03-06T09:36:42.825+0000] {logging_mixin.py:137} INFO - [2023-03-06T09:36:42.824+0000] {taskmixin.py:205} WARNING - Dependency <Task(BashOperator): create_tag>, delete_tag already registered for DAG: example_complex
[2023-03-06T09:36:42.835+0000] {logging_mixin.py:137} INFO - [2023-03-06T09:36:42.829+0000] {taskmixin.py:205} WARNING - Dependency <Task(BashOperator): delete_tag>, create_tag already registered for DAG: example_complex
[2023-03-06T09:36:42.875+0000] {processor.py:753} INFO - DAG(s) dict_keys(['example_complex']) retrieved from /home/airflow/.local/lib/python3.7/site-packages/airflow/example_dags/example_complex.py
[2023-03-06T09:36:42.975+0000] {logging_mixin.py:137} INFO - [2023-03-06T09:36:42.975+0000] {dag.py:2690} INFO - Sync 1 DAGs
[2023-03-06T09:36:43.046+0000] {logging_mixin.py:137} INFO - [2023-03-06T09:36:43.046+0000] {dag.py:3441} INFO - Setting next_dagrun for example_complex to None, run_after=None
[2023-03-06T09:36:43.102+0000] {processor.py:175} INFO - Processing /home/airflow/.local/lib/python3.7/site-packages/airflow/example_dags/example_complex.py took 0.471 seconds
[2023-03-06T09:37:13.447+0000] {processor.py:153} INFO - Started process (PID=1433) to work on /home/airflow/.local/lib/python3.7/site-packages/airflow/example_dags/example_complex.py
[2023-03-06T09:37:13.461+0000] {processor.py:743} INFO - Processing file /home/airflow/.local/lib/python3.7/site-packages/airflow/example_dags/example_complex.py for tasks to queue
[2023-03-06T09:37:13.474+0000] {logging_mixin.py:137} INFO - [2023-03-06T09:37:13.473+0000] {dagbag.py:538} INFO - Filling up the DagBag from /home/airflow/.local/lib/python3.7/site-packages/airflow/example_dags/example_complex.py
[2023-03-06T09:37:13.626+0000] {logging_mixin.py:137} INFO - [2023-03-06T09:37:13.625+0000] {taskmixin.py:205} WARNING - Dependency <Task(BashOperator): create_entry_group>, delete_entry_group already registered for DAG: example_complex
[2023-03-06T09:37:13.631+0000] {logging_mixin.py:137} INFO - [2023-03-06T09:37:13.631+0000] {taskmixin.py:205} WARNING - Dependency <Task(BashOperator): delete_entry_group>, create_entry_group already registered for DAG: example_complex
[2023-03-06T09:37:13.642+0000] {logging_mixin.py:137} INFO - [2023-03-06T09:37:13.638+0000] {taskmixin.py:205} WARNING - Dependency <Task(BashOperator): create_entry_gcs>, delete_entry already registered for DAG: example_complex
[2023-03-06T09:37:13.646+0000] {logging_mixin.py:137} INFO - [2023-03-06T09:37:13.645+0000] {taskmixin.py:205} WARNING - Dependency <Task(BashOperator): delete_entry>, create_entry_gcs already registered for DAG: example_complex
[2023-03-06T09:37:13.651+0000] {logging_mixin.py:137} INFO - [2023-03-06T09:37:13.651+0000] {taskmixin.py:205} WARNING - Dependency <Task(BashOperator): create_tag>, delete_tag already registered for DAG: example_complex
[2023-03-06T09:37:13.658+0000] {logging_mixin.py:137} INFO - [2023-03-06T09:37:13.657+0000] {taskmixin.py:205} WARNING - Dependency <Task(BashOperator): delete_tag>, create_tag already registered for DAG: example_complex
[2023-03-06T09:37:13.780+0000] {processor.py:753} INFO - DAG(s) dict_keys(['example_complex']) retrieved from /home/airflow/.local/lib/python3.7/site-packages/airflow/example_dags/example_complex.py
[2023-03-06T09:37:14.006+0000] {logging_mixin.py:137} INFO - [2023-03-06T09:37:14.005+0000] {dag.py:2690} INFO - Sync 1 DAGs
[2023-03-06T09:37:14.137+0000] {logging_mixin.py:137} INFO - [2023-03-06T09:37:14.136+0000] {dag.py:3441} INFO - Setting next_dagrun for example_complex to None, run_after=None
[2023-03-06T09:37:14.243+0000] {processor.py:175} INFO - Processing /home/airflow/.local/lib/python3.7/site-packages/airflow/example_dags/example_complex.py took 0.848 seconds
[2023-03-06T09:37:45.025+0000] {processor.py:153} INFO - Started process (PID=1496) to work on /home/airflow/.local/lib/python3.7/site-packages/airflow/example_dags/example_complex.py
[2023-03-06T09:37:45.030+0000] {processor.py:743} INFO - Processing file /home/airflow/.local/lib/python3.7/site-packages/airflow/example_dags/example_complex.py for tasks to queue
[2023-03-06T09:37:45.036+0000] {logging_mixin.py:137} INFO - [2023-03-06T09:37:45.035+0000] {dagbag.py:538} INFO - Filling up the DagBag from /home/airflow/.local/lib/python3.7/site-packages/airflow/example_dags/example_complex.py
[2023-03-06T09:37:45.131+0000] {logging_mixin.py:137} INFO - [2023-03-06T09:37:45.130+0000] {taskmixin.py:205} WARNING - Dependency <Task(BashOperator): create_entry_group>, delete_entry_group already registered for DAG: example_complex
[2023-03-06T09:37:45.133+0000] {logging_mixin.py:137} INFO - [2023-03-06T09:37:45.132+0000] {taskmixin.py:205} WARNING - Dependency <Task(BashOperator): delete_entry_group>, create_entry_group already registered for DAG: example_complex
[2023-03-06T09:37:45.136+0000] {logging_mixin.py:137} INFO - [2023-03-06T09:37:45.135+0000] {taskmixin.py:205} WARNING - Dependency <Task(BashOperator): create_entry_gcs>, delete_entry already registered for DAG: example_complex
[2023-03-06T09:37:45.137+0000] {logging_mixin.py:137} INFO - [2023-03-06T09:37:45.136+0000] {taskmixin.py:205} WARNING - Dependency <Task(BashOperator): delete_entry>, create_entry_gcs already registered for DAG: example_complex
[2023-03-06T09:37:45.142+0000] {logging_mixin.py:137} INFO - [2023-03-06T09:37:45.141+0000] {taskmixin.py:205} WARNING - Dependency <Task(BashOperator): create_tag>, delete_tag already registered for DAG: example_complex
[2023-03-06T09:37:45.144+0000] {logging_mixin.py:137} INFO - [2023-03-06T09:37:45.144+0000] {taskmixin.py:205} WARNING - Dependency <Task(BashOperator): delete_tag>, create_tag already registered for DAG: example_complex
[2023-03-06T09:37:45.195+0000] {processor.py:753} INFO - DAG(s) dict_keys(['example_complex']) retrieved from /home/airflow/.local/lib/python3.7/site-packages/airflow/example_dags/example_complex.py
[2023-03-06T09:37:45.365+0000] {logging_mixin.py:137} INFO - [2023-03-06T09:37:45.365+0000] {dag.py:2690} INFO - Sync 1 DAGs
[2023-03-06T09:37:45.443+0000] {logging_mixin.py:137} INFO - [2023-03-06T09:37:45.442+0000] {dag.py:3441} INFO - Setting next_dagrun for example_complex to None, run_after=None
[2023-03-06T09:37:45.497+0000] {processor.py:175} INFO - Processing /home/airflow/.local/lib/python3.7/site-packages/airflow/example_dags/example_complex.py took 0.499 seconds
[2023-03-06T09:38:16.131+0000] {processor.py:153} INFO - Started process (PID=1559) to work on /home/airflow/.local/lib/python3.7/site-packages/airflow/example_dags/example_complex.py
[2023-03-06T09:38:16.134+0000] {processor.py:743} INFO - Processing file /home/airflow/.local/lib/python3.7/site-packages/airflow/example_dags/example_complex.py for tasks to queue
[2023-03-06T09:38:16.139+0000] {logging_mixin.py:137} INFO - [2023-03-06T09:38:16.138+0000] {dagbag.py:538} INFO - Filling up the DagBag from /home/airflow/.local/lib/python3.7/site-packages/airflow/example_dags/example_complex.py
[2023-03-06T09:38:16.171+0000] {logging_mixin.py:137} INFO - [2023-03-06T09:38:16.171+0000] {taskmixin.py:205} WARNING - Dependency <Task(BashOperator): create_entry_group>, delete_entry_group already registered for DAG: example_complex
[2023-03-06T09:38:16.172+0000] {logging_mixin.py:137} INFO - [2023-03-06T09:38:16.171+0000] {taskmixin.py:205} WARNING - Dependency <Task(BashOperator): delete_entry_group>, create_entry_group already registered for DAG: example_complex
[2023-03-06T09:38:16.173+0000] {logging_mixin.py:137} INFO - [2023-03-06T09:38:16.173+0000] {taskmixin.py:205} WARNING - Dependency <Task(BashOperator): create_entry_gcs>, delete_entry already registered for DAG: example_complex
[2023-03-06T09:38:16.176+0000] {logging_mixin.py:137} INFO - [2023-03-06T09:38:16.175+0000] {taskmixin.py:205} WARNING - Dependency <Task(BashOperator): delete_entry>, create_entry_gcs already registered for DAG: example_complex
[2023-03-06T09:38:16.179+0000] {logging_mixin.py:137} INFO - [2023-03-06T09:38:16.179+0000] {taskmixin.py:205} WARNING - Dependency <Task(BashOperator): create_tag>, delete_tag already registered for DAG: example_complex
[2023-03-06T09:38:16.181+0000] {logging_mixin.py:137} INFO - [2023-03-06T09:38:16.180+0000] {taskmixin.py:205} WARNING - Dependency <Task(BashOperator): delete_tag>, create_tag already registered for DAG: example_complex
[2023-03-06T09:38:16.199+0000] {processor.py:753} INFO - DAG(s) dict_keys(['example_complex']) retrieved from /home/airflow/.local/lib/python3.7/site-packages/airflow/example_dags/example_complex.py
[2023-03-06T09:38:16.295+0000] {logging_mixin.py:137} INFO - [2023-03-06T09:38:16.295+0000] {dag.py:2690} INFO - Sync 1 DAGs
[2023-03-06T09:38:16.408+0000] {logging_mixin.py:137} INFO - [2023-03-06T09:38:16.408+0000] {dag.py:3441} INFO - Setting next_dagrun for example_complex to None, run_after=None
[2023-03-06T09:38:16.470+0000] {processor.py:175} INFO - Processing /home/airflow/.local/lib/python3.7/site-packages/airflow/example_dags/example_complex.py took 0.347 seconds
[2023-03-06T09:38:46.814+0000] {processor.py:153} INFO - Started process (PID=1621) to work on /home/airflow/.local/lib/python3.7/site-packages/airflow/example_dags/example_complex.py
[2023-03-06T09:38:46.821+0000] {processor.py:743} INFO - Processing file /home/airflow/.local/lib/python3.7/site-packages/airflow/example_dags/example_complex.py for tasks to queue
[2023-03-06T09:38:46.833+0000] {logging_mixin.py:137} INFO - [2023-03-06T09:38:46.831+0000] {dagbag.py:538} INFO - Filling up the DagBag from /home/airflow/.local/lib/python3.7/site-packages/airflow/example_dags/example_complex.py
[2023-03-06T09:38:46.946+0000] {logging_mixin.py:137} INFO - [2023-03-06T09:38:46.945+0000] {taskmixin.py:205} WARNING - Dependency <Task(BashOperator): create_entry_group>, delete_entry_group already registered for DAG: example_complex
[2023-03-06T09:38:46.952+0000] {logging_mixin.py:137} INFO - [2023-03-06T09:38:46.948+0000] {taskmixin.py:205} WARNING - Dependency <Task(BashOperator): delete_entry_group>, create_entry_group already registered for DAG: example_complex
[2023-03-06T09:38:46.959+0000] {logging_mixin.py:137} INFO - [2023-03-06T09:38:46.957+0000] {taskmixin.py:205} WARNING - Dependency <Task(BashOperator): create_entry_gcs>, delete_entry already registered for DAG: example_complex
[2023-03-06T09:38:46.966+0000] {logging_mixin.py:137} INFO - [2023-03-06T09:38:46.963+0000] {taskmixin.py:205} WARNING - Dependency <Task(BashOperator): delete_entry>, create_entry_gcs already registered for DAG: example_complex
[2023-03-06T09:38:46.974+0000] {logging_mixin.py:137} INFO - [2023-03-06T09:38:46.972+0000] {taskmixin.py:205} WARNING - Dependency <Task(BashOperator): create_tag>, delete_tag already registered for DAG: example_complex
[2023-03-06T09:38:46.977+0000] {logging_mixin.py:137} INFO - [2023-03-06T09:38:46.976+0000] {taskmixin.py:205} WARNING - Dependency <Task(BashOperator): delete_tag>, create_tag already registered for DAG: example_complex
[2023-03-06T09:38:47.038+0000] {processor.py:753} INFO - DAG(s) dict_keys(['example_complex']) retrieved from /home/airflow/.local/lib/python3.7/site-packages/airflow/example_dags/example_complex.py
[2023-03-06T09:38:47.260+0000] {logging_mixin.py:137} INFO - [2023-03-06T09:38:47.260+0000] {dag.py:2690} INFO - Sync 1 DAGs
[2023-03-06T09:38:47.346+0000] {logging_mixin.py:137} INFO - [2023-03-06T09:38:47.346+0000] {dag.py:3441} INFO - Setting next_dagrun for example_complex to None, run_after=None
[2023-03-06T09:38:47.408+0000] {processor.py:175} INFO - Processing /home/airflow/.local/lib/python3.7/site-packages/airflow/example_dags/example_complex.py took 0.623 seconds
[2023-03-06T09:39:17.629+0000] {processor.py:153} INFO - Started process (PID=1684) to work on /home/airflow/.local/lib/python3.7/site-packages/airflow/example_dags/example_complex.py
[2023-03-06T09:39:17.641+0000] {processor.py:743} INFO - Processing file /home/airflow/.local/lib/python3.7/site-packages/airflow/example_dags/example_complex.py for tasks to queue
[2023-03-06T09:39:17.660+0000] {logging_mixin.py:137} INFO - [2023-03-06T09:39:17.658+0000] {dagbag.py:538} INFO - Filling up the DagBag from /home/airflow/.local/lib/python3.7/site-packages/airflow/example_dags/example_complex.py
[2023-03-06T09:39:17.763+0000] {logging_mixin.py:137} INFO - [2023-03-06T09:39:17.762+0000] {taskmixin.py:205} WARNING - Dependency <Task(BashOperator): create_entry_group>, delete_entry_group already registered for DAG: example_complex
[2023-03-06T09:39:17.765+0000] {logging_mixin.py:137} INFO - [2023-03-06T09:39:17.765+0000] {taskmixin.py:205} WARNING - Dependency <Task(BashOperator): delete_entry_group>, create_entry_group already registered for DAG: example_complex
[2023-03-06T09:39:17.767+0000] {logging_mixin.py:137} INFO - [2023-03-06T09:39:17.766+0000] {taskmixin.py:205} WARNING - Dependency <Task(BashOperator): create_entry_gcs>, delete_entry already registered for DAG: example_complex
[2023-03-06T09:39:17.767+0000] {logging_mixin.py:137} INFO - [2023-03-06T09:39:17.767+0000] {taskmixin.py:205} WARNING - Dependency <Task(BashOperator): delete_entry>, create_entry_gcs already registered for DAG: example_complex
[2023-03-06T09:39:17.770+0000] {logging_mixin.py:137} INFO - [2023-03-06T09:39:17.769+0000] {taskmixin.py:205} WARNING - Dependency <Task(BashOperator): create_tag>, delete_tag already registered for DAG: example_complex
[2023-03-06T09:39:17.774+0000] {logging_mixin.py:137} INFO - [2023-03-06T09:39:17.774+0000] {taskmixin.py:205} WARNING - Dependency <Task(BashOperator): delete_tag>, create_tag already registered for DAG: example_complex
[2023-03-06T09:39:17.793+0000] {processor.py:753} INFO - DAG(s) dict_keys(['example_complex']) retrieved from /home/airflow/.local/lib/python3.7/site-packages/airflow/example_dags/example_complex.py
[2023-03-06T09:39:17.889+0000] {logging_mixin.py:137} INFO - [2023-03-06T09:39:17.889+0000] {dag.py:2690} INFO - Sync 1 DAGs
[2023-03-06T09:39:17.954+0000] {logging_mixin.py:137} INFO - [2023-03-06T09:39:17.954+0000] {dag.py:3441} INFO - Setting next_dagrun for example_complex to None, run_after=None
[2023-03-06T09:39:18.008+0000] {processor.py:175} INFO - Processing /home/airflow/.local/lib/python3.7/site-packages/airflow/example_dags/example_complex.py took 0.407 seconds
[2023-03-06T09:39:48.227+0000] {processor.py:153} INFO - Started process (PID=1748) to work on /home/airflow/.local/lib/python3.7/site-packages/airflow/example_dags/example_complex.py
[2023-03-06T09:39:48.234+0000] {processor.py:743} INFO - Processing file /home/airflow/.local/lib/python3.7/site-packages/airflow/example_dags/example_complex.py for tasks to queue
[2023-03-06T09:39:48.237+0000] {logging_mixin.py:137} INFO - [2023-03-06T09:39:48.237+0000] {dagbag.py:538} INFO - Filling up the DagBag from /home/airflow/.local/lib/python3.7/site-packages/airflow/example_dags/example_complex.py
[2023-03-06T09:39:48.270+0000] {logging_mixin.py:137} INFO - [2023-03-06T09:39:48.270+0000] {taskmixin.py:205} WARNING - Dependency <Task(BashOperator): create_entry_group>, delete_entry_group already registered for DAG: example_complex
[2023-03-06T09:39:48.273+0000] {logging_mixin.py:137} INFO - [2023-03-06T09:39:48.272+0000] {taskmixin.py:205} WARNING - Dependency <Task(BashOperator): delete_entry_group>, create_entry_group already registered for DAG: example_complex
[2023-03-06T09:39:48.275+0000] {logging_mixin.py:137} INFO - [2023-03-06T09:39:48.274+0000] {taskmixin.py:205} WARNING - Dependency <Task(BashOperator): create_entry_gcs>, delete_entry already registered for DAG: example_complex
[2023-03-06T09:39:48.278+0000] {logging_mixin.py:137} INFO - [2023-03-06T09:39:48.277+0000] {taskmixin.py:205} WARNING - Dependency <Task(BashOperator): delete_entry>, create_entry_gcs already registered for DAG: example_complex
[2023-03-06T09:39:48.281+0000] {logging_mixin.py:137} INFO - [2023-03-06T09:39:48.280+0000] {taskmixin.py:205} WARNING - Dependency <Task(BashOperator): create_tag>, delete_tag already registered for DAG: example_complex
[2023-03-06T09:39:48.283+0000] {logging_mixin.py:137} INFO - [2023-03-06T09:39:48.283+0000] {taskmixin.py:205} WARNING - Dependency <Task(BashOperator): delete_tag>, create_tag already registered for DAG: example_complex
[2023-03-06T09:39:48.311+0000] {processor.py:753} INFO - DAG(s) dict_keys(['example_complex']) retrieved from /home/airflow/.local/lib/python3.7/site-packages/airflow/example_dags/example_complex.py
[2023-03-06T09:39:48.406+0000] {logging_mixin.py:137} INFO - [2023-03-06T09:39:48.406+0000] {dag.py:2690} INFO - Sync 1 DAGs
[2023-03-06T09:39:48.507+0000] {logging_mixin.py:137} INFO - [2023-03-06T09:39:48.507+0000] {dag.py:3441} INFO - Setting next_dagrun for example_complex to None, run_after=None
[2023-03-06T09:39:48.563+0000] {processor.py:175} INFO - Processing /home/airflow/.local/lib/python3.7/site-packages/airflow/example_dags/example_complex.py took 0.349 seconds
[2023-03-06T09:40:19.065+0000] {processor.py:153} INFO - Started process (PID=1811) to work on /home/airflow/.local/lib/python3.7/site-packages/airflow/example_dags/example_complex.py
[2023-03-06T09:40:19.068+0000] {processor.py:743} INFO - Processing file /home/airflow/.local/lib/python3.7/site-packages/airflow/example_dags/example_complex.py for tasks to queue
[2023-03-06T09:40:19.073+0000] {logging_mixin.py:137} INFO - [2023-03-06T09:40:19.073+0000] {dagbag.py:538} INFO - Filling up the DagBag from /home/airflow/.local/lib/python3.7/site-packages/airflow/example_dags/example_complex.py
[2023-03-06T09:40:19.112+0000] {logging_mixin.py:137} INFO - [2023-03-06T09:40:19.111+0000] {taskmixin.py:205} WARNING - Dependency <Task(BashOperator): create_entry_group>, delete_entry_group already registered for DAG: example_complex
[2023-03-06T09:40:19.112+0000] {logging_mixin.py:137} INFO - [2023-03-06T09:40:19.112+0000] {taskmixin.py:205} WARNING - Dependency <Task(BashOperator): delete_entry_group>, create_entry_group already registered for DAG: example_complex
[2023-03-06T09:40:19.117+0000] {logging_mixin.py:137} INFO - [2023-03-06T09:40:19.114+0000] {taskmixin.py:205} WARNING - Dependency <Task(BashOperator): create_entry_gcs>, delete_entry already registered for DAG: example_complex
[2023-03-06T09:40:19.121+0000] {logging_mixin.py:137} INFO - [2023-03-06T09:40:19.119+0000] {taskmixin.py:205} WARNING - Dependency <Task(BashOperator): delete_entry>, create_entry_gcs already registered for DAG: example_complex
[2023-03-06T09:40:19.124+0000] {logging_mixin.py:137} INFO - [2023-03-06T09:40:19.123+0000] {taskmixin.py:205} WARNING - Dependency <Task(BashOperator): create_tag>, delete_tag already registered for DAG: example_complex
[2023-03-06T09:40:19.125+0000] {logging_mixin.py:137} INFO - [2023-03-06T09:40:19.124+0000] {taskmixin.py:205} WARNING - Dependency <Task(BashOperator): delete_tag>, create_tag already registered for DAG: example_complex
[2023-03-06T09:40:19.150+0000] {processor.py:753} INFO - DAG(s) dict_keys(['example_complex']) retrieved from /home/airflow/.local/lib/python3.7/site-packages/airflow/example_dags/example_complex.py
[2023-03-06T09:40:19.236+0000] {logging_mixin.py:137} INFO - [2023-03-06T09:40:19.236+0000] {dag.py:2690} INFO - Sync 1 DAGs
[2023-03-06T09:40:19.340+0000] {logging_mixin.py:137} INFO - [2023-03-06T09:40:19.340+0000] {dag.py:3441} INFO - Setting next_dagrun for example_complex to None, run_after=None
[2023-03-06T09:40:19.403+0000] {processor.py:175} INFO - Processing /home/airflow/.local/lib/python3.7/site-packages/airflow/example_dags/example_complex.py took 0.349 seconds
[2023-03-06T09:40:50.128+0000] {processor.py:153} INFO - Started process (PID=1874) to work on /home/airflow/.local/lib/python3.7/site-packages/airflow/example_dags/example_complex.py
[2023-03-06T09:40:50.131+0000] {processor.py:743} INFO - Processing file /home/airflow/.local/lib/python3.7/site-packages/airflow/example_dags/example_complex.py for tasks to queue
[2023-03-06T09:40:50.136+0000] {logging_mixin.py:137} INFO - [2023-03-06T09:40:50.135+0000] {dagbag.py:538} INFO - Filling up the DagBag from /home/airflow/.local/lib/python3.7/site-packages/airflow/example_dags/example_complex.py
[2023-03-06T09:40:50.183+0000] {logging_mixin.py:137} INFO - [2023-03-06T09:40:50.183+0000] {taskmixin.py:205} WARNING - Dependency <Task(BashOperator): create_entry_group>, delete_entry_group already registered for DAG: example_complex
[2023-03-06T09:40:50.185+0000] {logging_mixin.py:137} INFO - [2023-03-06T09:40:50.184+0000] {taskmixin.py:205} WARNING - Dependency <Task(BashOperator): delete_entry_group>, create_entry_group already registered for DAG: example_complex
[2023-03-06T09:40:50.187+0000] {logging_mixin.py:137} INFO - [2023-03-06T09:40:50.186+0000] {taskmixin.py:205} WARNING - Dependency <Task(BashOperator): create_entry_gcs>, delete_entry already registered for DAG: example_complex
[2023-03-06T09:40:50.190+0000] {logging_mixin.py:137} INFO - [2023-03-06T09:40:50.189+0000] {taskmixin.py:205} WARNING - Dependency <Task(BashOperator): delete_entry>, create_entry_gcs already registered for DAG: example_complex
[2023-03-06T09:40:50.199+0000] {logging_mixin.py:137} INFO - [2023-03-06T09:40:50.199+0000] {taskmixin.py:205} WARNING - Dependency <Task(BashOperator): create_tag>, delete_tag already registered for DAG: example_complex
[2023-03-06T09:40:50.200+0000] {logging_mixin.py:137} INFO - [2023-03-06T09:40:50.200+0000] {taskmixin.py:205} WARNING - Dependency <Task(BashOperator): delete_tag>, create_tag already registered for DAG: example_complex
[2023-03-06T09:40:50.251+0000] {processor.py:753} INFO - DAG(s) dict_keys(['example_complex']) retrieved from /home/airflow/.local/lib/python3.7/site-packages/airflow/example_dags/example_complex.py
[2023-03-06T09:40:50.350+0000] {logging_mixin.py:137} INFO - [2023-03-06T09:40:50.350+0000] {dag.py:2690} INFO - Sync 1 DAGs
[2023-03-06T09:40:50.443+0000] {logging_mixin.py:137} INFO - [2023-03-06T09:40:50.443+0000] {dag.py:3441} INFO - Setting next_dagrun for example_complex to None, run_after=None
[2023-03-06T09:40:50.509+0000] {processor.py:175} INFO - Processing /home/airflow/.local/lib/python3.7/site-packages/airflow/example_dags/example_complex.py took 0.397 seconds
[2023-03-06T09:41:20.697+0000] {processor.py:153} INFO - Started process (PID=1938) to work on /home/airflow/.local/lib/python3.7/site-packages/airflow/example_dags/example_complex.py
[2023-03-06T09:41:20.701+0000] {processor.py:743} INFO - Processing file /home/airflow/.local/lib/python3.7/site-packages/airflow/example_dags/example_complex.py for tasks to queue
[2023-03-06T09:41:20.706+0000] {logging_mixin.py:137} INFO - [2023-03-06T09:41:20.705+0000] {dagbag.py:538} INFO - Filling up the DagBag from /home/airflow/.local/lib/python3.7/site-packages/airflow/example_dags/example_complex.py
[2023-03-06T09:41:20.744+0000] {logging_mixin.py:137} INFO - [2023-03-06T09:41:20.744+0000] {taskmixin.py:205} WARNING - Dependency <Task(BashOperator): create_entry_group>, delete_entry_group already registered for DAG: example_complex
[2023-03-06T09:41:20.749+0000] {logging_mixin.py:137} INFO - [2023-03-06T09:41:20.746+0000] {taskmixin.py:205} WARNING - Dependency <Task(BashOperator): delete_entry_group>, create_entry_group already registered for DAG: example_complex
[2023-03-06T09:41:20.753+0000] {logging_mixin.py:137} INFO - [2023-03-06T09:41:20.752+0000] {taskmixin.py:205} WARNING - Dependency <Task(BashOperator): create_entry_gcs>, delete_entry already registered for DAG: example_complex
[2023-03-06T09:41:20.754+0000] {logging_mixin.py:137} INFO - [2023-03-06T09:41:20.753+0000] {taskmixin.py:205} WARNING - Dependency <Task(BashOperator): delete_entry>, create_entry_gcs already registered for DAG: example_complex
[2023-03-06T09:41:20.758+0000] {logging_mixin.py:137} INFO - [2023-03-06T09:41:20.758+0000] {taskmixin.py:205} WARNING - Dependency <Task(BashOperator): create_tag>, delete_tag already registered for DAG: example_complex
[2023-03-06T09:41:20.760+0000] {logging_mixin.py:137} INFO - [2023-03-06T09:41:20.759+0000] {taskmixin.py:205} WARNING - Dependency <Task(BashOperator): delete_tag>, create_tag already registered for DAG: example_complex
[2023-03-06T09:41:20.786+0000] {processor.py:753} INFO - DAG(s) dict_keys(['example_complex']) retrieved from /home/airflow/.local/lib/python3.7/site-packages/airflow/example_dags/example_complex.py
[2023-03-06T09:41:20.890+0000] {logging_mixin.py:137} INFO - [2023-03-06T09:41:20.889+0000] {dag.py:2690} INFO - Sync 1 DAGs
[2023-03-06T09:41:20.978+0000] {logging_mixin.py:137} INFO - [2023-03-06T09:41:20.977+0000] {dag.py:3441} INFO - Setting next_dagrun for example_complex to None, run_after=None
[2023-03-06T09:41:21.040+0000] {processor.py:175} INFO - Processing /home/airflow/.local/lib/python3.7/site-packages/airflow/example_dags/example_complex.py took 0.357 seconds
