[2023-03-06T09:26:03.075+0000] {processor.py:153} INFO - Started process (PID=75) to work on /home/airflow/.local/lib/python3.7/site-packages/airflow/example_dags/example_datasets.py
[2023-03-06T09:26:03.078+0000] {processor.py:743} INFO - Processing file /home/airflow/.local/lib/python3.7/site-packages/airflow/example_dags/example_datasets.py for tasks to queue
[2023-03-06T09:26:03.083+0000] {logging_mixin.py:137} INFO - [2023-03-06T09:26:03.081+0000] {dagbag.py:538} INFO - Filling up the DagBag from /home/airflow/.local/lib/python3.7/site-packages/airflow/example_dags/example_datasets.py
[2023-03-06T09:26:03.161+0000] {processor.py:753} INFO - DAG(s) dict_keys(['dataset_consumes_1', 'dataset_produces_1', 'dataset_consumes_unknown_never_scheduled', 'dataset_consumes_1_never_scheduled', 'dataset_produces_2', 'dataset_consumes_1_and_2']) retrieved from /home/airflow/.local/lib/python3.7/site-packages/airflow/example_dags/example_datasets.py
[2023-03-06T09:26:03.780+0000] {logging_mixin.py:137} INFO - [2023-03-06T09:26:03.780+0000] {dag.py:2690} INFO - Sync 6 DAGs
[2023-03-06T09:26:03.843+0000] {logging_mixin.py:137} INFO - [2023-03-06T09:26:03.842+0000] {dag.py:3441} INFO - Setting next_dagrun for dataset_consumes_1 to None, run_after=None
[2023-03-06T09:26:03.860+0000] {logging_mixin.py:137} INFO - [2023-03-06T09:26:03.860+0000] {dag.py:3441} INFO - Setting next_dagrun for dataset_consumes_1_and_2 to None, run_after=None
[2023-03-06T09:26:03.870+0000] {logging_mixin.py:137} INFO - [2023-03-06T09:26:03.870+0000] {dag.py:3441} INFO - Setting next_dagrun for dataset_consumes_1_never_scheduled to None, run_after=None
[2023-03-06T09:26:03.876+0000] {logging_mixin.py:137} INFO - [2023-03-06T09:26:03.876+0000] {dag.py:3441} INFO - Setting next_dagrun for dataset_consumes_unknown_never_scheduled to None, run_after=None
[2023-03-06T09:26:03.886+0000] {logging_mixin.py:137} INFO - [2023-03-06T09:26:03.885+0000] {dag.py:3441} INFO - Setting next_dagrun for dataset_produces_1 to 2023-03-05T00:00:00+00:00, run_after=2023-03-06T00:00:00+00:00
[2023-03-06T09:26:03.894+0000] {logging_mixin.py:137} INFO - [2023-03-06T09:26:03.894+0000] {dag.py:3441} INFO - Setting next_dagrun for dataset_produces_2 to None, run_after=None
[2023-03-06T09:26:04.102+0000] {processor.py:175} INFO - Processing /home/airflow/.local/lib/python3.7/site-packages/airflow/example_dags/example_datasets.py took 1.051 seconds
[2023-03-06T09:26:34.351+0000] {processor.py:153} INFO - Started process (PID=136) to work on /home/airflow/.local/lib/python3.7/site-packages/airflow/example_dags/example_datasets.py
[2023-03-06T09:26:34.354+0000] {processor.py:743} INFO - Processing file /home/airflow/.local/lib/python3.7/site-packages/airflow/example_dags/example_datasets.py for tasks to queue
[2023-03-06T09:26:34.357+0000] {logging_mixin.py:137} INFO - [2023-03-06T09:26:34.356+0000] {dagbag.py:538} INFO - Filling up the DagBag from /home/airflow/.local/lib/python3.7/site-packages/airflow/example_dags/example_datasets.py
[2023-03-06T09:26:34.415+0000] {processor.py:753} INFO - DAG(s) dict_keys(['dataset_produces_1', 'dataset_consumes_1', 'dataset_consumes_unknown_never_scheduled', 'dataset_consumes_1_never_scheduled', 'dataset_consumes_1_and_2', 'dataset_produces_2']) retrieved from /home/airflow/.local/lib/python3.7/site-packages/airflow/example_dags/example_datasets.py
[2023-03-06T09:26:34.550+0000] {logging_mixin.py:137} INFO - [2023-03-06T09:26:34.550+0000] {dag.py:2690} INFO - Sync 6 DAGs
[2023-03-06T09:26:34.643+0000] {logging_mixin.py:137} INFO - [2023-03-06T09:26:34.643+0000] {dag.py:3441} INFO - Setting next_dagrun for dataset_consumes_1 to None, run_after=None
[2023-03-06T09:26:34.656+0000] {logging_mixin.py:137} INFO - [2023-03-06T09:26:34.656+0000] {dag.py:3441} INFO - Setting next_dagrun for dataset_consumes_1_and_2 to None, run_after=None
[2023-03-06T09:26:34.661+0000] {logging_mixin.py:137} INFO - [2023-03-06T09:26:34.661+0000] {dag.py:3441} INFO - Setting next_dagrun for dataset_consumes_1_never_scheduled to None, run_after=None
[2023-03-06T09:26:34.666+0000] {logging_mixin.py:137} INFO - [2023-03-06T09:26:34.666+0000] {dag.py:3441} INFO - Setting next_dagrun for dataset_consumes_unknown_never_scheduled to None, run_after=None
[2023-03-06T09:26:34.678+0000] {logging_mixin.py:137} INFO - [2023-03-06T09:26:34.678+0000] {dag.py:3441} INFO - Setting next_dagrun for dataset_produces_1 to 2023-03-05T00:00:00+00:00, run_after=2023-03-06T00:00:00+00:00
[2023-03-06T09:26:34.683+0000] {logging_mixin.py:137} INFO - [2023-03-06T09:26:34.683+0000] {dag.py:3441} INFO - Setting next_dagrun for dataset_produces_2 to None, run_after=None
[2023-03-06T09:26:34.923+0000] {processor.py:175} INFO - Processing /home/airflow/.local/lib/python3.7/site-packages/airflow/example_dags/example_datasets.py took 0.585 seconds
[2023-03-06T09:27:05.547+0000] {processor.py:153} INFO - Started process (PID=200) to work on /home/airflow/.local/lib/python3.7/site-packages/airflow/example_dags/example_datasets.py
[2023-03-06T09:27:05.550+0000] {processor.py:743} INFO - Processing file /home/airflow/.local/lib/python3.7/site-packages/airflow/example_dags/example_datasets.py for tasks to queue
[2023-03-06T09:27:05.555+0000] {logging_mixin.py:137} INFO - [2023-03-06T09:27:05.554+0000] {dagbag.py:538} INFO - Filling up the DagBag from /home/airflow/.local/lib/python3.7/site-packages/airflow/example_dags/example_datasets.py
[2023-03-06T09:27:05.633+0000] {processor.py:753} INFO - DAG(s) dict_keys(['dataset_consumes_1', 'dataset_produces_1', 'dataset_produces_2', 'dataset_consumes_1_never_scheduled', 'dataset_consumes_unknown_never_scheduled', 'dataset_consumes_1_and_2']) retrieved from /home/airflow/.local/lib/python3.7/site-packages/airflow/example_dags/example_datasets.py
[2023-03-06T09:27:05.740+0000] {logging_mixin.py:137} INFO - [2023-03-06T09:27:05.740+0000] {dag.py:2690} INFO - Sync 6 DAGs
[2023-03-06T09:27:05.838+0000] {logging_mixin.py:137} INFO - [2023-03-06T09:27:05.838+0000] {dag.py:3441} INFO - Setting next_dagrun for dataset_consumes_1 to None, run_after=None
[2023-03-06T09:27:05.876+0000] {logging_mixin.py:137} INFO - [2023-03-06T09:27:05.876+0000] {dag.py:3441} INFO - Setting next_dagrun for dataset_consumes_1_and_2 to None, run_after=None
[2023-03-06T09:27:05.883+0000] {logging_mixin.py:137} INFO - [2023-03-06T09:27:05.883+0000] {dag.py:3441} INFO - Setting next_dagrun for dataset_consumes_1_never_scheduled to None, run_after=None
[2023-03-06T09:27:05.891+0000] {logging_mixin.py:137} INFO - [2023-03-06T09:27:05.890+0000] {dag.py:3441} INFO - Setting next_dagrun for dataset_consumes_unknown_never_scheduled to None, run_after=None
[2023-03-06T09:27:05.901+0000] {logging_mixin.py:137} INFO - [2023-03-06T09:27:05.900+0000] {dag.py:3441} INFO - Setting next_dagrun for dataset_produces_1 to 2023-03-05T00:00:00+00:00, run_after=2023-03-06T00:00:00+00:00
[2023-03-06T09:27:05.906+0000] {logging_mixin.py:137} INFO - [2023-03-06T09:27:05.906+0000] {dag.py:3441} INFO - Setting next_dagrun for dataset_produces_2 to None, run_after=None
[2023-03-06T09:27:06.186+0000] {processor.py:175} INFO - Processing /home/airflow/.local/lib/python3.7/site-packages/airflow/example_dags/example_datasets.py took 0.648 seconds
[2023-03-06T09:27:36.307+0000] {processor.py:153} INFO - Started process (PID=263) to work on /home/airflow/.local/lib/python3.7/site-packages/airflow/example_dags/example_datasets.py
[2023-03-06T09:27:36.310+0000] {processor.py:743} INFO - Processing file /home/airflow/.local/lib/python3.7/site-packages/airflow/example_dags/example_datasets.py for tasks to queue
[2023-03-06T09:27:36.314+0000] {logging_mixin.py:137} INFO - [2023-03-06T09:27:36.313+0000] {dagbag.py:538} INFO - Filling up the DagBag from /home/airflow/.local/lib/python3.7/site-packages/airflow/example_dags/example_datasets.py
[2023-03-06T09:27:36.371+0000] {processor.py:753} INFO - DAG(s) dict_keys(['dataset_consumes_unknown_never_scheduled', 'dataset_consumes_1_never_scheduled', 'dataset_produces_2', 'dataset_consumes_1', 'dataset_consumes_1_and_2', 'dataset_produces_1']) retrieved from /home/airflow/.local/lib/python3.7/site-packages/airflow/example_dags/example_datasets.py
[2023-03-06T09:27:36.520+0000] {logging_mixin.py:137} INFO - [2023-03-06T09:27:36.519+0000] {dag.py:2690} INFO - Sync 6 DAGs
[2023-03-06T09:27:36.594+0000] {logging_mixin.py:137} INFO - [2023-03-06T09:27:36.593+0000] {dag.py:3441} INFO - Setting next_dagrun for dataset_consumes_1 to None, run_after=None
[2023-03-06T09:27:36.605+0000] {logging_mixin.py:137} INFO - [2023-03-06T09:27:36.605+0000] {dag.py:3441} INFO - Setting next_dagrun for dataset_consumes_1_and_2 to None, run_after=None
[2023-03-06T09:27:36.610+0000] {logging_mixin.py:137} INFO - [2023-03-06T09:27:36.609+0000] {dag.py:3441} INFO - Setting next_dagrun for dataset_consumes_1_never_scheduled to None, run_after=None
[2023-03-06T09:27:36.614+0000] {logging_mixin.py:137} INFO - [2023-03-06T09:27:36.614+0000] {dag.py:3441} INFO - Setting next_dagrun for dataset_consumes_unknown_never_scheduled to None, run_after=None
[2023-03-06T09:27:36.624+0000] {logging_mixin.py:137} INFO - [2023-03-06T09:27:36.623+0000] {dag.py:3441} INFO - Setting next_dagrun for dataset_produces_1 to 2023-03-05T00:00:00+00:00, run_after=2023-03-06T00:00:00+00:00
[2023-03-06T09:27:36.628+0000] {logging_mixin.py:137} INFO - [2023-03-06T09:27:36.628+0000] {dag.py:3441} INFO - Setting next_dagrun for dataset_produces_2 to None, run_after=None
[2023-03-06T09:27:36.785+0000] {processor.py:175} INFO - Processing /home/airflow/.local/lib/python3.7/site-packages/airflow/example_dags/example_datasets.py took 0.490 seconds
[2023-03-06T09:28:06.949+0000] {processor.py:153} INFO - Started process (PID=329) to work on /home/airflow/.local/lib/python3.7/site-packages/airflow/example_dags/example_datasets.py
[2023-03-06T09:28:06.952+0000] {processor.py:743} INFO - Processing file /home/airflow/.local/lib/python3.7/site-packages/airflow/example_dags/example_datasets.py for tasks to queue
[2023-03-06T09:28:06.956+0000] {logging_mixin.py:137} INFO - [2023-03-06T09:28:06.955+0000] {dagbag.py:538} INFO - Filling up the DagBag from /home/airflow/.local/lib/python3.7/site-packages/airflow/example_dags/example_datasets.py
[2023-03-06T09:28:07.010+0000] {processor.py:753} INFO - DAG(s) dict_keys(['dataset_produces_2', 'dataset_consumes_1', 'dataset_produces_1', 'dataset_consumes_1_never_scheduled', 'dataset_consumes_1_and_2', 'dataset_consumes_unknown_never_scheduled']) retrieved from /home/airflow/.local/lib/python3.7/site-packages/airflow/example_dags/example_datasets.py
[2023-03-06T09:28:07.123+0000] {logging_mixin.py:137} INFO - [2023-03-06T09:28:07.122+0000] {dag.py:2690} INFO - Sync 6 DAGs
[2023-03-06T09:28:07.215+0000] {logging_mixin.py:137} INFO - [2023-03-06T09:28:07.215+0000] {dag.py:3441} INFO - Setting next_dagrun for dataset_consumes_1 to None, run_after=None
[2023-03-06T09:28:07.226+0000] {logging_mixin.py:137} INFO - [2023-03-06T09:28:07.226+0000] {dag.py:3441} INFO - Setting next_dagrun for dataset_consumes_1_and_2 to None, run_after=None
[2023-03-06T09:28:07.231+0000] {logging_mixin.py:137} INFO - [2023-03-06T09:28:07.230+0000] {dag.py:3441} INFO - Setting next_dagrun for dataset_consumes_1_never_scheduled to None, run_after=None
[2023-03-06T09:28:07.236+0000] {logging_mixin.py:137} INFO - [2023-03-06T09:28:07.235+0000] {dag.py:3441} INFO - Setting next_dagrun for dataset_consumes_unknown_never_scheduled to None, run_after=None
[2023-03-06T09:28:07.250+0000] {logging_mixin.py:137} INFO - [2023-03-06T09:28:07.249+0000] {dag.py:3441} INFO - Setting next_dagrun for dataset_produces_1 to 2023-03-05T00:00:00+00:00, run_after=2023-03-06T00:00:00+00:00
[2023-03-06T09:28:07.255+0000] {logging_mixin.py:137} INFO - [2023-03-06T09:28:07.255+0000] {dag.py:3441} INFO - Setting next_dagrun for dataset_produces_2 to None, run_after=None
[2023-03-06T09:28:07.340+0000] {processor.py:175} INFO - Processing /home/airflow/.local/lib/python3.7/site-packages/airflow/example_dags/example_datasets.py took 0.399 seconds
[2023-03-06T09:28:37.597+0000] {processor.py:153} INFO - Started process (PID=391) to work on /home/airflow/.local/lib/python3.7/site-packages/airflow/example_dags/example_datasets.py
[2023-03-06T09:28:37.599+0000] {processor.py:743} INFO - Processing file /home/airflow/.local/lib/python3.7/site-packages/airflow/example_dags/example_datasets.py for tasks to queue
[2023-03-06T09:28:37.603+0000] {logging_mixin.py:137} INFO - [2023-03-06T09:28:37.602+0000] {dagbag.py:538} INFO - Filling up the DagBag from /home/airflow/.local/lib/python3.7/site-packages/airflow/example_dags/example_datasets.py
[2023-03-06T09:28:37.658+0000] {processor.py:753} INFO - DAG(s) dict_keys(['dataset_produces_2', 'dataset_consumes_1_and_2', 'dataset_consumes_1_never_scheduled', 'dataset_consumes_unknown_never_scheduled', 'dataset_consumes_1', 'dataset_produces_1']) retrieved from /home/airflow/.local/lib/python3.7/site-packages/airflow/example_dags/example_datasets.py
[2023-03-06T09:28:37.809+0000] {logging_mixin.py:137} INFO - [2023-03-06T09:28:37.809+0000] {dag.py:2690} INFO - Sync 6 DAGs
[2023-03-06T09:28:37.893+0000] {logging_mixin.py:137} INFO - [2023-03-06T09:28:37.893+0000] {dag.py:3441} INFO - Setting next_dagrun for dataset_consumes_1 to None, run_after=None
[2023-03-06T09:28:37.902+0000] {logging_mixin.py:137} INFO - [2023-03-06T09:28:37.902+0000] {dag.py:3441} INFO - Setting next_dagrun for dataset_consumes_1_and_2 to None, run_after=None
[2023-03-06T09:28:37.907+0000] {logging_mixin.py:137} INFO - [2023-03-06T09:28:37.907+0000] {dag.py:3441} INFO - Setting next_dagrun for dataset_consumes_1_never_scheduled to None, run_after=None
[2023-03-06T09:28:37.910+0000] {logging_mixin.py:137} INFO - [2023-03-06T09:28:37.910+0000] {dag.py:3441} INFO - Setting next_dagrun for dataset_consumes_unknown_never_scheduled to None, run_after=None
[2023-03-06T09:28:37.918+0000] {logging_mixin.py:137} INFO - [2023-03-06T09:28:37.918+0000] {dag.py:3441} INFO - Setting next_dagrun for dataset_produces_1 to 2023-03-05T00:00:00+00:00, run_after=2023-03-06T00:00:00+00:00
[2023-03-06T09:28:37.922+0000] {logging_mixin.py:137} INFO - [2023-03-06T09:28:37.922+0000] {dag.py:3441} INFO - Setting next_dagrun for dataset_produces_2 to None, run_after=None
[2023-03-06T09:28:38.048+0000] {processor.py:175} INFO - Processing /home/airflow/.local/lib/python3.7/site-packages/airflow/example_dags/example_datasets.py took 0.459 seconds
[2023-03-06T09:29:08.524+0000] {processor.py:153} INFO - Started process (PID=454) to work on /home/airflow/.local/lib/python3.7/site-packages/airflow/example_dags/example_datasets.py
[2023-03-06T09:29:08.529+0000] {processor.py:743} INFO - Processing file /home/airflow/.local/lib/python3.7/site-packages/airflow/example_dags/example_datasets.py for tasks to queue
[2023-03-06T09:29:08.534+0000] {logging_mixin.py:137} INFO - [2023-03-06T09:29:08.533+0000] {dagbag.py:538} INFO - Filling up the DagBag from /home/airflow/.local/lib/python3.7/site-packages/airflow/example_dags/example_datasets.py
[2023-03-06T09:29:08.614+0000] {processor.py:753} INFO - DAG(s) dict_keys(['dataset_produces_1', 'dataset_consumes_unknown_never_scheduled', 'dataset_consumes_1', 'dataset_consumes_1_never_scheduled', 'dataset_produces_2', 'dataset_consumes_1_and_2']) retrieved from /home/airflow/.local/lib/python3.7/site-packages/airflow/example_dags/example_datasets.py
[2023-03-06T09:29:08.773+0000] {logging_mixin.py:137} INFO - [2023-03-06T09:29:08.772+0000] {dag.py:2690} INFO - Sync 6 DAGs
[2023-03-06T09:29:08.885+0000] {logging_mixin.py:137} INFO - [2023-03-06T09:29:08.884+0000] {dag.py:3441} INFO - Setting next_dagrun for dataset_consumes_1 to None, run_after=None
[2023-03-06T09:29:08.899+0000] {logging_mixin.py:137} INFO - [2023-03-06T09:29:08.899+0000] {dag.py:3441} INFO - Setting next_dagrun for dataset_consumes_1_and_2 to None, run_after=None
[2023-03-06T09:29:08.907+0000] {logging_mixin.py:137} INFO - [2023-03-06T09:29:08.905+0000] {dag.py:3441} INFO - Setting next_dagrun for dataset_consumes_1_never_scheduled to None, run_after=None
[2023-03-06T09:29:08.913+0000] {logging_mixin.py:137} INFO - [2023-03-06T09:29:08.913+0000] {dag.py:3441} INFO - Setting next_dagrun for dataset_consumes_unknown_never_scheduled to None, run_after=None
[2023-03-06T09:29:08.927+0000] {logging_mixin.py:137} INFO - [2023-03-06T09:29:08.926+0000] {dag.py:3441} INFO - Setting next_dagrun for dataset_produces_1 to 2023-03-05T00:00:00+00:00, run_after=2023-03-06T00:00:00+00:00
[2023-03-06T09:29:08.933+0000] {logging_mixin.py:137} INFO - [2023-03-06T09:29:08.933+0000] {dag.py:3441} INFO - Setting next_dagrun for dataset_produces_2 to None, run_after=None
[2023-03-06T09:29:09.162+0000] {processor.py:175} INFO - Processing /home/airflow/.local/lib/python3.7/site-packages/airflow/example_dags/example_datasets.py took 0.652 seconds
[2023-03-06T09:29:39.574+0000] {processor.py:153} INFO - Started process (PID=517) to work on /home/airflow/.local/lib/python3.7/site-packages/airflow/example_dags/example_datasets.py
[2023-03-06T09:29:39.579+0000] {processor.py:743} INFO - Processing file /home/airflow/.local/lib/python3.7/site-packages/airflow/example_dags/example_datasets.py for tasks to queue
[2023-03-06T09:29:39.584+0000] {logging_mixin.py:137} INFO - [2023-03-06T09:29:39.584+0000] {dagbag.py:538} INFO - Filling up the DagBag from /home/airflow/.local/lib/python3.7/site-packages/airflow/example_dags/example_datasets.py
[2023-03-06T09:29:39.718+0000] {processor.py:753} INFO - DAG(s) dict_keys(['dataset_produces_1', 'dataset_consumes_1_and_2', 'dataset_consumes_1', 'dataset_produces_2', 'dataset_consumes_1_never_scheduled', 'dataset_consumes_unknown_never_scheduled']) retrieved from /home/airflow/.local/lib/python3.7/site-packages/airflow/example_dags/example_datasets.py
[2023-03-06T09:29:39.867+0000] {logging_mixin.py:137} INFO - [2023-03-06T09:29:39.866+0000] {dag.py:2690} INFO - Sync 6 DAGs
[2023-03-06T09:29:40.012+0000] {logging_mixin.py:137} INFO - [2023-03-06T09:29:40.012+0000] {dag.py:3441} INFO - Setting next_dagrun for dataset_consumes_1 to None, run_after=None
[2023-03-06T09:29:40.023+0000] {logging_mixin.py:137} INFO - [2023-03-06T09:29:40.023+0000] {dag.py:3441} INFO - Setting next_dagrun for dataset_consumes_1_and_2 to None, run_after=None
[2023-03-06T09:29:40.029+0000] {logging_mixin.py:137} INFO - [2023-03-06T09:29:40.028+0000] {dag.py:3441} INFO - Setting next_dagrun for dataset_consumes_1_never_scheduled to None, run_after=None
[2023-03-06T09:29:40.036+0000] {logging_mixin.py:137} INFO - [2023-03-06T09:29:40.035+0000] {dag.py:3441} INFO - Setting next_dagrun for dataset_consumes_unknown_never_scheduled to None, run_after=None
[2023-03-06T09:29:40.046+0000] {logging_mixin.py:137} INFO - [2023-03-06T09:29:40.046+0000] {dag.py:3441} INFO - Setting next_dagrun for dataset_produces_1 to 2023-03-05T00:00:00+00:00, run_after=2023-03-06T00:00:00+00:00
[2023-03-06T09:29:40.050+0000] {logging_mixin.py:137} INFO - [2023-03-06T09:29:40.050+0000] {dag.py:3441} INFO - Setting next_dagrun for dataset_produces_2 to None, run_after=None
[2023-03-06T09:29:40.203+0000] {processor.py:175} INFO - Processing /home/airflow/.local/lib/python3.7/site-packages/airflow/example_dags/example_datasets.py took 0.643 seconds
[2023-03-06T09:30:10.323+0000] {processor.py:153} INFO - Started process (PID=581) to work on /home/airflow/.local/lib/python3.7/site-packages/airflow/example_dags/example_datasets.py
[2023-03-06T09:30:10.328+0000] {processor.py:743} INFO - Processing file /home/airflow/.local/lib/python3.7/site-packages/airflow/example_dags/example_datasets.py for tasks to queue
[2023-03-06T09:30:10.332+0000] {logging_mixin.py:137} INFO - [2023-03-06T09:30:10.331+0000] {dagbag.py:538} INFO - Filling up the DagBag from /home/airflow/.local/lib/python3.7/site-packages/airflow/example_dags/example_datasets.py
[2023-03-06T09:30:10.429+0000] {processor.py:753} INFO - DAG(s) dict_keys(['dataset_consumes_1_and_2', 'dataset_consumes_unknown_never_scheduled', 'dataset_consumes_1_never_scheduled', 'dataset_produces_1', 'dataset_consumes_1', 'dataset_produces_2']) retrieved from /home/airflow/.local/lib/python3.7/site-packages/airflow/example_dags/example_datasets.py
[2023-03-06T09:30:10.781+0000] {logging_mixin.py:137} INFO - [2023-03-06T09:30:10.781+0000] {dag.py:2690} INFO - Sync 6 DAGs
[2023-03-06T09:30:10.888+0000] {logging_mixin.py:137} INFO - [2023-03-06T09:30:10.888+0000] {dag.py:3441} INFO - Setting next_dagrun for dataset_consumes_1 to None, run_after=None
[2023-03-06T09:30:10.905+0000] {logging_mixin.py:137} INFO - [2023-03-06T09:30:10.905+0000] {dag.py:3441} INFO - Setting next_dagrun for dataset_consumes_1_and_2 to None, run_after=None
[2023-03-06T09:30:10.914+0000] {logging_mixin.py:137} INFO - [2023-03-06T09:30:10.912+0000] {dag.py:3441} INFO - Setting next_dagrun for dataset_consumes_1_never_scheduled to None, run_after=None
[2023-03-06T09:30:10.921+0000] {logging_mixin.py:137} INFO - [2023-03-06T09:30:10.920+0000] {dag.py:3441} INFO - Setting next_dagrun for dataset_consumes_unknown_never_scheduled to None, run_after=None
[2023-03-06T09:30:10.936+0000] {logging_mixin.py:137} INFO - [2023-03-06T09:30:10.935+0000] {dag.py:3441} INFO - Setting next_dagrun for dataset_produces_1 to 2023-03-05T00:00:00+00:00, run_after=2023-03-06T00:00:00+00:00
[2023-03-06T09:30:10.942+0000] {logging_mixin.py:137} INFO - [2023-03-06T09:30:10.941+0000] {dag.py:3441} INFO - Setting next_dagrun for dataset_produces_2 to None, run_after=None
[2023-03-06T09:30:11.095+0000] {processor.py:175} INFO - Processing /home/airflow/.local/lib/python3.7/site-packages/airflow/example_dags/example_datasets.py took 0.784 seconds
[2023-03-06T09:30:41.974+0000] {processor.py:153} INFO - Started process (PID=644) to work on /home/airflow/.local/lib/python3.7/site-packages/airflow/example_dags/example_datasets.py
[2023-03-06T09:30:41.978+0000] {processor.py:743} INFO - Processing file /home/airflow/.local/lib/python3.7/site-packages/airflow/example_dags/example_datasets.py for tasks to queue
[2023-03-06T09:30:41.987+0000] {logging_mixin.py:137} INFO - [2023-03-06T09:30:41.986+0000] {dagbag.py:538} INFO - Filling up the DagBag from /home/airflow/.local/lib/python3.7/site-packages/airflow/example_dags/example_datasets.py
[2023-03-06T09:30:42.058+0000] {processor.py:753} INFO - DAG(s) dict_keys(['dataset_consumes_1_never_scheduled', 'dataset_produces_1', 'dataset_consumes_unknown_never_scheduled', 'dataset_consumes_1', 'dataset_consumes_1_and_2', 'dataset_produces_2']) retrieved from /home/airflow/.local/lib/python3.7/site-packages/airflow/example_dags/example_datasets.py
[2023-03-06T09:30:42.252+0000] {logging_mixin.py:137} INFO - [2023-03-06T09:30:42.251+0000] {dag.py:2690} INFO - Sync 6 DAGs
[2023-03-06T09:30:42.376+0000] {logging_mixin.py:137} INFO - [2023-03-06T09:30:42.376+0000] {dag.py:3441} INFO - Setting next_dagrun for dataset_consumes_1 to None, run_after=None
[2023-03-06T09:30:42.403+0000] {logging_mixin.py:137} INFO - [2023-03-06T09:30:42.403+0000] {dag.py:3441} INFO - Setting next_dagrun for dataset_consumes_1_and_2 to None, run_after=None
[2023-03-06T09:30:42.421+0000] {logging_mixin.py:137} INFO - [2023-03-06T09:30:42.420+0000] {dag.py:3441} INFO - Setting next_dagrun for dataset_consumes_1_never_scheduled to None, run_after=None
[2023-03-06T09:30:42.430+0000] {logging_mixin.py:137} INFO - [2023-03-06T09:30:42.429+0000] {dag.py:3441} INFO - Setting next_dagrun for dataset_consumes_unknown_never_scheduled to None, run_after=None
[2023-03-06T09:30:42.443+0000] {logging_mixin.py:137} INFO - [2023-03-06T09:30:42.443+0000] {dag.py:3441} INFO - Setting next_dagrun for dataset_produces_1 to 2023-03-05T00:00:00+00:00, run_after=2023-03-06T00:00:00+00:00
[2023-03-06T09:30:42.470+0000] {logging_mixin.py:137} INFO - [2023-03-06T09:30:42.469+0000] {dag.py:3441} INFO - Setting next_dagrun for dataset_produces_2 to None, run_after=None
[2023-03-06T09:30:42.691+0000] {processor.py:175} INFO - Processing /home/airflow/.local/lib/python3.7/site-packages/airflow/example_dags/example_datasets.py took 0.729 seconds
[2023-03-06T09:31:12.753+0000] {processor.py:153} INFO - Started process (PID=708) to work on /home/airflow/.local/lib/python3.7/site-packages/airflow/example_dags/example_datasets.py
[2023-03-06T09:31:12.756+0000] {processor.py:743} INFO - Processing file /home/airflow/.local/lib/python3.7/site-packages/airflow/example_dags/example_datasets.py for tasks to queue
[2023-03-06T09:31:12.760+0000] {logging_mixin.py:137} INFO - [2023-03-06T09:31:12.759+0000] {dagbag.py:538} INFO - Filling up the DagBag from /home/airflow/.local/lib/python3.7/site-packages/airflow/example_dags/example_datasets.py
[2023-03-06T09:31:12.822+0000] {processor.py:753} INFO - DAG(s) dict_keys(['dataset_consumes_1_never_scheduled', 'dataset_produces_2', 'dataset_produces_1', 'dataset_consumes_unknown_never_scheduled', 'dataset_consumes_1_and_2', 'dataset_consumes_1']) retrieved from /home/airflow/.local/lib/python3.7/site-packages/airflow/example_dags/example_datasets.py
[2023-03-06T09:31:12.935+0000] {logging_mixin.py:137} INFO - [2023-03-06T09:31:12.934+0000] {dag.py:2690} INFO - Sync 6 DAGs
[2023-03-06T09:31:13.004+0000] {logging_mixin.py:137} INFO - [2023-03-06T09:31:13.004+0000] {dag.py:3441} INFO - Setting next_dagrun for dataset_consumes_1 to None, run_after=None
[2023-03-06T09:31:13.013+0000] {logging_mixin.py:137} INFO - [2023-03-06T09:31:13.013+0000] {dag.py:3441} INFO - Setting next_dagrun for dataset_consumes_1_and_2 to None, run_after=None
[2023-03-06T09:31:13.016+0000] {logging_mixin.py:137} INFO - [2023-03-06T09:31:13.016+0000] {dag.py:3441} INFO - Setting next_dagrun for dataset_consumes_1_never_scheduled to None, run_after=None
[2023-03-06T09:31:13.020+0000] {logging_mixin.py:137} INFO - [2023-03-06T09:31:13.019+0000] {dag.py:3441} INFO - Setting next_dagrun for dataset_consumes_unknown_never_scheduled to None, run_after=None
[2023-03-06T09:31:13.027+0000] {logging_mixin.py:137} INFO - [2023-03-06T09:31:13.027+0000] {dag.py:3441} INFO - Setting next_dagrun for dataset_produces_1 to 2023-03-05T00:00:00+00:00, run_after=2023-03-06T00:00:00+00:00
[2023-03-06T09:31:13.030+0000] {logging_mixin.py:137} INFO - [2023-03-06T09:31:13.030+0000] {dag.py:3441} INFO - Setting next_dagrun for dataset_produces_2 to None, run_after=None
[2023-03-06T09:31:13.244+0000] {processor.py:175} INFO - Processing /home/airflow/.local/lib/python3.7/site-packages/airflow/example_dags/example_datasets.py took 0.499 seconds
[2023-03-06T09:31:43.424+0000] {processor.py:153} INFO - Started process (PID=770) to work on /home/airflow/.local/lib/python3.7/site-packages/airflow/example_dags/example_datasets.py
[2023-03-06T09:31:43.429+0000] {processor.py:743} INFO - Processing file /home/airflow/.local/lib/python3.7/site-packages/airflow/example_dags/example_datasets.py for tasks to queue
[2023-03-06T09:31:43.436+0000] {logging_mixin.py:137} INFO - [2023-03-06T09:31:43.434+0000] {dagbag.py:538} INFO - Filling up the DagBag from /home/airflow/.local/lib/python3.7/site-packages/airflow/example_dags/example_datasets.py
[2023-03-06T09:31:43.484+0000] {processor.py:753} INFO - DAG(s) dict_keys(['dataset_consumes_1_never_scheduled', 'dataset_consumes_1', 'dataset_consumes_1_and_2', 'dataset_produces_2', 'dataset_produces_1', 'dataset_consumes_unknown_never_scheduled']) retrieved from /home/airflow/.local/lib/python3.7/site-packages/airflow/example_dags/example_datasets.py
[2023-03-06T09:31:43.628+0000] {logging_mixin.py:137} INFO - [2023-03-06T09:31:43.627+0000] {dag.py:2690} INFO - Sync 6 DAGs
[2023-03-06T09:31:43.699+0000] {logging_mixin.py:137} INFO - [2023-03-06T09:31:43.699+0000] {dag.py:3441} INFO - Setting next_dagrun for dataset_consumes_1 to None, run_after=None
[2023-03-06T09:31:43.713+0000] {logging_mixin.py:137} INFO - [2023-03-06T09:31:43.712+0000] {dag.py:3441} INFO - Setting next_dagrun for dataset_consumes_1_and_2 to None, run_after=None
[2023-03-06T09:31:43.717+0000] {logging_mixin.py:137} INFO - [2023-03-06T09:31:43.717+0000] {dag.py:3441} INFO - Setting next_dagrun for dataset_consumes_1_never_scheduled to None, run_after=None
[2023-03-06T09:31:43.722+0000] {logging_mixin.py:137} INFO - [2023-03-06T09:31:43.721+0000] {dag.py:3441} INFO - Setting next_dagrun for dataset_consumes_unknown_never_scheduled to None, run_after=None
[2023-03-06T09:31:43.735+0000] {logging_mixin.py:137} INFO - [2023-03-06T09:31:43.734+0000] {dag.py:3441} INFO - Setting next_dagrun for dataset_produces_1 to 2023-03-05T00:00:00+00:00, run_after=2023-03-06T00:00:00+00:00
[2023-03-06T09:31:43.740+0000] {logging_mixin.py:137} INFO - [2023-03-06T09:31:43.740+0000] {dag.py:3441} INFO - Setting next_dagrun for dataset_produces_2 to None, run_after=None
[2023-03-06T09:31:43.875+0000] {processor.py:175} INFO - Processing /home/airflow/.local/lib/python3.7/site-packages/airflow/example_dags/example_datasets.py took 0.461 seconds
[2023-03-06T09:32:13.982+0000] {processor.py:153} INFO - Started process (PID=839) to work on /home/airflow/.local/lib/python3.7/site-packages/airflow/example_dags/example_datasets.py
[2023-03-06T09:32:13.985+0000] {processor.py:743} INFO - Processing file /home/airflow/.local/lib/python3.7/site-packages/airflow/example_dags/example_datasets.py for tasks to queue
[2023-03-06T09:32:13.988+0000] {logging_mixin.py:137} INFO - [2023-03-06T09:32:13.988+0000] {dagbag.py:538} INFO - Filling up the DagBag from /home/airflow/.local/lib/python3.7/site-packages/airflow/example_dags/example_datasets.py
[2023-03-06T09:32:14.055+0000] {processor.py:753} INFO - DAG(s) dict_keys(['dataset_consumes_1', 'dataset_consumes_unknown_never_scheduled', 'dataset_consumes_1_never_scheduled', 'dataset_produces_1', 'dataset_produces_2', 'dataset_consumes_1_and_2']) retrieved from /home/airflow/.local/lib/python3.7/site-packages/airflow/example_dags/example_datasets.py
[2023-03-06T09:32:14.208+0000] {logging_mixin.py:137} INFO - [2023-03-06T09:32:14.208+0000] {dag.py:2690} INFO - Sync 6 DAGs
[2023-03-06T09:32:14.353+0000] {logging_mixin.py:137} INFO - [2023-03-06T09:32:14.352+0000] {dag.py:3441} INFO - Setting next_dagrun for dataset_consumes_1 to None, run_after=None
[2023-03-06T09:32:14.385+0000] {logging_mixin.py:137} INFO - [2023-03-06T09:32:14.378+0000] {dag.py:3441} INFO - Setting next_dagrun for dataset_consumes_1_and_2 to None, run_after=None
[2023-03-06T09:32:14.406+0000] {logging_mixin.py:137} INFO - [2023-03-06T09:32:14.403+0000] {dag.py:3441} INFO - Setting next_dagrun for dataset_consumes_1_never_scheduled to None, run_after=None
[2023-03-06T09:32:14.414+0000] {logging_mixin.py:137} INFO - [2023-03-06T09:32:14.413+0000] {dag.py:3441} INFO - Setting next_dagrun for dataset_consumes_unknown_never_scheduled to None, run_after=None
[2023-03-06T09:32:14.436+0000] {logging_mixin.py:137} INFO - [2023-03-06T09:32:14.436+0000] {dag.py:3441} INFO - Setting next_dagrun for dataset_produces_1 to 2023-03-05T00:00:00+00:00, run_after=2023-03-06T00:00:00+00:00
[2023-03-06T09:32:14.450+0000] {logging_mixin.py:137} INFO - [2023-03-06T09:32:14.449+0000] {dag.py:3441} INFO - Setting next_dagrun for dataset_produces_2 to None, run_after=None
[2023-03-06T09:32:14.702+0000] {processor.py:175} INFO - Processing /home/airflow/.local/lib/python3.7/site-packages/airflow/example_dags/example_datasets.py took 0.740 seconds
[2023-03-06T09:32:45.016+0000] {processor.py:153} INFO - Started process (PID=898) to work on /home/airflow/.local/lib/python3.7/site-packages/airflow/example_dags/example_datasets.py
[2023-03-06T09:32:45.019+0000] {processor.py:743} INFO - Processing file /home/airflow/.local/lib/python3.7/site-packages/airflow/example_dags/example_datasets.py for tasks to queue
[2023-03-06T09:32:45.022+0000] {logging_mixin.py:137} INFO - [2023-03-06T09:32:45.021+0000] {dagbag.py:538} INFO - Filling up the DagBag from /home/airflow/.local/lib/python3.7/site-packages/airflow/example_dags/example_datasets.py
[2023-03-06T09:32:45.073+0000] {processor.py:753} INFO - DAG(s) dict_keys(['dataset_consumes_1_never_scheduled', 'dataset_produces_2', 'dataset_produces_1', 'dataset_consumes_unknown_never_scheduled', 'dataset_consumes_1_and_2', 'dataset_consumes_1']) retrieved from /home/airflow/.local/lib/python3.7/site-packages/airflow/example_dags/example_datasets.py
[2023-03-06T09:32:45.225+0000] {logging_mixin.py:137} INFO - [2023-03-06T09:32:45.224+0000] {dag.py:2690} INFO - Sync 6 DAGs
[2023-03-06T09:32:45.308+0000] {logging_mixin.py:137} INFO - [2023-03-06T09:32:45.308+0000] {dag.py:3441} INFO - Setting next_dagrun for dataset_consumes_1 to None, run_after=None
[2023-03-06T09:32:45.321+0000] {logging_mixin.py:137} INFO - [2023-03-06T09:32:45.320+0000] {dag.py:3441} INFO - Setting next_dagrun for dataset_consumes_1_and_2 to None, run_after=None
[2023-03-06T09:32:45.326+0000] {logging_mixin.py:137} INFO - [2023-03-06T09:32:45.326+0000] {dag.py:3441} INFO - Setting next_dagrun for dataset_consumes_1_never_scheduled to None, run_after=None
[2023-03-06T09:32:45.332+0000] {logging_mixin.py:137} INFO - [2023-03-06T09:32:45.332+0000] {dag.py:3441} INFO - Setting next_dagrun for dataset_consumes_unknown_never_scheduled to None, run_after=None
[2023-03-06T09:32:45.347+0000] {logging_mixin.py:137} INFO - [2023-03-06T09:32:45.346+0000] {dag.py:3441} INFO - Setting next_dagrun for dataset_produces_1 to 2023-03-05T00:00:00+00:00, run_after=2023-03-06T00:00:00+00:00
[2023-03-06T09:32:45.352+0000] {logging_mixin.py:137} INFO - [2023-03-06T09:32:45.351+0000] {dag.py:3441} INFO - Setting next_dagrun for dataset_produces_2 to None, run_after=None
[2023-03-06T09:32:45.491+0000] {processor.py:175} INFO - Processing /home/airflow/.local/lib/python3.7/site-packages/airflow/example_dags/example_datasets.py took 0.486 seconds
[2023-03-06T09:33:15.623+0000] {processor.py:153} INFO - Started process (PID=961) to work on /home/airflow/.local/lib/python3.7/site-packages/airflow/example_dags/example_datasets.py
[2023-03-06T09:33:15.626+0000] {processor.py:743} INFO - Processing file /home/airflow/.local/lib/python3.7/site-packages/airflow/example_dags/example_datasets.py for tasks to queue
[2023-03-06T09:33:15.632+0000] {logging_mixin.py:137} INFO - [2023-03-06T09:33:15.631+0000] {dagbag.py:538} INFO - Filling up the DagBag from /home/airflow/.local/lib/python3.7/site-packages/airflow/example_dags/example_datasets.py
[2023-03-06T09:33:15.682+0000] {processor.py:753} INFO - DAG(s) dict_keys(['dataset_consumes_unknown_never_scheduled', 'dataset_produces_2', 'dataset_consumes_1_never_scheduled', 'dataset_consumes_1_and_2', 'dataset_produces_1', 'dataset_consumes_1']) retrieved from /home/airflow/.local/lib/python3.7/site-packages/airflow/example_dags/example_datasets.py
[2023-03-06T09:33:15.793+0000] {logging_mixin.py:137} INFO - [2023-03-06T09:33:15.792+0000] {dag.py:2690} INFO - Sync 6 DAGs
[2023-03-06T09:33:15.868+0000] {logging_mixin.py:137} INFO - [2023-03-06T09:33:15.867+0000] {dag.py:3441} INFO - Setting next_dagrun for dataset_consumes_1 to None, run_after=None
[2023-03-06T09:33:15.877+0000] {logging_mixin.py:137} INFO - [2023-03-06T09:33:15.876+0000] {dag.py:3441} INFO - Setting next_dagrun for dataset_consumes_1_and_2 to None, run_after=None
[2023-03-06T09:33:15.883+0000] {logging_mixin.py:137} INFO - [2023-03-06T09:33:15.883+0000] {dag.py:3441} INFO - Setting next_dagrun for dataset_consumes_1_never_scheduled to None, run_after=None
[2023-03-06T09:33:15.889+0000] {logging_mixin.py:137} INFO - [2023-03-06T09:33:15.889+0000] {dag.py:3441} INFO - Setting next_dagrun for dataset_consumes_unknown_never_scheduled to None, run_after=None
[2023-03-06T09:33:15.897+0000] {logging_mixin.py:137} INFO - [2023-03-06T09:33:15.897+0000] {dag.py:3441} INFO - Setting next_dagrun for dataset_produces_1 to 2023-03-05T00:00:00+00:00, run_after=2023-03-06T00:00:00+00:00
[2023-03-06T09:33:15.902+0000] {logging_mixin.py:137} INFO - [2023-03-06T09:33:15.902+0000] {dag.py:3441} INFO - Setting next_dagrun for dataset_produces_2 to None, run_after=None
[2023-03-06T09:33:15.998+0000] {processor.py:175} INFO - Processing /home/airflow/.local/lib/python3.7/site-packages/airflow/example_dags/example_datasets.py took 0.386 seconds
[2023-03-06T09:33:46.576+0000] {processor.py:153} INFO - Started process (PID=1023) to work on /home/airflow/.local/lib/python3.7/site-packages/airflow/example_dags/example_datasets.py
[2023-03-06T09:33:46.583+0000] {processor.py:743} INFO - Processing file /home/airflow/.local/lib/python3.7/site-packages/airflow/example_dags/example_datasets.py for tasks to queue
[2023-03-06T09:33:46.590+0000] {logging_mixin.py:137} INFO - [2023-03-06T09:33:46.589+0000] {dagbag.py:538} INFO - Filling up the DagBag from /home/airflow/.local/lib/python3.7/site-packages/airflow/example_dags/example_datasets.py
[2023-03-06T09:33:46.747+0000] {processor.py:753} INFO - DAG(s) dict_keys(['dataset_consumes_unknown_never_scheduled', 'dataset_consumes_1', 'dataset_produces_2', 'dataset_consumes_1_and_2', 'dataset_produces_1', 'dataset_consumes_1_never_scheduled']) retrieved from /home/airflow/.local/lib/python3.7/site-packages/airflow/example_dags/example_datasets.py
[2023-03-06T09:33:47.018+0000] {logging_mixin.py:137} INFO - [2023-03-06T09:33:47.018+0000] {dag.py:2690} INFO - Sync 6 DAGs
[2023-03-06T09:33:47.234+0000] {logging_mixin.py:137} INFO - [2023-03-06T09:33:47.234+0000] {dag.py:3441} INFO - Setting next_dagrun for dataset_consumes_1 to None, run_after=None
[2023-03-06T09:33:47.288+0000] {logging_mixin.py:137} INFO - [2023-03-06T09:33:47.278+0000] {dag.py:3441} INFO - Setting next_dagrun for dataset_consumes_1_and_2 to None, run_after=None
[2023-03-06T09:33:47.299+0000] {logging_mixin.py:137} INFO - [2023-03-06T09:33:47.299+0000] {dag.py:3441} INFO - Setting next_dagrun for dataset_consumes_1_never_scheduled to None, run_after=None
[2023-03-06T09:33:47.325+0000] {logging_mixin.py:137} INFO - [2023-03-06T09:33:47.324+0000] {dag.py:3441} INFO - Setting next_dagrun for dataset_consumes_unknown_never_scheduled to None, run_after=None
[2023-03-06T09:33:47.354+0000] {logging_mixin.py:137} INFO - [2023-03-06T09:33:47.354+0000] {dag.py:3441} INFO - Setting next_dagrun for dataset_produces_1 to 2023-03-05T00:00:00+00:00, run_after=2023-03-06T00:00:00+00:00
[2023-03-06T09:33:47.367+0000] {logging_mixin.py:137} INFO - [2023-03-06T09:33:47.367+0000] {dag.py:3441} INFO - Setting next_dagrun for dataset_produces_2 to None, run_after=None
[2023-03-06T09:33:47.661+0000] {processor.py:175} INFO - Processing /home/airflow/.local/lib/python3.7/site-packages/airflow/example_dags/example_datasets.py took 1.098 seconds
[2023-03-06T09:34:17.913+0000] {processor.py:153} INFO - Started process (PID=1086) to work on /home/airflow/.local/lib/python3.7/site-packages/airflow/example_dags/example_datasets.py
[2023-03-06T09:34:17.916+0000] {processor.py:743} INFO - Processing file /home/airflow/.local/lib/python3.7/site-packages/airflow/example_dags/example_datasets.py for tasks to queue
[2023-03-06T09:34:17.923+0000] {logging_mixin.py:137} INFO - [2023-03-06T09:34:17.922+0000] {dagbag.py:538} INFO - Filling up the DagBag from /home/airflow/.local/lib/python3.7/site-packages/airflow/example_dags/example_datasets.py
[2023-03-06T09:34:17.990+0000] {processor.py:753} INFO - DAG(s) dict_keys(['dataset_produces_2', 'dataset_consumes_1', 'dataset_consumes_1_and_2', 'dataset_consumes_unknown_never_scheduled', 'dataset_consumes_1_never_scheduled', 'dataset_produces_1']) retrieved from /home/airflow/.local/lib/python3.7/site-packages/airflow/example_dags/example_datasets.py
[2023-03-06T09:34:18.141+0000] {logging_mixin.py:137} INFO - [2023-03-06T09:34:18.140+0000] {dag.py:2690} INFO - Sync 6 DAGs
[2023-03-06T09:34:18.236+0000] {logging_mixin.py:137} INFO - [2023-03-06T09:34:18.236+0000] {dag.py:3441} INFO - Setting next_dagrun for dataset_consumes_1 to None, run_after=None
[2023-03-06T09:34:18.247+0000] {logging_mixin.py:137} INFO - [2023-03-06T09:34:18.247+0000] {dag.py:3441} INFO - Setting next_dagrun for dataset_consumes_1_and_2 to None, run_after=None
[2023-03-06T09:34:18.252+0000] {logging_mixin.py:137} INFO - [2023-03-06T09:34:18.251+0000] {dag.py:3441} INFO - Setting next_dagrun for dataset_consumes_1_never_scheduled to None, run_after=None
[2023-03-06T09:34:18.256+0000] {logging_mixin.py:137} INFO - [2023-03-06T09:34:18.256+0000] {dag.py:3441} INFO - Setting next_dagrun for dataset_consumes_unknown_never_scheduled to None, run_after=None
[2023-03-06T09:34:18.267+0000] {logging_mixin.py:137} INFO - [2023-03-06T09:34:18.266+0000] {dag.py:3441} INFO - Setting next_dagrun for dataset_produces_1 to 2023-03-05T00:00:00+00:00, run_after=2023-03-06T00:00:00+00:00
[2023-03-06T09:34:18.271+0000] {logging_mixin.py:137} INFO - [2023-03-06T09:34:18.271+0000] {dag.py:3441} INFO - Setting next_dagrun for dataset_produces_2 to None, run_after=None
[2023-03-06T09:34:18.373+0000] {processor.py:175} INFO - Processing /home/airflow/.local/lib/python3.7/site-packages/airflow/example_dags/example_datasets.py took 0.475 seconds
[2023-03-06T09:34:48.675+0000] {processor.py:153} INFO - Started process (PID=1150) to work on /home/airflow/.local/lib/python3.7/site-packages/airflow/example_dags/example_datasets.py
[2023-03-06T09:34:48.678+0000] {processor.py:743} INFO - Processing file /home/airflow/.local/lib/python3.7/site-packages/airflow/example_dags/example_datasets.py for tasks to queue
[2023-03-06T09:34:48.685+0000] {logging_mixin.py:137} INFO - [2023-03-06T09:34:48.684+0000] {dagbag.py:538} INFO - Filling up the DagBag from /home/airflow/.local/lib/python3.7/site-packages/airflow/example_dags/example_datasets.py
[2023-03-06T09:34:48.727+0000] {processor.py:753} INFO - DAG(s) dict_keys(['dataset_consumes_1_never_scheduled', 'dataset_consumes_1', 'dataset_produces_2', 'dataset_consumes_unknown_never_scheduled', 'dataset_produces_1', 'dataset_consumes_1_and_2']) retrieved from /home/airflow/.local/lib/python3.7/site-packages/airflow/example_dags/example_datasets.py
[2023-03-06T09:34:48.834+0000] {logging_mixin.py:137} INFO - [2023-03-06T09:34:48.833+0000] {dag.py:2690} INFO - Sync 6 DAGs
[2023-03-06T09:34:48.903+0000] {logging_mixin.py:137} INFO - [2023-03-06T09:34:48.903+0000] {dag.py:3441} INFO - Setting next_dagrun for dataset_consumes_1 to None, run_after=None
[2023-03-06T09:34:48.912+0000] {logging_mixin.py:137} INFO - [2023-03-06T09:34:48.912+0000] {dag.py:3441} INFO - Setting next_dagrun for dataset_consumes_1_and_2 to None, run_after=None
[2023-03-06T09:34:48.917+0000] {logging_mixin.py:137} INFO - [2023-03-06T09:34:48.916+0000] {dag.py:3441} INFO - Setting next_dagrun for dataset_consumes_1_never_scheduled to None, run_after=None
[2023-03-06T09:34:48.922+0000] {logging_mixin.py:137} INFO - [2023-03-06T09:34:48.921+0000] {dag.py:3441} INFO - Setting next_dagrun for dataset_consumes_unknown_never_scheduled to None, run_after=None
[2023-03-06T09:34:48.930+0000] {logging_mixin.py:137} INFO - [2023-03-06T09:34:48.929+0000] {dag.py:3441} INFO - Setting next_dagrun for dataset_produces_1 to 2023-03-05T00:00:00+00:00, run_after=2023-03-06T00:00:00+00:00
[2023-03-06T09:34:48.934+0000] {logging_mixin.py:137} INFO - [2023-03-06T09:34:48.934+0000] {dag.py:3441} INFO - Setting next_dagrun for dataset_produces_2 to None, run_after=None
[2023-03-06T09:34:49.034+0000] {processor.py:175} INFO - Processing /home/airflow/.local/lib/python3.7/site-packages/airflow/example_dags/example_datasets.py took 0.368 seconds
[2023-03-06T09:35:19.293+0000] {processor.py:153} INFO - Started process (PID=1213) to work on /home/airflow/.local/lib/python3.7/site-packages/airflow/example_dags/example_datasets.py
[2023-03-06T09:35:19.296+0000] {processor.py:743} INFO - Processing file /home/airflow/.local/lib/python3.7/site-packages/airflow/example_dags/example_datasets.py for tasks to queue
[2023-03-06T09:35:19.301+0000] {logging_mixin.py:137} INFO - [2023-03-06T09:35:19.300+0000] {dagbag.py:538} INFO - Filling up the DagBag from /home/airflow/.local/lib/python3.7/site-packages/airflow/example_dags/example_datasets.py
[2023-03-06T09:35:19.353+0000] {processor.py:753} INFO - DAG(s) dict_keys(['dataset_produces_1', 'dataset_consumes_1_never_scheduled', 'dataset_consumes_1_and_2', 'dataset_produces_2', 'dataset_consumes_1', 'dataset_consumes_unknown_never_scheduled']) retrieved from /home/airflow/.local/lib/python3.7/site-packages/airflow/example_dags/example_datasets.py
[2023-03-06T09:35:19.494+0000] {logging_mixin.py:137} INFO - [2023-03-06T09:35:19.493+0000] {dag.py:2690} INFO - Sync 6 DAGs
[2023-03-06T09:35:19.573+0000] {logging_mixin.py:137} INFO - [2023-03-06T09:35:19.573+0000] {dag.py:3441} INFO - Setting next_dagrun for dataset_consumes_1 to None, run_after=None
[2023-03-06T09:35:19.587+0000] {logging_mixin.py:137} INFO - [2023-03-06T09:35:19.587+0000] {dag.py:3441} INFO - Setting next_dagrun for dataset_consumes_1_and_2 to None, run_after=None
[2023-03-06T09:35:19.597+0000] {logging_mixin.py:137} INFO - [2023-03-06T09:35:19.595+0000] {dag.py:3441} INFO - Setting next_dagrun for dataset_consumes_1_never_scheduled to None, run_after=None
[2023-03-06T09:35:19.603+0000] {logging_mixin.py:137} INFO - [2023-03-06T09:35:19.602+0000] {dag.py:3441} INFO - Setting next_dagrun for dataset_consumes_unknown_never_scheduled to None, run_after=None
[2023-03-06T09:35:19.616+0000] {logging_mixin.py:137} INFO - [2023-03-06T09:35:19.616+0000] {dag.py:3441} INFO - Setting next_dagrun for dataset_produces_1 to 2023-03-05T00:00:00+00:00, run_after=2023-03-06T00:00:00+00:00
[2023-03-06T09:35:19.622+0000] {logging_mixin.py:137} INFO - [2023-03-06T09:35:19.622+0000] {dag.py:3441} INFO - Setting next_dagrun for dataset_produces_2 to None, run_after=None
[2023-03-06T09:35:19.738+0000] {processor.py:175} INFO - Processing /home/airflow/.local/lib/python3.7/site-packages/airflow/example_dags/example_datasets.py took 0.451 seconds
[2023-03-06T09:35:49.799+0000] {processor.py:153} INFO - Started process (PID=1275) to work on /home/airflow/.local/lib/python3.7/site-packages/airflow/example_dags/example_datasets.py
[2023-03-06T09:35:49.805+0000] {processor.py:743} INFO - Processing file /home/airflow/.local/lib/python3.7/site-packages/airflow/example_dags/example_datasets.py for tasks to queue
[2023-03-06T09:35:49.813+0000] {logging_mixin.py:137} INFO - [2023-03-06T09:35:49.813+0000] {dagbag.py:538} INFO - Filling up the DagBag from /home/airflow/.local/lib/python3.7/site-packages/airflow/example_dags/example_datasets.py
[2023-03-06T09:35:49.889+0000] {processor.py:753} INFO - DAG(s) dict_keys(['dataset_consumes_1_never_scheduled', 'dataset_consumes_1', 'dataset_produces_2', 'dataset_consumes_unknown_never_scheduled', 'dataset_produces_1', 'dataset_consumes_1_and_2']) retrieved from /home/airflow/.local/lib/python3.7/site-packages/airflow/example_dags/example_datasets.py
[2023-03-06T09:35:50.078+0000] {logging_mixin.py:137} INFO - [2023-03-06T09:35:50.078+0000] {dag.py:2690} INFO - Sync 6 DAGs
[2023-03-06T09:35:50.231+0000] {logging_mixin.py:137} INFO - [2023-03-06T09:35:50.230+0000] {dag.py:3441} INFO - Setting next_dagrun for dataset_consumes_1 to None, run_after=None
[2023-03-06T09:35:50.242+0000] {logging_mixin.py:137} INFO - [2023-03-06T09:35:50.241+0000] {dag.py:3441} INFO - Setting next_dagrun for dataset_consumes_1_and_2 to None, run_after=None
[2023-03-06T09:35:50.247+0000] {logging_mixin.py:137} INFO - [2023-03-06T09:35:50.247+0000] {dag.py:3441} INFO - Setting next_dagrun for dataset_consumes_1_never_scheduled to None, run_after=None
[2023-03-06T09:35:50.252+0000] {logging_mixin.py:137} INFO - [2023-03-06T09:35:50.251+0000] {dag.py:3441} INFO - Setting next_dagrun for dataset_consumes_unknown_never_scheduled to None, run_after=None
[2023-03-06T09:35:50.264+0000] {logging_mixin.py:137} INFO - [2023-03-06T09:35:50.263+0000] {dag.py:3441} INFO - Setting next_dagrun for dataset_produces_1 to 2023-03-05T00:00:00+00:00, run_after=2023-03-06T00:00:00+00:00
[2023-03-06T09:35:50.270+0000] {logging_mixin.py:137} INFO - [2023-03-06T09:35:50.269+0000] {dag.py:3441} INFO - Setting next_dagrun for dataset_produces_2 to None, run_after=None
[2023-03-06T09:35:50.392+0000] {processor.py:175} INFO - Processing /home/airflow/.local/lib/python3.7/site-packages/airflow/example_dags/example_datasets.py took 0.601 seconds
[2023-03-06T09:36:20.726+0000] {processor.py:153} INFO - Started process (PID=1339) to work on /home/airflow/.local/lib/python3.7/site-packages/airflow/example_dags/example_datasets.py
[2023-03-06T09:36:20.733+0000] {processor.py:743} INFO - Processing file /home/airflow/.local/lib/python3.7/site-packages/airflow/example_dags/example_datasets.py for tasks to queue
[2023-03-06T09:36:20.741+0000] {logging_mixin.py:137} INFO - [2023-03-06T09:36:20.740+0000] {dagbag.py:538} INFO - Filling up the DagBag from /home/airflow/.local/lib/python3.7/site-packages/airflow/example_dags/example_datasets.py
[2023-03-06T09:36:20.904+0000] {processor.py:753} INFO - DAG(s) dict_keys(['dataset_consumes_unknown_never_scheduled', 'dataset_consumes_1_and_2', 'dataset_consumes_1', 'dataset_produces_2', 'dataset_consumes_1_never_scheduled', 'dataset_produces_1']) retrieved from /home/airflow/.local/lib/python3.7/site-packages/airflow/example_dags/example_datasets.py
[2023-03-06T09:36:21.179+0000] {logging_mixin.py:137} INFO - [2023-03-06T09:36:21.179+0000] {dag.py:2690} INFO - Sync 6 DAGs
[2023-03-06T09:36:21.410+0000] {logging_mixin.py:137} INFO - [2023-03-06T09:36:21.410+0000] {dag.py:3441} INFO - Setting next_dagrun for dataset_consumes_1 to None, run_after=None
[2023-03-06T09:36:21.447+0000] {logging_mixin.py:137} INFO - [2023-03-06T09:36:21.446+0000] {dag.py:3441} INFO - Setting next_dagrun for dataset_consumes_1_and_2 to None, run_after=None
[2023-03-06T09:36:21.461+0000] {logging_mixin.py:137} INFO - [2023-03-06T09:36:21.460+0000] {dag.py:3441} INFO - Setting next_dagrun for dataset_consumes_1_never_scheduled to None, run_after=None
[2023-03-06T09:36:21.473+0000] {logging_mixin.py:137} INFO - [2023-03-06T09:36:21.472+0000] {dag.py:3441} INFO - Setting next_dagrun for dataset_consumes_unknown_never_scheduled to None, run_after=None
[2023-03-06T09:36:21.497+0000] {logging_mixin.py:137} INFO - [2023-03-06T09:36:21.497+0000] {dag.py:3441} INFO - Setting next_dagrun for dataset_produces_1 to 2023-03-05T00:00:00+00:00, run_after=2023-03-06T00:00:00+00:00
[2023-03-06T09:36:21.519+0000] {logging_mixin.py:137} INFO - [2023-03-06T09:36:21.519+0000] {dag.py:3441} INFO - Setting next_dagrun for dataset_produces_2 to None, run_after=None
[2023-03-06T09:36:21.739+0000] {processor.py:175} INFO - Processing /home/airflow/.local/lib/python3.7/site-packages/airflow/example_dags/example_datasets.py took 1.035 seconds
[2023-03-06T09:36:52.230+0000] {processor.py:153} INFO - Started process (PID=1400) to work on /home/airflow/.local/lib/python3.7/site-packages/airflow/example_dags/example_datasets.py
[2023-03-06T09:36:52.236+0000] {processor.py:743} INFO - Processing file /home/airflow/.local/lib/python3.7/site-packages/airflow/example_dags/example_datasets.py for tasks to queue
[2023-03-06T09:36:52.241+0000] {logging_mixin.py:137} INFO - [2023-03-06T09:36:52.241+0000] {dagbag.py:538} INFO - Filling up the DagBag from /home/airflow/.local/lib/python3.7/site-packages/airflow/example_dags/example_datasets.py
[2023-03-06T09:36:52.336+0000] {processor.py:753} INFO - DAG(s) dict_keys(['dataset_produces_2', 'dataset_consumes_1_and_2', 'dataset_produces_1', 'dataset_consumes_1_never_scheduled', 'dataset_consumes_unknown_never_scheduled', 'dataset_consumes_1']) retrieved from /home/airflow/.local/lib/python3.7/site-packages/airflow/example_dags/example_datasets.py
[2023-03-06T09:36:52.447+0000] {logging_mixin.py:137} INFO - [2023-03-06T09:36:52.447+0000] {dag.py:2690} INFO - Sync 6 DAGs
[2023-03-06T09:36:52.717+0000] {logging_mixin.py:137} INFO - [2023-03-06T09:36:52.717+0000] {dag.py:3441} INFO - Setting next_dagrun for dataset_consumes_1 to None, run_after=None
[2023-03-06T09:36:52.755+0000] {logging_mixin.py:137} INFO - [2023-03-06T09:36:52.754+0000] {dag.py:3441} INFO - Setting next_dagrun for dataset_consumes_1_and_2 to None, run_after=None
[2023-03-06T09:36:52.762+0000] {logging_mixin.py:137} INFO - [2023-03-06T09:36:52.762+0000] {dag.py:3441} INFO - Setting next_dagrun for dataset_consumes_1_never_scheduled to None, run_after=None
[2023-03-06T09:36:52.773+0000] {logging_mixin.py:137} INFO - [2023-03-06T09:36:52.773+0000] {dag.py:3441} INFO - Setting next_dagrun for dataset_consumes_unknown_never_scheduled to None, run_after=None
[2023-03-06T09:36:52.802+0000] {logging_mixin.py:137} INFO - [2023-03-06T09:36:52.802+0000] {dag.py:3441} INFO - Setting next_dagrun for dataset_produces_1 to 2023-03-05T00:00:00+00:00, run_after=2023-03-06T00:00:00+00:00
[2023-03-06T09:36:52.813+0000] {logging_mixin.py:137} INFO - [2023-03-06T09:36:52.813+0000] {dag.py:3441} INFO - Setting next_dagrun for dataset_produces_2 to None, run_after=None
[2023-03-06T09:36:53.035+0000] {processor.py:175} INFO - Processing /home/airflow/.local/lib/python3.7/site-packages/airflow/example_dags/example_datasets.py took 0.821 seconds
[2023-03-06T09:37:23.390+0000] {processor.py:153} INFO - Started process (PID=1454) to work on /home/airflow/.local/lib/python3.7/site-packages/airflow/example_dags/example_datasets.py
[2023-03-06T09:37:23.392+0000] {processor.py:743} INFO - Processing file /home/airflow/.local/lib/python3.7/site-packages/airflow/example_dags/example_datasets.py for tasks to queue
[2023-03-06T09:37:23.395+0000] {logging_mixin.py:137} INFO - [2023-03-06T09:37:23.395+0000] {dagbag.py:538} INFO - Filling up the DagBag from /home/airflow/.local/lib/python3.7/site-packages/airflow/example_dags/example_datasets.py
[2023-03-06T09:37:23.465+0000] {processor.py:753} INFO - DAG(s) dict_keys(['dataset_produces_2', 'dataset_consumes_unknown_never_scheduled', 'dataset_produces_1', 'dataset_consumes_1_and_2', 'dataset_consumes_1', 'dataset_consumes_1_never_scheduled']) retrieved from /home/airflow/.local/lib/python3.7/site-packages/airflow/example_dags/example_datasets.py
[2023-03-06T09:37:23.624+0000] {logging_mixin.py:137} INFO - [2023-03-06T09:37:23.624+0000] {dag.py:2690} INFO - Sync 6 DAGs
[2023-03-06T09:37:23.706+0000] {logging_mixin.py:137} INFO - [2023-03-06T09:37:23.705+0000] {dag.py:3441} INFO - Setting next_dagrun for dataset_consumes_1 to None, run_after=None
[2023-03-06T09:37:23.719+0000] {logging_mixin.py:137} INFO - [2023-03-06T09:37:23.719+0000] {dag.py:3441} INFO - Setting next_dagrun for dataset_consumes_1_and_2 to None, run_after=None
[2023-03-06T09:37:23.724+0000] {logging_mixin.py:137} INFO - [2023-03-06T09:37:23.724+0000] {dag.py:3441} INFO - Setting next_dagrun for dataset_consumes_1_never_scheduled to None, run_after=None
[2023-03-06T09:37:23.729+0000] {logging_mixin.py:137} INFO - [2023-03-06T09:37:23.729+0000] {dag.py:3441} INFO - Setting next_dagrun for dataset_consumes_unknown_never_scheduled to None, run_after=None
[2023-03-06T09:37:23.741+0000] {logging_mixin.py:137} INFO - [2023-03-06T09:37:23.740+0000] {dag.py:3441} INFO - Setting next_dagrun for dataset_produces_1 to 2023-03-05T00:00:00+00:00, run_after=2023-03-06T00:00:00+00:00
[2023-03-06T09:37:23.746+0000] {logging_mixin.py:137} INFO - [2023-03-06T09:37:23.746+0000] {dag.py:3441} INFO - Setting next_dagrun for dataset_produces_2 to None, run_after=None
[2023-03-06T09:37:23.884+0000] {processor.py:175} INFO - Processing /home/airflow/.local/lib/python3.7/site-packages/airflow/example_dags/example_datasets.py took 0.508 seconds
[2023-03-06T09:37:54.023+0000] {processor.py:153} INFO - Started process (PID=1517) to work on /home/airflow/.local/lib/python3.7/site-packages/airflow/example_dags/example_datasets.py
[2023-03-06T09:37:54.027+0000] {processor.py:743} INFO - Processing file /home/airflow/.local/lib/python3.7/site-packages/airflow/example_dags/example_datasets.py for tasks to queue
[2023-03-06T09:37:54.030+0000] {logging_mixin.py:137} INFO - [2023-03-06T09:37:54.029+0000] {dagbag.py:538} INFO - Filling up the DagBag from /home/airflow/.local/lib/python3.7/site-packages/airflow/example_dags/example_datasets.py
[2023-03-06T09:37:54.131+0000] {processor.py:753} INFO - DAG(s) dict_keys(['dataset_consumes_1_never_scheduled', 'dataset_consumes_1', 'dataset_produces_1', 'dataset_produces_2', 'dataset_consumes_unknown_never_scheduled', 'dataset_consumes_1_and_2']) retrieved from /home/airflow/.local/lib/python3.7/site-packages/airflow/example_dags/example_datasets.py
[2023-03-06T09:37:54.273+0000] {logging_mixin.py:137} INFO - [2023-03-06T09:37:54.273+0000] {dag.py:2690} INFO - Sync 6 DAGs
[2023-03-06T09:37:54.369+0000] {logging_mixin.py:137} INFO - [2023-03-06T09:37:54.368+0000] {dag.py:3441} INFO - Setting next_dagrun for dataset_consumes_1 to None, run_after=None
[2023-03-06T09:37:54.381+0000] {logging_mixin.py:137} INFO - [2023-03-06T09:37:54.380+0000] {dag.py:3441} INFO - Setting next_dagrun for dataset_consumes_1_and_2 to None, run_after=None
[2023-03-06T09:37:54.386+0000] {logging_mixin.py:137} INFO - [2023-03-06T09:37:54.386+0000] {dag.py:3441} INFO - Setting next_dagrun for dataset_consumes_1_never_scheduled to None, run_after=None
[2023-03-06T09:37:54.392+0000] {logging_mixin.py:137} INFO - [2023-03-06T09:37:54.392+0000] {dag.py:3441} INFO - Setting next_dagrun for dataset_consumes_unknown_never_scheduled to None, run_after=None
[2023-03-06T09:37:54.403+0000] {logging_mixin.py:137} INFO - [2023-03-06T09:37:54.402+0000] {dag.py:3441} INFO - Setting next_dagrun for dataset_produces_1 to 2023-03-05T00:00:00+00:00, run_after=2023-03-06T00:00:00+00:00
[2023-03-06T09:37:54.408+0000] {logging_mixin.py:137} INFO - [2023-03-06T09:37:54.407+0000] {dag.py:3441} INFO - Setting next_dagrun for dataset_produces_2 to None, run_after=None
[2023-03-06T09:37:54.518+0000] {processor.py:175} INFO - Processing /home/airflow/.local/lib/python3.7/site-packages/airflow/example_dags/example_datasets.py took 0.507 seconds
[2023-03-06T09:38:25.105+0000] {processor.py:153} INFO - Started process (PID=1587) to work on /home/airflow/.local/lib/python3.7/site-packages/airflow/example_dags/example_datasets.py
[2023-03-06T09:38:25.107+0000] {processor.py:743} INFO - Processing file /home/airflow/.local/lib/python3.7/site-packages/airflow/example_dags/example_datasets.py for tasks to queue
[2023-03-06T09:38:25.111+0000] {logging_mixin.py:137} INFO - [2023-03-06T09:38:25.111+0000] {dagbag.py:538} INFO - Filling up the DagBag from /home/airflow/.local/lib/python3.7/site-packages/airflow/example_dags/example_datasets.py
[2023-03-06T09:38:25.194+0000] {processor.py:753} INFO - DAG(s) dict_keys(['dataset_consumes_1', 'dataset_consumes_unknown_never_scheduled', 'dataset_produces_1', 'dataset_consumes_1_never_scheduled', 'dataset_consumes_1_and_2', 'dataset_produces_2']) retrieved from /home/airflow/.local/lib/python3.7/site-packages/airflow/example_dags/example_datasets.py
[2023-03-06T09:38:25.465+0000] {logging_mixin.py:137} INFO - [2023-03-06T09:38:25.465+0000] {dag.py:2690} INFO - Sync 6 DAGs
[2023-03-06T09:38:25.581+0000] {logging_mixin.py:137} INFO - [2023-03-06T09:38:25.581+0000] {dag.py:3441} INFO - Setting next_dagrun for dataset_consumes_1 to None, run_after=None
[2023-03-06T09:38:25.595+0000] {logging_mixin.py:137} INFO - [2023-03-06T09:38:25.595+0000] {dag.py:3441} INFO - Setting next_dagrun for dataset_consumes_1_and_2 to None, run_after=None
[2023-03-06T09:38:25.601+0000] {logging_mixin.py:137} INFO - [2023-03-06T09:38:25.600+0000] {dag.py:3441} INFO - Setting next_dagrun for dataset_consumes_1_never_scheduled to None, run_after=None
[2023-03-06T09:38:25.605+0000] {logging_mixin.py:137} INFO - [2023-03-06T09:38:25.605+0000] {dag.py:3441} INFO - Setting next_dagrun for dataset_consumes_unknown_never_scheduled to None, run_after=None
[2023-03-06T09:38:25.616+0000] {logging_mixin.py:137} INFO - [2023-03-06T09:38:25.615+0000] {dag.py:3441} INFO - Setting next_dagrun for dataset_produces_1 to 2023-03-05T00:00:00+00:00, run_after=2023-03-06T00:00:00+00:00
[2023-03-06T09:38:25.621+0000] {logging_mixin.py:137} INFO - [2023-03-06T09:38:25.621+0000] {dag.py:3441} INFO - Setting next_dagrun for dataset_produces_2 to None, run_after=None
[2023-03-06T09:38:25.748+0000] {processor.py:175} INFO - Processing /home/airflow/.local/lib/python3.7/site-packages/airflow/example_dags/example_datasets.py took 0.655 seconds
[2023-03-06T09:38:56.020+0000] {processor.py:153} INFO - Started process (PID=1651) to work on /home/airflow/.local/lib/python3.7/site-packages/airflow/example_dags/example_datasets.py
[2023-03-06T09:38:56.022+0000] {processor.py:743} INFO - Processing file /home/airflow/.local/lib/python3.7/site-packages/airflow/example_dags/example_datasets.py for tasks to queue
[2023-03-06T09:38:56.037+0000] {logging_mixin.py:137} INFO - [2023-03-06T09:38:56.027+0000] {dagbag.py:538} INFO - Filling up the DagBag from /home/airflow/.local/lib/python3.7/site-packages/airflow/example_dags/example_datasets.py
[2023-03-06T09:38:56.137+0000] {processor.py:753} INFO - DAG(s) dict_keys(['dataset_consumes_1_never_scheduled', 'dataset_produces_1', 'dataset_consumes_1_and_2', 'dataset_consumes_1', 'dataset_consumes_unknown_never_scheduled', 'dataset_produces_2']) retrieved from /home/airflow/.local/lib/python3.7/site-packages/airflow/example_dags/example_datasets.py
[2023-03-06T09:38:56.249+0000] {logging_mixin.py:137} INFO - [2023-03-06T09:38:56.249+0000] {dag.py:2690} INFO - Sync 6 DAGs
[2023-03-06T09:38:56.342+0000] {logging_mixin.py:137} INFO - [2023-03-06T09:38:56.342+0000] {dag.py:3441} INFO - Setting next_dagrun for dataset_consumes_1 to None, run_after=None
[2023-03-06T09:38:56.362+0000] {logging_mixin.py:137} INFO - [2023-03-06T09:38:56.362+0000] {dag.py:3441} INFO - Setting next_dagrun for dataset_consumes_1_and_2 to None, run_after=None
[2023-03-06T09:38:56.373+0000] {logging_mixin.py:137} INFO - [2023-03-06T09:38:56.373+0000] {dag.py:3441} INFO - Setting next_dagrun for dataset_consumes_1_never_scheduled to None, run_after=None
[2023-03-06T09:38:56.381+0000] {logging_mixin.py:137} INFO - [2023-03-06T09:38:56.381+0000] {dag.py:3441} INFO - Setting next_dagrun for dataset_consumes_unknown_never_scheduled to None, run_after=None
[2023-03-06T09:38:56.397+0000] {logging_mixin.py:137} INFO - [2023-03-06T09:38:56.395+0000] {dag.py:3441} INFO - Setting next_dagrun for dataset_produces_1 to 2023-03-05T00:00:00+00:00, run_after=2023-03-06T00:00:00+00:00
[2023-03-06T09:38:56.404+0000] {logging_mixin.py:137} INFO - [2023-03-06T09:38:56.403+0000] {dag.py:3441} INFO - Setting next_dagrun for dataset_produces_2 to None, run_after=None
[2023-03-06T09:38:56.522+0000] {processor.py:175} INFO - Processing /home/airflow/.local/lib/python3.7/site-packages/airflow/example_dags/example_datasets.py took 0.518 seconds
[2023-03-06T09:39:26.726+0000] {processor.py:153} INFO - Started process (PID=1714) to work on /home/airflow/.local/lib/python3.7/site-packages/airflow/example_dags/example_datasets.py
[2023-03-06T09:39:26.732+0000] {processor.py:743} INFO - Processing file /home/airflow/.local/lib/python3.7/site-packages/airflow/example_dags/example_datasets.py for tasks to queue
[2023-03-06T09:39:26.745+0000] {logging_mixin.py:137} INFO - [2023-03-06T09:39:26.744+0000] {dagbag.py:538} INFO - Filling up the DagBag from /home/airflow/.local/lib/python3.7/site-packages/airflow/example_dags/example_datasets.py
[2023-03-06T09:39:26.849+0000] {processor.py:753} INFO - DAG(s) dict_keys(['dataset_consumes_1_never_scheduled', 'dataset_consumes_unknown_never_scheduled', 'dataset_produces_2', 'dataset_produces_1', 'dataset_consumes_1_and_2', 'dataset_consumes_1']) retrieved from /home/airflow/.local/lib/python3.7/site-packages/airflow/example_dags/example_datasets.py
[2023-03-06T09:39:27.035+0000] {logging_mixin.py:137} INFO - [2023-03-06T09:39:27.034+0000] {dag.py:2690} INFO - Sync 6 DAGs
[2023-03-06T09:39:27.136+0000] {logging_mixin.py:137} INFO - [2023-03-06T09:39:27.136+0000] {dag.py:3441} INFO - Setting next_dagrun for dataset_consumes_1 to None, run_after=None
[2023-03-06T09:39:27.151+0000] {logging_mixin.py:137} INFO - [2023-03-06T09:39:27.150+0000] {dag.py:3441} INFO - Setting next_dagrun for dataset_consumes_1_and_2 to None, run_after=None
[2023-03-06T09:39:27.166+0000] {logging_mixin.py:137} INFO - [2023-03-06T09:39:27.166+0000] {dag.py:3441} INFO - Setting next_dagrun for dataset_consumes_1_never_scheduled to None, run_after=None
[2023-03-06T09:39:27.174+0000] {logging_mixin.py:137} INFO - [2023-03-06T09:39:27.174+0000] {dag.py:3441} INFO - Setting next_dagrun for dataset_consumes_unknown_never_scheduled to None, run_after=None
[2023-03-06T09:39:27.191+0000] {logging_mixin.py:137} INFO - [2023-03-06T09:39:27.191+0000] {dag.py:3441} INFO - Setting next_dagrun for dataset_produces_1 to 2023-03-05T00:00:00+00:00, run_after=2023-03-06T00:00:00+00:00
[2023-03-06T09:39:27.198+0000] {logging_mixin.py:137} INFO - [2023-03-06T09:39:27.197+0000] {dag.py:3441} INFO - Setting next_dagrun for dataset_produces_2 to None, run_after=None
[2023-03-06T09:39:27.301+0000] {processor.py:175} INFO - Processing /home/airflow/.local/lib/python3.7/site-packages/airflow/example_dags/example_datasets.py took 0.597 seconds
[2023-03-06T09:39:57.721+0000] {processor.py:153} INFO - Started process (PID=1779) to work on /home/airflow/.local/lib/python3.7/site-packages/airflow/example_dags/example_datasets.py
[2023-03-06T09:39:57.724+0000] {processor.py:743} INFO - Processing file /home/airflow/.local/lib/python3.7/site-packages/airflow/example_dags/example_datasets.py for tasks to queue
[2023-03-06T09:39:57.728+0000] {logging_mixin.py:137} INFO - [2023-03-06T09:39:57.727+0000] {dagbag.py:538} INFO - Filling up the DagBag from /home/airflow/.local/lib/python3.7/site-packages/airflow/example_dags/example_datasets.py
[2023-03-06T09:39:57.774+0000] {processor.py:753} INFO - DAG(s) dict_keys(['dataset_produces_1', 'dataset_consumes_1_never_scheduled', 'dataset_consumes_unknown_never_scheduled', 'dataset_produces_2', 'dataset_consumes_1_and_2', 'dataset_consumes_1']) retrieved from /home/airflow/.local/lib/python3.7/site-packages/airflow/example_dags/example_datasets.py
[2023-03-06T09:39:57.883+0000] {logging_mixin.py:137} INFO - [2023-03-06T09:39:57.882+0000] {dag.py:2690} INFO - Sync 6 DAGs
[2023-03-06T09:39:57.957+0000] {logging_mixin.py:137} INFO - [2023-03-06T09:39:57.957+0000] {dag.py:3441} INFO - Setting next_dagrun for dataset_consumes_1 to None, run_after=None
[2023-03-06T09:39:57.969+0000] {logging_mixin.py:137} INFO - [2023-03-06T09:39:57.969+0000] {dag.py:3441} INFO - Setting next_dagrun for dataset_consumes_1_and_2 to None, run_after=None
[2023-03-06T09:39:57.974+0000] {logging_mixin.py:137} INFO - [2023-03-06T09:39:57.974+0000] {dag.py:3441} INFO - Setting next_dagrun for dataset_consumes_1_never_scheduled to None, run_after=None
[2023-03-06T09:39:57.978+0000] {logging_mixin.py:137} INFO - [2023-03-06T09:39:57.978+0000] {dag.py:3441} INFO - Setting next_dagrun for dataset_consumes_unknown_never_scheduled to None, run_after=None
[2023-03-06T09:39:57.988+0000] {logging_mixin.py:137} INFO - [2023-03-06T09:39:57.988+0000] {dag.py:3441} INFO - Setting next_dagrun for dataset_produces_1 to 2023-03-05T00:00:00+00:00, run_after=2023-03-06T00:00:00+00:00
[2023-03-06T09:39:57.993+0000] {logging_mixin.py:137} INFO - [2023-03-06T09:39:57.992+0000] {dag.py:3441} INFO - Setting next_dagrun for dataset_produces_2 to None, run_after=None
[2023-03-06T09:39:58.098+0000] {processor.py:175} INFO - Processing /home/airflow/.local/lib/python3.7/site-packages/airflow/example_dags/example_datasets.py took 0.388 seconds
[2023-03-06T09:40:28.306+0000] {processor.py:153} INFO - Started process (PID=1842) to work on /home/airflow/.local/lib/python3.7/site-packages/airflow/example_dags/example_datasets.py
[2023-03-06T09:40:28.309+0000] {processor.py:743} INFO - Processing file /home/airflow/.local/lib/python3.7/site-packages/airflow/example_dags/example_datasets.py for tasks to queue
[2023-03-06T09:40:28.313+0000] {logging_mixin.py:137} INFO - [2023-03-06T09:40:28.313+0000] {dagbag.py:538} INFO - Filling up the DagBag from /home/airflow/.local/lib/python3.7/site-packages/airflow/example_dags/example_datasets.py
[2023-03-06T09:40:28.402+0000] {processor.py:753} INFO - DAG(s) dict_keys(['dataset_consumes_unknown_never_scheduled', 'dataset_produces_2', 'dataset_consumes_1_never_scheduled', 'dataset_produces_1', 'dataset_consumes_1_and_2', 'dataset_consumes_1']) retrieved from /home/airflow/.local/lib/python3.7/site-packages/airflow/example_dags/example_datasets.py
[2023-03-06T09:40:28.538+0000] {logging_mixin.py:137} INFO - [2023-03-06T09:40:28.538+0000] {dag.py:2690} INFO - Sync 6 DAGs
[2023-03-06T09:40:28.613+0000] {logging_mixin.py:137} INFO - [2023-03-06T09:40:28.613+0000] {dag.py:3441} INFO - Setting next_dagrun for dataset_consumes_1 to None, run_after=None
[2023-03-06T09:40:28.625+0000] {logging_mixin.py:137} INFO - [2023-03-06T09:40:28.624+0000] {dag.py:3441} INFO - Setting next_dagrun for dataset_consumes_1_and_2 to None, run_after=None
[2023-03-06T09:40:28.630+0000] {logging_mixin.py:137} INFO - [2023-03-06T09:40:28.629+0000] {dag.py:3441} INFO - Setting next_dagrun for dataset_consumes_1_never_scheduled to None, run_after=None
[2023-03-06T09:40:28.634+0000] {logging_mixin.py:137} INFO - [2023-03-06T09:40:28.634+0000] {dag.py:3441} INFO - Setting next_dagrun for dataset_consumes_unknown_never_scheduled to None, run_after=None
[2023-03-06T09:40:28.647+0000] {logging_mixin.py:137} INFO - [2023-03-06T09:40:28.646+0000] {dag.py:3441} INFO - Setting next_dagrun for dataset_produces_1 to 2023-03-05T00:00:00+00:00, run_after=2023-03-06T00:00:00+00:00
[2023-03-06T09:40:28.651+0000] {logging_mixin.py:137} INFO - [2023-03-06T09:40:28.651+0000] {dag.py:3441} INFO - Setting next_dagrun for dataset_produces_2 to None, run_after=None
[2023-03-06T09:40:28.771+0000] {processor.py:175} INFO - Processing /home/airflow/.local/lib/python3.7/site-packages/airflow/example_dags/example_datasets.py took 0.478 seconds
[2023-03-06T09:40:59.203+0000] {processor.py:153} INFO - Started process (PID=1906) to work on /home/airflow/.local/lib/python3.7/site-packages/airflow/example_dags/example_datasets.py
[2023-03-06T09:40:59.209+0000] {processor.py:743} INFO - Processing file /home/airflow/.local/lib/python3.7/site-packages/airflow/example_dags/example_datasets.py for tasks to queue
[2023-03-06T09:40:59.218+0000] {logging_mixin.py:137} INFO - [2023-03-06T09:40:59.217+0000] {dagbag.py:538} INFO - Filling up the DagBag from /home/airflow/.local/lib/python3.7/site-packages/airflow/example_dags/example_datasets.py
[2023-03-06T09:40:59.271+0000] {processor.py:753} INFO - DAG(s) dict_keys(['dataset_consumes_unknown_never_scheduled', 'dataset_consumes_1_never_scheduled', 'dataset_consumes_1_and_2', 'dataset_produces_1', 'dataset_produces_2', 'dataset_consumes_1']) retrieved from /home/airflow/.local/lib/python3.7/site-packages/airflow/example_dags/example_datasets.py
[2023-03-06T09:40:59.389+0000] {logging_mixin.py:137} INFO - [2023-03-06T09:40:59.388+0000] {dag.py:2690} INFO - Sync 6 DAGs
[2023-03-06T09:40:59.467+0000] {logging_mixin.py:137} INFO - [2023-03-06T09:40:59.467+0000] {dag.py:3441} INFO - Setting next_dagrun for dataset_consumes_1 to None, run_after=None
[2023-03-06T09:40:59.480+0000] {logging_mixin.py:137} INFO - [2023-03-06T09:40:59.479+0000] {dag.py:3441} INFO - Setting next_dagrun for dataset_consumes_1_and_2 to None, run_after=None
[2023-03-06T09:40:59.486+0000] {logging_mixin.py:137} INFO - [2023-03-06T09:40:59.485+0000] {dag.py:3441} INFO - Setting next_dagrun for dataset_consumes_1_never_scheduled to None, run_after=None
[2023-03-06T09:40:59.490+0000] {logging_mixin.py:137} INFO - [2023-03-06T09:40:59.490+0000] {dag.py:3441} INFO - Setting next_dagrun for dataset_consumes_unknown_never_scheduled to None, run_after=None
[2023-03-06T09:40:59.501+0000] {logging_mixin.py:137} INFO - [2023-03-06T09:40:59.501+0000] {dag.py:3441} INFO - Setting next_dagrun for dataset_produces_1 to 2023-03-05T00:00:00+00:00, run_after=2023-03-06T00:00:00+00:00
[2023-03-06T09:40:59.505+0000] {logging_mixin.py:137} INFO - [2023-03-06T09:40:59.505+0000] {dag.py:3441} INFO - Setting next_dagrun for dataset_produces_2 to None, run_after=None
[2023-03-06T09:40:59.616+0000] {processor.py:175} INFO - Processing /home/airflow/.local/lib/python3.7/site-packages/airflow/example_dags/example_datasets.py took 0.432 seconds
[2023-03-06T09:41:29.872+0000] {processor.py:153} INFO - Started process (PID=1967) to work on /home/airflow/.local/lib/python3.7/site-packages/airflow/example_dags/example_datasets.py
[2023-03-06T09:41:29.875+0000] {processor.py:743} INFO - Processing file /home/airflow/.local/lib/python3.7/site-packages/airflow/example_dags/example_datasets.py for tasks to queue
[2023-03-06T09:41:29.880+0000] {logging_mixin.py:137} INFO - [2023-03-06T09:41:29.879+0000] {dagbag.py:538} INFO - Filling up the DagBag from /home/airflow/.local/lib/python3.7/site-packages/airflow/example_dags/example_datasets.py
[2023-03-06T09:41:29.942+0000] {processor.py:753} INFO - DAG(s) dict_keys(['dataset_consumes_1_never_scheduled', 'dataset_consumes_1', 'dataset_produces_2', 'dataset_consumes_unknown_never_scheduled', 'dataset_produces_1', 'dataset_consumes_1_and_2']) retrieved from /home/airflow/.local/lib/python3.7/site-packages/airflow/example_dags/example_datasets.py
[2023-03-06T09:41:30.072+0000] {logging_mixin.py:137} INFO - [2023-03-06T09:41:30.072+0000] {dag.py:2690} INFO - Sync 6 DAGs
[2023-03-06T09:41:30.186+0000] {logging_mixin.py:137} INFO - [2023-03-06T09:41:30.185+0000] {dag.py:3441} INFO - Setting next_dagrun for dataset_consumes_1 to None, run_after=None
[2023-03-06T09:41:30.198+0000] {logging_mixin.py:137} INFO - [2023-03-06T09:41:30.198+0000] {dag.py:3441} INFO - Setting next_dagrun for dataset_consumes_1_and_2 to None, run_after=None
[2023-03-06T09:41:30.203+0000] {logging_mixin.py:137} INFO - [2023-03-06T09:41:30.203+0000] {dag.py:3441} INFO - Setting next_dagrun for dataset_consumes_1_never_scheduled to None, run_after=None
[2023-03-06T09:41:30.207+0000] {logging_mixin.py:137} INFO - [2023-03-06T09:41:30.207+0000] {dag.py:3441} INFO - Setting next_dagrun for dataset_consumes_unknown_never_scheduled to None, run_after=None
[2023-03-06T09:41:30.219+0000] {logging_mixin.py:137} INFO - [2023-03-06T09:41:30.218+0000] {dag.py:3441} INFO - Setting next_dagrun for dataset_produces_1 to 2023-03-05T00:00:00+00:00, run_after=2023-03-06T00:00:00+00:00
[2023-03-06T09:41:30.223+0000] {logging_mixin.py:137} INFO - [2023-03-06T09:41:30.223+0000] {dag.py:3441} INFO - Setting next_dagrun for dataset_produces_2 to None, run_after=None
[2023-03-06T09:41:30.346+0000] {processor.py:175} INFO - Processing /home/airflow/.local/lib/python3.7/site-packages/airflow/example_dags/example_datasets.py took 0.484 seconds
