[2023-03-06T09:25:58.376+0000] {processor.py:153} INFO - Started process (PID=55) to work on /home/airflow/.local/lib/python3.7/site-packages/airflow/example_dags/example_trigger_target_dag.py
[2023-03-06T09:25:58.381+0000] {processor.py:743} INFO - Processing file /home/airflow/.local/lib/python3.7/site-packages/airflow/example_dags/example_trigger_target_dag.py for tasks to queue
[2023-03-06T09:25:58.385+0000] {logging_mixin.py:137} INFO - [2023-03-06T09:25:58.384+0000] {dagbag.py:538} INFO - Filling up the DagBag from /home/airflow/.local/lib/python3.7/site-packages/airflow/example_dags/example_trigger_target_dag.py
[2023-03-06T09:25:58.502+0000] {processor.py:753} INFO - DAG(s) dict_keys(['example_trigger_target_dag']) retrieved from /home/airflow/.local/lib/python3.7/site-packages/airflow/example_dags/example_trigger_target_dag.py
[2023-03-06T09:25:58.633+0000] {logging_mixin.py:137} INFO - [2023-03-06T09:25:58.633+0000] {dag.py:2690} INFO - Sync 1 DAGs
[2023-03-06T09:25:58.853+0000] {logging_mixin.py:137} INFO - [2023-03-06T09:25:58.853+0000] {dag.py:3441} INFO - Setting next_dagrun for example_trigger_target_dag to None, run_after=None
[2023-03-06T09:25:58.946+0000] {processor.py:175} INFO - Processing /home/airflow/.local/lib/python3.7/site-packages/airflow/example_dags/example_trigger_target_dag.py took 0.587 seconds
[2023-03-06T09:26:29.179+0000] {processor.py:153} INFO - Started process (PID=118) to work on /home/airflow/.local/lib/python3.7/site-packages/airflow/example_dags/example_trigger_target_dag.py
[2023-03-06T09:26:29.185+0000] {processor.py:743} INFO - Processing file /home/airflow/.local/lib/python3.7/site-packages/airflow/example_dags/example_trigger_target_dag.py for tasks to queue
[2023-03-06T09:26:29.192+0000] {logging_mixin.py:137} INFO - [2023-03-06T09:26:29.191+0000] {dagbag.py:538} INFO - Filling up the DagBag from /home/airflow/.local/lib/python3.7/site-packages/airflow/example_dags/example_trigger_target_dag.py
[2023-03-06T09:26:29.279+0000] {processor.py:753} INFO - DAG(s) dict_keys(['example_trigger_target_dag']) retrieved from /home/airflow/.local/lib/python3.7/site-packages/airflow/example_dags/example_trigger_target_dag.py
[2023-03-06T09:26:29.354+0000] {logging_mixin.py:137} INFO - [2023-03-06T09:26:29.354+0000] {dag.py:2690} INFO - Sync 1 DAGs
[2023-03-06T09:26:29.417+0000] {logging_mixin.py:137} INFO - [2023-03-06T09:26:29.417+0000] {dag.py:3441} INFO - Setting next_dagrun for example_trigger_target_dag to None, run_after=None
[2023-03-06T09:26:29.470+0000] {processor.py:175} INFO - Processing /home/airflow/.local/lib/python3.7/site-packages/airflow/example_dags/example_trigger_target_dag.py took 0.308 seconds
[2023-03-06T09:26:59.670+0000] {processor.py:153} INFO - Started process (PID=180) to work on /home/airflow/.local/lib/python3.7/site-packages/airflow/example_dags/example_trigger_target_dag.py
[2023-03-06T09:26:59.672+0000] {processor.py:743} INFO - Processing file /home/airflow/.local/lib/python3.7/site-packages/airflow/example_dags/example_trigger_target_dag.py for tasks to queue
[2023-03-06T09:26:59.676+0000] {logging_mixin.py:137} INFO - [2023-03-06T09:26:59.675+0000] {dagbag.py:538} INFO - Filling up the DagBag from /home/airflow/.local/lib/python3.7/site-packages/airflow/example_dags/example_trigger_target_dag.py
[2023-03-06T09:26:59.742+0000] {processor.py:753} INFO - DAG(s) dict_keys(['example_trigger_target_dag']) retrieved from /home/airflow/.local/lib/python3.7/site-packages/airflow/example_dags/example_trigger_target_dag.py
[2023-03-06T09:26:59.833+0000] {logging_mixin.py:137} INFO - [2023-03-06T09:26:59.833+0000] {dag.py:2690} INFO - Sync 1 DAGs
[2023-03-06T09:26:59.915+0000] {logging_mixin.py:137} INFO - [2023-03-06T09:26:59.915+0000] {dag.py:3441} INFO - Setting next_dagrun for example_trigger_target_dag to None, run_after=None
[2023-03-06T09:27:00.060+0000] {processor.py:175} INFO - Processing /home/airflow/.local/lib/python3.7/site-packages/airflow/example_dags/example_trigger_target_dag.py took 0.397 seconds
[2023-03-06T09:27:31.061+0000] {processor.py:153} INFO - Started process (PID=243) to work on /home/airflow/.local/lib/python3.7/site-packages/airflow/example_dags/example_trigger_target_dag.py
[2023-03-06T09:27:31.064+0000] {processor.py:743} INFO - Processing file /home/airflow/.local/lib/python3.7/site-packages/airflow/example_dags/example_trigger_target_dag.py for tasks to queue
[2023-03-06T09:27:31.069+0000] {logging_mixin.py:137} INFO - [2023-03-06T09:27:31.068+0000] {dagbag.py:538} INFO - Filling up the DagBag from /home/airflow/.local/lib/python3.7/site-packages/airflow/example_dags/example_trigger_target_dag.py
[2023-03-06T09:27:31.119+0000] {processor.py:753} INFO - DAG(s) dict_keys(['example_trigger_target_dag']) retrieved from /home/airflow/.local/lib/python3.7/site-packages/airflow/example_dags/example_trigger_target_dag.py
[2023-03-06T09:27:31.194+0000] {logging_mixin.py:137} INFO - [2023-03-06T09:27:31.194+0000] {dag.py:2690} INFO - Sync 1 DAGs
[2023-03-06T09:27:31.323+0000] {logging_mixin.py:137} INFO - [2023-03-06T09:27:31.323+0000] {dag.py:3441} INFO - Setting next_dagrun for example_trigger_target_dag to None, run_after=None
[2023-03-06T09:27:31.389+0000] {processor.py:175} INFO - Processing /home/airflow/.local/lib/python3.7/site-packages/airflow/example_dags/example_trigger_target_dag.py took 0.336 seconds
[2023-03-06T09:28:02.378+0000] {processor.py:153} INFO - Started process (PID=306) to work on /home/airflow/.local/lib/python3.7/site-packages/airflow/example_dags/example_trigger_target_dag.py
[2023-03-06T09:28:02.381+0000] {processor.py:743} INFO - Processing file /home/airflow/.local/lib/python3.7/site-packages/airflow/example_dags/example_trigger_target_dag.py for tasks to queue
[2023-03-06T09:28:02.385+0000] {logging_mixin.py:137} INFO - [2023-03-06T09:28:02.384+0000] {dagbag.py:538} INFO - Filling up the DagBag from /home/airflow/.local/lib/python3.7/site-packages/airflow/example_dags/example_trigger_target_dag.py
[2023-03-06T09:28:02.460+0000] {processor.py:753} INFO - DAG(s) dict_keys(['example_trigger_target_dag']) retrieved from /home/airflow/.local/lib/python3.7/site-packages/airflow/example_dags/example_trigger_target_dag.py
[2023-03-06T09:28:02.530+0000] {logging_mixin.py:137} INFO - [2023-03-06T09:28:02.530+0000] {dag.py:2690} INFO - Sync 1 DAGs
[2023-03-06T09:28:02.597+0000] {logging_mixin.py:137} INFO - [2023-03-06T09:28:02.597+0000] {dag.py:3441} INFO - Setting next_dagrun for example_trigger_target_dag to None, run_after=None
[2023-03-06T09:28:02.684+0000] {processor.py:175} INFO - Processing /home/airflow/.local/lib/python3.7/site-packages/airflow/example_dags/example_trigger_target_dag.py took 0.319 seconds
[2023-03-06T09:28:33.151+0000] {processor.py:153} INFO - Started process (PID=374) to work on /home/airflow/.local/lib/python3.7/site-packages/airflow/example_dags/example_trigger_target_dag.py
[2023-03-06T09:28:33.159+0000] {processor.py:743} INFO - Processing file /home/airflow/.local/lib/python3.7/site-packages/airflow/example_dags/example_trigger_target_dag.py for tasks to queue
[2023-03-06T09:28:33.166+0000] {logging_mixin.py:137} INFO - [2023-03-06T09:28:33.165+0000] {dagbag.py:538} INFO - Filling up the DagBag from /home/airflow/.local/lib/python3.7/site-packages/airflow/example_dags/example_trigger_target_dag.py
[2023-03-06T09:28:33.288+0000] {processor.py:753} INFO - DAG(s) dict_keys(['example_trigger_target_dag']) retrieved from /home/airflow/.local/lib/python3.7/site-packages/airflow/example_dags/example_trigger_target_dag.py
[2023-03-06T09:28:33.354+0000] {logging_mixin.py:137} INFO - [2023-03-06T09:28:33.353+0000] {dag.py:2690} INFO - Sync 1 DAGs
[2023-03-06T09:28:33.423+0000] {logging_mixin.py:137} INFO - [2023-03-06T09:28:33.422+0000] {dag.py:3441} INFO - Setting next_dagrun for example_trigger_target_dag to None, run_after=None
[2023-03-06T09:28:33.498+0000] {processor.py:175} INFO - Processing /home/airflow/.local/lib/python3.7/site-packages/airflow/example_dags/example_trigger_target_dag.py took 0.370 seconds
[2023-03-06T09:29:03.669+0000] {processor.py:153} INFO - Started process (PID=440) to work on /home/airflow/.local/lib/python3.7/site-packages/airflow/example_dags/example_trigger_target_dag.py
[2023-03-06T09:29:03.680+0000] {processor.py:743} INFO - Processing file /home/airflow/.local/lib/python3.7/site-packages/airflow/example_dags/example_trigger_target_dag.py for tasks to queue
[2023-03-06T09:29:03.687+0000] {logging_mixin.py:137} INFO - [2023-03-06T09:29:03.686+0000] {dagbag.py:538} INFO - Filling up the DagBag from /home/airflow/.local/lib/python3.7/site-packages/airflow/example_dags/example_trigger_target_dag.py
[2023-03-06T09:29:03.768+0000] {processor.py:753} INFO - DAG(s) dict_keys(['example_trigger_target_dag']) retrieved from /home/airflow/.local/lib/python3.7/site-packages/airflow/example_dags/example_trigger_target_dag.py
[2023-03-06T09:29:03.839+0000] {logging_mixin.py:137} INFO - [2023-03-06T09:29:03.838+0000] {dag.py:2690} INFO - Sync 1 DAGs
[2023-03-06T09:29:03.905+0000] {logging_mixin.py:137} INFO - [2023-03-06T09:29:03.905+0000] {dag.py:3441} INFO - Setting next_dagrun for example_trigger_target_dag to None, run_after=None
[2023-03-06T09:29:04.062+0000] {processor.py:175} INFO - Processing /home/airflow/.local/lib/python3.7/site-packages/airflow/example_dags/example_trigger_target_dag.py took 0.404 seconds
[2023-03-06T09:29:34.354+0000] {processor.py:153} INFO - Started process (PID=494) to work on /home/airflow/.local/lib/python3.7/site-packages/airflow/example_dags/example_trigger_target_dag.py
[2023-03-06T09:29:34.357+0000] {processor.py:743} INFO - Processing file /home/airflow/.local/lib/python3.7/site-packages/airflow/example_dags/example_trigger_target_dag.py for tasks to queue
[2023-03-06T09:29:34.360+0000] {logging_mixin.py:137} INFO - [2023-03-06T09:29:34.359+0000] {dagbag.py:538} INFO - Filling up the DagBag from /home/airflow/.local/lib/python3.7/site-packages/airflow/example_dags/example_trigger_target_dag.py
[2023-03-06T09:29:34.449+0000] {processor.py:753} INFO - DAG(s) dict_keys(['example_trigger_target_dag']) retrieved from /home/airflow/.local/lib/python3.7/site-packages/airflow/example_dags/example_trigger_target_dag.py
[2023-03-06T09:29:34.525+0000] {logging_mixin.py:137} INFO - [2023-03-06T09:29:34.525+0000] {dag.py:2690} INFO - Sync 1 DAGs
[2023-03-06T09:29:34.625+0000] {logging_mixin.py:137} INFO - [2023-03-06T09:29:34.624+0000] {dag.py:3441} INFO - Setting next_dagrun for example_trigger_target_dag to None, run_after=None
[2023-03-06T09:29:34.817+0000] {processor.py:175} INFO - Processing /home/airflow/.local/lib/python3.7/site-packages/airflow/example_dags/example_trigger_target_dag.py took 0.473 seconds
[2023-03-06T09:30:04.962+0000] {processor.py:153} INFO - Started process (PID=558) to work on /home/airflow/.local/lib/python3.7/site-packages/airflow/example_dags/example_trigger_target_dag.py
[2023-03-06T09:30:04.967+0000] {processor.py:743} INFO - Processing file /home/airflow/.local/lib/python3.7/site-packages/airflow/example_dags/example_trigger_target_dag.py for tasks to queue
[2023-03-06T09:30:04.973+0000] {logging_mixin.py:137} INFO - [2023-03-06T09:30:04.970+0000] {dagbag.py:538} INFO - Filling up the DagBag from /home/airflow/.local/lib/python3.7/site-packages/airflow/example_dags/example_trigger_target_dag.py
[2023-03-06T09:30:05.055+0000] {processor.py:753} INFO - DAG(s) dict_keys(['example_trigger_target_dag']) retrieved from /home/airflow/.local/lib/python3.7/site-packages/airflow/example_dags/example_trigger_target_dag.py
[2023-03-06T09:30:05.166+0000] {logging_mixin.py:137} INFO - [2023-03-06T09:30:05.166+0000] {dag.py:2690} INFO - Sync 1 DAGs
[2023-03-06T09:30:05.318+0000] {logging_mixin.py:137} INFO - [2023-03-06T09:30:05.317+0000] {dag.py:3441} INFO - Setting next_dagrun for example_trigger_target_dag to None, run_after=None
[2023-03-06T09:30:05.479+0000] {processor.py:175} INFO - Processing /home/airflow/.local/lib/python3.7/site-packages/airflow/example_dags/example_trigger_target_dag.py took 0.530 seconds
[2023-03-06T09:30:36.060+0000] {processor.py:153} INFO - Started process (PID=628) to work on /home/airflow/.local/lib/python3.7/site-packages/airflow/example_dags/example_trigger_target_dag.py
[2023-03-06T09:30:36.064+0000] {processor.py:743} INFO - Processing file /home/airflow/.local/lib/python3.7/site-packages/airflow/example_dags/example_trigger_target_dag.py for tasks to queue
[2023-03-06T09:30:36.068+0000] {logging_mixin.py:137} INFO - [2023-03-06T09:30:36.067+0000] {dagbag.py:538} INFO - Filling up the DagBag from /home/airflow/.local/lib/python3.7/site-packages/airflow/example_dags/example_trigger_target_dag.py
[2023-03-06T09:30:36.147+0000] {processor.py:753} INFO - DAG(s) dict_keys(['example_trigger_target_dag']) retrieved from /home/airflow/.local/lib/python3.7/site-packages/airflow/example_dags/example_trigger_target_dag.py
[2023-03-06T09:30:36.273+0000] {logging_mixin.py:137} INFO - [2023-03-06T09:30:36.272+0000] {dag.py:2690} INFO - Sync 1 DAGs
[2023-03-06T09:30:36.373+0000] {logging_mixin.py:137} INFO - [2023-03-06T09:30:36.373+0000] {dag.py:3441} INFO - Setting next_dagrun for example_trigger_target_dag to None, run_after=None
[2023-03-06T09:30:36.587+0000] {processor.py:175} INFO - Processing /home/airflow/.local/lib/python3.7/site-packages/airflow/example_dags/example_trigger_target_dag.py took 0.540 seconds
[2023-03-06T09:31:06.708+0000] {processor.py:153} INFO - Started process (PID=694) to work on /home/airflow/.local/lib/python3.7/site-packages/airflow/example_dags/example_trigger_target_dag.py
[2023-03-06T09:31:06.710+0000] {processor.py:743} INFO - Processing file /home/airflow/.local/lib/python3.7/site-packages/airflow/example_dags/example_trigger_target_dag.py for tasks to queue
[2023-03-06T09:31:06.722+0000] {logging_mixin.py:137} INFO - [2023-03-06T09:31:06.721+0000] {dagbag.py:538} INFO - Filling up the DagBag from /home/airflow/.local/lib/python3.7/site-packages/airflow/example_dags/example_trigger_target_dag.py
[2023-03-06T09:31:06.796+0000] {processor.py:753} INFO - DAG(s) dict_keys(['example_trigger_target_dag']) retrieved from /home/airflow/.local/lib/python3.7/site-packages/airflow/example_dags/example_trigger_target_dag.py
[2023-03-06T09:31:06.910+0000] {logging_mixin.py:137} INFO - [2023-03-06T09:31:06.910+0000] {dag.py:2690} INFO - Sync 1 DAGs
[2023-03-06T09:31:07.026+0000] {logging_mixin.py:137} INFO - [2023-03-06T09:31:07.025+0000] {dag.py:3441} INFO - Setting next_dagrun for example_trigger_target_dag to None, run_after=None
[2023-03-06T09:31:07.194+0000] {processor.py:175} INFO - Processing /home/airflow/.local/lib/python3.7/site-packages/airflow/example_dags/example_trigger_target_dag.py took 0.499 seconds
[2023-03-06T09:31:38.048+0000] {processor.py:153} INFO - Started process (PID=756) to work on /home/airflow/.local/lib/python3.7/site-packages/airflow/example_dags/example_trigger_target_dag.py
[2023-03-06T09:31:38.050+0000] {processor.py:743} INFO - Processing file /home/airflow/.local/lib/python3.7/site-packages/airflow/example_dags/example_trigger_target_dag.py for tasks to queue
[2023-03-06T09:31:38.054+0000] {logging_mixin.py:137} INFO - [2023-03-06T09:31:38.053+0000] {dagbag.py:538} INFO - Filling up the DagBag from /home/airflow/.local/lib/python3.7/site-packages/airflow/example_dags/example_trigger_target_dag.py
[2023-03-06T09:31:38.160+0000] {processor.py:753} INFO - DAG(s) dict_keys(['example_trigger_target_dag']) retrieved from /home/airflow/.local/lib/python3.7/site-packages/airflow/example_dags/example_trigger_target_dag.py
[2023-03-06T09:31:38.333+0000] {logging_mixin.py:137} INFO - [2023-03-06T09:31:38.333+0000] {dag.py:2690} INFO - Sync 1 DAGs
[2023-03-06T09:31:38.436+0000] {logging_mixin.py:137} INFO - [2023-03-06T09:31:38.436+0000] {dag.py:3441} INFO - Setting next_dagrun for example_trigger_target_dag to None, run_after=None
[2023-03-06T09:31:38.501+0000] {processor.py:175} INFO - Processing /home/airflow/.local/lib/python3.7/site-packages/airflow/example_dags/example_trigger_target_dag.py took 0.468 seconds
[2023-03-06T09:32:09.081+0000] {processor.py:153} INFO - Started process (PID=819) to work on /home/airflow/.local/lib/python3.7/site-packages/airflow/example_dags/example_trigger_target_dag.py
[2023-03-06T09:32:09.086+0000] {processor.py:743} INFO - Processing file /home/airflow/.local/lib/python3.7/site-packages/airflow/example_dags/example_trigger_target_dag.py for tasks to queue
[2023-03-06T09:32:09.099+0000] {logging_mixin.py:137} INFO - [2023-03-06T09:32:09.098+0000] {dagbag.py:538} INFO - Filling up the DagBag from /home/airflow/.local/lib/python3.7/site-packages/airflow/example_dags/example_trigger_target_dag.py
[2023-03-06T09:32:09.263+0000] {processor.py:753} INFO - DAG(s) dict_keys(['example_trigger_target_dag']) retrieved from /home/airflow/.local/lib/python3.7/site-packages/airflow/example_dags/example_trigger_target_dag.py
[2023-03-06T09:32:09.375+0000] {logging_mixin.py:137} INFO - [2023-03-06T09:32:09.375+0000] {dag.py:2690} INFO - Sync 1 DAGs
[2023-03-06T09:32:09.475+0000] {logging_mixin.py:137} INFO - [2023-03-06T09:32:09.475+0000] {dag.py:3441} INFO - Setting next_dagrun for example_trigger_target_dag to None, run_after=None
[2023-03-06T09:32:09.524+0000] {processor.py:175} INFO - Processing /home/airflow/.local/lib/python3.7/site-packages/airflow/example_dags/example_trigger_target_dag.py took 0.468 seconds
[2023-03-06T09:32:39.673+0000] {processor.py:153} INFO - Started process (PID=887) to work on /home/airflow/.local/lib/python3.7/site-packages/airflow/example_dags/example_trigger_target_dag.py
[2023-03-06T09:32:39.679+0000] {processor.py:743} INFO - Processing file /home/airflow/.local/lib/python3.7/site-packages/airflow/example_dags/example_trigger_target_dag.py for tasks to queue
[2023-03-06T09:32:39.687+0000] {logging_mixin.py:137} INFO - [2023-03-06T09:32:39.686+0000] {dagbag.py:538} INFO - Filling up the DagBag from /home/airflow/.local/lib/python3.7/site-packages/airflow/example_dags/example_trigger_target_dag.py
[2023-03-06T09:32:39.803+0000] {processor.py:753} INFO - DAG(s) dict_keys(['example_trigger_target_dag']) retrieved from /home/airflow/.local/lib/python3.7/site-packages/airflow/example_dags/example_trigger_target_dag.py
[2023-03-06T09:32:39.978+0000] {logging_mixin.py:137} INFO - [2023-03-06T09:32:39.977+0000] {dag.py:2690} INFO - Sync 1 DAGs
[2023-03-06T09:32:40.115+0000] {logging_mixin.py:137} INFO - [2023-03-06T09:32:40.115+0000] {dag.py:3441} INFO - Setting next_dagrun for example_trigger_target_dag to None, run_after=None
[2023-03-06T09:32:40.171+0000] {processor.py:175} INFO - Processing /home/airflow/.local/lib/python3.7/site-packages/airflow/example_dags/example_trigger_target_dag.py took 0.517 seconds
[2023-03-06T09:33:10.635+0000] {processor.py:153} INFO - Started process (PID=947) to work on /home/airflow/.local/lib/python3.7/site-packages/airflow/example_dags/example_trigger_target_dag.py
[2023-03-06T09:33:10.639+0000] {processor.py:743} INFO - Processing file /home/airflow/.local/lib/python3.7/site-packages/airflow/example_dags/example_trigger_target_dag.py for tasks to queue
[2023-03-06T09:33:10.642+0000] {logging_mixin.py:137} INFO - [2023-03-06T09:33:10.642+0000] {dagbag.py:538} INFO - Filling up the DagBag from /home/airflow/.local/lib/python3.7/site-packages/airflow/example_dags/example_trigger_target_dag.py
[2023-03-06T09:33:10.769+0000] {processor.py:753} INFO - DAG(s) dict_keys(['example_trigger_target_dag']) retrieved from /home/airflow/.local/lib/python3.7/site-packages/airflow/example_dags/example_trigger_target_dag.py
[2023-03-06T09:33:10.929+0000] {logging_mixin.py:137} INFO - [2023-03-06T09:33:10.928+0000] {dag.py:2690} INFO - Sync 1 DAGs
[2023-03-06T09:33:11.059+0000] {logging_mixin.py:137} INFO - [2023-03-06T09:33:11.058+0000] {dag.py:3441} INFO - Setting next_dagrun for example_trigger_target_dag to None, run_after=None
[2023-03-06T09:33:11.140+0000] {processor.py:175} INFO - Processing /home/airflow/.local/lib/python3.7/site-packages/airflow/example_dags/example_trigger_target_dag.py took 0.517 seconds
[2023-03-06T09:33:42.215+0000] {processor.py:153} INFO - Started process (PID=1009) to work on /home/airflow/.local/lib/python3.7/site-packages/airflow/example_dags/example_trigger_target_dag.py
[2023-03-06T09:33:42.224+0000] {processor.py:743} INFO - Processing file /home/airflow/.local/lib/python3.7/site-packages/airflow/example_dags/example_trigger_target_dag.py for tasks to queue
[2023-03-06T09:33:42.233+0000] {logging_mixin.py:137} INFO - [2023-03-06T09:33:42.232+0000] {dagbag.py:538} INFO - Filling up the DagBag from /home/airflow/.local/lib/python3.7/site-packages/airflow/example_dags/example_trigger_target_dag.py
[2023-03-06T09:33:42.332+0000] {processor.py:753} INFO - DAG(s) dict_keys(['example_trigger_target_dag']) retrieved from /home/airflow/.local/lib/python3.7/site-packages/airflow/example_dags/example_trigger_target_dag.py
[2023-03-06T09:33:42.447+0000] {logging_mixin.py:137} INFO - [2023-03-06T09:33:42.446+0000] {dag.py:2690} INFO - Sync 1 DAGs
[2023-03-06T09:33:42.516+0000] {logging_mixin.py:137} INFO - [2023-03-06T09:33:42.515+0000] {dag.py:3441} INFO - Setting next_dagrun for example_trigger_target_dag to None, run_after=None
[2023-03-06T09:33:42.573+0000] {processor.py:175} INFO - Processing /home/airflow/.local/lib/python3.7/site-packages/airflow/example_dags/example_trigger_target_dag.py took 0.384 seconds
[2023-03-06T09:34:13.217+0000] {processor.py:153} INFO - Started process (PID=1063) to work on /home/airflow/.local/lib/python3.7/site-packages/airflow/example_dags/example_trigger_target_dag.py
[2023-03-06T09:34:13.220+0000] {processor.py:743} INFO - Processing file /home/airflow/.local/lib/python3.7/site-packages/airflow/example_dags/example_trigger_target_dag.py for tasks to queue
[2023-03-06T09:34:13.225+0000] {logging_mixin.py:137} INFO - [2023-03-06T09:34:13.224+0000] {dagbag.py:538} INFO - Filling up the DagBag from /home/airflow/.local/lib/python3.7/site-packages/airflow/example_dags/example_trigger_target_dag.py
[2023-03-06T09:34:13.290+0000] {processor.py:753} INFO - DAG(s) dict_keys(['example_trigger_target_dag']) retrieved from /home/airflow/.local/lib/python3.7/site-packages/airflow/example_dags/example_trigger_target_dag.py
[2023-03-06T09:34:13.384+0000] {logging_mixin.py:137} INFO - [2023-03-06T09:34:13.384+0000] {dag.py:2690} INFO - Sync 1 DAGs
[2023-03-06T09:34:13.487+0000] {logging_mixin.py:137} INFO - [2023-03-06T09:34:13.486+0000] {dag.py:3441} INFO - Setting next_dagrun for example_trigger_target_dag to None, run_after=None
[2023-03-06T09:34:13.569+0000] {processor.py:175} INFO - Processing /home/airflow/.local/lib/python3.7/site-packages/airflow/example_dags/example_trigger_target_dag.py took 0.364 seconds
[2023-03-06T09:34:43.998+0000] {processor.py:153} INFO - Started process (PID=1126) to work on /home/airflow/.local/lib/python3.7/site-packages/airflow/example_dags/example_trigger_target_dag.py
[2023-03-06T09:34:44.003+0000] {processor.py:743} INFO - Processing file /home/airflow/.local/lib/python3.7/site-packages/airflow/example_dags/example_trigger_target_dag.py for tasks to queue
[2023-03-06T09:34:44.011+0000] {logging_mixin.py:137} INFO - [2023-03-06T09:34:44.010+0000] {dagbag.py:538} INFO - Filling up the DagBag from /home/airflow/.local/lib/python3.7/site-packages/airflow/example_dags/example_trigger_target_dag.py
[2023-03-06T09:34:44.173+0000] {processor.py:753} INFO - DAG(s) dict_keys(['example_trigger_target_dag']) retrieved from /home/airflow/.local/lib/python3.7/site-packages/airflow/example_dags/example_trigger_target_dag.py
[2023-03-06T09:34:44.325+0000] {logging_mixin.py:137} INFO - [2023-03-06T09:34:44.324+0000] {dag.py:2690} INFO - Sync 1 DAGs
[2023-03-06T09:34:44.421+0000] {logging_mixin.py:137} INFO - [2023-03-06T09:34:44.421+0000] {dag.py:3441} INFO - Setting next_dagrun for example_trigger_target_dag to None, run_after=None
[2023-03-06T09:34:44.486+0000] {processor.py:175} INFO - Processing /home/airflow/.local/lib/python3.7/site-packages/airflow/example_dags/example_trigger_target_dag.py took 0.501 seconds
[2023-03-06T09:35:14.832+0000] {processor.py:153} INFO - Started process (PID=1189) to work on /home/airflow/.local/lib/python3.7/site-packages/airflow/example_dags/example_trigger_target_dag.py
[2023-03-06T09:35:14.835+0000] {processor.py:743} INFO - Processing file /home/airflow/.local/lib/python3.7/site-packages/airflow/example_dags/example_trigger_target_dag.py for tasks to queue
[2023-03-06T09:35:14.839+0000] {logging_mixin.py:137} INFO - [2023-03-06T09:35:14.838+0000] {dagbag.py:538} INFO - Filling up the DagBag from /home/airflow/.local/lib/python3.7/site-packages/airflow/example_dags/example_trigger_target_dag.py
[2023-03-06T09:35:14.901+0000] {processor.py:753} INFO - DAG(s) dict_keys(['example_trigger_target_dag']) retrieved from /home/airflow/.local/lib/python3.7/site-packages/airflow/example_dags/example_trigger_target_dag.py
[2023-03-06T09:35:14.980+0000] {logging_mixin.py:137} INFO - [2023-03-06T09:35:14.979+0000] {dag.py:2690} INFO - Sync 1 DAGs
[2023-03-06T09:35:15.075+0000] {logging_mixin.py:137} INFO - [2023-03-06T09:35:15.074+0000] {dag.py:3441} INFO - Setting next_dagrun for example_trigger_target_dag to None, run_after=None
[2023-03-06T09:35:15.136+0000] {processor.py:175} INFO - Processing /home/airflow/.local/lib/python3.7/site-packages/airflow/example_dags/example_trigger_target_dag.py took 0.316 seconds
[2023-03-06T09:35:45.807+0000] {processor.py:153} INFO - Started process (PID=1252) to work on /home/airflow/.local/lib/python3.7/site-packages/airflow/example_dags/example_trigger_target_dag.py
[2023-03-06T09:35:45.811+0000] {processor.py:743} INFO - Processing file /home/airflow/.local/lib/python3.7/site-packages/airflow/example_dags/example_trigger_target_dag.py for tasks to queue
[2023-03-06T09:35:45.820+0000] {logging_mixin.py:137} INFO - [2023-03-06T09:35:45.819+0000] {dagbag.py:538} INFO - Filling up the DagBag from /home/airflow/.local/lib/python3.7/site-packages/airflow/example_dags/example_trigger_target_dag.py
[2023-03-06T09:35:45.907+0000] {processor.py:753} INFO - DAG(s) dict_keys(['example_trigger_target_dag']) retrieved from /home/airflow/.local/lib/python3.7/site-packages/airflow/example_dags/example_trigger_target_dag.py
[2023-03-06T09:35:46.012+0000] {logging_mixin.py:137} INFO - [2023-03-06T09:35:46.010+0000] {dag.py:2690} INFO - Sync 1 DAGs
[2023-03-06T09:35:46.115+0000] {logging_mixin.py:137} INFO - [2023-03-06T09:35:46.115+0000] {dag.py:3441} INFO - Setting next_dagrun for example_trigger_target_dag to None, run_after=None
[2023-03-06T09:35:46.196+0000] {processor.py:175} INFO - Processing /home/airflow/.local/lib/python3.7/site-packages/airflow/example_dags/example_trigger_target_dag.py took 0.402 seconds
[2023-03-06T09:36:16.528+0000] {processor.py:153} INFO - Started process (PID=1315) to work on /home/airflow/.local/lib/python3.7/site-packages/airflow/example_dags/example_trigger_target_dag.py
[2023-03-06T09:36:16.532+0000] {processor.py:743} INFO - Processing file /home/airflow/.local/lib/python3.7/site-packages/airflow/example_dags/example_trigger_target_dag.py for tasks to queue
[2023-03-06T09:36:16.540+0000] {logging_mixin.py:137} INFO - [2023-03-06T09:36:16.538+0000] {dagbag.py:538} INFO - Filling up the DagBag from /home/airflow/.local/lib/python3.7/site-packages/airflow/example_dags/example_trigger_target_dag.py
[2023-03-06T09:36:16.724+0000] {processor.py:753} INFO - DAG(s) dict_keys(['example_trigger_target_dag']) retrieved from /home/airflow/.local/lib/python3.7/site-packages/airflow/example_dags/example_trigger_target_dag.py
[2023-03-06T09:36:16.816+0000] {logging_mixin.py:137} INFO - [2023-03-06T09:36:16.815+0000] {dag.py:2690} INFO - Sync 1 DAGs
[2023-03-06T09:36:16.890+0000] {logging_mixin.py:137} INFO - [2023-03-06T09:36:16.889+0000] {dag.py:3441} INFO - Setting next_dagrun for example_trigger_target_dag to None, run_after=None
[2023-03-06T09:36:16.941+0000] {processor.py:175} INFO - Processing /home/airflow/.local/lib/python3.7/site-packages/airflow/example_dags/example_trigger_target_dag.py took 0.433 seconds
[2023-03-06T09:36:47.552+0000] {processor.py:153} INFO - Started process (PID=1379) to work on /home/airflow/.local/lib/python3.7/site-packages/airflow/example_dags/example_trigger_target_dag.py
[2023-03-06T09:36:47.555+0000] {processor.py:743} INFO - Processing file /home/airflow/.local/lib/python3.7/site-packages/airflow/example_dags/example_trigger_target_dag.py for tasks to queue
[2023-03-06T09:36:47.558+0000] {logging_mixin.py:137} INFO - [2023-03-06T09:36:47.557+0000] {dagbag.py:538} INFO - Filling up the DagBag from /home/airflow/.local/lib/python3.7/site-packages/airflow/example_dags/example_trigger_target_dag.py
[2023-03-06T09:36:47.618+0000] {processor.py:753} INFO - DAG(s) dict_keys(['example_trigger_target_dag']) retrieved from /home/airflow/.local/lib/python3.7/site-packages/airflow/example_dags/example_trigger_target_dag.py
[2023-03-06T09:36:47.698+0000] {logging_mixin.py:137} INFO - [2023-03-06T09:36:47.698+0000] {dag.py:2690} INFO - Sync 1 DAGs
[2023-03-06T09:36:47.765+0000] {logging_mixin.py:137} INFO - [2023-03-06T09:36:47.765+0000] {dag.py:3441} INFO - Setting next_dagrun for example_trigger_target_dag to None, run_after=None
[2023-03-06T09:36:47.814+0000] {processor.py:175} INFO - Processing /home/airflow/.local/lib/python3.7/site-packages/airflow/example_dags/example_trigger_target_dag.py took 0.271 seconds
[2023-03-06T09:37:18.120+0000] {processor.py:153} INFO - Started process (PID=1443) to work on /home/airflow/.local/lib/python3.7/site-packages/airflow/example_dags/example_trigger_target_dag.py
[2023-03-06T09:37:18.123+0000] {processor.py:743} INFO - Processing file /home/airflow/.local/lib/python3.7/site-packages/airflow/example_dags/example_trigger_target_dag.py for tasks to queue
[2023-03-06T09:37:18.126+0000] {logging_mixin.py:137} INFO - [2023-03-06T09:37:18.125+0000] {dagbag.py:538} INFO - Filling up the DagBag from /home/airflow/.local/lib/python3.7/site-packages/airflow/example_dags/example_trigger_target_dag.py
[2023-03-06T09:37:18.186+0000] {processor.py:753} INFO - DAG(s) dict_keys(['example_trigger_target_dag']) retrieved from /home/airflow/.local/lib/python3.7/site-packages/airflow/example_dags/example_trigger_target_dag.py
[2023-03-06T09:37:18.258+0000] {logging_mixin.py:137} INFO - [2023-03-06T09:37:18.258+0000] {dag.py:2690} INFO - Sync 1 DAGs
[2023-03-06T09:37:18.326+0000] {logging_mixin.py:137} INFO - [2023-03-06T09:37:18.326+0000] {dag.py:3441} INFO - Setting next_dagrun for example_trigger_target_dag to None, run_after=None
[2023-03-06T09:37:18.378+0000] {processor.py:175} INFO - Processing /home/airflow/.local/lib/python3.7/site-packages/airflow/example_dags/example_trigger_target_dag.py took 0.269 seconds
[2023-03-06T09:37:49.271+0000] {processor.py:153} INFO - Started process (PID=1506) to work on /home/airflow/.local/lib/python3.7/site-packages/airflow/example_dags/example_trigger_target_dag.py
[2023-03-06T09:37:49.274+0000] {processor.py:743} INFO - Processing file /home/airflow/.local/lib/python3.7/site-packages/airflow/example_dags/example_trigger_target_dag.py for tasks to queue
[2023-03-06T09:37:49.280+0000] {logging_mixin.py:137} INFO - [2023-03-06T09:37:49.280+0000] {dagbag.py:538} INFO - Filling up the DagBag from /home/airflow/.local/lib/python3.7/site-packages/airflow/example_dags/example_trigger_target_dag.py
[2023-03-06T09:37:49.362+0000] {processor.py:753} INFO - DAG(s) dict_keys(['example_trigger_target_dag']) retrieved from /home/airflow/.local/lib/python3.7/site-packages/airflow/example_dags/example_trigger_target_dag.py
[2023-03-06T09:37:49.461+0000] {logging_mixin.py:137} INFO - [2023-03-06T09:37:49.460+0000] {dag.py:2690} INFO - Sync 1 DAGs
[2023-03-06T09:37:49.577+0000] {logging_mixin.py:137} INFO - [2023-03-06T09:37:49.577+0000] {dag.py:3441} INFO - Setting next_dagrun for example_trigger_target_dag to None, run_after=None
[2023-03-06T09:37:49.654+0000] {processor.py:175} INFO - Processing /home/airflow/.local/lib/python3.7/site-packages/airflow/example_dags/example_trigger_target_dag.py took 0.394 seconds
[2023-03-06T09:38:19.981+0000] {processor.py:153} INFO - Started process (PID=1569) to work on /home/airflow/.local/lib/python3.7/site-packages/airflow/example_dags/example_trigger_target_dag.py
[2023-03-06T09:38:19.984+0000] {processor.py:743} INFO - Processing file /home/airflow/.local/lib/python3.7/site-packages/airflow/example_dags/example_trigger_target_dag.py for tasks to queue
[2023-03-06T09:38:19.989+0000] {logging_mixin.py:137} INFO - [2023-03-06T09:38:19.988+0000] {dagbag.py:538} INFO - Filling up the DagBag from /home/airflow/.local/lib/python3.7/site-packages/airflow/example_dags/example_trigger_target_dag.py
[2023-03-06T09:38:20.057+0000] {processor.py:753} INFO - DAG(s) dict_keys(['example_trigger_target_dag']) retrieved from /home/airflow/.local/lib/python3.7/site-packages/airflow/example_dags/example_trigger_target_dag.py
[2023-03-06T09:38:20.159+0000] {logging_mixin.py:137} INFO - [2023-03-06T09:38:20.159+0000] {dag.py:2690} INFO - Sync 1 DAGs
[2023-03-06T09:38:20.242+0000] {logging_mixin.py:137} INFO - [2023-03-06T09:38:20.241+0000] {dag.py:3441} INFO - Setting next_dagrun for example_trigger_target_dag to None, run_after=None
[2023-03-06T09:38:20.302+0000] {processor.py:175} INFO - Processing /home/airflow/.local/lib/python3.7/site-packages/airflow/example_dags/example_trigger_target_dag.py took 0.330 seconds
[2023-03-06T09:38:50.889+0000] {processor.py:153} INFO - Started process (PID=1631) to work on /home/airflow/.local/lib/python3.7/site-packages/airflow/example_dags/example_trigger_target_dag.py
[2023-03-06T09:38:50.892+0000] {processor.py:743} INFO - Processing file /home/airflow/.local/lib/python3.7/site-packages/airflow/example_dags/example_trigger_target_dag.py for tasks to queue
[2023-03-06T09:38:50.896+0000] {logging_mixin.py:137} INFO - [2023-03-06T09:38:50.896+0000] {dagbag.py:538} INFO - Filling up the DagBag from /home/airflow/.local/lib/python3.7/site-packages/airflow/example_dags/example_trigger_target_dag.py
[2023-03-06T09:38:50.974+0000] {processor.py:753} INFO - DAG(s) dict_keys(['example_trigger_target_dag']) retrieved from /home/airflow/.local/lib/python3.7/site-packages/airflow/example_dags/example_trigger_target_dag.py
[2023-03-06T09:38:51.056+0000] {logging_mixin.py:137} INFO - [2023-03-06T09:38:51.056+0000] {dag.py:2690} INFO - Sync 1 DAGs
[2023-03-06T09:38:51.148+0000] {logging_mixin.py:137} INFO - [2023-03-06T09:38:51.148+0000] {dag.py:3441} INFO - Setting next_dagrun for example_trigger_target_dag to None, run_after=None
[2023-03-06T09:38:51.209+0000] {processor.py:175} INFO - Processing /home/airflow/.local/lib/python3.7/site-packages/airflow/example_dags/example_trigger_target_dag.py took 0.338 seconds
[2023-03-06T09:39:21.918+0000] {processor.py:153} INFO - Started process (PID=1694) to work on /home/airflow/.local/lib/python3.7/site-packages/airflow/example_dags/example_trigger_target_dag.py
[2023-03-06T09:39:21.921+0000] {processor.py:743} INFO - Processing file /home/airflow/.local/lib/python3.7/site-packages/airflow/example_dags/example_trigger_target_dag.py for tasks to queue
[2023-03-06T09:39:21.925+0000] {logging_mixin.py:137} INFO - [2023-03-06T09:39:21.924+0000] {dagbag.py:538} INFO - Filling up the DagBag from /home/airflow/.local/lib/python3.7/site-packages/airflow/example_dags/example_trigger_target_dag.py
[2023-03-06T09:39:21.985+0000] {processor.py:753} INFO - DAG(s) dict_keys(['example_trigger_target_dag']) retrieved from /home/airflow/.local/lib/python3.7/site-packages/airflow/example_dags/example_trigger_target_dag.py
[2023-03-06T09:39:22.054+0000] {logging_mixin.py:137} INFO - [2023-03-06T09:39:22.053+0000] {dag.py:2690} INFO - Sync 1 DAGs
[2023-03-06T09:39:22.130+0000] {logging_mixin.py:137} INFO - [2023-03-06T09:39:22.130+0000] {dag.py:3441} INFO - Setting next_dagrun for example_trigger_target_dag to None, run_after=None
[2023-03-06T09:39:22.186+0000] {processor.py:175} INFO - Processing /home/airflow/.local/lib/python3.7/site-packages/airflow/example_dags/example_trigger_target_dag.py took 0.278 seconds
[2023-03-06T09:39:53.174+0000] {processor.py:153} INFO - Started process (PID=1758) to work on /home/airflow/.local/lib/python3.7/site-packages/airflow/example_dags/example_trigger_target_dag.py
[2023-03-06T09:39:53.178+0000] {processor.py:743} INFO - Processing file /home/airflow/.local/lib/python3.7/site-packages/airflow/example_dags/example_trigger_target_dag.py for tasks to queue
[2023-03-06T09:39:53.181+0000] {logging_mixin.py:137} INFO - [2023-03-06T09:39:53.180+0000] {dagbag.py:538} INFO - Filling up the DagBag from /home/airflow/.local/lib/python3.7/site-packages/airflow/example_dags/example_trigger_target_dag.py
[2023-03-06T09:39:53.242+0000] {processor.py:753} INFO - DAG(s) dict_keys(['example_trigger_target_dag']) retrieved from /home/airflow/.local/lib/python3.7/site-packages/airflow/example_dags/example_trigger_target_dag.py
[2023-03-06T09:39:53.309+0000] {logging_mixin.py:137} INFO - [2023-03-06T09:39:53.309+0000] {dag.py:2690} INFO - Sync 1 DAGs
[2023-03-06T09:39:53.374+0000] {logging_mixin.py:137} INFO - [2023-03-06T09:39:53.374+0000] {dag.py:3441} INFO - Setting next_dagrun for example_trigger_target_dag to None, run_after=None
[2023-03-06T09:39:53.429+0000] {processor.py:175} INFO - Processing /home/airflow/.local/lib/python3.7/site-packages/airflow/example_dags/example_trigger_target_dag.py took 0.264 seconds
[2023-03-06T09:40:24.565+0000] {processor.py:153} INFO - Started process (PID=1821) to work on /home/airflow/.local/lib/python3.7/site-packages/airflow/example_dags/example_trigger_target_dag.py
[2023-03-06T09:40:24.573+0000] {processor.py:743} INFO - Processing file /home/airflow/.local/lib/python3.7/site-packages/airflow/example_dags/example_trigger_target_dag.py for tasks to queue
[2023-03-06T09:40:24.583+0000] {logging_mixin.py:137} INFO - [2023-03-06T09:40:24.581+0000] {dagbag.py:538} INFO - Filling up the DagBag from /home/airflow/.local/lib/python3.7/site-packages/airflow/example_dags/example_trigger_target_dag.py
[2023-03-06T09:40:24.743+0000] {processor.py:753} INFO - DAG(s) dict_keys(['example_trigger_target_dag']) retrieved from /home/airflow/.local/lib/python3.7/site-packages/airflow/example_dags/example_trigger_target_dag.py
[2023-03-06T09:40:24.933+0000] {logging_mixin.py:137} INFO - [2023-03-06T09:40:24.933+0000] {dag.py:2690} INFO - Sync 1 DAGs
[2023-03-06T09:40:25.134+0000] {logging_mixin.py:137} INFO - [2023-03-06T09:40:25.133+0000] {dag.py:3441} INFO - Setting next_dagrun for example_trigger_target_dag to None, run_after=None
[2023-03-06T09:40:25.341+0000] {processor.py:175} INFO - Processing /home/airflow/.local/lib/python3.7/site-packages/airflow/example_dags/example_trigger_target_dag.py took 0.800 seconds
[2023-03-06T09:40:55.679+0000] {processor.py:153} INFO - Started process (PID=1884) to work on /home/airflow/.local/lib/python3.7/site-packages/airflow/example_dags/example_trigger_target_dag.py
[2023-03-06T09:40:55.681+0000] {processor.py:743} INFO - Processing file /home/airflow/.local/lib/python3.7/site-packages/airflow/example_dags/example_trigger_target_dag.py for tasks to queue
[2023-03-06T09:40:55.685+0000] {logging_mixin.py:137} INFO - [2023-03-06T09:40:55.684+0000] {dagbag.py:538} INFO - Filling up the DagBag from /home/airflow/.local/lib/python3.7/site-packages/airflow/example_dags/example_trigger_target_dag.py
[2023-03-06T09:40:55.743+0000] {processor.py:753} INFO - DAG(s) dict_keys(['example_trigger_target_dag']) retrieved from /home/airflow/.local/lib/python3.7/site-packages/airflow/example_dags/example_trigger_target_dag.py
[2023-03-06T09:40:55.809+0000] {logging_mixin.py:137} INFO - [2023-03-06T09:40:55.808+0000] {dag.py:2690} INFO - Sync 1 DAGs
[2023-03-06T09:40:55.891+0000] {logging_mixin.py:137} INFO - [2023-03-06T09:40:55.890+0000] {dag.py:3441} INFO - Setting next_dagrun for example_trigger_target_dag to None, run_after=None
[2023-03-06T09:40:56.003+0000] {processor.py:175} INFO - Processing /home/airflow/.local/lib/python3.7/site-packages/airflow/example_dags/example_trigger_target_dag.py took 0.335 seconds
[2023-03-06T09:41:26.533+0000] {processor.py:153} INFO - Started process (PID=1948) to work on /home/airflow/.local/lib/python3.7/site-packages/airflow/example_dags/example_trigger_target_dag.py
[2023-03-06T09:41:26.536+0000] {processor.py:743} INFO - Processing file /home/airflow/.local/lib/python3.7/site-packages/airflow/example_dags/example_trigger_target_dag.py for tasks to queue
[2023-03-06T09:41:26.540+0000] {logging_mixin.py:137} INFO - [2023-03-06T09:41:26.539+0000] {dagbag.py:538} INFO - Filling up the DagBag from /home/airflow/.local/lib/python3.7/site-packages/airflow/example_dags/example_trigger_target_dag.py
[2023-03-06T09:41:26.598+0000] {processor.py:753} INFO - DAG(s) dict_keys(['example_trigger_target_dag']) retrieved from /home/airflow/.local/lib/python3.7/site-packages/airflow/example_dags/example_trigger_target_dag.py
[2023-03-06T09:41:26.669+0000] {logging_mixin.py:137} INFO - [2023-03-06T09:41:26.668+0000] {dag.py:2690} INFO - Sync 1 DAGs
[2023-03-06T09:41:26.778+0000] {logging_mixin.py:137} INFO - [2023-03-06T09:41:26.778+0000] {dag.py:3441} INFO - Setting next_dagrun for example_trigger_target_dag to None, run_after=None
[2023-03-06T09:41:26.836+0000] {processor.py:175} INFO - Processing /home/airflow/.local/lib/python3.7/site-packages/airflow/example_dags/example_trigger_target_dag.py took 0.315 seconds
