[2023-03-06T09:25:59.854+0000] {processor.py:153} INFO - Started process (PID=66) to work on /home/airflow/.local/lib/python3.7/site-packages/airflow/example_dags/tutorial_dag.py
[2023-03-06T09:25:59.865+0000] {processor.py:743} INFO - Processing file /home/airflow/.local/lib/python3.7/site-packages/airflow/example_dags/tutorial_dag.py for tasks to queue
[2023-03-06T09:25:59.874+0000] {logging_mixin.py:137} INFO - [2023-03-06T09:25:59.873+0000] {dagbag.py:538} INFO - Filling up the DagBag from /home/airflow/.local/lib/python3.7/site-packages/airflow/example_dags/tutorial_dag.py
[2023-03-06T09:26:00.045+0000] {processor.py:753} INFO - DAG(s) dict_keys(['tutorial_dag']) retrieved from /home/airflow/.local/lib/python3.7/site-packages/airflow/example_dags/tutorial_dag.py
[2023-03-06T09:26:00.105+0000] {logging_mixin.py:137} INFO - [2023-03-06T09:26:00.105+0000] {dag.py:2690} INFO - Sync 1 DAGs
[2023-03-06T09:26:00.168+0000] {logging_mixin.py:137} INFO - [2023-03-06T09:26:00.168+0000] {dag.py:3441} INFO - Setting next_dagrun for tutorial_dag to None, run_after=None
[2023-03-06T09:26:00.249+0000] {processor.py:175} INFO - Processing /home/airflow/.local/lib/python3.7/site-packages/airflow/example_dags/tutorial_dag.py took 0.433 seconds
[2023-03-06T09:26:30.651+0000] {processor.py:153} INFO - Started process (PID=121) to work on /home/airflow/.local/lib/python3.7/site-packages/airflow/example_dags/tutorial_dag.py
[2023-03-06T09:26:30.655+0000] {processor.py:743} INFO - Processing file /home/airflow/.local/lib/python3.7/site-packages/airflow/example_dags/tutorial_dag.py for tasks to queue
[2023-03-06T09:26:30.661+0000] {logging_mixin.py:137} INFO - [2023-03-06T09:26:30.660+0000] {dagbag.py:538} INFO - Filling up the DagBag from /home/airflow/.local/lib/python3.7/site-packages/airflow/example_dags/tutorial_dag.py
[2023-03-06T09:26:30.738+0000] {processor.py:753} INFO - DAG(s) dict_keys(['tutorial_dag']) retrieved from /home/airflow/.local/lib/python3.7/site-packages/airflow/example_dags/tutorial_dag.py
[2023-03-06T09:26:30.857+0000] {logging_mixin.py:137} INFO - [2023-03-06T09:26:30.857+0000] {dag.py:2690} INFO - Sync 1 DAGs
[2023-03-06T09:26:30.917+0000] {logging_mixin.py:137} INFO - [2023-03-06T09:26:30.917+0000] {dag.py:3441} INFO - Setting next_dagrun for tutorial_dag to None, run_after=None
[2023-03-06T09:26:31.121+0000] {processor.py:175} INFO - Processing /home/airflow/.local/lib/python3.7/site-packages/airflow/example_dags/tutorial_dag.py took 0.489 seconds
[2023-03-06T09:27:01.729+0000] {processor.py:153} INFO - Started process (PID=183) to work on /home/airflow/.local/lib/python3.7/site-packages/airflow/example_dags/tutorial_dag.py
[2023-03-06T09:27:01.732+0000] {processor.py:743} INFO - Processing file /home/airflow/.local/lib/python3.7/site-packages/airflow/example_dags/tutorial_dag.py for tasks to queue
[2023-03-06T09:27:01.736+0000] {logging_mixin.py:137} INFO - [2023-03-06T09:27:01.735+0000] {dagbag.py:538} INFO - Filling up the DagBag from /home/airflow/.local/lib/python3.7/site-packages/airflow/example_dags/tutorial_dag.py
[2023-03-06T09:27:01.769+0000] {processor.py:753} INFO - DAG(s) dict_keys(['tutorial_dag']) retrieved from /home/airflow/.local/lib/python3.7/site-packages/airflow/example_dags/tutorial_dag.py
[2023-03-06T09:27:01.832+0000] {logging_mixin.py:137} INFO - [2023-03-06T09:27:01.832+0000] {dag.py:2690} INFO - Sync 1 DAGs
[2023-03-06T09:27:01.891+0000] {logging_mixin.py:137} INFO - [2023-03-06T09:27:01.891+0000] {dag.py:3441} INFO - Setting next_dagrun for tutorial_dag to None, run_after=None
[2023-03-06T09:27:01.936+0000] {processor.py:175} INFO - Processing /home/airflow/.local/lib/python3.7/site-packages/airflow/example_dags/tutorial_dag.py took 0.218 seconds
[2023-03-06T09:27:32.649+0000] {processor.py:153} INFO - Started process (PID=247) to work on /home/airflow/.local/lib/python3.7/site-packages/airflow/example_dags/tutorial_dag.py
[2023-03-06T09:27:32.652+0000] {processor.py:743} INFO - Processing file /home/airflow/.local/lib/python3.7/site-packages/airflow/example_dags/tutorial_dag.py for tasks to queue
[2023-03-06T09:27:32.657+0000] {logging_mixin.py:137} INFO - [2023-03-06T09:27:32.657+0000] {dagbag.py:538} INFO - Filling up the DagBag from /home/airflow/.local/lib/python3.7/site-packages/airflow/example_dags/tutorial_dag.py
[2023-03-06T09:27:32.716+0000] {processor.py:753} INFO - DAG(s) dict_keys(['tutorial_dag']) retrieved from /home/airflow/.local/lib/python3.7/site-packages/airflow/example_dags/tutorial_dag.py
[2023-03-06T09:27:32.794+0000] {logging_mixin.py:137} INFO - [2023-03-06T09:27:32.793+0000] {dag.py:2690} INFO - Sync 1 DAGs
[2023-03-06T09:27:32.890+0000] {logging_mixin.py:137} INFO - [2023-03-06T09:27:32.890+0000] {dag.py:3441} INFO - Setting next_dagrun for tutorial_dag to None, run_after=None
[2023-03-06T09:27:33.112+0000] {processor.py:175} INFO - Processing /home/airflow/.local/lib/python3.7/site-packages/airflow/example_dags/tutorial_dag.py took 0.480 seconds
[2023-03-06T09:28:03.326+0000] {processor.py:153} INFO - Started process (PID=310) to work on /home/airflow/.local/lib/python3.7/site-packages/airflow/example_dags/tutorial_dag.py
[2023-03-06T09:28:03.329+0000] {processor.py:743} INFO - Processing file /home/airflow/.local/lib/python3.7/site-packages/airflow/example_dags/tutorial_dag.py for tasks to queue
[2023-03-06T09:28:03.334+0000] {logging_mixin.py:137} INFO - [2023-03-06T09:28:03.333+0000] {dagbag.py:538} INFO - Filling up the DagBag from /home/airflow/.local/lib/python3.7/site-packages/airflow/example_dags/tutorial_dag.py
[2023-03-06T09:28:03.376+0000] {processor.py:753} INFO - DAG(s) dict_keys(['tutorial_dag']) retrieved from /home/airflow/.local/lib/python3.7/site-packages/airflow/example_dags/tutorial_dag.py
[2023-03-06T09:28:03.450+0000] {logging_mixin.py:137} INFO - [2023-03-06T09:28:03.450+0000] {dag.py:2690} INFO - Sync 1 DAGs
[2023-03-06T09:28:03.528+0000] {logging_mixin.py:137} INFO - [2023-03-06T09:28:03.527+0000] {dag.py:3441} INFO - Setting next_dagrun for tutorial_dag to None, run_after=None
[2023-03-06T09:28:03.589+0000] {processor.py:175} INFO - Processing /home/airflow/.local/lib/python3.7/site-packages/airflow/example_dags/tutorial_dag.py took 0.277 seconds
[2023-03-06T09:28:34.014+0000] {processor.py:153} INFO - Started process (PID=379) to work on /home/airflow/.local/lib/python3.7/site-packages/airflow/example_dags/tutorial_dag.py
[2023-03-06T09:28:34.018+0000] {processor.py:743} INFO - Processing file /home/airflow/.local/lib/python3.7/site-packages/airflow/example_dags/tutorial_dag.py for tasks to queue
[2023-03-06T09:28:34.023+0000] {logging_mixin.py:137} INFO - [2023-03-06T09:28:34.022+0000] {dagbag.py:538} INFO - Filling up the DagBag from /home/airflow/.local/lib/python3.7/site-packages/airflow/example_dags/tutorial_dag.py
[2023-03-06T09:28:34.061+0000] {processor.py:753} INFO - DAG(s) dict_keys(['tutorial_dag']) retrieved from /home/airflow/.local/lib/python3.7/site-packages/airflow/example_dags/tutorial_dag.py
[2023-03-06T09:28:34.151+0000] {logging_mixin.py:137} INFO - [2023-03-06T09:28:34.151+0000] {dag.py:2690} INFO - Sync 1 DAGs
[2023-03-06T09:28:34.252+0000] {logging_mixin.py:137} INFO - [2023-03-06T09:28:34.251+0000] {dag.py:3441} INFO - Setting next_dagrun for tutorial_dag to None, run_after=None
[2023-03-06T09:28:34.439+0000] {processor.py:175} INFO - Processing /home/airflow/.local/lib/python3.7/site-packages/airflow/example_dags/tutorial_dag.py took 0.433 seconds
[2023-03-06T09:29:04.925+0000] {processor.py:153} INFO - Started process (PID=444) to work on /home/airflow/.local/lib/python3.7/site-packages/airflow/example_dags/tutorial_dag.py
[2023-03-06T09:29:04.928+0000] {processor.py:743} INFO - Processing file /home/airflow/.local/lib/python3.7/site-packages/airflow/example_dags/tutorial_dag.py for tasks to queue
[2023-03-06T09:29:04.930+0000] {logging_mixin.py:137} INFO - [2023-03-06T09:29:04.930+0000] {dagbag.py:538} INFO - Filling up the DagBag from /home/airflow/.local/lib/python3.7/site-packages/airflow/example_dags/tutorial_dag.py
[2023-03-06T09:29:04.965+0000] {processor.py:753} INFO - DAG(s) dict_keys(['tutorial_dag']) retrieved from /home/airflow/.local/lib/python3.7/site-packages/airflow/example_dags/tutorial_dag.py
[2023-03-06T09:29:05.104+0000] {logging_mixin.py:137} INFO - [2023-03-06T09:29:05.103+0000] {dag.py:2690} INFO - Sync 1 DAGs
[2023-03-06T09:29:05.185+0000] {logging_mixin.py:137} INFO - [2023-03-06T09:29:05.185+0000] {dag.py:3441} INFO - Setting next_dagrun for tutorial_dag to None, run_after=None
[2023-03-06T09:29:05.231+0000] {processor.py:175} INFO - Processing /home/airflow/.local/lib/python3.7/site-packages/airflow/example_dags/tutorial_dag.py took 0.315 seconds
[2023-03-06T09:29:35.406+0000] {processor.py:153} INFO - Started process (PID=507) to work on /home/airflow/.local/lib/python3.7/site-packages/airflow/example_dags/tutorial_dag.py
[2023-03-06T09:29:35.410+0000] {processor.py:743} INFO - Processing file /home/airflow/.local/lib/python3.7/site-packages/airflow/example_dags/tutorial_dag.py for tasks to queue
[2023-03-06T09:29:35.416+0000] {logging_mixin.py:137} INFO - [2023-03-06T09:29:35.415+0000] {dagbag.py:538} INFO - Filling up the DagBag from /home/airflow/.local/lib/python3.7/site-packages/airflow/example_dags/tutorial_dag.py
[2023-03-06T09:29:35.479+0000] {processor.py:753} INFO - DAG(s) dict_keys(['tutorial_dag']) retrieved from /home/airflow/.local/lib/python3.7/site-packages/airflow/example_dags/tutorial_dag.py
[2023-03-06T09:29:35.550+0000] {logging_mixin.py:137} INFO - [2023-03-06T09:29:35.550+0000] {dag.py:2690} INFO - Sync 1 DAGs
[2023-03-06T09:29:35.623+0000] {logging_mixin.py:137} INFO - [2023-03-06T09:29:35.623+0000] {dag.py:3441} INFO - Setting next_dagrun for tutorial_dag to None, run_after=None
[2023-03-06T09:29:35.668+0000] {processor.py:175} INFO - Processing /home/airflow/.local/lib/python3.7/site-packages/airflow/example_dags/tutorial_dag.py took 0.272 seconds
[2023-03-06T09:30:05.921+0000] {processor.py:153} INFO - Started process (PID=562) to work on /home/airflow/.local/lib/python3.7/site-packages/airflow/example_dags/tutorial_dag.py
[2023-03-06T09:30:05.923+0000] {processor.py:743} INFO - Processing file /home/airflow/.local/lib/python3.7/site-packages/airflow/example_dags/tutorial_dag.py for tasks to queue
[2023-03-06T09:30:05.927+0000] {logging_mixin.py:137} INFO - [2023-03-06T09:30:05.926+0000] {dagbag.py:538} INFO - Filling up the DagBag from /home/airflow/.local/lib/python3.7/site-packages/airflow/example_dags/tutorial_dag.py
[2023-03-06T09:30:05.964+0000] {processor.py:753} INFO - DAG(s) dict_keys(['tutorial_dag']) retrieved from /home/airflow/.local/lib/python3.7/site-packages/airflow/example_dags/tutorial_dag.py
[2023-03-06T09:30:06.045+0000] {logging_mixin.py:137} INFO - [2023-03-06T09:30:06.045+0000] {dag.py:2690} INFO - Sync 1 DAGs
[2023-03-06T09:30:06.133+0000] {logging_mixin.py:137} INFO - [2023-03-06T09:30:06.132+0000] {dag.py:3441} INFO - Setting next_dagrun for tutorial_dag to None, run_after=None
[2023-03-06T09:30:06.218+0000] {processor.py:175} INFO - Processing /home/airflow/.local/lib/python3.7/site-packages/airflow/example_dags/tutorial_dag.py took 0.306 seconds
[2023-03-06T09:30:37.042+0000] {processor.py:153} INFO - Started process (PID=634) to work on /home/airflow/.local/lib/python3.7/site-packages/airflow/example_dags/tutorial_dag.py
[2023-03-06T09:30:37.046+0000] {processor.py:743} INFO - Processing file /home/airflow/.local/lib/python3.7/site-packages/airflow/example_dags/tutorial_dag.py for tasks to queue
[2023-03-06T09:30:37.049+0000] {logging_mixin.py:137} INFO - [2023-03-06T09:30:37.049+0000] {dagbag.py:538} INFO - Filling up the DagBag from /home/airflow/.local/lib/python3.7/site-packages/airflow/example_dags/tutorial_dag.py
[2023-03-06T09:30:37.109+0000] {processor.py:753} INFO - DAG(s) dict_keys(['tutorial_dag']) retrieved from /home/airflow/.local/lib/python3.7/site-packages/airflow/example_dags/tutorial_dag.py
[2023-03-06T09:30:37.172+0000] {logging_mixin.py:137} INFO - [2023-03-06T09:30:37.172+0000] {dag.py:2690} INFO - Sync 1 DAGs
[2023-03-06T09:30:37.262+0000] {logging_mixin.py:137} INFO - [2023-03-06T09:30:37.262+0000] {dag.py:3441} INFO - Setting next_dagrun for tutorial_dag to None, run_after=None
[2023-03-06T09:30:37.316+0000] {processor.py:175} INFO - Processing /home/airflow/.local/lib/python3.7/site-packages/airflow/example_dags/tutorial_dag.py took 0.289 seconds
[2023-03-06T09:31:08.156+0000] {processor.py:153} INFO - Started process (PID=698) to work on /home/airflow/.local/lib/python3.7/site-packages/airflow/example_dags/tutorial_dag.py
[2023-03-06T09:31:08.158+0000] {processor.py:743} INFO - Processing file /home/airflow/.local/lib/python3.7/site-packages/airflow/example_dags/tutorial_dag.py for tasks to queue
[2023-03-06T09:31:08.162+0000] {logging_mixin.py:137} INFO - [2023-03-06T09:31:08.161+0000] {dagbag.py:538} INFO - Filling up the DagBag from /home/airflow/.local/lib/python3.7/site-packages/airflow/example_dags/tutorial_dag.py
[2023-03-06T09:31:08.199+0000] {processor.py:753} INFO - DAG(s) dict_keys(['tutorial_dag']) retrieved from /home/airflow/.local/lib/python3.7/site-packages/airflow/example_dags/tutorial_dag.py
[2023-03-06T09:31:08.278+0000] {logging_mixin.py:137} INFO - [2023-03-06T09:31:08.277+0000] {dag.py:2690} INFO - Sync 1 DAGs
[2023-03-06T09:31:08.364+0000] {logging_mixin.py:137} INFO - [2023-03-06T09:31:08.364+0000] {dag.py:3441} INFO - Setting next_dagrun for tutorial_dag to None, run_after=None
[2023-03-06T09:31:08.415+0000] {processor.py:175} INFO - Processing /home/airflow/.local/lib/python3.7/site-packages/airflow/example_dags/tutorial_dag.py took 0.271 seconds
[2023-03-06T09:31:38.945+0000] {processor.py:153} INFO - Started process (PID=760) to work on /home/airflow/.local/lib/python3.7/site-packages/airflow/example_dags/tutorial_dag.py
[2023-03-06T09:31:38.949+0000] {processor.py:743} INFO - Processing file /home/airflow/.local/lib/python3.7/site-packages/airflow/example_dags/tutorial_dag.py for tasks to queue
[2023-03-06T09:31:38.954+0000] {logging_mixin.py:137} INFO - [2023-03-06T09:31:38.953+0000] {dagbag.py:538} INFO - Filling up the DagBag from /home/airflow/.local/lib/python3.7/site-packages/airflow/example_dags/tutorial_dag.py
[2023-03-06T09:31:38.992+0000] {processor.py:753} INFO - DAG(s) dict_keys(['tutorial_dag']) retrieved from /home/airflow/.local/lib/python3.7/site-packages/airflow/example_dags/tutorial_dag.py
[2023-03-06T09:31:39.074+0000] {logging_mixin.py:137} INFO - [2023-03-06T09:31:39.073+0000] {dag.py:2690} INFO - Sync 1 DAGs
[2023-03-06T09:31:39.152+0000] {logging_mixin.py:137} INFO - [2023-03-06T09:31:39.151+0000] {dag.py:3441} INFO - Setting next_dagrun for tutorial_dag to None, run_after=None
[2023-03-06T09:31:39.354+0000] {processor.py:175} INFO - Processing /home/airflow/.local/lib/python3.7/site-packages/airflow/example_dags/tutorial_dag.py took 0.420 seconds
[2023-03-06T09:32:10.429+0000] {processor.py:153} INFO - Started process (PID=823) to work on /home/airflow/.local/lib/python3.7/site-packages/airflow/example_dags/tutorial_dag.py
[2023-03-06T09:32:10.433+0000] {processor.py:743} INFO - Processing file /home/airflow/.local/lib/python3.7/site-packages/airflow/example_dags/tutorial_dag.py for tasks to queue
[2023-03-06T09:32:10.437+0000] {logging_mixin.py:137} INFO - [2023-03-06T09:32:10.437+0000] {dagbag.py:538} INFO - Filling up the DagBag from /home/airflow/.local/lib/python3.7/site-packages/airflow/example_dags/tutorial_dag.py
[2023-03-06T09:32:10.486+0000] {processor.py:753} INFO - DAG(s) dict_keys(['tutorial_dag']) retrieved from /home/airflow/.local/lib/python3.7/site-packages/airflow/example_dags/tutorial_dag.py
[2023-03-06T09:32:10.572+0000] {logging_mixin.py:137} INFO - [2023-03-06T09:32:10.571+0000] {dag.py:2690} INFO - Sync 1 DAGs
[2023-03-06T09:32:10.668+0000] {logging_mixin.py:137} INFO - [2023-03-06T09:32:10.668+0000] {dag.py:3441} INFO - Setting next_dagrun for tutorial_dag to None, run_after=None
[2023-03-06T09:32:10.725+0000] {processor.py:175} INFO - Processing /home/airflow/.local/lib/python3.7/site-packages/airflow/example_dags/tutorial_dag.py took 0.314 seconds
[2023-03-06T09:32:40.932+0000] {processor.py:153} INFO - Started process (PID=891) to work on /home/airflow/.local/lib/python3.7/site-packages/airflow/example_dags/tutorial_dag.py
[2023-03-06T09:32:40.936+0000] {processor.py:743} INFO - Processing file /home/airflow/.local/lib/python3.7/site-packages/airflow/example_dags/tutorial_dag.py for tasks to queue
[2023-03-06T09:32:40.941+0000] {logging_mixin.py:137} INFO - [2023-03-06T09:32:40.940+0000] {dagbag.py:538} INFO - Filling up the DagBag from /home/airflow/.local/lib/python3.7/site-packages/airflow/example_dags/tutorial_dag.py
[2023-03-06T09:32:40.987+0000] {processor.py:753} INFO - DAG(s) dict_keys(['tutorial_dag']) retrieved from /home/airflow/.local/lib/python3.7/site-packages/airflow/example_dags/tutorial_dag.py
[2023-03-06T09:32:41.087+0000] {logging_mixin.py:137} INFO - [2023-03-06T09:32:41.086+0000] {dag.py:2690} INFO - Sync 1 DAGs
[2023-03-06T09:32:41.183+0000] {logging_mixin.py:137} INFO - [2023-03-06T09:32:41.182+0000] {dag.py:3441} INFO - Setting next_dagrun for tutorial_dag to None, run_after=None
[2023-03-06T09:32:41.247+0000] {processor.py:175} INFO - Processing /home/airflow/.local/lib/python3.7/site-packages/airflow/example_dags/tutorial_dag.py took 0.329 seconds
[2023-03-06T09:33:11.681+0000] {processor.py:153} INFO - Started process (PID=954) to work on /home/airflow/.local/lib/python3.7/site-packages/airflow/example_dags/tutorial_dag.py
[2023-03-06T09:33:11.684+0000] {processor.py:743} INFO - Processing file /home/airflow/.local/lib/python3.7/site-packages/airflow/example_dags/tutorial_dag.py for tasks to queue
[2023-03-06T09:33:11.688+0000] {logging_mixin.py:137} INFO - [2023-03-06T09:33:11.687+0000] {dagbag.py:538} INFO - Filling up the DagBag from /home/airflow/.local/lib/python3.7/site-packages/airflow/example_dags/tutorial_dag.py
[2023-03-06T09:33:11.746+0000] {processor.py:753} INFO - DAG(s) dict_keys(['tutorial_dag']) retrieved from /home/airflow/.local/lib/python3.7/site-packages/airflow/example_dags/tutorial_dag.py
[2023-03-06T09:33:11.839+0000] {logging_mixin.py:137} INFO - [2023-03-06T09:33:11.839+0000] {dag.py:2690} INFO - Sync 1 DAGs
[2023-03-06T09:33:11.959+0000] {logging_mixin.py:137} INFO - [2023-03-06T09:33:11.959+0000] {dag.py:3441} INFO - Setting next_dagrun for tutorial_dag to None, run_after=None
[2023-03-06T09:33:12.015+0000] {processor.py:175} INFO - Processing /home/airflow/.local/lib/python3.7/site-packages/airflow/example_dags/tutorial_dag.py took 0.349 seconds
[2023-03-06T09:33:43.146+0000] {processor.py:153} INFO - Started process (PID=1013) to work on /home/airflow/.local/lib/python3.7/site-packages/airflow/example_dags/tutorial_dag.py
[2023-03-06T09:33:43.150+0000] {processor.py:743} INFO - Processing file /home/airflow/.local/lib/python3.7/site-packages/airflow/example_dags/tutorial_dag.py for tasks to queue
[2023-03-06T09:33:43.155+0000] {logging_mixin.py:137} INFO - [2023-03-06T09:33:43.155+0000] {dagbag.py:538} INFO - Filling up the DagBag from /home/airflow/.local/lib/python3.7/site-packages/airflow/example_dags/tutorial_dag.py
[2023-03-06T09:33:43.195+0000] {processor.py:753} INFO - DAG(s) dict_keys(['tutorial_dag']) retrieved from /home/airflow/.local/lib/python3.7/site-packages/airflow/example_dags/tutorial_dag.py
[2023-03-06T09:33:43.269+0000] {logging_mixin.py:137} INFO - [2023-03-06T09:33:43.268+0000] {dag.py:2690} INFO - Sync 1 DAGs
[2023-03-06T09:33:43.358+0000] {logging_mixin.py:137} INFO - [2023-03-06T09:33:43.357+0000] {dag.py:3441} INFO - Setting next_dagrun for tutorial_dag to None, run_after=None
[2023-03-06T09:33:43.420+0000] {processor.py:175} INFO - Processing /home/airflow/.local/lib/python3.7/site-packages/airflow/example_dags/tutorial_dag.py took 0.287 seconds
[2023-03-06T09:34:14.076+0000] {processor.py:153} INFO - Started process (PID=1074) to work on /home/airflow/.local/lib/python3.7/site-packages/airflow/example_dags/tutorial_dag.py
[2023-03-06T09:34:14.082+0000] {processor.py:743} INFO - Processing file /home/airflow/.local/lib/python3.7/site-packages/airflow/example_dags/tutorial_dag.py for tasks to queue
[2023-03-06T09:34:14.085+0000] {logging_mixin.py:137} INFO - [2023-03-06T09:34:14.085+0000] {dagbag.py:538} INFO - Filling up the DagBag from /home/airflow/.local/lib/python3.7/site-packages/airflow/example_dags/tutorial_dag.py
[2023-03-06T09:34:14.123+0000] {processor.py:753} INFO - DAG(s) dict_keys(['tutorial_dag']) retrieved from /home/airflow/.local/lib/python3.7/site-packages/airflow/example_dags/tutorial_dag.py
[2023-03-06T09:34:14.194+0000] {logging_mixin.py:137} INFO - [2023-03-06T09:34:14.193+0000] {dag.py:2690} INFO - Sync 1 DAGs
[2023-03-06T09:34:14.273+0000] {logging_mixin.py:137} INFO - [2023-03-06T09:34:14.273+0000] {dag.py:3441} INFO - Setting next_dagrun for tutorial_dag to None, run_after=None
[2023-03-06T09:34:14.336+0000] {processor.py:175} INFO - Processing /home/airflow/.local/lib/python3.7/site-packages/airflow/example_dags/tutorial_dag.py took 0.271 seconds
[2023-03-06T09:34:44.933+0000] {processor.py:153} INFO - Started process (PID=1137) to work on /home/airflow/.local/lib/python3.7/site-packages/airflow/example_dags/tutorial_dag.py
[2023-03-06T09:34:44.937+0000] {processor.py:743} INFO - Processing file /home/airflow/.local/lib/python3.7/site-packages/airflow/example_dags/tutorial_dag.py for tasks to queue
[2023-03-06T09:34:44.942+0000] {logging_mixin.py:137} INFO - [2023-03-06T09:34:44.941+0000] {dagbag.py:538} INFO - Filling up the DagBag from /home/airflow/.local/lib/python3.7/site-packages/airflow/example_dags/tutorial_dag.py
[2023-03-06T09:34:44.994+0000] {processor.py:753} INFO - DAG(s) dict_keys(['tutorial_dag']) retrieved from /home/airflow/.local/lib/python3.7/site-packages/airflow/example_dags/tutorial_dag.py
[2023-03-06T09:34:45.086+0000] {logging_mixin.py:137} INFO - [2023-03-06T09:34:45.085+0000] {dag.py:2690} INFO - Sync 1 DAGs
[2023-03-06T09:34:45.204+0000] {logging_mixin.py:137} INFO - [2023-03-06T09:34:45.204+0000] {dag.py:3441} INFO - Setting next_dagrun for tutorial_dag to None, run_after=None
[2023-03-06T09:34:45.274+0000] {processor.py:175} INFO - Processing /home/airflow/.local/lib/python3.7/site-packages/airflow/example_dags/tutorial_dag.py took 0.354 seconds
[2023-03-06T09:35:15.630+0000] {processor.py:153} INFO - Started process (PID=1200) to work on /home/airflow/.local/lib/python3.7/site-packages/airflow/example_dags/tutorial_dag.py
[2023-03-06T09:35:15.634+0000] {processor.py:743} INFO - Processing file /home/airflow/.local/lib/python3.7/site-packages/airflow/example_dags/tutorial_dag.py for tasks to queue
[2023-03-06T09:35:15.638+0000] {logging_mixin.py:137} INFO - [2023-03-06T09:35:15.637+0000] {dagbag.py:538} INFO - Filling up the DagBag from /home/airflow/.local/lib/python3.7/site-packages/airflow/example_dags/tutorial_dag.py
[2023-03-06T09:35:15.675+0000] {processor.py:753} INFO - DAG(s) dict_keys(['tutorial_dag']) retrieved from /home/airflow/.local/lib/python3.7/site-packages/airflow/example_dags/tutorial_dag.py
[2023-03-06T09:35:15.753+0000] {logging_mixin.py:137} INFO - [2023-03-06T09:35:15.753+0000] {dag.py:2690} INFO - Sync 1 DAGs
[2023-03-06T09:35:15.829+0000] {logging_mixin.py:137} INFO - [2023-03-06T09:35:15.829+0000] {dag.py:3441} INFO - Setting next_dagrun for tutorial_dag to None, run_after=None
[2023-03-06T09:35:15.893+0000] {processor.py:175} INFO - Processing /home/airflow/.local/lib/python3.7/site-packages/airflow/example_dags/tutorial_dag.py took 0.275 seconds
[2023-03-06T09:35:47.059+0000] {processor.py:153} INFO - Started process (PID=1263) to work on /home/airflow/.local/lib/python3.7/site-packages/airflow/example_dags/tutorial_dag.py
[2023-03-06T09:35:47.061+0000] {processor.py:743} INFO - Processing file /home/airflow/.local/lib/python3.7/site-packages/airflow/example_dags/tutorial_dag.py for tasks to queue
[2023-03-06T09:35:47.064+0000] {logging_mixin.py:137} INFO - [2023-03-06T09:35:47.063+0000] {dagbag.py:538} INFO - Filling up the DagBag from /home/airflow/.local/lib/python3.7/site-packages/airflow/example_dags/tutorial_dag.py
[2023-03-06T09:35:47.101+0000] {processor.py:753} INFO - DAG(s) dict_keys(['tutorial_dag']) retrieved from /home/airflow/.local/lib/python3.7/site-packages/airflow/example_dags/tutorial_dag.py
[2023-03-06T09:35:47.168+0000] {logging_mixin.py:137} INFO - [2023-03-06T09:35:47.168+0000] {dag.py:2690} INFO - Sync 1 DAGs
[2023-03-06T09:35:47.235+0000] {logging_mixin.py:137} INFO - [2023-03-06T09:35:47.235+0000] {dag.py:3441} INFO - Setting next_dagrun for tutorial_dag to None, run_after=None
[2023-03-06T09:35:47.294+0000] {processor.py:175} INFO - Processing /home/airflow/.local/lib/python3.7/site-packages/airflow/example_dags/tutorial_dag.py took 0.245 seconds
[2023-03-06T09:36:17.688+0000] {processor.py:153} INFO - Started process (PID=1327) to work on /home/airflow/.local/lib/python3.7/site-packages/airflow/example_dags/tutorial_dag.py
[2023-03-06T09:36:17.690+0000] {processor.py:743} INFO - Processing file /home/airflow/.local/lib/python3.7/site-packages/airflow/example_dags/tutorial_dag.py for tasks to queue
[2023-03-06T09:36:17.696+0000] {logging_mixin.py:137} INFO - [2023-03-06T09:36:17.695+0000] {dagbag.py:538} INFO - Filling up the DagBag from /home/airflow/.local/lib/python3.7/site-packages/airflow/example_dags/tutorial_dag.py
[2023-03-06T09:36:17.740+0000] {processor.py:753} INFO - DAG(s) dict_keys(['tutorial_dag']) retrieved from /home/airflow/.local/lib/python3.7/site-packages/airflow/example_dags/tutorial_dag.py
[2023-03-06T09:36:17.810+0000] {logging_mixin.py:137} INFO - [2023-03-06T09:36:17.810+0000] {dag.py:2690} INFO - Sync 1 DAGs
[2023-03-06T09:36:17.875+0000] {logging_mixin.py:137} INFO - [2023-03-06T09:36:17.874+0000] {dag.py:3441} INFO - Setting next_dagrun for tutorial_dag to None, run_after=None
[2023-03-06T09:36:17.925+0000] {processor.py:175} INFO - Processing /home/airflow/.local/lib/python3.7/site-packages/airflow/example_dags/tutorial_dag.py took 0.249 seconds
[2023-03-06T09:36:48.288+0000] {processor.py:153} INFO - Started process (PID=1383) to work on /home/airflow/.local/lib/python3.7/site-packages/airflow/example_dags/tutorial_dag.py
[2023-03-06T09:36:48.291+0000] {processor.py:743} INFO - Processing file /home/airflow/.local/lib/python3.7/site-packages/airflow/example_dags/tutorial_dag.py for tasks to queue
[2023-03-06T09:36:48.297+0000] {logging_mixin.py:137} INFO - [2023-03-06T09:36:48.295+0000] {dagbag.py:538} INFO - Filling up the DagBag from /home/airflow/.local/lib/python3.7/site-packages/airflow/example_dags/tutorial_dag.py
[2023-03-06T09:36:48.343+0000] {processor.py:753} INFO - DAG(s) dict_keys(['tutorial_dag']) retrieved from /home/airflow/.local/lib/python3.7/site-packages/airflow/example_dags/tutorial_dag.py
[2023-03-06T09:36:48.439+0000] {logging_mixin.py:137} INFO - [2023-03-06T09:36:48.439+0000] {dag.py:2690} INFO - Sync 1 DAGs
[2023-03-06T09:36:48.508+0000] {logging_mixin.py:137} INFO - [2023-03-06T09:36:48.507+0000] {dag.py:3441} INFO - Setting next_dagrun for tutorial_dag to None, run_after=None
[2023-03-06T09:36:48.556+0000] {processor.py:175} INFO - Processing /home/airflow/.local/lib/python3.7/site-packages/airflow/example_dags/tutorial_dag.py took 0.279 seconds
[2023-03-06T09:37:19.034+0000] {processor.py:153} INFO - Started process (PID=1447) to work on /home/airflow/.local/lib/python3.7/site-packages/airflow/example_dags/tutorial_dag.py
[2023-03-06T09:37:19.036+0000] {processor.py:743} INFO - Processing file /home/airflow/.local/lib/python3.7/site-packages/airflow/example_dags/tutorial_dag.py for tasks to queue
[2023-03-06T09:37:19.038+0000] {logging_mixin.py:137} INFO - [2023-03-06T09:37:19.038+0000] {dagbag.py:538} INFO - Filling up the DagBag from /home/airflow/.local/lib/python3.7/site-packages/airflow/example_dags/tutorial_dag.py
[2023-03-06T09:37:19.080+0000] {processor.py:753} INFO - DAG(s) dict_keys(['tutorial_dag']) retrieved from /home/airflow/.local/lib/python3.7/site-packages/airflow/example_dags/tutorial_dag.py
[2023-03-06T09:37:19.162+0000] {logging_mixin.py:137} INFO - [2023-03-06T09:37:19.162+0000] {dag.py:2690} INFO - Sync 1 DAGs
[2023-03-06T09:37:19.255+0000] {logging_mixin.py:137} INFO - [2023-03-06T09:37:19.254+0000] {dag.py:3441} INFO - Setting next_dagrun for tutorial_dag to None, run_after=None
[2023-03-06T09:37:19.307+0000] {processor.py:175} INFO - Processing /home/airflow/.local/lib/python3.7/site-packages/airflow/example_dags/tutorial_dag.py took 0.284 seconds
[2023-03-06T09:37:50.161+0000] {processor.py:153} INFO - Started process (PID=1510) to work on /home/airflow/.local/lib/python3.7/site-packages/airflow/example_dags/tutorial_dag.py
[2023-03-06T09:37:50.164+0000] {processor.py:743} INFO - Processing file /home/airflow/.local/lib/python3.7/site-packages/airflow/example_dags/tutorial_dag.py for tasks to queue
[2023-03-06T09:37:50.167+0000] {logging_mixin.py:137} INFO - [2023-03-06T09:37:50.166+0000] {dagbag.py:538} INFO - Filling up the DagBag from /home/airflow/.local/lib/python3.7/site-packages/airflow/example_dags/tutorial_dag.py
[2023-03-06T09:37:50.203+0000] {processor.py:753} INFO - DAG(s) dict_keys(['tutorial_dag']) retrieved from /home/airflow/.local/lib/python3.7/site-packages/airflow/example_dags/tutorial_dag.py
[2023-03-06T09:37:50.288+0000] {logging_mixin.py:137} INFO - [2023-03-06T09:37:50.287+0000] {dag.py:2690} INFO - Sync 1 DAGs
[2023-03-06T09:37:50.377+0000] {logging_mixin.py:137} INFO - [2023-03-06T09:37:50.377+0000] {dag.py:3441} INFO - Setting next_dagrun for tutorial_dag to None, run_after=None
[2023-03-06T09:37:50.445+0000] {processor.py:175} INFO - Processing /home/airflow/.local/lib/python3.7/site-packages/airflow/example_dags/tutorial_dag.py took 0.297 seconds
[2023-03-06T09:38:20.739+0000] {processor.py:153} INFO - Started process (PID=1573) to work on /home/airflow/.local/lib/python3.7/site-packages/airflow/example_dags/tutorial_dag.py
[2023-03-06T09:38:20.742+0000] {processor.py:743} INFO - Processing file /home/airflow/.local/lib/python3.7/site-packages/airflow/example_dags/tutorial_dag.py for tasks to queue
[2023-03-06T09:38:20.745+0000] {logging_mixin.py:137} INFO - [2023-03-06T09:38:20.745+0000] {dagbag.py:538} INFO - Filling up the DagBag from /home/airflow/.local/lib/python3.7/site-packages/airflow/example_dags/tutorial_dag.py
[2023-03-06T09:38:20.786+0000] {processor.py:753} INFO - DAG(s) dict_keys(['tutorial_dag']) retrieved from /home/airflow/.local/lib/python3.7/site-packages/airflow/example_dags/tutorial_dag.py
[2023-03-06T09:38:20.850+0000] {logging_mixin.py:137} INFO - [2023-03-06T09:38:20.850+0000] {dag.py:2690} INFO - Sync 1 DAGs
[2023-03-06T09:38:20.936+0000] {logging_mixin.py:137} INFO - [2023-03-06T09:38:20.936+0000] {dag.py:3441} INFO - Setting next_dagrun for tutorial_dag to None, run_after=None
[2023-03-06T09:38:20.991+0000] {processor.py:175} INFO - Processing /home/airflow/.local/lib/python3.7/site-packages/airflow/example_dags/tutorial_dag.py took 0.264 seconds
[2023-03-06T09:38:51.643+0000] {processor.py:153} INFO - Started process (PID=1635) to work on /home/airflow/.local/lib/python3.7/site-packages/airflow/example_dags/tutorial_dag.py
[2023-03-06T09:38:51.647+0000] {processor.py:743} INFO - Processing file /home/airflow/.local/lib/python3.7/site-packages/airflow/example_dags/tutorial_dag.py for tasks to queue
[2023-03-06T09:38:51.651+0000] {logging_mixin.py:137} INFO - [2023-03-06T09:38:51.650+0000] {dagbag.py:538} INFO - Filling up the DagBag from /home/airflow/.local/lib/python3.7/site-packages/airflow/example_dags/tutorial_dag.py
[2023-03-06T09:38:51.688+0000] {processor.py:753} INFO - DAG(s) dict_keys(['tutorial_dag']) retrieved from /home/airflow/.local/lib/python3.7/site-packages/airflow/example_dags/tutorial_dag.py
[2023-03-06T09:38:51.794+0000] {logging_mixin.py:137} INFO - [2023-03-06T09:38:51.793+0000] {dag.py:2690} INFO - Sync 1 DAGs
[2023-03-06T09:38:51.865+0000] {logging_mixin.py:137} INFO - [2023-03-06T09:38:51.865+0000] {dag.py:3441} INFO - Setting next_dagrun for tutorial_dag to None, run_after=None
[2023-03-06T09:38:51.946+0000] {processor.py:175} INFO - Processing /home/airflow/.local/lib/python3.7/site-packages/airflow/example_dags/tutorial_dag.py took 0.320 seconds
[2023-03-06T09:39:22.654+0000] {processor.py:153} INFO - Started process (PID=1698) to work on /home/airflow/.local/lib/python3.7/site-packages/airflow/example_dags/tutorial_dag.py
[2023-03-06T09:39:22.658+0000] {processor.py:743} INFO - Processing file /home/airflow/.local/lib/python3.7/site-packages/airflow/example_dags/tutorial_dag.py for tasks to queue
[2023-03-06T09:39:22.668+0000] {logging_mixin.py:137} INFO - [2023-03-06T09:39:22.667+0000] {dagbag.py:538} INFO - Filling up the DagBag from /home/airflow/.local/lib/python3.7/site-packages/airflow/example_dags/tutorial_dag.py
[2023-03-06T09:39:22.718+0000] {processor.py:753} INFO - DAG(s) dict_keys(['tutorial_dag']) retrieved from /home/airflow/.local/lib/python3.7/site-packages/airflow/example_dags/tutorial_dag.py
[2023-03-06T09:39:22.813+0000] {logging_mixin.py:137} INFO - [2023-03-06T09:39:22.812+0000] {dag.py:2690} INFO - Sync 1 DAGs
[2023-03-06T09:39:22.933+0000] {logging_mixin.py:137} INFO - [2023-03-06T09:39:22.933+0000] {dag.py:3441} INFO - Setting next_dagrun for tutorial_dag to None, run_after=None
[2023-03-06T09:39:23.006+0000] {processor.py:175} INFO - Processing /home/airflow/.local/lib/python3.7/site-packages/airflow/example_dags/tutorial_dag.py took 0.364 seconds
[2023-03-06T09:39:53.817+0000] {processor.py:153} INFO - Started process (PID=1762) to work on /home/airflow/.local/lib/python3.7/site-packages/airflow/example_dags/tutorial_dag.py
[2023-03-06T09:39:53.820+0000] {processor.py:743} INFO - Processing file /home/airflow/.local/lib/python3.7/site-packages/airflow/example_dags/tutorial_dag.py for tasks to queue
[2023-03-06T09:39:53.832+0000] {logging_mixin.py:137} INFO - [2023-03-06T09:39:53.824+0000] {dagbag.py:538} INFO - Filling up the DagBag from /home/airflow/.local/lib/python3.7/site-packages/airflow/example_dags/tutorial_dag.py
[2023-03-06T09:39:53.870+0000] {processor.py:753} INFO - DAG(s) dict_keys(['tutorial_dag']) retrieved from /home/airflow/.local/lib/python3.7/site-packages/airflow/example_dags/tutorial_dag.py
[2023-03-06T09:39:53.939+0000] {logging_mixin.py:137} INFO - [2023-03-06T09:39:53.939+0000] {dag.py:2690} INFO - Sync 1 DAGs
[2023-03-06T09:39:54.009+0000] {logging_mixin.py:137} INFO - [2023-03-06T09:39:54.008+0000] {dag.py:3441} INFO - Setting next_dagrun for tutorial_dag to None, run_after=None
[2023-03-06T09:39:54.082+0000] {processor.py:175} INFO - Processing /home/airflow/.local/lib/python3.7/site-packages/airflow/example_dags/tutorial_dag.py took 0.278 seconds
[2023-03-06T09:40:25.788+0000] {processor.py:153} INFO - Started process (PID=1825) to work on /home/airflow/.local/lib/python3.7/site-packages/airflow/example_dags/tutorial_dag.py
[2023-03-06T09:40:25.793+0000] {processor.py:743} INFO - Processing file /home/airflow/.local/lib/python3.7/site-packages/airflow/example_dags/tutorial_dag.py for tasks to queue
[2023-03-06T09:40:25.797+0000] {logging_mixin.py:137} INFO - [2023-03-06T09:40:25.796+0000] {dagbag.py:538} INFO - Filling up the DagBag from /home/airflow/.local/lib/python3.7/site-packages/airflow/example_dags/tutorial_dag.py
[2023-03-06T09:40:25.845+0000] {processor.py:753} INFO - DAG(s) dict_keys(['tutorial_dag']) retrieved from /home/airflow/.local/lib/python3.7/site-packages/airflow/example_dags/tutorial_dag.py
[2023-03-06T09:40:25.924+0000] {logging_mixin.py:137} INFO - [2023-03-06T09:40:25.923+0000] {dag.py:2690} INFO - Sync 1 DAGs
[2023-03-06T09:40:26.016+0000] {logging_mixin.py:137} INFO - [2023-03-06T09:40:26.016+0000] {dag.py:3441} INFO - Setting next_dagrun for tutorial_dag to None, run_after=None
[2023-03-06T09:40:26.089+0000] {processor.py:175} INFO - Processing /home/airflow/.local/lib/python3.7/site-packages/airflow/example_dags/tutorial_dag.py took 0.313 seconds
[2023-03-06T09:40:57.076+0000] {processor.py:153} INFO - Started process (PID=1888) to work on /home/airflow/.local/lib/python3.7/site-packages/airflow/example_dags/tutorial_dag.py
[2023-03-06T09:40:57.080+0000] {processor.py:743} INFO - Processing file /home/airflow/.local/lib/python3.7/site-packages/airflow/example_dags/tutorial_dag.py for tasks to queue
[2023-03-06T09:40:57.084+0000] {logging_mixin.py:137} INFO - [2023-03-06T09:40:57.084+0000] {dagbag.py:538} INFO - Filling up the DagBag from /home/airflow/.local/lib/python3.7/site-packages/airflow/example_dags/tutorial_dag.py
[2023-03-06T09:40:57.133+0000] {processor.py:753} INFO - DAG(s) dict_keys(['tutorial_dag']) retrieved from /home/airflow/.local/lib/python3.7/site-packages/airflow/example_dags/tutorial_dag.py
[2023-03-06T09:40:57.205+0000] {logging_mixin.py:137} INFO - [2023-03-06T09:40:57.205+0000] {dag.py:2690} INFO - Sync 1 DAGs
[2023-03-06T09:40:57.294+0000] {logging_mixin.py:137} INFO - [2023-03-06T09:40:57.294+0000] {dag.py:3441} INFO - Setting next_dagrun for tutorial_dag to None, run_after=None
[2023-03-06T09:40:57.350+0000] {processor.py:175} INFO - Processing /home/airflow/.local/lib/python3.7/site-packages/airflow/example_dags/tutorial_dag.py took 0.288 seconds
[2023-03-06T09:41:27.622+0000] {processor.py:153} INFO - Started process (PID=1952) to work on /home/airflow/.local/lib/python3.7/site-packages/airflow/example_dags/tutorial_dag.py
[2023-03-06T09:41:27.624+0000] {processor.py:743} INFO - Processing file /home/airflow/.local/lib/python3.7/site-packages/airflow/example_dags/tutorial_dag.py for tasks to queue
[2023-03-06T09:41:27.627+0000] {logging_mixin.py:137} INFO - [2023-03-06T09:41:27.626+0000] {dagbag.py:538} INFO - Filling up the DagBag from /home/airflow/.local/lib/python3.7/site-packages/airflow/example_dags/tutorial_dag.py
[2023-03-06T09:41:27.673+0000] {processor.py:753} INFO - DAG(s) dict_keys(['tutorial_dag']) retrieved from /home/airflow/.local/lib/python3.7/site-packages/airflow/example_dags/tutorial_dag.py
[2023-03-06T09:41:27.773+0000] {logging_mixin.py:137} INFO - [2023-03-06T09:41:27.772+0000] {dag.py:2690} INFO - Sync 1 DAGs
[2023-03-06T09:41:27.854+0000] {logging_mixin.py:137} INFO - [2023-03-06T09:41:27.854+0000] {dag.py:3441} INFO - Setting next_dagrun for tutorial_dag to None, run_after=None
[2023-03-06T09:41:27.919+0000] {processor.py:175} INFO - Processing /home/airflow/.local/lib/python3.7/site-packages/airflow/example_dags/tutorial_dag.py took 0.309 seconds
