[2023-03-06T09:32:20.821+0000] {taskinstance.py:1083} INFO - Dependencies all met for <TaskInstance: example_bash_operator.runme_2 manual__2023-03-06T09:32:14.441252+00:00 [queued]>
[2023-03-06T09:32:20.886+0000] {taskinstance.py:1083} INFO - Dependencies all met for <TaskInstance: example_bash_operator.runme_2 manual__2023-03-06T09:32:14.441252+00:00 [queued]>
[2023-03-06T09:32:20.892+0000] {taskinstance.py:1279} INFO - 
--------------------------------------------------------------------------------
[2023-03-06T09:32:20.895+0000] {taskinstance.py:1280} INFO - Starting attempt 1 of 1
[2023-03-06T09:32:20.897+0000] {taskinstance.py:1281} INFO - 
--------------------------------------------------------------------------------
[2023-03-06T09:32:21.022+0000] {taskinstance.py:1300} INFO - Executing <Task(BashOperator): runme_2> on 2023-03-06 09:32:14.441252+00:00
[2023-03-06T09:32:21.103+0000] {standard_task_runner.py:55} INFO - Started process 419 to run task
[2023-03-06T09:32:21.145+0000] {standard_task_runner.py:82} INFO - Running: ['***', 'tasks', 'run', 'example_bash_operator', 'runme_2', 'manual__2023-03-06T09:32:14.441252+00:00', '--job-id', '17', '--raw', '--subdir', '/home/***/.local/lib/python3.7/site-packages/***/example_dags/example_bash_operator.py', '--cfg-path', '/tmp/tmp32l09ar1']
[2023-03-06T09:32:21.161+0000] {standard_task_runner.py:83} INFO - Job 17: Subtask runme_2
[2023-03-06T09:32:21.652+0000] {task_command.py:388} INFO - Running <TaskInstance: example_bash_operator.runme_2 manual__2023-03-06T09:32:14.441252+00:00 [running]> on host f0ea77cb0538
[2023-03-06T09:32:22.278+0000] {taskinstance.py:1509} INFO - Exporting the following env vars:
AIRFLOW_CTX_DAG_OWNER=***
AIRFLOW_CTX_DAG_ID=example_bash_operator
AIRFLOW_CTX_TASK_ID=runme_2
AIRFLOW_CTX_EXECUTION_DATE=2023-03-06T09:32:14.441252+00:00
AIRFLOW_CTX_TRY_NUMBER=1
AIRFLOW_CTX_DAG_RUN_ID=manual__2023-03-06T09:32:14.441252+00:00
[2023-03-06T09:32:22.298+0000] {subprocess.py:63} INFO - Tmp dir root location: 
 /tmp
[2023-03-06T09:32:22.301+0000] {subprocess.py:75} INFO - Running command: ['/bin/bash', '-c', 'echo "example_bash_operator__runme_2__20230306" && sleep 1']
[2023-03-06T09:32:22.383+0000] {subprocess.py:86} INFO - Output:
[2023-03-06T09:32:22.478+0000] {subprocess.py:93} INFO - example_bash_operator__runme_2__20230306
[2023-03-06T09:32:23.480+0000] {subprocess.py:97} INFO - Command exited with return code 0
[2023-03-06T09:32:23.595+0000] {taskinstance.py:1323} INFO - Marking task as SUCCESS. dag_id=example_bash_operator, task_id=runme_2, execution_date=20230306T093214, start_date=20230306T093220, end_date=20230306T093223
[2023-03-06T09:32:23.655+0000] {local_task_job.py:208} INFO - Task exited with return code 0
[2023-03-06T09:32:23.732+0000] {taskinstance.py:2578} INFO - 0 downstream tasks scheduled from follow-on schedule check
