[2023-03-06T09:31:49.696+0000] {taskinstance.py:1083} INFO - Dependencies all met for <TaskInstance: example_bash_operator.runme_0 scheduled__2023-03-05T00:00:00+00:00 [queued]>
[2023-03-06T09:31:49.794+0000] {taskinstance.py:1083} INFO - Dependencies all met for <TaskInstance: example_bash_operator.runme_0 scheduled__2023-03-05T00:00:00+00:00 [queued]>
[2023-03-06T09:31:49.795+0000] {taskinstance.py:1279} INFO - 
--------------------------------------------------------------------------------
[2023-03-06T09:31:49.799+0000] {taskinstance.py:1280} INFO - Starting attempt 1 of 1
[2023-03-06T09:31:49.803+0000] {taskinstance.py:1281} INFO - 
--------------------------------------------------------------------------------
[2023-03-06T09:31:49.966+0000] {taskinstance.py:1300} INFO - Executing <Task(BashOperator): runme_0> on 2023-03-05 00:00:00+00:00
[2023-03-06T09:31:49.989+0000] {standard_task_runner.py:55} INFO - Started process 367 to run task
[2023-03-06T09:31:50.052+0000] {standard_task_runner.py:82} INFO - Running: ['***', 'tasks', 'run', 'example_bash_operator', 'runme_0', 'scheduled__2023-03-05T00:00:00+00:00', '--job-id', '5', '--raw', '--subdir', '/home/***/.local/lib/python3.7/site-packages/***/example_dags/example_bash_operator.py', '--cfg-path', '/tmp/tmptvmy2r13']
[2023-03-06T09:31:50.062+0000] {standard_task_runner.py:83} INFO - Job 5: Subtask runme_0
[2023-03-06T09:31:51.307+0000] {task_command.py:388} INFO - Running <TaskInstance: example_bash_operator.runme_0 scheduled__2023-03-05T00:00:00+00:00 [running]> on host f0ea77cb0538
[2023-03-06T09:31:52.104+0000] {taskinstance.py:1509} INFO - Exporting the following env vars:
AIRFLOW_CTX_DAG_OWNER=***
AIRFLOW_CTX_DAG_ID=example_bash_operator
AIRFLOW_CTX_TASK_ID=runme_0
AIRFLOW_CTX_EXECUTION_DATE=2023-03-05T00:00:00+00:00
AIRFLOW_CTX_TRY_NUMBER=1
AIRFLOW_CTX_DAG_RUN_ID=scheduled__2023-03-05T00:00:00+00:00
[2023-03-06T09:31:52.131+0000] {subprocess.py:63} INFO - Tmp dir root location: 
 /tmp
[2023-03-06T09:31:52.151+0000] {subprocess.py:75} INFO - Running command: ['/bin/bash', '-c', 'echo "example_bash_operator__runme_0__20230305" && sleep 1']
[2023-03-06T09:31:52.487+0000] {subprocess.py:86} INFO - Output:
[2023-03-06T09:31:52.539+0000] {subprocess.py:93} INFO - example_bash_operator__runme_0__20230305
[2023-03-06T09:31:53.582+0000] {subprocess.py:97} INFO - Command exited with return code 0
[2023-03-06T09:31:54.042+0000] {taskinstance.py:1323} INFO - Marking task as SUCCESS. dag_id=example_bash_operator, task_id=runme_0, execution_date=20230305T000000, start_date=20230306T093149, end_date=20230306T093154
[2023-03-06T09:31:54.349+0000] {local_task_job.py:208} INFO - Task exited with return code 0
[2023-03-06T09:31:54.968+0000] {taskinstance.py:2578} INFO - 0 downstream tasks scheduled from follow-on schedule check
