[2023-03-06T09:31:52.920+0000] {taskinstance.py:1083} INFO - Dependencies all met for <TaskInstance: example_bash_operator.this_will_skip scheduled__2023-03-05T00:00:00+00:00 [queued]>
[2023-03-06T09:31:53.057+0000] {taskinstance.py:1083} INFO - Dependencies all met for <TaskInstance: example_bash_operator.this_will_skip scheduled__2023-03-05T00:00:00+00:00 [queued]>
[2023-03-06T09:31:53.096+0000] {taskinstance.py:1279} INFO - 
--------------------------------------------------------------------------------
[2023-03-06T09:31:53.097+0000] {taskinstance.py:1280} INFO - Starting attempt 1 of 1
[2023-03-06T09:31:53.098+0000] {taskinstance.py:1281} INFO - 
--------------------------------------------------------------------------------
[2023-03-06T09:31:53.541+0000] {taskinstance.py:1300} INFO - Executing <Task(BashOperator): this_will_skip> on 2023-03-05 00:00:00+00:00
[2023-03-06T09:31:53.655+0000] {standard_task_runner.py:55} INFO - Started process 373 to run task
[2023-03-06T09:31:53.753+0000] {standard_task_runner.py:82} INFO - Running: ['***', 'tasks', 'run', 'example_bash_operator', 'this_will_skip', 'scheduled__2023-03-05T00:00:00+00:00', '--job-id', '8', '--raw', '--subdir', '/home/***/.local/lib/python3.7/site-packages/***/example_dags/example_bash_operator.py', '--cfg-path', '/tmp/tmppf23i36u']
[2023-03-06T09:31:53.807+0000] {standard_task_runner.py:83} INFO - Job 8: Subtask this_will_skip
[2023-03-06T09:31:54.547+0000] {task_command.py:388} INFO - Running <TaskInstance: example_bash_operator.this_will_skip scheduled__2023-03-05T00:00:00+00:00 [running]> on host f0ea77cb0538
[2023-03-06T09:31:55.511+0000] {taskinstance.py:1509} INFO - Exporting the following env vars:
AIRFLOW_CTX_DAG_OWNER=***
AIRFLOW_CTX_DAG_ID=example_bash_operator
AIRFLOW_CTX_TASK_ID=this_will_skip
AIRFLOW_CTX_EXECUTION_DATE=2023-03-05T00:00:00+00:00
AIRFLOW_CTX_TRY_NUMBER=1
AIRFLOW_CTX_DAG_RUN_ID=scheduled__2023-03-05T00:00:00+00:00
[2023-03-06T09:31:55.518+0000] {subprocess.py:63} INFO - Tmp dir root location: 
 /tmp
[2023-03-06T09:31:55.536+0000] {subprocess.py:75} INFO - Running command: ['/bin/bash', '-c', 'echo "hello world"; exit 99;']
[2023-03-06T09:31:55.831+0000] {subprocess.py:86} INFO - Output:
[2023-03-06T09:31:55.857+0000] {subprocess.py:93} INFO - hello world
[2023-03-06T09:31:55.859+0000] {subprocess.py:97} INFO - Command exited with return code 99
[2023-03-06T09:31:55.873+0000] {taskinstance.py:1398} INFO - Bash command returned exit code 99. Skipping.
[2023-03-06T09:31:56.039+0000] {taskinstance.py:1323} INFO - Marking task as SKIPPED. dag_id=example_bash_operator, task_id=this_will_skip, execution_date=20230305T000000, start_date=20230306T093152, end_date=20230306T093156
[2023-03-06T09:31:56.334+0000] {local_task_job.py:208} INFO - Task exited with return code 0
[2023-03-06T09:31:56.818+0000] {taskinstance.py:2578} INFO - 0 downstream tasks scheduled from follow-on schedule check
