[2023-03-06T09:32:02.621+0000] {taskinstance.py:1083} INFO - Dependencies all met for <TaskInstance: example_bash_operator.run_after_loop manual__2023-03-06T09:31:46.519381+00:00 [queued]>
[2023-03-06T09:32:02.690+0000] {taskinstance.py:1083} INFO - Dependencies all met for <TaskInstance: example_bash_operator.run_after_loop manual__2023-03-06T09:31:46.519381+00:00 [queued]>
[2023-03-06T09:32:02.700+0000] {taskinstance.py:1279} INFO - 
--------------------------------------------------------------------------------
[2023-03-06T09:32:02.713+0000] {taskinstance.py:1280} INFO - Starting attempt 1 of 1
[2023-03-06T09:32:02.714+0000] {taskinstance.py:1281} INFO - 
--------------------------------------------------------------------------------
[2023-03-06T09:32:02.781+0000] {taskinstance.py:1300} INFO - Executing <Task(BashOperator): run_after_loop> on 2023-03-06 09:31:46.519381+00:00
[2023-03-06T09:32:02.797+0000] {standard_task_runner.py:55} INFO - Started process 402 to run task
[2023-03-06T09:32:02.809+0000] {standard_task_runner.py:82} INFO - Running: ['***', 'tasks', 'run', 'example_bash_operator', 'run_after_loop', 'manual__2023-03-06T09:31:46.519381+00:00', '--job-id', '16', '--raw', '--subdir', '/home/***/.local/lib/python3.7/site-packages/***/example_dags/example_bash_operator.py', '--cfg-path', '/tmp/tmp24vxh3d1']
[2023-03-06T09:32:02.811+0000] {standard_task_runner.py:83} INFO - Job 16: Subtask run_after_loop
[2023-03-06T09:32:03.003+0000] {task_command.py:388} INFO - Running <TaskInstance: example_bash_operator.run_after_loop manual__2023-03-06T09:31:46.519381+00:00 [running]> on host f0ea77cb0538
[2023-03-06T09:32:03.190+0000] {taskinstance.py:1509} INFO - Exporting the following env vars:
AIRFLOW_CTX_DAG_OWNER=***
AIRFLOW_CTX_DAG_ID=example_bash_operator
AIRFLOW_CTX_TASK_ID=run_after_loop
AIRFLOW_CTX_EXECUTION_DATE=2023-03-06T09:31:46.519381+00:00
AIRFLOW_CTX_TRY_NUMBER=1
AIRFLOW_CTX_DAG_RUN_ID=manual__2023-03-06T09:31:46.519381+00:00
[2023-03-06T09:32:03.196+0000] {subprocess.py:63} INFO - Tmp dir root location: 
 /tmp
[2023-03-06T09:32:03.200+0000] {subprocess.py:75} INFO - Running command: ['/bin/bash', '-c', 'echo 1']
[2023-03-06T09:32:03.236+0000] {subprocess.py:86} INFO - Output:
[2023-03-06T09:32:03.242+0000] {subprocess.py:93} INFO - 1
[2023-03-06T09:32:03.243+0000] {subprocess.py:97} INFO - Command exited with return code 0
[2023-03-06T09:32:03.301+0000] {taskinstance.py:1323} INFO - Marking task as SUCCESS. dag_id=example_bash_operator, task_id=run_after_loop, execution_date=20230306T093146, start_date=20230306T093202, end_date=20230306T093203
[2023-03-06T09:32:03.379+0000] {local_task_job.py:208} INFO - Task exited with return code 0
[2023-03-06T09:32:03.435+0000] {taskinstance.py:2578} INFO - 0 downstream tasks scheduled from follow-on schedule check
