[2023-03-06T09:32:21.376+0000] {taskinstance.py:1083} INFO - Dependencies all met for <TaskInstance: example_bash_operator.also_run_this manual__2023-03-06T09:32:14.441252+00:00 [queued]>
[2023-03-06T09:32:21.489+0000] {taskinstance.py:1083} INFO - Dependencies all met for <TaskInstance: example_bash_operator.also_run_this manual__2023-03-06T09:32:14.441252+00:00 [queued]>
[2023-03-06T09:32:21.498+0000] {taskinstance.py:1279} INFO - 
--------------------------------------------------------------------------------
[2023-03-06T09:32:21.504+0000] {taskinstance.py:1280} INFO - Starting attempt 1 of 1
[2023-03-06T09:32:21.519+0000] {taskinstance.py:1281} INFO - 
--------------------------------------------------------------------------------
[2023-03-06T09:32:21.626+0000] {taskinstance.py:1300} INFO - Executing <Task(BashOperator): also_run_this> on 2023-03-06 09:32:14.441252+00:00
[2023-03-06T09:32:21.666+0000] {standard_task_runner.py:55} INFO - Started process 421 to run task
[2023-03-06T09:32:21.699+0000] {standard_task_runner.py:82} INFO - Running: ['***', 'tasks', 'run', 'example_bash_operator', 'also_run_this', 'manual__2023-03-06T09:32:14.441252+00:00', '--job-id', '20', '--raw', '--subdir', '/home/***/.local/lib/python3.7/site-packages/***/example_dags/example_bash_operator.py', '--cfg-path', '/tmp/tmp68jft0v9']
[2023-03-06T09:32:21.702+0000] {standard_task_runner.py:83} INFO - Job 20: Subtask also_run_this
[2023-03-06T09:32:22.183+0000] {task_command.py:388} INFO - Running <TaskInstance: example_bash_operator.also_run_this manual__2023-03-06T09:32:14.441252+00:00 [running]> on host f0ea77cb0538
[2023-03-06T09:32:22.932+0000] {taskinstance.py:1509} INFO - Exporting the following env vars:
AIRFLOW_CTX_DAG_OWNER=***
AIRFLOW_CTX_DAG_ID=example_bash_operator
AIRFLOW_CTX_TASK_ID=also_run_this
AIRFLOW_CTX_EXECUTION_DATE=2023-03-06T09:32:14.441252+00:00
AIRFLOW_CTX_TRY_NUMBER=1
AIRFLOW_CTX_DAG_RUN_ID=manual__2023-03-06T09:32:14.441252+00:00
[2023-03-06T09:32:22.937+0000] {subprocess.py:63} INFO - Tmp dir root location: 
 /tmp
[2023-03-06T09:32:22.948+0000] {subprocess.py:75} INFO - Running command: ['/bin/bash', '-c', 'echo "ti_key=example_bash_operator__also_run_this__20230306"']
[2023-03-06T09:32:23.046+0000] {subprocess.py:86} INFO - Output:
[2023-03-06T09:32:23.063+0000] {subprocess.py:93} INFO - ti_key=example_bash_operator__also_run_this__20230306
[2023-03-06T09:32:23.068+0000] {subprocess.py:97} INFO - Command exited with return code 0
[2023-03-06T09:32:23.217+0000] {taskinstance.py:1323} INFO - Marking task as SUCCESS. dag_id=example_bash_operator, task_id=also_run_this, execution_date=20230306T093214, start_date=20230306T093221, end_date=20230306T093223
[2023-03-06T09:32:23.302+0000] {local_task_job.py:208} INFO - Task exited with return code 0
[2023-03-06T09:32:23.427+0000] {taskinstance.py:2578} INFO - 0 downstream tasks scheduled from follow-on schedule check
